Best trial: 13. Best value: 73.9862:  77%|███████▋  | 77/100 [4:06:48<1:12:20, 188.72s/it]Best trial: 13. Best value: 73.9862:  77%|███████▋  | 77/100 [4:06:48<1:12:20, 188.72s/it]Best trial: 13. Best value: 73.9862:  78%|███████▊  | 78/100 [4:06:48<1:10:00, 190.95s/it]                                                                                          [I 2026-07-24 15:36:26,173] Trial 78 finished with value: -9999.0 and parameters: {'vwap_buy_deviation': -0.02236347895321949, 'take_profit_pct': 0.02350456444825817, 'buy_confirm_min_score': 25, 'notify_sell_threshold': 57, 'notify_buy_threshold': 62, 'stock_qty_strong_pct': 0.3162854194949425, 'stock_qty_base_pct': 0.2809039158590204, 'stock_rebuild_strong_pct': 0.5171320029288432, 'stock_first_add_pct': 0.25249612689675377}. Best is trial 13 with value: 73.9862.
Best trial: 13. Best value: 73.9862:  78%|███████▊  | 78/100 [4:10:08<1:10:00, 190.95s/it]Best trial: 13. Best value: 73.9862:  78%|███████▊  | 78/100 [4:10:08<1:10:00, 190.95s/it]Best trial: 13. Best value: 73.9862:  79%|███████▉  | 79/100 [4:10:08<1:07:50, 193.82s/it]                                                                                          [I 2026-07-24 15:39:58,327] Trial 79 finished with value: 74.0075 and parameters: {'vwap_buy_deviation': -0.029593583233948402, 'take_profit_pct': 0.022870300403726836, 'buy_confirm_min_score': 27, 'notify_sell_threshold': 67, 'notify_buy_threshold': 57, 'stock_qty_strong_pct': 0.29352307595817617, 'stock_qty_base_pct': 0.3042249804305945, 'stock_rebuild_strong_pct': 0.5943073563908758, 'stock_first_add_pct': 0.27118656399241775}. Best is trial 79 with value: 74.0075.
Best trial: 13. Best value: 73.9862:  79%|███████▉  | 79/100 [4:13:41<1:07:50, 193.82s/it]Best trial: 79. Best value: 74.0075:  79%|███████▉  | 79/100 [4:13:41<1:07:50, 193.82s/it]Best trial: 79. Best value: 74.0075:  80%|████████  | 80/100 [4:13:41<1:06:26, 199.32s/it]                                                                                          [I 2026-07-24 15:42:36,118] Trial 80 finished with value: -9999.0 and parameters: {'vwap_buy_deviation': -0.02800789228004386, 'take_profit_pct': 0.02474623737005618, 'buy_confirm_min_score': 27, 'notify_sell_threshold': 69, 'notify_buy_threshold': 58, 'stock_qty_strong_pct': 0.2502951034890089, 'stock_qty_base_pct': 0.3100090828292853, 'stock_rebuild_strong_pct': 0.5736297789429531, 'stock_first_add_pct': 0.2796891832449809}. Best is trial 79 with value: 74.0075.
Best trial: 79. Best value: 74.0075:  80%|████████  | 80/100 [4:16:18<1:06:26, 199.32s/it]Best trial: 79. Best value: 74.0075:  80%|████████  | 80/100 [4:16:18<1:06:26, 199.32s/it]Best trial: 79. Best value: 74.0075:  81%|████████  | 81/100 [4:16:18<59:10, 186.86s/it]                                                                                          [I 2026-07-24 15:45:27,819] Trial 81 finished with value: 74.0075 and parameters: {'vwap_buy_deviation': -0.031091402359255824, 'take_profit_pct': 0.02241024629866302, 'buy_confirm_min_score': 28, 'notify_sell_threshold': 67, 'notify_buy_threshold': 57, 'stock_qty_strong_pct': 0.2936569569096538, 'stock_qty_base_pct': 0.3004438031783209, 'stock_rebuild_strong_pct': 0.5984755513513426, 'stock_first_add_pct': 0.2421885832852915}. Best is trial 79 with value: 74.0075.
Best trial: 79. Best value: 74.0075:  81%|████████  | 81/100 [4:19:10<59:10, 186.86s/it]Best trial: 79. Best value: 74.0075:  81%|████████  | 81/100 [4:19:10<59:10, 186.86s/it]Best trial: 79. Best value: 74.0075:  82%|████████▏ | 82/100 [4:19:10<54:41, 182.31s/it]                                                                                        [I 2026-07-24 15:48:21,123] Trial 82 finished with value: 74.0075 and parameters: {'vwap_buy_deviation': -0.0296748756788716, 'take_profit_pct': 0.02268636640399022, 'buy_confirm_min_score': 28, 'notify_sell_threshold': 65, 'notify_buy_threshold': 57, 'stock_qty_strong_pct': 0.2760026609194783, 'stock_qty_base_pct': 0.3002165854072737, 'stock_rebuild_strong_pct': 0.6913855689379165, 'stock_first_add_pct': 0.23738290105212942}. Best is trial 79 with value: 74.0075.
Best trial: 79. Best value: 74.0075:  82%|████████▏ | 82/100 [4:22:03<54:41, 182.31s/it]Best trial: 79. Best value: 74.0075:  82%|████████▏ | 82/100 [4:22:03<54:41, 182.31s/it]Best trial: 79. Best value: 74.0075:  83%|████████▎ | 83/100 [4:22:03<50:53, 179.61s/it]                                                                                        [I 2026-07-24 15:51:26,624] Trial 83 finished with value: 74.0075 and parameters: {'vwap_buy_deviation': -0.029778539903849443, 'take_profit_pct': 0.022856653606319142, 'buy_confirm_min_score': 27, 'notify_sell_threshold': 67, 'notify_buy_threshold': 60, 'stock_qty_strong_pct': 0.2834468769666953, 'stock_qty_base_pct': 0.2992881603609325, 'stock_rebuild_strong_pct': 0.6986025539038693, 'stock_first_add_pct': 0.24387824303315397}. Best is trial 79 with value: 74.0075.
Best trial: 79. Best value: 74.0075:  83%|████████▎ | 83/100 [4:25:09<50:53, 179.61s/it]Best trial: 79. Best value: 74.0075:  83%|████████▎ | 83/100 [4:25:09<50:53, 179.61s/it]Best trial: 79. Best value: 74.0075:  84%|████████▍ | 84/100 [4:25:09<48:22, 181.38s/it]                                                                                        [I 2026-07-24 15:54:34,855] Trial 84 finished with value: -9999.0 and parameters: {'vwap_buy_deviation': -0.030048262957938814, 'take_profit_pct': 0.02299377698650767, 'buy_confirm_min_score': 27, 'notify_sell_threshold': 67, 'notify_buy_threshold': 61, 'stock_qty_strong_pct': 0.2597825178232606, 'stock_qty_base_pct': 0.30372278377775175, 'stock_rebuild_strong_pct': 0.7024646390869489, 'stock_first_add_pct': 0.21813147802781754}. Best is trial 79 with value: 74.0075.
Best trial: 79. Best value: 74.0075:  84%|████████▍ | 84/100 [4:28:17<48:22, 181.38s/it]Best trial: 79. Best value: 74.0075:  84%|████████▍ | 84/100 [4:28:17<48:22, 181.38s/it]Best trial: 79. Best value: 74.0075:  85%|████████▌ | 85/100 [4:28:17<45:51, 183.43s/it]                                                                                        [I 2026-07-24 15:58:01,340] Trial 85 finished with value: -9999.0 and parameters: {'vwap_buy_deviation': -0.029114765301642663, 'take_profit_pct': 0.023848577508820707, 'buy_confirm_min_score': 26, 'notify_sell_threshold': 67, 'notify_buy_threshold': 64, 'stock_qty_strong_pct': 0.27227398110672085, 'stock_qty_base_pct': 0.3332599342603865, 'stock_rebuild_strong_pct': 0.683292113412381, 'stock_first_add_pct': 0.2364119599252583}. Best is trial 79 with value: 74.0075.
Best trial: 79. Best value: 74.0075:  85%|████████▌ | 85/100 [4:31:44<45:51, 183.43s/it]Best trial: 79. Best value: 74.0075:  85%|████████▌ | 85/100 [4:31:44<45:51, 183.43s/it]Best trial: 79. Best value: 74.0075:  86%|████████▌ | 86/100 [4:31:44<44:24, 190.35s/it]                                                                                        [I 2026-07-24 16:00:49,720] Trial 86 finished with value: 74.0075 and parameters: {'vwap_buy_deviation': -0.02838195677818943, 'take_profit_pct': 0.022886277884861556, 'buy_confirm_min_score': 25, 'notify_sell_threshold': 64, 'notify_buy_threshold': 60, 'stock_qty_strong_pct': 0.2882218560512086, 'stock_qty_base_pct': 0.15022145622672295, 'stock_rebuild_strong_pct': 0.7281203812838833, 'stock_first_add_pct': 0.20470547336392575}. Best is trial 79 with value: 74.0075.
Best trial: 79. Best value: 74.0075:  86%|████████▌ | 86/100 [4:34:32<44:24, 190.35s/it]Best trial: 79. Best value: 74.0075:  86%|████████▌ | 86/100 [4:34:32<44:24, 190.35s/it]Best trial: 79. Best value: 74.0075:  87%|████████▋ | 87/100 [4:34:32<39:48, 183.76s/it]                                                                                        [I 2026-07-24 16:04:28,427] Trial 87 finished with value: 73.0046 and parameters: {'vwap_buy_deviation': -0.031168973609859922, 'take_profit_pct': 0.022486723477094725, 'buy_confirm_min_score': 24, 'notify_sell_threshold': 63, 'notify_buy_threshold': 57, 'stock_qty_strong_pct': 0.32145115186216267, 'stock_qty_base_pct': 0.1547675468051345, 'stock_rebuild_strong_pct': 0.6958934033411673, 'stock_first_add_pct': 0.19961250212521028}. Best is trial 79 with value: 74.0075.
Best trial: 79. Best value: 74.0075:  87%|████████▋ | 87/100 [4:38:11<39:48, 183.76s/it]Best trial: 79. Best value: 74.0075:  87%|████████▋ | 87/100 [4:38:11<39:48, 183.76s/it]Best trial: 79. Best value: 74.0075:  88%|████████▊ | 88/100 [4:38:11<38:50, 194.24s/it]                                                                                        [I 2026-07-24 16:07:57,594] Trial 88 finished with value: -9999.0 and parameters: {'vwap_buy_deviation': -0.02876798828629329, 'take_profit_pct': 0.023057922463795177, 'buy_confirm_min_score': 22, 'notify_sell_threshold': 69, 'notify_buy_threshold': 60, 'stock_qty_strong_pct': 0.2871402766013901, 'stock_qty_base_pct': 0.3589743484618217, 'stock_rebuild_strong_pct': 0.7289481546260443, 'stock_first_add_pct': 0.1682695076190031}. Best is trial 79 with value: 74.0075.
Best trial: 79. Best value: 74.0075:  88%|████████▊ | 88/100 [4:41:40<38:50, 194.24s/it]Best trial: 79. Best value: 74.0075:  88%|████████▊ | 88/100 [4:41:40<38:50, 194.24s/it]Best trial: 79. Best value: 74.0075:  89%|████████▉ | 89/100 [4:41:40<36:25, 198.72s/it]                                                                                        [I 2026-07-24 16:10:43,758] Trial 89 finished with value: -9999.0 and parameters: {'vwap_buy_deviation': -0.029724711666532917, 'take_profit_pct': 0.02459649531665313, 'buy_confirm_min_score': 25, 'notify_sell_threshold': 64, 'notify_buy_threshold': 58, 'stock_qty_strong_pct': 0.3070409941377659, 'stock_qty_base_pct': 0.3183216067412751, 'stock_rebuild_strong_pct': 0.7464869968587777, 'stock_first_add_pct': 0.14451767117100664}. Best is trial 79 with value: 74.0075.
Best trial: 79. Best value: 74.0075:  89%|████████▉ | 89/100 [4:44:26<36:25, 198.72s/it]Best trial: 79. Best value: 74.0075:  89%|████████▉ | 89/100 [4:44:26<36:25, 198.72s/it]Best trial: 79. Best value: 74.0075:  90%|█████████ | 90/100 [4:44:26<31:29, 188.95s/it]                                                                                        [I 2026-07-24 16:13:27,283] Trial 90 finished with value: -9999.0 and parameters: {'vwap_buy_deviation': -0.03086339939746504, 'take_profit_pct': 0.023913593685808594, 'buy_confirm_min_score': 27, 'notify_sell_threshold': 66, 'notify_buy_threshold': 60, 'stock_qty_strong_pct': 0.2936594737480903, 'stock_qty_base_pct': 0.3836446474428842, 'stock_rebuild_strong_pct': 0.7713327052460442, 'stock_first_add_pct': 0.2060377121615495}. Best is trial 79 with value: 74.0075.
Best trial: 79. Best value: 74.0075:  90%|█████████ | 90/100 [4:47:10<31:29, 188.95s/it]Best trial: 79. Best value: 74.0075:  90%|█████████ | 90/100 [4:47:10<31:29, 188.95s/it]Best trial: 79. Best value: 74.0075:  91%|█████████ | 91/100 [4:47:10<27:11, 181.32s/it]                                                                                        [I 2026-07-24 16:16:14,852] Trial 91 finished with value: 73.9542 and parameters: {'vwap_buy_deviation': -0.03255680895093435, 'take_profit_pct': 0.021679336082703927, 'buy_confirm_min_score': 26, 'notify_sell_threshold': 62, 'notify_buy_threshold': 57, 'stock_qty_strong_pct': 0.27282685246416477, 'stock_qty_base_pct': 0.17480391612038798, 'stock_rebuild_strong_pct': 0.7918166581444186, 'stock_first_add_pct': 0.18204253449615615}. Best is trial 79 with value: 74.0075.
Best trial: 79. Best value: 74.0075:  91%|█████████ | 91/100 [4:49:57<27:11, 181.32s/it]Best trial: 79. Best value: 74.0075:  91%|█████████ | 91/100 [4:49:57<27:11, 181.32s/it]Best trial: 79. Best value: 74.0075:  92%|█████████▏| 92/100 [4:49:57<23:37, 177.20s/it]                                                                                        [I 2026-07-24 16:19:03,393] Trial 92 finished with value: 74.0075 and parameters: {'vwap_buy_deviation': -0.028507953368653197, 'take_profit_pct': 0.022605006005635718, 'buy_confirm_min_score': 27, 'notify_sell_threshold': 65, 'notify_buy_threshold': 62, 'stock_qty_strong_pct': 0.2596895400848734, 'stock_qty_base_pct': 0.2881819820159274, 'stock_rebuild_strong_pct': 0.7168798282870219, 'stock_first_add_pct': 0.33337795122401787}. Best is trial 79 with value: 74.0075.
Best trial: 79. Best value: 74.0075:  92%|█████████▏| 92/100 [4:52:46<23:37, 177.20s/it]Best trial: 79. Best value: 74.0075:  92%|█████████▏| 92/100 [4:52:46<23:37, 177.20s/it]Best trial: 79. Best value: 74.0075:  93%|█████████▎| 93/100 [4:52:46<20:22, 174.60s/it]                                                                                        [I 2026-07-24 16:22:09,790] Trial 93 finished with value: 74.0045 and parameters: {'vwap_buy_deviation': -0.030242236229856903, 'take_profit_pct': 0.022649371331823598, 'buy_confirm_min_score': 15, 'notify_sell_threshold': 68, 'notify_buy_threshold': 62, 'stock_qty_strong_pct': 0.2574055775480356, 'stock_qty_base_pct': 0.2899530742074316, 'stock_rebuild_strong_pct': 0.7174148222471696, 'stock_first_add_pct': 0.24672653332932026}. Best is trial 79 with value: 74.0075.
Best trial: 79. Best value: 74.0075:  93%|█████████▎| 93/100 [4:55:52<20:22, 174.60s/it]Best trial: 79. Best value: 74.0075:  93%|█████████▎| 93/100 [4:55:52<20:22, 174.60s/it]Best trial: 79. Best value: 74.0075:  94%|█████████▍| 94/100 [4:55:52<17:48, 178.14s/it]                                                                                        [I 2026-07-24 16:25:22,453] Trial 94 finished with value: -9999.0 and parameters: {'vwap_buy_deviation': -0.030238709233847316, 'take_profit_pct': 0.02337002982527451, 'buy_confirm_min_score': 18, 'notify_sell_threshold': 67, 'notify_buy_threshold': 63, 'stock_qty_strong_pct': 0.25793774995216484, 'stock_qty_base_pct': 0.2909292954391213, 'stock_rebuild_strong_pct': 0.7241705644353086, 'stock_first_add_pct': 0.22614916488214037}. Best is trial 79 with value: 74.0075.
Best trial: 79. Best value: 74.0075:  94%|█████████▍| 94/100 [4:59:05<17:48, 178.14s/it]Best trial: 79. Best value: 74.0075:  94%|█████████▍| 94/100 [4:59:05<17:48, 178.14s/it]Best trial: 79. Best value: 74.0075:  95%|█████████▌| 95/100 [4:59:05<15:12, 182.50s/it]                                                                                        [I 2026-07-24 16:27:58,445] Trial 95 finished with value: 74.0075 and parameters: {'vwap_buy_deviation': -0.02841274770676277, 'take_profit_pct': 0.022633404637090057, 'buy_confirm_min_score': 16, 'notify_sell_threshold': 66, 'notify_buy_threshold': 62, 'stock_qty_strong_pct': 0.2582252560121588, 'stock_qty_base_pct': 0.30092241750796644, 'stock_rebuild_strong_pct': 0.7565121372441791, 'stock_first_add_pct': 0.2451082992182373}. Best is trial 79 with value: 74.0075.
Best trial: 79. Best value: 74.0075:  95%|█████████▌| 95/100 [5:01:41<15:12, 182.50s/it]Best trial: 79. Best value: 74.0075:  95%|█████████▌| 95/100 [5:01:41<15:12, 182.50s/it]Best trial: 79. Best value: 74.0075:  96%|█████████▌| 96/100 [5:01:41<11:38, 174.55s/it]                                                                                        [I 2026-07-24 16:31:32,561] Trial 96 finished with value: 74.0075 and parameters: {'vwap_buy_deviation': -0.029446330476510404, 'take_profit_pct': 0.022517295238911668, 'buy_confirm_min_score': 15, 'notify_sell_threshold': 65, 'notify_buy_threshold': 65, 'stock_qty_strong_pct': 0.25851340192508615, 'stock_qty_base_pct': 0.3005466519144853, 'stock_rebuild_strong_pct': 0.7521341242325863, 'stock_first_add_pct': 0.24266323378302365}. Best is trial 79 with value: 74.0075.
Best trial: 79. Best value: 74.0075:  96%|█████████▌| 96/100 [5:05:15<11:38, 174.55s/it]Best trial: 79. Best value: 74.0075:  96%|█████████▌| 96/100 [5:05:15<11:38, 174.55s/it]Best trial: 79. Best value: 74.0075:  97%|█████████▋| 97/100 [5:05:15<09:19, 186.42s/it]                                                                                        [I 2026-07-24 16:34:24,422] Trial 97 finished with value: 74.0075 and parameters: {'vwap_buy_deviation': -0.028533476099389745, 'take_profit_pct': 0.022756834109010395, 'buy_confirm_min_score': 15, 'notify_sell_threshold': 64, 'notify_buy_threshold': 65, 'stock_qty_strong_pct': 0.2710017687084719, 'stock_qty_base_pct': 0.3030693038999885, 'stock_rebuild_strong_pct': 0.7549999978921917, 'stock_first_add_pct': 0.24236037468675015}. Best is trial 79 with value: 74.0075.
Best trial: 79. Best value: 74.0075:  97%|█████████▋| 97/100 [5:08:07<09:19, 186.42s/it]Best trial: 79. Best value: 74.0075:  97%|█████████▋| 97/100 [5:08:07<09:19, 186.42s/it]Best trial: 79. Best value: 74.0075:  98%|█████████▊| 98/100 [5:08:07<06:04, 182.05s/it]                                                                                        [I 2026-07-24 16:37:49,725] Trial 98 finished with value: 74.0075 and parameters: {'vwap_buy_deviation': -0.028438126004851995, 'take_profit_pct': 0.022654274699300578, 'buy_confirm_min_score': 15, 'notify_sell_threshold': 66, 'notify_buy_threshold': 66, 'stock_qty_strong_pct': 0.2665558074631502, 'stock_qty_base_pct': 0.30365890502862264, 'stock_rebuild_strong_pct': 0.7583011147370705, 'stock_first_add_pct': 0.24525231287903854}. Best is trial 79 with value: 74.0075.
Best trial: 79. Best value: 74.0075:  98%|█████████▊| 98/100 [5:11:32<06:04, 182.05s/it]Best trial: 79. Best value: 74.0075:  98%|█████████▊| 98/100 [5:11:32<06:04, 182.05s/it]Best trial: 79. Best value: 74.0075:  99%|█████████▉| 99/100 [5:11:32<03:09, 189.03s/it]                                                                                        [I 2026-07-24 16:41:14,006] Trial 99 finished with value: 74.0075 and parameters: {'vwap_buy_deviation': -0.028422788996737045, 'take_profit_pct': 0.022004573105487236, 'buy_confirm_min_score': 16, 'notify_sell_threshold': 66, 'notify_buy_threshold': 65, 'stock_qty_strong_pct': 0.28479312739706125, 'stock_qty_base_pct': 0.30164795859281024, 'stock_rebuild_strong_pct': 0.760051056271688, 'stock_first_add_pct': 0.23918990041047203}. Best is trial 79 with value: 74.0075.
Best trial: 79. Best value: 74.0075:  99%|█████████▉| 99/100 [5:14:56<03:09, 189.03s/it]Best trial: 79. Best value: 74.0075:  99%|█████████▉| 99/100 [5:14:56<03:09, 189.03s/it]Best trial: 79. Best value: 74.0075: 100%|██████████| 100/100 [5:14:56<00:00, 193.60s/it]Best trial: 79. Best value: 74.0075: 100%|██████████| 100/100 [5:14:56<00:00, 188.97s/it]

[Optuna] 最佳 composite_score = 74.0075, params = {'vwap_buy_deviation': -0.029593583233948402, 'take_profit_pct': 0.022870300403726836, 'buy_confirm_min_score': 27, 'notify_sell_threshold': 67, 'notify_buy_threshold': 57, 'stock_qty_strong_pct': 0.29352307595817617, 'stock_qty_base_pct': 0.3042249804305945, 'stock_rebuild_strong_pct': 0.5943073563908758, 'stock_first_add_pct': 0.27118656399241775}

[最优参数] 训练集...

[基准对比] 默认参数在测试集...
  默认: wr=0.00% pnl=+0 composite=-9999.00

[邻域稳定性测试] 最优参数 ±5% 摇动...
  最优: -9999.00
  邻域平均: -9999.00
    vwap_buy_deviation=-0.0281 → composite=-9999.00
    vwap_buy_deviation=-0.0311 → composite=-9999.00
    take_profit_pct=0.0217 → composite=-9999.00
    take_profit_pct=0.024 → composite=-9999.00
    buy_confirm_min_score=26 → composite=-9999.00
    buy_confirm_min_score=28 → composite=-9999.00
  判定: [不稳定 孤岛参数风险]
[结果] -> E:\06_T\t_io\optimizer\best_params_000988.json
[报告] E:\06_T\t_io\optimizer\optimizer_report.md

=======================================================
  寻优完成
=======================================================
  VWAP偏离买入阈值: -0.029593583233948402
  止盈比例: 0.022870300403726836
  买入确认最低分: 27
  卖出推送阈值: 67
  买入推送阈值: 57
  强信号卖出比例: 0.29352307595817617
  中等信号卖出比例: 0.3042249804305945
  强信号接回比例: 0.5943073563908758
  首次加仓比例: 0.27118656399241775
  训练集综合得分: 74.01
  输出: E:\06_T\t_io\optimizer/
imizer/
