Best trial: 2. Best value: 611.874:  25%|██▌       | 25/100 [1:15:30<3:40:34, 176.45s/it]Best trial: 2. Best value: 611.874:  25%|██▌       | 25/100 [1:15:30<3:40:34, 176.45s/it]Best trial: 2. Best value: 611.874:  26%|██▌       | 26/100 [1:15:30<3:36:49, 175.81s/it]                                                                                         [I 2026-07-24 23:04:46,790] Trial 26 finished with value: 511.4744 and parameters: {'vwap_buy_deviation': -0.030033372098872718, 'take_profit_pct': 0.009788051326928837, 'buy_confirm_min_score': 28, 'notify_sell_threshold': 47, 'notify_buy_threshold': 49, 'stock_qty_strong_pct': 0.56579647185445, 'stock_qty_base_pct': 0.25488893185881134, 'stock_rebuild_strong_pct': 0.8353169143225888, 'stock_first_add_pct': 0.1743370594687745}. Best is trial 2 with value: 611.8743.
Best trial: 2. Best value: 611.874:  26%|██▌       | 26/100 [1:18:25<3:36:49, 175.81s/it]Best trial: 2. Best value: 611.874:  26%|██▌       | 26/100 [1:18:25<3:36:49, 175.81s/it]Best trial: 2. Best value: 611.874:  27%|██▋       | 27/100 [1:18:25<3:33:37, 175.58s/it]                                                                                         [I 2026-07-24 23:07:40,664] Trial 27 finished with value: 617.2123 and parameters: {'vwap_buy_deviation': -0.026186412416531506, 'take_profit_pct': 0.012807333925072144, 'buy_confirm_min_score': 23, 'notify_sell_threshold': 43, 'notify_buy_threshold': 43, 'stock_qty_strong_pct': 0.4751305186235563, 'stock_qty_base_pct': 0.2172780696826209, 'stock_rebuild_strong_pct': 0.9165824541847287, 'stock_first_add_pct': 0.20794939056216005}. Best is trial 27 with value: 617.2123.
Best trial: 2. Best value: 611.874:  27%|██▋       | 27/100 [1:21:19<3:33:37, 175.58s/it]Best trial: 27. Best value: 617.212:  27%|██▋       | 27/100 [1:21:19<3:33:37, 175.58s/it]Best trial: 27. Best value: 617.212:  28%|██▊       | 28/100 [1:21:19<3:30:04, 175.07s/it]                                                                                          [I 2026-07-24 23:10:34,314] Trial 28 finished with value: 618.5578 and parameters: {'vwap_buy_deviation': -0.03240182430841804, 'take_profit_pct': 0.016098603994226683, 'buy_confirm_min_score': 24, 'notify_sell_threshold': 40, 'notify_buy_threshold': 43, 'stock_qty_strong_pct': 0.4319133521448547, 'stock_qty_base_pct': 0.18560301313457142, 'stock_rebuild_strong_pct': 0.9901511186239784, 'stock_first_add_pct': 0.2219146355516489}. Best is trial 28 with value: 618.5578.
Best trial: 27. Best value: 617.212:  28%|██▊       | 28/100 [1:24:13<3:30:04, 175.07s/it]Best trial: 28. Best value: 618.558:  28%|██▊       | 28/100 [1:24:13<3:30:04, 175.07s/it]Best trial: 28. Best value: 618.558:  29%|██▉       | 29/100 [1:24:13<3:26:39, 174.65s/it]                                                                                          [I 2026-07-24 23:13:29,777] Trial 29 finished with value: 618.5578 and parameters: {'vwap_buy_deviation': -0.028220721885191178, 'take_profit_pct': 0.015845847676645576, 'buy_confirm_min_score': 27, 'notify_sell_threshold': 41, 'notify_buy_threshold': 43, 'stock_qty_strong_pct': 0.42550722257959667, 'stock_qty_base_pct': 0.1837163270134832, 'stock_rebuild_strong_pct': 0.9269058490618016, 'stock_first_add_pct': 0.2841887439434013}. Best is trial 28 with value: 618.5578.
Best trial: 28. Best value: 618.558:  29%|██▉       | 29/100 [1:27:08<3:26:39, 174.65s/it]Best trial: 28. Best value: 618.558:  29%|██▉       | 29/100 [1:27:08<3:26:39, 174.65s/it]Best trial: 28. Best value: 618.558:  30%|███       | 30/100 [1:27:08<3:24:02, 174.89s/it]                                                                                          [I 2026-07-24 23:16:22,536] Trial 30 finished with value: 618.5578 and parameters: {'vwap_buy_deviation': -0.028009564847033784, 'take_profit_pct': 0.016298188792130006, 'buy_confirm_min_score': 27, 'notify_sell_threshold': 40, 'notify_buy_threshold': 43, 'stock_qty_strong_pct': 0.4297305206713187, 'stock_qty_base_pct': 0.18077733543801688, 'stock_rebuild_strong_pct': 0.9883028299040832, 'stock_first_add_pct': 0.28942863848142864}. Best is trial 28 with value: 618.5578.
Best trial: 28. Best value: 618.558:  30%|███       | 30/100 [1:30:01<3:24:02, 174.89s/it]Best trial: 28. Best value: 618.558:  30%|███       | 30/100 [1:30:01<3:24:02, 174.89s/it]Best trial: 28. Best value: 618.558:  31%|███       | 31/100 [1:30:01<3:20:23, 174.25s/it]                                                                                          [I 2026-07-24 23:19:17,664] Trial 31 finished with value: 618.5578 and parameters: {'vwap_buy_deviation': -0.02825453063110788, 'take_profit_pct': 0.016257102380409665, 'buy_confirm_min_score': 27, 'notify_sell_threshold': 40, 'notify_buy_threshold': 43, 'stock_qty_strong_pct': 0.437897108354895, 'stock_qty_base_pct': 0.1791259713028343, 'stock_rebuild_strong_pct': 0.992946673724638, 'stock_first_add_pct': 0.28416048042504216}. Best is trial 28 with value: 618.5578.
Best trial: 28. Best value: 618.558:  31%|███       | 31/100 [1:32:56<3:20:23, 174.25s/it]Best trial: 28. Best value: 618.558:  31%|███       | 31/100 [1:32:56<3:20:23, 174.25s/it]Best trial: 28. Best value: 618.558:  32%|███▏      | 32/100 [1:32:56<3:17:46, 174.51s/it]                                                                                          [I 2026-07-24 23:22:15,836] Trial 32 finished with value: 583.9534 and parameters: {'vwap_buy_deviation': -0.028386345327844436, 'take_profit_pct': 0.016677466576189716, 'buy_confirm_min_score': 28, 'notify_sell_threshold': 40, 'notify_buy_threshold': 42, 'stock_qty_strong_pct': 0.4257161202641903, 'stock_qty_base_pct': 0.18097067234351258, 'stock_rebuild_strong_pct': 0.9926810236957876, 'stock_first_add_pct': 0.2802695270950545}. Best is trial 28 with value: 618.5578.
Best trial: 28. Best value: 618.558:  32%|███▏      | 32/100 [1:35:54<3:17:46, 174.51s/it]Best trial: 28. Best value: 618.558:  32%|███▏      | 32/100 [1:35:54<3:17:46, 174.51s/it]Best trial: 28. Best value: 618.558:  33%|███▎      | 33/100 [1:35:54<3:16:05, 175.61s/it]                                                                                          [I 2026-07-24 23:25:13,634] Trial 33 finished with value: 510.9352 and parameters: {'vwap_buy_deviation': -0.03245133633738221, 'take_profit_pct': 0.018321587043750847, 'buy_confirm_min_score': 27, 'notify_sell_threshold': 41, 'notify_buy_threshold': 40, 'stock_qty_strong_pct': 0.4107807981142804, 'stock_qty_base_pct': 0.15133099011511067, 'stock_rebuild_strong_pct': 0.9997555971307845, 'stock_first_add_pct': 0.2983175964792877}. Best is trial 28 with value: 618.5578.
Best trial: 28. Best value: 618.558:  33%|███▎      | 33/100 [1:38:52<3:16:05, 175.61s/it]Best trial: 28. Best value: 618.558:  33%|███▎      | 33/100 [1:38:52<3:16:05, 175.61s/it]Best trial: 28. Best value: 618.558:  34%|███▍      | 34/100 [1:38:52<3:13:53, 176.27s/it]                                                                                          [I 2026-07-24 23:28:09,740] Trial 34 finished with value: 579.685 and parameters: {'vwap_buy_deviation': -0.027537943127436626, 'take_profit_pct': 0.015350004315219058, 'buy_confirm_min_score': 29, 'notify_sell_threshold': 42, 'notify_buy_threshold': 45, 'stock_qty_strong_pct': 0.4491636352717412, 'stock_qty_base_pct': 0.18154704041208555, 'stock_rebuild_strong_pct': 0.9392341331535851, 'stock_first_add_pct': 0.27378099879065143}. Best is trial 28 with value: 618.5578.
Best trial: 28. Best value: 618.558:  34%|███▍      | 34/100 [1:41:48<3:13:53, 176.27s/it]Best trial: 28. Best value: 618.558:  34%|███▍      | 34/100 [1:41:48<3:13:53, 176.27s/it]Best trial: 28. Best value: 618.558:  35%|███▌      | 35/100 [1:41:48<3:10:54, 176.22s/it]                                                                                          [I 2026-07-24 23:31:07,356] Trial 35 finished with value: 579.2853 and parameters: {'vwap_buy_deviation': -0.029346136576978096, 'take_profit_pct': 0.019101940341874995, 'buy_confirm_min_score': 26, 'notify_sell_threshold': 40, 'notify_buy_threshold': 44, 'stock_qty_strong_pct': 0.3484161727063862, 'stock_qty_base_pct': 0.16624488829684606, 'stock_rebuild_strong_pct': 0.969788693179592, 'stock_first_add_pct': 0.31476932164994137}. Best is trial 28 with value: 618.5578.
Best trial: 28. Best value: 618.558:  35%|███▌      | 35/100 [1:44:46<3:10:54, 176.22s/it]Best trial: 28. Best value: 618.558:  35%|███▌      | 35/100 [1:44:46<3:10:54, 176.22s/it]Best trial: 28. Best value: 618.558:  36%|███▌      | 36/100 [1:44:46<3:08:24, 176.64s/it]                                                                                          [I 2026-07-24 23:34:02,292] Trial 36 finished with value: 575.1763 and parameters: {'vwap_buy_deviation': -0.03140395605223408, 'take_profit_pct': 0.015801580577219004, 'buy_confirm_min_score': 27, 'notify_sell_threshold': 42, 'notify_buy_threshold': 46, 'stock_qty_strong_pct': 0.4022309901814059, 'stock_qty_base_pct': 0.19258217776534836, 'stock_rebuild_strong_pct': 0.9564817820860441, 'stock_first_add_pct': 0.258177354509563}. Best is trial 28 with value: 618.5578.
Best trial: 28. Best value: 618.558:  36%|███▌      | 36/100 [1:47:41<3:08:24, 176.64s/it]Best trial: 28. Best value: 618.558:  36%|███▌      | 36/100 [1:47:41<3:08:24, 176.64s/it]Best trial: 28. Best value: 618.558:  37%|███▋      | 37/100 [1:47:41<3:04:56, 176.13s/it]                                                                                          [I 2026-07-24 23:37:01,150] Trial 37 finished with value: 583.9534 and parameters: {'vwap_buy_deviation': -0.03372891072022022, 'take_profit_pct': 0.017710605477047035, 'buy_confirm_min_score': 27, 'notify_sell_threshold': 40, 'notify_buy_threshold': 42, 'stock_qty_strong_pct': 0.4326878123415383, 'stock_qty_base_pct': 0.1681013436683204, 'stock_rebuild_strong_pct': 0.9318182605561476, 'stock_first_add_pct': 0.32868483886856736}. Best is trial 28 with value: 618.5578.
Best trial: 28. Best value: 618.558:  37%|███▋      | 37/100 [1:50:40<3:04:56, 176.13s/it]Best trial: 28. Best value: 618.558:  37%|███▋      | 37/100 [1:50:40<3:04:56, 176.13s/it]Best trial: 28. Best value: 618.558:  38%|███▊      | 38/100 [1:50:40<3:02:50, 176.95s/it]                                                                                          [I 2026-07-24 23:39:54,306] Trial 38 finished with value: 633.3026 and parameters: {'vwap_buy_deviation': -0.027282775827398832, 'take_profit_pct': 0.02013418361472664, 'buy_confirm_min_score': 30, 'notify_sell_threshold': 44, 'notify_buy_threshold': 44, 'stock_qty_strong_pct': 0.47568783233382317, 'stock_qty_base_pct': 0.19188222936404808, 'stock_rebuild_strong_pct': 0.9988628179981301, 'stock_first_add_pct': 0.2605418899952538}. Best is trial 38 with value: 633.3026.
Best trial: 28. Best value: 618.558:  38%|███▊      | 38/100 [1:53:33<3:02:50, 176.95s/it]Best trial: 38. Best value: 633.303:  38%|███▊      | 38/100 [1:53:33<3:02:50, 176.95s/it]Best trial: 38. Best value: 633.303:  39%|███▉      | 39/100 [1:53:33<2:58:44, 175.81s/it]                                                                                          [I 2026-07-24 23:42:53,598] Trial 39 finished with value: 628.8777 and parameters: {'vwap_buy_deviation': -0.027128856054269047, 'take_profit_pct': 0.02093642410059882, 'buy_confirm_min_score': 30, 'notify_sell_threshold': 44, 'notify_buy_threshold': 46, 'stock_qty_strong_pct': 0.47269999648114647, 'stock_qty_base_pct': 0.19205900364538375, 'stock_rebuild_strong_pct': 0.9674099223251126, 'stock_first_add_pct': 0.2401863305307268}. Best is trial 38 with value: 633.3026.
Best trial: 38. Best value: 633.303:  39%|███▉      | 39/100 [1:56:32<2:58:44, 175.81s/it]Best trial: 38. Best value: 633.303:  39%|███▉      | 39/100 [1:56:32<2:58:44, 175.81s/it]Best trial: 38. Best value: 633.303:  40%|████      | 40/100 [1:56:32<2:56:51, 176.85s/it]                                                                                          [I 2026-07-24 23:45:52,204] Trial 40 finished with value: 578.6882 and parameters: {'vwap_buy_deviation': -0.02371182377909642, 'take_profit_pct': 0.020920346122339853, 'buy_confirm_min_score': 30, 'notify_sell_threshold': 45, 'notify_buy_threshold': 46, 'stock_qty_strong_pct': 0.48380993131325506, 'stock_qty_base_pct': 0.19181277924755577, 'stock_rebuild_strong_pct': 0.9629275814900058, 'stock_first_add_pct': 0.23787649873968492}. Best is trial 38 with value: 633.3026.
Best trial: 38. Best value: 633.303:  40%|████      | 40/100 [1:59:31<2:56:51, 176.85s/it]Best trial: 38. Best value: 633.303:  40%|████      | 40/100 [1:59:31<2:56:51, 176.85s/it]Best trial: 38. Best value: 633.303:  41%|████      | 41/100 [1:59:31<2:54:25, 177.38s/it]                                                                                          [I 2026-07-24 23:48:49,583] Trial 41 finished with value: 617.4545 and parameters: {'vwap_buy_deviation': -0.02676214265814051, 'take_profit_pct': 0.021195311614434213, 'buy_confirm_min_score': 30, 'notify_sell_threshold': 43, 'notify_buy_threshold': 44, 'stock_qty_strong_pct': 0.4619291021879164, 'stock_qty_base_pct': 0.15928413536672364, 'stock_rebuild_strong_pct': 0.9708592750202945, 'stock_first_add_pct': 0.25799427578147865}. Best is trial 38 with value: 633.3026.
Best trial: 38. Best value: 633.303:  41%|████      | 41/100 [2:02:28<2:54:25, 177.38s/it]Best trial: 38. Best value: 633.303:  41%|████      | 41/100 [2:02:28<2:54:25, 177.38s/it]Best trial: 38. Best value: 633.303:  42%|████▏     | 42/100 [2:02:28<2:51:28, 177.38s/it]                                                                                          [I 2026-07-24 23:51:48,106] Trial 42 finished with value: 522.879 and parameters: {'vwap_buy_deviation': -0.02939208162975507, 'take_profit_pct': 0.023804318023588285, 'buy_confirm_min_score': 29, 'notify_sell_threshold': 44, 'notify_buy_threshold': 41, 'stock_qty_strong_pct': 0.39169774472596286, 'stock_qty_base_pct': 0.1967484186735095, 'stock_rebuild_strong_pct': 0.9320287152501038, 'stock_first_add_pct': 0.21988686030773055}. Best is trial 38 with value: 633.3026.
Best trial: 38. Best value: 633.303:  42%|████▏     | 42/100 [2:05:27<2:51:28, 177.38s/it]Best trial: 38. Best value: 633.303:  42%|████▏     | 42/100 [2:05:27<2:51:28, 177.38s/it]Best trial: 38. Best value: 633.303:  43%|████▎     | 43/100 [2:05:27<2:48:50, 177.72s/it]                                                                                          [I 2026-07-24 23:54:43,162] Trial 43 finished with value: 511.8272 and parameters: {'vwap_buy_deviation': -0.02793745025531849, 'take_profit_pct': 0.022624189285261036, 'buy_confirm_min_score': 29, 'notify_sell_threshold': 47, 'notify_buy_threshold': 45, 'stock_qty_strong_pct': 0.41921832567503214, 'stock_qty_base_pct': 0.17109892621918338, 'stock_rebuild_strong_pct': 0.87514147295466, 'stock_first_add_pct': 0.26700913434002965}. Best is trial 38 with value: 633.3026.
Best trial: 38. Best value: 633.303:  43%|████▎     | 43/100 [2:08:22<2:48:50, 177.72s/it]Best trial: 38. Best value: 633.303:  43%|████▎     | 43/100 [2:08:22<2:48:50, 177.72s/it]Best trial: 38. Best value: 633.303:  44%|████▍     | 44/100 [2:08:22<2:45:07, 176.92s/it]                                                                                          [I 2026-07-24 23:57:42,095] Trial 44 finished with value: 602.7408 and parameters: {'vwap_buy_deviation': -0.027125138647714122, 'take_profit_pct': 0.02026796885462581, 'buy_confirm_min_score': 25, 'notify_sell_threshold': 41, 'notify_buy_threshold': 47, 'stock_qty_strong_pct': 0.46344142202559946, 'stock_qty_base_pct': 0.2125729770824406, 'stock_rebuild_strong_pct': 0.9794430329253319, 'stock_first_add_pct': 0.2929512649842189}. Best is trial 38 with value: 633.3026.
Best trial: 38. Best value: 633.303:  44%|████▍     | 44/100 [2:11:21<2:45:07, 176.92s/it]Best trial: 38. Best value: 633.303:  44%|████▍     | 44/100 [2:11:21<2:45:07, 176.92s/it]Best trial: 38. Best value: 633.303:  45%|████▌     | 45/100 [2:11:21<2:42:43, 177.53s/it]                                                                                          [I 2026-07-25 00:00:38,728] Trial 45 finished with value: 353.3677 and parameters: {'vwap_buy_deviation': -0.021516351517312123, 'take_profit_pct': 0.022721366495946957, 'buy_confirm_min_score': 24, 'notify_sell_threshold': 61, 'notify_buy_threshold': 42, 'stock_qty_strong_pct': 0.49528434369813357, 'stock_qty_base_pct': 0.18907672987199575, 'stock_rebuild_strong_pct': 0.9471803955409427, 'stock_first_add_pct': 0.2503705588727037}. Best is trial 38 with value: 633.3026.
Best trial: 38. Best value: 633.303:  45%|████▌     | 45/100 [2:14:17<2:42:43, 177.53s/it]Best trial: 38. Best value: 633.303:  45%|████▌     | 45/100 [2:14:17<2:42:43, 177.53s/it]Best trial: 38. Best value: 633.303:  46%|████▌     | 46/100 [2:14:17<2:39:31, 177.26s/it]                                                                                          [I 2026-07-25 00:03:39,234] Trial 46 finished with value: 633.3026 and parameters: {'vwap_buy_deviation': -0.025644450062299554, 'take_profit_pct': 0.024628704405043632, 'buy_confirm_min_score': 26, 'notify_sell_threshold': 44, 'notify_buy_threshold': 44, 'stock_qty_strong_pct': 0.3820576913040114, 'stock_qty_base_pct': 0.15262154976801282, 'stock_rebuild_strong_pct': 0.9251381801169193, 'stock_first_add_pct': 0.2207001732401659}. Best is trial 38 with value: 633.3026.
Best trial: 38. Best value: 633.303:  46%|████▌     | 46/100 [2:17:18<2:39:31, 177.26s/it]Best trial: 38. Best value: 633.303:  46%|████▌     | 46/100 [2:17:18<2:39:31, 177.26s/it]Best trial: 38. Best value: 633.303:  47%|████▋     | 47/100 [2:17:18<2:37:26, 178.23s/it]                                                                                          [I 2026-07-25 00:06:36,157] Trial 47 finished with value: 516.804 and parameters: {'vwap_buy_deviation': -0.02407777620857144, 'take_profit_pct': 0.0249398516320766, 'buy_confirm_min_score': 26, 'notify_sell_threshold': 49, 'notify_buy_threshold': 46, 'stock_qty_strong_pct': 0.36696527953062724, 'stock_qty_base_pct': 0.15422678436603024, 'stock_rebuild_strong_pct': 0.9190440221142422, 'stock_first_add_pct': 0.2189513634449356}. Best is trial 38 with value: 633.3026.
Best trial: 38. Best value: 633.303:  47%|████▋     | 47/100 [2:20:15<2:37:26, 178.23s/it]Best trial: 38. Best value: 633.303:  47%|████▋     | 47/100 [2:20:15<2:37:26, 178.23s/it]Best trial: 38. Best value: 633.303:  48%|████▊     | 48/100 [2:20:15<2:34:07, 177.84s/it]                                                                                          [I 2026-07-25 00:09:30,391] Trial 48 finished with value: 652.4615 and parameters: {'vwap_buy_deviation': -0.0257976363639519, 'take_profit_pct': 0.022140644923151823, 'buy_confirm_min_score': 29, 'notify_sell_threshold': 44, 'notify_buy_threshold': 47, 'stock_qty_strong_pct': 0.5238639987653027, 'stock_qty_base_pct': 0.24206946566698612, 'stock_rebuild_strong_pct': 0.8746094345290965, 'stock_first_add_pct': 0.22874015472571774}. Best is trial 48 with value: 652.4615.
Best trial: 38. Best value: 633.303:  48%|████▊     | 48/100 [2:23:09<2:34:07, 177.84s/it]Best trial: 48. Best value: 652.462:  48%|████▊     | 48/100 [2:23:09<2:34:07, 177.84s/it]Best trial: 48. Best value: 652.462:  49%|████▉     | 49/100 [2:23:09<2:30:14, 176.76s/it]                                                                                          [I 2026-07-25 00:12:28,774] Trial 49 finished with value: 361.7783 and parameters: {'vwap_buy_deviation': -0.025766321571451423, 'take_profit_pct': 0.022215067125714482, 'buy_confirm_min_score': 29, 'notify_sell_threshold': 55, 'notify_buy_threshold': 47, 'stock_qty_strong_pct': 0.5180114804948526, 'stock_qty_base_pct': 0.23941437340066607, 'stock_rebuild_strong_pct': 0.8502846394736314, 'stock_first_add_pct': 0.22814296598587408}. Best is trial 48 with value: 652.4615.
Best trial: 48. Best value: 652.462:  49%|████▉     | 49/100 [2:26:07<2:30:14, 176.76s/it]Best trial: 48. Best value: 652.462:  49%|████▉     | 49/100 [2:26:07<2:30:14, 176.76s/it]Best trial: 48. Best value: 652.462:  50%|█████     | 50/100 [2:26:07<2:27:42, 177.25s/it]                                                                                          [I 2026-07-25 00:15:28,870] Trial 50 finished with value: 415.8059 and parameters: {'vwap_buy_deviation': -0.022913517116203472, 'take_profit_pct': 0.024870136758236103, 'buy_confirm_min_score': 30, 'notify_sell_threshold': 50, 'notify_buy_threshold': 51, 'stock_qty_strong_pct': 0.3065248392037362, 'stock_qty_base_pct': 0.2056474284916401, 'stock_rebuild_strong_pct': 0.865928706748977, 'stock_first_add_pct': 0.2435773646529995}. Best is trial 48 with value: 652.4615.
Best trial: 48. Best value: 652.462:  50%|█████     | 50/100 [2:29:07<2:27:42, 177.25s/it]Best trial: 48. Best value: 652.462:  50%|█████     | 50/100 [2:29:07<2:27:42, 177.25s/it]Best trial: 48. Best value: 652.462:  51%|█████     | 51/100 [2:29:07<2:25:27, 178.10s/it]                                                                                          [I 2026-07-25 00:18:31,490] Trial 51 finished with value: 633.3026 and parameters: {'vwap_buy_deviation': -0.02554708490813984, 'take_profit_pct': 0.020016314188043477, 'buy_confirm_min_score': 28, 'notify_sell_threshold': 44, 'notify_buy_threshold': 44, 'stock_qty_strong_pct': 0.5250510896368322, 'stock_qty_base_pct': 0.36873167777413685, 'stock_rebuild_strong_pct': 0.8894525919167973, 'stock_first_add_pct': 0.1866829422594832}. Best is trial 48 with value: 652.4615.
