Best trial: 76. Best value: 851.205:  98%|█████████▊| 98/100 [2:49:10<03:23, 101.98s/it]Best trial: 76. Best value: 851.205:  98%|█████████▊| 98/100 [2:49:10<03:23, 101.98s/it]Best trial: 76. Best value: 851.205:  99%|█████████▉| 99/100 [2:49:10<01:40, 100.62s/it]                                                                                        [I 2026-07-24 01:25:51,783] Trial 99 finished with value: 151.1182 and parameters: {'vwap_buy_deviation': -0.023862709560026944, 'take_profit_pct': 0.020969263633829085, 'buy_confirm_min_score': 15, 'notify_sell_threshold': 54, 'notify_buy_threshold': 41}. Best is trial 76 with value: 851.2054.
Best trial: 76. Best value: 851.205:  99%|█████████▉| 99/100 [2:50:54<01:40, 100.62s/it]Best trial: 76. Best value: 851.205:  99%|█████████▉| 99/100 [2:50:54<01:40, 100.62s/it]Best trial: 76. Best value: 851.205: 100%|██████████| 100/100 [2:50:54<00:00, 101.57s/it]Best trial: 76. Best value: 851.205: 100%|██████████| 100/100 [2:50:54<00:00, 102.55s/it]

[Optuna] 最佳 composite_score = 851.2054, params = {'vwap_buy_deviation': -0.022031990091142328, 'take_profit_pct': 0.0212280671695597, 'buy_confirm_min_score': 16, 'notify_sell_threshold': 63, 'notify_buy_threshold': 43}

[最优参数] 训练集...

[基准对比] 默认参数在测试集...
  默认: wr=0.00% pnl=+0 composite=-9999.00

[过拟合] 训练=851.21 测试=129.11 比=15.17% [有风险]

[邻域稳定性测试] 最优参数 ±5% 摇动...
  最优: 129.11
  邻域平均: -1561.56
    vwap_buy_deviation=-0.0209 → composite=129.11
    vwap_buy_deviation=-0.0231 → composite=129.11
    take_profit_pct=0.0202 → composite=113.19
    take_profit_pct=0.0223 → composite=-9999.00
    buy_confirm_min_score=15 → composite=129.11
    buy_confirm_min_score=17 → composite=129.11
  判定: [不稳定 孤岛参数风险]
[结果] -> E:\06_T\t_io\optimizer\best_params.json
[报告] E:\06_T\t_io\optimizer\optimizer_report.md

=======================================================
  寻优完成
=======================================================
  VWAP偏离买入阈值: -0.022031990091142328
  止盈比例: 0.0212280671695597
  买入确认最低分: 16
  卖出推送阈值: 63
  买入推送阈值: 43
  训练集综合得分: 851.21
  输出: E:\06_T\t_io\optimizer/
