=======================================================

  参数寻优系统
=======================================================
  标的: 000988  方法: optuna  训练: 2025-06-01~2026-03-31
  [数据] 预处理 279 天收盘价索引
  [数据] 000988 2025-06-01~2026-03-31: 217 个交易日，检查缓存...
  [数据] 已缓存 202/217 天，缺失将在首次 trial 下载
  [数据] 000988 2026-04-01~2026-07-20: 79 个交易日，检查缓存...
  [数据] 已缓存 74/79 天，缺失将在首次 trial 下载

[基线] 默认参数...
  wr=0.00% trades=0 dd=0.00% composite=-99.68
[I 2026-07-24 21:46:20,947] A new study created in memory with name: no-name-3e51f402-1d4f-4ed9-8f14-1db44faa4e6a
  0%|          | 0/100 [00:00<?, ?it/s]                                       [I 2026-07-24 21:48:44,324] Trial 0 finished with value: 379.8827 and parameters: {'vwap_buy_deviation': -0.02750919762305275, 'take_profit_pct': 0.024014286128198326, 'buy_confirm_min_score': 26, 'notify_sell_threshold': 58, 'notify_buy_threshold': 44, 'stock_qty_strong_pct': 0.3045980821176709, 'stock_qty_base_pct': 0.16452090304204986, 'stock_rebuild_strong_pct': 0.9330880728874675, 'stock_first_add_pct': 0.2803345035229627}. Best is trial 0 with value: 379.8827.
  0%|          | 0/100 [02:23<?, ?it/s]Best trial: 0. Best value: 379.883:   0%|          | 0/100 [02:23<?, ?it/s]Best trial: 0. Best value: 379.883:   1%|          | 1/100 [02:23<3:56:28, 143.32s/it]                                                                                      [I 2026-07-24 21:51:21,325] Trial 1 finished with value: 189.4442 and parameters: {'vwap_buy_deviation': -0.02083854844407909, 'take_profit_pct': 0.005411689885916049, 'buy_confirm_min_score': 30, 'notify_sell_threshold': 65, 'notify_buy_threshold': 46, 'stock_qty_strong_pct': 0.3136387385224852, 'stock_qty_base_pct': 0.19585112746335845, 'stock_rebuild_strong_pct': 0.6521211214797689, 'stock_first_add_pct': 0.2574269294896714}. Best is trial 0 with value: 379.8827.
Best trial: 0. Best value: 379.883:   1%|          | 1/100 [05:00<3:56:28, 143.32s/it]Best trial: 0. Best value: 379.883:   1%|          | 1/100 [05:00<3:56:28, 143.32s/it]Best trial: 0. Best value: 379.883:   2%|▏         | 2/100 [05:00<4:07:13, 151.37s/it]                                                                                      [I 2026-07-24 21:53:32,022] Trial 2 finished with value: 611.8743 and parameters: {'vwap_buy_deviation': -0.026361099627157686, 'take_profit_pct': 0.010824582803960838, 'buy_confirm_min_score': 24, 'notify_sell_threshold': 44, 'notify_buy_threshold': 49, 'stock_qty_strong_pct': 0.3782266451527921, 'stock_qty_base_pct': 0.26401749605425895, 'stock_rebuild_strong_pct': 0.8925879806965068, 'stock_first_add_pct': 0.15990213464750794}. Best is trial 2 with value: 611.8743.
Best trial: 0. Best value: 379.883:   2%|▏         | 2/100 [07:11<4:07:13, 151.37s/it]Best trial: 2. Best value: 611.874:   2%|▏         | 2/100 [07:11<4:07:13, 151.37s/it]Best trial: 2. Best value: 611.874:   3%|▎         | 3/100 [07:11<3:49:27, 141.93s/it]                                                                                      [I 2026-07-24 21:55:30,256] Trial 3 finished with value: 380.1339 and parameters: {'vwap_buy_deviation': -0.02471531123172777, 'take_profit_pct': 0.01684829137724085, 'buy_confirm_min_score': 15, 'notify_sell_threshold': 58, 'notify_buy_threshold': 45, 'stock_qty_strong_pct': 0.27276805754484784, 'stock_qty_base_pct': 0.3872213843133333, 'stock_rebuild_strong_pct': 0.9828160165372797, 'stock_first_add_pct': 0.3425192044349384}. Best is trial 2 with value: 611.8743.
Best trial: 2. Best value: 611.874:   3%|▎         | 3/100 [09:09<3:49:27, 141.93s/it]Best trial: 2. Best value: 611.874:   3%|▎         | 3/100 [09:09<3:49:27, 141.93s/it]Best trial: 2. Best value: 611.874:   4%|▍         | 4/100 [09:09<3:32:07, 132.57s/it]                                                                                      [I 2026-07-24 21:57:34,263] Trial 4 finished with value: 465.1731 and parameters: {'vwap_buy_deviation': -0.028907724616532588, 'take_profit_pct': 0.006953442280127677, 'buy_confirm_min_score': 25, 'notify_sell_threshold': 53, 'notify_buy_threshold': 43, 'stock_qty_strong_pct': 0.42331191853894456, 'stock_qty_base_pct': 0.1585971302788046, 'stock_rebuild_strong_pct': 0.954660201039391, 'stock_first_add_pct': 0.1776339944800051}. Best is trial 2 with value: 611.8743.
Best trial: 2. Best value: 611.874:   4%|▍         | 4/100 [11:13<3:32:07, 132.57s/it]Best trial: 2. Best value: 611.874:   4%|▍         | 4/100 [11:13<3:32:07, 132.57s/it]Best trial: 2. Best value: 611.874:   5%|▌         | 5/100 [11:13<3:25:01, 129.48s/it]                                                                                      [I 2026-07-24 22:01:04,698] Trial 5 finished with value: 348.643 and parameters: {'vwap_buy_deviation': -0.02174955431292036, 'take_profit_pct': 0.01123422152178822, 'buy_confirm_min_score': 23, 'notify_sell_threshold': 56, 'notify_buy_threshold': 45, 'stock_qty_strong_pct': 0.5893546197175954, 'stock_qty_base_pct': 0.34378320584027866, 'stock_rebuild_strong_pct': 0.9697494707820946, 'stock_first_add_pct': 0.3684482051282947}. Best is trial 2 with value: 611.8743.
Best trial: 2. Best value: 611.874:   5%|▌         | 5/100 [14:43<3:25:01, 129.48s/it]Best trial: 2. Best value: 611.874:   5%|▌         | 5/100 [14:43<3:25:01, 129.48s/it]Best trial: 2. Best value: 611.874:   6%|▌         | 6/100 [14:43<4:05:58, 157.01s/it]                                                                                      [I 2026-07-24 22:04:37,846] Trial 6 finished with value: 356.8856 and parameters: {'vwap_buy_deviation': -0.023042000423778297, 'take_profit_pct': 0.02343748470046234, 'buy_confirm_min_score': 16, 'notify_sell_threshold': 46, 'notify_buy_threshold': 41, 'stock_qty_strong_pct': 0.3638656157671425, 'stock_qty_base_pct': 0.2471693224223705, 'stock_rebuild_strong_pct': 0.6356745158869479, 'stock_first_add_pct': 0.34862125274557887}. Best is trial 2 with value: 611.8743.
Best trial: 2. Best value: 611.874:   6%|▌         | 6/100 [18:16<4:05:58, 157.01s/it]Best trial: 2. Best value: 611.874:   6%|▌         | 6/100 [18:16<4:05:58, 157.01s/it]Best trial: 2. Best value: 611.874:   7%|▋         | 7/100 [18:16<4:31:48, 175.36s/it]                                                                                      [I 2026-07-24 22:07:59,346] Trial 7 finished with value: 104.2204 and parameters: {'vwap_buy_deviation': -0.027864933466128217, 'take_profit_pct': 0.010618690193747615, 'buy_confirm_min_score': 23, 'notify_sell_threshold': 44, 'notify_buy_threshold': 64, 'stock_qty_strong_pct': 0.2760927252879198, 'stock_qty_base_pct': 0.39672173415012935, 'stock_rebuild_strong_pct': 0.8861223846483287, 'stock_first_add_pct': 0.15961470446025172}. Best is trial 2 with value: 611.8743.
Best trial: 2. Best value: 611.874:   7%|▋         | 7/100 [21:38<4:31:48, 175.36s/it]Best trial: 2. Best value: 611.874:   7%|▋         | 7/100 [21:38<4:31:48, 175.36s/it]Best trial: 2. Best value: 611.874:   8%|▊         | 8/100 [21:38<4:41:38, 183.68s/it]                                                                                      [I 2026-07-24 22:11:05,800] Trial 8 finished with value: 125.6987 and parameters: {'vwap_buy_deviation': -0.03488955765752796, 'take_profit_pct': 0.021309228569096686, 'buy_confirm_min_score': 26, 'notify_sell_threshold': 62, 'notify_buy_threshold': 63, 'stock_qty_strong_pct': 0.2759156281069316, 'stock_qty_base_pct': 0.23961643213606815, 'stock_rebuild_strong_pct': 0.5579345297625649, 'stock_first_add_pct': 0.35893102776267805}. Best is trial 2 with value: 611.8743.
Best trial: 2. Best value: 611.874:   8%|▊         | 8/100 [24:44<4:41:38, 183.68s/it]Best trial: 2. Best value: 611.874:   8%|▊         | 8/100 [24:44<4:41:38, 183.68s/it]Best trial: 2. Best value: 611.874:   9%|▉         | 9/100 [24:44<4:39:53, 184.55s/it]                                                                                      [I 2026-07-24 22:14:10,389] Trial 9 finished with value: 503.0838 and parameters: {'vwap_buy_deviation': -0.02253403746344884, 'take_profit_pct': 0.011617960497052984, 'buy_confirm_min_score': 16, 'notify_sell_threshold': 49, 'notify_buy_threshold': 50, 'stock_qty_strong_pct': 0.5053621624183224, 'stock_qty_base_pct': 0.3093893678388033, 'stock_rebuild_strong_pct': 0.9436063712881633, 'stock_first_add_pct': 0.2416644775485848}. Best is trial 2 with value: 611.8743.
Best trial: 2. Best value: 611.874:   9%|▉         | 9/100 [27:49<4:39:53, 184.55s/it]Best trial: 2. Best value: 611.874:   9%|▉         | 9/100 [27:49<4:39:53, 184.55s/it]Best trial: 2. Best value: 611.874:  10%|█         | 10/100 [27:49<4:36:50, 184.56s/it]                                                                                       [I 2026-07-24 22:17:08,096] Trial 10 finished with value: 88.1396 and parameters: {'vwap_buy_deviation': -0.015956738043324703, 'take_profit_pct': 0.016665409979214008, 'buy_confirm_min_score': 19, 'notify_sell_threshold': 40, 'notify_buy_threshold': 56, 'stock_qty_strong_pct': 0.4513228233853454, 'stock_qty_base_pct': 0.2868169577799872, 'stock_rebuild_strong_pct': 0.7969008343156575, 'stock_first_add_pct': 0.11560257088590126}. Best is trial 2 with value: 611.8743.
Best trial: 2. Best value: 611.874:  10%|█         | 10/100 [30:47<4:36:50, 184.56s/it]Best trial: 2. Best value: 611.874:  10%|█         | 10/100 [30:47<4:36:50, 184.56s/it]Best trial: 2. Best value: 611.874:  11%|█         | 11/100 [30:47<4:30:39, 182.47s/it]                                                                                       [I 2026-07-24 22:20:08,676] Trial 11 finished with value: 307.5947 and parameters: {'vwap_buy_deviation': -0.018004962868217598, 'take_profit_pct': 0.011821865560323382, 'buy_confirm_min_score': 19, 'notify_sell_threshold': 49, 'notify_buy_threshold': 53, 'stock_qty_strong_pct': 0.5349443926014054, 'stock_qty_base_pct': 0.3088770983265765, 'stock_rebuild_strong_pct': 0.8035921370166128, 'stock_first_add_pct': 0.23188140947856548}. Best is trial 2 with value: 611.8743.
Best trial: 2. Best value: 611.874:  11%|█         | 11/100 [33:47<4:30:39, 182.47s/it]Best trial: 2. Best value: 611.874:  11%|█         | 11/100 [33:47<4:30:39, 182.47s/it]Best trial: 2. Best value: 611.874:  12%|█▏        | 12/100 [33:47<4:26:46, 181.89s/it]                                                                                       [I 2026-07-24 22:23:10,740] Trial 12 finished with value: 307.5947 and parameters: {'vwap_buy_deviation': -0.03186945269467718, 'take_profit_pct': 0.014491042812998178, 'buy_confirm_min_score': 30, 'notify_sell_threshold': 50, 'notify_buy_threshold': 53, 'stock_qty_strong_pct': 0.47843842007874327, 'stock_qty_base_pct': 0.2838736290370682, 'stock_rebuild_strong_pct': 0.8343128947820315, 'stock_first_add_pct': 0.20411883790898155}. Best is trial 2 with value: 611.8743.
Best trial: 2. Best value: 611.874:  12%|█▏        | 12/100 [36:49<4:26:46, 181.89s/it]Best trial: 2. Best value: 611.874:  12%|█▏        | 12/100 [36:49<4:26:46, 181.89s/it]Best trial: 2. Best value: 611.874:  13%|█▎        | 13/100 [36:49<4:23:48, 181.94s/it]                                                                                       [I 2026-07-24 22:26:07,401] Trial 13 finished with value: 397.7873 and parameters: {'vwap_buy_deviation': -0.025034636864365994, 'take_profit_pct': 0.00842407796955217, 'buy_confirm_min_score': 18, 'notify_sell_threshold': 40, 'notify_buy_threshold': 51, 'stock_qty_strong_pct': 0.37720454555868976, 'stock_qty_base_pct': 0.338332950424324, 'stock_rebuild_strong_pct': 0.8676644678682709, 'stock_first_add_pct': 0.11138748822958346}. Best is trial 2 with value: 611.8743.
Best trial: 2. Best value: 611.874:  13%|█▎        | 13/100 [39:46<4:23:48, 181.94s/it]Best trial: 2. Best value: 611.874:  13%|█▎        | 13/100 [39:46<4:23:48, 181.94s/it]Best trial: 2. Best value: 611.874:  14%|█▍        | 14/100 [39:46<4:18:29, 180.35s/it]                                                                                       [I 2026-07-24 22:29:08,844] Trial 14 finished with value: 140.7001 and parameters: {'vwap_buy_deviation': -0.01937303983758172, 'take_profit_pct': 0.014102047910751363, 'buy_confirm_min_score': 22, 'notify_sell_threshold': 70, 'notify_buy_threshold': 59, 'stock_qty_strong_pct': 0.5130646986855261, 'stock_qty_base_pct': 0.23309276290838574, 'stock_rebuild_strong_pct': 0.741887053874, 'stock_first_add_pct': 0.3114781247804532}. Best is trial 2 with value: 611.8743.
Best trial: 2. Best value: 611.874:  14%|█▍        | 14/100 [42:47<4:18:29, 180.35s/it]Best trial: 2. Best value: 611.874:  14%|█▍        | 14/100 [42:47<4:18:29, 180.35s/it]Best trial: 2. Best value: 611.874:  15%|█▌        | 15/100 [42:47<4:15:57, 180.68s/it]                                                                                       [I 2026-07-24 22:32:08,082] Trial 15 finished with value: 570.5789 and parameters: {'vwap_buy_deviation': -0.025448118002714563, 'take_profit_pct': 0.00886438251090384, 'buy_confirm_min_score': 21, 'notify_sell_threshold': 45, 'notify_buy_threshold': 49, 'stock_qty_strong_pct': 0.5939401548722316, 'stock_qty_base_pct': 0.27082457772124346, 'stock_rebuild_strong_pct': 0.902108119336732, 'stock_first_add_pct': 0.15904928478000113}. Best is trial 2 with value: 611.8743.
Best trial: 2. Best value: 611.874:  15%|█▌        | 15/100 [45:47<4:15:57, 180.68s/it]Best trial: 2. Best value: 611.874:  15%|█▌        | 15/100 [45:47<4:15:57, 180.68s/it]Best trial: 2. Best value: 611.874:  16%|█▌        | 16/100 [45:47<4:12:20, 180.24s/it]                                                                                       [I 2026-07-24 22:35:21,053] Trial 16 finished with value: 611.8743 and parameters: {'vwap_buy_deviation': -0.030568732411275543, 'take_profit_pct': 0.008648552267458047, 'buy_confirm_min_score': 21, 'notify_sell_threshold': 44, 'notify_buy_threshold': 49, 'stock_qty_strong_pct': 0.5813817242447471, 'stock_qty_base_pct': 0.21291869254892623, 'stock_rebuild_strong_pct': 0.7602618883344039, 'stock_first_add_pct': 0.14803700916290616}. Best is trial 2 with value: 611.8743.
Best trial: 2. Best value: 611.874:  16%|█▌        | 16/100 [49:00<4:12:20, 180.24s/it]Best trial: 2. Best value: 611.874:  16%|█▌        | 16/100 [49:00<4:12:20, 180.24s/it]Best trial: 2. Best value: 611.874:  17%|█▋        | 17/100 [49:00<4:14:37, 184.07s/it]                                                                                       [I 2026-07-24 22:38:22,380] Trial 17 finished with value: 88.9742 and parameters: {'vwap_buy_deviation': -0.030734333287377555, 'take_profit_pct': 0.0051035536110801746, 'buy_confirm_min_score': 28, 'notify_sell_threshold': 43, 'notify_buy_threshold': 58, 'stock_qty_strong_pct': 0.39956675478469, 'stock_qty_base_pct': 0.20571281152259815, 'stock_rebuild_strong_pct': 0.7034842567783093, 'stock_first_add_pct': 0.1367562628253164}. Best is trial 2 with value: 611.8743.
Best trial: 2. Best value: 611.874:  17%|█▋        | 17/100 [52:01<4:14:37, 184.07s/it]Best trial: 2. Best value: 611.874:  17%|█▋        | 17/100 [52:01<4:14:37, 184.07s/it]Best trial: 2. Best value: 611.874:  18%|█▊        | 18/100 [52:01<4:10:26, 183.25s/it]                                                                                       [I 2026-07-24 22:41:17,066] Trial 18 finished with value: 376.6469 and parameters: {'vwap_buy_deviation': -0.033841907412463665, 'take_profit_pct': 0.013896470417393975, 'buy_confirm_min_score': 21, 'notify_sell_threshold': 52, 'notify_buy_threshold': 40, 'stock_qty_strong_pct': 0.539668447165796, 'stock_qty_base_pct': 0.20222353670184387, 'stock_rebuild_strong_pct': 0.751463683265423, 'stock_first_add_pct': 0.20104475674287348}. Best is trial 2 with value: 611.8743.
Best trial: 2. Best value: 611.874:  18%|█▊        | 18/100 [54:56<4:10:26, 183.25s/it]Best trial: 2. Best value: 611.874:  18%|█▊        | 18/100 [54:56<4:10:26, 183.25s/it]Best trial: 2. Best value: 611.874:  19%|█▉        | 19/100 [54:56<4:03:54, 180.68s/it]                                                                                       [I 2026-07-24 22:44:08,672] Trial 19 finished with value: 559.836 and parameters: {'vwap_buy_deviation': -0.03046414647591555, 'take_profit_pct': 0.009029178463156777, 'buy_confirm_min_score': 25, 'notify_sell_threshold': 46, 'notify_buy_threshold': 47, 'stock_qty_strong_pct': 0.3352760589510749, 'stock_qty_base_pct': 0.22647810521579922, 'stock_rebuild_strong_pct': 0.576433584443303, 'stock_first_add_pct': 0.20100535537751407}. Best is trial 2 with value: 611.8743.
Best trial: 2. Best value: 611.874:  19%|█▉        | 19/100 [57:47<4:03:54, 180.68s/it]Best trial: 2. Best value: 611.874:  19%|█▉        | 19/100 [57:47<4:03:54, 180.68s/it]Best trial: 2. Best value: 611.874:  20%|██        | 20/100 [57:47<3:57:16, 177.95s/it]                                                                                       [I 2026-07-24 22:47:16,819] Trial 20 finished with value: -99.768 and parameters: {'vwap_buy_deviation': -0.032272693545271305, 'take_profit_pct': 0.01906815597256939, 'buy_confirm_min_score': 24, 'notify_sell_threshold': 42, 'notify_buy_threshold': 69, 'stock_qty_strong_pct': 0.44992005816485486, 'stock_qty_base_pct': 0.17828286045692462, 'stock_rebuild_strong_pct': 0.5058104808137767, 'stock_first_add_pct': 0.39815283551491254}. Best is trial 2 with value: 611.8743.
Best trial: 2. Best value: 611.874:  20%|██        | 20/100 [1:00:55<3:57:16, 177.95s/it]Best trial: 2. Best value: 611.874:  20%|██        | 20/100 [1:00:55<3:57:16, 177.95s/it]Best trial: 2. Best value: 611.874:  21%|██        | 21/100 [1:00:55<3:58:20, 181.01s/it]                                                                                         [I 2026-07-24 22:50:11,273] Trial 21 finished with value: 524.6619 and parameters: {'vwap_buy_deviation': -0.026251071947157135, 'take_profit_pct': 0.008801268499166669, 'buy_confirm_min_score': 21, 'notify_sell_threshold': 46, 'notify_buy_threshold': 49, 'stock_qty_strong_pct': 0.5934430350597052, 'stock_qty_base_pct': 0.26700976863428066, 'stock_rebuild_strong_pct': 0.8939840702766954, 'stock_first_add_pct': 0.15513834748483388}. Best is trial 2 with value: 611.8743.
Best trial: 2. Best value: 611.874:  21%|██        | 21/100 [1:03:50<3:58:20, 181.01s/it]Best trial: 2. Best value: 611.874:  21%|██        | 21/100 [1:03:50<3:58:20, 181.01s/it]Best trial: 2. Best value: 611.874:  22%|██▏       | 22/100 [1:03:50<3:52:45, 179.04s/it]                                                                                         [I 2026-07-24 22:53:05,646] Trial 22 finished with value: 77.5494 and parameters: {'vwap_buy_deviation': -0.029197172486720047, 'take_profit_pct': 0.007085066839453419, 'buy_confirm_min_score': 20, 'notify_sell_threshold': 45, 'notify_buy_threshold': 53, 'stock_qty_strong_pct': 0.57021335927704, 'stock_qty_base_pct': 0.2614352881184025, 'stock_rebuild_strong_pct': 0.8449638608200779, 'stock_first_add_pct': 0.13965048314710768}. Best is trial 2 with value: 611.8743.
Best trial: 2. Best value: 611.874:  22%|██▏       | 22/100 [1:06:44<3:52:45, 179.04s/it]Best trial: 2. Best value: 611.874:  22%|██▏       | 22/100 [1:06:44<3:52:45, 179.04s/it]Best trial: 2. Best value: 611.874:  23%|██▎       | 23/100 [1:06:44<3:47:58, 177.64s/it]                                                                                         [I 2026-07-24 22:56:04,882] Trial 23 finished with value: 539.0231 and parameters: {'vwap_buy_deviation': -0.024924451668174405, 'take_profit_pct': 0.009825551019444198, 'buy_confirm_min_score': 22, 'notify_sell_threshold': 48, 'notify_buy_threshold': 48, 'stock_qty_strong_pct': 0.5541589296170972, 'stock_qty_base_pct': 0.2796132539333711, 'stock_rebuild_strong_pct': 0.9120200667001224, 'stock_first_add_pct': 0.18000301376905767}. Best is trial 2 with value: 611.8743.
Best trial: 2. Best value: 611.874:  23%|██▎       | 23/100 [1:09:43<3:47:58, 177.64s/it]Best trial: 2. Best value: 611.874:  23%|██▎       | 23/100 [1:09:43<3:47:58, 177.64s/it]Best trial: 2. Best value: 611.874:  24%|██▍       | 24/100 [1:09:43<3:45:37, 178.12s/it]                                                                                         [I 2026-07-24 22:58:57,445] Trial 24 finished with value: 77.5494 and parameters: {'vwap_buy_deviation': -0.02687762613744601, 'take_profit_pct': 0.012765217237107145, 'buy_confirm_min_score': 18, 'notify_sell_threshold': 42, 'notify_buy_threshold': 55, 'stock_qty_strong_pct': 0.5006815724699164, 'stock_qty_base_pct': 0.22433071613410946, 'stock_rebuild_strong_pct': 0.7874569558001434, 'stock_first_add_pct': 0.13603988221611052}. Best is trial 2 with value: 611.8743.
Best trial: 2. Best value: 611.874:  24%|██▍       | 24/100 [1:12:36<3:45:37, 178.12s/it]Best trial: 2. Best value: 611.874:  24%|██▍       | 24/100 [1:12:36<3:45:37, 178.12s/it]Best trial: 2. Best value: 611.874:  25%|██▌       | 25/100 [1:12:36<3:40:34, 176.45s/it]                                                                                         [I 2026-07-24 23:01:51,740] Trial 25 finished with value: 434.3918 and parameters: {'vwap_buy_deviation': -0.023781241976297565, 'take_profit_pct': 0.007401006867092357, 'buy_confirm_min_score': 21, 'notify_sell_threshold': 52, 'notify_buy_threshold': 51, 'stock_qty_strong_pct': 0.5995620910366312, 'stock_qty_base_pct': 0.305957816566714, 'stock_rebuild_strong_pct': 0.7097796925289314, 'stock_first_add_pct': 0.10074289300218675}. Best is trial 2 with value: 611.8743.
