Best trial: 51. Best value: 767.755:  65%|██████▌   | 65/100 [1:53:15<59:44, 102.41s/it]Best trial: 51. Best value: 767.755:  65%|██████▌   | 65/100 [1:53:15<59:44, 102.41s/it]Best trial: 51. Best value: 767.755:  66%|██████▌   | 66/100 [1:53:15<57:21, 101.22s/it]                                                                                        [I 2026-07-24 00:29:55,246] Trial 66 finished with value: 0.0 and parameters: {'vwap_buy_deviation': -0.022754765263456517, 'take_profit_pct': 0.024180537913856333, 'buy_confirm_min_score': 18, 'notify_sell_threshold': 50, 'notify_buy_threshold': 40}. Best is trial 51 with value: 767.755.
Best trial: 51. Best value: 767.755:  66%|██████▌   | 66/100 [1:54:58<57:21, 101.22s/it]Best trial: 51. Best value: 767.755:  66%|██████▌   | 66/100 [1:54:58<57:21, 101.22s/it]Best trial: 51. Best value: 767.755:  67%|██████▋   | 67/100 [1:54:58<55:55, 101.69s/it]                                                                                        [I 2026-07-24 00:31:39,690] Trial 67 finished with value: -9999.0 and parameters: {'vwap_buy_deviation': -0.02491079673001216, 'take_profit_pct': 0.018609722254656305, 'buy_confirm_min_score': 15, 'notify_sell_threshold': 58, 'notify_buy_threshold': 62}. Best is trial 51 with value: 767.755.
Best trial: 51. Best value: 767.755:  67%|██████▋   | 67/100 [1:56:42<55:55, 101.69s/it]Best trial: 51. Best value: 767.755:  67%|██████▋   | 67/100 [1:56:42<55:55, 101.69s/it]Best trial: 51. Best value: 767.755:  68%|██████▊   | 68/100 [1:56:42<54:40, 102.52s/it]                                                                                        [I 2026-07-24 00:33:18,105] Trial 68 finished with value: 99.2223 and parameters: {'vwap_buy_deviation': -0.020974469663546158, 'take_profit_pct': 0.022682275797582304, 'buy_confirm_min_score': 18, 'notify_sell_threshold': 53, 'notify_buy_threshold': 46}. Best is trial 51 with value: 767.755.
Best trial: 51. Best value: 767.755:  68%|██████▊   | 68/100 [1:58:20<54:40, 102.52s/it]Best trial: 51. Best value: 767.755:  68%|██████▊   | 68/100 [1:58:20<54:40, 102.52s/it]Best trial: 51. Best value: 767.755:  69%|██████▉   | 69/100 [1:58:20<52:19, 101.29s/it]                                                                                        [I 2026-07-24 00:35:01,914] Trial 69 finished with value: -9999.0 and parameters: {'vwap_buy_deviation': -0.025806211913074216, 'take_profit_pct': 0.007071894339774452, 'buy_confirm_min_score': 17, 'notify_sell_threshold': 54, 'notify_buy_threshold': 42}. Best is trial 51 with value: 767.755.
Best trial: 51. Best value: 767.755:  69%|██████▉   | 69/100 [2:00:04<52:19, 101.29s/it]Best trial: 51. Best value: 767.755:  69%|██████▉   | 69/100 [2:00:04<52:19, 101.29s/it]Best trial: 51. Best value: 767.755:  70%|███████   | 70/100 [2:00:04<51:01, 102.04s/it]                                                                                        [I 2026-07-24 00:36:44,122] Trial 70 finished with value: 754.0247 and parameters: {'vwap_buy_deviation': -0.022098621757586635, 'take_profit_pct': 0.02203679539050025, 'buy_confirm_min_score': 16, 'notify_sell_threshold': 60, 'notify_buy_threshold': 43}. Best is trial 51 with value: 767.755.
Best trial: 51. Best value: 767.755:  70%|███████   | 70/100 [2:01:46<51:01, 102.04s/it]Best trial: 51. Best value: 767.755:  70%|███████   | 70/100 [2:01:46<51:01, 102.04s/it]Best trial: 51. Best value: 767.755:  71%|███████   | 71/100 [2:01:46<49:20, 102.09s/it]                                                                                        [I 2026-07-24 00:38:24,548] Trial 71 finished with value: 757.4572 and parameters: {'vwap_buy_deviation': -0.021969428339005708, 'take_profit_pct': 0.022001260117652393, 'buy_confirm_min_score': 16, 'notify_sell_threshold': 60, 'notify_buy_threshold': 43}. Best is trial 51 with value: 767.755.
Best trial: 51. Best value: 767.755:  71%|███████   | 71/100 [2:03:27<49:20, 102.09s/it]Best trial: 51. Best value: 767.755:  71%|███████   | 71/100 [2:03:27<49:20, 102.09s/it]Best trial: 51. Best value: 767.755:  72%|███████▏  | 72/100 [2:03:27<47:24, 101.59s/it]                                                                                        [I 2026-07-24 00:40:08,177] Trial 72 finished with value: 679.7719 and parameters: {'vwap_buy_deviation': -0.02184253449443332, 'take_profit_pct': 0.021878066110830968, 'buy_confirm_min_score': 16, 'notify_sell_threshold': 62, 'notify_buy_threshold': 43}. Best is trial 51 with value: 767.755.
Best trial: 51. Best value: 767.755:  72%|███████▏  | 72/100 [2:05:10<47:24, 101.59s/it]Best trial: 51. Best value: 767.755:  72%|███████▏  | 72/100 [2:05:10<47:24, 101.59s/it]Best trial: 51. Best value: 767.755:  73%|███████▎  | 73/100 [2:05:10<45:59, 102.20s/it]                                                                                        [I 2026-07-24 00:41:47,525] Trial 73 finished with value: 135.5323 and parameters: {'vwap_buy_deviation': -0.023400585846673337, 'take_profit_pct': 0.020774457754906116, 'buy_confirm_min_score': 15, 'notify_sell_threshold': 60, 'notify_buy_threshold': 44}. Best is trial 51 with value: 767.755.
Best trial: 51. Best value: 767.755:  73%|███████▎  | 73/100 [2:06:50<45:59, 102.20s/it]Best trial: 51. Best value: 767.755:  73%|███████▎  | 73/100 [2:06:50<45:59, 102.20s/it]Best trial: 51. Best value: 767.755:  74%|███████▍  | 74/100 [2:06:50<43:55, 101.35s/it]                                                                                        [I 2026-07-24 00:43:31,729] Trial 74 finished with value: 696.7638 and parameters: {'vwap_buy_deviation': -0.022788978412453413, 'take_profit_pct': 0.022091205551659502, 'buy_confirm_min_score': 16, 'notify_sell_threshold': 64, 'notify_buy_threshold': 41}. Best is trial 51 with value: 767.755.
Best trial: 51. Best value: 767.755:  74%|███████▍  | 74/100 [2:08:34<43:55, 101.35s/it]Best trial: 51. Best value: 767.755:  74%|███████▍  | 74/100 [2:08:34<43:55, 101.35s/it]Best trial: 51. Best value: 767.755:  75%|███████▌  | 75/100 [2:08:34<42:35, 102.20s/it]                                                                                        [I 2026-07-24 00:45:14,399] Trial 75 finished with value: -9999.0 and parameters: {'vwap_buy_deviation': -0.024505969300372302, 'take_profit_pct': 0.019353780783808203, 'buy_confirm_min_score': 15, 'notify_sell_threshold': 61, 'notify_buy_threshold': 48}. Best is trial 51 with value: 767.755.
Best trial: 51. Best value: 767.755:  75%|███████▌  | 75/100 [2:10:17<42:35, 102.20s/it]Best trial: 51. Best value: 767.755:  75%|███████▌  | 75/100 [2:10:17<42:35, 102.20s/it]Best trial: 51. Best value: 767.755:  76%|███████▌  | 76/100 [2:10:17<40:56, 102.34s/it]                                                                                        [I 2026-07-24 00:46:53,503] Trial 76 finished with value: 851.2054 and parameters: {'vwap_buy_deviation': -0.022031990091142328, 'take_profit_pct': 0.0212280671695597, 'buy_confirm_min_score': 16, 'notify_sell_threshold': 63, 'notify_buy_threshold': 43}. Best is trial 76 with value: 851.2054.
Best trial: 51. Best value: 767.755:  76%|███████▌  | 76/100 [2:11:56<40:56, 102.34s/it]Best trial: 76. Best value: 851.205:  76%|███████▌  | 76/100 [2:11:56<40:56, 102.34s/it]Best trial: 76. Best value: 851.205:  77%|███████▋  | 77/100 [2:11:56<38:51, 101.37s/it]                                                                                        [I 2026-07-24 00:48:42,561] Trial 77 finished with value: 126.5022 and parameters: {'vwap_buy_deviation': -0.024033217455451013, 'take_profit_pct': 0.020214201617181418, 'buy_confirm_min_score': 16, 'notify_sell_threshold': 65, 'notify_buy_threshold': 45}. Best is trial 76 with value: 851.2054.
Best trial: 76. Best value: 851.205:  77%|███████▋  | 77/100 [2:13:45<38:51, 101.37s/it]Best trial: 76. Best value: 851.205:  77%|███████▋  | 77/100 [2:13:45<38:51, 101.37s/it]Best trial: 76. Best value: 851.205:  78%|███████▊  | 78/100 [2:13:45<38:00, 103.68s/it]                                                                                        [I 2026-07-24 00:50:22,461] Trial 78 finished with value: 109.9457 and parameters: {'vwap_buy_deviation': -0.022527060636731714, 'take_profit_pct': 0.021141434873165808, 'buy_confirm_min_score': 17, 'notify_sell_threshold': 63, 'notify_buy_threshold': 44}. Best is trial 76 with value: 851.2054.
Best trial: 76. Best value: 851.205:  78%|███████▊  | 78/100 [2:15:25<38:00, 103.68s/it]Best trial: 76. Best value: 851.205:  78%|███████▊  | 78/100 [2:15:25<38:00, 103.68s/it]Best trial: 76. Best value: 851.205:  79%|███████▉  | 79/100 [2:15:25<35:53, 102.55s/it]                                                                                        [I 2026-07-24 00:52:01,142] Trial 79 finished with value: 229.3602 and parameters: {'vwap_buy_deviation': -0.01967519052812291, 'take_profit_pct': 0.0243534103157954, 'buy_confirm_min_score': 18, 'notify_sell_threshold': 65, 'notify_buy_threshold': 45}. Best is trial 76 with value: 851.2054.
Best trial: 76. Best value: 851.205:  79%|███████▉  | 79/100 [2:17:03<35:53, 102.55s/it]Best trial: 76. Best value: 851.205:  79%|███████▉  | 79/100 [2:17:03<35:53, 102.55s/it]Best trial: 76. Best value: 851.205:  80%|████████  | 80/100 [2:17:03<33:47, 101.39s/it]                                                                                        [I 2026-07-24 00:53:43,683] Trial 80 finished with value: -9999.0 and parameters: {'vwap_buy_deviation': -0.020791017564936058, 'take_profit_pct': 0.02280997157212833, 'buy_confirm_min_score': 16, 'notify_sell_threshold': 67, 'notify_buy_threshold': 55}. Best is trial 76 with value: 851.2054.
Best trial: 76. Best value: 851.205:  80%|████████  | 80/100 [2:18:46<33:47, 101.39s/it]Best trial: 76. Best value: 851.205:  80%|████████  | 80/100 [2:18:46<33:47, 101.39s/it]Best trial: 76. Best value: 851.205:  81%|████████  | 81/100 [2:18:46<32:12, 101.73s/it]                                                                                        [I 2026-07-24 00:55:24,014] Trial 81 finished with value: 138.3364 and parameters: {'vwap_buy_deviation': -0.021945284404080823, 'take_profit_pct': 0.021470907927786588, 'buy_confirm_min_score': 15, 'notify_sell_threshold': 59, 'notify_buy_threshold': 43}. Best is trial 76 with value: 851.2054.
Best trial: 76. Best value: 851.205:  81%|████████  | 81/100 [2:20:26<32:12, 101.73s/it]Best trial: 76. Best value: 851.205:  81%|████████  | 81/100 [2:20:26<32:12, 101.73s/it]Best trial: 76. Best value: 851.205:  82%|████████▏ | 82/100 [2:20:26<30:23, 101.31s/it]                                                                                        [I 2026-07-24 00:57:07,903] Trial 82 finished with value: 670.1764 and parameters: {'vwap_buy_deviation': -0.021531442137826304, 'take_profit_pct': 0.02235030483016613, 'buy_confirm_min_score': 16, 'notify_sell_threshold': 61, 'notify_buy_threshold': 42}. Best is trial 76 with value: 851.2054.
Best trial: 76. Best value: 851.205:  82%|████████▏ | 82/100 [2:22:10<30:23, 101.31s/it]Best trial: 76. Best value: 851.205:  82%|████████▏ | 82/100 [2:22:10<30:23, 101.31s/it]Best trial: 76. Best value: 851.205:  83%|████████▎ | 83/100 [2:22:10<28:55, 102.09s/it]                                                                                        [I 2026-07-24 00:58:50,602] Trial 83 finished with value: 641.608 and parameters: {'vwap_buy_deviation': -0.022059002231125984, 'take_profit_pct': 0.023160482522229166, 'buy_confirm_min_score': 15, 'notify_sell_threshold': 57, 'notify_buy_threshold': 40}. Best is trial 76 with value: 851.2054.
Best trial: 76. Best value: 851.205:  83%|████████▎ | 83/100 [2:23:53<28:55, 102.09s/it]Best trial: 76. Best value: 851.205:  83%|████████▎ | 83/100 [2:23:53<28:55, 102.09s/it]Best trial: 76. Best value: 851.205:  84%|████████▍ | 84/100 [2:23:53<27:16, 102.27s/it]                                                                                        [I 2026-07-24 01:00:28,773] Trial 84 finished with value: 125.0518 and parameters: {'vwap_buy_deviation': -0.023406520359223835, 'take_profit_pct': 0.02050337982410919, 'buy_confirm_min_score': 16, 'notify_sell_threshold': 55, 'notify_buy_threshold': 41}. Best is trial 76 with value: 851.2054.
Best trial: 76. Best value: 851.205:  84%|████████▍ | 84/100 [2:25:31<27:16, 102.27s/it]Best trial: 76. Best value: 851.205:  84%|████████▍ | 84/100 [2:25:31<27:16, 102.27s/it]Best trial: 76. Best value: 851.205:  85%|████████▌ | 85/100 [2:25:31<25:15, 101.04s/it]                                                                                        [I 2026-07-24 01:02:13,367] Trial 85 finished with value: 656.6708 and parameters: {'vwap_buy_deviation': -0.02119222029528052, 'take_profit_pct': 0.021824744789506557, 'buy_confirm_min_score': 17, 'notify_sell_threshold': 63, 'notify_buy_threshold': 43}. Best is trial 76 with value: 851.2054.
Best trial: 76. Best value: 851.205:  85%|████████▌ | 85/100 [2:27:16<25:15, 101.04s/it]Best trial: 76. Best value: 851.205:  85%|████████▌ | 85/100 [2:27:16<25:15, 101.04s/it]Best trial: 76. Best value: 851.205:  86%|████████▌ | 86/100 [2:27:16<23:49, 102.11s/it]                                                                                        [I 2026-07-24 01:03:56,290] Trial 86 finished with value: 154.1163 and parameters: {'vwap_buy_deviation': -0.02368993791983064, 'take_profit_pct': 0.01974384889380853, 'buy_confirm_min_score': 15, 'notify_sell_threshold': 60, 'notify_buy_threshold': 42}. Best is trial 76 with value: 851.2054.
Best trial: 76. Best value: 851.205:  86%|████████▌ | 86/100 [2:28:59<23:49, 102.11s/it]Best trial: 76. Best value: 851.205:  86%|████████▌ | 86/100 [2:28:59<23:49, 102.11s/it]Best trial: 76. Best value: 851.205:  87%|████████▋ | 87/100 [2:28:59<22:10, 102.35s/it]                                                                                        [I 2026-07-24 01:05:34,824] Trial 87 finished with value: 180.6657 and parameters: {'vwap_buy_deviation': -0.022982708502518042, 'take_profit_pct': 0.021196145951681334, 'buy_confirm_min_score': 17, 'notify_sell_threshold': 58, 'notify_buy_threshold': 44}. Best is trial 76 with value: 851.2054.
Best trial: 76. Best value: 851.205:  87%|████████▋ | 87/100 [2:30:37<22:10, 102.35s/it]Best trial: 76. Best value: 851.205:  87%|████████▋ | 87/100 [2:30:37<22:10, 102.35s/it]Best trial: 76. Best value: 851.205:  88%|████████▊ | 88/100 [2:30:37<20:14, 101.21s/it]                                                                                        [I 2026-07-24 01:07:17,740] Trial 88 finished with value: 59.845 and parameters: {'vwap_buy_deviation': -0.03491468702806327, 'take_profit_pct': 0.02223871577885817, 'buy_confirm_min_score': 16, 'notify_sell_threshold': 63, 'notify_buy_threshold': 46}. Best is trial 76 with value: 851.2054.
Best trial: 76. Best value: 851.205:  88%|████████▊ | 88/100 [2:32:20<20:14, 101.21s/it]Best trial: 76. Best value: 851.205:  88%|████████▊ | 88/100 [2:32:20<20:14, 101.21s/it]Best trial: 76. Best value: 851.205:  89%|████████▉ | 89/100 [2:32:20<18:38, 101.72s/it]                                                                                        [I 2026-07-24 01:08:57,592] Trial 89 finished with value: -9999.0 and parameters: {'vwap_buy_deviation': -0.019016294153715314, 'take_profit_pct': 0.022982184003004832, 'buy_confirm_min_score': 16, 'notify_sell_threshold': 59, 'notify_buy_threshold': 70}. Best is trial 76 with value: 851.2054.
Best trial: 76. Best value: 851.205:  89%|████████▉ | 89/100 [2:34:00<18:38, 101.72s/it]Best trial: 76. Best value: 851.205:  89%|████████▉ | 89/100 [2:34:00<18:38, 101.72s/it]Best trial: 76. Best value: 851.205:  90%|█████████ | 90/100 [2:34:00<16:51, 101.16s/it]                                                                                        [I 2026-07-24 01:10:38,489] Trial 90 finished with value: 703.3301 and parameters: {'vwap_buy_deviation': -0.02066658734368243, 'take_profit_pct': 0.0234553578917029, 'buy_confirm_min_score': 15, 'notify_sell_threshold': 57, 'notify_buy_threshold': 41}. Best is trial 76 with value: 851.2054.
Best trial: 76. Best value: 851.205:  90%|█████████ | 90/100 [2:35:41<16:51, 101.16s/it]Best trial: 76. Best value: 851.205:  90%|█████████ | 90/100 [2:35:41<16:51, 101.16s/it]Best trial: 76. Best value: 851.205:  91%|█████████ | 91/100 [2:35:41<15:09, 101.08s/it]                                                                                        [I 2026-07-24 01:12:21,323] Trial 91 finished with value: 702.6026 and parameters: {'vwap_buy_deviation': -0.020121150767246784, 'take_profit_pct': 0.023680084218091764, 'buy_confirm_min_score': 15, 'notify_sell_threshold': 57, 'notify_buy_threshold': 41}. Best is trial 76 with value: 851.2054.
Best trial: 76. Best value: 851.205:  91%|█████████ | 91/100 [2:37:24<15:09, 101.08s/it]Best trial: 76. Best value: 851.205:  91%|█████████ | 91/100 [2:37:24<15:09, 101.08s/it]Best trial: 76. Best value: 851.205:  92%|█████████▏| 92/100 [2:37:24<13:32, 101.61s/it]                                                                                        [I 2026-07-24 01:13:59,083] Trial 92 finished with value: 388.9488 and parameters: {'vwap_buy_deviation': -0.020727147282847285, 'take_profit_pct': 0.024447008817799973, 'buy_confirm_min_score': 16, 'notify_sell_threshold': 55, 'notify_buy_threshold': 40}. Best is trial 76 with value: 851.2054.
Best trial: 76. Best value: 851.205:  92%|█████████▏| 92/100 [2:39:01<13:32, 101.61s/it]Best trial: 76. Best value: 851.205:  92%|█████████▏| 92/100 [2:39:01<13:32, 101.61s/it]Best trial: 76. Best value: 851.205:  93%|█████████▎| 93/100 [2:39:01<11:43, 100.45s/it]                                                                                        [I 2026-07-24 01:15:43,488] Trial 93 finished with value: 783.8577 and parameters: {'vwap_buy_deviation': -0.022392839161325874, 'take_profit_pct': 0.02233088344740561, 'buy_confirm_min_score': 15, 'notify_sell_threshold': 58, 'notify_buy_threshold': 42}. Best is trial 76 with value: 851.2054.
Best trial: 76. Best value: 851.205:  93%|█████████▎| 93/100 [2:40:46<11:43, 100.45s/it]Best trial: 76. Best value: 851.205:  93%|█████████▎| 93/100 [2:40:46<11:43, 100.45s/it]Best trial: 76. Best value: 851.205:  94%|█████████▍| 94/100 [2:40:46<10:09, 101.64s/it]                                                                                        [I 2026-07-24 01:17:26,333] Trial 94 finished with value: 649.1608 and parameters: {'vwap_buy_deviation': -0.0225010443578735, 'take_profit_pct': 0.022442343837572057, 'buy_confirm_min_score': 17, 'notify_sell_threshold': 58, 'notify_buy_threshold': 43}. Best is trial 76 with value: 851.2054.
Best trial: 76. Best value: 851.205:  94%|█████████▍| 94/100 [2:42:29<10:09, 101.64s/it]Best trial: 76. Best value: 851.205:  94%|█████████▍| 94/100 [2:42:29<10:09, 101.64s/it]Best trial: 76. Best value: 851.205:  95%|█████████▌| 95/100 [2:42:29<08:29, 102.00s/it]                                                                                        [I 2026-07-24 01:19:04,669] Trial 95 finished with value: 148.7293 and parameters: {'vwap_buy_deviation': -0.021506099536812234, 'take_profit_pct': 0.021939231662014076, 'buy_confirm_min_score': 16, 'notify_sell_threshold': 52, 'notify_buy_threshold': 42}. Best is trial 76 with value: 851.2054.
Best trial: 76. Best value: 851.205:  95%|█████████▌| 95/100 [2:44:07<08:29, 102.00s/it]Best trial: 76. Best value: 851.205:  95%|█████████▌| 95/100 [2:44:07<08:29, 102.00s/it]Best trial: 76. Best value: 851.205:  96%|█████████▌| 96/100 [2:44:07<06:43, 100.90s/it]                                                                                        [I 2026-07-24 01:20:47,151] Trial 96 finished with value: 145.9936 and parameters: {'vwap_buy_deviation': -0.0220635581981012, 'take_profit_pct': 0.020643416361769917, 'buy_confirm_min_score': 15, 'notify_sell_threshold': 60, 'notify_buy_threshold': 43}. Best is trial 76 with value: 851.2054.
Best trial: 76. Best value: 851.205:  96%|█████████▌| 96/100 [2:45:49<06:43, 100.90s/it]Best trial: 76. Best value: 851.205:  96%|█████████▌| 96/100 [2:45:49<06:43, 100.90s/it]Best trial: 76. Best value: 851.205:  97%|█████████▋| 97/100 [2:45:49<05:04, 101.38s/it]                                                                                        [I 2026-07-24 01:22:30,543] Trial 97 finished with value: 146.4957 and parameters: {'vwap_buy_deviation': -0.023166457052514595, 'take_profit_pct': 0.02147686074750278, 'buy_confirm_min_score': 17, 'notify_sell_threshold': 56, 'notify_buy_threshold': 42}. Best is trial 76 with value: 851.2054.
Best trial: 76. Best value: 851.205:  97%|█████████▋| 97/100 [2:47:33<05:04, 101.38s/it]Best trial: 76. Best value: 851.205:  97%|█████████▋| 97/100 [2:47:33<05:04, 101.38s/it]Best trial: 76. Best value: 851.205:  98%|█████████▊| 98/100 [2:47:33<03:23, 101.98s/it]                                                                                        [I 2026-07-24 01:24:07,984] Trial 98 finished with value: 139.2755 and parameters: {'vwap_buy_deviation': -0.02124735641642498, 'take_profit_pct': 0.02005001177409899, 'buy_confirm_min_score': 16, 'notify_sell_threshold': 61, 'notify_buy_threshold': 44}. Best is trial 76 with value: 851.2054.
