Best trial: 28. Best value: 592.244:  32%|███▏      | 32/100 [57:18<1:55:43, 102.11s/it]Best trial: 28. Best value: 592.244:  32%|███▏      | 32/100 [57:18<1:55:43, 102.11s/it]Best trial: 28. Best value: 592.244:  33%|███▎      | 33/100 [57:18<1:54:35, 102.62s/it]                                                                                        [I 2026-07-23 23:33:55,556] Trial 33 finished with value: 757.6367 and parameters: {'vwap_buy_deviation': -0.020640120827513125, 'take_profit_pct': 0.022213315276427885, 'buy_confirm_min_score': 15, 'notify_sell_threshold': 57, 'notify_buy_threshold': 42}. Best is trial 33 with value: 757.6367.
Best trial: 28. Best value: 592.244:  33%|███▎      | 33/100 [58:58<1:54:35, 102.62s/it]Best trial: 33. Best value: 757.637:  33%|███▎      | 33/100 [58:58<1:54:35, 102.62s/it]Best trial: 33. Best value: 757.637:  34%|███▍      | 34/100 [58:58<1:52:02, 101.86s/it]                                                                                        [I 2026-07-23 23:35:38,390] Trial 34 finished with value: 132.0275 and parameters: {'vwap_buy_deviation': -0.017226401085737357, 'take_profit_pct': 0.02222634688093306, 'buy_confirm_min_score': 15, 'notify_sell_threshold': 55, 'notify_buy_threshold': 44}. Best is trial 33 with value: 757.6367.
Best trial: 33. Best value: 757.637:  34%|███▍      | 34/100 [1:00:41<1:52:02, 101.86s/it]Best trial: 33. Best value: 757.637:  34%|███▍      | 34/100 [1:00:41<1:52:02, 101.86s/it]Best trial: 33. Best value: 757.637:  35%|███▌      | 35/100 [1:00:41<1:50:39, 102.15s/it]                                                                                          [I 2026-07-23 23:37:19,493] Trial 35 finished with value: 74.7049 and parameters: {'vwap_buy_deviation': -0.020869179067022837, 'take_profit_pct': 0.023738685926226726, 'buy_confirm_min_score': 17, 'notify_sell_threshold': 51, 'notify_buy_threshold': 43}. Best is trial 33 with value: 757.6367.
Best trial: 33. Best value: 757.637:  35%|███▌      | 35/100 [1:02:22<1:50:39, 102.15s/it]Best trial: 33. Best value: 757.637:  35%|███▌      | 35/100 [1:02:22<1:50:39, 102.15s/it]Best trial: 33. Best value: 757.637:  36%|███▌      | 36/100 [1:02:22<1:48:37, 101.84s/it]                                                                                          [I 2026-07-23 23:39:04,694] Trial 36 finished with value: 760.5838 and parameters: {'vwap_buy_deviation': -0.0200996069979674, 'take_profit_pct': 0.02227119230946885, 'buy_confirm_min_score': 16, 'notify_sell_threshold': 57, 'notify_buy_threshold': 42}. Best is trial 36 with value: 760.5838.
Best trial: 33. Best value: 757.637:  36%|███▌      | 36/100 [1:04:07<1:48:37, 101.84s/it]Best trial: 36. Best value: 760.584:  36%|███▌      | 36/100 [1:04:07<1:48:37, 101.84s/it]Best trial: 36. Best value: 760.584:  37%|███▋      | 37/100 [1:04:07<1:47:59, 102.85s/it]                                                                                          [I 2026-07-23 23:40:47,438] Trial 37 finished with value: 618.5307 and parameters: {'vwap_buy_deviation': -0.02029661641735547, 'take_profit_pct': 0.022280915065233303, 'buy_confirm_min_score': 16, 'notify_sell_threshold': 53, 'notify_buy_threshold': 42}. Best is trial 36 with value: 760.5838.
Best trial: 36. Best value: 760.584:  37%|███▋      | 37/100 [1:05:50<1:47:59, 102.85s/it]Best trial: 36. Best value: 760.584:  37%|███▋      | 37/100 [1:05:50<1:47:59, 102.85s/it]Best trial: 36. Best value: 760.584:  38%|███▊      | 38/100 [1:05:50<1:46:14, 102.82s/it]                                                                                          [I 2026-07-23 23:42:24,255] Trial 38 finished with value: 151.2652 and parameters: {'vwap_buy_deviation': -0.022367022189138632, 'take_profit_pct': 0.021598616393760997, 'buy_confirm_min_score': 16, 'notify_sell_threshold': 53, 'notify_buy_threshold': 41}. Best is trial 36 with value: 760.5838.
Best trial: 36. Best value: 760.584:  38%|███▊      | 38/100 [1:07:27<1:46:14, 102.82s/it]Best trial: 36. Best value: 760.584:  38%|███▊      | 38/100 [1:07:27<1:46:14, 102.82s/it]Best trial: 36. Best value: 760.584:  39%|███▉      | 39/100 [1:07:27<1:42:41, 101.02s/it]                                                                                          [I 2026-07-23 23:44:07,428] Trial 39 finished with value: 149.2997 and parameters: {'vwap_buy_deviation': -0.01741805301588373, 'take_profit_pct': 0.022345528410611055, 'buy_confirm_min_score': 15, 'notify_sell_threshold': 59, 'notify_buy_threshold': 47}. Best is trial 36 with value: 760.5838.
Best trial: 36. Best value: 760.584:  39%|███▉      | 39/100 [1:09:10<1:42:41, 101.02s/it]Best trial: 36. Best value: 760.584:  39%|███▉      | 39/100 [1:09:10<1:42:41, 101.02s/it]Best trial: 36. Best value: 760.584:  40%|████      | 40/100 [1:09:10<1:41:39, 101.66s/it]                                                                                          [I 2026-07-23 23:45:50,465] Trial 40 finished with value: -9999.0 and parameters: {'vwap_buy_deviation': -0.023758790486194496, 'take_profit_pct': 0.005506571905578052, 'buy_confirm_min_score': 16, 'notify_sell_threshold': 50, 'notify_buy_threshold': 50}. Best is trial 36 with value: 760.5838.
Best trial: 36. Best value: 760.584:  40%|████      | 40/100 [1:10:53<1:41:39, 101.66s/it]Best trial: 36. Best value: 760.584:  40%|████      | 40/100 [1:10:53<1:41:39, 101.66s/it]Best trial: 36. Best value: 760.584:  41%|████      | 41/100 [1:10:53<1:40:22, 102.07s/it]                                                                                          [I 2026-07-23 23:47:27,237] Trial 41 finished with value: 679.7465 and parameters: {'vwap_buy_deviation': -0.020386030882363047, 'take_profit_pct': 0.023593144096901927, 'buy_confirm_min_score': 17, 'notify_sell_threshold': 56, 'notify_buy_threshold': 42}. Best is trial 36 with value: 760.5838.
Best trial: 36. Best value: 760.584:  41%|████      | 41/100 [1:12:30<1:40:22, 102.07s/it]Best trial: 36. Best value: 760.584:  41%|████      | 41/100 [1:12:30<1:40:22, 102.07s/it]Best trial: 36. Best value: 760.584:  42%|████▏     | 42/100 [1:12:30<1:37:08, 100.48s/it]                                                                                          [I 2026-07-23 23:49:09,985] Trial 42 finished with value: 432.569 and parameters: {'vwap_buy_deviation': -0.020034755336678672, 'take_profit_pct': 0.02261762430852548, 'buy_confirm_min_score': 19, 'notify_sell_threshold': 53, 'notify_buy_threshold': 41}. Best is trial 36 with value: 760.5838.
Best trial: 36. Best value: 760.584:  42%|████▏     | 42/100 [1:14:12<1:37:08, 100.48s/it]Best trial: 36. Best value: 760.584:  42%|████▏     | 42/100 [1:14:12<1:37:08, 100.48s/it]Best trial: 36. Best value: 760.584:  43%|████▎     | 43/100 [1:14:12<1:36:06, 101.16s/it]                                                                                          [I 2026-07-23 23:50:52,282] Trial 43 finished with value: 92.2692 and parameters: {'vwap_buy_deviation': -0.021250457280026745, 'take_profit_pct': 0.020136542918900897, 'buy_confirm_min_score': 16, 'notify_sell_threshold': 62, 'notify_buy_threshold': 45}. Best is trial 36 with value: 760.5838.
Best trial: 36. Best value: 760.584:  43%|████▎     | 43/100 [1:15:55<1:36:06, 101.16s/it]Best trial: 36. Best value: 760.584:  43%|████▎     | 43/100 [1:15:55<1:36:06, 101.16s/it]Best trial: 36. Best value: 760.584:  44%|████▍     | 44/100 [1:15:55<1:34:44, 101.50s/it]                                                                                          [I 2026-07-23 23:52:30,582] Trial 44 finished with value: 604.6872 and parameters: {'vwap_buy_deviation': -0.01836687514522288, 'take_profit_pct': 0.023890613158257582, 'buy_confirm_min_score': 17, 'notify_sell_threshold': 58, 'notify_buy_threshold': 42}. Best is trial 36 with value: 760.5838.
Best trial: 36. Best value: 760.584:  44%|████▍     | 44/100 [1:17:33<1:34:44, 101.50s/it]Best trial: 36. Best value: 760.584:  44%|████▍     | 44/100 [1:17:33<1:34:44, 101.50s/it]Best trial: 36. Best value: 760.584:  45%|████▌     | 45/100 [1:17:33<1:32:09, 100.54s/it]                                                                                          [I 2026-07-23 23:54:14,068] Trial 45 finished with value: 148.6418 and parameters: {'vwap_buy_deviation': -0.01782334259381179, 'take_profit_pct': 0.021466356306241413, 'buy_confirm_min_score': 15, 'notify_sell_threshold': 59, 'notify_buy_threshold': 41}. Best is trial 36 with value: 760.5838.
Best trial: 36. Best value: 760.584:  45%|████▌     | 45/100 [1:19:16<1:32:09, 100.54s/it]Best trial: 36. Best value: 760.584:  45%|████▌     | 45/100 [1:19:16<1:32:09, 100.54s/it]Best trial: 36. Best value: 760.584:  46%|████▌     | 46/100 [1:19:16<1:31:16, 101.43s/it]                                                                                          [I 2026-07-23 23:55:53,313] Trial 46 finished with value: -9999.0 and parameters: {'vwap_buy_deviation': -0.01981581214696583, 'take_profit_pct': 0.023730067907344315, 'buy_confirm_min_score': 17, 'notify_sell_threshold': 61, 'notify_buy_threshold': 45}. Best is trial 36 with value: 760.5838.
Best trial: 36. Best value: 760.584:  46%|████▌     | 46/100 [1:20:56<1:31:16, 101.43s/it]Best trial: 36. Best value: 760.584:  46%|████▌     | 46/100 [1:20:56<1:31:16, 101.43s/it]Best trial: 36. Best value: 760.584:  47%|████▋     | 47/100 [1:20:56<1:29:00, 100.77s/it]                                                                                          [I 2026-07-23 23:57:36,653] Trial 47 finished with value: 99.6443 and parameters: {'vwap_buy_deviation': -0.018455273986258413, 'take_profit_pct': 0.019794096302922816, 'buy_confirm_min_score': 19, 'notify_sell_threshold': 55, 'notify_buy_threshold': 42}. Best is trial 36 with value: 760.5838.
Best trial: 36. Best value: 760.584:  47%|████▋     | 47/100 [1:22:39<1:29:00, 100.77s/it]Best trial: 36. Best value: 760.584:  47%|████▋     | 47/100 [1:22:39<1:29:00, 100.77s/it]Best trial: 36. Best value: 760.584:  48%|████▊     | 48/100 [1:22:39<1:28:00, 101.54s/it]                                                                                          [I 2026-07-23 23:59:19,606] Trial 48 finished with value: -9999.0 and parameters: {'vwap_buy_deviation': -0.016642546476846647, 'take_profit_pct': 0.02400242606190725, 'buy_confirm_min_score': 16, 'notify_sell_threshold': 58, 'notify_buy_threshold': 47}. Best is trial 36 with value: 760.5838.
Best trial: 36. Best value: 760.584:  48%|████▊     | 48/100 [1:24:22<1:28:00, 101.54s/it]Best trial: 36. Best value: 760.584:  48%|████▊     | 48/100 [1:24:22<1:28:00, 101.54s/it]Best trial: 36. Best value: 760.584:  49%|████▉     | 49/100 [1:24:22<1:26:40, 101.97s/it]                                                                                          [I 2026-07-24 00:01:03,749] Trial 49 finished with value: 719.4285 and parameters: {'vwap_buy_deviation': -0.021972265013590574, 'take_profit_pct': 0.021769686736722478, 'buy_confirm_min_score': 15, 'notify_sell_threshold': 53, 'notify_buy_threshold': 40}. Best is trial 36 with value: 760.5838.
Best trial: 36. Best value: 760.584:  49%|████▉     | 49/100 [1:26:06<1:26:40, 101.97s/it]Best trial: 36. Best value: 760.584:  49%|████▉     | 49/100 [1:26:06<1:26:40, 101.97s/it]Best trial: 36. Best value: 760.584:  50%|█████     | 50/100 [1:26:06<1:25:30, 102.62s/it]                                                                                          [I 2026-07-24 00:02:48,158] Trial 50 finished with value: 141.3395 and parameters: {'vwap_buy_deviation': -0.022115231692284642, 'take_profit_pct': 0.020919415340359866, 'buy_confirm_min_score': 15, 'notify_sell_threshold': 52, 'notify_buy_threshold': 40}. Best is trial 36 with value: 760.5838.
Best trial: 36. Best value: 760.584:  50%|█████     | 50/100 [1:27:50<1:25:30, 102.62s/it]Best trial: 36. Best value: 760.584:  50%|█████     | 50/100 [1:27:50<1:25:30, 102.62s/it]Best trial: 36. Best value: 760.584:  51%|█████     | 51/100 [1:27:50<1:24:14, 103.16s/it]                                                                                          [I 2026-07-24 00:04:32,287] Trial 51 finished with value: 767.755 and parameters: {'vwap_buy_deviation': -0.023390158069952243, 'take_profit_pct': 0.022055825943878518, 'buy_confirm_min_score': 16, 'notify_sell_threshold': 56, 'notify_buy_threshold': 42}. Best is trial 51 with value: 767.755.
Best trial: 36. Best value: 760.584:  51%|█████     | 51/100 [1:29:35<1:24:14, 103.16s/it]Best trial: 51. Best value: 767.755:  51%|█████     | 51/100 [1:29:35<1:24:14, 103.16s/it]Best trial: 51. Best value: 767.755:  52%|█████▏    | 52/100 [1:29:35<1:22:45, 103.45s/it]                                                                                          [I 2026-07-24 00:06:10,824] Trial 52 finished with value: 731.4679 and parameters: {'vwap_buy_deviation': -0.0234165100833246, 'take_profit_pct': 0.022089128200123223, 'buy_confirm_min_score': 16, 'notify_sell_threshold': 54, 'notify_buy_threshold': 41}. Best is trial 51 with value: 767.755.
Best trial: 51. Best value: 767.755:  52%|█████▏    | 52/100 [1:31:13<1:22:45, 103.45s/it]Best trial: 51. Best value: 767.755:  52%|█████▏    | 52/100 [1:31:13<1:22:45, 103.45s/it]Best trial: 51. Best value: 767.755:  53%|█████▎    | 53/100 [1:31:13<1:19:52, 101.97s/it]                                                                                          [I 2026-07-24 00:07:53,952] Trial 53 finished with value: 140.7744 and parameters: {'vwap_buy_deviation': -0.023327975852333975, 'take_profit_pct': 0.021931769210675814, 'buy_confirm_min_score': 15, 'notify_sell_threshold': 54, 'notify_buy_threshold': 44}. Best is trial 51 with value: 767.755.
Best trial: 51. Best value: 767.755:  53%|█████▎    | 53/100 [1:32:56<1:19:52, 101.97s/it]Best trial: 51. Best value: 767.755:  53%|█████▎    | 53/100 [1:32:56<1:19:52, 101.97s/it]Best trial: 51. Best value: 767.755:  54%|█████▍    | 54/100 [1:32:56<1:18:26, 102.32s/it]                                                                                          [I 2026-07-24 00:09:33,354] Trial 54 finished with value: 523.441 and parameters: {'vwap_buy_deviation': -0.021515670107157252, 'take_profit_pct': 0.02275980658606196, 'buy_confirm_min_score': 16, 'notify_sell_threshold': 56, 'notify_buy_threshold': 40}. Best is trial 51 with value: 767.755.
Best trial: 51. Best value: 767.755:  54%|█████▍    | 54/100 [1:34:36<1:18:26, 102.32s/it]Best trial: 51. Best value: 767.755:  54%|█████▍    | 54/100 [1:34:36<1:18:26, 102.32s/it]Best trial: 51. Best value: 767.755:  55%|█████▌    | 55/100 [1:34:36<1:16:05, 101.45s/it]                                                                                          [I 2026-07-24 00:11:15,487] Trial 55 finished with value: 54.3764 and parameters: {'vwap_buy_deviation': -0.023319916450100744, 'take_profit_pct': 0.018055225020458004, 'buy_confirm_min_score': 17, 'notify_sell_threshold': 54, 'notify_buy_threshold': 41}. Best is trial 51 with value: 767.755.
Best trial: 51. Best value: 767.755:  55%|█████▌    | 55/100 [1:36:18<1:16:05, 101.45s/it]Best trial: 51. Best value: 767.755:  55%|█████▌    | 55/100 [1:36:18<1:16:05, 101.45s/it]Best trial: 51. Best value: 767.755:  56%|█████▌    | 56/100 [1:36:18<1:14:32, 101.65s/it]                                                                                          [I 2026-07-24 00:12:59,438] Trial 56 finished with value: 136.1649 and parameters: {'vwap_buy_deviation': -0.024920364294797482, 'take_profit_pct': 0.019569489987939663, 'buy_confirm_min_score': 15, 'notify_sell_threshold': 60, 'notify_buy_threshold': 44}. Best is trial 51 with value: 767.755.
Best trial: 51. Best value: 767.755:  56%|█████▌    | 56/100 [1:38:02<1:14:32, 101.65s/it]Best trial: 51. Best value: 767.755:  56%|█████▌    | 56/100 [1:38:02<1:14:32, 101.65s/it]Best trial: 51. Best value: 767.755:  57%|█████▋    | 57/100 [1:38:02<1:13:20, 102.34s/it]                                                                                          [I 2026-07-24 00:14:37,807] Trial 57 finished with value: -9999.0 and parameters: {'vwap_buy_deviation': -0.019406718410154712, 'take_profit_pct': 0.020326753737375212, 'buy_confirm_min_score': 15, 'notify_sell_threshold': 51, 'notify_buy_threshold': 46}. Best is trial 51 with value: 767.755.
Best trial: 51. Best value: 767.755:  57%|█████▋    | 57/100 [1:39:40<1:13:20, 102.34s/it]Best trial: 51. Best value: 767.755:  57%|█████▋    | 57/100 [1:39:40<1:13:20, 102.34s/it]Best trial: 51. Best value: 767.755:  58%|█████▊    | 58/100 [1:39:40<1:10:48, 101.15s/it]                                                                                          [I 2026-07-24 00:16:21,056] Trial 58 finished with value: -9999.0 and parameters: {'vwap_buy_deviation': -0.022943795458578442, 'take_profit_pct': 0.012138390593020193, 'buy_confirm_min_score': 17, 'notify_sell_threshold': 56, 'notify_buy_threshold': 41}. Best is trial 51 with value: 767.755.
Best trial: 51. Best value: 767.755:  58%|█████▊    | 58/100 [1:41:23<1:10:48, 101.15s/it]Best trial: 51. Best value: 767.755:  58%|█████▊    | 58/100 [1:41:23<1:10:48, 101.15s/it]Best trial: 51. Best value: 767.755:  59%|█████▉    | 59/100 [1:41:23<1:09:32, 101.78s/it]                                                                                          [I 2026-07-24 00:18:04,640] Trial 59 finished with value: 100.4454 and parameters: {'vwap_buy_deviation': -0.020862311606552213, 'take_profit_pct': 0.020601163649728183, 'buy_confirm_min_score': 19, 'notify_sell_threshold': 47, 'notify_buy_threshold': 40}. Best is trial 51 with value: 767.755.
Best trial: 51. Best value: 767.755:  59%|█████▉    | 59/100 [1:43:07<1:09:32, 101.78s/it]Best trial: 51. Best value: 767.755:  59%|█████▉    | 59/100 [1:43:07<1:09:32, 101.78s/it]Best trial: 51. Best value: 767.755:  60%|██████    | 60/100 [1:43:07<1:08:12, 102.32s/it]                                                                                          [I 2026-07-24 00:19:43,897] Trial 60 finished with value: 69.0411 and parameters: {'vwap_buy_deviation': -0.022307228711865336, 'take_profit_pct': 0.022906067433763607, 'buy_confirm_min_score': 16, 'notify_sell_threshold': 57, 'notify_buy_threshold': 45}. Best is trial 51 with value: 767.755.
Best trial: 51. Best value: 767.755:  60%|██████    | 60/100 [1:44:46<1:08:12, 102.32s/it]Best trial: 51. Best value: 767.755:  60%|██████    | 60/100 [1:44:46<1:08:12, 102.32s/it]Best trial: 51. Best value: 767.755:  61%|██████    | 61/100 [1:44:46<1:05:54, 101.40s/it]                                                                                          [I 2026-07-24 00:21:26,997] Trial 61 finished with value: 119.1416 and parameters: {'vwap_buy_deviation': -0.02038782482073405, 'take_profit_pct': 0.0213720885988737, 'buy_confirm_min_score': 16, 'notify_sell_threshold': 52, 'notify_buy_threshold': 42}. Best is trial 51 with value: 767.755.
Best trial: 51. Best value: 767.755:  61%|██████    | 61/100 [1:46:29<1:05:54, 101.40s/it]Best trial: 51. Best value: 767.755:  61%|██████    | 61/100 [1:46:29<1:05:54, 101.40s/it]Best trial: 51. Best value: 767.755:  62%|██████▏   | 62/100 [1:46:29<1:04:32, 101.91s/it]                                                                                          [I 2026-07-24 00:23:08,314] Trial 62 finished with value: 722.0983 and parameters: {'vwap_buy_deviation': -0.02160291035339351, 'take_profit_pct': 0.022010928296858603, 'buy_confirm_min_score': 16, 'notify_sell_threshold': 54, 'notify_buy_threshold': 42}. Best is trial 51 with value: 767.755.
Best trial: 51. Best value: 767.755:  62%|██████▏   | 62/100 [1:48:11<1:04:32, 101.91s/it]Best trial: 51. Best value: 767.755:  62%|██████▏   | 62/100 [1:48:11<1:04:32, 101.91s/it]Best trial: 51. Best value: 767.755:  63%|██████▎   | 63/100 [1:48:11<1:02:44, 101.73s/it]                                                                                          [I 2026-07-24 00:24:49,961] Trial 63 finished with value: 140.9213 and parameters: {'vwap_buy_deviation': -0.02413464331887177, 'take_profit_pct': 0.021701950093742314, 'buy_confirm_min_score': 15, 'notify_sell_threshold': 55, 'notify_buy_threshold': 44}. Best is trial 51 with value: 767.755.
Best trial: 51. Best value: 767.755:  63%|██████▎   | 63/100 [1:49:52<1:02:44, 101.73s/it]Best trial: 51. Best value: 767.755:  63%|██████▎   | 63/100 [1:49:52<1:02:44, 101.73s/it]Best trial: 51. Best value: 767.755:  64%|██████▍   | 64/100 [1:49:52<1:01:01, 101.71s/it]                                                                                          [I 2026-07-24 00:26:34,019] Trial 64 finished with value: 501.3098 and parameters: {'vwap_buy_deviation': -0.02154432598751191, 'take_profit_pct': 0.023182453894462645, 'buy_confirm_min_score': 16, 'notify_sell_threshold': 54, 'notify_buy_threshold': 41}. Best is trial 51 with value: 767.755.
Best trial: 51. Best value: 767.755:  64%|██████▍   | 64/100 [1:51:36<1:01:01, 101.71s/it]Best trial: 51. Best value: 767.755:  64%|██████▍   | 64/100 [1:51:36<1:01:01, 101.71s/it]Best trial: 51. Best value: 767.755:  65%|██████▌   | 65/100 [1:51:36<59:44, 102.41s/it]                                                                                          [I 2026-07-24 00:28:12,463] Trial 65 finished with value: 130.0688 and parameters: {'vwap_buy_deviation': -0.019242097794650553, 'take_profit_pct': 0.02103048480974317, 'buy_confirm_min_score': 17, 'notify_sell_threshold': 56, 'notify_buy_threshold': 43}. Best is trial 51 with value: 767.755.
