Best trial: 13. Best value: 73.9862:  25%|██▌       | 25/100 [1:34:00<4:16:43, 205.39s/it]Best trial: 13. Best value: 73.9862:  25%|██▌       | 25/100 [1:34:00<4:16:43, 205.39s/it]Best trial: 13. Best value: 73.9862:  26%|██▌       | 26/100 [1:34:00<4:20:03, 210.86s/it]                                                                                          [I 2026-07-24 13:03:40,286] Trial 26 finished with value: 73.9512 and parameters: {'vwap_buy_deviation': -0.019248895369324746, 'take_profit_pct': 0.02021027195013558, 'buy_confirm_min_score': 29, 'notify_sell_threshold': 51, 'notify_buy_threshold': 54, 'stock_qty_strong_pct': 0.2906611101895126, 'stock_qty_base_pct': 0.2386587097490697, 'stock_rebuild_strong_pct': 0.609837927468936, 'stock_first_add_pct': 0.2711799119509012}. Best is trial 13 with value: 73.9862.
Best trial: 13. Best value: 73.9862:  26%|██▌       | 26/100 [1:37:23<4:20:03, 210.86s/it]Best trial: 13. Best value: 73.9862:  26%|██▌       | 26/100 [1:37:23<4:20:03, 210.86s/it]Best trial: 13. Best value: 73.9862:  27%|██▋       | 27/100 [1:37:23<4:13:26, 208.31s/it]                                                                                          [I 2026-07-24 13:07:21,906] Trial 27 finished with value: 72.4791 and parameters: {'vwap_buy_deviation': -0.03166558994144737, 'take_profit_pct': 0.015485079827867496, 'buy_confirm_min_score': 27, 'notify_sell_threshold': 59, 'notify_buy_threshold': 58, 'stock_qty_strong_pct': 0.3167654154632453, 'stock_qty_base_pct': 0.2590995678693876, 'stock_rebuild_strong_pct': 0.6795137612732696, 'stock_first_add_pct': 0.2956052729572403}. Best is trial 13 with value: 73.9862.
Best trial: 13. Best value: 73.9862:  27%|██▋       | 27/100 [1:41:04<4:13:26, 208.31s/it]Best trial: 13. Best value: 73.9862:  27%|██▋       | 27/100 [1:41:04<4:13:26, 208.31s/it]Best trial: 13. Best value: 73.9862:  28%|██▊       | 28/100 [1:41:04<4:14:45, 212.30s/it]                                                                                          [I 2026-07-24 13:10:45,976] Trial 28 finished with value: -9999.0 and parameters: {'vwap_buy_deviation': -0.029431270530137228, 'take_profit_pct': 0.02340143819796304, 'buy_confirm_min_score': 23, 'notify_sell_threshold': 56, 'notify_buy_threshold': 63, 'stock_qty_strong_pct': 0.3924075998914178, 'stock_qty_base_pct': 0.20633937429826832, 'stock_rebuild_strong_pct': 0.788583638525133, 'stock_first_add_pct': 0.326866123713302}. Best is trial 13 with value: 73.9862.
Best trial: 13. Best value: 73.9862:  28%|██▊       | 28/100 [1:44:28<4:14:45, 212.30s/it]Best trial: 13. Best value: 73.9862:  28%|██▊       | 28/100 [1:44:28<4:14:45, 212.30s/it]Best trial: 13. Best value: 73.9862:  29%|██▉       | 29/100 [1:44:28<4:08:18, 209.83s/it]                                                                                          [I 2026-07-24 13:14:32,808] Trial 29 finished with value: -9999.0 and parameters: {'vwap_buy_deviation': -0.02572588414629705, 'take_profit_pct': 0.02380069587767432, 'buy_confirm_min_score': 25, 'notify_sell_threshold': 70, 'notify_buy_threshold': 67, 'stock_qty_strong_pct': 0.2971322722669975, 'stock_qty_base_pct': 0.2831488959538696, 'stock_rebuild_strong_pct': 0.8774920459375395, 'stock_first_add_pct': 0.223834814452069}. Best is trial 13 with value: 73.9862.
Best trial: 13. Best value: 73.9862:  29%|██▉       | 29/100 [1:48:15<4:08:18, 209.83s/it]Best trial: 13. Best value: 73.9862:  29%|██▉       | 29/100 [1:48:15<4:08:18, 209.83s/it]Best trial: 13. Best value: 73.9862:  30%|███       | 30/100 [1:48:15<4:10:45, 214.93s/it]                                                                                          [I 2026-07-24 13:18:04,724] Trial 30 finished with value: -9999.0 and parameters: {'vwap_buy_deviation': -0.0338923819765959, 'take_profit_pct': 0.01814596303790944, 'buy_confirm_min_score': 29, 'notify_sell_threshold': 64, 'notify_buy_threshold': 51, 'stock_qty_strong_pct': 0.27496181172824974, 'stock_qty_base_pct': 0.18077733543801688, 'stock_rebuild_strong_pct': 0.5526834773032295, 'stock_first_add_pct': 0.2817917641176546}. Best is trial 13 with value: 73.9862.
Best trial: 13. Best value: 73.9862:  30%|███       | 30/100 [1:51:47<4:10:45, 214.93s/it]Best trial: 13. Best value: 73.9862:  30%|███       | 30/100 [1:51:47<4:10:45, 214.93s/it]Best trial: 13. Best value: 73.9862:  31%|███       | 31/100 [1:51:47<4:06:07, 214.03s/it]                                                                                          [I 2026-07-24 13:21:50,391] Trial 31 finished with value: 73.9512 and parameters: {'vwap_buy_deviation': -0.015255528056777448, 'take_profit_pct': 0.020824919353005296, 'buy_confirm_min_score': 29, 'notify_sell_threshold': 52, 'notify_buy_threshold': 54, 'stock_qty_strong_pct': 0.29651423105409835, 'stock_qty_base_pct': 0.24031701413687678, 'stock_rebuild_strong_pct': 0.606158578054741, 'stock_first_add_pct': 0.2664252497267657}. Best is trial 13 with value: 73.9862.
Best trial: 13. Best value: 73.9862:  31%|███       | 31/100 [1:55:33<4:06:07, 214.03s/it]Best trial: 13. Best value: 73.9862:  31%|███       | 31/100 [1:55:33<4:06:07, 214.03s/it]Best trial: 13. Best value: 73.9862:  32%|███▏      | 32/100 [1:55:33<4:06:31, 217.52s/it]                                                                                          [I 2026-07-24 13:25:35,870] Trial 32 finished with value: -9999.0 and parameters: {'vwap_buy_deviation': -0.01804985725962664, 'take_profit_pct': 0.019974109760346897, 'buy_confirm_min_score': 27, 'notify_sell_threshold': 50, 'notify_buy_threshold': 48, 'stock_qty_strong_pct': 0.3240993332226908, 'stock_qty_base_pct': 0.2301582971614271, 'stock_rebuild_strong_pct': 0.5859108072452002, 'stock_first_add_pct': 0.26482251768482523}. Best is trial 13 with value: 73.9862.
Best trial: 13. Best value: 73.9862:  32%|███▏      | 32/100 [1:59:18<4:06:31, 217.52s/it]Best trial: 13. Best value: 73.9862:  32%|███▏      | 32/100 [1:59:18<4:06:31, 217.52s/it]Best trial: 13. Best value: 73.9862:  33%|███▎      | 33/100 [1:59:18<4:05:33, 219.91s/it]                                                                                          [I 2026-07-24 13:28:40,161] Trial 33 finished with value: 73.9008 and parameters: {'vwap_buy_deviation': -0.017006772421078686, 'take_profit_pct': 0.02164709441596285, 'buy_confirm_min_score': 30, 'notify_sell_threshold': 55, 'notify_buy_threshold': 55, 'stock_qty_strong_pct': 0.28395318789208973, 'stock_qty_base_pct': 0.25894208168691174, 'stock_rebuild_strong_pct': 0.6217572772393859, 'stock_first_add_pct': 0.30228799741067314}. Best is trial 13 with value: 73.9862.
Best trial: 13. Best value: 73.9862:  33%|███▎      | 33/100 [2:02:22<4:05:33, 219.91s/it]Best trial: 13. Best value: 73.9862:  33%|███▎      | 33/100 [2:02:22<4:05:33, 219.91s/it]Best trial: 13. Best value: 73.9862:  34%|███▍      | 34/100 [2:02:22<3:50:08, 209.22s/it]                                                                                          [I 2026-07-24 13:32:00,840] Trial 34 finished with value: 73.9008 and parameters: {'vwap_buy_deviation': -0.020078491670165302, 'take_profit_pct': 0.021418101981987354, 'buy_confirm_min_score': 26, 'notify_sell_threshold': 50, 'notify_buy_threshold': 52, 'stock_qty_strong_pct': 0.27154171857983456, 'stock_qty_base_pct': 0.3690134027895163, 'stock_rebuild_strong_pct': 0.6591678505130357, 'stock_first_add_pct': 0.2504719354083236}. Best is trial 13 with value: 73.9862.
Best trial: 13. Best value: 73.9862:  34%|███▍      | 34/100 [2:05:43<3:50:08, 209.22s/it]Best trial: 13. Best value: 73.9862:  34%|███▍      | 34/100 [2:05:43<3:50:08, 209.22s/it]Best trial: 13. Best value: 73.9862:  35%|███▌      | 35/100 [2:05:43<3:43:52, 206.66s/it]                                                                                          [I 2026-07-24 13:35:08,475] Trial 35 finished with value: -9999.0 and parameters: {'vwap_buy_deviation': -0.02005819274770454, 'take_profit_pct': 0.02410759558948125, 'buy_confirm_min_score': 28, 'notify_sell_threshold': 60, 'notify_buy_threshold': 60, 'stock_qty_strong_pct': 0.3551265427745375, 'stock_qty_base_pct': 0.328794661199601, 'stock_rebuild_strong_pct': 0.5311836306203653, 'stock_first_add_pct': 0.33845528433396}. Best is trial 13 with value: 73.9862.
Best trial: 13. Best value: 73.9862:  35%|███▌      | 35/100 [2:08:51<3:43:52, 206.66s/it]Best trial: 13. Best value: 73.9862:  35%|███▌      | 35/100 [2:08:51<3:43:52, 206.66s/it]Best trial: 13. Best value: 73.9862:  36%|███▌      | 36/100 [2:08:51<3:34:20, 200.95s/it]                                                                                          [I 2026-07-24 13:38:06,236] Trial 36 finished with value: -9999.0 and parameters: {'vwap_buy_deviation': -0.016475310715197117, 'take_profit_pct': 0.01790171342541764, 'buy_confirm_min_score': 30, 'notify_sell_threshold': 57, 'notify_buy_threshold': 48, 'stock_qty_strong_pct': 0.3119825201271806, 'stock_qty_base_pct': 0.24949496320473374, 'stock_rebuild_strong_pct': 0.5709988724124702, 'stock_first_add_pct': 0.2813541187650241}. Best is trial 13 with value: 73.9862.
Best trial: 13. Best value: 73.9862:  36%|███▌      | 36/100 [2:11:49<3:34:20, 200.95s/it]Best trial: 13. Best value: 73.9862:  36%|███▌      | 36/100 [2:11:49<3:34:20, 200.95s/it]Best trial: 13. Best value: 73.9862:  37%|███▋      | 37/100 [2:11:49<3:23:41, 193.99s/it]                                                                                          [I 2026-07-24 13:40:59,997] Trial 37 finished with value: 70.8561 and parameters: {'vwap_buy_deviation': -0.02720590961344757, 'take_profit_pct': 0.019966614519259032, 'buy_confirm_min_score': 24, 'notify_sell_threshold': 65, 'notify_buy_threshold': 56, 'stock_qty_strong_pct': 0.5718442547702617, 'stock_qty_base_pct': 0.17837993426923987, 'stock_rebuild_strong_pct': 0.8629802262997875, 'stock_first_add_pct': 0.35735257905777673}. Best is trial 13 with value: 73.9862.
Best trial: 13. Best value: 73.9862:  37%|███▋      | 37/100 [2:14:42<3:23:41, 193.99s/it]Best trial: 13. Best value: 73.9862:  37%|███▋      | 37/100 [2:14:42<3:23:41, 193.99s/it]Best trial: 13. Best value: 73.9862:  38%|███▊      | 38/100 [2:14:42<3:14:11, 187.92s/it]                                                                                          [I 2026-07-24 13:43:59,946] Trial 38 finished with value: -9999.0 and parameters: {'vwap_buy_deviation': -0.0218719900196446, 'take_profit_pct': 0.014885813908253637, 'buy_confirm_min_score': 25, 'notify_sell_threshold': 47, 'notify_buy_threshold': 59, 'stock_qty_strong_pct': 0.2728730371773654, 'stock_qty_base_pct': 0.20820977593267354, 'stock_rebuild_strong_pct': 0.5166780332596032, 'stock_first_add_pct': 0.21413904668567693}. Best is trial 13 with value: 73.9862.
Best trial: 13. Best value: 73.9862:  38%|███▊      | 38/100 [2:17:42<3:14:11, 187.92s/it]Best trial: 13. Best value: 73.9862:  38%|███▊      | 38/100 [2:17:42<3:14:11, 187.92s/it]Best trial: 13. Best value: 73.9862:  39%|███▉      | 39/100 [2:17:42<3:08:37, 185.53s/it]                                                                                          [I 2026-07-24 13:46:33,215] Trial 39 finished with value: -9999.0 and parameters: {'vwap_buy_deviation': -0.023357739213288264, 'take_profit_pct': 0.02278500655548216, 'buy_confirm_min_score': 29, 'notify_sell_threshold': 42, 'notify_buy_threshold': 53, 'stock_qty_strong_pct': 0.3732645762648715, 'stock_qty_base_pct': 0.2760519378988871, 'stock_rebuild_strong_pct': 0.6236634352295803, 'stock_first_add_pct': 0.312440990136644}. Best is trial 13 with value: 73.9862.
Best trial: 13. Best value: 73.9862:  39%|███▉      | 39/100 [2:20:15<3:08:37, 185.53s/it]Best trial: 13. Best value: 73.9862:  39%|███▉      | 39/100 [2:20:15<3:08:37, 185.53s/it]Best trial: 13. Best value: 73.9862:  40%|████      | 40/100 [2:20:15<2:55:51, 175.85s/it]                                                                                          [I 2026-07-24 13:50:09,244] Trial 40 finished with value: -9999.0 and parameters: {'vwap_buy_deviation': -0.028821793247951533, 'take_profit_pct': 0.008697975951106218, 'buy_confirm_min_score': 26, 'notify_sell_threshold': 58, 'notify_buy_threshold': 62, 'stock_qty_strong_pct': 0.2942087852757056, 'stock_qty_base_pct': 0.30379566262688695, 'stock_rebuild_strong_pct': 0.9079876054982821, 'stock_first_add_pct': 0.36796235370256847}. Best is trial 13 with value: 73.9862.
Best trial: 13. Best value: 73.9862:  40%|████      | 40/100 [2:23:52<2:55:51, 175.85s/it]Best trial: 13. Best value: 73.9862:  40%|████      | 40/100 [2:23:52<2:55:51, 175.85s/it]Best trial: 13. Best value: 73.9862:  41%|████      | 41/100 [2:23:52<3:04:46, 187.91s/it]                                                                                          [I 2026-07-24 13:52:56,236] Trial 41 finished with value: 72.8218 and parameters: {'vwap_buy_deviation': -0.01514670185382043, 'take_profit_pct': 0.020737083295829666, 'buy_confirm_min_score': 28, 'notify_sell_threshold': 53, 'notify_buy_threshold': 54, 'stock_qty_strong_pct': 0.30091488479406003, 'stock_qty_base_pct': 0.2311574932239992, 'stock_rebuild_strong_pct': 0.6092470485180436, 'stock_first_add_pct': 0.26512712168465513}. Best is trial 13 with value: 73.9862.
Best trial: 13. Best value: 73.9862:  41%|████      | 41/100 [2:26:39<3:04:46, 187.91s/it]Best trial: 13. Best value: 73.9862:  41%|████      | 41/100 [2:26:39<3:04:46, 187.91s/it]Best trial: 13. Best value: 73.9862:  42%|████▏     | 42/100 [2:26:39<2:55:34, 181.63s/it]                                                                                          [I 2026-07-24 13:55:16,239] Trial 42 finished with value: 73.9512 and parameters: {'vwap_buy_deviation': -0.017620006808520314, 'take_profit_pct': 0.01957969042224893, 'buy_confirm_min_score': 29, 'notify_sell_threshold': 51, 'notify_buy_threshold': 56, 'stock_qty_strong_pct': 0.2679395616666792, 'stock_qty_base_pct': 0.24242840614315692, 'stock_rebuild_strong_pct': 0.5672011373196214, 'stock_first_add_pct': 0.38248168864857823}. Best is trial 13 with value: 73.9862.
Best trial: 13. Best value: 73.9862:  42%|████▏     | 42/100 [2:28:59<2:55:34, 181.63s/it]Best trial: 13. Best value: 73.9862:  42%|████▏     | 42/100 [2:28:59<2:55:34, 181.63s/it]Best trial: 13. Best value: 73.9862:  43%|████▎     | 43/100 [2:28:59<2:40:41, 169.14s/it]                                                                                          [I 2026-07-24 13:57:58,986] Trial 43 finished with value: -9999.0 and parameters: {'vwap_buy_deviation': -0.015738572062673775, 'take_profit_pct': 0.021324975647671655, 'buy_confirm_min_score': 27, 'notify_sell_threshold': 52, 'notify_buy_threshold': 49, 'stock_qty_strong_pct': 0.31700420696140735, 'stock_qty_base_pct': 0.2418320202915832, 'stock_rebuild_strong_pct': 0.6394766208772795, 'stock_first_add_pct': 0.19444625123329703}. Best is trial 13 with value: 73.9862.
Best trial: 13. Best value: 73.9862:  43%|████▎     | 43/100 [2:31:41<2:40:41, 169.14s/it]Best trial: 13. Best value: 73.9862:  43%|████▎     | 43/100 [2:31:41<2:40:41, 169.14s/it]Best trial: 13. Best value: 73.9862:  44%|████▍     | 44/100 [2:31:41<2:36:04, 167.22s/it]                                                                                          [I 2026-07-24 14:00:33,892] Trial 44 finished with value: -9999.0 and parameters: {'vwap_buy_deviation': -0.01622326695753605, 'take_profit_pct': 0.018307653535259327, 'buy_confirm_min_score': 30, 'notify_sell_threshold': 44, 'notify_buy_threshold': 58, 'stock_qty_strong_pct': 0.28606721489581977, 'stock_qty_base_pct': 0.2564109431696729, 'stock_rebuild_strong_pct': 0.6734303799594039, 'stock_first_add_pct': 0.2716354364411865}. Best is trial 13 with value: 73.9862.
Best trial: 13. Best value: 73.9862:  44%|████▍     | 44/100 [2:34:16<2:36:04, 167.22s/it]Best trial: 13. Best value: 73.9862:  44%|████▍     | 44/100 [2:34:16<2:36:04, 167.22s/it]Best trial: 13. Best value: 73.9862:  45%|████▌     | 45/100 [2:34:16<2:29:54, 163.53s/it]                                                                                          [I 2026-07-24 14:03:20,948] Trial 45 finished with value: -9999.0 and parameters: {'vwap_buy_deviation': -0.015225692216468504, 'take_profit_pct': 0.0243473872817669, 'buy_confirm_min_score': 18, 'notify_sell_threshold': 47, 'notify_buy_threshold': 53, 'stock_qty_strong_pct': 0.3434376995529152, 'stock_qty_base_pct': 0.21934569510437874, 'stock_rebuild_strong_pct': 0.7340432294518551, 'stock_first_add_pct': 0.24870205364553352}. Best is trial 13 with value: 73.9862.
Best trial: 13. Best value: 73.9862:  45%|████▌     | 45/100 [2:37:03<2:29:54, 163.53s/it]Best trial: 13. Best value: 73.9862:  45%|████▌     | 45/100 [2:37:03<2:29:54, 163.53s/it]Best trial: 13. Best value: 73.9862:  46%|████▌     | 46/100 [2:37:03<2:28:07, 164.59s/it]                                                                                          [I 2026-07-24 14:05:36,505] Trial 46 finished with value: -9999.0 and parameters: {'vwap_buy_deviation': -0.01959915531496791, 'take_profit_pct': 0.02336665758373046, 'buy_confirm_min_score': 29, 'notify_sell_threshold': 68, 'notify_buy_threshold': 70, 'stock_qty_strong_pct': 0.2591833439378285, 'stock_qty_base_pct': 0.29648916164891403, 'stock_rebuild_strong_pct': 0.5310614517643479, 'stock_first_add_pct': 0.2898851472336115}. Best is trial 13 with value: 73.9862.
Best trial: 13. Best value: 73.9862:  46%|████▌     | 46/100 [2:39:19<2:28:07, 164.59s/it]Best trial: 13. Best value: 73.9862:  46%|████▌     | 46/100 [2:39:19<2:28:07, 164.59s/it]Best trial: 13. Best value: 73.9862:  47%|████▋     | 47/100 [2:39:19<2:17:41, 155.88s/it]                                                                                          [I 2026-07-24 14:08:10,645] Trial 47 finished with value: -9999.0 and parameters: {'vwap_buy_deviation': -0.01754397572286241, 'take_profit_pct': 0.01706725320787407, 'buy_confirm_min_score': 28, 'notify_sell_threshold': 48, 'notify_buy_threshold': 65, 'stock_qty_strong_pct': 0.3240960833335807, 'stock_qty_base_pct': 0.278090044827095, 'stock_rebuild_strong_pct': 0.5784914000057213, 'stock_first_add_pct': 0.23495773042511936}. Best is trial 13 with value: 73.9862.
Best trial: 13. Best value: 73.9862:  47%|████▋     | 47/100 [2:41:53<2:17:41, 155.88s/it]Best trial: 13. Best value: 73.9862:  47%|████▋     | 47/100 [2:41:53<2:17:41, 155.88s/it]Best trial: 13. Best value: 73.9862:  48%|████▊     | 48/100 [2:41:53<2:14:38, 155.36s/it]                                                                                          [I 2026-07-24 14:10:30,743] Trial 48 finished with value: 71.7405 and parameters: {'vwap_buy_deviation': -0.02080227193840705, 'take_profit_pct': 0.021553895708409418, 'buy_confirm_min_score': 26, 'notify_sell_threshold': 55, 'notify_buy_threshold': 56, 'stock_qty_strong_pct': 0.48686910341917783, 'stock_qty_base_pct': 0.3266385116705916, 'stock_rebuild_strong_pct': 0.6048273627561397, 'stock_first_add_pct': 0.10938606639537146}. Best is trial 13 with value: 73.9862.
Best trial: 13. Best value: 73.9862:  48%|████▊     | 48/100 [2:44:13<2:14:38, 155.36s/it]Best trial: 13. Best value: 73.9862:  48%|████▊     | 48/100 [2:44:13<2:14:38, 155.36s/it]Best trial: 13. Best value: 73.9862:  49%|████▉     | 49/100 [2:44:13<2:08:09, 150.78s/it]                                                                                          [I 2026-07-24 14:12:40,075] Trial 49 finished with value: 71.7785 and parameters: {'vwap_buy_deviation': -0.024596793790567967, 'take_profit_pct': 0.020750014955722654, 'buy_confirm_min_score': 27, 'notify_sell_threshold': 62, 'notify_buy_threshold': 55, 'stock_qty_strong_pct': 0.43969420950517407, 'stock_qty_base_pct': 0.23362868553473387, 'stock_rebuild_strong_pct': 0.8412876599568895, 'stock_first_add_pct': 0.3345385463541955}. Best is trial 13 with value: 73.9862.
Best trial: 13. Best value: 73.9862:  49%|████▉     | 49/100 [2:46:22<2:08:09, 150.78s/it]Best trial: 13. Best value: 73.9862:  49%|████▉     | 49/100 [2:46:22<2:08:09, 150.78s/it]Best trial: 13. Best value: 73.9862:  50%|█████     | 50/100 [2:46:22<2:00:17, 144.34s/it]                                                                                          [I 2026-07-24 14:14:47,891] Trial 50 finished with value: -9999.0 and parameters: {'vwap_buy_deviation': -0.018499144584840983, 'take_profit_pct': 0.022119511125922402, 'buy_confirm_min_score': 24, 'notify_sell_threshold': 53, 'notify_buy_threshold': 42, 'stock_qty_strong_pct': 0.26773817285014695, 'stock_qty_base_pct': 0.3436271413915606, 'stock_rebuild_strong_pct': 0.7752606038069455, 'stock_first_add_pct': 0.25815382991908803}. Best is trial 13 with value: 73.9862.
Best trial: 13. Best value: 73.9862:  50%|█████     | 50/100 [2:48:30<2:00:17, 144.34s/it]Best trial: 13. Best value: 73.9862:  50%|█████     | 50/100 [2:48:30<2:00:17, 144.34s/it]Best trial: 13. Best value: 73.9862:  51%|█████     | 51/100 [2:48:30<1:53:49, 139.39s/it]                                                                                          [I 2026-07-24 14:17:14,746] Trial 51 finished with value: -9999.0 and parameters: {'vwap_buy_deviation': -0.017557426817010287, 'take_profit_pct': 0.019390800182226515, 'buy_confirm_min_score': 28, 'notify_sell_threshold': 51, 'notify_buy_threshold': 57, 'stock_qty_strong_pct': 0.2524841655561837, 'stock_qty_base_pct': 0.24243929024485183, 'stock_rebuild_strong_pct': 0.5602975294042322, 'stock_first_add_pct': 0.38192263612446997}. Best is trial 13 with value: 73.9862.
