Best trial: 54. Best value: 683.473:  77%|███████▋  | 77/100 [3:49:57<1:08:57, 179.89s/it]Best trial: 54. Best value: 683.473:  77%|███████▋  | 77/100 [3:49:57<1:08:57, 179.89s/it]Best trial: 54. Best value: 683.473:  78%|███████▊  | 78/100 [3:49:57<1:05:58, 179.92s/it]                                                                                          [I 2026-07-25 01:39:16,324] Trial 78 finished with value: 104.2204 and parameters: {'vwap_buy_deviation': -0.023476911224408443, 'take_profit_pct': 0.021509665865709238, 'buy_confirm_min_score': 28, 'notify_sell_threshold': 43, 'notify_buy_threshold': 66, 'stock_qty_strong_pct': 0.515406772673336, 'stock_qty_base_pct': 0.3746448719198737, 'stock_rebuild_strong_pct': 0.8615460143618987, 'stock_first_add_pct': 0.19586430890777978}. Best is trial 54 with value: 683.4727.
Best trial: 54. Best value: 683.473:  78%|███████▊  | 78/100 [3:52:55<1:05:58, 179.92s/it]Best trial: 54. Best value: 683.473:  78%|███████▊  | 78/100 [3:52:55<1:05:58, 179.92s/it]Best trial: 54. Best value: 683.473:  79%|███████▉  | 79/100 [3:52:55<1:02:44, 179.26s/it]                                                                                          [I 2026-07-25 01:42:14,703] Trial 79 finished with value: 77.5494 and parameters: {'vwap_buy_deviation': -0.02497056450723665, 'take_profit_pct': 0.02314327110446697, 'buy_confirm_min_score': 29, 'notify_sell_threshold': 47, 'notify_buy_threshold': 54, 'stock_qty_strong_pct': 0.45802826335438557, 'stock_qty_base_pct': 0.3432060847516062, 'stock_rebuild_strong_pct': 0.8157062347200358, 'stock_first_add_pct': 0.15827116991331347}. Best is trial 54 with value: 683.4727.
Best trial: 54. Best value: 683.473:  79%|███████▉  | 79/100 [3:55:53<1:02:44, 179.26s/it]Best trial: 54. Best value: 683.473:  79%|███████▉  | 79/100 [3:55:53<1:02:44, 179.26s/it]Best trial: 54. Best value: 683.473:  80%|████████  | 80/100 [3:55:53<59:39, 178.99s/it]                                                                                          [I 2026-07-25 01:45:13,717] Trial 80 finished with value: 641.0841 and parameters: {'vwap_buy_deviation': -0.022348995203905906, 'take_profit_pct': 0.020655489140794132, 'buy_confirm_min_score': 30, 'notify_sell_threshold': 45, 'notify_buy_threshold': 48, 'stock_qty_strong_pct': 0.46924413236093165, 'stock_qty_base_pct': 0.3200208746597696, 'stock_rebuild_strong_pct': 0.7720002872257299, 'stock_first_add_pct': 0.17427788484154083}. Best is trial 54 with value: 683.4727.
Best trial: 54. Best value: 683.473:  80%|████████  | 80/100 [3:58:52<59:39, 178.99s/it]Best trial: 54. Best value: 683.473:  80%|████████  | 80/100 [3:58:52<59:39, 178.99s/it]Best trial: 54. Best value: 683.473:  81%|████████  | 81/100 [3:58:52<56:40, 179.00s/it]                                                                                        [I 2026-07-25 01:48:15,325] Trial 81 finished with value: 635.8717 and parameters: {'vwap_buy_deviation': -0.02191373590389691, 'take_profit_pct': 0.018507390960390856, 'buy_confirm_min_score': 29, 'notify_sell_threshold': 43, 'notify_buy_threshold': 47, 'stock_qty_strong_pct': 0.48545147515829645, 'stock_qty_base_pct': 0.3600052303852904, 'stock_rebuild_strong_pct': 0.7526014824604211, 'stock_first_add_pct': 0.12927426328600602}. Best is trial 54 with value: 683.4727.
Best trial: 54. Best value: 683.473:  81%|████████  | 81/100 [4:01:54<56:40, 179.00s/it]Best trial: 54. Best value: 683.473:  81%|████████  | 81/100 [4:01:54<56:40, 179.00s/it]Best trial: 54. Best value: 683.473:  82%|████████▏ | 82/100 [4:01:54<53:56, 179.78s/it]                                                                                        [I 2026-07-25 01:51:15,527] Trial 82 finished with value: 629.1261 and parameters: {'vwap_buy_deviation': -0.026463732719260533, 'take_profit_pct': 0.017526789033687346, 'buy_confirm_min_score': 29, 'notify_sell_threshold': 41, 'notify_buy_threshold': 48, 'stock_qty_strong_pct': 0.49018254563460023, 'stock_qty_base_pct': 0.3608642182755781, 'stock_rebuild_strong_pct': 0.7848360817141636, 'stock_first_add_pct': 0.10753963898891866}. Best is trial 54 with value: 683.4727.
Best trial: 54. Best value: 683.473:  82%|████████▏ | 82/100 [4:04:54<53:56, 179.78s/it]Best trial: 54. Best value: 683.473:  82%|████████▏ | 82/100 [4:04:54<53:56, 179.78s/it]Best trial: 54. Best value: 683.473:  83%|████████▎ | 83/100 [4:04:54<50:58, 179.91s/it]                                                                                        [I 2026-07-25 01:54:15,628] Trial 83 finished with value: 587.5852 and parameters: {'vwap_buy_deviation': -0.020962048178350533, 'take_profit_pct': 0.017263981924946846, 'buy_confirm_min_score': 28, 'notify_sell_threshold': 43, 'notify_buy_threshold': 49, 'stock_qty_strong_pct': 0.5038716224353927, 'stock_qty_base_pct': 0.3496989799856083, 'stock_rebuild_strong_pct': 0.7647619585914575, 'stock_first_add_pct': 0.18153935983632705}. Best is trial 54 with value: 683.4727.
Best trial: 54. Best value: 683.473:  83%|████████▎ | 83/100 [4:07:54<50:58, 179.91s/it]Best trial: 54. Best value: 683.473:  83%|████████▎ | 83/100 [4:07:54<50:58, 179.91s/it]Best trial: 54. Best value: 683.473:  84%|████████▍ | 84/100 [4:07:54<47:59, 179.97s/it]                                                                                        [I 2026-07-25 01:57:11,160] Trial 84 finished with value: 575.1763 and parameters: {'vwap_buy_deviation': -0.02378603096109869, 'take_profit_pct': 0.01948057323813617, 'buy_confirm_min_score': 27, 'notify_sell_threshold': 42, 'notify_buy_threshold': 46, 'stock_qty_strong_pct': 0.48179509993687497, 'stock_qty_base_pct': 0.3817439979318476, 'stock_rebuild_strong_pct': 0.6978762915906642, 'stock_first_add_pct': 0.14962887379015558}. Best is trial 54 with value: 683.4727.
Best trial: 54. Best value: 683.473:  84%|████████▍ | 84/100 [4:10:50<47:59, 179.97s/it]Best trial: 54. Best value: 683.473:  84%|████████▍ | 84/100 [4:10:50<47:59, 179.97s/it]Best trial: 54. Best value: 683.473:  85%|████████▌ | 85/100 [4:10:50<44:39, 178.64s/it]                                                                                        [I 2026-07-25 02:00:08,044] Trial 85 finished with value: 208.3866 and parameters: {'vwap_buy_deviation': -0.022938505035081217, 'take_profit_pct': 0.02403572372093334, 'buy_confirm_min_score': 30, 'notify_sell_threshold': 68, 'notify_buy_threshold': 50, 'stock_qty_strong_pct': 0.5330946427777028, 'stock_qty_base_pct': 0.36960871503540066, 'stock_rebuild_strong_pct': 0.8051077903504792, 'stock_first_add_pct': 0.12945090136513104}. Best is trial 54 with value: 683.4727.
Best trial: 54. Best value: 683.473:  85%|████████▌ | 85/100 [4:13:47<44:39, 178.64s/it]Best trial: 54. Best value: 683.473:  85%|████████▌ | 85/100 [4:13:47<44:39, 178.64s/it]Best trial: 54. Best value: 683.473:  86%|████████▌ | 86/100 [4:13:47<41:33, 178.11s/it]                                                                                        [I 2026-07-25 02:03:08,829] Trial 86 finished with value: 530.945 and parameters: {'vwap_buy_deviation': -0.024743209234288927, 'take_profit_pct': 0.018268654177224494, 'buy_confirm_min_score': 29, 'notify_sell_threshold': 46, 'notify_buy_threshold': 45, 'stock_qty_strong_pct': 0.44460904446284083, 'stock_qty_base_pct': 0.3626224027966911, 'stock_rebuild_strong_pct': 0.7433594669129695, 'stock_first_add_pct': 0.16797395271697063}. Best is trial 54 with value: 683.4727.
Best trial: 54. Best value: 683.473:  86%|████████▌ | 86/100 [4:16:47<41:33, 178.11s/it]Best trial: 54. Best value: 683.473:  86%|████████▌ | 86/100 [4:16:47<41:33, 178.11s/it]Best trial: 54. Best value: 683.473:  87%|████████▋ | 87/100 [4:16:47<38:45, 178.91s/it]                                                                                        [I 2026-07-25 02:06:05,590] Trial 87 finished with value: 652.4615 and parameters: {'vwap_buy_deviation': -0.02204064924155336, 'take_profit_pct': 0.022428990652688593, 'buy_confirm_min_score': 30, 'notify_sell_threshold': 44, 'notify_buy_threshold': 47, 'stock_qty_strong_pct': 0.5167421459578148, 'stock_qty_base_pct': 0.3478359154460152, 'stock_rebuild_strong_pct': 0.7194970178214279, 'stock_first_add_pct': 0.21320293636885274}. Best is trial 54 with value: 683.4727.
Best trial: 54. Best value: 683.473:  87%|████████▋ | 87/100 [4:19:44<38:45, 178.91s/it]Best trial: 54. Best value: 683.473:  87%|████████▋ | 87/100 [4:19:44<38:45, 178.91s/it]Best trial: 54. Best value: 683.473:  88%|████████▊ | 88/100 [4:19:44<35:39, 178.27s/it]                                                                                        [I 2026-07-25 02:09:00,504] Trial 88 finished with value: 427.0585 and parameters: {'vwap_buy_deviation': -0.02623926955402662, 'take_profit_pct': 0.02168652731792046, 'buy_confirm_min_score': 28, 'notify_sell_threshold': 45, 'notify_buy_threshold': 51, 'stock_qty_strong_pct': 0.5557341551619539, 'stock_qty_base_pct': 0.33521720732700105, 'stock_rebuild_strong_pct': 0.823725516303568, 'stock_first_add_pct': 0.2004938758043967}. Best is trial 54 with value: 683.4727.
Best trial: 54. Best value: 683.473:  88%|████████▊ | 88/100 [4:22:39<35:39, 178.27s/it]Best trial: 54. Best value: 683.473:  88%|████████▊ | 88/100 [4:22:39<35:39, 178.27s/it]Best trial: 54. Best value: 683.473:  89%|████████▉ | 89/100 [4:22:39<32:29, 177.26s/it]                                                                                        [I 2026-07-25 02:11:54,886] Trial 89 finished with value: 629.1261 and parameters: {'vwap_buy_deviation': -0.023246862404234542, 'take_profit_pct': 0.005971646307797066, 'buy_confirm_min_score': 29, 'notify_sell_threshold': 41, 'notify_buy_threshold': 48, 'stock_qty_strong_pct': 0.49316866865204856, 'stock_qty_base_pct': 0.39128411639699234, 'stock_rebuild_strong_pct': 0.8395579926619339, 'stock_first_add_pct': 0.18940258343343874}. Best is trial 54 with value: 683.4727.
Best trial: 54. Best value: 683.473:  89%|████████▉ | 89/100 [4:25:33<32:29, 177.26s/it]Best trial: 54. Best value: 683.473:  89%|████████▉ | 89/100 [4:25:33<32:29, 177.26s/it]Best trial: 54. Best value: 683.473:  90%|█████████ | 90/100 [4:25:33<29:23, 176.40s/it]                                                                                        [I 2026-07-25 02:14:53,565] Trial 90 finished with value: 587.5852 and parameters: {'vwap_buy_deviation': -0.025179260623321688, 'take_profit_pct': 0.02457023606196524, 'buy_confirm_min_score': 27, 'notify_sell_threshold': 43, 'notify_buy_threshold': 49, 'stock_qty_strong_pct': 0.5070492297271421, 'stock_qty_base_pct': 0.3721984401236036, 'stock_rebuild_strong_pct': 0.7917672273314197, 'stock_first_add_pct': 0.15538066144300963}. Best is trial 54 with value: 683.4727.
Best trial: 54. Best value: 683.473:  90%|█████████ | 90/100 [4:28:32<29:23, 176.40s/it]Best trial: 54. Best value: 683.473:  90%|█████████ | 90/100 [4:28:32<29:23, 176.40s/it]Best trial: 54. Best value: 683.473:  91%|█████████ | 91/100 [4:28:32<26:33, 177.08s/it]                                                                                        [I 2026-07-25 02:17:51,556] Trial 91 finished with value: 652.4615 and parameters: {'vwap_buy_deviation': -0.025906965554018477, 'take_profit_pct': 0.022277408087055032, 'buy_confirm_min_score': 29, 'notify_sell_threshold': 44, 'notify_buy_threshold': 47, 'stock_qty_strong_pct': 0.5267084216883274, 'stock_qty_base_pct': 0.37983691884846243, 'stock_rebuild_strong_pct': 0.8747869936085415, 'stock_first_add_pct': 0.22965371416700855}. Best is trial 54 with value: 683.4727.
Best trial: 54. Best value: 683.473:  91%|█████████ | 91/100 [4:31:30<26:33, 177.08s/it]Best trial: 54. Best value: 683.473:  91%|█████████ | 91/100 [4:31:30<26:33, 177.08s/it]Best trial: 54. Best value: 683.473:  92%|█████████▏| 92/100 [4:31:30<23:38, 177.36s/it]                                                                                        [I 2026-07-25 02:20:48,118] Trial 92 finished with value: 628.8777 and parameters: {'vwap_buy_deviation': -0.02424156736858337, 'take_profit_pct': 0.023373180466256117, 'buy_confirm_min_score': 29, 'notify_sell_threshold': 44, 'notify_buy_threshold': 46, 'stock_qty_strong_pct': 0.5204671074475569, 'stock_qty_base_pct': 0.3578392176964599, 'stock_rebuild_strong_pct': 0.8545771849952419, 'stock_first_add_pct': 0.17535217704897163}. Best is trial 54 with value: 683.4727.
Best trial: 54. Best value: 683.473:  92%|█████████▏| 92/100 [4:34:27<23:38, 177.36s/it]Best trial: 54. Best value: 683.473:  92%|█████████▏| 92/100 [4:34:27<23:38, 177.36s/it]Best trial: 54. Best value: 683.473:  93%|█████████▎| 93/100 [4:34:27<20:39, 177.12s/it]                                                                                        [I 2026-07-25 02:23:44,762] Trial 93 finished with value: 575.1763 and parameters: {'vwap_buy_deviation': -0.02383366047966515, 'take_profit_pct': 0.021231581136380927, 'buy_confirm_min_score': 28, 'notify_sell_threshold': 42, 'notify_buy_threshold': 46, 'stock_qty_strong_pct': 0.4794283387192395, 'stock_qty_base_pct': 0.3856033523985799, 'stock_rebuild_strong_pct': 0.9018158126345088, 'stock_first_add_pct': 0.16011384507834947}. Best is trial 54 with value: 683.4727.
Best trial: 54. Best value: 683.473:  93%|█████████▎| 93/100 [4:37:23<20:39, 177.12s/it]Best trial: 54. Best value: 683.473:  93%|█████████▎| 93/100 [4:37:23<20:39, 177.12s/it]Best trial: 54. Best value: 683.473:  94%|█████████▍| 94/100 [4:37:23<17:41, 176.97s/it]                                                                                        [I 2026-07-25 02:26:41,820] Trial 94 finished with value: 683.4727 and parameters: {'vwap_buy_deviation': -0.025255260419025462, 'take_profit_pct': 0.019871717609147976, 'buy_confirm_min_score': 30, 'notify_sell_threshold': 44, 'notify_buy_threshold': 48, 'stock_qty_strong_pct': 0.5010938034312182, 'stock_qty_base_pct': 0.364459365476939, 'stock_rebuild_strong_pct': 0.8830572495405218, 'stock_first_add_pct': 0.14356188572272974}. Best is trial 54 with value: 683.4727.
Best trial: 54. Best value: 683.473:  94%|█████████▍| 94/100 [4:40:20<17:41, 176.97s/it]Best trial: 54. Best value: 683.473:  94%|█████████▍| 94/100 [4:40:20<17:41, 176.97s/it]Best trial: 54. Best value: 683.473:  95%|█████████▌| 95/100 [4:40:20<14:44, 177.00s/it]                                                                                        [I 2026-07-25 02:29:37,534] Trial 95 finished with value: 657.1447 and parameters: {'vwap_buy_deviation': -0.022615065965952915, 'take_profit_pct': 0.01980485436359087, 'buy_confirm_min_score': 30, 'notify_sell_threshold': 43, 'notify_buy_threshold': 48, 'stock_qty_strong_pct': 0.4696922619497125, 'stock_qty_base_pct': 0.343894865740303, 'stock_rebuild_strong_pct': 0.8794846337500111, 'stock_first_add_pct': 0.12070545213653901}. Best is trial 54 with value: 683.4727.
Best trial: 54. Best value: 683.473:  95%|█████████▌| 95/100 [4:43:16<14:44, 177.00s/it]Best trial: 54. Best value: 683.473:  95%|█████████▌| 95/100 [4:43:16<14:44, 177.00s/it]Best trial: 54. Best value: 683.473:  96%|█████████▌| 96/100 [4:43:16<11:46, 176.62s/it]                                                                                        [I 2026-07-25 02:32:33,288] Trial 96 finished with value: 570.5789 and parameters: {'vwap_buy_deviation': -0.024473911614945214, 'take_profit_pct': 0.018805340739384172, 'buy_confirm_min_score': 30, 'notify_sell_threshold': 45, 'notify_buy_threshold': 49, 'stock_qty_strong_pct': 0.5019051534143106, 'stock_qty_base_pct': 0.36294976340829926, 'stock_rebuild_strong_pct': 0.8612575542264771, 'stock_first_add_pct': 0.14292739926174478}. Best is trial 54 with value: 683.4727.
Best trial: 54. Best value: 683.473:  96%|█████████▌| 96/100 [4:46:12<11:46, 176.62s/it]Best trial: 54. Best value: 683.473:  96%|█████████▌| 96/100 [4:46:12<11:46, 176.62s/it]Best trial: 54. Best value: 683.473:  97%|█████████▋| 97/100 [4:46:12<08:49, 176.36s/it]                                                                                        [I 2026-07-25 02:35:32,646] Trial 97 finished with value: 559.5592 and parameters: {'vwap_buy_deviation': -0.02667201420211435, 'take_profit_pct': 0.018093948145202973, 'buy_confirm_min_score': 30, 'notify_sell_threshold': 42, 'notify_buy_threshold': 49, 'stock_qty_strong_pct': 0.5133503452400686, 'stock_qty_base_pct': 0.36704291367708247, 'stock_rebuild_strong_pct': 0.7597808891189125, 'stock_first_add_pct': 0.16825825748845916}. Best is trial 54 with value: 683.4727.
Best trial: 54. Best value: 683.473:  97%|█████████▋| 97/100 [4:49:11<08:49, 176.36s/it]Best trial: 54. Best value: 683.473:  97%|█████████▋| 97/100 [4:49:11<08:49, 176.36s/it]Best trial: 54. Best value: 683.473:  98%|█████████▊| 98/100 [4:49:11<05:54, 177.26s/it]                                                                                        [I 2026-07-25 02:38:30,964] Trial 98 finished with value: 458.628 and parameters: {'vwap_buy_deviation': -0.02306561620337017, 'take_profit_pct': 0.014910642263606888, 'buy_confirm_min_score': 29, 'notify_sell_threshold': 44, 'notify_buy_threshold': 51, 'stock_qty_strong_pct': 0.5374124264515097, 'stock_qty_base_pct': 0.3996280668792723, 'stock_rebuild_strong_pct': 0.8008930884036309, 'stock_first_add_pct': 0.12912049203345127}. Best is trial 54 with value: 683.4727.
Best trial: 54. Best value: 683.473:  98%|█████████▊| 98/100 [4:52:09<05:54, 177.26s/it]Best trial: 54. Best value: 683.473:  98%|█████████▊| 98/100 [4:52:09<05:54, 177.26s/it]Best trial: 54. Best value: 683.473:  99%|█████████▉| 99/100 [4:52:09<02:57, 177.57s/it]                                                                                        [I 2026-07-25 02:41:25,543] Trial 99 finished with value: 511.8272 and parameters: {'vwap_buy_deviation': -0.021588182091085064, 'take_profit_pct': 0.020524669682889827, 'buy_confirm_min_score': 29, 'notify_sell_threshold': 47, 'notify_buy_threshold': 45, 'stock_qty_strong_pct': 0.4876412102959875, 'stock_qty_base_pct': 0.3542619669193948, 'stock_rebuild_strong_pct': 0.8868294508053344, 'stock_first_add_pct': 0.13427917239795353}. Best is trial 54 with value: 683.4727.
Best trial: 54. Best value: 683.473:  99%|█████████▉| 99/100 [4:55:04<02:57, 177.57s/it]Best trial: 54. Best value: 683.473:  99%|█████████▉| 99/100 [4:55:04<02:57, 177.57s/it]Best trial: 54. Best value: 683.473: 100%|██████████| 100/100 [4:55:04<00:00, 176.68s/it]Best trial: 54. Best value: 683.473: 100%|██████████| 100/100 [4:55:04<00:00, 177.05s/it]

[Optuna] 最佳 composite_score = 683.4727, params = {'vwap_buy_deviation': -0.025313876698129144, 'take_profit_pct': 0.0233773164039651, 'buy_confirm_min_score': 30, 'notify_sell_threshold': 44, 'notify_buy_threshold': 48, 'stock_qty_strong_pct': 0.4874249228580881, 'stock_qty_base_pct': 0.362503305385456, 'stock_rebuild_strong_pct': 0.8780869449734823, 'stock_first_add_pct': 0.1907770303426021}

[最优参数] 训练集...

[基准对比] 默认参数在测试集...
  默认: wr=0.00% pnl=-692 composite=-100.69

[过拟合] 训练=683.47 测试=436.53 比=63.87% [通过]

[邻域稳定性测试] 最优参数 ±5% 摇动...
  最优: 436.53
  邻域平均: 436.53
    vwap_buy_deviation=-0.024 → composite=436.53
    vwap_buy_deviation=-0.0266 → composite=436.53
    take_profit_pct=0.0222 → composite=436.53
    take_profit_pct=0.0245 → composite=436.53
    buy_confirm_min_score=29 → composite=436.53
  判定: [稳定]
[结果] -> E:\06_T\t_io\optimizer\best_params_000988.json
[报告] E:\06_T\t_io\optimizer\optimizer_report.md

=======================================================
  寻优完成
=======================================================
  VWAP偏离买入阈值: -0.025313876698129144
  止盈比例: 0.0233773164039651
  买入确认最低分: 30
  卖出推送阈值: 44
  买入推送阈值: 48
  强信号卖出比例: 0.4874249228580881
  中等信号卖出比例: 0.362503305385456
  强信号接回比例: 0.8780869449734823
  首次加仓比例: 0.1907770303426021
  训练集综合得分: 683.47
  输出: E:\06_T\t_io\optimizer/
