=======================================================

  参数寻优系统
=======================================================
  标的: 000988  方法: optuna  训练: 2025-06-01~2026-03-31
  [数据] 预处理 276 天收盘价索引
  [数据] 000988 2025-06-01~2026-03-31: 217 个交易日，检查缓存...
  [数据] 已缓存 202/217 天，缺失将在首次 trial 下载
  [数据] 000988 2026-04-01~2026-07-20: 79 个交易日，检查缓存...
  [数据] 已缓存 74/79 天，缺失将在首次 trial 下载

[基线] 默认参数...
  wr=0.00% trades=0 dd=0.00% composite=-9999.00
[I 2026-07-23 22:34:57,158] A new study created in memory with name: no-name-b0bede6a-9928-489d-a8d4-9db83e543846
  0%|          | 0/100 [00:00<?, ?it/s]                                       [I 2026-07-23 22:37:09,423] Trial 0 finished with value: 517.4149 and parameters: {'vwap_buy_deviation': -0.02750919762305275, 'take_profit_pct': 0.024014286128198326, 'buy_confirm_min_score': 26, 'notify_sell_threshold': 58, 'notify_buy_threshold': 44}. Best is trial 0 with value: 517.4149.
  0%|          | 0/100 [02:12<?, ?it/s]Best trial: 0. Best value: 517.415:   0%|          | 0/100 [02:12<?, ?it/s]Best trial: 0. Best value: 517.415:   1%|          | 1/100 [02:12<3:38:07, 132.20s/it]                                                                                      [I 2026-07-23 22:39:00,801] Trial 1 finished with value: -9999.0 and parameters: {'vwap_buy_deviation': -0.03188010959327595, 'take_profit_pct': 0.0061616722433639895, 'buy_confirm_min_score': 28, 'notify_sell_threshold': 58, 'notify_buy_threshold': 61}. Best is trial 0 with value: 517.4149.
Best trial: 0. Best value: 517.415:   1%|          | 1/100 [04:03<3:38:07, 132.20s/it]Best trial: 0. Best value: 517.415:   1%|          | 1/100 [04:03<3:38:07, 132.20s/it]Best trial: 0. Best value: 517.415:   2%|▏         | 2/100 [04:03<3:15:55, 119.95s/it]                                                                                      [I 2026-07-23 22:40:44,407] Trial 2 finished with value: 64.8687 and parameters: {'vwap_buy_deviation': -0.034588310114083955, 'take_profit_pct': 0.024398197043239887, 'buy_confirm_min_score': 28, 'notify_sell_threshold': 46, 'notify_buy_threshold': 45}. Best is trial 0 with value: 517.4149.
Best trial: 0. Best value: 517.415:   2%|▏         | 2/100 [05:47<3:15:55, 119.95s/it]Best trial: 0. Best value: 517.415:   2%|▏         | 2/100 [05:47<3:15:55, 119.95s/it]Best trial: 0. Best value: 517.415:   3%|▎         | 3/100 [05:47<3:01:51, 112.49s/it]                                                                                      [I 2026-07-23 22:42:24,160] Trial 3 finished with value: -9999.0 and parameters: {'vwap_buy_deviation': -0.031331909802931324, 'take_profit_pct': 0.011084844859190755, 'buy_confirm_min_score': 23, 'notify_sell_threshold': 53, 'notify_buy_threshold': 49}. Best is trial 0 with value: 517.4149.
Best trial: 0. Best value: 517.415:   3%|▎         | 3/100 [07:26<3:01:51, 112.49s/it]Best trial: 0. Best value: 517.415:   3%|▎         | 3/100 [07:26<3:01:51, 112.49s/it]Best trial: 0. Best value: 517.415:   4%|▍         | 4/100 [07:26<2:51:56, 107.46s/it]                                                                                      [I 2026-07-23 22:44:04,990] Trial 4 finished with value: -9999.0 and parameters: {'vwap_buy_deviation': -0.022762942105552412, 'take_profit_pct': 0.007789877213040837, 'buy_confirm_min_score': 19, 'notify_sell_threshold': 51, 'notify_buy_threshold': 54}. Best is trial 0 with value: 517.4149.
Best trial: 0. Best value: 517.415:   4%|▍         | 4/100 [09:07<2:51:56, 107.46s/it]Best trial: 0. Best value: 517.415:   4%|▍         | 4/100 [09:07<2:51:56, 107.46s/it]Best trial: 0. Best value: 517.415:   5%|▌         | 5/100 [09:07<2:46:21, 105.07s/it]                                                                                      [I 2026-07-23 22:45:46,836] Trial 5 finished with value: -9999.0 and parameters: {'vwap_buy_deviation': -0.01929648077213973, 'take_profit_pct': 0.008993475643167194, 'buy_confirm_min_score': 23, 'notify_sell_threshold': 58, 'notify_buy_threshold': 41}. Best is trial 0 with value: 517.4149.
Best trial: 0. Best value: 517.415:   5%|▌         | 5/100 [10:49<2:46:21, 105.07s/it]Best trial: 0. Best value: 517.415:   5%|▌         | 5/100 [10:49<2:46:21, 105.07s/it]Best trial: 0. Best value: 517.415:   6%|▌         | 6/100 [10:49<2:42:53, 103.97s/it]                                                                                      [I 2026-07-23 22:47:36,416] Trial 6 finished with value: -9999.0 and parameters: {'vwap_buy_deviation': -0.022849102961971235, 'take_profit_pct': 0.008410482473745831, 'buy_confirm_min_score': 16, 'notify_sell_threshold': 69, 'notify_buy_threshold': 69}. Best is trial 0 with value: 517.4149.
Best trial: 0. Best value: 517.415:   6%|▌         | 6/100 [12:39<2:42:53, 103.97s/it]Best trial: 0. Best value: 517.415:   6%|▌         | 6/100 [12:39<2:42:53, 103.97s/it]Best trial: 0. Best value: 517.415:   7%|▋         | 7/100 [12:39<2:43:59, 105.81s/it]                                                                                      [I 2026-07-23 22:49:23,970] Trial 7 finished with value: -9999.0 and parameters: {'vwap_buy_deviation': -0.018832053037670778, 'take_profit_pct': 0.011092275383467413, 'buy_confirm_min_score': 16, 'notify_sell_threshold': 61, 'notify_buy_threshold': 53}. Best is trial 0 with value: 517.4149.
Best trial: 0. Best value: 517.415:   7%|▋         | 7/100 [14:26<2:43:59, 105.81s/it]Best trial: 0. Best value: 517.415:   7%|▋         | 7/100 [14:26<2:43:59, 105.81s/it]Best trial: 0. Best value: 517.415:   8%|▊         | 8/100 [14:26<2:43:05, 106.36s/it]                                                                                      [I 2026-07-23 22:51:19,716] Trial 8 finished with value: 119.8157 and parameters: {'vwap_buy_deviation': -0.03255923530310443, 'take_profit_pct': 0.014903538202225404, 'buy_confirm_min_score': 15, 'notify_sell_threshold': 68, 'notify_buy_threshold': 48}. Best is trial 0 with value: 517.4149.
Best trial: 0. Best value: 517.415:   8%|▊         | 8/100 [16:22<2:43:05, 106.36s/it]Best trial: 0. Best value: 517.415:   8%|▊         | 8/100 [16:22<2:43:05, 106.36s/it]Best trial: 0. Best value: 517.415:   9%|▉         | 9/100 [16:22<2:45:45, 109.30s/it]                                                                                      [I 2026-07-23 22:53:24,088] Trial 9 finished with value: -9999.0 and parameters: {'vwap_buy_deviation': -0.02174955431292036, 'take_profit_pct': 0.01123422152178822, 'buy_confirm_min_score': 23, 'notify_sell_threshold': 56, 'notify_buy_threshold': 45}. Best is trial 0 with value: 517.4149.
Best trial: 0. Best value: 517.415:   9%|▉         | 9/100 [18:26<2:45:45, 109.30s/it]Best trial: 0. Best value: 517.415:   9%|▉         | 9/100 [18:26<2:45:45, 109.30s/it]Best trial: 0. Best value: 517.415:  10%|█         | 10/100 [18:26<2:50:55, 113.95s/it]                                                                                       [I 2026-07-23 22:55:19,434] Trial 10 finished with value: -9999.0 and parameters: {'vwap_buy_deviation': -0.0267537052972587, 'take_profit_pct': 0.023053077538243514, 'buy_confirm_min_score': 30, 'notify_sell_threshold': 40, 'notify_buy_threshold': 69}. Best is trial 0 with value: 517.4149.
Best trial: 0. Best value: 517.415:  10%|█         | 10/100 [20:22<2:50:55, 113.95s/it]Best trial: 0. Best value: 517.415:  10%|█         | 10/100 [20:22<2:50:55, 113.95s/it]Best trial: 0. Best value: 517.415:  11%|█         | 11/100 [20:22<2:49:39, 114.38s/it]                                                                                       [I 2026-07-23 22:57:12,119] Trial 11 finished with value: 302.5478 and parameters: {'vwap_buy_deviation': -0.028122649117739703, 'take_profit_pct': 0.019047918034569282, 'buy_confirm_min_score': 20, 'notify_sell_threshold': 69, 'notify_buy_threshold': 40}. Best is trial 0 with value: 517.4149.
Best trial: 0. Best value: 517.415:  11%|█         | 11/100 [22:14<2:49:39, 114.38s/it]Best trial: 0. Best value: 517.415:  11%|█         | 11/100 [22:14<2:49:39, 114.38s/it]Best trial: 0. Best value: 517.415:  12%|█▏        | 12/100 [22:14<2:46:59, 113.86s/it]                                                                                       [I 2026-07-23 22:59:07,339] Trial 12 finished with value: 140.5974 and parameters: {'vwap_buy_deviation': -0.027977853539014205, 'take_profit_pct': 0.019947883746104185, 'buy_confirm_min_score': 20, 'notify_sell_threshold': 64, 'notify_buy_threshold': 40}. Best is trial 0 with value: 517.4149.
Best trial: 0. Best value: 517.415:  12%|█▏        | 12/100 [24:10<2:46:59, 113.86s/it]Best trial: 0. Best value: 517.415:  12%|█▏        | 12/100 [24:10<2:46:59, 113.86s/it]Best trial: 0. Best value: 517.415:  13%|█▎        | 13/100 [24:10<2:45:41, 114.27s/it]                                                                                       [I 2026-07-23 23:00:59,980] Trial 13 finished with value: 107.4167 and parameters: {'vwap_buy_deviation': -0.027233573516544218, 'take_profit_pct': 0.019049476126106992, 'buy_confirm_min_score': 20, 'notify_sell_threshold': 64, 'notify_buy_threshold': 40}. Best is trial 0 with value: 517.4149.
Best trial: 0. Best value: 517.415:  13%|█▎        | 13/100 [26:02<2:45:41, 114.27s/it]Best trial: 0. Best value: 517.415:  13%|█▎        | 13/100 [26:02<2:45:41, 114.27s/it]Best trial: 0. Best value: 517.415:  14%|█▍        | 14/100 [26:02<2:43:05, 113.78s/it]                                                                                       [I 2026-07-23 23:02:56,095] Trial 14 finished with value: 176.632 and parameters: {'vwap_buy_deviation': -0.029216674063687196, 'take_profit_pct': 0.02081671596442557, 'buy_confirm_min_score': 26, 'notify_sell_threshold': 48, 'notify_buy_threshold': 45}. Best is trial 0 with value: 517.4149.
Best trial: 0. Best value: 517.415:  14%|█▍        | 14/100 [27:58<2:43:05, 113.78s/it]Best trial: 0. Best value: 517.415:  14%|█▍        | 14/100 [27:58<2:43:05, 113.78s/it]Best trial: 0. Best value: 517.415:  15%|█▌        | 15/100 [27:58<2:42:11, 114.48s/it]                                                                                       [I 2026-07-23 23:04:45,373] Trial 15 finished with value: -9999.0 and parameters: {'vwap_buy_deviation': -0.02546301754988466, 'take_profit_pct': 0.016586150917996156, 'buy_confirm_min_score': 25, 'notify_sell_threshold': 70, 'notify_buy_threshold': 51}. Best is trial 0 with value: 517.4149.
Best trial: 0. Best value: 517.415:  15%|█▌        | 15/100 [29:48<2:42:11, 114.48s/it]Best trial: 0. Best value: 517.415:  15%|█▌        | 15/100 [29:48<2:42:11, 114.48s/it]Best trial: 0. Best value: 517.415:  16%|█▌        | 16/100 [29:48<2:38:05, 112.92s/it]                                                                                       [I 2026-07-23 23:06:25,176] Trial 16 finished with value: -9999.0 and parameters: {'vwap_buy_deviation': -0.015012751227168976, 'take_profit_pct': 0.02241261643877199, 'buy_confirm_min_score': 18, 'notify_sell_threshold': 65, 'notify_buy_threshold': 60}. Best is trial 0 with value: 517.4149.
Best trial: 0. Best value: 517.415:  16%|█▌        | 16/100 [31:27<2:38:05, 112.92s/it]Best trial: 0. Best value: 517.415:  16%|█▌        | 16/100 [31:27<2:38:05, 112.92s/it]Best trial: 0. Best value: 517.415:  17%|█▋        | 17/100 [31:27<2:30:44, 108.97s/it]                                                                                       [I 2026-07-23 23:08:06,667] Trial 17 finished with value: -9999.0 and parameters: {'vwap_buy_deviation': -0.024724900609404146, 'take_profit_pct': 0.017119257555577146, 'buy_confirm_min_score': 21, 'notify_sell_threshold': 62, 'notify_buy_threshold': 44}. Best is trial 0 with value: 517.4149.
Best trial: 0. Best value: 517.415:  17%|█▋        | 17/100 [33:09<2:30:44, 108.97s/it]Best trial: 0. Best value: 517.415:  17%|█▋        | 17/100 [33:09<2:30:44, 108.97s/it]Best trial: 0. Best value: 517.415:  18%|█▊        | 18/100 [33:09<2:25:51, 106.73s/it]                                                                                       [I 2026-07-23 23:09:45,276] Trial 18 finished with value: 47.56 and parameters: {'vwap_buy_deviation': -0.02852010587794549, 'take_profit_pct': 0.024681296322375076, 'buy_confirm_min_score': 25, 'notify_sell_threshold': 45, 'notify_buy_threshold': 43}. Best is trial 0 with value: 517.4149.
Best trial: 0. Best value: 517.415:  18%|█▊        | 18/100 [34:48<2:25:51, 106.73s/it]Best trial: 0. Best value: 517.415:  18%|█▊        | 18/100 [34:48<2:25:51, 106.73s/it]Best trial: 0. Best value: 517.415:  19%|█▉        | 19/100 [34:48<2:20:47, 104.29s/it]                                                                                       [I 2026-07-23 23:11:11,368] Trial 19 finished with value: 20.3185 and parameters: {'vwap_buy_deviation': -0.03043798510069304, 'take_profit_pct': 0.015072578092720045, 'buy_confirm_min_score': 30, 'notify_sell_threshold': 54, 'notify_buy_threshold': 48}. Best is trial 0 with value: 517.4149.
Best trial: 0. Best value: 517.415:  19%|█▉        | 19/100 [36:14<2:20:47, 104.29s/it]Best trial: 0. Best value: 517.415:  19%|█▉        | 19/100 [36:14<2:20:47, 104.29s/it]Best trial: 0. Best value: 517.415:  20%|██        | 20/100 [36:14<2:11:45, 98.82s/it]                                                                                       [I 2026-07-23 23:12:36,790] Trial 20 finished with value: -9999.0 and parameters: {'vwap_buy_deviation': -0.029661924958488947, 'take_profit_pct': 0.021649609254594124, 'buy_confirm_min_score': 27, 'notify_sell_threshold': 60, 'notify_buy_threshold': 56}. Best is trial 0 with value: 517.4149.
Best trial: 0. Best value: 517.415:  20%|██        | 20/100 [37:39<2:11:45, 98.82s/it]Best trial: 0. Best value: 517.415:  20%|██        | 20/100 [37:39<2:11:45, 98.82s/it]Best trial: 0. Best value: 517.415:  21%|██        | 21/100 [37:39<2:04:49, 94.80s/it]                                                                                      [I 2026-07-23 23:14:07,719] Trial 21 finished with value: -9999.0 and parameters: {'vwap_buy_deviation': -0.025730343030118376, 'take_profit_pct': 0.02044905313455394, 'buy_confirm_min_score': 25, 'notify_sell_threshold': 49, 'notify_buy_threshold': 46}. Best is trial 0 with value: 517.4149.
Best trial: 0. Best value: 517.415:  21%|██        | 21/100 [39:10<2:04:49, 94.80s/it]Best trial: 0. Best value: 517.415:  21%|██        | 21/100 [39:10<2:04:49, 94.80s/it]Best trial: 0. Best value: 517.415:  22%|██▏       | 22/100 [39:10<2:01:43, 93.64s/it]                                                                                      [I 2026-07-23 23:15:44,177] Trial 22 finished with value: 19.7817 and parameters: {'vwap_buy_deviation': -0.02932212942642073, 'take_profit_pct': 0.018345140798780524, 'buy_confirm_min_score': 27, 'notify_sell_threshold': 41, 'notify_buy_threshold': 43}. Best is trial 0 with value: 517.4149.
Best trial: 0. Best value: 517.415:  22%|██▏       | 22/100 [40:46<2:01:43, 93.64s/it]Best trial: 0. Best value: 517.415:  22%|██▏       | 22/100 [40:46<2:01:43, 93.64s/it]Best trial: 0. Best value: 517.415:  23%|██▎       | 23/100 [40:46<2:01:15, 94.48s/it]                                                                                      [I 2026-07-23 23:17:12,809] Trial 23 finished with value: 113.0433 and parameters: {'vwap_buy_deviation': -0.033659213148052286, 'take_profit_pct': 0.02111900953271718, 'buy_confirm_min_score': 22, 'notify_sell_threshold': 48, 'notify_buy_threshold': 42}. Best is trial 0 with value: 517.4149.
Best trial: 0. Best value: 517.415:  23%|██▎       | 23/100 [42:15<2:01:15, 94.48s/it]Best trial: 0. Best value: 517.415:  23%|██▎       | 23/100 [42:15<2:01:15, 94.48s/it]Best trial: 0. Best value: 517.415:  24%|██▍       | 24/100 [42:15<1:57:27, 92.73s/it]                                                                                      [I 2026-07-23 23:18:43,092] Trial 24 finished with value: 31.1105 and parameters: {'vwap_buy_deviation': -0.0242669792590802, 'take_profit_pct': 0.0232797194350575, 'buy_confirm_min_score': 26, 'notify_sell_threshold': 44, 'notify_buy_threshold': 47}. Best is trial 0 with value: 517.4149.
Best trial: 0. Best value: 517.415:  24%|██▍       | 24/100 [43:45<1:57:27, 92.73s/it]Best trial: 0. Best value: 517.415:  24%|██▍       | 24/100 [43:45<1:57:27, 92.73s/it]Best trial: 0. Best value: 517.415:  25%|██▌       | 25/100 [43:45<1:54:59, 91.99s/it]                                                                                      [I 2026-07-23 23:20:13,902] Trial 25 finished with value: -9999.0 and parameters: {'vwap_buy_deviation': -0.030443924800982694, 'take_profit_pct': 0.017083170990023985, 'buy_confirm_min_score': 24, 'notify_sell_threshold': 67, 'notify_buy_threshold': 50}. Best is trial 0 with value: 517.4149.
Best trial: 0. Best value: 517.415:  25%|██▌       | 25/100 [45:16<1:54:59, 91.99s/it]Best trial: 0. Best value: 517.415:  25%|██▌       | 25/100 [45:16<1:54:59, 91.99s/it]Best trial: 0. Best value: 517.415:  26%|██▌       | 26/100 [45:16<1:53:01, 91.64s/it]                                                                                      [I 2026-07-23 23:21:58,662] Trial 26 finished with value: 90.8851 and parameters: {'vwap_buy_deviation': -0.027014107033623877, 'take_profit_pct': 0.019131493225212813, 'buy_confirm_min_score': 29, 'notify_sell_threshold': 52, 'notify_buy_threshold': 40}. Best is trial 0 with value: 517.4149.
Best trial: 0. Best value: 517.415:  26%|██▌       | 26/100 [47:01<1:53:01, 91.64s/it]Best trial: 0. Best value: 517.415:  26%|██▌       | 26/100 [47:01<1:53:01, 91.64s/it]Best trial: 0. Best value: 517.415:  27%|██▋       | 27/100 [47:01<1:56:17, 95.58s/it]                                                                                      [I 2026-07-23 23:23:38,719] Trial 27 finished with value: 527.0135 and parameters: {'vwap_buy_deviation': -0.028842952625039917, 'take_profit_pct': 0.02497266648074965, 'buy_confirm_min_score': 18, 'notify_sell_threshold': 57, 'notify_buy_threshold': 43}. Best is trial 27 with value: 527.0135.
Best trial: 0. Best value: 517.415:  27%|██▋       | 27/100 [48:41<1:56:17, 95.58s/it]Best trial: 27. Best value: 527.014:  27%|██▋       | 27/100 [48:41<1:56:17, 95.58s/it]Best trial: 27. Best value: 527.014:  28%|██▊       | 28/100 [48:41<1:56:18, 96.92s/it]                                                                                       [I 2026-07-23 23:25:23,667] Trial 28 finished with value: 592.2439 and parameters: {'vwap_buy_deviation': -0.02632271209916426, 'take_profit_pct': 0.02492301976427158, 'buy_confirm_min_score': 18, 'notify_sell_threshold': 57, 'notify_buy_threshold': 42}. Best is trial 28 with value: 592.2439.
Best trial: 27. Best value: 527.014:  28%|██▊       | 28/100 [50:26<1:56:18, 96.92s/it]Best trial: 28. Best value: 592.244:  28%|██▊       | 28/100 [50:26<1:56:18, 96.92s/it]Best trial: 28. Best value: 592.244:  29%|██▉       | 29/100 [50:26<1:57:32, 99.33s/it]                                                                                       [I 2026-07-23 23:27:01,822] Trial 29 finished with value: -9999.0 and parameters: {'vwap_buy_deviation': -0.031564131560963514, 'take_profit_pct': 0.024708422585782697, 'buy_confirm_min_score': 18, 'notify_sell_threshold': 57, 'notify_buy_threshold': 66}. Best is trial 28 with value: 592.2439.
Best trial: 28. Best value: 592.244:  29%|██▉       | 29/100 [52:04<1:57:32, 99.33s/it]Best trial: 28. Best value: 592.244:  29%|██▉       | 29/100 [52:04<1:57:32, 99.33s/it]Best trial: 28. Best value: 592.244:  30%|███       | 30/100 [52:04<1:55:28, 98.98s/it]                                                                                       [I 2026-07-23 23:28:45,658] Trial 30 finished with value: 585.0244 and parameters: {'vwap_buy_deviation': -0.02036166114434239, 'take_profit_pct': 0.02338520564499677, 'buy_confirm_min_score': 17, 'notify_sell_threshold': 56, 'notify_buy_threshold': 43}. Best is trial 28 with value: 592.2439.
Best trial: 28. Best value: 592.244:  30%|███       | 30/100 [53:48<1:55:28, 98.98s/it]Best trial: 28. Best value: 592.244:  30%|███       | 30/100 [53:48<1:55:28, 98.98s/it]Best trial: 28. Best value: 592.244:  31%|███       | 31/100 [53:48<1:55:29, 100.43s/it]                                                                                        [I 2026-07-23 23:30:31,673] Trial 31 finished with value: 496.2995 and parameters: {'vwap_buy_deviation': -0.018802082800410406, 'take_profit_pct': 0.023442714948629692, 'buy_confirm_min_score': 17, 'notify_sell_threshold': 55, 'notify_buy_threshold': 43}. Best is trial 28 with value: 592.2439.
Best trial: 28. Best value: 592.244:  31%|███       | 31/100 [55:34<1:55:29, 100.43s/it]Best trial: 28. Best value: 592.244:  31%|███       | 31/100 [55:34<1:55:29, 100.43s/it]Best trial: 28. Best value: 592.244:  32%|███▏      | 32/100 [55:34<1:55:43, 102.11s/it]                                                                                        [I 2026-07-23 23:32:15,470] Trial 32 finished with value: 212.56 and parameters: {'vwap_buy_deviation': -0.015655054534224912, 'take_profit_pct': 0.024905198876152286, 'buy_confirm_min_score': 18, 'notify_sell_threshold': 59, 'notify_buy_threshold': 46}. Best is trial 28 with value: 592.2439.
