Best trial: 48. Best value: 652.462:  51%|█████     | 51/100 [2:32:10<2:25:27, 178.10s/it]Best trial: 48. Best value: 652.462:  51%|█████     | 51/100 [2:32:10<2:25:27, 178.10s/it]Best trial: 48. Best value: 652.462:  52%|█████▏    | 52/100 [2:32:10<2:23:33, 179.46s/it]                                                                                          [I 2026-07-25 00:21:29,805] Trial 52 finished with value: 511.8272 and parameters: {'vwap_buy_deviation': -0.02454032384581555, 'take_profit_pct': 0.020311708618180668, 'buy_confirm_min_score': 28, 'notify_sell_threshold': 47, 'notify_buy_threshold': 45, 'stock_qty_strong_pct': 0.5282063747164838, 'stock_qty_base_pct': 0.33971710939474115, 'stock_rebuild_strong_pct': 0.8923912009317064, 'stock_first_add_pct': 0.1819171839940098}. Best is trial 48 with value: 652.4615.
Best trial: 48. Best value: 652.462:  52%|█████▏    | 52/100 [2:35:08<2:23:33, 179.46s/it]Best trial: 48. Best value: 652.462:  52%|█████▏    | 52/100 [2:35:08<2:23:33, 179.46s/it]Best trial: 48. Best value: 652.462:  53%|█████▎    | 53/100 [2:35:08<2:20:18, 179.11s/it]                                                                                          [I 2026-07-25 00:24:26,168] Trial 53 finished with value: 468.8136 and parameters: {'vwap_buy_deviation': -0.022148728201217355, 'take_profit_pct': 0.022047243923833344, 'buy_confirm_min_score': 29, 'notify_sell_threshold': 45, 'notify_buy_threshold': 41, 'stock_qty_strong_pct': 0.5493578517131404, 'stock_qty_base_pct': 0.38928089081526696, 'stock_rebuild_strong_pct': 0.9492522827999237, 'stock_first_add_pct': 0.21794667943661108}. Best is trial 48 with value: 652.4615.
Best trial: 48. Best value: 652.462:  53%|█████▎    | 53/100 [2:38:05<2:20:18, 179.11s/it]Best trial: 48. Best value: 652.462:  53%|█████▎    | 53/100 [2:38:05<2:20:18, 179.11s/it]Best trial: 48. Best value: 652.462:  54%|█████▍    | 54/100 [2:38:05<2:16:41, 178.29s/it]                                                                                          [I 2026-07-25 00:27:23,673] Trial 54 finished with value: 683.4727 and parameters: {'vwap_buy_deviation': -0.025313876698129144, 'take_profit_pct': 0.0233773164039651, 'buy_confirm_min_score': 30, 'notify_sell_threshold': 44, 'notify_buy_threshold': 48, 'stock_qty_strong_pct': 0.4874249228580881, 'stock_qty_base_pct': 0.362503305385456, 'stock_rebuild_strong_pct': 0.8780869449734823, 'stock_first_add_pct': 0.1907770303426021}. Best is trial 54 with value: 683.4727.
Best trial: 48. Best value: 652.462:  54%|█████▍    | 54/100 [2:41:02<2:16:41, 178.29s/it]Best trial: 54. Best value: 683.473:  54%|█████▍    | 54/100 [2:41:02<2:16:41, 178.29s/it]Best trial: 54. Best value: 683.473:  55%|█████▌    | 55/100 [2:41:02<2:13:32, 178.05s/it]                                                                                          [I 2026-07-25 00:30:21,728] Trial 55 finished with value: 508.5578 and parameters: {'vwap_buy_deviation': -0.020515614187281067, 'take_profit_pct': 0.023087571895139342, 'buy_confirm_min_score': 30, 'notify_sell_threshold': 48, 'notify_buy_threshold': 47, 'stock_qty_strong_pct': 0.25201018484245397, 'stock_qty_base_pct': 0.36773873461579004, 'stock_rebuild_strong_pct': 0.8758418291998888, 'stock_first_add_pct': 0.18995383210015523}. Best is trial 54 with value: 683.4727.
Best trial: 54. Best value: 683.473:  55%|█████▌    | 55/100 [2:44:00<2:13:32, 178.05s/it]Best trial: 54. Best value: 683.473:  55%|█████▌    | 55/100 [2:44:00<2:13:32, 178.05s/it]Best trial: 54. Best value: 683.473:  56%|█████▌    | 56/100 [2:44:00<2:10:34, 178.05s/it]                                                                                          [I 2026-07-25 00:33:18,178] Trial 56 finished with value: 683.4727 and parameters: {'vwap_buy_deviation': -0.025741916786053132, 'take_profit_pct': 0.024186795542271506, 'buy_confirm_min_score': 28, 'notify_sell_threshold': 44, 'notify_buy_threshold': 48, 'stock_qty_strong_pct': 0.522012984385315, 'stock_qty_base_pct': 0.3651527853708071, 'stock_rebuild_strong_pct': 0.8997454767550092, 'stock_first_add_pct': 0.19494926482318087}. Best is trial 54 with value: 683.4727.
Best trial: 54. Best value: 683.473:  56%|█████▌    | 56/100 [2:46:57<2:10:34, 178.05s/it]Best trial: 54. Best value: 683.473:  56%|█████▌    | 56/100 [2:46:57<2:10:34, 178.05s/it]Best trial: 54. Best value: 683.473:  57%|█████▋    | 57/100 [2:46:57<2:07:15, 177.57s/it]                                                                                          [I 2026-07-25 00:36:15,602] Trial 57 finished with value: 492.6534 and parameters: {'vwap_buy_deviation': -0.025475823499685364, 'take_profit_pct': 0.024241775299920432, 'buy_confirm_min_score': 28, 'notify_sell_threshold': 46, 'notify_buy_threshold': 50, 'stock_qty_strong_pct': 0.5213499491870788, 'stock_qty_base_pct': 0.35491574281544025, 'stock_rebuild_strong_pct': 0.8125652298327056, 'stock_first_add_pct': 0.17139894404906977}. Best is trial 54 with value: 683.4727.
Best trial: 54. Best value: 683.473:  57%|█████▋    | 57/100 [2:49:54<2:07:15, 177.57s/it]Best trial: 54. Best value: 683.473:  57%|█████▋    | 57/100 [2:49:54<2:07:15, 177.57s/it]Best trial: 54. Best value: 683.473:  58%|█████▊    | 58/100 [2:49:54<2:04:16, 177.53s/it]                                                                                          [I 2026-07-25 00:39:10,597] Trial 58 finished with value: 657.1447 and parameters: {'vwap_buy_deviation': -0.02442919302833824, 'take_profit_pct': 0.02405825692633649, 'buy_confirm_min_score': 29, 'notify_sell_threshold': 43, 'notify_buy_threshold': 48, 'stock_qty_strong_pct': 0.4902391177131212, 'stock_qty_base_pct': 0.3675551508520842, 'stock_rebuild_strong_pct': 0.8592337613693974, 'stock_first_add_pct': 0.19301772741976553}. Best is trial 54 with value: 683.4727.
Best trial: 54. Best value: 683.473:  58%|█████▊    | 58/100 [2:52:49<2:04:16, 177.53s/it]Best trial: 54. Best value: 683.473:  58%|█████▊    | 58/100 [2:52:49<2:04:16, 177.53s/it]Best trial: 54. Best value: 683.473:  59%|█████▉    | 59/100 [2:52:49<2:00:47, 176.77s/it]                                                                                          [I 2026-07-25 00:42:10,345] Trial 59 finished with value: 175.4475 and parameters: {'vwap_buy_deviation': -0.024444519713402182, 'take_profit_pct': 0.02395553145196986, 'buy_confirm_min_score': 29, 'notify_sell_threshold': 70, 'notify_buy_threshold': 52, 'stock_qty_strong_pct': 0.48951182950714, 'stock_qty_base_pct': 0.3250038298659011, 'stock_rebuild_strong_pct': 0.904470282898254, 'stock_first_add_pct': 0.19800080320838348}. Best is trial 54 with value: 683.4727.
Best trial: 54. Best value: 683.473:  59%|█████▉    | 59/100 [2:55:49<2:00:47, 176.77s/it]Best trial: 54. Best value: 683.473:  59%|█████▉    | 59/100 [2:55:49<2:00:47, 176.77s/it]Best trial: 54. Best value: 683.473:  60%|██████    | 60/100 [2:55:49<1:58:26, 177.66s/it]                                                                                          [I 2026-07-25 00:45:06,660] Trial 60 finished with value: 657.1447 and parameters: {'vwap_buy_deviation': -0.02288756158886976, 'take_profit_pct': 0.02182028262074155, 'buy_confirm_min_score': 29, 'notify_sell_threshold': 43, 'notify_buy_threshold': 48, 'stock_qty_strong_pct': 0.504455654878652, 'stock_qty_base_pct': 0.3742616134470351, 'stock_rebuild_strong_pct': 0.8143204461306387, 'stock_first_add_pct': 0.16863393828459033}. Best is trial 54 with value: 683.4727.
Best trial: 54. Best value: 683.473:  60%|██████    | 60/100 [2:58:45<1:58:26, 177.66s/it]Best trial: 54. Best value: 683.473:  60%|██████    | 60/100 [2:58:45<1:58:26, 177.66s/it]Best trial: 54. Best value: 683.473:  61%|██████    | 61/100 [2:58:45<1:55:13, 177.26s/it]                                                                                          [I 2026-07-25 00:48:34,106] Trial 61 finished with value: 657.1447 and parameters: {'vwap_buy_deviation': -0.023240198880537268, 'take_profit_pct': 0.021975967540000682, 'buy_confirm_min_score': 29, 'notify_sell_threshold': 43, 'notify_buy_threshold': 48, 'stock_qty_strong_pct': 0.5093978017502747, 'stock_qty_base_pct': 0.37574815450848986, 'stock_rebuild_strong_pct': 0.8155687573067232, 'stock_first_add_pct': 0.16968874432340075}. Best is trial 54 with value: 683.4727.
Best trial: 54. Best value: 683.473:  61%|██████    | 61/100 [3:02:13<1:55:13, 177.26s/it]Best trial: 54. Best value: 683.473:  61%|██████    | 61/100 [3:02:13<1:55:13, 177.26s/it]Best trial: 54. Best value: 683.473:  62%|██████▏   | 62/100 [3:02:13<1:57:59, 186.31s/it]                                                                                          [I 2026-07-25 00:51:38,444] Trial 62 finished with value: 657.1447 and parameters: {'vwap_buy_deviation': -0.023159446931506022, 'take_profit_pct': 0.021741148383507842, 'buy_confirm_min_score': 29, 'notify_sell_threshold': 43, 'notify_buy_threshold': 48, 'stock_qty_strong_pct': 0.5393384951268957, 'stock_qty_base_pct': 0.368993684631087, 'stock_rebuild_strong_pct': 0.7784706925505708, 'stock_first_add_pct': 0.1697280283015814}. Best is trial 54 with value: 683.4727.
Best trial: 54. Best value: 683.473:  62%|██████▏   | 62/100 [3:05:17<1:57:59, 186.31s/it]Best trial: 54. Best value: 683.473:  62%|██████▏   | 62/100 [3:05:17<1:57:59, 186.31s/it]Best trial: 54. Best value: 683.473:  63%|██████▎   | 63/100 [3:05:17<1:54:31, 185.72s/it]                                                                                          [I 2026-07-25 00:54:37,370] Trial 63 finished with value: 657.1447 and parameters: {'vwap_buy_deviation': -0.02335504024346683, 'take_profit_pct': 0.021930974341772717, 'buy_confirm_min_score': 29, 'notify_sell_threshold': 43, 'notify_buy_threshold': 48, 'stock_qty_strong_pct': 0.5066143057943505, 'stock_qty_base_pct': 0.3702930146448383, 'stock_rebuild_strong_pct': 0.7750353109180264, 'stock_first_add_pct': 0.1656159041931092}. Best is trial 54 with value: 683.4727.
Best trial: 54. Best value: 683.473:  63%|██████▎   | 63/100 [3:08:16<1:54:31, 185.72s/it]Best trial: 54. Best value: 683.473:  63%|██████▎   | 63/100 [3:08:16<1:54:31, 185.72s/it]Best trial: 54. Best value: 683.473:  64%|██████▍   | 64/100 [3:08:16<1:50:12, 183.68s/it]                                                                                          [I 2026-07-25 00:57:32,527] Trial 64 finished with value: 629.1261 and parameters: {'vwap_buy_deviation': -0.020413254583379295, 'take_profit_pct': 0.023350507923150816, 'buy_confirm_min_score': 29, 'notify_sell_threshold': 42, 'notify_buy_threshold': 48, 'stock_qty_strong_pct': 0.5052548884257606, 'stock_qty_base_pct': 0.3755223031175267, 'stock_rebuild_strong_pct': 0.7738841863527561, 'stock_first_add_pct': 0.1673475377919168}. Best is trial 54 with value: 683.4727.
Best trial: 54. Best value: 683.473:  64%|██████▍   | 64/100 [3:11:11<1:50:12, 183.68s/it]Best trial: 54. Best value: 683.473:  64%|██████▍   | 64/100 [3:11:11<1:50:12, 183.68s/it]Best trial: 54. Best value: 683.473:  65%|██████▌   | 65/100 [3:11:11<1:45:39, 181.12s/it]                                                                                          [I 2026-07-25 01:00:29,850] Trial 65 finished with value: 543.7098 and parameters: {'vwap_buy_deviation': -0.0232828495195505, 'take_profit_pct': 0.02153662570454592, 'buy_confirm_min_score': 28, 'notify_sell_threshold': 43, 'notify_buy_threshold': 50, 'stock_qty_strong_pct': 0.5100945646338667, 'stock_qty_base_pct': 0.35255155168968455, 'stock_rebuild_strong_pct': 0.8167004352945384, 'stock_first_add_pct': 0.14703165537629906}. Best is trial 54 with value: 683.4727.
Best trial: 54. Best value: 683.473:  65%|██████▌   | 65/100 [3:14:08<1:45:39, 181.12s/it]Best trial: 54. Best value: 683.473:  65%|██████▌   | 65/100 [3:14:08<1:45:39, 181.12s/it]Best trial: 54. Best value: 683.473:  66%|██████▌   | 66/100 [3:14:08<1:41:59, 179.98s/it]                                                                                          [I 2026-07-25 01:03:29,765] Trial 66 finished with value: 593.6847 and parameters: {'vwap_buy_deviation': -0.021481507624083455, 'take_profit_pct': 0.023514116463280627, 'buy_confirm_min_score': 28, 'notify_sell_threshold': 46, 'notify_buy_threshold': 48, 'stock_qty_strong_pct': 0.5432492978133023, 'stock_qty_base_pct': 0.38149170453610254, 'stock_rebuild_strong_pct': 0.7287946454862002, 'stock_first_add_pct': 0.12261725468933335}. Best is trial 54 with value: 683.4727.
Best trial: 54. Best value: 683.473:  66%|██████▌   | 66/100 [3:17:08<1:41:59, 179.98s/it]Best trial: 54. Best value: 683.473:  66%|██████▌   | 66/100 [3:17:08<1:41:59, 179.98s/it]Best trial: 54. Best value: 683.473:  67%|██████▋   | 67/100 [3:17:08<1:38:58, 179.96s/it]                                                                                          [I 2026-07-25 01:06:27,653] Trial 67 finished with value: 321.8905 and parameters: {'vwap_buy_deviation': -0.01972201848289941, 'take_profit_pct': 0.021763702130823622, 'buy_confirm_min_score': 29, 'notify_sell_threshold': 43, 'notify_buy_threshold': 52, 'stock_qty_strong_pct': 0.49586861597373433, 'stock_qty_base_pct': 0.3978586701668764, 'stock_rebuild_strong_pct': 0.777162162536409, 'stock_first_add_pct': 0.1615198188527649}. Best is trial 54 with value: 683.4727.
Best trial: 54. Best value: 683.473:  67%|██████▋   | 67/100 [3:20:06<1:38:58, 179.96s/it]Best trial: 54. Best value: 683.473:  67%|██████▋   | 67/100 [3:20:06<1:38:58, 179.96s/it]Best trial: 54. Best value: 683.473:  68%|██████▊   | 68/100 [3:20:06<1:35:38, 179.34s/it]                                                                                          [I 2026-07-25 01:09:24,640] Trial 68 finished with value: 77.5494 and parameters: {'vwap_buy_deviation': -0.02253876032469927, 'take_profit_pct': 0.02294674827575764, 'buy_confirm_min_score': 30, 'notify_sell_threshold': 45, 'notify_buy_threshold': 55, 'stock_qty_strong_pct': 0.5636634456953724, 'stock_qty_base_pct': 0.3567178853054724, 'stock_rebuild_strong_pct': 0.8025852567422725, 'stock_first_add_pct': 0.192684483988604}. Best is trial 54 with value: 683.4727.
Best trial: 54. Best value: 683.473:  68%|██████▊   | 68/100 [3:23:03<1:35:38, 179.34s/it]Best trial: 54. Best value: 683.473:  68%|██████▊   | 68/100 [3:23:03<1:35:38, 179.34s/it]Best trial: 54. Best value: 683.473:  69%|██████▉   | 69/100 [3:23:03<1:32:17, 178.63s/it]                                                                                          [I 2026-07-25 01:12:20,383] Trial 69 finished with value: 629.1261 and parameters: {'vwap_buy_deviation': -0.0233709615677127, 'take_profit_pct': 0.02431175548815613, 'buy_confirm_min_score': 28, 'notify_sell_threshold': 42, 'notify_buy_threshold': 48, 'stock_qty_strong_pct': 0.535342604819068, 'stock_qty_base_pct': 0.3649385990060191, 'stock_rebuild_strong_pct': 0.826677124591479, 'stock_first_add_pct': 0.15178812500015162}. Best is trial 54 with value: 683.4727.
Best trial: 54. Best value: 683.473:  69%|██████▉   | 69/100 [3:25:59<1:32:17, 178.63s/it]Best trial: 54. Best value: 683.473:  69%|██████▉   | 69/100 [3:25:59<1:32:17, 178.63s/it]Best trial: 54. Best value: 683.473:  70%|███████   | 70/100 [3:25:59<1:28:53, 177.77s/it]                                                                                          [I 2026-07-25 01:15:16,261] Trial 70 finished with value: 525.0336 and parameters: {'vwap_buy_deviation': -0.0173544401085465, 'take_profit_pct': 0.022620110456561416, 'buy_confirm_min_score': 30, 'notify_sell_threshold': 48, 'notify_buy_threshold': 49, 'stock_qty_strong_pct': 0.5100075355823779, 'stock_qty_base_pct': 0.32809629775474697, 'stock_rebuild_strong_pct': 0.664410081990997, 'stock_first_add_pct': 0.1652533292321667}. Best is trial 54 with value: 683.4727.
Best trial: 54. Best value: 683.473:  70%|███████   | 70/100 [3:28:55<1:28:53, 177.77s/it]Best trial: 54. Best value: 683.473:  70%|███████   | 70/100 [3:28:55<1:28:53, 177.77s/it]Best trial: 54. Best value: 683.473:  71%|███████   | 71/100 [3:28:55<1:25:38, 177.20s/it]                                                                                          [I 2026-07-25 01:18:23,847] Trial 71 finished with value: 536.6035 and parameters: {'vwap_buy_deviation': -0.024909430530164756, 'take_profit_pct': 0.02204889618421528, 'buy_confirm_min_score': 29, 'notify_sell_threshold': 45, 'notify_buy_threshold': 50, 'stock_qty_strong_pct': 0.5552827809524754, 'stock_qty_base_pct': 0.3819623697530047, 'stock_rebuild_strong_pct': 0.8298746390141546, 'stock_first_add_pct': 0.20497427796415713}. Best is trial 54 with value: 683.4727.
Best trial: 54. Best value: 683.473:  71%|███████   | 71/100 [3:32:02<1:25:38, 177.20s/it]Best trial: 54. Best value: 683.473:  71%|███████   | 71/100 [3:32:02<1:25:38, 177.20s/it]Best trial: 54. Best value: 683.473:  72%|███████▏  | 72/100 [3:32:02<1:24:08, 180.32s/it]                                                                                          [I 2026-07-25 01:21:19,775] Trial 72 finished with value: 657.1447 and parameters: {'vwap_buy_deviation': -0.024050907148299456, 'take_profit_pct': 0.019199890073236303, 'buy_confirm_min_score': 29, 'notify_sell_threshold': 43, 'notify_buy_threshold': 48, 'stock_qty_strong_pct': 0.5304388732033323, 'stock_qty_base_pct': 0.34708108583024244, 'stock_rebuild_strong_pct': 0.8518788544696927, 'stock_first_add_pct': 0.17858284870122187}. Best is trial 54 with value: 683.4727.
Best trial: 54. Best value: 683.473:  72%|███████▏  | 72/100 [3:34:58<1:24:08, 180.32s/it]Best trial: 54. Best value: 683.473:  72%|███████▏  | 72/100 [3:34:58<1:24:08, 180.32s/it]Best trial: 54. Best value: 683.473:  73%|███████▎  | 73/100 [3:34:58<1:20:32, 179.00s/it]                                                                                          [I 2026-07-25 01:24:16,633] Trial 73 finished with value: 397.7873 and parameters: {'vwap_buy_deviation': -0.022708268308575367, 'take_profit_pct': 0.01897614430764815, 'buy_confirm_min_score': 15, 'notify_sell_threshold': 41, 'notify_buy_threshold': 51, 'stock_qty_strong_pct': 0.5747088516379311, 'stock_qty_base_pct': 0.34882790077567344, 'stock_rebuild_strong_pct': 0.8537905530303274, 'stock_first_add_pct': 0.17691790258947068}. Best is trial 54 with value: 683.4727.
Best trial: 54. Best value: 683.473:  73%|███████▎  | 73/100 [3:37:55<1:20:32, 179.00s/it]Best trial: 54. Best value: 683.473:  73%|███████▎  | 73/100 [3:37:55<1:20:32, 179.00s/it]Best trial: 54. Best value: 683.473:  74%|███████▍  | 74/100 [3:37:55<1:17:17, 178.36s/it]                                                                                          [I 2026-07-25 01:27:16,629] Trial 74 finished with value: 657.1447 and parameters: {'vwap_buy_deviation': -0.022099066945144637, 'take_profit_pct': 0.017479904302271042, 'buy_confirm_min_score': 29, 'notify_sell_threshold': 43, 'notify_buy_threshold': 48, 'stock_qty_strong_pct': 0.48483316797753234, 'stock_qty_base_pct': 0.3609122619599086, 'stock_rebuild_strong_pct': 0.7612930286081165, 'stock_first_add_pct': 0.12837486460774097}. Best is trial 54 with value: 683.4727.
Best trial: 54. Best value: 683.473:  74%|███████▍  | 74/100 [3:40:55<1:17:17, 178.36s/it]Best trial: 54. Best value: 683.473:  74%|███████▍  | 74/100 [3:40:55<1:17:17, 178.36s/it]Best trial: 54. Best value: 683.473:  75%|███████▌  | 75/100 [3:40:55<1:14:31, 178.85s/it]                                                                                          [I 2026-07-25 01:30:18,220] Trial 75 finished with value: 512.9496 and parameters: {'vwap_buy_deviation': -0.02403445039965445, 'take_profit_pct': 0.019519281666493568, 'buy_confirm_min_score': 28, 'notify_sell_threshold': 41, 'notify_buy_threshold': 50, 'stock_qty_strong_pct': 0.5332326098629049, 'stock_qty_base_pct': 0.37558545999703963, 'stock_rebuild_strong_pct': 0.7919778586376506, 'stock_first_add_pct': 0.2107545717255429}. Best is trial 54 with value: 683.4727.
Best trial: 54. Best value: 683.473:  75%|███████▌  | 75/100 [3:43:57<1:14:31, 178.85s/it]Best trial: 54. Best value: 683.473:  75%|███████▌  | 75/100 [3:43:57<1:14:31, 178.85s/it]Best trial: 54. Best value: 683.473:  76%|███████▌  | 76/100 [3:43:57<1:11:52, 179.67s/it]                                                                                          [I 2026-07-25 01:33:18,626] Trial 76 finished with value: 559.5592 and parameters: {'vwap_buy_deviation': -0.02121106057232719, 'take_profit_pct': 0.02091681826469591, 'buy_confirm_min_score': 27, 'notify_sell_threshold': 42, 'notify_buy_threshold': 49, 'stock_qty_strong_pct': 0.4985162146472979, 'stock_qty_base_pct': 0.39107983292305865, 'stock_rebuild_strong_pct': 0.7324101536167458, 'stock_first_add_pct': 0.14109268870474598}. Best is trial 54 with value: 683.4727.
Best trial: 54. Best value: 683.473:  76%|███████▌  | 76/100 [3:46:57<1:11:52, 179.67s/it]Best trial: 54. Best value: 683.473:  76%|███████▌  | 76/100 [3:46:57<1:11:52, 179.67s/it]Best trial: 54. Best value: 683.473:  77%|███████▋  | 77/100 [3:46:57<1:08:57, 179.89s/it]                                                                                          [I 2026-07-25 01:36:18,619] Trial 77 finished with value: 342.0701 and parameters: {'vwap_buy_deviation': -0.024218654391720173, 'take_profit_pct': 0.023679883580256897, 'buy_confirm_min_score': 30, 'notify_sell_threshold': 46, 'notify_buy_threshold': 52, 'stock_qty_strong_pct': 0.5448687501801718, 'stock_qty_base_pct': 0.3309442196289925, 'stock_rebuild_strong_pct': 0.8416190632687857, 'stock_first_add_pct': 0.18533158829273066}. Best is trial 54 with value: 683.4727.
