Best trial: 13. Best value: 73.9862:  51%|█████     | 51/100 [2:50:57<1:53:49, 139.39s/it]Best trial: 13. Best value: 73.9862:  51%|█████     | 51/100 [2:50:57<1:53:49, 139.39s/it]Best trial: 13. Best value: 73.9862:  52%|█████▏    | 52/100 [2:50:57<1:53:18, 141.63s/it]                                                                                          [I 2026-07-24 14:20:08,926] Trial 52 finished with value: -9999.0 and parameters: {'vwap_buy_deviation': -0.01592065986378812, 'take_profit_pct': 0.01965288801078452, 'buy_confirm_min_score': 29, 'notify_sell_threshold': 51, 'notify_buy_threshold': 51, 'stock_qty_strong_pct': 0.26641517673618287, 'stock_qty_base_pct': 0.2480348973608085, 'stock_rebuild_strong_pct': 0.526520072906868, 'stock_first_add_pct': 0.3803468298262946}. Best is trial 13 with value: 73.9862.
Best trial: 13. Best value: 73.9862:  52%|█████▏    | 52/100 [2:53:51<1:53:18, 141.63s/it]Best trial: 13. Best value: 73.9862:  52%|█████▏    | 52/100 [2:53:51<1:53:18, 141.63s/it]Best trial: 13. Best value: 73.9862:  53%|█████▎    | 53/100 [2:53:51<1:58:35, 151.39s/it]                                                                                          [I 2026-07-24 14:23:02,846] Trial 53 finished with value: -9999.0 and parameters: {'vwap_buy_deviation': -0.017121178661741423, 'take_profit_pct': 0.018560246179937293, 'buy_confirm_min_score': 29, 'notify_sell_threshold': 46, 'notify_buy_threshold': 59, 'stock_qty_strong_pct': 0.30117424138167537, 'stock_qty_base_pct': 0.21356605868508816, 'stock_rebuild_strong_pct': 0.6347769085389904, 'stock_first_add_pct': 0.3099740288562612}. Best is trial 13 with value: 73.9862.
Best trial: 13. Best value: 73.9862:  53%|█████▎    | 53/100 [2:56:45<1:58:35, 151.39s/it]Best trial: 13. Best value: 73.9862:  53%|█████▎    | 53/100 [2:56:45<1:58:35, 151.39s/it]Best trial: 13. Best value: 73.9862:  54%|█████▍    | 54/100 [2:56:45<2:01:14, 158.15s/it]                                                                                          [I 2026-07-24 14:26:20,889] Trial 54 finished with value: 73.9512 and parameters: {'vwap_buy_deviation': -0.03459947658183668, 'take_profit_pct': 0.02038224676002486, 'buy_confirm_min_score': 29, 'notify_sell_threshold': 49, 'notify_buy_threshold': 54, 'stock_qty_strong_pct': 0.2792790275009434, 'stock_qty_base_pct': 0.2661680953689603, 'stock_rebuild_strong_pct': 0.5838922174257668, 'stock_first_add_pct': 0.3572907131326655}. Best is trial 13 with value: 73.9862.
Best trial: 13. Best value: 73.9862:  54%|█████▍    | 54/100 [3:00:03<2:01:14, 158.15s/it]Best trial: 13. Best value: 73.9862:  54%|█████▍    | 54/100 [3:00:03<2:01:14, 158.15s/it]Best trial: 13. Best value: 73.9862:  55%|█████▌    | 55/100 [3:00:03<2:07:35, 170.12s/it]                                                                                          [I 2026-07-24 14:28:42,294] Trial 55 finished with value: -9999.0 and parameters: {'vwap_buy_deviation': -0.017819788597862703, 'take_profit_pct': 0.01606677881995799, 'buy_confirm_min_score': 30, 'notify_sell_threshold': 54, 'notify_buy_threshold': 56, 'stock_qty_strong_pct': 0.25021360889344496, 'stock_qty_base_pct': 0.19902820698657164, 'stock_rebuild_strong_pct': 0.5034977249907281, 'stock_first_add_pct': 0.3254027685793127}. Best is trial 13 with value: 73.9862.
Best trial: 13. Best value: 73.9862:  55%|█████▌    | 55/100 [3:02:25<2:07:35, 170.12s/it]Best trial: 13. Best value: 73.9862:  55%|█████▌    | 55/100 [3:02:25<2:07:35, 170.12s/it]Best trial: 13. Best value: 73.9862:  56%|█████▌    | 56/100 [3:02:25<1:58:26, 161.50s/it]                                                                                          [I 2026-07-24 14:31:08,022] Trial 56 finished with value: 73.9457 and parameters: {'vwap_buy_deviation': -0.01912494249055491, 'take_profit_pct': 0.01751676267334439, 'buy_confirm_min_score': 28, 'notify_sell_threshold': 52, 'notify_buy_threshold': 61, 'stock_qty_strong_pct': 0.29081170444496757, 'stock_qty_base_pct': 0.22261396975675318, 'stock_rebuild_strong_pct': 0.5565321573329778, 'stock_first_add_pct': 0.39014405560594617}. Best is trial 13 with value: 73.9862.
Best trial: 13. Best value: 73.9862:  56%|█████▌    | 56/100 [3:04:50<1:58:26, 161.50s/it]Best trial: 13. Best value: 73.9862:  56%|█████▌    | 56/100 [3:04:50<1:58:26, 161.50s/it]Best trial: 13. Best value: 73.9862:  57%|█████▋    | 57/100 [3:04:50<1:52:21, 156.77s/it]                                                                                          [I 2026-07-24 14:33:28,321] Trial 57 finished with value: -9999.0 and parameters: {'vwap_buy_deviation': -0.03261360859496461, 'take_profit_pct': 0.02300735887158042, 'buy_confirm_min_score': 27, 'notify_sell_threshold': 68, 'notify_buy_threshold': 46, 'stock_qty_strong_pct': 0.2641171110300626, 'stock_qty_base_pct': 0.29998040892634353, 'stock_rebuild_strong_pct': 0.6081935737831556, 'stock_first_add_pct': 0.3424867002167065}. Best is trial 13 with value: 73.9862.
Best trial: 13. Best value: 73.9862:  57%|█████▋    | 57/100 [3:07:11<1:52:21, 156.77s/it]Best trial: 13. Best value: 73.9862:  57%|█████▋    | 57/100 [3:07:11<1:52:21, 156.77s/it]Best trial: 13. Best value: 73.9862:  58%|█████▊    | 58/100 [3:07:11<1:46:16, 151.83s/it]                                                                                          [I 2026-07-24 14:35:44,896] Trial 58 finished with value: 72.4839 and parameters: {'vwap_buy_deviation': -0.015128465767992934, 'take_profit_pct': 0.012414669841590164, 'buy_confirm_min_score': 26, 'notify_sell_threshold': 57, 'notify_buy_threshold': 58, 'stock_qty_strong_pct': 0.3085752062121297, 'stock_qty_base_pct': 0.2377663756635428, 'stock_rebuild_strong_pct': 0.7126952918821848, 'stock_first_add_pct': 0.28609049356580823}. Best is trial 13 with value: 73.9862.
Best trial: 13. Best value: 73.9862:  58%|█████▊    | 58/100 [3:09:27<1:46:16, 151.83s/it]Best trial: 13. Best value: 73.9862:  58%|█████▊    | 58/100 [3:09:27<1:46:16, 151.83s/it]Best trial: 13. Best value: 73.9862:  59%|█████▉    | 59/100 [3:09:27<1:40:37, 147.25s/it]                                                                                          [I 2026-07-24 14:38:27,320] Trial 59 finished with value: -9999.0 and parameters: {'vwap_buy_deviation': -0.016539922386837887, 'take_profit_pct': 0.005244402875945445, 'buy_confirm_min_score': 27, 'notify_sell_threshold': 66, 'notify_buy_threshold': 52, 'stock_qty_strong_pct': 0.27780210923077114, 'stock_qty_base_pct': 0.3174651157600356, 'stock_rebuild_strong_pct': 0.9194546527209506, 'stock_first_add_pct': 0.29879283711554505}. Best is trial 13 with value: 73.9862.
Best trial: 13. Best value: 73.9862:  59%|█████▉    | 59/100 [3:12:10<1:40:37, 147.25s/it]Best trial: 13. Best value: 73.9862:  59%|█████▉    | 59/100 [3:12:10<1:40:37, 147.25s/it]Best trial: 13. Best value: 73.9862:  60%|██████    | 60/100 [3:12:10<1:41:12, 151.80s/it]                                                                                          [I 2026-07-24 14:41:33,271] Trial 60 finished with value: 72.9696 and parameters: {'vwap_buy_deviation': -0.03168167379088984, 'take_profit_pct': 0.022175258051341427, 'buy_confirm_min_score': 25, 'notify_sell_threshold': 63, 'notify_buy_threshold': 54, 'stock_qty_strong_pct': 0.3242940323088563, 'stock_qty_base_pct': 0.25130190712274086, 'stock_rebuild_strong_pct': 0.542524968632459, 'stock_first_add_pct': 0.35110385832439306}. Best is trial 13 with value: 73.9862.
Best trial: 13. Best value: 73.9862:  60%|██████    | 60/100 [3:15:16<1:41:12, 151.80s/it]Best trial: 13. Best value: 73.9862:  60%|██████    | 60/100 [3:15:16<1:41:12, 151.80s/it]Best trial: 13. Best value: 73.9862:  61%|██████    | 61/100 [3:15:16<1:45:19, 162.05s/it]                                                                                          [I 2026-07-24 14:44:15,726] Trial 61 finished with value: 73.9512 and parameters: {'vwap_buy_deviation': -0.03498994562490567, 'take_profit_pct': 0.020715570957443696, 'buy_confirm_min_score': 29, 'notify_sell_threshold': 49, 'notify_buy_threshold': 54, 'stock_qty_strong_pct': 0.28329860803897255, 'stock_qty_base_pct': 0.27449778600871866, 'stock_rebuild_strong_pct': 0.5832147727999816, 'stock_first_add_pct': 0.3550779499035486}. Best is trial 13 with value: 73.9862.
Best trial: 13. Best value: 73.9862:  61%|██████    | 61/100 [3:17:58<1:45:19, 162.05s/it]Best trial: 13. Best value: 73.9862:  61%|██████    | 61/100 [3:17:58<1:45:19, 162.05s/it]Best trial: 13. Best value: 73.9862:  62%|██████▏   | 62/100 [3:17:58<1:42:42, 162.17s/it]                                                                                          [I 2026-07-24 14:46:58,603] Trial 62 finished with value: 73.9512 and parameters: {'vwap_buy_deviation': -0.03399440206632228, 'take_profit_pct': 0.020337603423456085, 'buy_confirm_min_score': 30, 'notify_sell_threshold': 49, 'notify_buy_threshold': 56, 'stock_qty_strong_pct': 0.2638364269860376, 'stock_qty_base_pct': 0.26613388247575853, 'stock_rebuild_strong_pct': 0.5659064567065242, 'stock_first_add_pct': 0.3715550596960507}. Best is trial 13 with value: 73.9862.
Best trial: 13. Best value: 73.9862:  62%|██████▏   | 62/100 [3:20:41<1:42:42, 162.17s/it]Best trial: 13. Best value: 73.9862:  62%|██████▏   | 62/100 [3:20:41<1:42:42, 162.17s/it]Best trial: 13. Best value: 73.9862:  63%|██████▎   | 63/100 [3:20:41<1:40:08, 162.38s/it]                                                                                          [I 2026-07-24 14:49:46,571] Trial 63 finished with value: 73.9605 and parameters: {'vwap_buy_deviation': -0.03292511566438468, 'take_profit_pct': 0.018980358678371154, 'buy_confirm_min_score': 29, 'notify_sell_threshold': 51, 'notify_buy_threshold': 57, 'stock_qty_strong_pct': 0.27871494300776456, 'stock_qty_base_pct': 0.2879681994539615, 'stock_rebuild_strong_pct': 0.5978554409249978, 'stock_first_add_pct': 0.32048619914010945}. Best is trial 13 with value: 73.9862.
Best trial: 13. Best value: 73.9862:  63%|██████▎   | 63/100 [3:23:29<1:40:08, 162.38s/it]Best trial: 13. Best value: 73.9862:  63%|██████▎   | 63/100 [3:23:29<1:40:08, 162.38s/it]Best trial: 13. Best value: 73.9862:  64%|██████▍   | 64/100 [3:23:29<1:38:26, 164.06s/it]                                                                                          [I 2026-07-24 14:52:31,519] Trial 64 finished with value: 73.9605 and parameters: {'vwap_buy_deviation': -0.034439669753380024, 'take_profit_pct': 0.018914801419871233, 'buy_confirm_min_score': 28, 'notify_sell_threshold': 51, 'notify_buy_threshold': 57, 'stock_qty_strong_pct': 0.29890000602134625, 'stock_qty_base_pct': 0.28139703904150165, 'stock_rebuild_strong_pct': 0.9804948790510288, 'stock_first_add_pct': 0.32028226468038745}. Best is trial 13 with value: 73.9862.
Best trial: 13. Best value: 73.9862:  64%|██████▍   | 64/100 [3:26:14<1:38:26, 164.06s/it]Best trial: 13. Best value: 73.9862:  64%|██████▍   | 64/100 [3:26:14<1:38:26, 164.06s/it]Best trial: 13. Best value: 73.9862:  65%|██████▌   | 65/100 [3:26:14<1:35:51, 164.32s/it]                                                                                          [I 2026-07-24 14:55:16,492] Trial 65 finished with value: 72.587 and parameters: {'vwap_buy_deviation': -0.03295429433393517, 'take_profit_pct': 0.018732624020699674, 'buy_confirm_min_score': 28, 'notify_sell_threshold': 54, 'notify_buy_threshold': 59, 'stock_qty_strong_pct': 0.30084022885313494, 'stock_qty_base_pct': 0.28267046667569806, 'stock_rebuild_strong_pct': 0.8112648783314527, 'stock_first_add_pct': 0.3216515245954092}. Best is trial 13 with value: 73.9862.
Best trial: 13. Best value: 73.9862:  65%|██████▌   | 65/100 [3:28:59<1:35:51, 164.32s/it]Best trial: 13. Best value: 73.9862:  65%|██████▌   | 65/100 [3:28:59<1:35:51, 164.32s/it]Best trial: 13. Best value: 73.9862:  66%|██████▌   | 66/100 [3:28:59<1:33:13, 164.52s/it]                                                                                          [I 2026-07-24 14:57:49,429] Trial 66 finished with value: -9999.0 and parameters: {'vwap_buy_deviation': -0.03410886756004483, 'take_profit_pct': 0.016655319358830842, 'buy_confirm_min_score': 27, 'notify_sell_threshold': 45, 'notify_buy_threshold': 61, 'stock_qty_strong_pct': 0.29311446509323663, 'stock_qty_base_pct': 0.3128828381482716, 'stock_rebuild_strong_pct': 0.9730919134070691, 'stock_first_add_pct': 0.3072053816580245}. Best is trial 13 with value: 73.9862.
Best trial: 13. Best value: 73.9862:  66%|██████▌   | 66/100 [3:31:32<1:33:13, 164.52s/it]Best trial: 13. Best value: 73.9862:  66%|██████▌   | 66/100 [3:31:32<1:33:13, 164.52s/it]Best trial: 13. Best value: 73.9862:  67%|██████▋   | 67/100 [3:31:32<1:28:34, 161.05s/it]                                                                                          [I 2026-07-24 15:01:07,576] Trial 67 finished with value: 72.5632 and parameters: {'vwap_buy_deviation': -0.033399042355222126, 'take_profit_pct': 0.017783258694230978, 'buy_confirm_min_score': 28, 'notify_sell_threshold': 52, 'notify_buy_threshold': 57, 'stock_qty_strong_pct': 0.33266033187569705, 'stock_qty_base_pct': 0.2902733302180561, 'stock_rebuild_strong_pct': 0.7466429622139279, 'stock_first_add_pct': 0.2742614359826314}. Best is trial 13 with value: 73.9862.
Best trial: 13. Best value: 73.9862:  67%|██████▋   | 67/100 [3:34:50<1:28:34, 161.05s/it]Best trial: 13. Best value: 73.9862:  67%|██████▋   | 67/100 [3:34:50<1:28:34, 161.05s/it]Best trial: 13. Best value: 73.9862:  68%|██████▊   | 68/100 [3:34:50<1:31:49, 172.17s/it]                                                                                          [I 2026-07-24 15:04:11,660] Trial 68 finished with value: 72.7772 and parameters: {'vwap_buy_deviation': -0.031601126851172154, 'take_profit_pct': 0.021287863832533394, 'buy_confirm_min_score': 27, 'notify_sell_threshold': 60, 'notify_buy_threshold': 55, 'stock_qty_strong_pct': 0.3117928475033258, 'stock_qty_base_pct': 0.2859160165069744, 'stock_rebuild_strong_pct': 0.9445586622238709, 'stock_first_add_pct': 0.31657307810185326}. Best is trial 13 with value: 73.9862.
Best trial: 13. Best value: 73.9862:  68%|██████▊   | 68/100 [3:37:54<1:31:49, 172.17s/it]Best trial: 13. Best value: 73.9862:  68%|██████▊   | 68/100 [3:37:54<1:31:49, 172.17s/it]Best trial: 13. Best value: 73.9862:  69%|██████▉   | 69/100 [3:37:54<1:30:48, 175.75s/it]                                                                                          [I 2026-07-24 15:07:55,125] Trial 69 finished with value: -9999.0 and parameters: {'vwap_buy_deviation': -0.03465489537841635, 'take_profit_pct': 0.01898472311831476, 'buy_confirm_min_score': 26, 'notify_sell_threshold': 70, 'notify_buy_threshold': 53, 'stock_qty_strong_pct': 0.5559061821955584, 'stock_qty_base_pct': 0.2589083461658596, 'stock_rebuild_strong_pct': 0.9882299634466327, 'stock_first_add_pct': 0.2981009965179786}. Best is trial 13 with value: 73.9862.
Best trial: 13. Best value: 73.9862:  69%|██████▉   | 69/100 [3:41:37<1:30:48, 175.75s/it]Best trial: 13. Best value: 73.9862:  69%|██████▉   | 69/100 [3:41:37<1:30:48, 175.75s/it]Best trial: 13. Best value: 73.9862:  70%|███████   | 70/100 [3:41:37<1:35:01, 190.06s/it]                                                                                          [I 2026-07-24 15:11:20,572] Trial 70 finished with value: 72.8345 and parameters: {'vwap_buy_deviation': -0.03218547407631363, 'take_profit_pct': 0.021983772352964615, 'buy_confirm_min_score': 30, 'notify_sell_threshold': 56, 'notify_buy_threshold': 63, 'stock_qty_strong_pct': 0.34892843389695666, 'stock_qty_base_pct': 0.3223536204982607, 'stock_rebuild_strong_pct': 0.6612992350893188, 'stock_first_add_pct': 0.3282629923904355}. Best is trial 13 with value: 73.9862.
Best trial: 13. Best value: 73.9862:  70%|███████   | 70/100 [3:45:03<1:35:01, 190.06s/it]Best trial: 13. Best value: 73.9862:  70%|███████   | 70/100 [3:45:03<1:35:01, 190.06s/it]Best trial: 13. Best value: 73.9862:  71%|███████   | 71/100 [3:45:03<1:34:05, 194.68s/it]                                                                                          [I 2026-07-24 15:14:30,924] Trial 71 finished with value: -9999.0 and parameters: {'vwap_buy_deviation': -0.033793830826108325, 'take_profit_pct': 0.01932047815862511, 'buy_confirm_min_score': 29, 'notify_sell_threshold': 50, 'notify_buy_threshold': 68, 'stock_qty_strong_pct': 0.2753902767116277, 'stock_qty_base_pct': 0.3059557322007504, 'stock_rebuild_strong_pct': 0.5967882284299879, 'stock_first_add_pct': 0.3412165772949716}. Best is trial 13 with value: 73.9862.
Best trial: 13. Best value: 73.9862:  71%|███████   | 71/100 [3:48:13<1:34:05, 194.68s/it]Best trial: 13. Best value: 73.9862:  71%|███████   | 71/100 [3:48:13<1:34:05, 194.68s/it]Best trial: 13. Best value: 73.9862:  72%|███████▏  | 72/100 [3:48:13<1:30:14, 193.38s/it]                                                                                          [I 2026-07-24 15:17:26,719] Trial 72 finished with value: -9999.0 and parameters: {'vwap_buy_deviation': -0.033267245111969254, 'take_profit_pct': 0.020088152820135697, 'buy_confirm_min_score': 29, 'notify_sell_threshold': 51, 'notify_buy_threshold': 57, 'stock_qty_strong_pct': 0.26568037773031367, 'stock_qty_base_pct': 0.33868000010157656, 'stock_rebuild_strong_pct': 0.6203232401305522, 'stock_first_add_pct': 0.3897489544600674}. Best is trial 13 with value: 73.9862.
Best trial: 13. Best value: 73.9862:  72%|███████▏  | 72/100 [3:51:09<1:30:14, 193.38s/it]Best trial: 13. Best value: 73.9862:  72%|███████▏  | 72/100 [3:51:09<1:30:14, 193.38s/it]Best trial: 13. Best value: 73.9862:  73%|███████▎  | 73/100 [3:51:09<1:24:38, 188.10s/it]                                                                                          [I 2026-07-24 15:20:24,658] Trial 73 finished with value: -9999.0 and parameters: {'vwap_buy_deviation': -0.03011318426504886, 'take_profit_pct': 0.019841278454618937, 'buy_confirm_min_score': 28, 'notify_sell_threshold': 48, 'notify_buy_threshold': 58, 'stock_qty_strong_pct': 0.2894252588551834, 'stock_qty_base_pct': 0.22851142266009639, 'stock_rebuild_strong_pct': 0.6379491922830298, 'stock_first_add_pct': 0.3631562777904877}. Best is trial 13 with value: 73.9862.
Best trial: 13. Best value: 73.9862:  73%|███████▎  | 73/100 [3:54:07<1:24:38, 188.10s/it]Best trial: 13. Best value: 73.9862:  73%|███████▎  | 73/100 [3:54:07<1:24:38, 188.10s/it]Best trial: 13. Best value: 73.9862:  74%|███████▍  | 74/100 [3:54:07<1:20:11, 185.05s/it]                                                                                          [I 2026-07-24 15:23:11,958] Trial 74 finished with value: -9999.0 and parameters: {'vwap_buy_deviation': -0.034317598072043015, 'take_profit_pct': 0.006459795700777768, 'buy_confirm_min_score': 30, 'notify_sell_threshold': 53, 'notify_buy_threshold': 55, 'stock_qty_strong_pct': 0.25965393543684545, 'stock_qty_base_pct': 0.273160744639519, 'stock_rebuild_strong_pct': 0.548204120271848, 'stock_first_add_pct': 0.2903168050931235}. Best is trial 13 with value: 73.9862.
Best trial: 13. Best value: 73.9862:  74%|███████▍  | 74/100 [3:56:54<1:20:11, 185.05s/it]Best trial: 13. Best value: 73.9862:  74%|███████▍  | 74/100 [3:56:54<1:20:11, 185.05s/it]Best trial: 13. Best value: 73.9862:  75%|███████▌  | 75/100 [3:56:54<1:14:53, 179.73s/it]                                                                                          [I 2026-07-24 15:26:38,756] Trial 75 finished with value: 73.9542 and parameters: {'vwap_buy_deviation': -0.027815346380880443, 'take_profit_pct': 0.021152395373403975, 'buy_confirm_min_score': 28, 'notify_sell_threshold': 55, 'notify_buy_threshold': 59, 'stock_qty_strong_pct': 0.2798859213707626, 'stock_qty_base_pct': 0.29694922102876925, 'stock_rebuild_strong_pct': 0.5164153573636221, 'stock_first_add_pct': 0.2681731476224848}. Best is trial 13 with value: 73.9862.
Best trial: 13. Best value: 73.9862:  75%|███████▌  | 75/100 [4:00:21<1:14:53, 179.73s/it]Best trial: 13. Best value: 73.9862:  75%|███████▌  | 75/100 [4:00:21<1:14:53, 179.73s/it]Best trial: 13. Best value: 73.9862:  76%|███████▌  | 76/100 [4:00:21<1:15:08, 187.85s/it]                                                                                          [I 2026-07-24 15:29:49,495] Trial 76 finished with value: -9999.0 and parameters: {'vwap_buy_deviation': -0.023733588305701457, 'take_profit_pct': 0.024381184847212436, 'buy_confirm_min_score': 28, 'notify_sell_threshold': 55, 'notify_buy_threshold': 59, 'stock_qty_strong_pct': 0.27962358899224693, 'stock_qty_base_pct': 0.2968721102381752, 'stock_rebuild_strong_pct': 0.5338917444976496, 'stock_first_add_pct': 0.26238415942750754}. Best is trial 13 with value: 73.9862.
Best trial: 13. Best value: 73.9862:  76%|███████▌  | 76/100 [4:03:32<1:15:08, 187.85s/it]Best trial: 13. Best value: 73.9862:  76%|███████▌  | 76/100 [4:03:32<1:15:08, 187.85s/it]Best trial: 13. Best value: 73.9862:  77%|███████▋  | 77/100 [4:03:32<1:12:20, 188.72s/it]                                                                                          [I 2026-07-24 15:33:05,667] Trial 77 finished with value: -9999.0 and parameters: {'vwap_buy_deviation': -0.02668760442358662, 'take_profit_pct': 0.02101263211032141, 'buy_confirm_min_score': 26, 'notify_sell_threshold': 65, 'notify_buy_threshold': 60, 'stock_qty_strong_pct': 0.30235009558253234, 'stock_qty_base_pct': 0.2922526926116473, 'stock_rebuild_strong_pct': 0.5168956935211111, 'stock_first_add_pct': 0.2288841049482449}. Best is trial 13 with value: 73.9862.
