=======================================================

  参数寻优系统
=======================================================
  标的: 000988  方法: optuna  训练: 2025-06-01~2026-03-31
  [数据] 预处理 279 天收盘价索引
  [数据] 000988 2025-06-01~2026-03-31: 217 个交易日，检查缓存...
  [数据] 已缓存 202/217 天，缺失将在首次 trial 下载
  [数据] 000988 2026-04-01~2026-07-20: 79 个交易日，检查缓存...
  [数据] 已缓存 74/79 天，缺失将在首次 trial 下载

[基线] 默认参数...
  wr=0.00% trades=0 dd=0.00% composite=-9999.00
[I 2026-07-24 11:26:17,030] A new study created in memory with name: no-name-2edff005-0341-414a-86b9-04c6bef4d507
  0%|          | 0/100 [00:00<?, ?it/s]                                       [I 2026-07-24 11:29:38,568] Trial 0 finished with value: -9999.0 and parameters: {'vwap_buy_deviation': -0.02750919762305275, 'take_profit_pct': 0.024014286128198326, 'buy_confirm_min_score': 26, 'notify_sell_threshold': 58, 'notify_buy_threshold': 44, 'stock_qty_strong_pct': 0.3045980821176709, 'stock_qty_base_pct': 0.16452090304204986, 'stock_rebuild_strong_pct': 0.9330880728874675, 'stock_first_add_pct': 0.2803345035229627}. Best is trial 0 with value: -9999.0.
  0%|          | 0/100 [03:21<?, ?it/s]Best trial: 0. Best value: -9999:   0%|          | 0/100 [03:21<?, ?it/s]Best trial: 0. Best value: -9999:   1%|          | 1/100 [03:21<5:32:12, 201.34s/it]                                                                                    [I 2026-07-24 11:33:42,831] Trial 1 finished with value: -9999.0 and parameters: {'vwap_buy_deviation': -0.02083854844407909, 'take_profit_pct': 0.005411689885916049, 'buy_confirm_min_score': 30, 'notify_sell_threshold': 65, 'notify_buy_threshold': 46, 'stock_qty_strong_pct': 0.3136387385224852, 'stock_qty_base_pct': 0.19585112746335845, 'stock_rebuild_strong_pct': 0.6521211214797689, 'stock_first_add_pct': 0.2574269294896714}. Best is trial 0 with value: -9999.0.
Best trial: 0. Best value: -9999:   1%|          | 1/100 [07:25<5:32:12, 201.34s/it]Best trial: 0. Best value: -9999:   1%|          | 1/100 [07:25<5:32:12, 201.34s/it]Best trial: 0. Best value: -9999:   2%|▏         | 2/100 [07:25<6:10:05, 226.59s/it]                                                                                    [I 2026-07-24 11:38:16,499] Trial 2 finished with value: -9999.0 and parameters: {'vwap_buy_deviation': -0.026361099627157686, 'take_profit_pct': 0.010824582803960838, 'buy_confirm_min_score': 24, 'notify_sell_threshold': 44, 'notify_buy_threshold': 49, 'stock_qty_strong_pct': 0.3782266451527921, 'stock_qty_base_pct': 0.26401749605425895, 'stock_rebuild_strong_pct': 0.8925879806965068, 'stock_first_add_pct': 0.15990213464750794}. Best is trial 0 with value: -9999.0.
Best trial: 0. Best value: -9999:   2%|▏         | 2/100 [11:59<6:10:05, 226.59s/it]Best trial: 0. Best value: -9999:   2%|▏         | 2/100 [11:59<6:10:05, 226.59s/it]Best trial: 0. Best value: -9999:   3%|▎         | 3/100 [11:59<6:41:04, 248.09s/it]                                                                                    [I 2026-07-24 11:42:22,009] Trial 3 finished with value: -9999.0 and parameters: {'vwap_buy_deviation': -0.02471531123172777, 'take_profit_pct': 0.01684829137724085, 'buy_confirm_min_score': 15, 'notify_sell_threshold': 58, 'notify_buy_threshold': 45, 'stock_qty_strong_pct': 0.27276805754484784, 'stock_qty_base_pct': 0.3872213843133333, 'stock_rebuild_strong_pct': 0.9828160165372797, 'stock_first_add_pct': 0.3425192044349384}. Best is trial 0 with value: -9999.0.
Best trial: 0. Best value: -9999:   3%|▎         | 3/100 [16:04<6:41:04, 248.09s/it]Best trial: 0. Best value: -9999:   3%|▎         | 3/100 [16:04<6:41:04, 248.09s/it]Best trial: 0. Best value: -9999:   4%|▍         | 4/100 [16:04<6:35:18, 247.07s/it]                                                                                    [I 2026-07-24 11:45:54,907] Trial 4 finished with value: -9999.0 and parameters: {'vwap_buy_deviation': -0.028907724616532588, 'take_profit_pct': 0.006953442280127677, 'buy_confirm_min_score': 25, 'notify_sell_threshold': 53, 'notify_buy_threshold': 43, 'stock_qty_strong_pct': 0.42331191853894456, 'stock_qty_base_pct': 0.1585971302788046, 'stock_rebuild_strong_pct': 0.954660201039391, 'stock_first_add_pct': 0.1776339944800051}. Best is trial 0 with value: -9999.0.
Best trial: 0. Best value: -9999:   4%|▍         | 4/100 [19:37<6:35:18, 247.07s/it]Best trial: 0. Best value: -9999:   4%|▍         | 4/100 [19:37<6:35:18, 247.07s/it]Best trial: 0. Best value: -9999:   5%|▌         | 5/100 [19:37<6:11:40, 234.75s/it]                                                                                    [I 2026-07-24 11:49:20,154] Trial 5 finished with value: -9999.0 and parameters: {'vwap_buy_deviation': -0.02174955431292036, 'take_profit_pct': 0.01123422152178822, 'buy_confirm_min_score': 23, 'notify_sell_threshold': 56, 'notify_buy_threshold': 45, 'stock_qty_strong_pct': 0.5893546197175954, 'stock_qty_base_pct': 0.34378320584027866, 'stock_rebuild_strong_pct': 0.9697494707820946, 'stock_first_add_pct': 0.3684482051282947}. Best is trial 0 with value: -9999.0.
Best trial: 0. Best value: -9999:   5%|▌         | 5/100 [23:02<6:11:40, 234.75s/it]Best trial: 0. Best value: -9999:   5%|▌         | 5/100 [23:02<6:11:40, 234.75s/it]Best trial: 0. Best value: -9999:   6%|▌         | 6/100 [23:02<5:52:03, 224.72s/it]                                                                                    [I 2026-07-24 11:53:06,555] Trial 6 finished with value: -9999.0 and parameters: {'vwap_buy_deviation': -0.023042000423778297, 'take_profit_pct': 0.02343748470046234, 'buy_confirm_min_score': 16, 'notify_sell_threshold': 46, 'notify_buy_threshold': 41, 'stock_qty_strong_pct': 0.3638656157671425, 'stock_qty_base_pct': 0.2471693224223705, 'stock_rebuild_strong_pct': 0.6356745158869479, 'stock_first_add_pct': 0.34862125274557887}. Best is trial 0 with value: -9999.0.
Best trial: 0. Best value: -9999:   6%|▌         | 6/100 [26:49<5:52:03, 224.72s/it]Best trial: 0. Best value: -9999:   6%|▌         | 6/100 [26:49<5:52:03, 224.72s/it]Best trial: 0. Best value: -9999:   7%|▋         | 7/100 [26:49<5:49:09, 225.27s/it]                                                                                    [I 2026-07-24 11:55:38,533] Trial 7 finished with value: -9999.0 and parameters: {'vwap_buy_deviation': -0.027864933466128217, 'take_profit_pct': 0.010618690193747615, 'buy_confirm_min_score': 23, 'notify_sell_threshold': 44, 'notify_buy_threshold': 64, 'stock_qty_strong_pct': 0.2760927252879198, 'stock_qty_base_pct': 0.39672173415012935, 'stock_rebuild_strong_pct': 0.8861223846483287, 'stock_first_add_pct': 0.15961470446025172}. Best is trial 0 with value: -9999.0.
Best trial: 0. Best value: -9999:   7%|▋         | 7/100 [29:21<5:49:09, 225.27s/it]Best trial: 0. Best value: -9999:   7%|▋         | 7/100 [29:21<5:49:09, 225.27s/it]Best trial: 0. Best value: -9999:   8%|▊         | 8/100 [29:21<5:09:38, 201.94s/it]                                                                                    [I 2026-07-24 11:58:20,661] Trial 8 finished with value: 73.9542 and parameters: {'vwap_buy_deviation': -0.03488955765752796, 'take_profit_pct': 0.021309228569096686, 'buy_confirm_min_score': 26, 'notify_sell_threshold': 62, 'notify_buy_threshold': 63, 'stock_qty_strong_pct': 0.2759156281069316, 'stock_qty_base_pct': 0.23961643213606815, 'stock_rebuild_strong_pct': 0.5579345297625649, 'stock_first_add_pct': 0.35893102776267805}. Best is trial 8 with value: 73.9542.
Best trial: 0. Best value: -9999:   8%|▊         | 8/100 [32:03<5:09:38, 201.94s/it]Best trial: 8. Best value: 73.9542:   8%|▊         | 8/100 [32:03<5:09:38, 201.94s/it]Best trial: 8. Best value: 73.9542:   9%|▉         | 9/100 [32:03<4:47:23, 189.49s/it]                                                                                      [I 2026-07-24 12:02:23,507] Trial 9 finished with value: -9999.0 and parameters: {'vwap_buy_deviation': -0.02253403746344884, 'take_profit_pct': 0.011617960497052984, 'buy_confirm_min_score': 16, 'notify_sell_threshold': 49, 'notify_buy_threshold': 50, 'stock_qty_strong_pct': 0.5053621624183224, 'stock_qty_base_pct': 0.3093893678388033, 'stock_rebuild_strong_pct': 0.9436063712881633, 'stock_first_add_pct': 0.2416644775485848}. Best is trial 8 with value: 73.9542.
Best trial: 8. Best value: 73.9542:   9%|▉         | 9/100 [36:06<4:47:23, 189.49s/it]Best trial: 8. Best value: 73.9542:   9%|▉         | 9/100 [36:06<4:47:23, 189.49s/it]Best trial: 8. Best value: 73.9542:  10%|█         | 10/100 [36:06<5:08:56, 205.96s/it]                                                                                       [I 2026-07-24 12:06:36,985] Trial 10 finished with value: -9999.0 and parameters: {'vwap_buy_deviation': -0.034410931781308954, 'take_profit_pct': 0.018997500198431945, 'buy_confirm_min_score': 20, 'notify_sell_threshold': 68, 'notify_buy_threshold': 70, 'stock_qty_strong_pct': 0.4748208098167502, 'stock_qty_base_pct': 0.2403279991104523, 'stock_rebuild_strong_pct': 0.5080043736736909, 'stock_first_add_pct': 0.1238122494789485}. Best is trial 8 with value: 73.9542.
Best trial: 8. Best value: 73.9542:  10%|█         | 10/100 [40:19<5:08:56, 205.96s/it]Best trial: 8. Best value: 73.9542:  10%|█         | 10/100 [40:19<5:08:56, 205.96s/it]Best trial: 8. Best value: 73.9542:  11%|█         | 11/100 [40:19<5:27:04, 220.50s/it]                                                                                       [I 2026-07-24 12:10:43,248] Trial 11 finished with value: 73.3178 and parameters: {'vwap_buy_deviation': -0.01565003302897241, 'take_profit_pct': 0.024840773370517814, 'buy_confirm_min_score': 28, 'notify_sell_threshold': 61, 'notify_buy_threshold': 57, 'stock_qty_strong_pct': 0.33269241977494507, 'stock_qty_base_pct': 0.16030279346224013, 'stock_rebuild_strong_pct': 0.7633940140900649, 'stock_first_add_pct': 0.2775050907790179}. Best is trial 8 with value: 73.9542.
Best trial: 8. Best value: 73.9542:  11%|█         | 11/100 [44:26<5:27:04, 220.50s/it]Best trial: 8. Best value: 73.9542:  11%|█         | 11/100 [44:26<5:27:04, 220.50s/it]Best trial: 8. Best value: 73.9542:  12%|█▏        | 12/100 [44:26<5:34:54, 228.34s/it]                                                                                       [I 2026-07-24 12:14:51,465] Trial 12 finished with value: -9999.0 and parameters: {'vwap_buy_deviation': -0.016781571856499887, 'take_profit_pct': 0.020808385526911628, 'buy_confirm_min_score': 29, 'notify_sell_threshold': 63, 'notify_buy_threshold': 58, 'stock_qty_strong_pct': 0.35000853988207425, 'stock_qty_base_pct': 0.21639090803900682, 'stock_rebuild_strong_pct': 0.7371413413327704, 'stock_first_add_pct': 0.3978737109236815}. Best is trial 8 with value: 73.9542.
Best trial: 8. Best value: 73.9542:  12%|█▏        | 12/100 [48:34<5:34:54, 228.34s/it]Best trial: 8. Best value: 73.9542:  12%|█▏        | 12/100 [48:34<5:34:54, 228.34s/it]Best trial: 8. Best value: 73.9542:  13%|█▎        | 13/100 [48:34<5:39:49, 234.36s/it]                                                                                       [I 2026-07-24 12:17:58,071] Trial 13 finished with value: 73.9862 and parameters: {'vwap_buy_deviation': -0.015079669365051293, 'take_profit_pct': 0.024816177417718813, 'buy_confirm_min_score': 27, 'notify_sell_threshold': 62, 'notify_buy_threshold': 57, 'stock_qty_strong_pct': 0.2589423231836902, 'stock_qty_base_pct': 0.28887297629107, 'stock_rebuild_strong_pct': 0.7792417303352949, 'stock_first_add_pct': 0.3056513824386803}. Best is trial 13 with value: 73.9862.
Best trial: 8. Best value: 73.9542:  13%|█▎        | 13/100 [51:40<5:39:49, 234.36s/it]Best trial: 13. Best value: 73.9862:  13%|█▎        | 13/100 [51:40<5:39:49, 234.36s/it]Best trial: 13. Best value: 73.9862:  14%|█▍        | 14/100 [51:40<5:15:14, 219.94s/it]                                                                                        [I 2026-07-24 12:21:44,931] Trial 14 finished with value: 73.9625 and parameters: {'vwap_buy_deviation': -0.03473719368564383, 'take_profit_pct': 0.020978660520052154, 'buy_confirm_min_score': 27, 'notify_sell_threshold': 70, 'notify_buy_threshold': 58, 'stock_qty_strong_pct': 0.2574449560391152, 'stock_qty_base_pct': 0.29342753496824275, 'stock_rebuild_strong_pct': 0.545951505522861, 'stock_first_add_pct': 0.3114781247804532}. Best is trial 13 with value: 73.9862.
Best trial: 13. Best value: 73.9862:  14%|█▍        | 14/100 [55:27<5:15:14, 219.94s/it]Best trial: 13. Best value: 73.9862:  14%|█▍        | 14/100 [55:27<5:15:14, 219.94s/it]Best trial: 13. Best value: 73.9862:  15%|█▌        | 15/100 [55:27<5:14:32, 222.02s/it]                                                                                        [I 2026-07-24 12:25:17,769] Trial 15 finished with value: 73.9487 and parameters: {'vwap_buy_deviation': -0.030508770323938606, 'take_profit_pct': 0.01651026643832549, 'buy_confirm_min_score': 27, 'notify_sell_threshold': 69, 'notify_buy_threshold': 55, 'stock_qty_strong_pct': 0.263612910509565, 'stock_qty_base_pct': 0.29191517542159107, 'stock_rebuild_strong_pct': 0.8046299781052562, 'stock_first_add_pct': 0.31980399699513196}. Best is trial 13 with value: 73.9862.
Best trial: 13. Best value: 73.9862:  15%|█▌        | 15/100 [59:00<5:14:32, 222.02s/it]Best trial: 13. Best value: 73.9862:  15%|█▌        | 15/100 [59:00<5:14:32, 222.02s/it]Best trial: 13. Best value: 73.9862:  16%|█▌        | 16/100 [59:00<5:06:57, 219.26s/it]                                                                                        [I 2026-07-24 12:29:09,412] Trial 16 finished with value: -9999.0 and parameters: {'vwap_buy_deviation': -0.018619311669201593, 'take_profit_pct': 0.02155574518915082, 'buy_confirm_min_score': 21, 'notify_sell_threshold': 70, 'notify_buy_threshold': 62, 'stock_qty_strong_pct': 0.2542257284316704, 'stock_qty_base_pct': 0.33048637014017573, 'stock_rebuild_strong_pct': 0.6530521948401623, 'stock_first_add_pct': 0.3043438762004795}. Best is trial 13 with value: 73.9862.
Best trial: 13. Best value: 73.9862:  16%|█▌        | 16/100 [1:02:52<5:06:57, 219.26s/it]Best trial: 13. Best value: 73.9862:  16%|█▌        | 16/100 [1:02:52<5:06:57, 219.26s/it]Best trial: 13. Best value: 73.9862:  17%|█▋        | 17/100 [1:02:52<5:08:27, 222.98s/it]                                                                                          [I 2026-07-24 12:32:31,642] Trial 17 finished with value: 71.2244 and parameters: {'vwap_buy_deviation': -0.030734333287377555, 'take_profit_pct': 0.01717916560799209, 'buy_confirm_min_score': 30, 'notify_sell_threshold': 66, 'notify_buy_threshold': 54, 'stock_qty_strong_pct': 0.40263494175029807, 'stock_qty_base_pct': 0.2869533758522507, 'stock_rebuild_strong_pct': 0.5685891139740108, 'stock_first_add_pct': 0.24035756252160512}. Best is trial 13 with value: 73.9862.
Best trial: 13. Best value: 73.9862:  17%|█▋        | 17/100 [1:06:14<5:08:27, 222.98s/it]Best trial: 13. Best value: 73.9862:  17%|█▋        | 17/100 [1:06:14<5:08:27, 222.98s/it]Best trial: 13. Best value: 73.9862:  18%|█▊        | 18/100 [1:06:14<4:56:13, 216.75s/it]                                                                                          [I 2026-07-24 12:36:04,955] Trial 18 finished with value: -9999.0 and parameters: {'vwap_buy_deviation': -0.03236141981247014, 'take_profit_pct': 0.019018436578148598, 'buy_confirm_min_score': 28, 'notify_sell_threshold': 40, 'notify_buy_threshold': 67, 'stock_qty_strong_pct': 0.3096614474862396, 'stock_qty_base_pct': 0.3580605916609756, 'stock_rebuild_strong_pct': 0.7138556636300321, 'stock_first_add_pct': 0.21337532062767472}. Best is trial 13 with value: 73.9862.
Best trial: 13. Best value: 73.9862:  18%|█▊        | 18/100 [1:09:47<4:56:13, 216.75s/it]Best trial: 13. Best value: 73.9862:  18%|█▊        | 18/100 [1:09:47<4:56:13, 216.75s/it]Best trial: 13. Best value: 73.9862:  19%|█▉        | 19/100 [1:09:47<4:51:13, 215.72s/it]                                                                                          [I 2026-07-24 12:39:24,724] Trial 19 finished with value: -9999.0 and parameters: {'vwap_buy_deviation': -0.01905004299107265, 'take_profit_pct': 0.013936798244497815, 'buy_confirm_min_score': 21, 'notify_sell_threshold': 66, 'notify_buy_threshold': 60, 'stock_qty_strong_pct': 0.2515361043717325, 'stock_qty_base_pct': 0.3081575981905796, 'stock_rebuild_strong_pct': 0.8250289787241362, 'stock_first_add_pct': 0.3148336996318842}. Best is trial 13 with value: 73.9862.
Best trial: 13. Best value: 73.9862:  19%|█▉        | 19/100 [1:13:07<4:51:13, 215.72s/it]Best trial: 13. Best value: 73.9862:  19%|█▉        | 19/100 [1:13:07<4:51:13, 215.72s/it]Best trial: 13. Best value: 73.9862:  20%|██        | 20/100 [1:13:07<4:41:14, 210.93s/it]                                                                                          [I 2026-07-24 12:42:47,905] Trial 20 finished with value: 72.7915 and parameters: {'vwap_buy_deviation': -0.024800664770013036, 'take_profit_pct': 0.022647849030398577, 'buy_confirm_min_score': 27, 'notify_sell_threshold': 54, 'notify_buy_threshold': 52, 'stock_qty_strong_pct': 0.3019024181458131, 'stock_qty_base_pct': 0.26929515365849754, 'stock_rebuild_strong_pct': 0.5058104808137767, 'stock_first_add_pct': 0.39815283551491254}. Best is trial 13 with value: 73.9862.
Best trial: 13. Best value: 73.9862:  20%|██        | 20/100 [1:16:30<4:41:14, 210.93s/it]Best trial: 13. Best value: 73.9862:  20%|██        | 20/100 [1:16:30<4:41:14, 210.93s/it]Best trial: 13. Best value: 73.9862:  21%|██        | 21/100 [1:16:30<4:34:39, 208.60s/it]                                                                                          [I 2026-07-24 12:46:26,639] Trial 21 finished with value: -9999.0 and parameters: {'vwap_buy_deviation': -0.034989756140667794, 'take_profit_pct': 0.02021351785638293, 'buy_confirm_min_score': 25, 'notify_sell_threshold': 61, 'notify_buy_threshold': 64, 'stock_qty_strong_pct': 0.28700658246543953, 'stock_qty_base_pct': 0.22509817194512732, 'stock_rebuild_strong_pct': 0.5926190848338974, 'stock_first_add_pct': 0.36358810197491}. Best is trial 13 with value: 73.9862.
Best trial: 13. Best value: 73.9862:  21%|██        | 21/100 [1:20:09<4:34:39, 208.60s/it]Best trial: 13. Best value: 73.9862:  21%|██        | 21/100 [1:20:09<4:34:39, 208.60s/it]Best trial: 13. Best value: 73.9862:  22%|██▏       | 22/100 [1:20:09<4:35:08, 211.64s/it]                                                                                          [I 2026-07-24 12:49:49,563] Trial 22 finished with value: 72.8345 and parameters: {'vwap_buy_deviation': -0.03242177878145855, 'take_profit_pct': 0.022312727834674053, 'buy_confirm_min_score': 26, 'notify_sell_threshold': 62, 'notify_buy_threshold': 60, 'stock_qty_strong_pct': 0.3373018335564868, 'stock_qty_base_pct': 0.26988465808338397, 'stock_rebuild_strong_pct': 0.5462958316836275, 'stock_first_add_pct': 0.29402814141542416}. Best is trial 13 with value: 73.9862.
Best trial: 13. Best value: 73.9862:  22%|██▏       | 22/100 [1:23:32<4:35:08, 211.64s/it]Best trial: 13. Best value: 73.9862:  22%|██▏       | 22/100 [1:23:32<4:35:08, 211.64s/it]Best trial: 13. Best value: 73.9862:  23%|██▎       | 23/100 [1:23:32<4:28:15, 209.03s/it]                                                                                          [I 2026-07-24 12:53:14,664] Trial 23 finished with value: -9999.0 and parameters: {'vwap_buy_deviation': -0.033139742352036, 'take_profit_pct': 0.019112307003194624, 'buy_confirm_min_score': 28, 'notify_sell_threshold': 64, 'notify_buy_threshold': 66, 'stock_qty_strong_pct': 0.28708768018901715, 'stock_qty_base_pct': 0.31598504841457237, 'stock_rebuild_strong_pct': 0.6021042872704901, 'stock_first_add_pct': 0.33037870408272246}. Best is trial 13 with value: 73.9862.
Best trial: 13. Best value: 73.9862:  23%|██▎       | 23/100 [1:26:57<4:28:15, 209.03s/it]Best trial: 13. Best value: 73.9862:  23%|██▎       | 23/100 [1:26:57<4:28:15, 209.03s/it]Best trial: 13. Best value: 73.9862:  24%|██▍       | 24/100 [1:26:57<4:23:16, 207.85s/it]                                                                                          [I 2026-07-24 12:56:34,303] Trial 24 finished with value: -9999.0 and parameters: {'vwap_buy_deviation': -0.03071893459839556, 'take_profit_pct': 0.024988269881753705, 'buy_confirm_min_score': 26, 'notify_sell_threshold': 59, 'notify_buy_threshold': 57, 'stock_qty_strong_pct': 0.2536499996010812, 'stock_qty_base_pct': 0.192990051861589, 'stock_rebuild_strong_pct': 0.6949628191602378, 'stock_first_add_pct': 0.37588099312228085}. Best is trial 13 with value: 73.9862.
Best trial: 13. Best value: 73.9862:  24%|██▍       | 24/100 [1:30:17<4:23:16, 207.85s/it]Best trial: 13. Best value: 73.9862:  24%|██▍       | 24/100 [1:30:17<4:23:16, 207.85s/it]Best trial: 13. Best value: 73.9862:  25%|██▌       | 25/100 [1:30:17<4:16:43, 205.39s/it]                                                                                          [I 2026-07-24 13:00:17,928] Trial 25 finished with value: 73.0046 and parameters: {'vwap_buy_deviation': -0.03354718082499929, 'take_profit_pct': 0.022425931407429257, 'buy_confirm_min_score': 24, 'notify_sell_threshold': 67, 'notify_buy_threshold': 61, 'stock_qty_strong_pct': 0.33405004635608637, 'stock_qty_base_pct': 0.29153121825387734, 'stock_rebuild_strong_pct': 0.5414403310742756, 'stock_first_add_pct': 0.3471706368957896}. Best is trial 13 with value: 73.9862.
