Best trial: 34. Best value: 34.4952:  77%|███████▋  | 77/100 [3:51:55<1:08:47, 179.46s/it]Best trial: 34. Best value: 34.4952:  77%|███████▋  | 77/100 [3:51:55<1:08:47, 179.46s/it]Best trial: 34. Best value: 34.4952:  78%|███████▊  | 78/100 [3:51:55<1:05:48, 179.46s/it]                                                                                          [I 2026-07-25 01:40:57,820] Trial 78 finished with value: 18.9683 and parameters: {'vwap_buy_deviation': -0.030403503149948993, 'take_profit_pct': 0.018894300347726718, 'buy_confirm_min_score': 28, 'notify_sell_threshold': 57, 'notify_buy_threshold': 48, 'stock_qty_strong_pct': 0.35098436269755184, 'stock_qty_base_pct': 0.28775083691583536, 'stock_rebuild_strong_pct': 0.5532456618244582, 'stock_first_add_pct': 0.3324901517014167}. Best is trial 34 with value: 34.4952.
Best trial: 34. Best value: 34.4952:  78%|███████▊  | 78/100 [3:54:56<1:05:48, 179.46s/it]Best trial: 34. Best value: 34.4952:  78%|███████▊  | 78/100 [3:54:56<1:05:48, 179.46s/it]Best trial: 34. Best value: 34.4952:  79%|███████▉  | 79/100 [3:54:56<1:02:56, 179.85s/it]                                                                                          [I 2026-07-25 01:44:04,410] Trial 79 finished with value: 0.0 and parameters: {'vwap_buy_deviation': -0.03355389872838702, 'take_profit_pct': 0.01716526183849434, 'buy_confirm_min_score': 29, 'notify_sell_threshold': 61, 'notify_buy_threshold': 55, 'stock_qty_strong_pct': 0.3642629212121605, 'stock_qty_base_pct': 0.30339327409396755, 'stock_rebuild_strong_pct': 0.5162304919620678, 'stock_first_add_pct': 0.36265034338854285}. Best is trial 34 with value: 34.4952.
Best trial: 34. Best value: 34.4952:  79%|███████▉  | 79/100 [3:58:03<1:02:56, 179.85s/it]Best trial: 34. Best value: 34.4952:  79%|███████▉  | 79/100 [3:58:03<1:02:56, 179.85s/it]Best trial: 34. Best value: 34.4952:  80%|████████  | 80/100 [3:58:03<1:00:37, 181.87s/it]                                                                                          [I 2026-07-25 01:47:06,800] Trial 80 finished with value: 16.5291 and parameters: {'vwap_buy_deviation': -0.03207354398590907, 'take_profit_pct': 0.015878779865951955, 'buy_confirm_min_score': 30, 'notify_sell_threshold': 60, 'notify_buy_threshold': 53, 'stock_qty_strong_pct': 0.3373643573641569, 'stock_qty_base_pct': 0.31785224860920624, 'stock_rebuild_strong_pct': 0.5387661685984055, 'stock_first_add_pct': 0.32074848122783023}. Best is trial 34 with value: 34.4952.
Best trial: 34. Best value: 34.4952:  80%|████████  | 80/100 [4:01:05<1:00:37, 181.87s/it]Best trial: 34. Best value: 34.4952:  80%|████████  | 80/100 [4:01:05<1:00:37, 181.87s/it]Best trial: 34. Best value: 34.4952:  81%|████████  | 81/100 [4:01:05<57:38, 182.03s/it]                                                                                          [I 2026-07-25 01:50:06,119] Trial 81 finished with value: 33.7781 and parameters: {'vwap_buy_deviation': -0.028515870905090876, 'take_profit_pct': 0.02164409757898795, 'buy_confirm_min_score': 29, 'notify_sell_threshold': 55, 'notify_buy_threshold': 53, 'stock_qty_strong_pct': 0.3955361523505492, 'stock_qty_base_pct': 0.29969000774587196, 'stock_rebuild_strong_pct': 0.9959631110905055, 'stock_first_add_pct': 0.29991297754963314}. Best is trial 34 with value: 34.4952.
Best trial: 34. Best value: 34.4952:  81%|████████  | 81/100 [4:04:04<57:38, 182.03s/it]Best trial: 34. Best value: 34.4952:  81%|████████  | 81/100 [4:04:04<57:38, 182.03s/it]Best trial: 34. Best value: 34.4952:  82%|████████▏ | 82/100 [4:04:04<54:21, 181.21s/it]                                                                                        [I 2026-07-25 01:53:03,432] Trial 82 finished with value: 33.7781 and parameters: {'vwap_buy_deviation': -0.027841865338552558, 'take_profit_pct': 0.02331918227996718, 'buy_confirm_min_score': 29, 'notify_sell_threshold': 55, 'notify_buy_threshold': 53, 'stock_qty_strong_pct': 0.3811592606343566, 'stock_qty_base_pct': 0.26160420444420274, 'stock_rebuild_strong_pct': 0.9860754653610141, 'stock_first_add_pct': 0.30805387507349136}. Best is trial 34 with value: 34.4952.
Best trial: 34. Best value: 34.4952:  82%|████████▏ | 82/100 [4:07:02<54:21, 181.21s/it]Best trial: 34. Best value: 34.4952:  82%|████████▏ | 82/100 [4:07:02<54:21, 181.21s/it]Best trial: 34. Best value: 34.4952:  83%|████████▎ | 83/100 [4:07:02<51:00, 180.04s/it]                                                                                        [I 2026-07-25 01:56:03,246] Trial 83 finished with value: 30.9368 and parameters: {'vwap_buy_deviation': -0.027814314047835218, 'take_profit_pct': 0.02339103752240644, 'buy_confirm_min_score': 28, 'notify_sell_threshold': 55, 'notify_buy_threshold': 52, 'stock_qty_strong_pct': 0.39924188001043287, 'stock_qty_base_pct': 0.26055405485360117, 'stock_rebuild_strong_pct': 0.9813982513230974, 'stock_first_add_pct': 0.3028026564889666}. Best is trial 34 with value: 34.4952.
Best trial: 34. Best value: 34.4952:  83%|████████▎ | 83/100 [4:10:01<51:00, 180.04s/it]Best trial: 34. Best value: 34.4952:  83%|████████▎ | 83/100 [4:10:01<51:00, 180.04s/it]Best trial: 34. Best value: 34.4952:  84%|████████▍ | 84/100 [4:10:01<47:59, 179.97s/it]                                                                                        [I 2026-07-25 01:59:00,374] Trial 84 finished with value: 19.2966 and parameters: {'vwap_buy_deviation': -0.028636442935947595, 'take_profit_pct': 0.02161908521312095, 'buy_confirm_min_score': 30, 'notify_sell_threshold': 57, 'notify_buy_threshold': 55, 'stock_qty_strong_pct': 0.3804900167577467, 'stock_qty_base_pct': 0.2987541493119288, 'stock_rebuild_strong_pct': 0.9945521049407741, 'stock_first_add_pct': 0.28065898323184557}. Best is trial 34 with value: 34.4952.
Best trial: 34. Best value: 34.4952:  84%|████████▍ | 84/100 [4:12:59<47:59, 179.97s/it]Best trial: 34. Best value: 34.4952:  84%|████████▍ | 84/100 [4:12:59<47:59, 179.97s/it]Best trial: 34. Best value: 34.4952:  85%|████████▌ | 85/100 [4:12:59<44:46, 179.12s/it]                                                                                        [I 2026-07-25 02:01:58,985] Trial 85 finished with value: 0.0 and parameters: {'vwap_buy_deviation': -0.031156805232587768, 'take_profit_pct': 0.02244175190580698, 'buy_confirm_min_score': 27, 'notify_sell_threshold': 55, 'notify_buy_threshold': 57, 'stock_qty_strong_pct': 0.3744532289182999, 'stock_qty_base_pct': 0.24535320981276573, 'stock_rebuild_strong_pct': 0.9021644228622397, 'stock_first_add_pct': 0.29092763655424975}. Best is trial 34 with value: 34.4952.
Best trial: 34. Best value: 34.4952:  85%|████████▌ | 85/100 [4:15:57<44:46, 179.12s/it]Best trial: 34. Best value: 34.4952:  85%|████████▌ | 85/100 [4:15:57<44:46, 179.12s/it]Best trial: 34. Best value: 34.4952:  86%|████████▌ | 86/100 [4:15:57<41:45, 178.97s/it]                                                                                        [I 2026-07-25 02:04:59,258] Trial 86 finished with value: 18.4747 and parameters: {'vwap_buy_deviation': -0.029914815405849903, 'take_profit_pct': 0.023543895086357357, 'buy_confirm_min_score': 29, 'notify_sell_threshold': 58, 'notify_buy_threshold': 54, 'stock_qty_strong_pct': 0.3969653839051092, 'stock_qty_base_pct': 0.2831530446933479, 'stock_rebuild_strong_pct': 0.8462946139316604, 'stock_first_add_pct': 0.3055118038864163}. Best is trial 34 with value: 34.4952.
Best trial: 34. Best value: 34.4952:  86%|████████▌ | 86/100 [4:18:57<41:45, 178.97s/it]Best trial: 34. Best value: 34.4952:  86%|████████▌ | 86/100 [4:18:57<41:45, 178.97s/it]Best trial: 34. Best value: 34.4952:  87%|████████▋ | 87/100 [4:18:57<38:51, 179.36s/it]                                                                                        [I 2026-07-25 02:07:57,237] Trial 87 finished with value: 29.4846 and parameters: {'vwap_buy_deviation': -0.02858553077032435, 'take_profit_pct': 0.020704521896738694, 'buy_confirm_min_score': 29, 'notify_sell_threshold': 53, 'notify_buy_threshold': 51, 'stock_qty_strong_pct': 0.3456326520232834, 'stock_qty_base_pct': 0.32577541170062463, 'stock_rebuild_strong_pct': 0.9609716623253294, 'stock_first_add_pct': 0.31290338456577954}. Best is trial 34 with value: 34.4952.
Best trial: 34. Best value: 34.4952:  87%|████████▋ | 87/100 [4:21:55<38:51, 179.36s/it]Best trial: 34. Best value: 34.4952:  87%|████████▋ | 87/100 [4:21:55<38:51, 179.36s/it]Best trial: 34. Best value: 34.4952:  88%|████████▊ | 88/100 [4:21:55<35:47, 178.95s/it]                                                                                        [I 2026-07-25 02:10:53,994] Trial 88 finished with value: 33.7781 and parameters: {'vwap_buy_deviation': -0.02714039914547991, 'take_profit_pct': 0.019962670045728617, 'buy_confirm_min_score': 28, 'notify_sell_threshold': 55, 'notify_buy_threshold': 53, 'stock_qty_strong_pct': 0.3626676733837679, 'stock_qty_base_pct': 0.2610696672605681, 'stock_rebuild_strong_pct': 0.9957940886874388, 'stock_first_add_pct': 0.3402120242907106}. Best is trial 34 with value: 34.4952.
Best trial: 34. Best value: 34.4952:  88%|████████▊ | 88/100 [4:24:52<35:47, 178.95s/it]Best trial: 34. Best value: 34.4952:  88%|████████▊ | 88/100 [4:24:52<35:47, 178.95s/it]Best trial: 34. Best value: 34.4952:  89%|████████▉ | 89/100 [4:24:52<32:41, 178.29s/it]                                                                                        [I 2026-07-25 02:13:55,992] Trial 89 finished with value: 0.0 and parameters: {'vwap_buy_deviation': -0.024529026956884636, 'take_profit_pct': 0.024230587770822792, 'buy_confirm_min_score': 30, 'notify_sell_threshold': 56, 'notify_buy_threshold': 56, 'stock_qty_strong_pct': 0.38126609755074425, 'stock_qty_base_pct': 0.2750945013111809, 'stock_rebuild_strong_pct': 0.9447926586260252, 'stock_first_add_pct': 0.3299930857803029}. Best is trial 34 with value: 34.4952.
Best trial: 34. Best value: 34.4952:  89%|████████▉ | 89/100 [4:27:54<32:41, 178.29s/it]Best trial: 34. Best value: 34.4952:  89%|████████▉ | 89/100 [4:27:54<32:41, 178.29s/it]Best trial: 34. Best value: 34.4952:  90%|█████████ | 90/100 [4:27:54<29:54, 179.40s/it]                                                                                        [I 2026-07-25 02:16:55,812] Trial 90 finished with value: 21.9311 and parameters: {'vwap_buy_deviation': -0.02618304610770392, 'take_profit_pct': 0.022972565427833422, 'buy_confirm_min_score': 27, 'notify_sell_threshold': 57, 'notify_buy_threshold': 50, 'stock_qty_strong_pct': 0.32765938645314263, 'stock_qty_base_pct': 0.2966041283061825, 'stock_rebuild_strong_pct': 0.9803125587680914, 'stock_first_add_pct': 0.29690958741132967}. Best is trial 34 with value: 34.4952.
Best trial: 34. Best value: 34.4952:  90%|█████████ | 90/100 [4:30:54<29:54, 179.40s/it]Best trial: 34. Best value: 34.4952:  90%|█████████ | 90/100 [4:30:54<29:54, 179.40s/it]Best trial: 34. Best value: 34.4952:  91%|█████████ | 91/100 [4:30:54<26:55, 179.53s/it]                                                                                        [I 2026-07-25 02:19:53,824] Trial 91 finished with value: 35.6432 and parameters: {'vwap_buy_deviation': -0.026739684382081293, 'take_profit_pct': 0.022073211058236633, 'buy_confirm_min_score': 28, 'notify_sell_threshold': 55, 'notify_buy_threshold': 54, 'stock_qty_strong_pct': 0.3576847689240092, 'stock_qty_base_pct': 0.2651791266927982, 'stock_rebuild_strong_pct': 0.9970073645244323, 'stock_first_add_pct': 0.3418050752424018}. Best is trial 91 with value: 35.6432.
Best trial: 34. Best value: 34.4952:  91%|█████████ | 91/100 [4:33:52<26:55, 179.53s/it]Best trial: 91. Best value: 35.6432:  91%|█████████ | 91/100 [4:33:52<26:55, 179.53s/it]Best trial: 91. Best value: 35.6432:  92%|█████████▏| 92/100 [4:33:52<23:52, 179.07s/it]                                                                                        [I 2026-07-25 02:22:51,637] Trial 92 finished with value: 32.7315 and parameters: {'vwap_buy_deviation': -0.026506776710621308, 'take_profit_pct': 0.022013348783043746, 'buy_confirm_min_score': 28, 'notify_sell_threshold': 56, 'notify_buy_threshold': 54, 'stock_qty_strong_pct': 0.3553866948804317, 'stock_qty_base_pct': 0.2640977020537492, 'stock_rebuild_strong_pct': 0.9764605104398073, 'stock_first_add_pct': 0.3468508389342838}. Best is trial 91 with value: 35.6432.
Best trial: 91. Best value: 35.6432:  92%|█████████▏| 92/100 [4:36:50<23:52, 179.07s/it]Best trial: 91. Best value: 35.6432:  92%|█████████▏| 92/100 [4:36:50<23:52, 179.07s/it]Best trial: 91. Best value: 35.6432:  93%|█████████▎| 93/100 [4:36:50<20:50, 178.69s/it]                                                                                        [I 2026-07-25 02:25:50,652] Trial 93 finished with value: 13.7914 and parameters: {'vwap_buy_deviation': -0.02818550797634514, 'take_profit_pct': 0.021217301999635108, 'buy_confirm_min_score': 29, 'notify_sell_threshold': 58, 'notify_buy_threshold': 52, 'stock_qty_strong_pct': 0.3685645112958982, 'stock_qty_base_pct': 0.28456221457906905, 'stock_rebuild_strong_pct': 0.9556097422016482, 'stock_first_add_pct': 0.3261145562994129}. Best is trial 91 with value: 35.6432.
Best trial: 91. Best value: 35.6432:  93%|█████████▎| 93/100 [4:39:49<20:50, 178.69s/it]Best trial: 91. Best value: 35.6432:  93%|█████████▎| 93/100 [4:39:49<20:50, 178.69s/it]Best trial: 91. Best value: 35.6432:  94%|█████████▍| 94/100 [4:39:49<17:52, 178.79s/it]                                                                                        [I 2026-07-25 02:28:49,427] Trial 94 finished with value: 33.2357 and parameters: {'vwap_buy_deviation': -0.02751990196021722, 'take_profit_pct': 0.022686219206533315, 'buy_confirm_min_score': 30, 'notify_sell_threshold': 56, 'notify_buy_threshold': 53, 'stock_qty_strong_pct': 0.3805536347847351, 'stock_qty_base_pct': 0.30478826041298923, 'stock_rebuild_strong_pct': 0.9663162565391159, 'stock_first_add_pct': 0.28285136196287775}. Best is trial 91 with value: 35.6432.
Best trial: 91. Best value: 35.6432:  94%|█████████▍| 94/100 [4:42:48<17:52, 178.79s/it]Best trial: 91. Best value: 35.6432:  94%|█████████▍| 94/100 [4:42:48<17:52, 178.79s/it]Best trial: 91. Best value: 35.6432:  95%|█████████▌| 95/100 [4:42:48<14:53, 178.79s/it]                                                                                        [I 2026-07-25 02:31:45,812] Trial 95 finished with value: 0.0 and parameters: {'vwap_buy_deviation': -0.029226411460920372, 'take_profit_pct': 0.021051131725815766, 'buy_confirm_min_score': 28, 'notify_sell_threshold': 59, 'notify_buy_threshold': 55, 'stock_qty_strong_pct': 0.34711559014519033, 'stock_qty_base_pct': 0.25181554621605995, 'stock_rebuild_strong_pct': 0.9157279071723331, 'stock_first_add_pct': 0.37156960994083793}. Best is trial 91 with value: 35.6432.
Best trial: 91. Best value: 35.6432:  95%|█████████▌| 95/100 [4:45:44<14:53, 178.79s/it]Best trial: 91. Best value: 35.6432:  95%|█████████▌| 95/100 [4:45:44<14:53, 178.79s/it]Best trial: 91. Best value: 35.6432:  96%|█████████▌| 96/100 [4:45:44<11:52, 178.07s/it]                                                                                        [I 2026-07-25 02:34:49,011] Trial 96 finished with value: 30.9368 and parameters: {'vwap_buy_deviation': -0.025207598896432506, 'take_profit_pct': 0.0246728350363219, 'buy_confirm_min_score': 27, 'notify_sell_threshold': 55, 'notify_buy_threshold': 52, 'stock_qty_strong_pct': 0.39093613752322065, 'stock_qty_base_pct': 0.2925554575827765, 'stock_rebuild_strong_pct': 0.8692894498174273, 'stock_first_add_pct': 0.3089278381805806}. Best is trial 91 with value: 35.6432.
Best trial: 91. Best value: 35.6432:  96%|█████████▌| 96/100 [4:48:47<11:52, 178.07s/it]Best trial: 91. Best value: 35.6432:  96%|█████████▌| 96/100 [4:48:47<11:52, 178.07s/it]Best trial: 91. Best value: 35.6432:  97%|█████████▋| 97/100 [4:48:47<08:58, 179.61s/it]                                                                                        [I 2026-07-25 02:37:49,177] Trial 97 finished with value: 0.0 and parameters: {'vwap_buy_deviation': -0.02650660551935454, 'take_profit_pct': 0.0234654041768149, 'buy_confirm_min_score': 29, 'notify_sell_threshold': 53, 'notify_buy_threshold': 59, 'stock_qty_strong_pct': 0.34056638671922446, 'stock_qty_base_pct': 0.26706602974935306, 'stock_rebuild_strong_pct': 0.7930324634526962, 'stock_first_add_pct': 0.3624767160437249}. Best is trial 91 with value: 35.6432.
Best trial: 91. Best value: 35.6432:  97%|█████████▋| 97/100 [4:51:47<08:58, 179.61s/it]Best trial: 91. Best value: 35.6432:  97%|█████████▋| 97/100 [4:51:47<08:58, 179.61s/it]Best trial: 91. Best value: 35.6432:  98%|█████████▊| 98/100 [4:51:47<05:59, 179.77s/it]                                                                                        [I 2026-07-25 02:40:49,957] Trial 98 finished with value: 34.4952 and parameters: {'vwap_buy_deviation': -0.031112833765432803, 'take_profit_pct': 0.02027074663879439, 'buy_confirm_min_score': 30, 'notify_sell_threshold': 57, 'notify_buy_threshold': 54, 'stock_qty_strong_pct': 0.35913899539516714, 'stock_qty_base_pct': 0.23357470442075326, 'stock_rebuild_strong_pct': 0.9948530386348116, 'stock_first_add_pct': 0.2891094340651071}. Best is trial 91 with value: 35.6432.
Best trial: 91. Best value: 35.6432:  98%|█████████▊| 98/100 [4:54:48<05:59, 179.77s/it]Best trial: 91. Best value: 35.6432:  98%|█████████▊| 98/100 [4:54:48<05:59, 179.77s/it]Best trial: 91. Best value: 35.6432:  99%|█████████▉| 99/100 [4:54:48<03:00, 180.07s/it]                                                                                        [I 2026-07-25 02:43:48,548] Trial 99 finished with value: 19.2931 and parameters: {'vwap_buy_deviation': -0.030000367034208088, 'take_profit_pct': 0.020062050997993096, 'buy_confirm_min_score': 30, 'notify_sell_threshold': 60, 'notify_buy_threshold': 54, 'stock_qty_strong_pct': 0.3575764175047581, 'stock_qty_base_pct': 0.22825910697209953, 'stock_rebuild_strong_pct': 0.528835874475083, 'stock_first_add_pct': 0.25139255370321345}. Best is trial 91 with value: 35.6432.
Best trial: 91. Best value: 35.6432:  99%|█████████▉| 99/100 [4:57:47<03:00, 180.07s/it]Best trial: 91. Best value: 35.6432:  99%|█████████▉| 99/100 [4:57:47<03:00, 180.07s/it]Best trial: 91. Best value: 35.6432: 100%|██████████| 100/100 [4:57:47<00:00, 179.63s/it]Best trial: 91. Best value: 35.6432: 100%|██████████| 100/100 [4:57:47<00:00, 178.67s/it]

[Optuna] 最佳 composite_score = 35.6432, params = {'vwap_buy_deviation': -0.026739684382081293, 'take_profit_pct': 0.022073211058236633, 'buy_confirm_min_score': 28, 'notify_sell_threshold': 55, 'notify_buy_threshold': 54, 'stock_qty_strong_pct': 0.3576847689240092, 'stock_qty_base_pct': 0.2651791266927982, 'stock_rebuild_strong_pct': 0.9970073645244323, 'stock_first_add_pct': 0.3418050752424018}

[最优参数] 训练集...

[基准对比] 默认参数在测试集...
  默认: wr=0.00% pnl=-1 composite=-100.00

[邻域稳定性测试] 最优参数 ±5% 摇动...
  最优: -100.00
  邻域平均: -100.00
    vwap_buy_deviation=-0.0254 → composite=-100.00
    vwap_buy_deviation=-0.0281 → composite=-100.00
    take_profit_pct=0.021 → composite=-100.00
    take_profit_pct=0.0232 → composite=-100.00
    buy_confirm_min_score=27 → composite=-100.00
    buy_confirm_min_score=29 → composite=-100.00
  判定: [不稳定 孤岛参数风险]
[结果] -> E:\06_T\t_io\optimizer\best_params_588170.json
[报告] E:\06_T\t_io\optimizer\optimizer_report.md

=======================================================
  寻优完成
=======================================================
  VWAP偏离买入阈值: -0.026739684382081293
  止盈比例: 0.022073211058236633
  买入确认最低分: 28
  卖出推送阈值: 55
  买入推送阈值: 54
  强信号卖出比例: 0.3576847689240092
  中等信号卖出比例: 0.2651791266927982
  强信号接回比例: 0.9970073645244323
  首次加仓比例: 0.3418050752424018
  训练集综合得分: 35.64
  输出: E:\06_T\t_io\optimizer/
