Best trial: 58. Best value: 0:  67%|██████▋   | 67/100 [1:58:00<57:16, 104.14s/it]Best trial: 58. Best value: 0:  67%|██████▋   | 67/100 [1:58:00<57:16, 104.14s/it]Best trial: 58. Best value: 0:  68%|██████▊   | 68/100 [1:58:00<54:49, 102.81s/it]                                                                                  [I 2026-07-24 00:34:39,600] Trial 68 finished with value: 0.0 and parameters: {'vwap_buy_deviation': -0.033667823260830836, 'take_profit_pct': 0.022903423918435282, 'buy_confirm_min_score': 27, 'notify_sell_threshold': 68, 'notify_buy_threshold': 41}. Best is trial 58 with value: 0.0.
Best trial: 58. Best value: 0:  68%|██████▊   | 68/100 [1:59:44<54:49, 102.81s/it]Best trial: 58. Best value: 0:  68%|██████▊   | 68/100 [1:59:44<54:49, 102.81s/it]Best trial: 58. Best value: 0:  69%|██████▉   | 69/100 [1:59:44<53:21, 103.28s/it]                                                                                  [I 2026-07-24 00:36:23,963] Trial 69 finished with value: 11.2723 and parameters: {'vwap_buy_deviation': -0.03078943029231285, 'take_profit_pct': 0.021942748426374926, 'buy_confirm_min_score': 30, 'notify_sell_threshold': 67, 'notify_buy_threshold': 42}. Best is trial 69 with value: 11.2723.
Best trial: 58. Best value: 0:  69%|██████▉   | 69/100 [2:01:29<53:21, 103.28s/it]Best trial: 69. Best value: 11.2723:  69%|██████▉   | 69/100 [2:01:29<53:21, 103.28s/it]Best trial: 69. Best value: 11.2723:  70%|███████   | 70/100 [2:01:29<51:48, 103.61s/it]                                                                                        [I 2026-07-24 00:38:05,653] Trial 70 finished with value: 0.0 and parameters: {'vwap_buy_deviation': -0.030559568256160213, 'take_profit_pct': 0.021727206315580352, 'buy_confirm_min_score': 30, 'notify_sell_threshold': 70, 'notify_buy_threshold': 43}. Best is trial 69 with value: 11.2723.
Best trial: 69. Best value: 11.2723:  70%|███████   | 70/100 [2:03:10<51:48, 103.61s/it]Best trial: 69. Best value: 11.2723:  70%|███████   | 70/100 [2:03:10<51:48, 103.61s/it]Best trial: 69. Best value: 11.2723:  71%|███████   | 71/100 [2:03:10<49:47, 103.03s/it]                                                                                        [I 2026-07-24 00:39:50,707] Trial 71 finished with value: 0.0 and parameters: {'vwap_buy_deviation': -0.03312831594004207, 'take_profit_pct': 0.024230936615307414, 'buy_confirm_min_score': 29, 'notify_sell_threshold': 67, 'notify_buy_threshold': 40}. Best is trial 69 with value: 11.2723.
Best trial: 69. Best value: 11.2723:  71%|███████   | 71/100 [2:04:55<49:47, 103.03s/it]Best trial: 69. Best value: 11.2723:  71%|███████   | 71/100 [2:04:55<49:47, 103.03s/it]Best trial: 69. Best value: 11.2723:  72%|███████▏  | 72/100 [2:04:55<48:21, 103.64s/it]                                                                                        [I 2026-07-24 00:41:31,478] Trial 72 finished with value: 6.2379 and parameters: {'vwap_buy_deviation': -0.03156039798274962, 'take_profit_pct': 0.024995960836028598, 'buy_confirm_min_score': 28, 'notify_sell_threshold': 65, 'notify_buy_threshold': 42}. Best is trial 69 with value: 11.2723.
Best trial: 69. Best value: 11.2723:  72%|███████▏  | 72/100 [2:06:36<48:21, 103.64s/it]Best trial: 69. Best value: 11.2723:  72%|███████▏  | 72/100 [2:06:36<48:21, 103.64s/it]Best trial: 69. Best value: 11.2723:  73%|███████▎  | 73/100 [2:06:36<46:15, 102.78s/it]                                                                                        [I 2026-07-24 00:43:15,462] Trial 73 finished with value: 10.3804 and parameters: {'vwap_buy_deviation': -0.03190223549127291, 'take_profit_pct': 0.020286844716719564, 'buy_confirm_min_score': 28, 'notify_sell_threshold': 65, 'notify_buy_threshold': 42}. Best is trial 69 with value: 11.2723.
Best trial: 69. Best value: 11.2723:  73%|███████▎  | 73/100 [2:08:20<46:15, 102.78s/it]Best trial: 69. Best value: 11.2723:  73%|███████▎  | 73/100 [2:08:20<46:15, 102.78s/it]Best trial: 69. Best value: 11.2723:  74%|███████▍  | 74/100 [2:08:20<44:41, 103.14s/it]                                                                                        [I 2026-07-24 00:44:59,896] Trial 74 finished with value: 10.3094 and parameters: {'vwap_buy_deviation': -0.03190738230464014, 'take_profit_pct': 0.020447712061431346, 'buy_confirm_min_score': 30, 'notify_sell_threshold': 65, 'notify_buy_threshold': 42}. Best is trial 69 with value: 11.2723.
Best trial: 69. Best value: 11.2723:  74%|███████▍  | 74/100 [2:10:05<44:41, 103.14s/it]Best trial: 69. Best value: 11.2723:  74%|███████▍  | 74/100 [2:10:05<44:41, 103.14s/it]Best trial: 69. Best value: 11.2723:  75%|███████▌  | 75/100 [2:10:05<43:08, 103.53s/it]                                                                                        [I 2026-07-24 00:46:38,618] Trial 75 finished with value: 10.3804 and parameters: {'vwap_buy_deviation': -0.031900030437264366, 'take_profit_pct': 0.020364937448049528, 'buy_confirm_min_score': 30, 'notify_sell_threshold': 65, 'notify_buy_threshold': 42}. Best is trial 69 with value: 11.2723.
Best trial: 69. Best value: 11.2723:  75%|███████▌  | 75/100 [2:11:43<43:08, 103.53s/it]Best trial: 69. Best value: 11.2723:  75%|███████▌  | 75/100 [2:11:43<43:08, 103.53s/it]Best trial: 69. Best value: 11.2723:  76%|███████▌  | 76/100 [2:11:43<40:50, 102.09s/it]                                                                                        [I 2026-07-24 00:48:22,773] Trial 76 finished with value: 10.4923 and parameters: {'vwap_buy_deviation': -0.03196202834401614, 'take_profit_pct': 0.020083490807452416, 'buy_confirm_min_score': 30, 'notify_sell_threshold': 65, 'notify_buy_threshold': 42}. Best is trial 69 with value: 11.2723.
Best trial: 69. Best value: 11.2723:  76%|███████▌  | 76/100 [2:13:28<40:50, 102.09s/it]Best trial: 69. Best value: 11.2723:  76%|███████▌  | 76/100 [2:13:28<40:50, 102.09s/it]Best trial: 69. Best value: 11.2723:  77%|███████▋  | 77/100 [2:13:28<39:22, 102.71s/it]                                                                                        [I 2026-07-24 00:50:13,792] Trial 77 finished with value: -9999.0 and parameters: {'vwap_buy_deviation': -0.03172258298718301, 'take_profit_pct': 0.019962388096548628, 'buy_confirm_min_score': 30, 'notify_sell_threshold': 64, 'notify_buy_threshold': 44}. Best is trial 69 with value: 11.2723.
Best trial: 69. Best value: 11.2723:  77%|███████▋  | 77/100 [2:15:19<39:22, 102.71s/it]Best trial: 69. Best value: 11.2723:  77%|███████▋  | 77/100 [2:15:19<39:22, 102.71s/it]Best trial: 69. Best value: 11.2723:  78%|███████▊  | 78/100 [2:15:19<38:34, 105.20s/it]                                                                                        [I 2026-07-24 00:51:53,999] Trial 78 finished with value: 10.3466 and parameters: {'vwap_buy_deviation': -0.03099001171422102, 'take_profit_pct': 0.02057480466817607, 'buy_confirm_min_score': 29, 'notify_sell_threshold': 65, 'notify_buy_threshold': 42}. Best is trial 69 with value: 11.2723.
Best trial: 69. Best value: 11.2723:  78%|███████▊  | 78/100 [2:16:59<38:34, 105.20s/it]Best trial: 69. Best value: 11.2723:  78%|███████▊  | 78/100 [2:16:59<38:34, 105.20s/it]Best trial: 69. Best value: 11.2723:  79%|███████▉  | 79/100 [2:16:59<36:17, 103.70s/it]                                                                                        [I 2026-07-24 00:53:37,124] Trial 79 finished with value: 10.3466 and parameters: {'vwap_buy_deviation': -0.02981560569087701, 'take_profit_pct': 0.020492325452229235, 'buy_confirm_min_score': 29, 'notify_sell_threshold': 65, 'notify_buy_threshold': 42}. Best is trial 69 with value: 11.2723.
Best trial: 69. Best value: 11.2723:  79%|███████▉  | 79/100 [2:18:42<36:17, 103.70s/it]Best trial: 69. Best value: 11.2723:  79%|███████▉  | 79/100 [2:18:42<36:17, 103.70s/it]Best trial: 69. Best value: 11.2723:  80%|████████  | 80/100 [2:18:42<34:30, 103.53s/it]                                                                                        [I 2026-07-24 00:55:18,514] Trial 80 finished with value: 10.3466 and parameters: {'vwap_buy_deviation': -0.02977309030578275, 'take_profit_pct': 0.0205350715145268, 'buy_confirm_min_score': 30, 'notify_sell_threshold': 65, 'notify_buy_threshold': 42}. Best is trial 69 with value: 11.2723.
Best trial: 69. Best value: 11.2723:  80%|████████  | 80/100 [2:20:23<34:30, 103.53s/it]Best trial: 69. Best value: 11.2723:  80%|████████  | 80/100 [2:20:23<34:30, 103.53s/it]Best trial: 69. Best value: 11.2723:  81%|████████  | 81/100 [2:20:23<32:34, 102.89s/it]                                                                                        [I 2026-07-24 00:57:02,276] Trial 81 finished with value: 10.3094 and parameters: {'vwap_buy_deviation': -0.030020376773139394, 'take_profit_pct': 0.020448276820217434, 'buy_confirm_min_score': 30, 'notify_sell_threshold': 65, 'notify_buy_threshold': 42}. Best is trial 69 with value: 11.2723.
Best trial: 69. Best value: 11.2723:  81%|████████  | 81/100 [2:22:07<32:34, 102.89s/it]Best trial: 69. Best value: 11.2723:  81%|████████  | 81/100 [2:22:07<32:34, 102.89s/it]Best trial: 69. Best value: 11.2723:  82%|████████▏ | 82/100 [2:22:07<30:56, 103.15s/it]                                                                                        [I 2026-07-24 00:58:46,918] Trial 82 finished with value: 10.3804 and parameters: {'vwap_buy_deviation': -0.030932122170148464, 'take_profit_pct': 0.020294491843636683, 'buy_confirm_min_score': 30, 'notify_sell_threshold': 65, 'notify_buy_threshold': 42}. Best is trial 69 with value: 11.2723.
Best trial: 69. Best value: 11.2723:  82%|████████▏ | 82/100 [2:23:52<30:56, 103.15s/it]Best trial: 69. Best value: 11.2723:  82%|████████▏ | 82/100 [2:23:52<30:56, 103.15s/it]Best trial: 69. Best value: 11.2723:  83%|████████▎ | 83/100 [2:23:52<29:21, 103.60s/it]                                                                                        [I 2026-07-24 01:00:25,682] Trial 83 finished with value: -9999.0 and parameters: {'vwap_buy_deviation': -0.030929884023018696, 'take_profit_pct': 0.01917794360967761, 'buy_confirm_min_score': 30, 'notify_sell_threshold': 63, 'notify_buy_threshold': 45}. Best is trial 69 with value: 11.2723.
Best trial: 69. Best value: 11.2723:  83%|████████▎ | 83/100 [2:25:30<29:21, 103.60s/it]Best trial: 69. Best value: 11.2723:  83%|████████▎ | 83/100 [2:25:30<29:21, 103.60s/it]Best trial: 69. Best value: 11.2723:  84%|████████▍ | 84/100 [2:25:30<27:14, 102.15s/it]                                                                                        [I 2026-07-24 01:02:10,932] Trial 84 finished with value: -9999.0 and parameters: {'vwap_buy_deviation': -0.02978322168160826, 'take_profit_pct': 0.0208737542496559, 'buy_confirm_min_score': 30, 'notify_sell_threshold': 66, 'notify_buy_threshold': 44}. Best is trial 69 with value: 11.2723.
Best trial: 69. Best value: 11.2723:  84%|████████▍ | 84/100 [2:27:16<27:14, 102.15s/it]Best trial: 69. Best value: 11.2723:  84%|████████▍ | 84/100 [2:27:16<27:14, 102.15s/it]Best trial: 69. Best value: 11.2723:  85%|████████▌ | 85/100 [2:27:16<25:46, 103.08s/it]                                                                                        [I 2026-07-24 01:03:53,775] Trial 85 finished with value: -9999.0 and parameters: {'vwap_buy_deviation': -0.028905563360163707, 'take_profit_pct': 0.019477633721125227, 'buy_confirm_min_score': 29, 'notify_sell_threshold': 62, 'notify_buy_threshold': 43}. Best is trial 69 with value: 11.2723.
Best trial: 69. Best value: 11.2723:  85%|████████▌ | 85/100 [2:28:59<25:46, 103.08s/it]Best trial: 69. Best value: 11.2723:  85%|████████▌ | 85/100 [2:28:59<25:46, 103.08s/it]Best trial: 69. Best value: 11.2723:  86%|████████▌ | 86/100 [2:28:59<24:02, 103.01s/it]                                                                                        [I 2026-07-24 01:05:33,865] Trial 86 finished with value: -9999.0 and parameters: {'vwap_buy_deviation': -0.032215977274914334, 'take_profit_pct': 0.020523257066114287, 'buy_confirm_min_score': 29, 'notify_sell_threshold': 64, 'notify_buy_threshold': 46}. Best is trial 69 with value: 11.2723.
Best trial: 69. Best value: 11.2723:  86%|████████▌ | 86/100 [2:30:39<24:02, 103.01s/it]Best trial: 69. Best value: 11.2723:  86%|████████▌ | 86/100 [2:30:39<24:02, 103.01s/it]Best trial: 69. Best value: 11.2723:  87%|████████▋ | 87/100 [2:30:39<22:07, 102.13s/it]                                                                                        [I 2026-07-24 01:07:19,426] Trial 87 finished with value: 8.2199 and parameters: {'vwap_buy_deviation': -0.03111395212895827, 'take_profit_pct': 0.018553327378454436, 'buy_confirm_min_score': 30, 'notify_sell_threshold': 67, 'notify_buy_threshold': 40}. Best is trial 69 with value: 11.2723.
Best trial: 69. Best value: 11.2723:  87%|████████▋ | 87/100 [2:32:24<22:07, 102.13s/it]Best trial: 69. Best value: 11.2723:  87%|████████▋ | 87/100 [2:32:24<22:07, 102.13s/it]Best trial: 69. Best value: 11.2723:  88%|████████▊ | 88/100 [2:32:24<20:37, 103.16s/it]                                                                                        [I 2026-07-24 01:09:01,134] Trial 88 finished with value: 9.3143 and parameters: {'vwap_buy_deviation': -0.030388752283673114, 'take_profit_pct': 0.01992869483867208, 'buy_confirm_min_score': 30, 'notify_sell_threshold': 65, 'notify_buy_threshold': 42}. Best is trial 69 with value: 11.2723.
Best trial: 69. Best value: 11.2723:  88%|████████▊ | 88/100 [2:34:06<20:37, 103.16s/it]Best trial: 69. Best value: 11.2723:  88%|████████▊ | 88/100 [2:34:06<20:37, 103.16s/it]Best trial: 69. Best value: 11.2723:  89%|████████▉ | 89/100 [2:34:06<18:49, 102.73s/it]                                                                                        [I 2026-07-24 01:10:43,974] Trial 89 finished with value: -9999.0 and parameters: {'vwap_buy_deviation': -0.029366828422344702, 'take_profit_pct': 0.022123488393233703, 'buy_confirm_min_score': 29, 'notify_sell_threshold': 62, 'notify_buy_threshold': 43}. Best is trial 69 with value: 11.2723.
Best trial: 69. Best value: 11.2723:  89%|████████▉ | 89/100 [2:35:49<18:49, 102.73s/it]Best trial: 69. Best value: 11.2723:  89%|████████▉ | 89/100 [2:35:49<18:49, 102.73s/it]Best trial: 69. Best value: 11.2723:  90%|█████████ | 90/100 [2:35:49<17:07, 102.76s/it]                                                                                        [I 2026-07-24 01:12:27,900] Trial 90 finished with value: -9999.0 and parameters: {'vwap_buy_deviation': -0.028638142632672156, 'take_profit_pct': 0.02109395198274866, 'buy_confirm_min_score': 30, 'notify_sell_threshold': 63, 'notify_buy_threshold': 42}. Best is trial 69 with value: 11.2723.
Best trial: 69. Best value: 11.2723:  90%|█████████ | 90/100 [2:37:33<17:07, 102.76s/it]Best trial: 69. Best value: 11.2723:  90%|█████████ | 90/100 [2:37:33<17:07, 102.76s/it]Best trial: 69. Best value: 11.2723:  91%|█████████ | 91/100 [2:37:33<15:27, 103.11s/it]                                                                                        [I 2026-07-24 01:14:06,966] Trial 91 finished with value: 10.3466 and parameters: {'vwap_buy_deviation': -0.030023022878253345, 'take_profit_pct': 0.02049241769353033, 'buy_confirm_min_score': 30, 'notify_sell_threshold': 65, 'notify_buy_threshold': 42}. Best is trial 69 with value: 11.2723.
Best trial: 69. Best value: 11.2723:  91%|█████████ | 91/100 [2:39:12<15:27, 103.11s/it]Best trial: 69. Best value: 11.2723:  91%|█████████ | 91/100 [2:39:12<15:27, 103.11s/it]Best trial: 69. Best value: 11.2723:  92%|█████████▏| 92/100 [2:39:12<13:35, 101.90s/it]                                                                                        [I 2026-07-24 01:15:52,455] Trial 92 finished with value: 0.0 and parameters: {'vwap_buy_deviation': -0.031867021232362375, 'take_profit_pct': 0.017949090657032908, 'buy_confirm_min_score': 29, 'notify_sell_threshold': 66, 'notify_buy_threshold': 44}. Best is trial 69 with value: 11.2723.
Best trial: 69. Best value: 11.2723:  92%|█████████▏| 92/100 [2:40:57<13:35, 101.90s/it]Best trial: 69. Best value: 11.2723:  92%|█████████▏| 92/100 [2:40:57<13:35, 101.90s/it]Best trial: 69. Best value: 11.2723:  93%|█████████▎| 93/100 [2:40:57<12:00, 102.97s/it]                                                                                        [I 2026-07-24 01:17:36,772] Trial 93 finished with value: 10.3466 and parameters: {'vwap_buy_deviation': -0.030786016215533073, 'take_profit_pct': 0.020496821260067216, 'buy_confirm_min_score': 30, 'notify_sell_threshold': 65, 'notify_buy_threshold': 40}. Best is trial 69 with value: 11.2723.
Best trial: 69. Best value: 11.2723:  93%|█████████▎| 93/100 [2:42:42<12:00, 102.97s/it]Best trial: 69. Best value: 11.2723:  93%|█████████▎| 93/100 [2:42:42<12:00, 102.97s/it]Best trial: 69. Best value: 11.2723:  94%|█████████▍| 94/100 [2:42:42<10:20, 103.38s/it]                                                                                        [I 2026-07-24 01:19:17,847] Trial 94 finished with value: -9999.0 and parameters: {'vwap_buy_deviation': -0.030156853442604957, 'take_profit_pct': 0.019672098012287486, 'buy_confirm_min_score': 29, 'notify_sell_threshold': 64, 'notify_buy_threshold': 40}. Best is trial 69 with value: 11.2723.
Best trial: 69. Best value: 11.2723:  94%|█████████▍| 94/100 [2:44:23<10:20, 103.38s/it]Best trial: 69. Best value: 11.2723:  94%|█████████▍| 94/100 [2:44:23<10:20, 103.38s/it]Best trial: 69. Best value: 11.2723:  95%|█████████▌| 95/100 [2:44:23<08:33, 102.69s/it]                                                                                        [I 2026-07-24 01:21:02,690] Trial 95 finished with value: 0.0 and parameters: {'vwap_buy_deviation': -0.030660847055639137, 'take_profit_pct': 0.019050524654535755, 'buy_confirm_min_score': 30, 'notify_sell_threshold': 69, 'notify_buy_threshold': 45}. Best is trial 69 with value: 11.2723.
Best trial: 69. Best value: 11.2723:  95%|█████████▌| 95/100 [2:46:07<08:33, 102.69s/it]Best trial: 69. Best value: 11.2723:  95%|█████████▌| 95/100 [2:46:07<08:33, 102.69s/it]Best trial: 69. Best value: 11.2723:  96%|█████████▌| 96/100 [2:46:07<06:53, 103.33s/it]                                                                                        [I 2026-07-24 01:22:44,986] Trial 96 finished with value: 12.0222 and parameters: {'vwap_buy_deviation': -0.03129366956670661, 'take_profit_pct': 0.020595283143003986, 'buy_confirm_min_score': 30, 'notify_sell_threshold': 67, 'notify_buy_threshold': 40}. Best is trial 96 with value: 12.0222.
Best trial: 69. Best value: 11.2723:  96%|█████████▌| 96/100 [2:47:50<06:53, 103.33s/it]Best trial: 96. Best value: 12.0222:  96%|█████████▌| 96/100 [2:47:50<06:53, 103.33s/it]Best trial: 96. Best value: 12.0222:  97%|█████████▋| 97/100 [2:47:50<05:09, 103.02s/it]                                                                                        [I 2026-07-24 01:24:28,055] Trial 97 finished with value: 0.0 and parameters: {'vwap_buy_deviation': -0.031281765460909446, 'take_profit_pct': 0.021375948414560798, 'buy_confirm_min_score': 29, 'notify_sell_threshold': 67, 'notify_buy_threshold': 43}. Best is trial 96 with value: 12.0222.
Best trial: 96. Best value: 12.0222:  97%|█████████▋| 97/100 [2:49:33<05:09, 103.02s/it]Best trial: 96. Best value: 12.0222:  97%|█████████▋| 97/100 [2:49:33<05:09, 103.02s/it]Best trial: 96. Best value: 12.0222:  98%|█████████▊| 98/100 [2:49:33<03:26, 103.04s/it]                                                                                        [I 2026-07-24 01:26:12,920] Trial 98 finished with value: 7.6327 and parameters: {'vwap_buy_deviation': -0.032580028885170045, 'take_profit_pct': 0.01895856756707432, 'buy_confirm_min_score': 30, 'notify_sell_threshold': 66, 'notify_buy_threshold': 42}. Best is trial 96 with value: 12.0222.
