Best trial: 96. Best value: 12.0222:  98%|█████████▊| 98/100 [2:51:18<03:26, 103.04s/it]Best trial: 96. Best value: 12.0222:  98%|█████████▊| 98/100 [2:51:18<03:26, 103.04s/it]Best trial: 96. Best value: 12.0222:  99%|█████████▉| 99/100 [2:51:18<01:43, 103.59s/it]                                                                                        [I 2026-07-24 01:27:52,319] Trial 99 finished with value: 0.0 and parameters: {'vwap_buy_deviation': -0.029729392397315986, 'take_profit_pct': 0.02190841440020855, 'buy_confirm_min_score': 29, 'notify_sell_threshold': 69, 'notify_buy_threshold': 44}. Best is trial 96 with value: 12.0222.
Best trial: 96. Best value: 12.0222:  99%|█████████▉| 99/100 [2:52:57<01:43, 103.59s/it]Best trial: 96. Best value: 12.0222:  99%|█████████▉| 99/100 [2:52:57<01:43, 103.59s/it]Best trial: 96. Best value: 12.0222: 100%|██████████| 100/100 [2:52:57<00:00, 102.33s/it]Best trial: 96. Best value: 12.0222: 100%|██████████| 100/100 [2:52:57<00:00, 103.78s/it]

[Optuna] 最佳 composite_score = 12.0222, params = {'vwap_buy_deviation': -0.03129366956670661, 'take_profit_pct': 0.020595283143003986, 'buy_confirm_min_score': 30, 'notify_sell_threshold': 67, 'notify_buy_threshold': 40}

[最优参数] 训练集...

[基准对比] 默认参数在测试集...
  默认: wr=0.00% pnl=+0 composite=-9999.00

[邻域稳定性测试] 最优参数 ±5% 摇动...
  最优: -34.42
  邻域平均: -29.30
    vwap_buy_deviation=-0.0297 → composite=-34.42
    vwap_buy_deviation=-0.0329 → composite=-34.42
    take_profit_pct=0.0196 → composite=-43.24
    take_profit_pct=0.0216 → composite=-0.00
    buy_confirm_min_score=29 → composite=-34.42
  判定: [不稳定 孤岛参数风险]
[结果] -> E:\06_T\t_io\optimizer\best_params.json
[报告] E:\06_T\t_io\optimizer\optimizer_report.md

=======================================================
  寻优完成
=======================================================
  VWAP偏离买入阈值: -0.03129366956670661
  止盈比例: 0.020595283143003986
  买入确认最低分: 30
  卖出推送阈值: 67
  买入推送阈值: 40
  训练集综合得分: 12.02
  输出: E:\06_T\t_io\optimizer/
