Best trial: 0. Best value: -9999:  77%|███████▋  | 77/100 [4:05:30<1:09:39, 181.70s/it]Best trial: 0. Best value: -9999:  77%|███████▋  | 77/100 [4:05:30<1:09:39, 181.70s/it]Best trial: 0. Best value: -9999:  78%|███████▊  | 78/100 [4:05:30<1:08:48, 187                                                                                              [I 2026-07-24 15:35:16,132] Trial 78 finished with value: -9999.0 and parameters: {'vwap_buy_deviation': -0.029141192772075115, 'take_profit_pct': 0.008920004671103363, 'buy_confirm_min_score': 27, 'notify_sell_threshold': 48, 'notify_buy_threshold': 54, 'stock_qty_strong_pct': 0.27684540718761674, 'stock_qty_base_pct': 0.3811214769828124, 'stock_rebuild_strong_pct': 0.855557980785903, 'stock_first_add_pct': 0.17997849627751877}. Best is trial 0 with value: -9999.0.
Best trial: 0. Best value: -9999:  78%|███████▊  | 78/100 [4:08:42<1:08:48, 187.64s/it]Best trial: 0. Best value: -9999:  78%|███████▊  | 78/100 [4:08:42<1:08:48, 187.64s/it]Best trial: 0. Best value: -9999:  79%|███████▉  | 79/100 [4:08:42<1:06:09, 189                                                                                              [I 2026-07-24 15:38:57,595] Trial 79 finished with value: -9999.0 and parameters: {'vwap_buy_deviation': -0.02763761469752529, 'take_profit_pct': 0.013330932841618886, 'buy_confirm_min_score': 18, 'notify_sell_threshold': 68, 'notify_buy_threshold': 46, 'stock_qty_strong_pct': 0.3531694668579183, 'stock_qty_base_pct': 0.15706271816742748, 'stock_rebuild_strong_pct': 0.9774759424252433, 'stock_first_add_pct': 0.19373817511395855}. Best is trial 0 with value: -9999.0.
Best trial: 0. Best value: -9999:  79%|███████▉  | 79/100 [4:12:24<1:06:09, 189.03s/it]Best trial: 0. Best value: -9999:  79%|███████▉  | 79/100 [4:12:24<1:06:09, 189.03s/it]Best trial: 0. Best value: -9999:  80%|████████  | 80/100 [4:12:24<1:06:15, 198                                                                                              [I 2026-07-24 15:41:40,246] Trial 80 finished with value: -9999.0 and parameters: {'vwap_buy_deviation': -0.029886003083323332, 'take_profit_pct': 0.007648048573465997, 'buy_confirm_min_score': 25, 'notify_sell_threshold': 61, 'notify_buy_threshold': 44, 'stock_qty_strong_pct': 0.30008531411304995, 'stock_qty_base_pct': 0.19932641206342996, 'stock_rebuild_strong_pct': 0.9603092291580436, 'stock_first_add_pct': 0.3668577320031698}. Best is trial 0 with value: -9999.0.
Best trial: 0. Best value: -9999:  80%|████████  | 80/100 [4:15:06<1:06:15, 198.76s/it]Best trial: 0. Best value: -9999:  80%|████████  | 80/100 [4:15:06<1:06:15, 198.76s/it]Best trial: 0. Best value: -9999:  81%|████████  | 81/100 [4:15:06<59:30, 187.9                                                                                            [I 2026-07-24 15:44:22,126] Trial 81 finished with value: -9999.0 and parameters: {'vwap_buy_deviation': -0.025068236818213675, 'take_profit_pct': 0.024270388220645256, 'buy_confirm_min_score': 26, 'notify_sell_threshold': 65, 'notify_buy_threshold': 64, 'stock_qty_strong_pct': 0.2565443500289736, 'stock_qty_base_pct': 0.25136089311918985, 'stock_rebuild_strong_pct': 0.5573481479376872, 'stock_first_add_pct': 0.35645706354452494}. Best is trial 0 with value: -9999.0.
Best trial: 0. Best value: -9999:  81%|████████  | 81/100 [4:17:48<59:30, 187.93s/it]Best trial: 0. Best value: -9999:  81%|████████  | 81/100 [4:17:48<59:30, 187.93s/it]Best trial: 0. Best value: -9999:  82%|████████▏ | 82/100 [4:17:48<54:02, 180.11s/it]                                                                                     [I 2026-07-24 15:46:56,034] Trial 82 finished with value: -9999.0 and parameters: {'vwap_buy_deviation': -0.030932761184486856, 'take_profit_pct': 0.021400392530509633, 'buy_confirm_min_score': 29, 'notify_sell_threshold': 62, 'notify_buy_threshold': 65, 'stock_qty_strong_pct': 0.291363442234226, 'stock_qty_base_pct': 0.23829056853212194, 'stock_rebuild_strong_pct': 0.6101333733713489, 'stock_first_add_pct': 0.3455627812426142}. Best is trial 0 with value: -9999.0.
Best trial: 0. Best value: -9999:  82%|████████▏ | 82/100 [4:20:22<54:02, 180.11s/it]Best trial: 0. Best value: -9999:  82%|████████▏ | 82/100 [4:20:22<54:02, 180.11s/it]Best trial: 0. Best value: -9999:  83%|████████▎ | 83/100 [4:20:22<48:48, 172.25s/it]                                                                                     [I 2026-07-24 15:49:44,941] Trial 83 finished with value: -9999.0 and parameters: {'vwap_buy_deviation': -0.021646649351046456, 'take_profit_pct': 0.02286743795916671, 'buy_confirm_min_score': 25, 'notify_sell_threshold': 63, 'notify_buy_threshold': 62, 'stock_qty_strong_pct': 0.313176714108218, 'stock_qty_base_pct': 0.22830104331445197, 'stock_rebuild_strong_pct': 0.5839643753353753, 'stock_first_add_pct': 0.3229582148012446}. Best is trial 0 with value: -9999.0.
Best trial: 0. Best value: -9999:  83%|████████▎ | 83/100 [4:23:11<48:48, 172.25s/it]Best trial: 0. Best value: -9999:  83%|████████▎ | 83/100 [4:23:11<48:48, 172.25s/it]Best trial: 0. Best value: -9999:  84%|████████▍ | 84/100 [4:23:11<45:39, 171.25s/it]                                                                                     [I 2026-07-24 15:52:35,601] Trial 84 finished with value: -9999.0 and parameters: {'vwap_buy_deviation': -0.03446338768029177, 'take_profit_pct': 0.019414099510721476, 'buy_confirm_min_score': 27, 'notify_sell_threshold': 66, 'notify_buy_threshold': 67, 'stock_qty_strong_pct': 0.268675611810217, 'stock_qty_base_pct': 0.3675407268264792, 'stock_rebuild_strong_pct': 0.5151332146380806, 'stock_first_add_pct': 0.21760472675936451}. Best is trial 0 with value: -9999.0.
Best trial: 0. Best value: -9999:  84%|████████▍ | 84/100 [4:26:02<45:39, 171.25s/it]Best trial: 0. Best value: -9999:  84%|████████▍ | 84/100 [4:26:02<45:39, 171.25s/it]Best trial: 0. Best value: -9999:  85%|████████▌ | 85/100 [4:26:02<42:46, 171.07s/it]                                                                                     [I 2026-07-24 15:56:02,468] Trial 85 finished with value: -9999.0 and parameters: {'vwap_buy_deviation': -0.02648451025191501, 'take_profit_pct': 0.006502124396888123, 'buy_confirm_min_score': 24, 'notify_sell_threshold': 58, 'notify_buy_threshold': 43, 'stock_qty_strong_pct': 0.2851731966916701, 'stock_qty_base_pct': 0.21792444852186857, 'stock_rebuild_strong_pct': 0.9363897960242522, 'stock_first_add_pct': 0.33598477428309914}. Best is trial 0 with value: -9999.0.
Best trial: 0. Best value: -9999:  85%|████████▌ | 85/100 [4:29:29<42:46, 171.07s/it]Best trial: 0. Best value: -9999:  85%|████████▌ | 85/100 [4:29:29<42:46, 171.07s/it]Best trial: 0. Best value: -9999:  86%|████████▌ | 86/100 [4:29:29<42:25, 181.84s/it]                                                                                     [I 2026-07-24 15:59:18,546] Trial 86 finished with value: -9999.0 and parameters: {'vwap_buy_deviation': -0.022200398964571707, 'take_profit_pct': 0.023641406923305443, 'buy_confirm_min_score': 26, 'notify_sell_threshold': 64, 'notify_buy_threshold': 66, 'stock_qty_strong_pct': 0.43599033984718744, 'stock_qty_base_pct': 0.16774167055390035, 'stock_rebuild_strong_pct': 0.9165227533285006, 'stock_first_add_pct': 0.25356591630537}. Best is trial 0 with value: -9999.0.
Best trial: 0. Best value: -9999:  86%|████████▌ | 86/100 [4:32:45<42:25, 181.84s/it]Best trial: 0. Best value: -9999:  86%|████████▌ | 86/100 [4:32:45<42:25, 181.84s/it]Best trial: 0. Best value: -9999:  87%|████████▋ | 87/100 [4:32:45<40:19, 186.08s/it]                                                                                     [I 2026-07-24 16:02:48,751] Trial 87 finished with value: -9999.0 and parameters: {'vwap_buy_deviation': -0.03247452876936865, 'take_profit_pct': 0.010700960931251906, 'buy_confirm_min_score': 30, 'notify_sell_threshold': 59, 'notify_buy_threshold': 47, 'stock_qty_strong_pct': 0.3272664402443822, 'stock_qty_base_pct': 0.332617934396364, 'stock_rebuild_strong_pct': 0.5018147869320647, 'stock_first_add_pct': 0.16107504889294144}. Best is trial 0 with value: -9999.0.
Best trial: 0. Best value: -9999:  87%|████████▋ | 87/100 [4:36:15<40:19, 186.08s/it]Best trial: 0. Best value: -9999:  87%|████████▋ | 87/100 [4:36:15<40:19, 186.08s/it]Best trial: 0. Best value: -9999:  88%|████████▊ | 88/100 [4:36:15<38:39, 193.32s/it]                                                                                     [I 2026-07-24 16:05:55,169] Trial 88 finished with value: -9999.0 and parameters: {'vwap_buy_deviation': -0.03499988345942899, 'take_profit_pct': 0.02225006052941431, 'buy_confirm_min_score': 20, 'notify_sell_threshold': 57, 'notify_buy_threshold': 70, 'stock_qty_strong_pct': 0.545786739164437, 'stock_qty_base_pct': 0.34993378590654295, 'stock_rebuild_strong_pct': 0.7694044132663003, 'stock_first_add_pct': 0.1468489000093484}. Best is trial 0 with value: -9999.0.
Best trial: 0. Best value: -9999:  88%|████████▊ | 88/100 [4:39:21<38:39, 193.32s/it]Best trial: 0. Best value: -9999:  88%|████████▊ | 88/100 [4:39:21<38:39, 193.32s/it]Best trial: 0. Best value: -9999:  89%|████████▉ | 89/100 [4:39:21<35:03, 191.25s/it]                                                                                     [I 2026-07-24 16:08:56,914] Trial 89 finished with value: -9999.0 and parameters: {'vwap_buy_deviation': -0.02348239373976916, 'take_profit_pct': 0.016136343210836457, 'buy_confirm_min_score': 22, 'notify_sell_threshold': 55, 'notify_buy_threshold': 62, 'stock_qty_strong_pct': 0.2757909461385782, 'stock_qty_base_pct': 0.27219048928217926, 'stock_rebuild_strong_pct': 0.6530766521092396, 'stock_first_add_pct': 0.3076252222801731}. Best is trial 0 with value: -9999.0.
Best trial: 0. Best value: -9999:  89%|████████▉ | 89/100 [4:42:23<35:03, 191.25s/it]Best trial: 0. Best value: -9999:  89%|████████▉ | 89/100 [4:42:23<35:03, 191.25s/it]Best trial: 0. Best value: -9999:  90%|█████████ | 90/100 [4:42:23<31:23, 188.40s/it]                                                                                     [I 2026-07-24 16:11:43,065] Trial 90 finished with value: -9999.0 and parameters: {'vwap_buy_deviation': -0.024466070671398218, 'take_profit_pct': 0.020615881515018235, 'buy_confirm_min_score': 23, 'notify_sell_threshold': 46, 'notify_buy_threshold': 59, 'stock_qty_strong_pct': 0.305006220850153, 'stock_qty_base_pct': 0.23576025244291438, 'stock_rebuild_strong_pct': 0.8418091670863999, 'stock_first_add_pct': 0.2753433829983043}. Best is trial 0 with value: -9999.0.
Best trial: 0. Best value: -9999:  90%|█████████ | 90/100 [4:45:09<31:23, 188.40s/it]Best trial: 0. Best value: -9999:  90%|█████████ | 90/100 [4:45:09<31:23, 188.40s/it]Best trial: 0. Best value: -9999:  91%|█████████ | 91/100 [4:45:09<27:15, 181.72s/it]                                                                                     [I 2026-07-24 16:14:29,407] Trial 91 finished with value: -9999.0 and parameters: {'vwap_buy_deviation': -0.02251242051089252, 'take_profit_pct': 0.010230085433878693, 'buy_confirm_min_score': 16, 'notify_sell_threshold': 54, 'notify_buy_threshold': 50, 'stock_qty_strong_pct': 0.4925837266947862, 'stock_qty_base_pct': 0.31485347566007005, 'stock_rebuild_strong_pct': 0.9893338204626335, 'stock_first_add_pct': 0.249350230397638}. Best is trial 0 with value: -9999.0.
Best trial: 0. Best value: -9999:  91%|█████████ | 91/100 [4:47:56<27:15, 181.72s/it]Best trial: 0. Best value: -9999:  91%|█████████ | 91/100 [4:47:56<27:15, 181.72s/it]Best trial: 0. Best value: -9999:  92%|█████████▏| 92/100 [4:47:56<23:36, 177.11s/it]                                                                                     [I 2026-07-24 16:17:00,837] Trial 92 finished with value: -9999.0 and parameters: {'vwap_buy_deviation': -0.015544098256204385, 'take_profit_pct': 0.011418710504003634, 'buy_confirm_min_score': 15, 'notify_sell_threshold': 48, 'notify_buy_threshold': 48, 'stock_qty_strong_pct': 0.5175161702550254, 'stock_qty_base_pct': 0.31028499555418637, 'stock_rebuild_strong_pct': 0.8898424014824879, 'stock_first_add_pct': 0.23925083903516803}. Best is trial 0 with value: -9999.0.
Best trial: 0. Best value: -9999:  92%|█████████▏| 92/100 [4:50:27<23:36, 177.11s/it]Best trial: 0. Best value: -9999:  92%|█████████▏| 92/100 [4:50:27<23:36, 177.11s/it]Best trial: 0. Best value: -9999:  93%|█████████▎| 93/100 [4:50:27<19:45, 169.41s/it]                                                                                     [I 2026-07-24 16:20:03,090] Trial 93 finished with value: -9999.0 and parameters: {'vwap_buy_deviation': -0.020307300516761124, 'take_profit_pct': 0.012425807612471246, 'buy_confirm_min_score': 16, 'notify_sell_threshold': 50, 'notify_buy_threshold': 52, 'stock_qty_strong_pct': 0.4174708185599392, 'stock_qty_base_pct': 0.29638254250850155, 'stock_rebuild_strong_pct': 0.9630524739692894, 'stock_first_add_pct': 0.2928334008021987}. Best is trial 0 with value: -9999.0.
Best trial: 0. Best value: -9999:  93%|█████████▎| 93/100 [4:57:38<21:26, 183.78s/it]Best trial: 0. Best value: -9999:  93%|█████████▎| 93/100 [4:57:38<21:26, 183.78s/it]Best trial: 0. Best value: -9999:  94%|█████████▍| 94/100 [4:57:38<18:54, 189.13s/it]                                                                                     [I 2026-07-24 16:23:16,428] Trial 94 finished with value: -9999.0 and parameters: {'vwap_buy_deviation': -0.021505598318813275, 'take_profit_pct': 0.011890306334186694, 'buy_confirm_min_score': 17, 'notify_sell_threshold': 52, 'notify_buy_threshold': 43, 'stock_qty_strong_pct': 0.46862817673479806, 'stock_qty_base_pct': 0.20771356835954724, 'stock_rebuild_strong_pct': 0.5456316760662565, 'stock_first_add_pct': 0.2608315353164537}. Best is trial 0 with value: -9999.0.
Best trial: 0. Best value: -9999:  94%|█████████▍| 94/100 [5:00:52<18:54, 189.13s/it]Best trial: 0. Best value: -9999:  94%|█████████▍| 94/100 [5:00:52<18:54, 189.13s/it]Best trial: 0. Best value: -9999:  95%|█████████▌| 95/100 [5:00:52<15:51, 190.39s/it]                                                                                     [I 2026-07-24 16:26:20,280] Trial 95 finished with value: -9999.0 and parameters: {'vwap_buy_deviation': -0.02813584274938981, 'take_profit_pct': 0.023986057025661537, 'buy_confirm_min_score': 21, 'notify_sell_threshold': 44, 'notify_buy_threshold': 42, 'stock_qty_strong_pct': 0.5996874360864384, 'stock_qty_base_pct': 0.15052913477548, 'stock_rebuild_strong_pct': 0.5983190008537451, 'stock_first_add_pct': 0.21871957249284746}. Best is trial 0 with value: -9999.0.
Best trial: 0. Best value: -9999:  95%|█████████▌| 95/100 [5:03:56<15:51, 190.39s/it]Best trial: 0. Best value: -9999:  95%|█████████▌| 95/100 [5:03:56<15:51, 190.39s/it]Best trial: 0. Best value: -9999:  96%|█████████▌| 96/100 [5:03:56<12:33, 188.43s/it]                                                                                     [I 2026-07-24 16:29:28,062] Trial 96 finished with value: -9999.0 and parameters: {'vwap_buy_deviation': -0.025998254907137246, 'take_profit_pct': 0.01755540938871038, 'buy_confirm_min_score': 15, 'notify_sell_threshold': 62, 'notify_buy_threshold': 51, 'stock_qty_strong_pct': 0.5635457562729314, 'stock_qty_base_pct': 0.3969370152320045, 'stock_rebuild_strong_pct': 0.9518703250409829, 'stock_first_add_pct': 0.37325238979550746}. Best is trial 0 with value: -9999.0.
Best trial: 0. Best value: -9999:  96%|█████████▌| 96/100 [5:07:03<12:33, 188.43s/it]Best trial: 0. Best value: -9999:  96%|█████████▌| 96/100 [5:07:03<12:33, 188.43s/it]Best trial: 0. Best value: -9999:  97%|█████████▋| 97/100 [5:07:03<09:24, 188.24s/it]                                                                                     [I 2026-07-24 16:32:44,168] Trial 97 finished with value: -9999.0 and parameters: {'vwap_buy_deviation': -0.019780099611553456, 'take_profit_pct': 0.005796326309589978, 'buy_confirm_min_score': 26, 'notify_sell_threshold': 60, 'notify_buy_threshold': 49, 'stock_qty_strong_pct': 0.4306563094741463, 'stock_qty_base_pct': 0.17594088833405025, 'stock_rebuild_strong_pct': 0.9751651928962978, 'stock_first_add_pct': 0.17764864713823414}. Best is trial 0 with value: -9999.0.
Best trial: 0. Best value: -9999:  97%|█████████▋| 97/100 [5:10:19<09:24, 188.24s/it]Best trial: 0. Best value: -9999:  97%|█████████▋| 97/100 [5:10:19<09:24, 188.24s/it]Best trial: 0. Best value: -9999:  98%|█████████▊| 98/100 [5:10:19<06:21, 190.60s/it]                                                                                     [I 2026-07-24 16:36:01,449] Trial 98 finished with value: -9999.0 and parameters: {'vwap_buy_deviation': -0.021045678145085477, 'take_profit_pct': 0.014453685747397155, 'buy_confirm_min_score': 18, 'notify_sell_threshold': 56, 'notify_buy_threshold': 44, 'stock_qty_strong_pct': 0.40527925918805763, 'stock_qty_base_pct': 0.38462070848334984, 'stock_rebuild_strong_pct': 0.5295556005631693, 'stock_first_add_pct': 0.34872845442669553}. Best is trial 0 with value: -9999.0.
Best trial: 0. Best value: -9999:  98%|█████████▊| 98/100 [5:13:37<06:21, 190.60s/it]Best trial: 0. Best value: -9999:  98%|█████████▊| 98/100 [5:13:37<06:21, 190.60s/it]Best trial: 0. Best value: -9999:  99%|█████████▉| 99/100 [5:13:37<03:12, 192.60s/it]                                                                                     [I 2026-07-24 16:39:21,833] Trial 99 finished with value: -9999.0 and parameters: {'vwap_buy_deviation': -0.02551340148889857, 'take_profit_pct': 0.012896113736303932, 'buy_confirm_min_score': 19, 'notify_sell_threshold': 46, 'notify_buy_threshold': 40, 'stock_qty_strong_pct': 0.25931547846089037, 'stock_qty_base_pct': 0.2901258412151294, 'stock_rebuild_strong_pct': 0.5705049515286611, 'stock_first_add_pct': 0.1305194257289038}. Best is trial 0 with value: -9999.0.
Best trial: 0. Best value: -9999:  99%|█████████▉| 99/100 [5:16:57<03:12, 192.60s/it]Best trial: 0. Best value: -9999:  99%|█████████▉| 99/100 [5:16:57<03:12, 192.60s/it]Best trial: 0. Best value: -9999: 100%|██████████| 100/100 [5:16:57<00:00, 194.94s/it]Best trial: 0. Best value: -9999: 100%|██████████| 100/100 [5:16:57<00:00, 190.18s/it]

[Optuna] 最佳 composite_score = -9999.0000, params = {'vwap_buy_deviation': -0.02750919762305275, 'take_profit_pct': 0.024014286128198326, 'buy_confirm_min_score': 26, 'notify_sell_threshold': 58, 'notify_buy_threshold': 44, 'stock_qty_strong_pct': 0.3045980821176709, 'stock_qty_base_pct': 0.16452090304204986, 'stock_rebuild_strong_pct': 0.9330880728874675, 'stock_first_add_pct': 0.2803345035229627}

[最优参数] 训练集...

[基准对比] 默认参数在测试集...
  默认: wr=0.00% pnl=+0 composite=-9999.00

[邻域稳定性测试] 最优参数 ±5% 摇动...
  最优: -9999.00
  邻域平均: -9999.00
    vwap_buy_deviation=-0.0261 → composite=-9999.00
    vwap_buy_deviation=-0.0289 → composite=-9999.00
    take_profit_pct=0.0228 → composite=-9999.00
    take_profit_pct=0.025 → composite=-9999.00
    buy_confirm_min_score=25 → composite=-9999.00
    buy_confirm_min_score=27 → composite=-9999.00
  判定: [不稳定 孤岛参数风险]
[结果] -> E:\06_T\t_io\optimizer\best_params.json
[报告] E:\06_T\t_io\optimizer\optimizer_report.md

=======================================================
  寻优完成
=======================================================
  VWAP偏离买入阈值: -0.02750919762305275
  止盈比例: 0.024014286128198326
  买入确认最低分: 26
  卖出推送阈值: 58
  买入推送阈值: 44
  强信号卖出比例: 0.3045980821176709
  中等信号卖出比例: 0.16452090304204986
  强信号接回比例: 0.9330880728874675
  首次加仓比例: 0.2803345035229627
  训练集综合得分: -9999.00
  输出: E:\06_T\t_io\optimizer/
izer/
