=======================================================

  参数寻优系统
=======================================================
  标的: 588170  方法: optuna  训练: 2025-06-01~2026-03-31
  [数据] 预处理 279 天收盘价索引
  [数据] 588170 2025-06-01~2026-03-31: 217 个交易日，检查缓存...
  [数据] 已缓存 202/217 天，缺失将在首次 trial 下载
  [数据] 588170 2026-04-01~2026-07-20: 79 个交易日，检查缓存...
  [数据] 已缓存 74/79 天，缺失将在首次 trial 下载

[基线] 默认参数...
  wr=0.00% trades=0 dd=0.00% composite=-9999.00
[I 2026-07-23 22:34:54,647] A new study created in memory with name: no-name-028faf8e-d6fc-4824-b2d8-c09c4d78f54d
  0%|          | 0/100 [00:00<?, ?it/s]                                       [I 2026-07-23 22:37:09,483] Trial 0 finished with value: -9999.0 and parameters: {'vwap_buy_deviation': -0.02750919762305275, 'take_profit_pct': 0.024014286128198326, 'buy_confirm_min_score': 26, 'notify_sell_threshold': 58, 'notify_buy_threshold': 44}. Best is trial 0 with value: -9999.0.
  0%|          | 0/100 [02:14<?, ?it/s]Best trial: 0. Best value: -9999:   0%|          | 0/100 [02:14<?, ?it/s]Best trial: 0. Best value: -9999:   1%|          | 1/100 [02:14<3:42:20, 134.75s/it]                                                                                    [I 2026-07-23 22:39:02,770] Trial 1 finished with value: -9999.0 and parameters: {'vwap_buy_deviation': -0.03188010959327595, 'take_profit_pct': 0.0061616722433639895, 'buy_confirm_min_score': 28, 'notify_sell_threshold': 58, 'notify_buy_threshold': 61}. Best is trial 0 with value: -9999.0.
Best trial: 0. Best value: -9999:   1%|          | 1/100 [04:08<3:42:20, 134.75s/it]Best trial: 0. Best value: -9999:   1%|          | 1/100 [04:08<3:42:20, 134.75s/it]Best trial: 0. Best value: -9999:   2%|▏         | 2/100 [04:08<3:19:28, 122.12s/it]                                                                                    [I 2026-07-23 22:40:47,378] Trial 2 finished with value: -9999.0 and parameters: {'vwap_buy_deviation': -0.034588310114083955, 'take_profit_pct': 0.024398197043239887, 'buy_confirm_min_score': 28, 'notify_sell_threshold': 46, 'notify_buy_threshold': 45}. Best is trial 0 with value: -9999.0.
Best trial: 0. Best value: -9999:   2%|▏         | 2/100 [05:52<3:19:28, 122.12s/it]Best trial: 0. Best value: -9999:   2%|▏         | 2/100 [05:52<3:19:28, 122.12s/it]Best trial: 0. Best value: -9999:   3%|▎         | 3/100 [05:52<3:04:30, 114.13s/it]                                                                                    [I 2026-07-23 22:42:28,541] Trial 3 finished with value: -9999.0 and parameters: {'vwap_buy_deviation': -0.031331909802931324, 'take_profit_pct': 0.011084844859190755, 'buy_confirm_min_score': 23, 'notify_sell_threshold': 53, 'notify_buy_threshold': 49}. Best is trial 0 with value: -9999.0.
Best trial: 0. Best value: -9999:   3%|▎         | 3/100 [07:33<3:04:30, 114.13s/it]Best trial: 0. Best value: -9999:   3%|▎         | 3/100 [07:33<3:04:30, 114.13s/it]Best trial: 0. Best value: -9999:   4%|▍         | 4/100 [07:33<2:54:24, 109.01s/it]                                                                                    [I 2026-07-23 22:44:08,987] Trial 4 finished with value: -9999.0 and parameters: {'vwap_buy_deviation': -0.022762942105552412, 'take_profit_pct': 0.007789877213040837, 'buy_confirm_min_score': 19, 'notify_sell_threshold': 51, 'notify_buy_threshold': 54}. Best is trial 0 with value: -9999.0.
Best trial: 0. Best value: -9999:   4%|▍         | 4/100 [09:14<2:54:24, 109.01s/it]Best trial: 0. Best value: -9999:   4%|▍         | 4/100 [09:14<2:54:24, 109.01s/it]Best trial: 0. Best value: -9999:   5%|▌         | 5/100 [09:14<2:47:42, 105.92s/it]                                                                                    [I 2026-07-23 22:45:50,642] Trial 5 finished with value: -9999.0 and parameters: {'vwap_buy_deviation': -0.01929648077213973, 'take_profit_pct': 0.008993475643167194, 'buy_confirm_min_score': 23, 'notify_sell_threshold': 58, 'notify_buy_threshold': 41}. Best is trial 0 with value: -9999.0.
Best trial: 0. Best value: -9999:   5%|▌         | 5/100 [10:55<2:47:42, 105.92s/it]Best trial: 0. Best value: -9999:   5%|▌         | 5/100 [10:55<2:47:42, 105.92s/it]Best trial: 0. Best value: -9999:   6%|▌         | 6/100 [10:55<2:43:40, 104.47s/it]                                                                                    [I 2026-07-23 22:47:43,249] Trial 6 finished with value: -9999.0 and parameters: {'vwap_buy_deviation': -0.022849102961971235, 'take_profit_pct': 0.008410482473745831, 'buy_confirm_min_score': 16, 'notify_sell_threshold': 69, 'notify_buy_threshold': 69}. Best is trial 0 with value: -9999.0.
Best trial: 0. Best value: -9999:   6%|▌         | 6/100 [12:48<2:43:40, 104.47s/it]Best trial: 0. Best value: -9999:   6%|▌         | 6/100 [12:48<2:43:40, 104.47s/it]Best trial: 0. Best value: -9999:   7%|▋         | 7/100 [12:48<2:46:03, 107.13s/it]                                                                                    [I 2026-07-23 22:49:26,731] Trial 7 finished with value: -9999.0 and parameters: {'vwap_buy_deviation': -0.018832053037670778, 'take_profit_pct': 0.011092275383467413, 'buy_confirm_min_score': 16, 'notify_sell_threshold': 61, 'notify_buy_threshold': 53}. Best is trial 0 with value: -9999.0.
Best trial: 0. Best value: -9999:   7%|▋         | 7/100 [14:31<2:46:03, 107.13s/it]Best trial: 0. Best value: -9999:   7%|▋         | 7/100 [14:31<2:46:03, 107.13s/it]Best trial: 0. Best value: -9999:   8%|▊         | 8/100 [14:31<2:42:29, 105.97s/it]                                                                                    [I 2026-07-23 22:51:25,109] Trial 8 finished with value: -9999.0 and parameters: {'vwap_buy_deviation': -0.03255923530310443, 'take_profit_pct': 0.014903538202225404, 'buy_confirm_min_score': 15, 'notify_sell_threshold': 68, 'notify_buy_threshold': 48}. Best is trial 0 with value: -9999.0.
Best trial: 0. Best value: -9999:   8%|▊         | 8/100 [16:30<2:42:29, 105.97s/it]Best trial: 0. Best value: -9999:   8%|▊         | 8/100 [16:30<2:42:29, 105.97s/it]Best trial: 0. Best value: -9999:   9%|▉         | 9/100 [16:30<2:46:36, 109.85s/it]                                                                                    [I 2026-07-23 22:53:27,308] Trial 9 finished with value: -9999.0 and parameters: {'vwap_buy_deviation': -0.02174955431292036, 'take_profit_pct': 0.01123422152178822, 'buy_confirm_min_score': 23, 'notify_sell_threshold': 56, 'notify_buy_threshold': 45}. Best is trial 0 with value: -9999.0.
Best trial: 0. Best value: -9999:   9%|▉         | 9/100 [18:32<2:46:36, 109.85s/it]Best trial: 0. Best value: -9999:   9%|▉         | 9/100 [18:32<2:46:36, 109.85s/it]Best trial: 0. Best value: -9999:  10%|█         | 10/100 [18:32<2:50:29, 113.66s/it]                                                                                     [I 2026-07-23 22:55:24,410] Trial 10 finished with value: -9999.0 and parameters: {'vwap_buy_deviation': -0.0267537052972587, 'take_profit_pct': 0.023053077538243514, 'buy_confirm_min_score': 30, 'notify_sell_threshold': 40, 'notify_buy_threshold': 69}. Best is trial 0 with value: -9999.0.
Best trial: 0. Best value: -9999:  10%|█         | 10/100 [20:29<2:50:29, 113.66s/it]Best trial: 0. Best value: -9999:  10%|█         | 10/100 [20:29<2:50:29, 113.66s/it]Best trial: 0. Best value: -9999:  11%|█         | 11/100 [20:29<2:50:09, 114.71s/it]                                                                                     [I 2026-07-23 22:57:16,814] Trial 11 finished with value: -9999.0 and parameters: {'vwap_buy_deviation': -0.028122649117739703, 'take_profit_pct': 0.018466439869818198, 'buy_confirm_min_score': 26, 'notify_sell_threshold': 63, 'notify_buy_threshold': 62}. Best is trial 0 with value: -9999.0.
Best trial: 0. Best value: -9999:  11%|█         | 11/100 [22:22<2:50:09, 114.71s/it]Best trial: 0. Best value: -9999:  11%|█         | 11/100 [22:22<2:50:09, 114.71s/it]Best trial: 0. Best value: -9999:  12%|█▏        | 12/100 [22:22<2:47:12, 114.01s/it]                                                                                     [I 2026-07-23 22:59:11,390] Trial 12 finished with value: -9999.0 and parameters: {'vwap_buy_deviation': -0.028118675749759542, 'take_profit_pct': 0.005429010435897479, 'buy_confirm_min_score': 26, 'notify_sell_threshold': 63, 'notify_buy_threshold': 59}. Best is trial 0 with value: -9999.0.
Best trial: 0. Best value: -9999:  12%|█▏        | 12/100 [24:16<2:47:12, 114.01s/it]Best trial: 0. Best value: -9999:  12%|█▏        | 12/100 [24:16<2:47:12, 114.01s/it]Best trial: 0. Best value: -9999:  13%|█▎        | 13/100 [24:16<2:45:33, 114.18s/it]                                                                                     [I 2026-07-23 23:01:09,513] Trial 13 finished with value: -9999.0 and parameters: {'vwap_buy_deviation': -0.03019866833722693, 'take_profit_pct': 0.020006108159079158, 'buy_confirm_min_score': 30, 'notify_sell_threshold': 51, 'notify_buy_threshold': 61}. Best is trial 0 with value: -9999.0.
Best trial: 0. Best value: -9999:  13%|█▎        | 13/100 [26:14<2:45:33, 114.18s/it]Best trial: 0. Best value: -9999:  13%|█▎        | 13/100 [26:14<2:45:33, 114.18s/it]Best trial: 0. Best value: -9999:  14%|█▍        | 14/100 [26:14<2:45:22, 115.37s/it]                                                                                     [I 2026-07-23 23:03:03,948] Trial 14 finished with value: -9999.0 and parameters: {'vwap_buy_deviation': -0.025283715690028605, 'take_profit_pct': 0.015555577860600639, 'buy_confirm_min_score': 26, 'notify_sell_threshold': 57, 'notify_buy_threshold': 56}. Best is trial 0 with value: -9999.0.
Best trial: 0. Best value: -9999:  14%|█▍        | 14/100 [28:09<2:45:22, 115.37s/it]Best trial: 0. Best value: -9999:  14%|█▍        | 14/100 [28:09<2:45:22, 115.37s/it]Best trial: 0. Best value: -9999:  15%|█▌        | 15/100 [28:09<2:43:02, 115.09s/it]                                                                                     [I 2026-07-23 23:04:53,391] Trial 15 finished with value: -9999.0 and parameters: {'vwap_buy_deviation': -0.01568610849116053, 'take_profit_pct': 0.020852842198156557, 'buy_confirm_min_score': 27, 'notify_sell_threshold': 47, 'notify_buy_threshold': 40}. Best is trial 0 with value: -9999.0.
Best trial: 0. Best value: -9999:  15%|█▌        | 15/100 [29:58<2:43:02, 115.09s/it]Best trial: 0. Best value: -9999:  15%|█▌        | 15/100 [29:58<2:43:02, 115.09s/it]Best trial: 0. Best value: -9999:  16%|█▌        | 16/100 [29:58<2:38:44, 113.39s/it]                                                                                     [I 2026-07-23 23:06:34,097] Trial 16 finished with value: -9999.0 and parameters: {'vwap_buy_deviation': -0.03493595415803785, 'take_profit_pct': 0.01584112404446857, 'buy_confirm_min_score': 21, 'notify_sell_threshold': 60, 'notify_buy_threshold': 65}. Best is trial 0 with value: -9999.0.
Best trial: 0. Best value: -9999:  16%|█▌        | 16/100 [31:39<2:38:44, 113.39s/it]Best trial: 0. Best value: -9999:  16%|█▌        | 16/100 [31:39<2:38:44, 113.39s/it]Best trial: 0. Best value: -9999:  17%|█▋        | 17/100 [31:39<2:31:34, 109.58s/it]                                                                                     [I 2026-07-23 23:08:18,057] Trial 17 finished with value: -9999.0 and parameters: {'vwap_buy_deviation': -0.030294949670044046, 'take_profit_pct': 0.0052628063143561644, 'buy_confirm_min_score': 28, 'notify_sell_threshold': 66, 'notify_buy_threshold': 51}. Best is trial 0 with value: -9999.0.
Best trial: 0. Best value: -9999:  17%|█▋        | 17/100 [33:23<2:31:34, 109.58s/it]Best trial: 0. Best value: -9999:  17%|█▋        | 17/100 [33:23<2:31:34, 109.58s/it]Best trial: 0. Best value: -9999:  18%|█▊        | 18/100 [33:23<2:27:26, 107.89s/it]                                                                                     [I 2026-07-23 23:09:56,612] Trial 18 finished with value: -9999.0 and parameters: {'vwap_buy_deviation': -0.025950903482428372, 'take_profit_pct': 0.01802455862084599, 'buy_confirm_min_score': 25, 'notify_sell_threshold': 54, 'notify_buy_threshold': 57}. Best is trial 0 with value: -9999.0.
Best trial: 0. Best value: -9999:  18%|█▊        | 18/100 [35:01<2:27:26, 107.89s/it]Best trial: 0. Best value: -9999:  18%|█▊        | 18/100 [35:01<2:27:26, 107.89s/it]Best trial: 0. Best value: -9999:  19%|█▉        | 19/100 [35:01<2:21:51, 105.09s/it]                                                                                     [I 2026-07-23 23:11:22,411] Trial 19 finished with value: -9999.0 and parameters: {'vwap_buy_deviation': -0.03265038251570361, 'take_profit_pct': 0.01413143216232449, 'buy_confirm_min_score': 24, 'notify_sell_threshold': 47, 'notify_buy_threshold': 65}. Best is trial 0 with value: -9999.0.
Best trial: 0. Best value: -9999:  19%|█▉        | 19/100 [36:27<2:21:51, 105.09s/it]Best trial: 0. Best value: -9999:  19%|█▉        | 19/100 [36:27<2:21:51, 105.09s/it]Best trial: 0. Best value: -9999:  20%|██        | 20/100 [36:27<2:12:23, 99.29s/it]                                                                                     [I 2026-07-23 23:12:49,368] Trial 20 finished with value: -9999.0 and parameters: {'vwap_buy_deviation': -0.02859047579291711, 'take_profit_pct': 0.022258546437065062, 'buy_confirm_min_score': 29, 'notify_sell_threshold': 64, 'notify_buy_threshold': 43}. Best is trial 0 with value: -9999.0.
Best trial: 0. Best value: -9999:  20%|██        | 20/100 [37:54<2:12:23, 99.29s/it]Best trial: 0. Best value: -9999:  20%|██        | 20/100 [37:54<2:12:23, 99.29s/it]Best trial: 0. Best value: -9999:  21%|██        | 21/100 [37:54<2:05:51, 95.59s/it]                                                                                    [I 2026-07-23 23:14:26,527] Trial 21 finished with value: -9999.0 and parameters: {'vwap_buy_deviation': -0.03458172867033192, 'take_profit_pct': 0.024428379540721683, 'buy_confirm_min_score': 28, 'notify_sell_threshold': 40, 'notify_buy_threshold': 46}. Best is trial 0 with value: -9999.0.
Best trial: 0. Best value: -9999:  21%|██        | 21/100 [39:31<2:05:51, 95.59s/it]Best trial: 0. Best value: -9999:  21%|██        | 21/100 [39:31<2:05:51, 95.59s/it]Best trial: 0. Best value: -9999:  22%|██▏       | 22/100 [39:31<2:04:52, 96.06s/it]                                                                                    [I 2026-07-23 23:15:58,017] Trial 22 finished with value: -9999.0 and parameters: {'vwap_buy_deviation': -0.03320788487108102, 'take_profit_pct': 0.024635802817900197, 'buy_confirm_min_score': 28, 'notify_sell_threshold': 45, 'notify_buy_threshold': 44}. Best is trial 0 with value: -9999.0.
Best trial: 0. Best value: -9999:  22%|██▏       | 22/100 [41:03<2:04:52, 96.06s/it]Best trial: 0. Best value: -9999:  22%|██▏       | 22/100 [41:03<2:04:52, 96.06s/it]Best trial: 0. Best value: -9999:  23%|██▎       | 23/100 [41:03<2:01:31, 94.69s/it]                                                                                    [I 2026-07-23 23:17:27,522] Trial 23 finished with value: -9999.0 and parameters: {'vwap_buy_deviation': -0.031222282803186112, 'take_profit_pct': 0.022412243895695818, 'buy_confirm_min_score': 27, 'notify_sell_threshold': 44, 'notify_buy_threshold': 48}. Best is trial 0 with value: -9999.0.
Best trial: 0. Best value: -9999:  23%|██▎       | 23/100 [42:32<2:01:31, 94.69s/it]Best trial: 0. Best value: -9999:  23%|██▎       | 23/100 [42:32<2:01:31, 94.69s/it]Best trial: 0. Best value: -9999:  24%|██▍       | 24/100 [42:32<1:57:58, 93.13s/it]                                                                                    [I 2026-07-23 23:18:58,663] Trial 24 finished with value: -9999.0 and parameters: {'vwap_buy_deviation': -0.0336710624195289, 'take_profit_pct': 0.02014258202614066, 'buy_confirm_min_score': 29, 'notify_sell_threshold': 50, 'notify_buy_threshold': 51}. Best is trial 0 with value: -9999.0.
Best trial: 0. Best value: -9999:  24%|██▍       | 24/100 [44:03<1:57:58, 93.13s/it]Best trial: 0. Best value: -9999:  24%|██▍       | 24/100 [44:03<1:57:58, 93.13s/it]Best trial: 0. Best value: -9999:  25%|██▌       | 25/100 [44:03<1:55:40, 92.54s/it]                                                                                    [I 2026-07-23 23:20:28,658] Trial 25 finished with value: -9999.0 and parameters: {'vwap_buy_deviation': -0.030035731548377912, 'take_profit_pct': 0.013292835817273438, 'buy_confirm_min_score': 25, 'notify_sell_threshold': 60, 'notify_buy_threshold': 42}. Best is trial 0 with value: -9999.0.
Best trial: 0. Best value: -9999:  25%|██▌       | 25/100 [45:33<1:55:40, 92.54s/it]Best trial: 0. Best value: -9999:  25%|██▌       | 25/100 [45:33<1:55:40, 92.54s/it]Best trial: 0. Best value: -9999:  26%|██▌       | 26/100 [45:33<1:53:11, 91.77s/it]                                                                                    [I 2026-07-23 23:22:12,854] Trial 26 finished with value: -9999.0 and parameters: {'vwap_buy_deviation': -0.03175841339414387, 'take_profit_pct': 0.01699072570230705, 'buy_confirm_min_score': 21, 'notify_sell_threshold': 55, 'notify_buy_threshold': 46}. Best is trial 0 with value: -9999.0.
Best trial: 0. Best value: -9999:  26%|██▌       | 26/100 [47:18<1:53:11, 91.77s/it]Best trial: 0. Best value: -9999:  26%|██▌       | 26/100 [47:18<1:53:11, 91.77s/it]Best trial: 0. Best value: -9999:  27%|██▋       | 27/100 [47:18<1:56:11, 95.50s/it]                                                                                    [I 2026-07-23 23:23:57,886] Trial 27 finished with value: -9999.0 and parameters: {'vwap_buy_deviation': -0.02888717728092658, 'take_profit_pct': 0.02492482219171689, 'buy_confirm_min_score': 27, 'notify_sell_threshold': 43, 'notify_buy_threshold': 66}. Best is trial 0 with value: -9999.0.
Best trial: 0. Best value: -9999:  27%|██▋       | 27/100 [49:03<1:56:11, 95.50s/it]Best trial: 0. Best value: -9999:  27%|██▋       | 27/100 [49:03<1:56:11, 95.50s/it]Best trial: 0. Best value: -9999:  28%|██▊       | 28/100 [49:03<1:58:01, 98.36s/it]                                                                                    [I 2026-07-23 23:25:44,685] Trial 28 finished with value: -9999.0 and parameters: {'vwap_buy_deviation': -0.023952674900556123, 'take_profit_pct': 0.02103864223682756, 'buy_confirm_min_score': 29, 'notify_sell_threshold': 48, 'notify_buy_threshold': 52}. Best is trial 0 with value: -9999.0.
Best trial: 0. Best value: -9999:  28%|██▊       | 28/100 [50:49<1:58:01, 98.36s/it]Best trial: 0. Best value: -9999:  28%|██▊       | 28/100 [50:49<1:58:01, 98.36s/it]Best trial: 0. Best value: -9999:  29%|██▉       | 29/100 [50:49<1:59:23, 100.89s/it]                                                                                     [I 2026-07-23 23:27:24,150] Trial 29 finished with value: -9999.0 and parameters: {'vwap_buy_deviation': -0.03118627998950049, 'take_profit_pct': 0.02340171563411345, 'buy_confirm_min_score': 25, 'notify_sell_threshold': 53, 'notify_buy_threshold': 49}. Best is trial 0 with value: -9999.0.
Best trial: 0. Best value: -9999:  29%|██▉       | 29/100 [52:29<1:59:23, 100.89s/it]Best trial: 0. Best value: -9999:  29%|██▉       | 29/100 [52:29<1:59:23, 100.89s/it]Best trial: 0. Best value: -9999:  30%|███       | 30/100 [52:29<1:57:12, 100.46s/it]                                                                                     [I 2026-07-23 23:29:09,008] Trial 30 finished with value: -9999.0 and parameters: {'vwap_buy_deviation': -0.026814702272544143, 'take_profit_pct': 0.013249097209046901, 'buy_confirm_min_score': 21, 'notify_sell_threshold': 59, 'notify_buy_threshold': 56}. Best is trial 0 with value: -9999.0.
Best trial: 0. Best value: -9999:  30%|███       | 30/100 [54:14<1:57:12, 100.46s/it]Best trial: 0. Best value: -9999:  30%|███       | 30/100 [54:14<1:57:12, 100.46s/it]Best trial: 0. Best value: -9999:  31%|███       | 31/100 [54:14<1:57:02, 101.78s/it]                                                                                     [I 2026-07-23 23:30:56,250] Trial 31 finished with value: -9999.0 and parameters: {'vwap_buy_deviation': -0.03400136989722637, 'take_profit_pct': 0.006887972358536432, 'buy_confirm_min_score': 19, 'notify_sell_threshold': 53, 'notify_buy_threshold': 47}. Best is trial 0 with value: -9999.0.
Best trial: 0. Best value: -9999:  31%|███       | 31/100 [56:01<1:57:02, 101.78s/it]Best trial: 0. Best value: -9999:  31%|███       | 31/100 [56:01<1:57:02, 101.78s/it]Best trial: 0. Best value: -9999:  32%|███▏      | 32/100 [56:01<1:57:12, 103.42s/it]                                                                                     [I 2026-07-23 23:32:40,440] Trial 32 finished with value: -9999.0 and parameters: {'vwap_buy_deviation': -0.032294507161425484, 'take_profit_pct': 0.010528019173636565, 'buy_confirm_min_score': 23, 'notify_sell_threshold': 51, 'notify_buy_threshold': 50}. Best is trial 0 with value: -9999.0.
Best trial: 0. Best value: -9999:  32%|███▏      | 32/100 [57:45<1:57:12, 103.42s/it]Best trial: 0. Best value: -9999:  32%|███▏      | 32/100 [57:45<1:57:12, 103.42s/it]Best trial: 0. Best value: -9999:  33%|███▎      | 33/100 [57:45<1:55:44, 103.65s/it]                                                                                     [I 2026-07-23 23:34:24,394] Trial 33 finished with value: -9999.0 and parameters: {'vwap_buy_deviation': -0.02959018162892506, 'take_profit_pct': 0.009496126589507685, 'buy_confirm_min_score': 24, 'notify_sell_threshold': 57, 'notify_buy_threshold': 42}. Best is trial 0 with value: -9999.0.
