Best trial: 34. Best value: 34.4952:  51%|█████     | 51/100 [2:33:34<2:27:18, 180.39s/it]Best trial: 34. Best value: 34.4952:  51%|█████     | 51/100 [2:33:34<2:27:18, 180.39s/it]Best trial: 34. Best value: 34.4952:  52%|█████▏    | 52/100 [2:33:34<2:23:52, 179.84s/it]                                                                                          [I 2026-07-25 00:22:35,767] Trial 52 finished with value: 31.4259 and parameters: {'vwap_buy_deviation': -0.023688166163775583, 'take_profit_pct': 0.011405514460518339, 'buy_confirm_min_score': 27, 'notify_sell_threshold': 54, 'notify_buy_threshold': 54, 'stock_qty_strong_pct': 0.4100597776278409, 'stock_qty_base_pct': 0.2914144412012898, 'stock_rebuild_strong_pct': 0.5601923124090065, 'stock_first_add_pct': 0.24416412662698225}. Best is trial 34 with value: 34.4952.
Best trial: 34. Best value: 34.4952:  52%|█████▏    | 52/100 [2:36:34<2:23:52, 179.84s/it]Best trial: 34. Best value: 34.4952:  52%|█████▏    | 52/100 [2:36:34<2:23:52, 179.84s/it]Best trial: 34. Best value: 34.4952:  53%|█████▎    | 53/100 [2:36:34<2:20:53, 179.85s/it]                                                                                          [I 2026-07-25 00:25:33,501] Trial 53 finished with value: -100.0128 and parameters: {'vwap_buy_deviation': -0.025975922745428138, 'take_profit_pct': 0.024064607911539096, 'buy_confirm_min_score': 29, 'notify_sell_threshold': 52, 'notify_buy_threshold': 56, 'stock_qty_strong_pct': 0.38793871798559526, 'stock_qty_base_pct': 0.35312764094056726, 'stock_rebuild_strong_pct': 0.6089769813171679, 'stock_first_add_pct': 0.30473228989316886}. Best is trial 34 with value: 34.4952.
Best trial: 34. Best value: 34.4952:  53%|█████▎    | 53/100 [2:39:32<2:20:53, 179.85s/it]Best trial: 34. Best value: 34.4952:  53%|█████▎    | 53/100 [2:39:32<2:20:53, 179.85s/it]Best trial: 34. Best value: 34.4952:  54%|█████▍    | 54/100 [2:39:32<2:17:23, 179.22s/it]                                                                                          [I 2026-07-25 00:28:30,061] Trial 54 finished with value: -100.0124 and parameters: {'vwap_buy_deviation': -0.022829874613052612, 'take_profit_pct': 0.010110094484144239, 'buy_confirm_min_score': 27, 'notify_sell_threshold': 48, 'notify_buy_threshold': 70, 'stock_qty_strong_pct': 0.3546325513527906, 'stock_qty_base_pct': 0.3341281109395156, 'stock_rebuild_strong_pct': 0.5680129385836418, 'stock_first_add_pct': 0.24958698173561766}. Best is trial 34 with value: 34.4952.
Best trial: 34. Best value: 34.4952:  54%|█████▍    | 54/100 [2:42:28<2:17:23, 179.22s/it]Best trial: 34. Best value: 34.4952:  54%|█████▍    | 54/100 [2:42:28<2:17:23, 179.22s/it]Best trial: 34. Best value: 34.4952:  55%|█████▌    | 55/100 [2:42:28<2:13:48, 178.42s/it]                                                                                          [I 2026-07-25 00:31:28,794] Trial 55 finished with value: 0.0 and parameters: {'vwap_buy_deviation': -0.0280189748815723, 'take_profit_pct': 0.014945115981507306, 'buy_confirm_min_score': 26, 'notify_sell_threshold': 59, 'notify_buy_threshold': 58, 'stock_qty_strong_pct': 0.4206771036644383, 'stock_qty_base_pct': 0.32247595437778975, 'stock_rebuild_strong_pct': 0.5368307626830712, 'stock_first_add_pct': 0.22334348251408376}. Best is trial 34 with value: 34.4952.
Best trial: 34. Best value: 34.4952:  55%|█████▌    | 55/100 [2:45:27<2:13:48, 178.42s/it]Best trial: 34. Best value: 34.4952:  55%|█████▌    | 55/100 [2:45:27<2:13:48, 178.42s/it]Best trial: 34. Best value: 34.4952:  56%|█████▌    | 56/100 [2:45:27<2:10:54, 178.51s/it]                                                                                          [I 2026-07-25 00:34:27,946] Trial 56 finished with value: -100.0128 and parameters: {'vwap_buy_deviation': -0.022076135722619794, 'take_profit_pct': 0.012045442366795122, 'buy_confirm_min_score': 23, 'notify_sell_threshold': 52, 'notify_buy_threshold': 53, 'stock_qty_strong_pct': 0.39029991255406277, 'stock_qty_base_pct': 0.34215983312321946, 'stock_rebuild_strong_pct': 0.657601831778107, 'stock_first_add_pct': 0.2601348469275256}. Best is trial 34 with value: 34.4952.
Best trial: 34. Best value: 34.4952:  56%|█████▌    | 56/100 [2:48:26<2:10:54, 178.51s/it]Best trial: 34. Best value: 34.4952:  56%|█████▌    | 56/100 [2:48:26<2:10:54, 178.51s/it]Best trial: 34. Best value: 34.4952:  57%|█████▋    | 57/100 [2:48:26<2:08:04, 178.71s/it]                                                                                          [I 2026-07-25 00:37:26,932] Trial 57 finished with value: 0.0 and parameters: {'vwap_buy_deviation': -0.025114828000972235, 'take_profit_pct': 0.010954361224239694, 'buy_confirm_min_score': 26, 'notify_sell_threshold': 54, 'notify_buy_threshold': 57, 'stock_qty_strong_pct': 0.25494112977588446, 'stock_qty_base_pct': 0.3895094527291575, 'stock_rebuild_strong_pct': 0.5917092722298344, 'stock_first_add_pct': 0.23386894044788795}. Best is trial 34 with value: 34.4952.
Best trial: 34. Best value: 34.4952:  57%|█████▋    | 57/100 [2:51:25<2:08:04, 178.71s/it]Best trial: 34. Best value: 34.4952:  57%|█████▋    | 57/100 [2:51:25<2:08:04, 178.71s/it]Best trial: 34. Best value: 34.4952:  58%|█████▊    | 58/100 [2:51:25<2:05:09, 178.79s/it]                                                                                          [I 2026-07-25 00:40:22,697] Trial 58 finished with value: 34.2995 and parameters: {'vwap_buy_deviation': -0.023892807230646483, 'take_profit_pct': 0.022487135009146612, 'buy_confirm_min_score': 28, 'notify_sell_threshold': 57, 'notify_buy_threshold': 53, 'stock_qty_strong_pct': 0.3653075563352575, 'stock_qty_base_pct': 0.30865987685519924, 'stock_rebuild_strong_pct': 0.5009269017955762, 'stock_first_add_pct': 0.27413522290165404}. Best is trial 34 with value: 34.4952.
Best trial: 34. Best value: 34.4952:  58%|█████▊    | 58/100 [2:54:21<2:05:09, 178.79s/it]Best trial: 34. Best value: 34.4952:  58%|█████▊    | 58/100 [2:54:21<2:05:09, 178.79s/it]Best trial: 34. Best value: 34.4952:  59%|█████▉    | 59/100 [2:54:21<2:01:33, 177.88s/it]                                                                                          [I 2026-07-25 00:43:23,440] Trial 59 finished with value: 18.9683 and parameters: {'vwap_buy_deviation': -0.023594925871942174, 'take_profit_pct': 0.022828576568022816, 'buy_confirm_min_score': 29, 'notify_sell_threshold': 57, 'notify_buy_threshold': 48, 'stock_qty_strong_pct': 0.44289563517565456, 'stock_qty_base_pct': 0.30724085195316336, 'stock_rebuild_strong_pct': 0.5037973921606083, 'stock_first_add_pct': 0.22932209150422755}. Best is trial 34 with value: 34.4952.
Best trial: 34. Best value: 34.4952:  59%|█████▉    | 59/100 [2:57:22<2:01:33, 177.88s/it]Best trial: 34. Best value: 34.4952:  59%|█████▉    | 59/100 [2:57:22<2:01:33, 177.88s/it]Best trial: 34. Best value: 34.4952:  60%|██████    | 60/100 [2:57:22<1:59:09, 178.74s/it]                                                                                          [I 2026-07-25 00:46:35,662] Trial 60 finished with value: 0.0 and parameters: {'vwap_buy_deviation': -0.021332548255752905, 'take_profit_pct': 0.018267207630484925, 'buy_confirm_min_score': 28, 'notify_sell_threshold': 62, 'notify_buy_threshold': 66, 'stock_qty_strong_pct': 0.32621166128781864, 'stock_qty_base_pct': 0.2780163321329326, 'stock_rebuild_strong_pct': 0.5675992372213181, 'stock_first_add_pct': 0.2771274541673664}. Best is trial 34 with value: 34.4952.
Best trial: 34. Best value: 34.4952:  60%|██████    | 60/100 [3:00:34<1:59:09, 178.74s/it]Best trial: 34. Best value: 34.4952:  60%|██████    | 60/100 [3:00:34<1:59:09, 178.74s/it]Best trial: 34. Best value: 34.4952:  61%|██████    | 61/100 [3:00:34<1:58:48, 182.79s/it]                                                                                          [I 2026-07-25 00:49:57,210] Trial 61 finished with value: 34.2995 and parameters: {'vwap_buy_deviation': -0.026574710915421892, 'take_profit_pct': 0.01905363625553644, 'buy_confirm_min_score': 29, 'notify_sell_threshold': 57, 'notify_buy_threshold': 53, 'stock_qty_strong_pct': 0.361416563555343, 'stock_qty_base_pct': 0.29549908694985516, 'stock_rebuild_strong_pct': 0.5254327987432996, 'stock_first_add_pct': 0.29174584272338355}. Best is trial 34 with value: 34.4952.
Best trial: 34. Best value: 34.4952:  61%|██████    | 61/100 [3:03:55<1:58:48, 182.79s/it]Best trial: 34. Best value: 34.4952:  61%|██████    | 61/100 [3:03:55<1:58:48, 182.79s/it]Best trial: 34. Best value: 34.4952:  62%|██████▏   | 62/100 [3:03:55<1:59:19, 188.41s/it]                                                                                          [I 2026-07-25 00:52:59,244] Trial 62 finished with value: 34.2995 and parameters: {'vwap_buy_deviation': -0.02402458101370777, 'take_profit_pct': 0.020990064592965933, 'buy_confirm_min_score': 29, 'notify_sell_threshold': 57, 'notify_buy_threshold': 53, 'stock_qty_strong_pct': 0.3613020838125456, 'stock_qty_base_pct': 0.2917908545773781, 'stock_rebuild_strong_pct': 0.5186011208040237, 'stock_first_add_pct': 0.2944522806837922}. Best is trial 34 with value: 34.4952.
Best trial: 34. Best value: 34.4952:  62%|██████▏   | 62/100 [3:06:57<1:59:19, 188.41s/it]Best trial: 34. Best value: 34.4952:  62%|██████▏   | 62/100 [3:06:57<1:59:19, 188.41s/it]Best trial: 34. Best value: 34.4952:  63%|██████▎   | 63/100 [3:06:57<1:55:00, 186.50s/it]                                                                                          [I 2026-07-25 00:55:58,994] Trial 63 finished with value: 25.4587 and parameters: {'vwap_buy_deviation': -0.026879888686991902, 'take_profit_pct': 0.020769635758541443, 'buy_confirm_min_score': 29, 'notify_sell_threshold': 57, 'notify_buy_threshold': 51, 'stock_qty_strong_pct': 0.35779819273871327, 'stock_qty_base_pct': 0.29431636191388405, 'stock_rebuild_strong_pct': 0.5239281242138629, 'stock_first_add_pct': 0.29628956264972406}. Best is trial 34 with value: 34.4952.
Best trial: 34. Best value: 34.4952:  63%|██████▎   | 63/100 [3:09:57<1:55:00, 186.50s/it]Best trial: 34. Best value: 34.4952:  63%|██████▎   | 63/100 [3:09:57<1:55:00, 186.50s/it]Best trial: 34. Best value: 34.4952:  64%|██████▍   | 64/100 [3:09:57<1:50:41, 184.47s/it]                                                                                          [I 2026-07-25 00:58:57,601] Trial 64 finished with value: 34.2995 and parameters: {'vwap_buy_deviation': -0.032343433743124365, 'take_profit_pct': 0.022281187347302635, 'buy_confirm_min_score': 30, 'notify_sell_threshold': 57, 'notify_buy_threshold': 53, 'stock_qty_strong_pct': 0.32533425828422574, 'stock_qty_base_pct': 0.2879507280436901, 'stock_rebuild_strong_pct': 0.5244843364926048, 'stock_first_add_pct': 0.34410057977532216}. Best is trial 34 with value: 34.4952.
Best trial: 34. Best value: 34.4952:  64%|██████▍   | 64/100 [3:12:56<1:50:41, 184.47s/it]Best trial: 34. Best value: 34.4952:  64%|██████▍   | 64/100 [3:12:56<1:50:41, 184.47s/it]Best trial: 34. Best value: 34.4952:  65%|██████▌   | 65/100 [3:12:56<1:46:35, 182.71s/it]                                                                                          [I 2026-07-25 01:02:03,803] Trial 65 finished with value: 13.3798 and parameters: {'vwap_buy_deviation': -0.03330248518093152, 'take_profit_pct': 0.024973749419298412, 'buy_confirm_min_score': 30, 'notify_sell_threshold': 59, 'notify_buy_threshold': 51, 'stock_qty_strong_pct': 0.29192224823168755, 'stock_qty_base_pct': 0.2564617503936078, 'stock_rebuild_strong_pct': 0.501929823578654, 'stock_first_add_pct': 0.3272539734358234}. Best is trial 34 with value: 34.4952.
Best trial: 34. Best value: 34.4952:  65%|██████▌   | 65/100 [3:16:02<1:46:35, 182.71s/it]Best trial: 34. Best value: 34.4952:  65%|██████▌   | 65/100 [3:16:02<1:46:35, 182.71s/it]Best trial: 34. Best value: 34.4952:  66%|██████▌   | 66/100 [3:16:02<1:44:07, 183.76s/it]                                                                                          [I 2026-07-25 01:05:02,182] Trial 66 finished with value: 10.4813 and parameters: {'vwap_buy_deviation': -0.034068330763346824, 'take_profit_pct': 0.021915555685387954, 'buy_confirm_min_score': 30, 'notify_sell_threshold': 59, 'notify_buy_threshold': 49, 'stock_qty_strong_pct': 0.34117732105879195, 'stock_qty_base_pct': 0.2805585761630647, 'stock_rebuild_strong_pct': 0.5196767754955579, 'stock_first_add_pct': 0.3694161197573153}. Best is trial 34 with value: 34.4952.
Best trial: 34. Best value: 34.4952:  66%|██████▌   | 66/100 [3:19:00<1:44:07, 183.76s/it]Best trial: 34. Best value: 34.4952:  66%|██████▌   | 66/100 [3:19:00<1:44:07, 183.76s/it]Best trial: 34. Best value: 34.4952:  67%|██████▋   | 67/100 [3:19:00<1:40:10, 182.15s/it]                                                                                          [I 2026-07-25 01:08:00,322] Trial 67 finished with value: 34.2995 and parameters: {'vwap_buy_deviation': -0.03138295319778712, 'take_profit_pct': 0.019893106459060013, 'buy_confirm_min_score': 28, 'notify_sell_threshold': 57, 'notify_buy_threshold': 53, 'stock_qty_strong_pct': 0.31808918790257623, 'stock_qty_base_pct': 0.28713624541876875, 'stock_rebuild_strong_pct': 0.5488968964479578, 'stock_first_add_pct': 0.3473219339350487}. Best is trial 34 with value: 34.4952.
Best trial: 34. Best value: 34.4952:  67%|██████▋   | 67/100 [3:21:58<1:40:10, 182.15s/it]Best trial: 34. Best value: 34.4952:  67%|██████▋   | 67/100 [3:21:58<1:40:10, 182.15s/it]Best trial: 34. Best value: 34.4952:  68%|██████▊   | 68/100 [3:21:58<1:36:30, 180.94s/it]                                                                                          [I 2026-07-25 01:10:58,593] Trial 68 finished with value: 19.2966 and parameters: {'vwap_buy_deviation': -0.03152190297071066, 'take_profit_pct': 0.019438371136977748, 'buy_confirm_min_score': 28, 'notify_sell_threshold': 57, 'notify_buy_threshold': 55, 'stock_qty_strong_pct': 0.3187657033579613, 'stock_qty_base_pct': 0.2860066789171872, 'stock_rebuild_strong_pct': 0.5492660129799636, 'stock_first_add_pct': 0.34492326003634977}. Best is trial 34 with value: 34.4952.
Best trial: 34. Best value: 34.4952:  68%|██████▊   | 68/100 [3:24:57<1:36:30, 180.94s/it]Best trial: 34. Best value: 34.4952:  68%|██████▊   | 68/100 [3:24:57<1:36:30, 180.94s/it]Best trial: 34. Best value: 34.4952:  69%|██████▉   | 69/100 [3:24:57<1:33:04, 180.14s/it]                                                                                          [I 2026-07-25 01:13:57,108] Trial 69 finished with value: 11.6503 and parameters: {'vwap_buy_deviation': -0.03189353646171319, 'take_profit_pct': 0.020590045967315045, 'buy_confirm_min_score': 29, 'notify_sell_threshold': 59, 'notify_buy_threshold': 50, 'stock_qty_strong_pct': 0.2917960495298948, 'stock_qty_base_pct': 0.2708107572337145, 'stock_rebuild_strong_pct': 0.5137262436186082, 'stock_first_add_pct': 0.3777787543249754}. Best is trial 34 with value: 34.4952.
Best trial: 34. Best value: 34.4952:  69%|██████▉   | 69/100 [3:27:55<1:33:04, 180.14s/it]Best trial: 34. Best value: 34.4952:  69%|██████▉   | 69/100 [3:27:55<1:33:04, 180.14s/it]Best trial: 34. Best value: 34.4952:  70%|███████   | 70/100 [3:27:55<1:29:49, 179.66s/it]                                                                                          [I 2026-07-25 01:17:03,001] Trial 70 finished with value: 0.0 and parameters: {'vwap_buy_deviation': -0.029253900633386034, 'take_profit_pct': 0.02233898579259728, 'buy_confirm_min_score': 28, 'notify_sell_threshold': 61, 'notify_buy_threshold': 56, 'stock_qty_strong_pct': 0.33443309822458667, 'stock_qty_base_pct': 0.23894268817030626, 'stock_rebuild_strong_pct': 0.9263624740944184, 'stock_first_add_pct': 0.33676011480102114}. Best is trial 34 with value: 34.4952.
Best trial: 34. Best value: 34.4952:  70%|███████   | 70/100 [3:31:01<1:29:49, 179.66s/it]Best trial: 34. Best value: 34.4952:  70%|███████   | 70/100 [3:31:01<1:29:49, 179.66s/it]Best trial: 34. Best value: 34.4952:  71%|███████   | 71/100 [3:31:01<1:27:44, 181.53s/it]                                                                                          [I 2026-07-25 01:20:02,436] Trial 71 finished with value: 33.7781 and parameters: {'vwap_buy_deviation': -0.03243461381548968, 'take_profit_pct': 0.019716727275993922, 'buy_confirm_min_score': 29, 'notify_sell_threshold': 55, 'notify_buy_threshold': 53, 'stock_qty_strong_pct': 0.36260081385635873, 'stock_qty_base_pct': 0.3131030342630434, 'stock_rebuild_strong_pct': 0.5374861426489745, 'stock_first_add_pct': 0.3573420178724018}. Best is trial 34 with value: 34.4952.
Best trial: 34. Best value: 34.4952:  71%|███████   | 71/100 [3:34:01<1:27:44, 181.53s/it]Best trial: 34. Best value: 34.4952:  71%|███████   | 71/100 [3:34:01<1:27:44, 181.53s/it]Best trial: 34. Best value: 34.4952:  72%|███████▏  | 72/100 [3:34:01<1:24:25, 180.90s/it]                                                                                          [I 2026-07-25 01:23:01,019] Trial 72 finished with value: 33.2357 and parameters: {'vwap_buy_deviation': -0.0323249369062534, 'take_profit_pct': 0.019409540360386068, 'buy_confirm_min_score': 29, 'notify_sell_threshold': 56, 'notify_buy_threshold': 53, 'stock_qty_strong_pct': 0.3184113479789826, 'stock_qty_base_pct': 0.31207402399102535, 'stock_rebuild_strong_pct': 0.552283373975089, 'stock_first_add_pct': 0.35464544061025205}. Best is trial 34 with value: 34.4952.
Best trial: 34. Best value: 34.4952:  72%|███████▏  | 72/100 [3:36:59<1:24:25, 180.90s/it]Best trial: 34. Best value: 34.4952:  72%|███████▏  | 72/100 [3:36:59<1:24:25, 180.90s/it]Best trial: 34. Best value: 34.4952:  73%|███████▎  | 73/100 [3:36:59<1:21:05, 180.20s/it]                                                                                          [I 2026-07-25 01:26:01,522] Trial 73 finished with value: 13.7914 and parameters: {'vwap_buy_deviation': -0.03161984916589217, 'take_profit_pct': 0.01955676875583552, 'buy_confirm_min_score': 29, 'notify_sell_threshold': 58, 'notify_buy_threshold': 52, 'stock_qty_strong_pct': 0.29897322162743034, 'stock_qty_base_pct': 0.31232180226194106, 'stock_rebuild_strong_pct': 0.5552050176305308, 'stock_first_add_pct': 0.35630610996717504}. Best is trial 34 with value: 34.4952.
Best trial: 34. Best value: 34.4952:  73%|███████▎  | 73/100 [3:40:00<1:21:05, 180.20s/it]Best trial: 34. Best value: 34.4952:  73%|███████▎  | 73/100 [3:40:00<1:21:05, 180.20s/it]Best trial: 34. Best value: 34.4952:  74%|███████▍  | 74/100 [3:40:00<1:18:07, 180.29s/it]                                                                                          [I 2026-07-25 01:28:59,554] Trial 74 finished with value: 0.0 and parameters: {'vwap_buy_deviation': -0.03257083429037595, 'take_profit_pct': 0.01847447768085412, 'buy_confirm_min_score': 30, 'notify_sell_threshold': 56, 'notify_buy_threshold': 55, 'stock_qty_strong_pct': 0.31172221595361754, 'stock_qty_base_pct': 0.29527587173451936, 'stock_rebuild_strong_pct': 0.520862235978766, 'stock_first_add_pct': 0.3824802603438213}. Best is trial 34 with value: 34.4952.
Best trial: 34. Best value: 34.4952:  74%|███████▍  | 74/100 [3:42:58<1:18:07, 180.29s/it]Best trial: 34. Best value: 34.4952:  74%|███████▍  | 74/100 [3:42:58<1:18:07, 180.29s/it]Best trial: 34. Best value: 34.4952:  75%|███████▌  | 75/100 [3:42:58<1:14:50, 179.61s/it]                                                                                          [I 2026-07-25 01:31:56,997] Trial 75 finished with value: 23.2499 and parameters: {'vwap_buy_deviation': -0.030551247368851998, 'take_profit_pct': 0.020170789552114803, 'buy_confirm_min_score': 29, 'notify_sell_threshold': 55, 'notify_buy_threshold': 50, 'stock_qty_strong_pct': 0.3642969549028531, 'stock_qty_base_pct': 0.2902065045807144, 'stock_rebuild_strong_pct': 0.5005992489991499, 'stock_first_add_pct': 0.3159131514873629}. Best is trial 34 with value: 34.4952.
Best trial: 34. Best value: 34.4952:  75%|███████▌  | 75/100 [3:45:55<1:14:50, 179.61s/it]Best trial: 34. Best value: 34.4952:  75%|███████▌  | 75/100 [3:45:55<1:14:50, 179.61s/it]Best trial: 34. Best value: 34.4952:  76%|███████▌  | 76/100 [3:45:55<1:11:35, 178.96s/it]                                                                                          [I 2026-07-25 01:34:57,618] Trial 76 finished with value: 13.7914 and parameters: {'vwap_buy_deviation': -0.03468146722363839, 'take_profit_pct': 0.01704613932712299, 'buy_confirm_min_score': 30, 'notify_sell_threshold': 58, 'notify_buy_threshold': 52, 'stock_qty_strong_pct': 0.3186148125360489, 'stock_qty_base_pct': 0.3115481033655401, 'stock_rebuild_strong_pct': 0.577554304292764, 'stock_first_add_pct': 0.35353194650467}. Best is trial 34 with value: 34.4952.
Best trial: 34. Best value: 34.4952:  76%|███████▌  | 76/100 [3:48:56<1:11:35, 178.96s/it]Best trial: 34. Best value: 34.4952:  76%|███████▌  | 76/100 [3:48:56<1:11:35, 178.96s/it]Best trial: 34. Best value: 34.4952:  77%|███████▋  | 77/100 [3:48:56<1:08:47, 179.46s/it]                                                                                          [I 2026-07-25 01:37:57,062] Trial 77 finished with value: -100.0132 and parameters: {'vwap_buy_deviation': -0.032977341058303786, 'take_profit_pct': 0.021321558297577755, 'buy_confirm_min_score': 28, 'notify_sell_threshold': 41, 'notify_buy_threshold': 51, 'stock_qty_strong_pct': 0.2692477075714955, 'stock_qty_base_pct': 0.2739032457529875, 'stock_rebuild_strong_pct': 0.5326943777067851, 'stock_first_add_pct': 0.3934486992135108}. Best is trial 34 with value: 34.4952.
