Best trial: 0. Best value: -9999:  51%|█████     | 51/100 [2:51:04<1:55:54, 141.94s/it]Best trial: 0. Best value: -9999:  51%|█████     | 51/100 [2:51:04<1:55:54, 141.94s/it]Best trial: 0. Best value: -9999:  52%|█████▏    | 52/100 [2:51:04<1:51:14, 139.05s/it]                                                                                       [I 2026-07-24 14:20:45,672] Trial 52 finished with value: -9999.0 and parameters: {'vwap_buy_deviation': -0.01838844214275954, 'take_profit_pct': 0.009923518644419926, 'buy_confirm_min_score': 25, 'notify_sell_threshold': 53, 'notify_buy_threshold': 70, 'stock_qty_strong_pct': 0.27154865664908134, 'stock_qty_base_pct': 0.34475740065696825, 'stock_rebuild_strong_pct': 0.6594364198927305, 'stock_first_add_pct': 0.3949004194900508}. Best is trial 0 with value: -9999.0.
Best trial: 0. Best value: -9999:  52%|█████▏    | 52/100 [2:54:12<1:51:14, 139.05s/it]Best trial: 0. Best value: -9999:  52%|█████▏    | 52/100 [2:54:12<1:51:14, 139.05s/it]Best trial: 0. Best value: -9999:  53%|█████▎    | 53/100 [2:54:12<2:00:23, 153.69s/it]                                                                                       [I 2026-07-24 14:23:48,726] Trial 53 finished with value: -9999.0 and parameters: {'vwap_buy_deviation': -0.02095226095994398, 'take_profit_pct': 0.014638220820783036, 'buy_confirm_min_score': 21, 'notify_sell_threshold': 54, 'notify_buy_threshold': 46, 'stock_qty_strong_pct': 0.5910477649023149, 'stock_qty_base_pct': 0.3606619901158705, 'stock_rebuild_strong_pct': 0.9829402652989475, 'stock_first_add_pct': 0.35458540951934353}. Best is trial 0 with value: -9999.0.
Best trial: 0. Best value: -9999:  53%|█████▎    | 53/100 [2:57:15<2:00:23, 153.69s/it]Best trial: 0. Best value: -9999:  53%|█████▎    | 53/100 [2:57:15<2:00:23, 153.69s/it]Best trial: 0. Best value: -9999:  54%|█████▍    | 54/100 [2:57:15<2:04:34, 162.50s/it]                                                                                       [I 2026-07-24 14:26:25,500] Trial 54 finished with value: -9999.0 and parameters: {'vwap_buy_deviation': -0.02390228556983412, 'take_profit_pct': 0.007497039590504916, 'buy_confirm_min_score': 23, 'notify_sell_threshold': 57, 'notify_buy_threshold': 41, 'stock_qty_strong_pct': 0.34297144278437425, 'stock_qty_base_pct': 0.38989284595936813, 'stock_rebuild_strong_pct': 0.9280797695160056, 'stock_first_add_pct': 0.2888272796637918}. Best is trial 0 with value: -9999.0.
Best trial: 0. Best value: -9999:  54%|█████▍    | 54/100 [2:59:52<2:04:34, 162.50s/it]Best trial: 0. Best value: -9999:  54%|█████▍    | 54/100 [2:59:52<2:04:34, 162.50s/it]Best trial: 0. Best value: -9999:  55%|█████▌    | 55/100 [2:59:52<2:00:35, 160.78s/it]                                                                                       [I 2026-07-24 14:28:50,668] Trial 55 finished with value: -9999.0 and parameters: {'vwap_buy_deviation': -0.026335450381794797, 'take_profit_pct': 0.008473894969020785, 'buy_confirm_min_score': 26, 'notify_sell_threshold': 59, 'notify_buy_threshold': 44, 'stock_qty_strong_pct': 0.3104570945793202, 'stock_qty_base_pct': 0.3385387544303947, 'stock_rebuild_strong_pct': 0.9072452006414612, 'stock_first_add_pct': 0.33931803968385377}. Best is trial 0 with value: -9999.0.
Best trial: 0. Best value: -9999:  55%|█████▌    | 55/100 [3:02:17<2:00:35, 160.78s/it]Best trial: 0. Best value: -9999:  55%|█████▌    | 55/100 [3:02:17<2:00:35, 160.78s/it]Best trial: 0. Best value: -9999:  56%|█████▌    | 56/100 [3:02:17<1:54:28, 156.10s/it]                                                                                       [I 2026-07-24 14:31:02,744] Trial 56 finished with value: -9999.0 and parameters: {'vwap_buy_deviation': -0.019529960718145573, 'take_profit_pct': 0.00563531755008588, 'buy_confirm_min_score': 27, 'notify_sell_threshold': 61, 'notify_buy_threshold': 48, 'stock_qty_strong_pct': 0.3708715104700614, 'stock_qty_base_pct': 0.30653647992857036, 'stock_rebuild_strong_pct': 0.852377862191484, 'stock_first_add_pct': 0.26133500239285506}. Best is trial 0 with value: -9999.0.
Best trial: 0. Best value: -9999:  56%|█████▌    | 56/100 [3:04:29<1:54:28, 156.10s/it]Best trial: 0. Best value: -9999:  56%|█████▌    | 56/100 [3:04:29<1:54:28, 156.10s/it]Best trial: 0. Best value: -9999:  57%|█████▋    | 57/100 [3:04:29<1:46:42, 148.89s/it]                                                                                       [I 2026-07-24 14:33:24,963] Trial 57 finished with value: -9999.0 and parameters: {'vwap_buy_deviation': -0.022571486924235128, 'take_profit_pct': 0.009691022573423533, 'buy_confirm_min_score': 25, 'notify_sell_threshold': 42, 'notify_buy_threshold': 47, 'stock_qty_strong_pct': 0.4573630283469392, 'stock_qty_base_pct': 0.16270715331430113, 'stock_rebuild_strong_pct': 0.9532657900889432, 'stock_first_add_pct': 0.18709938251258423}. Best is trial 0 with value: -9999.0.
Best trial: 0. Best value: -9999:  57%|█████▋    | 57/100 [3:06:51<1:46:42, 148.89s/it]Best trial: 0. Best value: -9999:  57%|█████▋    | 57/100 [3:06:51<1:46:42, 148.89s/it]Best trial: 0. Best value: -9999:  58%|█████▊    | 58/100 [3:06:51<1:42:49, 146.89s/it]                                                                                       [I 2026-07-24 14:35:38,534] Trial 58 finished with value: -9999.0 and parameters: {'vwap_buy_deviation': -0.018725676551355954, 'take_profit_pct': 0.005009876987053355, 'buy_confirm_min_score': 23, 'notify_sell_threshold': 56, 'notify_buy_threshold': 51, 'stock_qty_strong_pct': 0.5018287625001518, 'stock_qty_base_pct': 0.23057372478032895, 'stock_rebuild_strong_pct': 0.7911916388413743, 'stock_first_add_pct': 0.3682526558263837}. Best is trial 0 with value: -9999.0.
Best trial: 0. Best value: -9999:  58%|█████▊    | 58/100 [3:09:05<1:42:49, 146.89s/it]Best trial: 0. Best value: -9999:  58%|█████▊    | 58/100 [3:09:05<1:42:49, 146.89s/it]Best trial: 0. Best value: -9999:  59%|█████▉    | 59/100 [3:09:05<1:37:38, 142                                                                                              [I 2026-07-24 14:38:17,312] Trial 59 finished with value: -9999.0 and parameters: {'vwap_buy_deviation': -0.024890273949606908, 'take_profit_pct': 0.012551756964011854, 'buy_confirm_min_score': 17, 'notify_sell_threshold': 49, 'notify_buy_threshold': 42, 'stock_qty_strong_pct': 0.4881997612615364, 'stock_qty_base_pct': 0.37274208730179126, 'stock_rebuild_strong_pct': 0.7281497018384167, 'stock_first_add_pct': 0.21215808635367991}. Best is trial 0 with value: -9999.0.
Best trial: 0. Best value: -9999:  59%|█████▉    | 59/100 [3:11:44<1:37:38, 142.89s/it]Best trial: 0. Best value: -9999:  59%|█████▉    | 59/100 [3:11:44<1:37:38, 142.89s/it]Best trial: 0. Best value: -9999:  60%|██████    | 60/100 [3:11:44<1:38:26, 147                                                                                              [I 2026-07-24 14:41:04,489] Trial 60 finished with value: -9999.0 and parameters: {'vwap_buy_deviation': -0.026889790496046298, 'take_profit_pct': 0.018252101299657656, 'buy_confirm_min_score': 29, 'notify_sell_threshold': 51, 'notify_buy_threshold': 64, 'stock_qty_strong_pct': 0.26435734493659735, 'stock_qty_base_pct': 0.1996060572650321, 'stock_rebuild_strong_pct': 0.8908007070453592, 'stock_first_add_pct': 0.17300597932598374}. Best is trial 0 with value: -9999.0.
Best trial: 0. Best value: -9999:  60%|██████    | 60/100 [3:14:31<1:38:26, 147.66s/it]Best trial: 0. Best value: -9999:  60%|██████    | 60/100 [3:14:31<1:38:26, 147.66s/it]Best trial: 0. Best value: -9999:  61%|██████    | 61/100 [3:14:31<1:39:47, 153                                                                                              [I 2026-07-24 14:43:30,927] Trial 61 finished with value: -9999.0 and parameters: {'vwap_buy_deviation': -0.023080861618263834, 'take_profit_pct': 0.023509206107729236, 'buy_confirm_min_score': 16, 'notify_sell_threshold': 44, 'notify_buy_threshold': 41, 'stock_qty_strong_pct': 0.38353037201786966, 'stock_qty_base_pct': 0.28116004011852846, 'stock_rebuild_strong_pct': 0.6213619717781171, 'stock_first_add_pct': 0.31275086166725435}. Best is trial 0 with value: -9999.0.
Best trial: 0. Best value: -9999:  61%|██████    | 61/100 [3:16:57<1:39:47, 153.51s/it]Best trial: 0. Best value: -9999:  61%|██████    | 61/100 [3:16:57<1:39:47, 153.51s/it]Best trial: 0. Best value: -9999:  62%|██████▏   | 62/100 [3:16:57<1:35:52, 151                                                                                              [I 2026-07-24 14:46:17,529] Trial 62 finished with value: -9999.0 and parameters: {'vwap_buy_deviation': -0.025778834358154624, 'take_profit_pct': 0.022050794083042866, 'buy_confirm_min_score': 15, 'notify_sell_threshold': 41, 'notify_buy_threshold': 45, 'stock_qty_strong_pct': 0.25023726425574344, 'stock_qty_base_pct': 0.263449489588518, 'stock_rebuild_strong_pct': 0.9796223713898099, 'stock_first_add_pct': 0.3512652210300677}. Best is trial 0 with value: -9999.0.
Best trial: 0. Best value: -9999:  62%|██████▏   | 62/100 [3:19:44<1:35:52, 151.39s/it]Best trial: 0. Best value: -9999:  62%|██████▏   | 62/100 [3:19:44<1:35:52, 151.39s/it]Best trial: 0. Best value: -9999:  63%|██████▎   | 63/100 [3:19:44<1:36:10, 155                                                                                              [I 2026-07-24 14:48:54,841] Trial 63 finished with value: -9999.0 and parameters: {'vwap_buy_deviation': -0.02407098415051633, 'take_profit_pct': 0.024295795215218765, 'buy_confirm_min_score': 17, 'notify_sell_threshold': 45, 'notify_buy_threshold': 43, 'stock_qty_strong_pct': 0.41242155305691375, 'stock_qty_base_pct': 0.24676897202118117, 'stock_rebuild_strong_pct': 0.6021718394838373, 'stock_first_add_pct': 0.29876243919509254}. Best is trial 0 with value: -9999.0.
Best trial: 0. Best value: -9999:  63%|██████▎   | 63/100 [3:22:21<1:36:10, 155.95s/it]Best trial: 0. Best value: -9999:  63%|██████▎   | 63/100 [3:22:21<1:36:10, 155.95s/it]Best trial: 0. Best value: -9999:  64%|██████▍   | 64/100 [3:22:21<1:33:49, 156                                                                                              [I 2026-07-24 14:52:04,941] Trial 64 finished with value: -9999.0 and parameters: {'vwap_buy_deviation': -0.027902191936034486, 'take_profit_pct': 0.020067497336910996, 'buy_confirm_min_score': 16, 'notify_sell_threshold': 47, 'notify_buy_threshold': 45, 'stock_qty_strong_pct': 0.32533425828422574, 'stock_qty_base_pct': 0.3164779165799856, 'stock_rebuild_strong_pct': 0.6788508369877523, 'stock_first_add_pct': 0.33019811950043754}. Best is trial 0 with value: -9999.0.
Best trial: 0. Best value: -9999:  64%|██████▍   | 64/100 [3:25:31<1:33:49, 156.36s/it]Best trial: 0. Best value: -9999:  64%|██████▍   | 64/100 [3:25:31<1:33:49, 156.36s/it]Best trial: 0. Best value: -9999:  65%|██████▌   | 65/100 [3:25:31<1:37:06, 166                                                                                              [I 2026-07-24 14:54:59,180] Trial 65 finished with value: -9999.0 and parameters: {'vwap_buy_deviation': -0.02111509981498065, 'take_profit_pct': 0.023143852999173063, 'buy_confirm_min_score': 24, 'notify_sell_threshold': 48, 'notify_buy_threshold': 40, 'stock_qty_strong_pct': 0.2892709678930121, 'stock_qty_base_pct': 0.17984694769098072, 'stock_rebuild_strong_pct': 0.7491900533215183, 'stock_first_add_pct': 0.3795466644636612}. Best is trial 0 with value: -9999.0.
Best trial: 0. Best value: -9999:  65%|██████▌   | 65/100 [3:28:25<1:37:06, 166.48s/it]Best trial: 0. Best value: -9999:  65%|██████▌   | 65/100 [3:28:25<1:37:06, 166.48s/it]Best trial: 0. Best value: -9999:  66%|██████▌   | 66/100 [3:28:25<1:35:39, 168                                                                                              [I 2026-07-24 14:57:32,640] Trial 66 finished with value: -9999.0 and parameters: {'vwap_buy_deviation': -0.02188800254583293, 'take_profit_pct': 0.013799565833192338, 'buy_confirm_min_score': 19, 'notify_sell_threshold': 54, 'notify_buy_threshold': 46, 'stock_qty_strong_pct': 0.3478466139844462, 'stock_qty_base_pct': 0.21154762146430256, 'stock_rebuild_strong_pct': 0.5437122606883811, 'stock_first_add_pct': 0.2810760277774986}. Best is trial 0 with value: -9999.0.
Best trial: 0. Best value: -9999:  66%|██████▌   | 66/100 [3:30:59<1:35:39, 168.81s/it]Best trial: 0. Best value: -9999:  66%|██████▌   | 66/100 [3:30:59<1:35:39, 168.81s/it]Best trial: 0. Best value: -9999:  67%|██████▋   | 67/100 [3:30:59<1:30:18, 164                                                                                              [I 2026-07-24 15:00:20,895] Trial 67 finished with value: -9999.0 and parameters: {'vwap_buy_deviation': -0.024359514229988315, 'take_profit_pct': 0.01686450125973033, 'buy_confirm_min_score': 25, 'notify_sell_threshold': 58, 'notify_buy_threshold': 43, 'stock_qty_strong_pct': 0.3630840164961543, 'stock_qty_base_pct': 0.28624733273859965, 'stock_rebuild_strong_pct': 0.9969484559700483, 'stock_first_add_pct': 0.33765185117667096}. Best is trial 0 with value: -9999.0.
Best trial: 0. Best value: -9999:  67%|██████▋   | 67/100 [3:33:47<1:30:18, 164.21s/it]Best trial: 0. Best value: -9999:  67%|██████▋   | 67/100 [3:33:47<1:30:18, 164.21s/it]Best trial: 0. Best value: -9999:  68%|██████▊   | 68/100 [3:33:47<1:28:13, 165                                                                                              [I 2026-07-24 15:03:30,674] Trial 68 finished with value: -9999.0 and parameters: {'vwap_buy_deviation': -0.02350204789340086, 'take_profit_pct': 0.02176123679545005, 'buy_confirm_min_score': 22, 'notify_sell_threshold': 43, 'notify_buy_threshold': 48, 'stock_qty_strong_pct': 0.3975930809261413, 'stock_qty_base_pct': 0.1604052250808062, 'stock_rebuild_strong_pct': 0.9316931989559785, 'stock_first_add_pct': 0.36147851119556385}. Best is trial 0 with value: -9999.0.
Best trial: 0. Best value: -9999:  68%|██████▊   | 68/100 [3:36:57<1:28:13, 165.42s/it]Best trial: 0. Best value: -9999:  68%|██████▊   | 68/100 [3:36:57<1:28:13, 165.42s/it]Best trial: 0. Best value: -9999:  69%|██████▉   | 69/100 [3:36:57<1:29:14, 172                                                                                              [I 2026-07-24 15:07:17,654] Trial 69 finished with value: -9999.0 and parameters: {'vwap_buy_deviation': -0.02530272367856298, 'take_profit_pct': 0.024981228390359118, 'buy_confirm_min_score': 15, 'notify_sell_threshold': 60, 'notify_buy_threshold': 44, 'stock_qty_strong_pct': 0.33628203139441143, 'stock_qty_base_pct': 0.35691037767515543, 'stock_rebuild_strong_pct': 0.6342002601627242, 'stock_first_add_pct': 0.3841947125843531}. Best is trial 0 with value: -9999.0.
Best trial: 0. Best value: -9999:  69%|██████▉   | 69/100 [3:40:44<1:29:14, 172.73s/it]Best trial: 0. Best value: -9999:  69%|██████▉   | 69/100 [3:40:44<1:29:14, 172.73s/it]Best trial: 0. Best value: -9999:  70%|███████   | 70/100 [3:40:44<1:34:30, 189                                                                                              [I 2026-07-24 15:10:54,299] Trial 70 finished with value: -9999.0 and parameters: {'vwap_buy_deviation': -0.028816698850309307, 'take_profit_pct': 0.015086494724246583, 'buy_confirm_min_score': 26, 'notify_sell_threshold': 51, 'notify_buy_threshold': 42, 'stock_qty_strong_pct': 0.3761595974653004, 'stock_qty_base_pct': 0.1720505712766135, 'stock_rebuild_strong_pct': 0.9569710529015926, 'stock_first_add_pct': 0.23556634357891604}. Best is trial 0 with value: -9999.0.
Best trial: 0. Best value: -9999:  70%|███████   | 70/100 [3:44:21<1:34:30, 189.00s/it]Best trial: 0. Best value: -9999:  70%|███████   | 70/100 [3:44:21<1:34:30, 189.00s/it]Best trial: 0. Best value: -9999:  71%|███████   | 71/100 [3:44:21<1:35:21, 197                                                                                              [I 2026-07-24 15:13:53,051] Trial 71 finished with value: -9999.0 and parameters: {'vwap_buy_deviation': -0.030065624447492886, 'take_profit_pct': 0.01079120214621606, 'buy_confirm_min_score': 24, 'notify_sell_threshold': 45, 'notify_buy_threshold': 64, 'stock_qty_strong_pct': 0.2767202432770921, 'stock_qty_base_pct': 0.3985569156980896, 'stock_rebuild_strong_pct': 0.8208080545300545, 'stock_first_add_pct': 0.16229374064919824}. Best is trial 0 with value: -9999.0.
Best trial: 0. Best value: -9999:  71%|███████   | 71/100 [3:47:19<1:35:21, 197.30s/it]Best trial: 0. Best value: -9999:  71%|███████   | 71/100 [3:47:19<1:35:21, 197.30s/it]Best trial: 0. Best value: -9999:  72%|███████▏  | 72/100 [3:47:19<1:29:28, 191                                                                                              [I 2026-07-24 15:17:00,477] Trial 72 finished with value: -9999.0 and parameters: {'vwap_buy_deviation': -0.027072105573807667, 'take_profit_pct': 0.007069911848124112, 'buy_confirm_min_score': 23, 'notify_sell_threshold': 43, 'notify_buy_threshold': 61, 'stock_qty_strong_pct': 0.30628953219454613, 'stock_qty_base_pct': 0.37769762142293395, 'stock_rebuild_strong_pct': 0.9209059987930054, 'stock_first_add_pct': 0.14089588088116}. Best is trial 0 with value: -9999.0.
Best trial: 0. Best value: -9999:  72%|███████▏  | 72/100 [3:50:27<1:29:28, 191.73s/it]Best trial: 0. Best value: -9999:  72%|███████▏  | 72/100 [3:50:27<1:29:28, 191.73s/it]Best trial: 0. Best value: -9999:  73%|███████▎  | 73/100 [3:50:27<1:25:41, 190                                                                                              [I 2026-07-24 15:19:46,386] Trial 73 finished with value: -9999.0 and parameters: {'vwap_buy_deviation': -0.027892565160610693, 'take_profit_pct': 0.008371731678210176, 'buy_confirm_min_score': 22, 'notify_sell_threshold': 44, 'notify_buy_threshold': 41, 'stock_qty_strong_pct': 0.2955899716456291, 'stock_qty_base_pct': 0.3919946742200492, 'stock_rebuild_strong_pct': 0.6399455526547891, 'stock_first_add_pct': 0.11648917694073639}. Best is trial 0 with value: -9999.0.
Best trial: 0. Best value: -9999:  73%|███████▎  | 73/100 [3:53:13<1:25:41, 190.44s/it]Best trial: 0. Best value: -9999:  73%|███████▎  | 73/100 [3:53:13<1:25:41, 190.44s/it]Best trial: 0. Best value: -9999:  74%|███████▍  | 74/100 [3:53:13<1:19:20, 183                                                                                              [I 2026-07-24 15:22:34,557] Trial 74 finished with value: -9999.0 and parameters: {'vwap_buy_deviation': -0.026143275685073228, 'take_profit_pct': 0.005961463757166561, 'buy_confirm_min_score': 28, 'notify_sell_threshold': 41, 'notify_buy_threshold': 57, 'stock_qty_strong_pct': 0.26448689011874693, 'stock_qty_base_pct': 0.22506920633789215, 'stock_rebuild_strong_pct': 0.6900781089929444, 'stock_first_add_pct': 0.1982604862886619}. Best is trial 0 with value: -9999.0.
Best trial: 0. Best value: -9999:  74%|███████▍  | 74/100 [3:56:01<1:19:20, 183.08s/it]Best trial: 0. Best value: -9999:  74%|███████▍  | 74/100 [3:56:01<1:19:20, 183.08s/it]Best trial: 0. Best value: -9999:  75%|███████▌  | 75/100 [3:56:01<1:14:25, 178                                                                                              [I 2026-07-24 15:25:34,049] Trial 75 finished with value: -9999.0 and parameters: {'vwap_buy_deviation': -0.02062281400062392, 'take_profit_pct': 0.011525428329838142, 'buy_confirm_min_score': 21, 'notify_sell_threshold': 46, 'notify_buy_threshold': 61, 'stock_qty_strong_pct': 0.3157426563859904, 'stock_qty_base_pct': 0.25686128253148455, 'stock_rebuild_strong_pct': 0.9027146529651424, 'stock_first_add_pct': 0.13802329184500156}. Best is trial 0 with value: -9999.0.
Best trial: 0. Best value: -9999:  75%|███████▌  | 75/100 [3:59:00<1:14:25, 178.61s/it]Best trial: 0. Best value: -9999:  75%|███████▌  | 75/100 [3:59:00<1:14:25, 178.61s/it]Best trial: 0. Best value: -9999:  76%|███████▌  | 76/100 [3:59:00<1:11:32, 178                                                                                              [I 2026-07-24 15:28:42,347] Trial 76 finished with value: -9999.0 and parameters: {'vwap_buy_deviation': -0.022669030374761506, 'take_profit_pct': 0.009425113084079895, 'buy_confirm_min_score': 23, 'notify_sell_threshold': 56, 'notify_buy_threshold': 45, 'stock_qty_strong_pct': 0.28292454200681466, 'stock_qty_base_pct': 0.26852339204988845, 'stock_rebuild_strong_pct': 0.9420462017178564, 'stock_first_add_pct': 0.15456855041812326}. Best is trial 0 with value: -9999.0.
Best trial: 0. Best value: -9999:  76%|███████▌  | 76/100 [4:02:09<1:11:32, 178.87s/it]Best trial: 0. Best value: -9999:  76%|███████▌  | 76/100 [4:02:09<1:11:32, 178.87s/it]Best trial: 0. Best value: -9999:  77%|███████▋  | 77/100 [4:02:09<1:09:39, 181                                                                                              [I 2026-07-24 15:32:03,839] Trial 77 finished with value: -9999.0 and parameters: {'vwap_buy_deviation': -0.031847826041475305, 'take_profit_pct': 0.01223329638770768, 'buy_confirm_min_score': 24, 'notify_sell_threshold': 64, 'notify_buy_threshold': 67, 'stock_qty_strong_pct': 0.5770367871896143, 'stock_qty_base_pct': 0.18860183956548185, 'stock_rebuild_strong_pct': 0.8781284778566987, 'stock_first_add_pct': 0.3904505028831216}. Best is trial 0 with value: -9999.0.
