=======================================================

  参数寻优系统
=======================================================
  标的: 588170  方法: optuna  训练: 2025-06-01~2026-03-31
  [数据] 预处理 279 天收盘价索引
  [数据] 588170 2025-06-01~2026-03-31: 217 个交易日，检查缓存...
  [数据] 已缓存 202/217 天，缺失将在首次 trial 下载
  [数据] 588170 2026-04-01~2026-07-20: 79 个交易日，检查缓存...
  [数据] 已缓存 74/79 天，缺失将在首次 trial 下载

[基线] 默认参数...
  wr=0.00% trades=0 dd=0.00% composite=-9999.00
[I 2026-07-24 11:26:33,083] A new study created in memory with name: no-name-d43b445a-fe12-499e-a9f7-10a22d4dbe5e
  0%|          | 0/100 [00:00<?, ?it/s]                                       [I 2026-07-24 11:29:48,630] Trial 0 finished with value: -9999.0 and parameters: {'vwap_buy_deviation': -0.02750919762305275, 'take_profit_pct': 0.024014286128198326, 'buy_confirm_min_score': 26, 'notify_sell_threshold': 58, 'notify_buy_threshold': 44, 'stock_qty_strong_pct': 0.3045980821176709, 'stock_qty_base_pct': 0.16452090304204986, 'stock_rebuild_strong_pct': 0.9330880728874675, 'stock_first_add_pct': 0.2803345035229627}. Best is trial 0 with value: -9999.0.
  0%|          | 0/100 [03:15<?, ?it/s]Best trial: 0. Best value: -9999:   0%|          | 0/100 [03:15<?, ?it/s]Best trial: 0. Best value: -9999:   1%|          | 1/100 [03:15<5:22:18, 195.34s/it]                                                                                    [I 2026-07-24 11:33:51,459] Trial 1 finished with value: -9999.0 and parameters: {'vwap_buy_deviation': -0.02083854844407909, 'take_profit_pct': 0.005411689885916049, 'buy_confirm_min_score': 30, 'notify_sell_threshold': 65, 'notify_buy_threshold': 46, 'stock_qty_strong_pct': 0.3136387385224852, 'stock_qty_base_pct': 0.19585112746335845, 'stock_rebuild_strong_pct': 0.6521211214797689, 'stock_first_add_pct': 0.2574269294896714}. Best is trial 0 with value: -9999.0.
Best trial: 0. Best value: -9999:   1%|          | 1/100 [07:18<5:22:18, 195.34s/it]Best trial: 0. Best value: -9999:   1%|          | 1/100 [07:18<5:22:18, 195.34s/it]Best trial: 0. Best value: -9999:   2%|▏         | 2/100 [07:18<6:04:41, 223.28s/it]                                                                                    [I 2026-07-24 11:38:19,798] Trial 2 finished with value: -9999.0 and parameters: {'vwap_buy_deviation': -0.026361099627157686, 'take_profit_pct': 0.010824582803960838, 'buy_confirm_min_score': 24, 'notify_sell_threshold': 44, 'notify_buy_threshold': 49, 'stock_qty_strong_pct': 0.3782266451527921, 'stock_qty_base_pct': 0.26401749605425895, 'stock_rebuild_strong_pct': 0.8925879806965068, 'stock_first_add_pct': 0.15990213464750794}. Best is trial 0 with value: -9999.0.
Best trial: 0. Best value: -9999:   2%|▏         | 2/100 [11:46<6:04:41, 223.28s/it]Best trial: 0. Best value: -9999:   2%|▏         | 2/100 [11:46<6:04:41, 223.28s/it]Best trial: 0. Best value: -9999:   3%|▎         | 3/100 [11:46<6:34:13, 243.85s/it]                                                                                    [I 2026-07-24 11:42:50,224] Trial 3 finished with value: -9999.0 and parameters: {'vwap_buy_deviation': -0.02471531123172777, 'take_profit_pct': 0.01684829137724085, 'buy_confirm_min_score': 15, 'notify_sell_threshold': 58, 'notify_buy_threshold': 45, 'stock_qty_strong_pct': 0.27276805754484784, 'stock_qty_base_pct': 0.3872213843133333, 'stock_rebuild_strong_pct': 0.9828160165372797, 'stock_first_add_pct': 0.3425192044349384}. Best is trial 0 with value: -9999.0.
Best trial: 0. Best value: -9999:   3%|▎         | 3/100 [16:16<6:34:13, 243.85s/it]Best trial: 0. Best value: -9999:   3%|▎         | 3/100 [16:16<6:34:13, 243.85s/it]Best trial: 0. Best value: -9999:   4%|▍         | 4/100 [16:16<6:46:56, 254.34s/it]                                                                                    [I 2026-07-24 11:46:20,818] Trial 4 finished with value: -9999.0 and parameters: {'vwap_buy_deviation': -0.028907724616532588, 'take_profit_pct': 0.006953442280127677, 'buy_confirm_min_score': 25, 'notify_sell_threshold': 53, 'notify_buy_threshold': 43, 'stock_qty_strong_pct': 0.42331191853894456, 'stock_qty_base_pct': 0.1585971302788046, 'stock_rebuild_strong_pct': 0.954660201039391, 'stock_first_add_pct': 0.1776339944800051}. Best is trial 0 with value: -9999.0.
Best trial: 0. Best value: -9999:   4%|▍         | 4/100 [19:47<6:46:56, 254.34s/it]Best trial: 0. Best value: -9999:   4%|▍         | 4/100 [19:47<6:46:56, 254.34s/it]Best trial: 0. Best value: -9999:   5%|▌         | 5/100 [19:47<6:17:43, 238.57s/it]                                                                                    [I 2026-07-24 11:49:31,655] Trial 5 finished with value: -9999.0 and parameters: {'vwap_buy_deviation': -0.02174955431292036, 'take_profit_pct': 0.01123422152178822, 'buy_confirm_min_score': 23, 'notify_sell_threshold': 56, 'notify_buy_threshold': 45, 'stock_qty_strong_pct': 0.5893546197175954, 'stock_qty_base_pct': 0.34378320584027866, 'stock_rebuild_strong_pct': 0.9697494707820946, 'stock_first_add_pct': 0.3684482051282947}. Best is trial 0 with value: -9999.0.
Best trial: 0. Best value: -9999:   5%|▌         | 5/100 [22:58<6:17:43, 238.57s/it]Best trial: 0. Best value: -9999:   5%|▌         | 5/100 [22:58<6:17:43, 238.57s/it]Best trial: 0. Best value: -9999:   6%|▌         | 6/100 [22:58<5:48:19, 222.34s/it]                                                                                    [I 2026-07-24 11:53:29,121] Trial 6 finished with value: -9999.0 and parameters: {'vwap_buy_deviation': -0.023042000423778297, 'take_profit_pct': 0.02343748470046234, 'buy_confirm_min_score': 16, 'notify_sell_threshold': 46, 'notify_buy_threshold': 41, 'stock_qty_strong_pct': 0.3638656157671425, 'stock_qty_base_pct': 0.2471693224223705, 'stock_rebuild_strong_pct': 0.6356745158869479, 'stock_first_add_pct': 0.34862125274557887}. Best is trial 0 with value: -9999.0.
Best trial: 0. Best value: -9999:   6%|▌         | 6/100 [26:55<5:48:19, 222.34s/it]Best trial: 0. Best value: -9999:   6%|▌         | 6/100 [26:55<5:48:19, 222.34s/it]Best trial: 0. Best value: -9999:   7%|▋         | 7/100 [26:55<5:52:17, 227.28s/it]                                                                                    [I 2026-07-24 11:56:29,200] Trial 7 finished with value: -9999.0 and parameters: {'vwap_buy_deviation': -0.027864933466128217, 'take_profit_pct': 0.010618690193747615, 'buy_confirm_min_score': 23, 'notify_sell_threshold': 44, 'notify_buy_threshold': 64, 'stock_qty_strong_pct': 0.2760927252879198, 'stock_qty_base_pct': 0.39672173415012935, 'stock_rebuild_strong_pct': 0.8861223846483287, 'stock_first_add_pct': 0.15961470446025172}. Best is trial 0 with value: -9999.0.
Best trial: 0. Best value: -9999:   7%|▋         | 7/100 [29:55<5:52:17, 227.28s/it]Best trial: 0. Best value: -9999:   7%|▋         | 7/100 [29:55<5:52:17, 227.28s/it]Best trial: 0. Best value: -9999:   8%|▊         | 8/100 [29:55<5:25:27, 212.26s/it]                                                                                    [I 2026-07-24 11:59:26,226] Trial 8 finished with value: -9999.0 and parameters: {'vwap_buy_deviation': -0.03488955765752796, 'take_profit_pct': 0.021309228569096686, 'buy_confirm_min_score': 26, 'notify_sell_threshold': 62, 'notify_buy_threshold': 63, 'stock_qty_strong_pct': 0.2759156281069316, 'stock_qty_base_pct': 0.23961643213606815, 'stock_rebuild_strong_pct': 0.5579345297625649, 'stock_first_add_pct': 0.35893102776267805}. Best is trial 0 with value: -9999.0.
Best trial: 0. Best value: -9999:   8%|▊         | 8/100 [32:52<5:25:27, 212.26s/it]Best trial: 0. Best value: -9999:   8%|▊         | 8/100 [32:52<5:25:27, 212.26s/it]Best trial: 0. Best value: -9999:   9%|▉         | 9/100 [32:52<5:05:13, 201.24s/it]                                                                                    [I 2026-07-24 12:03:10,483] Trial 9 finished with value: -9999.0 and parameters: {'vwap_buy_deviation': -0.02253403746344884, 'take_profit_pct': 0.011617960497052984, 'buy_confirm_min_score': 16, 'notify_sell_threshold': 49, 'notify_buy_threshold': 50, 'stock_qty_strong_pct': 0.5053621624183224, 'stock_qty_base_pct': 0.3093893678388033, 'stock_rebuild_strong_pct': 0.9436063712881633, 'stock_first_add_pct': 0.2416644775485848}. Best is trial 0 with value: -9999.0.
Best trial: 0. Best value: -9999:   9%|▉         | 9/100 [36:37<5:05:13, 201.24s/it]Best trial: 0. Best value: -9999:   9%|▉         | 9/100 [36:37<5:05:13, 201.24s/it]Best trial: 0. Best value: -9999:  10%|█         | 10/100 [36:37<5:12:31, 208.35s/it]                                                                                     [I 2026-07-24 12:07:24,057] Trial 10 finished with value: -9999.0 and parameters: {'vwap_buy_deviation': -0.01596934993185022, 'take_profit_pct': 0.018420143281741862, 'buy_confirm_min_score': 20, 'notify_sell_threshold': 68, 'notify_buy_threshold': 57, 'stock_qty_strong_pct': 0.47499766065262794, 'stock_qty_base_pct': 0.15389869991461402, 'stock_rebuild_strong_pct': 0.7582432323144613, 'stock_first_add_pct': 0.271164359464505}. Best is trial 0 with value: -9999.0.
Best trial: 0. Best value: -9999:  10%|█         | 10/100 [40:50<5:12:31, 208.35s/it]Best trial: 0. Best value: -9999:  10%|█         | 10/100 [40:50<5:12:31, 208.35s/it]Best trial: 0. Best value: -9999:  11%|█         | 11/100 [40:50<5:29:34, 222.19s/it]                                                                                     [I 2026-07-24 12:11:49,911] Trial 11 finished with value: -9999.0 and parameters: {'vwap_buy_deviation': -0.017254503406931257, 'take_profit_pct': 0.005445912992061371, 'buy_confirm_min_score': 30, 'notify_sell_threshold': 66, 'notify_buy_threshold': 53, 'stock_qty_strong_pct': 0.33994360779901106, 'stock_qty_base_pct': 0.2057737265956404, 'stock_rebuild_strong_pct': 0.7469198044427873, 'stock_first_add_pct': 0.26807492509096725}. Best is trial 0 with value: -9999.0.
Best trial: 0. Best value: -9999:  11%|█         | 11/100 [45:16<5:29:34, 222.19s/it]Best trial: 0. Best value: -9999:  11%|█         | 11/100 [45:16<5:29:34, 222.19s/it]Best trial: 0. Best value: -9999:  12%|█▏        | 12/100 [45:16<5:45:21, 235.47s/it]                                                                                     [I 2026-07-24 12:16:34,539] Trial 12 finished with value: -9999.0 and parameters: {'vwap_buy_deviation': -0.03133913011812186, 'take_profit_pct': 0.015363183313286373, 'buy_confirm_min_score': 30, 'notify_sell_threshold': 62, 'notify_buy_threshold': 56, 'stock_qty_strong_pct': 0.3361747555773743, 'stock_qty_base_pct': 0.18243904868758143, 'stock_rebuild_strong_pct': 0.7637290960942383, 'stock_first_add_pct': 0.22609950990249134}. Best is trial 0 with value: -9999.0.
Best trial: 0. Best value: -9999:  12%|█▏        | 12/100 [50:01<5:45:21, 235.47s/it]Best trial: 0. Best value: -9999:  12%|█▏        | 12/100 [50:01<5:45:21, 235.47s/it]Best trial: 0. Best value: -9999:  13%|█▎        | 13/100 [50:01<6:03:01, 250.36s/it]                                                                                     [I 2026-07-24 12:20:12,508] Trial 13 finished with value: -9999.0 and parameters: {'vwap_buy_deviation': -0.01840026794660545, 'take_profit_pct': 0.0244750371009845, 'buy_confirm_min_score': 28, 'notify_sell_threshold': 70, 'notify_buy_threshold': 40, 'stock_qty_strong_pct': 0.31019236661843597, 'stock_qty_base_pct': 0.20805637339895452, 'stock_rebuild_strong_pct': 0.6561174679610582, 'stock_first_add_pct': 0.3056513824386803}. Best is trial 0 with value: -9999.0.
Best trial: 0. Best value: -9999:  13%|█▎        | 13/100 [53:39<6:03:01, 250.36s/it]Best trial: 0. Best value: -9999:  13%|█▎        | 13/100 [53:39<6:03:01, 250.36s/it]Best trial: 0. Best value: -9999:  14%|█▍        | 14/100 [53:39<5:44:49, 240.58s/it]                                                                                     [I 2026-07-24 12:24:07,277] Trial 14 finished with value: -9999.0 and parameters: {'vwap_buy_deviation': -0.020403303409365973, 'take_profit_pct': 0.020227184610824435, 'buy_confirm_min_score': 27, 'notify_sell_threshold': 63, 'notify_buy_threshold': 48, 'stock_qty_strong_pct': 0.3965902483246923, 'stock_qty_base_pct': 0.20055386272528306, 'stock_rebuild_strong_pct': 0.8392389079005292, 'stock_first_add_pct': 0.20902195971243354}. Best is trial 0 with value: -9999.0.
Best trial: 0. Best value: -9999:  14%|█▍        | 14/100 [57:33<5:44:49, 240.58s/it]Best trial: 0. Best value: -9999:  14%|█▍        | 14/100 [57:33<5:44:49, 240.58s/it]Best trial: 0. Best value: -9999:  15%|█▌        | 15/100 [57:33<5:38:20, 238.83s/it]                                                                                     [I 2026-07-24 12:27:34,156] Trial 15 finished with value: -9999.0 and parameters: {'vwap_buy_deviation': -0.03179919124599606, 'take_profit_pct': 0.014126496434840027, 'buy_confirm_min_score': 28, 'notify_sell_threshold': 58, 'notify_buy_threshold': 46, 'stock_qty_strong_pct': 0.31602078984763754, 'stock_qty_base_pct': 0.2777910096954616, 'stock_rebuild_strong_pct': 0.5077551909971135, 'stock_first_add_pct': 0.30088728083083}. Best is trial 0 with value: -9999.0.
Best trial: 0. Best value: -9999:  15%|█▌        | 15/100 [1:01:00<5:38:20, 238.83s/it]Best trial: 0. Best value: -9999:  15%|█▌        | 15/100 [1:01:00<5:38:20, 238.83s/it]Best trial: 0. Best value: -9999:  16%|█▌        | 16/100 [1:01:00<5:20:53, 229.21s/it]                                                                                       [I 2026-07-24 12:31:05,954] Trial 16 finished with value: -9999.0 and parameters: {'vwap_buy_deviation': -0.01918098309543316, 'take_profit_pct': 0.007876001773701593, 'buy_confirm_min_score': 21, 'notify_sell_threshold': 52, 'notify_buy_threshold': 54, 'stock_qty_strong_pct': 0.4349402237687757, 'stock_qty_base_pct': 0.17844637988458856, 'stock_rebuild_strong_pct': 0.6707750474677462, 'stock_first_add_pct': 0.10395376431427714}. Best is trial 0 with value: -9999.0.
Best trial: 0. Best value: -9999:  16%|█▌        | 16/100 [1:04:32<5:20:53, 229.21s/it]Best trial: 0. Best value: -9999:  16%|█▌        | 16/100 [1:04:32<5:20:53, 229.21s/it]Best trial: 0. Best value: -9999:  17%|█▋        | 17/100 [1:04:32<5:09:49, 223.98s/it]                                                                                       [I 2026-07-24 12:34:21,525] Trial 17 finished with value: -9999.0 and parameters: {'vwap_buy_deviation': -0.025237784957219917, 'take_profit_pct': 0.013739906761570268, 'buy_confirm_min_score': 29, 'notify_sell_threshold': 65, 'notify_buy_threshold': 59, 'stock_qty_strong_pct': 0.26247990142260585, 'stock_qty_base_pct': 0.2246738605468653, 'stock_rebuild_strong_pct': 0.8311665612357682, 'stock_first_add_pct': 0.397329578024308}. Best is trial 0 with value: -9999.0.
Best trial: 0. Best value: -9999:  17%|█▋        | 17/100 [1:07:48<5:09:49, 223.98s/it]Best trial: 0. Best value: -9999:  17%|█▋        | 17/100 [1:07:48<5:09:49, 223.98s/it]Best trial: 0. Best value: -9999:  18%|█▊        | 18/100 [1:07:48<4:54:26, 215.44s/it]                                                                                       [I 2026-07-24 12:37:43,490] Trial 18 finished with value: -9999.0 and parameters: {'vwap_buy_deviation': -0.015053490430056528, 'take_profit_pct': 0.020917355237871464, 'buy_confirm_min_score': 27, 'notify_sell_threshold': 40, 'notify_buy_threshold': 51, 'stock_qty_strong_pct': 0.3096614474862396, 'stock_qty_base_pct': 0.17768085324438398, 'stock_rebuild_strong_pct': 0.6145777931279819, 'stock_first_add_pct': 0.304140434482825}. Best is trial 0 with value: -9999.0.
Best trial: 0. Best value: -9999:  18%|█▊        | 18/100 [1:11:10<4:54:26, 215.44s/it]Best trial: 0. Best value: -9999:  18%|█▊        | 18/100 [1:11:10<4:54:26, 215.44s/it]Best trial: 0. Best value: -9999:  19%|█▉        | 19/100 [1:11:10<4:45:22, 211.39s/it]                                                                                       [I 2026-07-24 12:41:19,545] Trial 19 finished with value: -9999.0 and parameters: {'vwap_buy_deviation': -0.029531960191299993, 'take_profit_pct': 0.017828025189842573, 'buy_confirm_min_score': 21, 'notify_sell_threshold': 59, 'notify_buy_threshold': 42, 'stock_qty_strong_pct': 0.2524981696682505, 'stock_qty_base_pct': 0.29076791693039183, 'stock_rebuild_strong_pct': 0.7090770411410371, 'stock_first_add_pct': 0.27180143204341994}. Best is trial 0 with value: -9999.0.
Best trial: 0. Best value: -9999:  19%|█▉        | 19/100 [1:14:46<4:45:22, 211.39s/it]Best trial: 0. Best value: -9999:  19%|█▉        | 19/100 [1:14:46<4:45:22, 211.39s/it]Best trial: 0. Best value: -9999:  20%|██        | 20/100 [1:14:46<4:43:43, 212.79s/it]                                                                                       [I 2026-07-24 12:44:19,240] Trial 20 finished with value: -9999.0 and parameters: {'vwap_buy_deviation': -0.03329229262059272, 'take_profit_pct': 0.007880137953075208, 'buy_confirm_min_score': 26, 'notify_sell_threshold': 55, 'notify_buy_threshold': 68, 'stock_qty_strong_pct': 0.34749443974969707, 'stock_qty_base_pct': 0.22986366558725949, 'stock_rebuild_strong_pct': 0.5643641647818305, 'stock_first_add_pct': 0.20410715614135047}. Best is trial 0 with value: -9999.0.
Best trial: 0. Best value: -9999:  20%|██        | 20/100 [1:17:45<4:43:43, 212.79s/it]Best trial: 0. Best value: -9999:  20%|██        | 20/100 [1:17:45<4:43:43, 212.79s/it]Best trial: 0. Best value: -9999:  21%|██        | 21/100 [1:17:45<4:27:05, 202.86s/it]                                                                                       [I 2026-07-24 12:47:31,575] Trial 21 finished with value: -9999.0 and parameters: {'vwap_buy_deviation': -0.02618066455271275, 'take_profit_pct': 0.010199842809199609, 'buy_confirm_min_score': 24, 'notify_sell_threshold': 42, 'notify_buy_threshold': 48, 'stock_qty_strong_pct': 0.40137130026596046, 'stock_qty_base_pct': 0.2706233106819201, 'stock_rebuild_strong_pct': 0.8974273003714637, 'stock_first_add_pct': 0.10442681748055975}. Best is trial 0 with value: -9999.0.
Best trial: 0. Best value: -9999:  21%|██        | 21/100 [1:20:58<4:27:05, 202.86s/it]Best trial: 0. Best value: -9999:  21%|██        | 21/100 [1:20:58<4:27:05, 202.86s/it]Best trial: 0. Best value: -9999:  22%|██▏       | 22/100 [1:20:58<4:19:36, 199.70s/it]                                                                                       [I 2026-07-24 12:51:18,055] Trial 22 finished with value: -9999.0 and parameters: {'vwap_buy_deviation': -0.02661172193393803, 'take_profit_pct': 0.005393227061529938, 'buy_confirm_min_score': 23, 'notify_sell_threshold': 50, 'notify_buy_threshold': 48, 'stock_qty_strong_pct': 0.3752648371512712, 'stock_qty_base_pct': 0.32515561116743735, 'stock_rebuild_strong_pct': 0.8106452018417596, 'stock_first_add_pct': 0.14311791534244694}. Best is trial 0 with value: -9999.0.
Best trial: 0. Best value: -9999:  22%|██▏       | 22/100 [1:24:44<4:19:36, 199.70s/it]Best trial: 0. Best value: -9999:  22%|██▏       | 22/100 [1:24:44<4:19:36, 199.70s/it]Best trial: 0. Best value: -9999:  23%|██▎       | 23/100 [1:24:44<4:26:35, 207.74s/it]                                                                                       [I 2026-07-24 12:54:32,533] Trial 23 finished with value: -9999.0 and parameters: {'vwap_buy_deviation': -0.02388035538863767, 'take_profit_pct': 0.00925598075689979, 'buy_confirm_min_score': 19, 'notify_sell_threshold': 47, 'notify_buy_threshold': 44, 'stock_qty_strong_pct': 0.30430718473909224, 'stock_qty_base_pct': 0.2536479391487344, 'stock_rebuild_strong_pct': 0.9074136202529426, 'stock_first_add_pct': 0.24129189851883687}. Best is trial 0 with value: -9999.0.
Best trial: 0. Best value: -9999:  23%|██▎       | 23/100 [1:27:59<4:26:35, 207.74s/it]Best trial: 0. Best value: -9999:  23%|██▎       | 23/100 [1:27:59<4:26:35, 207.74s/it]Best trial: 0. Best value: -9999:  24%|██▍       | 24/100 [1:27:59<4:18:05, 203.76s/it]                                                                                       [I 2026-07-24 12:57:56,100] Trial 24 finished with value: -9999.0 and parameters: {'vwap_buy_deviation': -0.027360007764187025, 'take_profit_pct': 0.013112847247585607, 'buy_confirm_min_score': 25, 'notify_sell_threshold': 69, 'notify_buy_threshold': 50, 'stock_qty_strong_pct': 0.3875805194932349, 'stock_qty_base_pct': 0.35844950752844834, 'stock_rebuild_strong_pct': 0.8770634003396035, 'stock_first_add_pct': 0.18462351265005975}. Best is trial 0 with value: -9999.0.
Best trial: 0. Best value: -9999:  24%|██▍       | 24/100 [1:31:22<4:18:05, 203.76s/it]Best trial: 0. Best value: -9999:  24%|██▍       | 24/100 [1:31:22<4:18:05, 203.76s/it]Best trial: 0. Best value: -9999:  25%|██▌       | 25/100 [1:31:22<4:14:37, 203.70s/it]                                                                                       [I 2026-07-24 13:01:25,024] Trial 25 finished with value: -9999.0 and parameters: {'vwap_buy_deviation': -0.030390078243454854, 'take_profit_pct': 0.01576946819965315, 'buy_confirm_min_score': 29, 'notify_sell_threshold': 60, 'notify_buy_threshold': 47, 'stock_qty_strong_pct': 0.35886615786632087, 'stock_qty_base_pct': 0.19374098634013853, 'stock_rebuild_strong_pct': 0.9266506324097515, 'stock_first_add_pct': 0.12950316956411806}. Best is trial 0 with value: -9999.0.
