=======================================================

  参数寻优系统
=======================================================
  标的: 588170  方法: optuna  训练: 2025-06-01~2026-03-31
  [数据] 预处理 279 天收盘价索引
  [数据] 588170 2025-06-01~2026-03-31: 217 个交易日，检查缓存...
  [数据] 已缓存 202/217 天，缺失将在首次 trial 下载
  [数据] 588170 2026-04-01~2026-07-20: 79 个交易日，检查缓存...
  [数据] 已缓存 74/79 天，缺失将在首次 trial 下载

[基线] 默认参数...
  wr=0.00% trades=2 dd=-0.03% composite=0.00
[I 2026-07-24 21:46:00,982] A new study created in memory with name: no-name-ffc8656d-4386-45fd-ad87-4efeac689a40
  0%|          | 0/100 [00:00<?, ?it/s]                                       [I 2026-07-24 21:48:21,686] Trial 0 finished with value: 0.0 and parameters: {'vwap_buy_deviation': -0.02750919762305275, 'take_profit_pct': 0.024014286128198326, 'buy_confirm_min_score': 26, 'notify_sell_threshold': 58, 'notify_buy_threshold': 44, 'stock_qty_strong_pct': 0.3045980821176709, 'stock_qty_base_pct': 0.16452090304204986, 'stock_rebuild_strong_pct': 0.9330880728874675, 'stock_first_add_pct': 0.2803345035229627}. Best is trial 0 with value: 0.0.
  0%|          | 0/100 [02:20<?, ?it/s]Best trial: 0. Best value: 0:   0%|          | 0/100 [02:20<?, ?it/s]Best trial: 0. Best value: 0:   1%|          | 1/100 [02:20<3:51:35, 140.36s/it]                                                                                [I 2026-07-24 21:51:01,559] Trial 1 finished with value: 13.1019 and parameters: {'vwap_buy_deviation': -0.02083854844407909, 'take_profit_pct': 0.005411689885916049, 'buy_confirm_min_score': 30, 'notify_sell_threshold': 65, 'notify_buy_threshold': 46, 'stock_qty_strong_pct': 0.3136387385224852, 'stock_qty_base_pct': 0.19585112746335845, 'stock_rebuild_strong_pct': 0.6521211214797689, 'stock_first_add_pct': 0.2574269294896714}. Best is trial 1 with value: 13.1019.
Best trial: 0. Best value: 0:   1%|          | 1/100 [05:00<3:51:35, 140.36s/it]Best trial: 1. Best value: 13.1019:   1%|          | 1/100 [05:00<3:51:35, 140.36s/it]Best trial: 1. Best value: 13.1019:   2%|▏         | 2/100 [05:00<4:08:00, 151.84s/it]                                                                                      [I 2026-07-24 21:53:27,363] Trial 2 finished with value: -100.0124 and parameters: {'vwap_buy_deviation': -0.026361099627157686, 'take_profit_pct': 0.010824582803960838, 'buy_confirm_min_score': 24, 'notify_sell_threshold': 44, 'notify_buy_threshold': 49, 'stock_qty_strong_pct': 0.3782266451527921, 'stock_qty_base_pct': 0.26401749605425895, 'stock_rebuild_strong_pct': 0.8925879806965068, 'stock_first_add_pct': 0.15990213464750794}. Best is trial 1 with value: 13.1019.
Best trial: 1. Best value: 13.1019:   2%|▏         | 2/100 [07:26<4:08:00, 151.84s/it]Best trial: 1. Best value: 13.1019:   2%|▏         | 2/100 [07:26<4:08:00, 151.84s/it]Best trial: 1. Best value: 13.1019:   3%|▎         | 3/100 [07:26<4:01:01, 149.08s/it]                                                                                      [I 2026-07-24 21:55:33,401] Trial 3 finished with value: 0.0 and parameters: {'vwap_buy_deviation': -0.02471531123172777, 'take_profit_pct': 0.01684829137724085, 'buy_confirm_min_score': 15, 'notify_sell_threshold': 58, 'notify_buy_threshold': 45, 'stock_qty_strong_pct': 0.27276805754484784, 'stock_qty_base_pct': 0.3872213843133333, 'stock_rebuild_strong_pct': 0.9828160165372797, 'stock_first_add_pct': 0.3425192044349384}. Best is trial 1 with value: 13.1019.
Best trial: 1. Best value: 13.1019:   3%|▎         | 3/100 [09:32<4:01:01, 149.08s/it]Best trial: 1. Best value: 13.1019:   3%|▎         | 3/100 [09:32<4:01:01, 149.08s/it]Best trial: 1. Best value: 13.1019:   4%|▍         | 4/100 [09:32<3:43:58, 139.99s/it]                                                                                      [I 2026-07-24 21:57:33,007] Trial 4 finished with value: 0.0 and parameters: {'vwap_buy_deviation': -0.028907724616532588, 'take_profit_pct': 0.006953442280127677, 'buy_confirm_min_score': 25, 'notify_sell_threshold': 53, 'notify_buy_threshold': 43, 'stock_qty_strong_pct': 0.42331191853894456, 'stock_qty_base_pct': 0.1585971302788046, 'stock_rebuild_strong_pct': 0.954660201039391, 'stock_first_add_pct': 0.1776339944800051}. Best is trial 1 with value: 13.1019.
Best trial: 1. Best value: 13.1019:   4%|▍         | 4/100 [11:31<3:43:58, 139.99s/it]Best trial: 1. Best value: 13.1019:   4%|▍         | 4/100 [11:31<3:43:58, 139.99s/it]Best trial: 1. Best value: 13.1019:   5%|▌         | 5/100 [11:31<3:30:00, 132.64s/it]                                                                                      [I 2026-07-24 22:01:07,925] Trial 5 finished with value: 7.6045 and parameters: {'vwap_buy_deviation': -0.02174955431292036, 'take_profit_pct': 0.01123422152178822, 'buy_confirm_min_score': 23, 'notify_sell_threshold': 56, 'notify_buy_threshold': 45, 'stock_qty_strong_pct': 0.5893546197175954, 'stock_qty_base_pct': 0.34378320584027866, 'stock_rebuild_strong_pct': 0.9697494707820946, 'stock_first_add_pct': 0.3684482051282947}. Best is trial 1 with value: 13.1019.
Best trial: 1. Best value: 13.1019:   5%|▌         | 5/100 [15:06<3:30:00, 132.64s/it]Best trial: 1. Best value: 13.1019:   5%|▌         | 5/100 [15:06<3:30:00, 132.64s/it]Best trial: 1. Best value: 13.1019:   6%|▌         | 6/100 [15:06<4:11:37, 160.61s/it]                                                                                      [I 2026-07-24 22:04:38,222] Trial 6 finished with value: 7.0131 and parameters: {'vwap_buy_deviation': -0.023042000423778297, 'take_profit_pct': 0.02343748470046234, 'buy_confirm_min_score': 16, 'notify_sell_threshold': 46, 'notify_buy_threshold': 41, 'stock_qty_strong_pct': 0.3638656157671425, 'stock_qty_base_pct': 0.2471693224223705, 'stock_rebuild_strong_pct': 0.6356745158869479, 'stock_first_add_pct': 0.34862125274557887}. Best is trial 1 with value: 13.1019.
Best trial: 1. Best value: 13.1019:   6%|▌         | 6/100 [18:36<4:11:37, 160.61s/it]Best trial: 1. Best value: 13.1019:   6%|▌         | 6/100 [18:36<4:11:37, 160.61s/it]Best trial: 1. Best value: 13.1019:   7%|▋         | 7/100 [18:36<4:34:07, 176.86s/it]                                                                                      [I 2026-07-24 22:08:04,833] Trial 7 finished with value: -100.0124 and parameters: {'vwap_buy_deviation': -0.027864933466128217, 'take_profit_pct': 0.010618690193747615, 'buy_confirm_min_score': 23, 'notify_sell_threshold': 44, 'notify_buy_threshold': 64, 'stock_qty_strong_pct': 0.2760927252879198, 'stock_qty_base_pct': 0.39672173415012935, 'stock_rebuild_strong_pct': 0.8861223846483287, 'stock_first_add_pct': 0.15961470446025172}. Best is trial 1 with value: 13.1019.
Best trial: 1. Best value: 13.1019:   7%|▋         | 7/100 [22:03<4:34:07, 176.86s/it]Best trial: 1. Best value: 13.1019:   7%|▋         | 7/100 [22:03<4:34:07, 176.86s/it]Best trial: 1. Best value: 13.1019:   8%|▊         | 8/100 [22:03<4:45:42, 186.33s/it]                                                                                      [I 2026-07-24 22:11:10,275] Trial 8 finished with value: 0.0 and parameters: {'vwap_buy_deviation': -0.03488955765752796, 'take_profit_pct': 0.021309228569096686, 'buy_confirm_min_score': 26, 'notify_sell_threshold': 62, 'notify_buy_threshold': 63, 'stock_qty_strong_pct': 0.2759156281069316, 'stock_qty_base_pct': 0.23961643213606815, 'stock_rebuild_strong_pct': 0.5579345297625649, 'stock_first_add_pct': 0.35893102776267805}. Best is trial 1 with value: 13.1019.
Best trial: 1. Best value: 13.1019:   8%|▊         | 8/100 [25:08<4:45:42, 186.33s/it]Best trial: 1. Best value: 13.1019:   8%|▊         | 8/100 [25:08<4:45:42, 186.33s/it]Best trial: 1. Best value: 13.1019:   9%|▉         | 9/100 [25:08<4:42:10, 186.05s/it]                                                                                      [I 2026-07-24 22:14:13,747] Trial 9 finished with value: -100.0124 and parameters: {'vwap_buy_deviation': -0.02253403746344884, 'take_profit_pct': 0.011617960497052984, 'buy_confirm_min_score': 16, 'notify_sell_threshold': 49, 'notify_buy_threshold': 50, 'stock_qty_strong_pct': 0.5053621624183224, 'stock_qty_base_pct': 0.3093893678388033, 'stock_rebuild_strong_pct': 0.9436063712881633, 'stock_first_add_pct': 0.2416644775485848}. Best is trial 1 with value: 13.1019.
Best trial: 1. Best value: 13.1019:   9%|▉         | 9/100 [28:12<4:42:10, 186.05s/it]Best trial: 1. Best value: 13.1019:   9%|▉         | 9/100 [28:12<4:42:10, 186.05s/it]Best trial: 1. Best value: 13.1019:  10%|█         | 10/100 [28:12<4:37:52, 185.26s/it]                                                                                       [I 2026-07-24 22:17:17,874] Trial 10 finished with value: 0.0 and parameters: {'vwap_buy_deviation': -0.015659663650576375, 'take_profit_pct': 0.005119943659116343, 'buy_confirm_min_score': 30, 'notify_sell_threshold': 68, 'notify_buy_threshold': 57, 'stock_qty_strong_pct': 0.4915864757492008, 'stock_qty_base_pct': 0.21202505903538463, 'stock_rebuild_strong_pct': 0.7487749862641546, 'stock_first_add_pct': 0.23926763018808028}. Best is trial 1 with value: 13.1019.
Best trial: 1. Best value: 13.1019:  10%|█         | 10/100 [31:16<4:37:52, 185.26s/it]Best trial: 1. Best value: 13.1019:  10%|█         | 10/100 [31:16<4:37:52, 185.26s/it]Best trial: 1. Best value: 13.1019:  11%|█         | 11/100 [31:16<4:34:16, 184.91s/it]                                                                                       [I 2026-07-24 22:20:28,050] Trial 11 finished with value: 0.0 and parameters: {'vwap_buy_deviation': -0.017678508339019117, 'take_profit_pct': 0.014686141556397756, 'buy_confirm_min_score': 20, 'notify_sell_threshold': 68, 'notify_buy_threshold': 52, 'stock_qty_strong_pct': 0.5947943124419655, 'stock_qty_base_pct': 0.3206852681829047, 'stock_rebuild_strong_pct': 0.7866454888256146, 'stock_first_add_pct': 0.3994532721759965}. Best is trial 1 with value: 13.1019.
Best trial: 1. Best value: 13.1019:  11%|█         | 11/100 [34:26<4:34:16, 184.91s/it]Best trial: 1. Best value: 13.1019:  11%|█         | 11/100 [34:26<4:34:16, 184.91s/it]Best trial: 1. Best value: 13.1019:  12%|█▏        | 12/100 [34:26<4:33:33, 186.51s/it]                                                                                       [I 2026-07-24 22:23:25,876] Trial 12 finished with value: 0.0 and parameters: {'vwap_buy_deviation': -0.02034930754510734, 'take_profit_pct': 0.007881825354431868, 'buy_confirm_min_score': 30, 'notify_sell_threshold': 63, 'notify_buy_threshold': 55, 'stock_qty_strong_pct': 0.562700896520825, 'stock_qty_base_pct': 0.3346768075120392, 'stock_rebuild_strong_pct': 0.5167929424672362, 'stock_first_add_pct': 0.2927148032906242}. Best is trial 1 with value: 13.1019.
Best trial: 1. Best value: 13.1019:  12%|█▏        | 12/100 [37:24<4:33:33, 186.51s/it]Best trial: 1. Best value: 13.1019:  12%|█▏        | 12/100 [37:24<4:33:33, 186.51s/it]Best trial: 1. Best value: 13.1019:  13%|█▎        | 13/100 [37:24<4:26:37, 183.88s/it]                                                                                       [I 2026-07-24 22:26:23,383] Trial 13 finished with value: 16.7182 and parameters: {'vwap_buy_deviation': -0.01905325376824976, 'take_profit_pct': 0.015284458463463773, 'buy_confirm_min_score': 20, 'notify_sell_threshold': 54, 'notify_buy_threshold': 47, 'stock_qty_strong_pct': 0.4567827294825463, 'stock_qty_base_pct': 0.288441803323289, 'stock_rebuild_strong_pct': 0.7006760335013539, 'stock_first_add_pct': 0.2036400666064684}. Best is trial 13 with value: 16.7182.
Best trial: 1. Best value: 13.1019:  13%|█▎        | 13/100 [40:22<4:26:37, 183.88s/it]Best trial: 13. Best value: 16.7182:  13%|█▎        | 13/100 [40:22<4:26:37, 183.88s/it]Best trial: 13. Best value: 16.7182:  14%|█▍        | 14/100 [40:22<4:20:48, 181.96s/it]                                                                                        [I 2026-07-24 22:29:22,721] Trial 14 finished with value: -100.0132 and parameters: {'vwap_buy_deviation': -0.01835697651435276, 'take_profit_pct': 0.017894496660360283, 'buy_confirm_min_score': 20, 'notify_sell_threshold': 40, 'notify_buy_threshold': 69, 'stock_qty_strong_pct': 0.44246223991960587, 'stock_qty_base_pct': 0.19688120175043017, 'stock_rebuild_strong_pct': 0.6758298400622285, 'stock_first_add_pct': 0.20603788680658125}. Best is trial 13 with value: 16.7182.
Best trial: 13. Best value: 16.7182:  14%|█▍        | 14/100 [43:21<4:20:48, 181.96s/it]Best trial: 13. Best value: 16.7182:  14%|█▍        | 14/100 [43:21<4:20:48, 181.96s/it]Best trial: 13. Best value: 16.7182:  15%|█▌        | 15/100 [43:21<4:16:39, 181.17s/it]                                                                                        [I 2026-07-24 22:32:22,751] Trial 15 finished with value: 10.582 and parameters: {'vwap_buy_deviation': -0.018903372032727354, 'take_profit_pct': 0.014199283402663274, 'buy_confirm_min_score': 19, 'notify_sell_threshold': 63, 'notify_buy_threshold': 40, 'stock_qty_strong_pct': 0.34293140700101093, 'stock_qty_base_pct': 0.27985852691225577, 'stock_rebuild_strong_pct': 0.6507854148078054, 'stock_first_add_pct': 0.2860185000888351}. Best is trial 13 with value: 16.7182.
Best trial: 13. Best value: 16.7182:  15%|█▌        | 15/100 [46:21<4:16:39, 181.17s/it]Best trial: 13. Best value: 16.7182:  15%|█▌        | 15/100 [46:21<4:16:39, 181.17s/it]Best trial: 13. Best value: 16.7182:  16%|█▌        | 16/100 [46:21<4:13:09, 180.82s/it]                                                                                        [I 2026-07-24 22:35:43,668] Trial 16 finished with value: 0.0 and parameters: {'vwap_buy_deviation': -0.015682303688047107, 'take_profit_pct': 0.01943477268930067, 'buy_confirm_min_score': 28, 'notify_sell_threshold': 70, 'notify_buy_threshold': 47, 'stock_qty_strong_pct': 0.419063485072463, 'stock_qty_base_pct': 0.1995374356709125, 'stock_rebuild_strong_pct': 0.7393346803592952, 'stock_first_add_pct': 0.10395376431427714}. Best is trial 13 with value: 16.7182.
Best trial: 13. Best value: 16.7182:  16%|█▌        | 16/100 [49:42<4:13:09, 180.82s/it]Best trial: 13. Best value: 16.7182:  16%|█▌        | 16/100 [49:42<4:13:09, 180.82s/it]Best trial: 13. Best value: 16.7182:  17%|█▋        | 17/100 [49:42<4:18:29, 186.87s/it]                                                                                        [I 2026-07-24 22:38:49,820] Trial 17 finished with value: -100.0128 and parameters: {'vwap_buy_deviation': -0.030734333287377555, 'take_profit_pct': 0.013739906761570268, 'buy_confirm_min_score': 28, 'notify_sell_threshold': 51, 'notify_buy_threshold': 55, 'stock_qty_strong_pct': 0.5038150886070494, 'stock_qty_base_pct': 0.2817230586981613, 'stock_rebuild_strong_pct': 0.8173702982876556, 'stock_first_add_pct': 0.23628543097912236}. Best is trial 13 with value: 16.7182.
Best trial: 13. Best value: 16.7182:  17%|█▋        | 17/100 [52:48<4:18:29, 186.87s/it]Best trial: 13. Best value: 16.7182:  17%|█▋        | 17/100 [52:48<4:18:29, 186.87s/it]Best trial: 13. Best value: 16.7182:  18%|█▊        | 18/100 [52:48<4:15:05, 186.65s/it]                                                                                        [I 2026-07-24 22:41:53,651] Trial 18 finished with value: 30.9368 and parameters: {'vwap_buy_deviation': -0.020401943188588262, 'take_profit_pct': 0.008713303836685518, 'buy_confirm_min_score': 18, 'notify_sell_threshold': 55, 'notify_buy_threshold': 52, 'stock_qty_strong_pct': 0.46749863557866256, 'stock_qty_base_pct': 0.36837106549262777, 'stock_rebuild_strong_pct': 0.585464753769576, 'stock_first_add_pct': 0.11616361198006385}. Best is trial 18 with value: 30.9368.
Best trial: 13. Best value: 16.7182:  18%|█▊        | 18/100 [55:52<4:15:05, 186.65s/it]Best trial: 18. Best value: 30.9368:  18%|█▊        | 18/100 [55:52<4:15:05, 186.65s/it]Best trial: 18. Best value: 30.9368:  19%|█▉        | 19/100 [55:52<4:10:50, 185.80s/it]                                                                                        [I 2026-07-24 22:44:47,523] Trial 19 finished with value: 0.0 and parameters: {'vwap_buy_deviation': -0.02436719365468257, 'take_profit_pct': 0.016469868653228015, 'buy_confirm_min_score': 18, 'notify_sell_threshold': 53, 'notify_buy_threshold': 60, 'stock_qty_strong_pct': 0.465772709914424, 'stock_qty_base_pct': 0.35866565852527477, 'stock_rebuild_strong_pct': 0.5847907646938759, 'stock_first_add_pct': 0.1102104930211147}. Best is trial 18 with value: 30.9368.
Best trial: 18. Best value: 30.9368:  19%|█▉        | 19/100 [58:46<4:10:50, 185.80s/it]Best trial: 18. Best value: 30.9368:  19%|█▉        | 19/100 [58:46<4:10:50, 185.80s/it]Best trial: 18. Best value: 30.9368:  20%|██        | 20/100 [58:46<4:02:57, 182.22s/it]                                                                                        [I 2026-07-24 22:47:50,474] Trial 20 finished with value: 29.3077 and parameters: {'vwap_buy_deviation': -0.017515491413395413, 'take_profit_pct': 0.009362558693624323, 'buy_confirm_min_score': 21, 'notify_sell_threshold': 56, 'notify_buy_threshold': 52, 'stock_qty_strong_pct': 0.5435054733470704, 'stock_qty_base_pct': 0.36652013980119796, 'stock_rebuild_strong_pct': 0.7050415167506866, 'stock_first_add_pct': 0.13512470595255766}. Best is trial 18 with value: 30.9368.
Best trial: 18. Best value: 30.9368:  20%|██        | 20/100 [1:01:49<4:02:57, 182.22s/it]Best trial: 18. Best value: 30.9368:  20%|██        | 20/100 [1:01:49<4:02:57, 182.22s/it]Best trial: 18. Best value: 30.9368:  21%|██        | 21/100 [1:01:49<4:00:12, 182.44s/it]                                                                                          [I 2026-07-24 22:50:50,495] Trial 21 finished with value: 29.3077 and parameters: {'vwap_buy_deviation': -0.017619612182723964, 'take_profit_pct': 0.008708838839007535, 'buy_confirm_min_score': 22, 'notify_sell_threshold': 56, 'notify_buy_threshold': 52, 'stock_qty_strong_pct': 0.5389475747320855, 'stock_qty_base_pct': 0.3689866702488796, 'stock_rebuild_strong_pct': 0.7099602153959513, 'stock_first_add_pct': 0.1276840148548392}. Best is trial 18 with value: 30.9368.
Best trial: 18. Best value: 30.9368:  21%|██        | 21/100 [1:04:49<4:00:12, 182.44s/it]Best trial: 18. Best value: 30.9368:  21%|██        | 21/100 [1:04:49<4:00:12, 182.44s/it]Best trial: 18. Best value: 30.9368:  22%|██▏       | 22/100 [1:04:49<3:56:13, 181.71s/it]                                                                                          [I 2026-07-24 22:53:47,109] Trial 22 finished with value: 13.7914 and parameters: {'vwap_buy_deviation': -0.016951973283738157, 'take_profit_pct': 0.008692539113833513, 'buy_confirm_min_score': 21, 'notify_sell_threshold': 58, 'notify_buy_threshold': 52, 'stock_qty_strong_pct': 0.547854625963631, 'stock_qty_base_pct': 0.3642547342119746, 'stock_rebuild_strong_pct': 0.5964487498108514, 'stock_first_add_pct': 0.12828373765138582}. Best is trial 18 with value: 30.9368.
Best trial: 18. Best value: 30.9368:  22%|██▏       | 22/100 [1:07:45<3:56:13, 181.71s/it]Best trial: 18. Best value: 30.9368:  22%|██▏       | 22/100 [1:07:45<3:56:13, 181.71s/it]Best trial: 18. Best value: 30.9368:  23%|██▎       | 23/100 [1:07:45<3:51:14, 180.18s/it]                                                                                          [I 2026-07-24 22:56:42,394] Trial 23 finished with value: 19.2931 and parameters: {'vwap_buy_deviation': -0.019963262289189588, 'take_profit_pct': 0.009167249238791112, 'buy_confirm_min_score': 22, 'notify_sell_threshold': 60, 'notify_buy_threshold': 54, 'stock_qty_strong_pct': 0.5295911433358935, 'stock_qty_base_pct': 0.3691790399999933, 'stock_rebuild_strong_pct': 0.706305197663284, 'stock_first_add_pct': 0.1336337650877626}. Best is trial 18 with value: 30.9368.
Best trial: 18. Best value: 30.9368:  23%|██▎       | 23/100 [1:10:41<3:51:14, 180.18s/it]Best trial: 18. Best value: 30.9368:  23%|██▎       | 23/100 [1:10:41<3:51:14, 180.18s/it]Best trial: 18. Best value: 30.9368:  24%|██▍       | 24/100 [1:10:41<3:46:22, 178.71s/it]                                                                                          [I 2026-07-24 22:59:40,968] Trial 24 finished with value: -100.0124 and parameters: {'vwap_buy_deviation': -0.016805081228925135, 'take_profit_pct': 0.01263547418708876, 'buy_confirm_min_score': 18, 'notify_sell_threshold': 49, 'notify_buy_threshold': 58, 'stock_qty_strong_pct': 0.5357852800195638, 'stock_qty_base_pct': 0.38245698661195676, 'stock_rebuild_strong_pct': 0.8325839344789642, 'stock_first_add_pct': 0.1363814250952388}. Best is trial 18 with value: 30.9368.
Best trial: 18. Best value: 30.9368:  24%|██▍       | 24/100 [1:13:39<3:46:22, 178.71s/it]Best trial: 18. Best value: 30.9368:  24%|██▍       | 24/100 [1:13:39<3:46:22, 178.71s/it]Best trial: 18. Best value: 30.9368:  25%|██▌       | 25/100 [1:13:39<3:43:20, 178.67s/it]                                                                                          [I 2026-07-24 23:02:39,706] Trial 25 finished with value: 23.2499 and parameters: {'vwap_buy_deviation': -0.015032557265715209, 'take_profit_pct': 0.006662829382808786, 'buy_confirm_min_score': 18, 'notify_sell_threshold': 55, 'notify_buy_threshold': 50, 'stock_qty_strong_pct': 0.48549213571896194, 'stock_qty_base_pct': 0.3437302529622891, 'stock_rebuild_strong_pct': 0.51049640833885, 'stock_first_add_pct': 0.17426613834738927}. Best is trial 18 with value: 30.9368.
