Best trial: 18. Best value: 30.9368:  25%|██▌       | 25/100 [1:16:38<3:43:20, 178.67s/it]Best trial: 18. Best value: 30.9368:  25%|██▌       | 25/100 [1:16:38<3:43:20, 178.67s/it]Best trial: 18. Best value: 30.9368:  26%|██▌       | 26/100 [1:16:38<3:40:23, 178.69s/it]                                                                                          [I 2026-07-24 23:05:33,285] Trial 26 finished with value: -100.0128 and parameters: {'vwap_buy_deviation': -0.021085263769967968, 'take_profit_pct': 0.009356683748671601, 'buy_confirm_min_score': 22, 'notify_sell_threshold': 51, 'notify_buy_threshold': 52, 'stock_qty_strong_pct': 0.5690119563984705, 'stock_qty_base_pct': 0.3674164559663597, 'stock_rebuild_strong_pct': 0.6086923049999302, 'stock_first_add_pct': 0.14903702003230174}. Best is trial 18 with value: 30.9368.
Best trial: 18. Best value: 30.9368:  26%|██▌       | 26/100 [1:19:31<3:40:23, 178.69s/it]Best trial: 18. Best value: 30.9368:  26%|██▌       | 26/100 [1:19:31<3:40:23, 178.69s/it]Best trial: 18. Best value: 30.9368:  27%|██▋       | 27/100 [1:19:31<3:35:32, 177.16s/it]                                                                                          [I 2026-07-24 23:08:27,640] Trial 27 finished with value: 0.0 and parameters: {'vwap_buy_deviation': -0.017506568577196388, 'take_profit_pct': 0.007168197856553049, 'buy_confirm_min_score': 21, 'notify_sell_threshold': 60, 'notify_buy_threshold': 60, 'stock_qty_strong_pct': 0.5231672606611004, 'stock_qty_base_pct': 0.315826916124096, 'stock_rebuild_strong_pct': 0.7259930150250992, 'stock_first_add_pct': 0.10288749233533123}. Best is trial 18 with value: 30.9368.
Best trial: 18. Best value: 30.9368:  27%|██▋       | 27/100 [1:22:26<3:35:32, 177.16s/it]Best trial: 18. Best value: 30.9368:  27%|██▋       | 27/100 [1:22:26<3:35:32, 177.16s/it]Best trial: 18. Best value: 30.9368:  28%|██▊       | 28/100 [1:22:26<3:31:34, 176.32s/it]                                                                                          [I 2026-07-24 23:11:26,442] Trial 28 finished with value: 19.1362 and parameters: {'vwap_buy_deviation': -0.019479993336344297, 'take_profit_pct': 0.009784173991552556, 'buy_confirm_min_score': 17, 'notify_sell_threshold': 56, 'notify_buy_threshold': 49, 'stock_qty_strong_pct': 0.4058830389509962, 'stock_qty_base_pct': 0.39870423479396633, 'stock_rebuild_strong_pct': 0.5546845001782458, 'stock_first_add_pct': 0.19693794545563378}. Best is trial 18 with value: 30.9368.
Best trial: 18. Best value: 30.9368:  28%|██▊       | 28/100 [1:25:25<3:31:34, 176.32s/it]Best trial: 18. Best value: 30.9368:  28%|██▊       | 28/100 [1:25:25<3:31:34, 176.32s/it]Best trial: 18. Best value: 30.9368:  29%|██▉       | 29/100 [1:25:25<3:29:31, 177.06s/it]                                                                                          [I 2026-07-24 23:14:21,488] Trial 29 finished with value: 17.5373 and parameters: {'vwap_buy_deviation': -0.023809671798714474, 'take_profit_pct': 0.012458272448723814, 'buy_confirm_min_score': 22, 'notify_sell_threshold': 58, 'notify_buy_threshold': 53, 'stock_qty_strong_pct': 0.47680911680658067, 'stock_qty_base_pct': 0.3332269047715591, 'stock_rebuild_strong_pct': 0.7842176333138937, 'stock_first_add_pct': 0.12130061216540347}. Best is trial 18 with value: 30.9368.
Best trial: 18. Best value: 30.9368:  29%|██▉       | 29/100 [1:28:20<3:29:31, 177.06s/it]Best trial: 18. Best value: 30.9368:  29%|██▉       | 29/100 [1:28:20<3:29:31, 177.06s/it]Best trial: 18. Best value: 30.9368:  30%|███       | 30/100 [1:28:20<3:25:52, 176.46s/it]                                                                                          [I 2026-07-24 23:17:18,245] Trial 30 finished with value: -100.0128 and parameters: {'vwap_buy_deviation': -0.01654224297766695, 'take_profit_pct': 0.007806331651722628, 'buy_confirm_min_score': 19, 'notify_sell_threshold': 51, 'notify_buy_threshold': 57, 'stock_qty_strong_pct': 0.5615910142973302, 'stock_qty_base_pct': 0.35600879352569503, 'stock_rebuild_strong_pct': 0.6859751716563139, 'stock_first_add_pct': 0.17831330736838635}. Best is trial 18 with value: 30.9368.
Best trial: 18. Best value: 30.9368:  30%|███       | 30/100 [1:31:16<3:25:52, 176.46s/it]Best trial: 18. Best value: 30.9368:  30%|███       | 30/100 [1:31:16<3:25:52, 176.46s/it]Best trial: 18. Best value: 30.9368:  31%|███       | 31/100 [1:31:16<3:23:01, 176.55s/it]                                                                                          [I 2026-07-24 23:20:13,974] Trial 31 finished with value: 19.78 and parameters: {'vwap_buy_deviation': -0.015058980065217123, 'take_profit_pct': 0.006788108972817186, 'buy_confirm_min_score': 18, 'notify_sell_threshold': 55, 'notify_buy_threshold': 49, 'stock_qty_strong_pct': 0.48898723853024484, 'stock_qty_base_pct': 0.34718706149718986, 'stock_rebuild_strong_pct': 0.5042165105726744, 'stock_first_add_pct': 0.17440287680351055}. Best is trial 18 with value: 30.9368.
Best trial: 18. Best value: 30.9368:  31%|███       | 31/100 [1:34:12<3:23:01, 176.55s/it]Best trial: 18. Best value: 30.9368:  31%|███       | 31/100 [1:34:12<3:23:01, 176.55s/it]Best trial: 18. Best value: 30.9368:  32%|███▏      | 32/100 [1:34:12<3:19:48, 176.30s/it]                                                                                          [I 2026-07-24 23:23:12,138] Trial 32 finished with value: 12.6365 and parameters: {'vwap_buy_deviation': -0.01815662337983455, 'take_profit_pct': 0.00610701644612566, 'buy_confirm_min_score': 17, 'notify_sell_threshold': 60, 'notify_buy_threshold': 50, 'stock_qty_strong_pct': 0.5136623317655741, 'stock_qty_base_pct': 0.37901019682872783, 'stock_rebuild_strong_pct': 0.5472987942580846, 'stock_first_add_pct': 0.14334082959516103}. Best is trial 18 with value: 30.9368.
Best trial: 18. Best value: 30.9368:  32%|███▏      | 32/100 [1:37:10<3:19:48, 176.30s/it]Best trial: 18. Best value: 30.9368:  32%|███▏      | 32/100 [1:37:10<3:19:48, 176.30s/it]Best trial: 18. Best value: 30.9368:  33%|███▎      | 33/100 [1:37:10<3:17:29, 176.86s/it]                                                                                          [I 2026-07-24 23:26:08,230] Trial 33 finished with value: 26.1917 and parameters: {'vwap_buy_deviation': -0.01629210702785112, 'take_profit_pct': 0.00869741859139607, 'buy_confirm_min_score': 19, 'notify_sell_threshold': 56, 'notify_buy_threshold': 51, 'stock_qty_strong_pct': 0.45454393570655705, 'stock_qty_base_pct': 0.30584010953039265, 'stock_rebuild_strong_pct': 0.6217572772393859, 'stock_first_add_pct': 0.16286428997067928}. Best is trial 18 with value: 30.9368.
Best trial: 18. Best value: 30.9368:  33%|███▎      | 33/100 [1:40:06<3:17:29, 176.86s/it]Best trial: 18. Best value: 30.9368:  33%|███▎      | 33/100 [1:40:06<3:17:29, 176.86s/it]Best trial: 18. Best value: 30.9368:  34%|███▍      | 34/100 [1:40:06<3:14:17, 176.63s/it]                                                                                          [I 2026-07-24 23:29:02,300] Trial 34 finished with value: 34.4952 and parameters: {'vwap_buy_deviation': -0.020570510619154273, 'take_profit_pct': 0.009945033748310721, 'buy_confirm_min_score': 24, 'notify_sell_threshold': 57, 'notify_buy_threshold': 54, 'stock_qty_strong_pct': 0.4491636352717412, 'stock_qty_base_pct': 0.3023755572330454, 'stock_rebuild_strong_pct': 0.6266446773549689, 'stock_first_add_pct': 0.15185066325608443}. Best is trial 34 with value: 34.4952.
Best trial: 18. Best value: 30.9368:  34%|███▍      | 34/100 [1:43:00<3:14:17, 176.63s/it]Best trial: 34. Best value: 34.4952:  34%|███▍      | 34/100 [1:43:00<3:14:17, 176.63s/it]Best trial: 34. Best value: 34.4952:  35%|███▌      | 35/100 [1:43:00<3:10:31, 175.86s/it]                                                                                          [I 2026-07-24 23:31:59,613] Trial 35 finished with value: 0.0 and parameters: {'vwap_buy_deviation': -0.021872645385503115, 'take_profit_pct': 0.01012141761904212, 'buy_confirm_min_score': 25, 'notify_sell_threshold': 58, 'notify_buy_threshold': 55, 'stock_qty_strong_pct': 0.40112493190826687, 'stock_qty_base_pct': 0.328794661199601, 'stock_rebuild_strong_pct': 0.6654927785389435, 'stock_first_add_pct': 0.11981974396770358}. Best is trial 34 with value: 34.4952.
Best trial: 34. Best value: 34.4952:  35%|███▌      | 35/100 [1:45:58<3:10:31, 175.86s/it]Best trial: 34. Best value: 34.4952:  35%|███▌      | 35/100 [1:45:58<3:10:31, 175.86s/it]Best trial: 34. Best value: 34.4952:  36%|███▌      | 36/100 [1:45:58<3:08:03, 176.30s/it]                                                                                          [I 2026-07-24 23:34:58,922] Trial 36 finished with value: 17.4069 and parameters: {'vwap_buy_deviation': -0.020930247221719576, 'take_profit_pct': 0.01217526006836557, 'buy_confirm_min_score': 23, 'notify_sell_threshold': 53, 'notify_buy_threshold': 47, 'stock_qty_strong_pct': 0.43597526422958693, 'stock_qty_base_pct': 0.3007025567677695, 'stock_rebuild_strong_pct': 0.7663435942164863, 'stock_first_add_pct': 0.14622745040831112}. Best is trial 34 with value: 34.4952.
Best trial: 34. Best value: 34.4952:  36%|███▌      | 36/100 [1:48:57<3:08:03, 176.30s/it]Best trial: 34. Best value: 34.4952:  36%|███▌      | 36/100 [1:48:57<3:08:03, 176.30s/it]Best trial: 34. Best value: 34.4952:  37%|███▋      | 37/100 [1:48:57<3:06:03, 177.20s/it]                                                                                          [I 2026-07-24 23:37:57,393] Trial 37 finished with value: 0.0 and parameters: {'vwap_buy_deviation': -0.019580975953602697, 'take_profit_pct': 0.007973842705132964, 'buy_confirm_min_score': 24, 'notify_sell_threshold': 57, 'notify_buy_threshold': 43, 'stock_qty_strong_pct': 0.38647494687189615, 'stock_qty_base_pct': 0.37930791548290277, 'stock_rebuild_strong_pct': 0.6462773905028468, 'stock_first_add_pct': 0.19526460496325979}. Best is trial 34 with value: 34.4952.
Best trial: 34. Best value: 34.4952:  37%|███▋      | 37/100 [1:51:56<3:06:03, 177.20s/it]Best trial: 34. Best value: 34.4952:  37%|███▋      | 37/100 [1:51:56<3:06:03, 177.20s/it]Best trial: 34. Best value: 34.4952:  38%|███▊      | 38/100 [1:51:56<3:03:30, 177.58s/it]                                                                                          [I 2026-07-24 23:40:55,011] Trial 38 finished with value: 0.0 and parameters: {'vwap_buy_deviation': -0.0257006136976515, 'take_profit_pct': 0.010877532168334585, 'buy_confirm_min_score': 24, 'notify_sell_threshold': 61, 'notify_buy_threshold': 58, 'stock_qty_strong_pct': 0.5830272683240172, 'stock_qty_base_pct': 0.17681847357806268, 'stock_rebuild_strong_pct': 0.5813446493212528, 'stock_first_add_pct': 0.11731424847898354}. Best is trial 34 with value: 34.4952.
Best trial: 34. Best value: 34.4952:  38%|███▊      | 38/100 [1:54:53<3:03:30, 177.58s/it]Best trial: 34. Best value: 34.4952:  38%|███▊      | 38/100 [1:54:53<3:03:30, 177.58s/it]Best trial: 34. Best value: 34.4952:  39%|███▉      | 39/100 [1:54:53<3:00:33, 177.59s/it]                                                                                          [I 2026-07-24 23:43:52,988] Trial 39 finished with value: -100.0124 and parameters: {'vwap_buy_deviation': -0.02295780467246387, 'take_profit_pct': 0.013262256242027265, 'buy_confirm_min_score': 27, 'notify_sell_threshold': 49, 'notify_buy_threshold': 54, 'stock_qty_strong_pct': 0.5438952315859701, 'stock_qty_base_pct': 0.25228763012985944, 'stock_rebuild_strong_pct': 0.7167228094541174, 'stock_first_add_pct': 0.15329194755678804}. Best is trial 34 with value: 34.4952.
Best trial: 34. Best value: 34.4952:  39%|███▉      | 39/100 [1:57:51<3:00:33, 177.59s/it]Best trial: 34. Best value: 34.4952:  39%|███▉      | 39/100 [1:57:51<3:00:33, 177.59s/it]Best trial: 34. Best value: 34.4952:  40%|████      | 40/100 [1:57:51<2:57:42, 177.71s/it]                                                                                          [I 2026-07-24 23:46:51,714] Trial 40 finished with value: 0.0 and parameters: {'vwap_buy_deviation': -0.021843878305400535, 'take_profit_pct': 0.005663292747370969, 'buy_confirm_min_score': 15, 'notify_sell_threshold': 65, 'notify_buy_threshold': 45, 'stock_qty_strong_pct': 0.34725500156377304, 'stock_qty_base_pct': 0.22527870687454132, 'stock_rebuild_strong_pct': 0.6360162674748299, 'stock_first_add_pct': 0.3177233534977278}. Best is trial 34 with value: 34.4952.
Best trial: 34. Best value: 34.4952:  40%|████      | 40/100 [2:00:50<2:57:42, 177.71s/it]Best trial: 34. Best value: 34.4952:  40%|████      | 40/100 [2:00:50<2:57:42, 177.71s/it]Best trial: 34. Best value: 34.4952:  41%|████      | 41/100 [2:00:50<2:55:02, 178.01s/it]                                                                                          [I 2026-07-24 23:49:48,560] Trial 41 finished with value: 26.1917 and parameters: {'vwap_buy_deviation': -0.016389028531643778, 'take_profit_pct': 0.008597321050829746, 'buy_confirm_min_score': 21, 'notify_sell_threshold': 56, 'notify_buy_threshold': 51, 'stock_qty_strong_pct': 0.45082996885096027, 'stock_qty_base_pct': 0.2664889133738419, 'stock_rebuild_strong_pct': 0.6284545230596206, 'stock_first_add_pct': 0.15682948904280977}. Best is trial 34 with value: 34.4952.
Best trial: 34. Best value: 34.4952:  41%|████      | 41/100 [2:03:47<2:55:02, 178.01s/it]Best trial: 34. Best value: 34.4952:  41%|████      | 41/100 [2:03:47<2:55:02, 178.01s/it]Best trial: 34. Best value: 34.4952:  42%|████▏     | 42/100 [2:03:47<2:51:44, 177.66s/it]                                                                                          [I 2026-07-24 23:52:46,609] Trial 42 finished with value: 32.412 and parameters: {'vwap_buy_deviation': -0.01853033389034873, 'take_profit_pct': 0.010137036493480479, 'buy_confirm_min_score': 19, 'notify_sell_threshold': 54, 'notify_buy_threshold': 53, 'stock_qty_strong_pct': 0.4287462961252281, 'stock_qty_base_pct': 0.30324715442162115, 'stock_rebuild_strong_pct': 0.6059021337235264, 'stock_first_add_pct': 0.1668834158166026}. Best is trial 34 with value: 34.4952.
Best trial: 34. Best value: 34.4952:  42%|████▏     | 42/100 [2:06:45<2:51:44, 177.66s/it]Best trial: 34. Best value: 34.4952:  42%|████▏     | 42/100 [2:06:45<2:51:44, 177.66s/it]Best trial: 34. Best value: 34.4952:  43%|████▎     | 43/100 [2:06:45<2:48:53, 177.78s/it]                                                                                          [I 2026-07-24 23:55:42,611] Trial 43 finished with value: -100.0128 and parameters: {'vwap_buy_deviation': -0.01855022769327909, 'take_profit_pct': 0.010639861206165306, 'buy_confirm_min_score': 25, 'notify_sell_threshold': 52, 'notify_buy_threshold': 56, 'stock_qty_strong_pct': 0.42824066719150206, 'stock_qty_base_pct': 0.29888669942814994, 'stock_rebuild_strong_pct': 0.5731757231072299, 'stock_first_add_pct': 0.1856842255232821}. Best is trial 34 with value: 34.4952.
Best trial: 34. Best value: 34.4952:  43%|████▎     | 43/100 [2:09:41<2:48:53, 177.78s/it]Best trial: 34. Best value: 34.4952:  43%|████▎     | 43/100 [2:09:41<2:48:53, 177.78s/it]Best trial: 34. Best value: 34.4952:  44%|████▍     | 44/100 [2:09:41<2:45:25, 177.25s/it]                                                                                          [I 2026-07-24 23:58:40,135] Trial 44 finished with value: 32.412 and parameters: {'vwap_buy_deviation': -0.020520219161147896, 'take_profit_pct': 0.011336079571167019, 'buy_confirm_min_score': 23, 'notify_sell_threshold': 54, 'notify_buy_threshold': 53, 'stock_qty_strong_pct': 0.47008234066201526, 'stock_qty_base_pct': 0.3436796967532969, 'stock_rebuild_strong_pct': 0.5349178463644524, 'stock_first_add_pct': 0.21600235752856486}. Best is trial 34 with value: 34.4952.
Best trial: 34. Best value: 34.4952:  44%|████▍     | 44/100 [2:12:38<2:45:25, 177.25s/it]Best trial: 34. Best value: 34.4952:  44%|████▍     | 44/100 [2:12:38<2:45:25, 177.25s/it]Best trial: 34. Best value: 34.4952:  45%|████▌     | 45/100 [2:12:38<2:42:33, 177.33s/it]                                                                                          [I 2026-07-25 00:01:38,835] Trial 45 finished with value: -100.0124 and parameters: {'vwap_buy_deviation': -0.020663230995628196, 'take_profit_pct': 0.011688065682813133, 'buy_confirm_min_score': 20, 'notify_sell_threshold': 47, 'notify_buy_threshold': 60, 'stock_qty_strong_pct': 0.4709298059594366, 'stock_qty_base_pct': 0.3239609967291571, 'stock_rebuild_strong_pct': 0.5436192539395958, 'stock_first_add_pct': 0.2154757895167307}. Best is trial 34 with value: 34.4952.
Best trial: 34. Best value: 34.4952:  45%|████▌     | 45/100 [2:15:37<2:42:33, 177.33s/it]Best trial: 34. Best value: 34.4952:  45%|████▌     | 45/100 [2:15:37<2:42:33, 177.33s/it]Best trial: 34. Best value: 34.4952:  46%|████▌     | 46/100 [2:15:37<2:39:57, 177.74s/it]                                                                                          [I 2026-07-25 00:04:35,853] Trial 46 finished with value: 31.4259 and parameters: {'vwap_buy_deviation': -0.022212360400632764, 'take_profit_pct': 0.010034291092643099, 'buy_confirm_min_score': 23, 'notify_sell_threshold': 54, 'notify_buy_threshold': 54, 'stock_qty_strong_pct': 0.40899463989346885, 'stock_qty_base_pct': 0.346589195607317, 'stock_rebuild_strong_pct': 0.5967600691674912, 'stock_first_add_pct': 0.2188930405502239}. Best is trial 34 with value: 34.4952.
Best trial: 34. Best value: 34.4952:  46%|████▌     | 46/100 [2:18:34<2:39:57, 177.74s/it]Best trial: 34. Best value: 34.4952:  46%|████▌     | 46/100 [2:18:34<2:39:57, 177.74s/it]Best trial: 34. Best value: 34.4952:  47%|████▋     | 47/100 [2:18:34<2:36:48, 177.52s/it]                                                                                          [I 2026-07-25 00:07:32,900] Trial 47 finished with value: 31.4259 and parameters: {'vwap_buy_deviation': -0.025719670243312395, 'take_profit_pct': 0.01050394300474679, 'buy_confirm_min_score': 26, 'notify_sell_threshold': 54, 'notify_buy_threshold': 54, 'stock_qty_strong_pct': 0.3731058881944257, 'stock_qty_base_pct': 0.3437909941218111, 'stock_rebuild_strong_pct': 0.5409426521169247, 'stock_first_add_pct': 0.26418233157296434}. Best is trial 34 with value: 34.4952.
Best trial: 34. Best value: 34.4952:  47%|████▋     | 47/100 [2:21:31<2:36:48, 177.52s/it]Best trial: 34. Best value: 34.4952:  47%|████▋     | 47/100 [2:21:31<2:36:48, 177.52s/it]Best trial: 34. Best value: 34.4952:  48%|████▊     | 48/100 [2:21:31<2:33:43, 177.38s/it]                                                                                          [I 2026-07-25 00:10:31,932] Trial 48 finished with value: 30.5525 and parameters: {'vwap_buy_deviation': -0.027021933869364082, 'take_profit_pct': 0.010307186473912058, 'buy_confirm_min_score': 26, 'notify_sell_threshold': 53, 'notify_buy_threshold': 54, 'stock_qty_strong_pct': 0.3712420797379129, 'stock_qty_base_pct': 0.34180126193456223, 'stock_rebuild_strong_pct': 0.5242054880177326, 'stock_first_add_pct': 0.2644025631430383}. Best is trial 34 with value: 34.4952.
Best trial: 34. Best value: 34.4952:  48%|████▊     | 48/100 [2:24:30<2:33:43, 177.38s/it]Best trial: 34. Best value: 34.4952:  48%|████▊     | 48/100 [2:24:30<2:33:43, 177.38s/it]Best trial: 34. Best value: 34.4952:  49%|████▉     | 49/100 [2:24:30<2:31:11, 177.88s/it]                                                                                          [I 2026-07-25 00:13:34,060] Trial 49 finished with value: -100.0128 and parameters: {'vwap_buy_deviation': -0.0297627802497857, 'take_profit_pct': 0.011490714448622204, 'buy_confirm_min_score': 24, 'notify_sell_threshold': 50, 'notify_buy_threshold': 62, 'stock_qty_strong_pct': 0.3308102749716079, 'stock_qty_base_pct': 0.2706874496902472, 'stock_rebuild_strong_pct': 0.5299638853958525, 'stock_first_add_pct': 0.21847755004578492}. Best is trial 34 with value: 34.4952.
Best trial: 34. Best value: 34.4952:  49%|████▉     | 49/100 [2:27:32<2:31:11, 177.88s/it]Best trial: 34. Best value: 34.4952:  49%|████▉     | 49/100 [2:27:32<2:31:11, 177.88s/it]Best trial: 34. Best value: 34.4952:  50%|█████     | 50/100 [2:27:32<2:29:17, 179.15s/it]                                                                                          [I 2026-07-25 00:16:37,306] Trial 50 finished with value: 0.0 and parameters: {'vwap_buy_deviation': -0.025009066686358165, 'take_profit_pct': 0.01312121480255514, 'buy_confirm_min_score': 25, 'notify_sell_threshold': 54, 'notify_buy_threshold': 56, 'stock_qty_strong_pct': 0.3065248392037362, 'stock_qty_base_pct': 0.3157365802570034, 'stock_rebuild_strong_pct': 0.6083663345147472, 'stock_first_add_pct': 0.27104462973170224}. Best is trial 34 with value: 34.4952.
Best trial: 34. Best value: 34.4952:  50%|█████     | 50/100 [2:30:35<2:29:17, 179.15s/it]Best trial: 34. Best value: 34.4952:  50%|█████     | 50/100 [2:30:36<2:29:17, 179.15s/it]Best trial: 34. Best value: 34.4952:  51%|█████     | 51/100 [2:30:36<2:27:18, 180.39s/it]                                                                                          [I 2026-07-25 00:19:35,878] Trial 51 finished with value: 32.412 and parameters: {'vwap_buy_deviation': -0.023600997879437938, 'take_profit_pct': 0.011095556534014252, 'buy_confirm_min_score': 27, 'notify_sell_threshold': 54, 'notify_buy_threshold': 53, 'stock_qty_strong_pct': 0.4099347608741137, 'stock_qty_base_pct': 0.35066008049175956, 'stock_rebuild_strong_pct': 0.5672497738498318, 'stock_first_add_pct': 0.24594519794250183}. Best is trial 34 with value: 34.4952.
