Best trial: 0. Best value: -9999:  33%|███▎      | 33/100 [59:29<1:55:44, 103.65s/it]Best trial: 0. Best value: -9999:  33%|███▎      | 33/100 [59:29<1:55:44, 103.65s/it]Best trial: 0. Best value: -9999:  34%|███▍      | 34/100 [59:29<1:54:06, 103.74s/it]                                                                                     [I 2026-07-23 23:36:08,397] Trial 34 finished with value: -9999.0 and parameters: {'vwap_buy_deviation': -0.03149338708212946, 'take_profit_pct': 0.006988350072633343, 'buy_confirm_min_score': 22, 'notify_sell_threshold': 62, 'notify_buy_threshold': 54}. Best is trial 0 with value: -9999.0.
Best trial: 0. Best value: -9999:  34%|███▍      | 34/100 [1:01:13<1:54:06, 103.74s/it]Best trial: 0. Best value: -9999:  34%|███▍      | 34/100 [1:01:13<1:54:06, 103.74s/it]Best trial: 0. Best value: -9999:  35%|███▌      | 35/100 [1:01:13<1:52:28, 103.82s/it]                                                                                       [I 2026-07-23 23:37:50,121] Trial 35 finished with value: -9999.0 and parameters: {'vwap_buy_deviation': -0.03360777511296997, 'take_profit_pct': 0.00844057132353546, 'buy_confirm_min_score': 19, 'notify_sell_threshold': 59, 'notify_buy_threshold': 44}. Best is trial 0 with value: -9999.0.
Best trial: 0. Best value: -9999:  35%|███▌      | 35/100 [1:02:55<1:52:28, 103.82s/it]Best trial: 0. Best value: -9999:  35%|███▌      | 35/100 [1:02:55<1:52:28, 103.82s/it]Best trial: 0. Best value: -9999:  36%|███▌      | 36/100 [1:02:55<1:50:04, 103.19s/it]                                                                                       [I 2026-07-23 23:39:35,802] Trial 36 finished with value: -9999.0 and parameters: {'vwap_buy_deviation': -0.02726924489887607, 'take_profit_pct': 0.012373903116288148, 'buy_confirm_min_score': 24, 'notify_sell_threshold': 55, 'notify_buy_threshold': 40}. Best is trial 0 with value: -9999.0.
Best trial: 0. Best value: -9999:  36%|███▌      | 36/100 [1:04:41<1:50:04, 103.19s/it]Best trial: 0. Best value: -9999:  36%|███▌      | 36/100 [1:04:41<1:50:04, 103.19s/it]Best trial: 0. Best value: -9999:  37%|███▋      | 37/100 [1:04:41<1:49:08, 103.94s/it]                                                                                       [I 2026-07-23 23:41:20,192] Trial 37 finished with value: -9999.0 and parameters: {'vwap_buy_deviation': -0.02221972312139019, 'take_profit_pct': 0.009546786159852667, 'buy_confirm_min_score': 27, 'notify_sell_threshold': 49, 'notify_buy_threshold': 45}. Best is trial 0 with value: -9999.0.
Best trial: 0. Best value: -9999:  37%|███▋      | 37/100 [1:06:25<1:49:08, 103.94s/it]Best trial: 0. Best value: -9999:  37%|███▋      | 37/100 [1:06:25<1:49:08, 103.94s/it]Best trial: 0. Best value: -9999:  38%|███▊      | 38/100 [1:06:25<1:47:32, 104.07s/it]                                                                                       [I 2026-07-23 23:42:59,648] Trial 38 finished with value: -9999.0 and parameters: {'vwap_buy_deviation': -0.02432455886080042, 'take_profit_pct': 0.007341846199920848, 'buy_confirm_min_score': 17, 'notify_sell_threshold': 52, 'notify_buy_threshold': 48}. Best is trial 0 with value: -9999.0.
Best trial: 0. Best value: -9999:  38%|███▊      | 38/100 [1:08:04<1:47:32, 104.07s/it]Best trial: 0. Best value: -9999:  38%|███▊      | 38/100 [1:08:04<1:47:32, 104.07s/it]Best trial: 0. Best value: -9999:  39%|███▉      | 39/100 [1:08:04<1:44:23, 102.69s/it]                                                                                       [I 2026-07-23 23:44:44,514] Trial 39 finished with value: -9999.0 and parameters: {'vwap_buy_deviation': -0.03499475775390574, 'take_profit_pct': 0.011748863954190692, 'buy_confirm_min_score': 30, 'notify_sell_threshold': 66, 'notify_buy_threshold': 70}. Best is trial 0 with value: -9999.0.
Best trial: 0. Best value: -9999:  39%|███▉      | 39/100 [1:09:49<1:44:23, 102.69s/it]Best trial: 0. Best value: -9999:  39%|███▉      | 39/100 [1:09:49<1:44:23, 102.69s/it]Best trial: 0. Best value: -9999:  40%|████      | 40/100 [1:09:49<1:43:20, 103.34s/it]                                                                                       [I 2026-07-23 23:46:26,062] Trial 40 finished with value: -9999.0 and parameters: {'vwap_buy_deviation': -0.020189863301216353, 'take_profit_pct': 0.006187186353345369, 'buy_confirm_min_score': 22, 'notify_sell_threshold': 70, 'notify_buy_threshold': 62}. Best is trial 0 with value: -9999.0.
Best trial: 0. Best value: -9999:  40%|████      | 40/100 [1:11:31<1:43:20, 103.34s/it]Best trial: 0. Best value: -9999:  40%|████      | 40/100 [1:11:31<1:43:20, 103.34s/it]Best trial: 0. Best value: -9999:  41%|████      | 41/100 [1:11:31<1:41:05, 102.80s/it]                                                                                       [I 2026-07-23 23:48:07,260] Trial 41 finished with value: -9999.0 and parameters: {'vwap_buy_deviation': -0.01770899261462592, 'take_profit_pct': 0.007749270569279327, 'buy_confirm_min_score': 18, 'notify_sell_threshold': 57, 'notify_buy_threshold': 54}. Best is trial 0 with value: -9999.0.
Best trial: 0. Best value: -9999:  41%|████      | 41/100 [1:13:12<1:41:05, 102.80s/it]Best trial: 0. Best value: -9999:  41%|████      | 41/100 [1:13:12<1:41:05, 102.80s/it]Best trial: 0. Best value: -9999:  42%|████▏     | 42/100 [1:13:12<1:38:54, 102.32s/it]                                                                                       [I 2026-07-23 23:49:52,153] Trial 42 finished with value: -9999.0 and parameters: {'vwap_buy_deviation': -0.018789930447815927, 'take_profit_pct': 0.010187594676217805, 'buy_confirm_min_score': 15, 'notify_sell_threshold': 42, 'notify_buy_threshold': 61}. Best is trial 0 with value: -9999.0.
Best trial: 0. Best value: -9999:  42%|████▏     | 42/100 [1:14:57<1:38:54, 102.32s/it]Best trial: 0. Best value: -9999:  42%|████▏     | 42/100 [1:14:57<1:38:54, 102.32s/it]Best trial: 0. Best value: -9999:  43%|████▎     | 43/100 [1:14:57<1:37:56, 103.09s/it]                                                                                       [I 2026-07-23 23:51:31,616] Trial 43 finished with value: -9999.0 and parameters: {'vwap_buy_deviation': -0.03276813512941859, 'take_profit_pct': 0.008739670325780567, 'buy_confirm_min_score': 26, 'notify_sell_threshold': 46, 'notify_buy_threshold': 58}. Best is trial 0 with value: -9999.0.
Best trial: 0. Best value: -9999:  43%|████▎     | 43/100 [1:16:36<1:37:56, 103.09s/it]Best trial: 0. Best value: -9999:  43%|████▎     | 43/100 [1:16:36<1:37:56, 103.09s/it]Best trial: 0. Best value: -9999:  44%|████▍     | 44/100 [1:16:36<1:35:12, 102.00s/it]                                                                                       [I 2026-07-23 23:53:16,436] Trial 44 finished with value: -9999.0 and parameters: {'vwap_buy_deviation': -0.020261478484578564, 'take_profit_pct': 0.005123939830151416, 'buy_confirm_min_score': 20, 'notify_sell_threshold': 50, 'notify_buy_threshold': 53}. Best is trial 0 with value: -9999.0.
Best trial: 0. Best value: -9999:  44%|████▍     | 44/100 [1:18:21<1:35:12, 102.00s/it]Best trial: 0. Best value: -9999:  44%|████▍     | 44/100 [1:18:21<1:35:12, 102.00s/it]Best trial: 0. Best value: -9999:  45%|████▌     | 45/100 [1:18:21<1:34:16, 102.85s/it]                                                                                       [I 2026-07-23 23:55:02,437] Trial 45 finished with value: -9999.0 and parameters: {'vwap_buy_deviation': -0.025569790182372296, 'take_profit_pct': 0.023519930364312793, 'buy_confirm_min_score': 28, 'notify_sell_threshold': 55, 'notify_buy_threshold': 49}. Best is trial 0 with value: -9999.0.
Best trial: 0. Best value: -9999:  45%|████▌     | 45/100 [1:20:07<1:34:16, 102.85s/it]Best trial: 0. Best value: -9999:  45%|████▌     | 45/100 [1:20:07<1:34:16, 102.85s/it]Best trial: 0. Best value: -9999:  46%|████▌     | 46/100 [1:20:07<1:33:24, 103.79s/it]                                                                                       [I 2026-07-23 23:56:42,511] Trial 46 finished with value: -9999.0 and parameters: {'vwap_buy_deviation': -0.023063159355770566, 'take_profit_pct': 0.0060429285981217955, 'buy_confirm_min_score': 29, 'notify_sell_threshold': 52, 'notify_buy_threshold': 46}. Best is trial 0 with value: -9999.0.
Best trial: 0. Best value: -9999:  46%|████▌     | 46/100 [1:21:47<1:33:24, 103.79s/it]Best trial: 0. Best value: -9999:  46%|████▌     | 46/100 [1:21:47<1:33:24, 103.79s/it]Best trial: 0. Best value: -9999:  47%|████▋     | 47/100 [1:21:47<1:30:41, 102.68s/it]                                                                                       [I 2026-07-23 23:58:26,696] Trial 47 finished with value: -9999.0 and parameters: {'vwap_buy_deviation': -0.027483526321115857, 'take_profit_pct': 0.021972018993085218, 'buy_confirm_min_score': 26, 'notify_sell_threshold': 58, 'notify_buy_threshold': 55}. Best is trial 0 with value: -9999.0.
Best trial: 0. Best value: -9999:  47%|████▋     | 47/100 [1:23:31<1:30:41, 102.68s/it]Best trial: 0. Best value: -9999:  47%|████▋     | 47/100 [1:23:31<1:30:41, 102.68s/it]Best trial: 0. Best value: -9999:  48%|████▊     | 48/100 [1:23:31<1:29:22, 103.13s/it]                                                                                       [I 2026-07-24 00:00:12,916] Trial 48 finished with value: -9999.0 and parameters: {'vwap_buy_deviation': -0.030707569157078556, 'take_profit_pct': 0.007963790936732943, 'buy_confirm_min_score': 23, 'notify_sell_threshold': 61, 'notify_buy_threshold': 59}. Best is trial 0 with value: -9999.0.
Best trial: 0. Best value: -9999:  48%|████▊     | 48/100 [1:25:18<1:29:22, 103.13s/it]Best trial: 0. Best value: -9999:  48%|████▊     | 48/100 [1:25:18<1:29:22, 103.13s/it]Best trial: 0. Best value: -9999:  49%|████▉     | 49/100 [1:25:18<1:28:26, 104.06s/it]                                                                                       [I 2026-07-24 00:01:55,942] Trial 49 finished with value: -9999.0 and parameters: {'vwap_buy_deviation': -0.015058572481454365, 'take_profit_pct': 0.017429484675008003, 'buy_confirm_min_score': 17, 'notify_sell_threshold': 56, 'notify_buy_threshold': 42}. Best is trial 0 with value: -9999.0.
Best trial: 0. Best value: -9999:  49%|████▉     | 49/100 [1:27:01<1:28:26, 104.06s/it]Best trial: 0. Best value: -9999:  49%|████▉     | 49/100 [1:27:01<1:28:26, 104.06s/it]Best trial: 0. Best value: -9999:  50%|█████     | 50/100 [1:27:01<1:26:27, 103.75s/it]                                                                                       [I 2026-07-24 00:03:41,601] Trial 50 finished with value: -9999.0 and parameters: {'vwap_buy_deviation': -0.021155263543757127, 'take_profit_pct': 0.018585994932553338, 'buy_confirm_min_score': 27, 'notify_sell_threshold': 49, 'notify_buy_threshold': 67}. Best is trial 0 with value: -9999.0.
Best trial: 0. Best value: -9999:  50%|█████     | 50/100 [1:28:46<1:26:27, 103.75s/it]Best trial: 0. Best value: -9999:  50%|█████     | 50/100 [1:28:46<1:26:27, 103.75s/it]Best trial: 0. Best value: -9999:  51%|█████     | 51/100 [1:28:46<1:25:11, 104.32s/it]                                                                                       [I 2026-07-24 00:05:22,717] Trial 51 finished with value: -9999.0 and parameters: {'vwap_buy_deviation': -0.017302667433998543, 'take_profit_pct': 0.008878836715457363, 'buy_confirm_min_score': 22, 'notify_sell_threshold': 63, 'notify_buy_threshold': 40}. Best is trial 0 with value: -9999.0.
Best trial: 0. Best value: -9999:  51%|█████     | 51/100 [1:30:27<1:25:11, 104.32s/it]Best trial: 0. Best value: -9999:  51%|█████     | 51/100 [1:30:27<1:25:11, 104.32s/it]Best trial: 0. Best value: -9999:  52%|█████▏    | 52/100 [1:30:27<1:22:41, 103.36s/it]                                                                                       [I 2026-07-24 00:07:07,219] Trial 52 finished with value: -9999.0 and parameters: {'vwap_buy_deviation': -0.029245721786052288, 'take_profit_pct': 0.0066972969522657525, 'buy_confirm_min_score': 25, 'notify_sell_threshold': 58, 'notify_buy_threshold': 43}. Best is trial 0 with value: -9999.0.
Best trial: 0. Best value: -9999:  52%|█████▏    | 52/100 [1:32:12<1:22:41, 103.36s/it]Best trial: 0. Best value: -9999:  52%|█████▏    | 52/100 [1:32:12<1:22:41, 103.36s/it]Best trial: 0. Best value: -9999:  53%|█████▎    | 53/100 [1:32:12<1:21:14, 103.70s/it]                                                                                       [I 2026-07-24 00:08:51,888] Trial 53 finished with value: -9999.0 and parameters: {'vwap_buy_deviation': -0.0245823639543614, 'take_profit_pct': 0.010914794735338868, 'buy_confirm_min_score': 30, 'notify_sell_threshold': 54, 'notify_buy_threshold': 41}. Best is trial 0 with value: -9999.0.
Best trial: 0. Best value: -9999:  53%|█████▎    | 53/100 [1:33:57<1:21:14, 103.70s/it]Best trial: 0. Best value: -9999:  53%|█████▎    | 53/100 [1:33:57<1:21:14, 103.70s/it]Best trial: 0. Best value: -9999:  54%|█████▍    | 54/100 [1:33:57<1:19:43, 103.99s/it]                                                                                       [I 2026-07-24 00:10:31,984] Trial 54 finished with value: -9999.0 and parameters: {'vwap_buy_deviation': -0.0233319300229302, 'take_profit_pct': 0.02406393916853569, 'buy_confirm_min_score': 20, 'notify_sell_threshold': 61, 'notify_buy_threshold': 44}. Best is trial 0 with value: -9999.0.
Best trial: 0. Best value: -9999:  54%|█████▍    | 54/100 [1:35:37<1:19:43, 103.99s/it]Best trial: 0. Best value: -9999:  54%|█████▍    | 54/100 [1:35:37<1:19:43, 103.99s/it]Best trial: 0. Best value: -9999:  55%|█████▌    | 55/100 [1:35:37<1:17:07, 102.82s/it]                                                                                       [I 2026-07-24 00:12:17,174] Trial 55 finished with value: -9999.0 and parameters: {'vwap_buy_deviation': -0.016606070797609007, 'take_profit_pct': 0.00942738792436498, 'buy_confirm_min_score': 28, 'notify_sell_threshold': 47, 'notify_buy_threshold': 45}. Best is trial 0 with value: -9999.0.
Best trial: 0. Best value: -9999:  55%|█████▌    | 55/100 [1:37:22<1:17:07, 102.82s/it]Best trial: 0. Best value: -9999:  55%|█████▌    | 55/100 [1:37:22<1:17:07, 102.82s/it]Best trial: 0. Best value: -9999:  56%|█████▌    | 56/100 [1:37:22<1:15:55, 103.53s/it]                                                                                       [I 2026-07-24 00:13:58,877] Trial 56 finished with value: -9999.0 and parameters: {'vwap_buy_deviation': -0.032160931239767925, 'take_profit_pct': 0.019303572895968082, 'buy_confirm_min_score': 26, 'notify_sell_threshold': 56, 'notify_buy_threshold': 64}. Best is trial 0 with value: -9999.0.
Best trial: 0. Best value: -9999:  56%|█████▌    | 56/100 [1:39:04<1:15:55, 103.53s/it]Best trial: 0. Best value: -9999:  56%|█████▌    | 56/100 [1:39:04<1:15:55, 103.53s/it]Best trial: 0. Best value: -9999:  57%|█████▋    | 57/100 [1:39:04<1:13:48, 102.98s/it]                                                                                       [I 2026-07-24 00:15:40,957] Trial 57 finished with value: -9999.0 and parameters: {'vwap_buy_deviation': -0.03431692189089306, 'take_profit_pct': 0.015633767619024366, 'buy_confirm_min_score': 24, 'notify_sell_threshold': 59, 'notify_buy_threshold': 47}. Best is trial 0 with value: -9999.0.
Best trial: 0. Best value: -9999:  57%|█████▋    | 57/100 [1:40:46<1:13:48, 102.98s/it]Best trial: 0. Best value: -9999:  57%|█████▋    | 57/100 [1:40:46<1:13:48, 102.98s/it]Best trial: 0. Best value: -9999:  58%|█████▊    | 58/100 [1:40:46<1:11:53, 102.71s/it]                                                                                       [I 2026-07-24 00:17:26,374] Trial 58 finished with value: 0.0 and parameters: {'vwap_buy_deviation': -0.02804447022176319, 'take_profit_pct': 0.021575862542719725, 'buy_confirm_min_score': 29, 'notify_sell_threshold': 65, 'notify_buy_threshold': 43}. Best is trial 58 with value: 0.0.
Best trial: 0. Best value: -9999:  58%|█████▊    | 58/100 [1:42:31<1:11:53, 102.71s/it]Best trial: 58. Best value: 0:  58%|█████▊    | 58/100 [1:42:31<1:11:53, 102.71s/it]   Best trial: 58. Best value: 0:  59%|█████▉    | 59/100 [1:42:31<1:10:44, 103.52s/it]                                                                                    [I 2026-07-24 00:19:07,464] Trial 59 finished with value: -9999.0 and parameters: {'vwap_buy_deviation': -0.02602341107864247, 'take_profit_pct': 0.02265645916788872, 'buy_confirm_min_score': 29, 'notify_sell_threshold': 66, 'notify_buy_threshold': 51}. Best is trial 58 with value: 0.0.
Best trial: 58. Best value: 0:  59%|█████▉    | 59/100 [1:44:12<1:10:44, 103.52s/it]Best trial: 58. Best value: 0:  59%|█████▉    | 59/100 [1:44:12<1:10:44, 103.52s/it]Best trial: 58. Best value: 0:  60%|██████    | 60/100 [1:44:12<1:08:31, 102.79s/it]                                                                                    [I 2026-07-24 00:20:52,901] Trial 60 finished with value: -9999.0 and parameters: {'vwap_buy_deviation': -0.028109349329362543, 'take_profit_pct': 0.02134506805764573, 'buy_confirm_min_score': 29, 'notify_sell_threshold': 64, 'notify_buy_threshold': 43}. Best is trial 58 with value: 0.0.
Best trial: 58. Best value: 0:  60%|██████    | 60/100 [1:45:58<1:08:31, 102.79s/it]Best trial: 58. Best value: 0:  60%|██████    | 60/100 [1:45:58<1:08:31, 102.79s/it]Best trial: 58. Best value: 0:  61%|██████    | 61/100 [1:45:58<1:07:19, 103.59s/it]                                                                                    [I 2026-07-24 00:22:37,649] Trial 61 finished with value: 0.0 and parameters: {'vwap_buy_deviation': -0.03306612571471753, 'take_profit_pct': 0.024261625907923565, 'buy_confirm_min_score': 28, 'notify_sell_threshold': 68, 'notify_buy_threshold': 41}. Best is trial 58 with value: 0.0.
Best trial: 58. Best value: 0:  61%|██████    | 61/100 [1:47:42<1:07:19, 103.59s/it]Best trial: 58. Best value: 0:  61%|██████    | 61/100 [1:47:42<1:07:19, 103.59s/it]Best trial: 58. Best value: 0:  62%|██████▏   | 62/100 [1:47:42<1:05:49, 103.94s/it]                                                                                    [I 2026-07-24 00:24:18,172] Trial 62 finished with value: 0.0 and parameters: {'vwap_buy_deviation': -0.0330902689301024, 'take_profit_pct': 0.02390096972585, 'buy_confirm_min_score': 28, 'notify_sell_threshold': 68, 'notify_buy_threshold': 41}. Best is trial 58 with value: 0.0.
Best trial: 58. Best value: 0:  62%|██████▏   | 62/100 [1:49:23<1:05:49, 103.94s/it]Best trial: 58. Best value: 0:  62%|██████▏   | 62/100 [1:49:23<1:05:49, 103.94s/it]Best trial: 58. Best value: 0:  63%|██████▎   | 63/100 [1:49:23<1:03:27, 102.91s/it]                                                                                    [I 2026-07-24 00:26:03,929] Trial 63 finished with value: 0.0 and parameters: {'vwap_buy_deviation': -0.03310126844851779, 'take_profit_pct': 0.023753405209728826, 'buy_confirm_min_score': 28, 'notify_sell_threshold': 68, 'notify_buy_threshold': 41}. Best is trial 58 with value: 0.0.
Best trial: 58. Best value: 0:  63%|██████▎   | 63/100 [1:51:09<1:03:27, 102.91s/it]Best trial: 58. Best value: 0:  63%|██████▎   | 63/100 [1:51:09<1:03:27, 102.91s/it]Best trial: 58. Best value: 0:  64%|██████▍   | 64/100 [1:51:09<1:02:15, 103.77s/it]                                                                                    [I 2026-07-24 00:27:46,277] Trial 64 finished with value: 0.0 and parameters: {'vwap_buy_deviation': -0.03313579903734752, 'take_profit_pct': 0.02372164319908429, 'buy_confirm_min_score': 28, 'notify_sell_threshold': 68, 'notify_buy_threshold': 41}. Best is trial 58 with value: 0.0.
Best trial: 58. Best value: 0:  64%|██████▍   | 64/100 [1:52:51<1:02:15, 103.77s/it]Best trial: 58. Best value: 0:  64%|██████▍   | 64/100 [1:52:51<1:02:15, 103.77s/it]Best trial: 58. Best value: 0:  65%|██████▌   | 65/100 [1:52:51<1:00:16, 103.34s/it]                                                                                    [I 2026-07-24 00:29:29,258] Trial 65 finished with value: 0.0 and parameters: {'vwap_buy_deviation': -0.03330657995660596, 'take_profit_pct': 0.023795174675789923, 'buy_confirm_min_score': 28, 'notify_sell_threshold': 68, 'notify_buy_threshold': 41}. Best is trial 58 with value: 0.0.
Best trial: 58. Best value: 0:  65%|██████▌   | 65/100 [1:54:34<1:00:16, 103.34s/it]Best trial: 58. Best value: 0:  65%|██████▌   | 65/100 [1:54:34<1:00:16, 103.34s/it]Best trial: 58. Best value: 0:  66%|██████▌   | 66/100 [1:54:34<58:29, 103.23s/it]                                                                                    [I 2026-07-24 00:31:15,507] Trial 66 finished with value: 0.0 and parameters: {'vwap_buy_deviation': -0.03304538910611601, 'take_profit_pct': 0.023921817835755966, 'buy_confirm_min_score': 28, 'notify_sell_threshold': 67, 'notify_buy_threshold': 41}. Best is trial 58 with value: 0.0.
Best trial: 58. Best value: 0:  66%|██████▌   | 66/100 [1:56:20<58:29, 103.23s/it]Best trial: 58. Best value: 0:  66%|██████▌   | 66/100 [1:56:20<58:29, 103.23s/it]Best trial: 58. Best value: 0:  67%|██████▋   | 67/100 [1:56:20<57:16, 104.14s/it]                                                                                  [I 2026-07-24 00:32:55,204] Trial 67 finished with value: 0.0 and parameters: {'vwap_buy_deviation': -0.033028666366432, 'take_profit_pct': 0.02365351201152607, 'buy_confirm_min_score': 28, 'notify_sell_threshold': 68, 'notify_buy_threshold': 41}. Best is trial 58 with value: 0.0.
