Best trial: 51. Best value: 433.721:  98%|█████████▊| 98/100 [2:50:30<03:24, 102.22s/it]Best trial: 51. Best value: 433.721:  98%|█████████▊| 98/100 [2:50:30<03:24, 102.22s/it]Best trial: 51. Best value: 433.721:  99%|█████████▉| 99/100 [2:50:30<01:42, 102.86s/it]                                                                                        [I 2026-07-24 01:27:06,221] Trial 99 finished with value: 148.2089 and parameters: {'vwap_buy_deviation': -0.028121744302507346, 'take_profit_pct': 0.014954497386408624, 'buy_confirm_min_score': 17, 'notify_sell_threshold': 68, 'notify_buy_threshold': 44}. Best is trial 51 with value: 433.7209.
Best trial: 51. Best value: 433.721:  99%|█████████▉| 99/100 [2:52:14<01:42, 102.86s/it]Best trial: 51. Best value: 433.721:  99%|█████████▉| 99/100 [2:52:14<01:42, 102.86s/it]Best trial: 51. Best value: 433.721: 100%|██████████| 100/100 [2:52:14<00:00, 103.22s/it]Best trial: 51. Best value: 433.721: 100%|██████████| 100/100 [2:52:14<00:00, 103.34s/it]

[Optuna] 最佳 composite_score = 433.7209, params = {'vwap_buy_deviation': -0.017302667433998543, 'take_profit_pct': 0.021065415335239788, 'buy_confirm_min_score': 20, 'notify_sell_threshold': 51, 'notify_buy_threshold': 40}

[最优参数] 训练集...

[基准对比] 默认参数在测试集...
  默认: wr=0.00% pnl=+0 composite=-9999.00

[过拟合] 训练=433.72 测试=28.74 比=6.63% [有风险]

[邻域稳定性测试] 最优参数 ±5% 摇动...
  最优: 28.74
  邻域平均: 36.10
    vwap_buy_deviation=-0.0164 → composite=62.29
    vwap_buy_deviation=-0.0182 → composite=28.74
    take_profit_pct=0.02 → composite=27.03
    take_profit_pct=0.0221 → composite=41.04
    buy_confirm_min_score=19 → composite=28.74
    buy_confirm_min_score=21 → composite=28.74
  判定: [稳定]
[结果] -> E:\06_T\t_io\optimizer\best_params.json
[报告] E:\06_T\t_io\optimizer\optimizer_report.md

=======================================================
  寻优完成
=======================================================
  VWAP偏离买入阈值: -0.017302667433998543
  止盈比例: 0.021065415335239788
  买入确认最低分: 20
  卖出推送阈值: 51
  买入推送阈值: 40
  训练集综合得分: 433.72
  输出: E:\06_T\t_io\optimizer/
