Best trial: 5. Best value: 69.2784:  51%|█████     | 51/100 [2:49:51<2:01:14, 148.46s/it]Best trial: 5. Best value: 69.2784:  51%|█████     | 51/100 [2:49:51<2:01:14, 148.46s/it]Best trial: 5. Best value: 69.2784:  52%|█████▏    | 52/100 [2:49:51<1:54:16, 142.84s/it]                                                                                         [I 2026-07-24 14:18:16,436] Trial 52 finished with value: -9999.0 and parameters: {'vwap_buy_deviation': -0.020569796744196896, 'take_profit_pct': 0.013951505794682087, 'buy_confirm_min_score': 18, 'notify_sell_threshold': 62, 'notify_buy_threshold': 51, 'stock_qty_strong_pct': 0.5983930289192726, 'stock_qty_base_pct': 0.37713766835683615, 'stock_rebuild_strong_pct': 0.8426659363311658, 'stock_first_add_pct': 0.12356098243451172}. Best is trial 5 with value: 69.2784.
Best trial: 5. Best value: 69.2784:  52%|█████▏    | 52/100 [2:51:56<1:54:16, 142.84s/it]Best trial: 5. Best value: 69.2784:  52%|█████▏    | 52/100 [2:51:56<1:54:16, 142.84s/it]Best trial: 5. Best value: 69.2784:  53%|█████▎    | 53/100 [2:51:56<1:47:45, 137.56s/it]                                                                                         [I 2026-07-24 14:21:20,892] Trial 53 finished with value: 0.0 and parameters: {'vwap_buy_deviation': -0.023145647935358043, 'take_profit_pct': 0.010269057645902779, 'buy_confirm_min_score': 20, 'notify_sell_threshold': 57, 'notify_buy_threshold': 53, 'stock_qty_strong_pct': 0.5639848409020479, 'stock_qty_base_pct': 0.36460510506586263, 'stock_rebuild_strong_pct': 0.7631476136137849, 'stock_first_add_pct': 0.29606482165981907}. Best is trial 5 with value: 69.2784.
Best trial: 5. Best value: 69.2784:  53%|█████▎    | 53/100 [2:55:00<1:47:45, 137.56s/it]Best trial: 5. Best value: 69.2784:  53%|█████▎    | 53/100 [2:55:00<1:47:45, 137.56s/it]Best trial: 5. Best value: 69.2784:  54%|█████▍    | 54/100 [2:55:00<1:56:14, 151.62s/it]                                                                                         [I 2026-07-24 14:24:43,648] Trial 54 finished with value: 69.2784 and parameters: {'vwap_buy_deviation': -0.02533269400600833, 'take_profit_pct': 0.012869589469484799, 'buy_confirm_min_score': 16, 'notify_sell_threshold': 59, 'notify_buy_threshold': 49, 'stock_qty_strong_pct': 0.5843855513958571, 'stock_qty_base_pct': 0.3860065672011531, 'stock_rebuild_strong_pct': 0.7955899603633241, 'stock_first_add_pct': 0.1671293101588442}. Best is trial 5 with value: 69.2784.
Best trial: 5. Best value: 69.2784:  54%|█████▍    | 54/100 [2:58:23<1:56:14, 151.62s/it]Best trial: 5. Best value: 69.2784:  54%|█████▍    | 54/100 [2:58:23<1:56:14, 151.62s/it]Best trial: 5. Best value: 69.2784:  55%|█████▌    | 55/100 [2:58:23<2:05:13, 166.96s/it]                                                                                         [I 2026-07-24 14:27:55,647] Trial 55 finished with value: 69.2784 and parameters: {'vwap_buy_deviation': -0.019770174288063533, 'take_profit_pct': 0.011994779012263704, 'buy_confirm_min_score': 15, 'notify_sell_threshold': 53, 'notify_buy_threshold': 45, 'stock_qty_strong_pct': 0.5311152005645166, 'stock_qty_base_pct': 0.3542478632536984, 'stock_rebuild_strong_pct': 0.9918244573355237, 'stock_first_add_pct': 0.14613800455332893}. Best is trial 5 with value: 69.2784.
Best trial: 5. Best value: 69.2784:  55%|█████▌    | 55/100 [3:01:35<2:05:13, 166.96s/it]Best trial: 5. Best value: 69.2784:  55%|█████▌    | 55/100 [3:01:35<2:05:13, 166.96s/it]Best trial: 5. Best value: 69.2784:  56%|█████▌    | 56/100 [3:01:35<2:07:56, 174.47s/it]                                                                                         [I 2026-07-24 14:30:13,731] Trial 56 finished with value: -9999.0 and parameters: {'vwap_buy_deviation': -0.03313488111027749, 'take_profit_pct': 0.008820382989682737, 'buy_confirm_min_score': 17, 'notify_sell_threshold': 46, 'notify_buy_threshold': 55, 'stock_qty_strong_pct': 0.5091107829839707, 'stock_qty_base_pct': 0.332239168167908, 'stock_rebuild_strong_pct': 0.8759682246968883, 'stock_first_add_pct': 0.3566203868577469}. Best is trial 5 with value: 69.2784.
Best trial: 5. Best value: 69.2784:  56%|█████▌    | 56/100 [3:03:53<2:07:56, 174.47s/it]Best trial: 5. Best value: 69.2784:  56%|█████▌    | 56/100 [3:03:53<2:07:56, 174.47s/it]Best trial: 5. Best value: 69.2784:  57%|█████▋    | 57/100 [3:03:53<1:57:12, 163.56s/it]                                                                                         [I 2026-07-24 14:32:24,976] Trial 57 finished with value: 0.0 and parameters: {'vwap_buy_deviation': -0.021604565494189345, 'take_profit_pct': 0.013821781764989523, 'buy_confirm_min_score': 29, 'notify_sell_threshold': 48, 'notify_buy_threshold': 43, 'stock_qty_strong_pct': 0.25494112977588446, 'stock_qty_base_pct': 0.30711242485770096, 'stock_rebuild_strong_pct': 0.9551028125176176, 'stock_first_add_pct': 0.19757953892678026}. Best is trial 5 with value: 69.2784.
Best trial: 5. Best value: 69.2784:  57%|█████▋    | 57/100 [3:06:04<1:57:12, 163.56s/it]Best trial: 5. Best value: 69.2784:  57%|█████▋    | 57/100 [3:06:04<1:57:12, 163.56s/it]Best trial: 5. Best value: 69.2784:  58%|█████▊    | 58/100 [3:06:04<1:47:42, 153.86s/it]                                                                                         [I 2026-07-24 14:34:57,119] Trial 58 finished with value: -9999.0 and parameters: {'vwap_buy_deviation': -0.016304147693155992, 'take_profit_pct': 0.022487135009146612, 'buy_confirm_min_score': 18, 'notify_sell_threshold': 62, 'notify_buy_threshold': 47, 'stock_qty_strong_pct': 0.5424595413726205, 'stock_qty_base_pct': 0.28482413196151146, 'stock_rebuild_strong_pct': 0.7418720704056269, 'stock_first_add_pct': 0.3984087674032137}. Best is trial 5 with value: 69.2784.
Best trial: 5. Best value: 69.2784:  58%|█████▊    | 58/100 [3:08:37<1:47:42, 153.86s/it]Best trial: 5. Best value: 69.2784:  58%|█████▊    | 58/100 [3:08:37<1:47:42, 153.86s/it]Best trial: 5. Best value: 69.2784:  59%|█████▉    | 59/100 [3:08:37<1:44:47, 153.35s/it]                                                                                         [I 2026-07-24 14:37:02,036] Trial 59 finished with value: -9999.0 and parameters: {'vwap_buy_deviation': -0.01782120590055824, 'take_profit_pct': 0.014725414912955266, 'buy_confirm_min_score': 16, 'notify_sell_threshold': 51, 'notify_buy_threshold': 40, 'stock_qty_strong_pct': 0.5704289499875381, 'stock_qty_base_pct': 0.3371884974038426, 'stock_rebuild_strong_pct': 0.9194546527209506, 'stock_first_add_pct': 0.12294862460813816}. Best is trial 5 with value: 69.2784.
Best trial: 5. Best value: 69.2784:  59%|█████▉    | 59/100 [3:10:41<1:44:47, 153.35s/it]Best trial: 5. Best value: 69.2784:  59%|█████▉    | 59/100 [3:10:42<1:44:47, 153.35s/it]Best trial: 5. Best value: 69.2784:  60%|██████    | 60/100 [3:10:42<1:36:32, 144.82s/it]                                                                                         [I 2026-07-24 14:39:57,649] Trial 60 finished with value: -9999.0 and parameters: {'vwap_buy_deviation': -0.024169105823797825, 'take_profit_pct': 0.010819326658948504, 'buy_confirm_min_score': 27, 'notify_sell_threshold': 55, 'notify_buy_threshold': 64, 'stock_qty_strong_pct': 0.5545873521959753, 'stock_qty_base_pct': 0.35249461031340623, 'stock_rebuild_strong_pct': 0.7169541724882972, 'stock_first_add_pct': 0.24049829176149512}. Best is trial 5 with value: 69.2784.
Best trial: 5. Best value: 69.2784:  60%|██████    | 60/100 [3:13:37<1:36:32, 144.82s/it]Best trial: 5. Best value: 69.2784:  60%|██████    | 60/100 [3:13:37<1:36:32, 144.82s/it]Best trial: 5. Best value: 69.2784:  61%|██████    | 61/100 [3:13:37<1:40:08, 154.06s/it]                                                                                         [I 2026-07-24 14:42:39,128] Trial 61 finished with value: 69.2784 and parameters: {'vwap_buy_deviation': -0.0190634191219661, 'take_profit_pct': 0.011022913970390196, 'buy_confirm_min_score': 17, 'notify_sell_threshold': 50, 'notify_buy_threshold': 47, 'stock_qty_strong_pct': 0.5732955660554621, 'stock_qty_base_pct': 0.3148022660704629, 'stock_rebuild_strong_pct': 0.7872350613458188, 'stock_first_add_pct': 0.24940136868924578}. Best is trial 5 with value: 69.2784.
Best trial: 5. Best value: 69.2784:  61%|██████    | 61/100 [3:16:19<1:40:08, 154.06s/it]Best trial: 5. Best value: 69.2784:  61%|██████    | 61/100 [3:16:19<1:40:08, 154.06s/it]Best trial: 5. Best value: 69.2784:  62%|██████▏   | 62/100 [3:16:19<1:38:58, 156.28s/it]                                                                                         [I 2026-07-24 14:45:24,496] Trial 62 finished with value: 69.2784 and parameters: {'vwap_buy_deviation': -0.018551930465132597, 'take_profit_pct': 0.011784217404258467, 'buy_confirm_min_score': 17, 'notify_sell_threshold': 49, 'notify_buy_threshold': 50, 'stock_qty_strong_pct': 0.5861051886669179, 'stock_qty_base_pct': 0.3081424153321856, 'stock_rebuild_strong_pct': 0.8097793716540111, 'stock_first_add_pct': 0.2662418549677789}. Best is trial 5 with value: 69.2784.
Best trial: 5. Best value: 69.2784:  62%|██████▏   | 62/100 [3:19:04<1:38:58, 156.28s/it]Best trial: 5. Best value: 69.2784:  62%|██████▏   | 62/100 [3:19:04<1:38:58, 156.28s/it]Best trial: 5. Best value: 69.2784:  63%|██████▎   | 63/100 [3:19:04<1:38:03, 159.01s/it]                                                                                         [I 2026-07-24 14:48:11,159] Trial 63 finished with value: 0.0 and parameters: {'vwap_buy_deviation': -0.01747380198038491, 'take_profit_pct': 0.010067701130502335, 'buy_confirm_min_score': 18, 'notify_sell_threshold': 53, 'notify_buy_threshold': 46, 'stock_qty_strong_pct': 0.5895418197944903, 'stock_qty_base_pct': 0.3237258958836854, 'stock_rebuild_strong_pct': 0.7694873306885, 'stock_first_add_pct': 0.2952569431195818}. Best is trial 5 with value: 69.2784.
Best trial: 5. Best value: 69.2784:  63%|██████▎   | 63/100 [3:21:51<1:38:03, 159.01s/it]Best trial: 5. Best value: 69.2784:  63%|██████▎   | 63/100 [3:21:51<1:38:03, 159.01s/it]Best trial: 5. Best value: 69.2784:  64%|██████▍   | 64/100 [3:21:51<1:36:46, 161.31s/it]                                                                                         [I 2026-07-24 14:50:45,324] Trial 64 finished with value: 0.0 and parameters: {'vwap_buy_deviation': -0.015069311861463788, 'take_profit_pct': 0.013004300835225491, 'buy_confirm_min_score': 19, 'notify_sell_threshold': 47, 'notify_buy_threshold': 48, 'stock_qty_strong_pct': 0.5237542223115125, 'stock_qty_base_pct': 0.3005183974249941, 'stock_rebuild_strong_pct': 0.8202007544162688, 'stock_first_add_pct': 0.31332226245275413}. Best is trial 5 with value: 69.2784.
Best trial: 5. Best value: 69.2784:  64%|██████▍   | 64/100 [3:24:25<1:36:46, 161.31s/it]Best trial: 5. Best value: 69.2784:  64%|██████▍   | 64/100 [3:24:25<1:36:46, 161.31s/it]Best trial: 5. Best value: 69.2784:  65%|██████▌   | 65/100 [3:24:25<1:32:50, 159.16s/it]                                                                                         [I 2026-07-24 14:53:17,032] Trial 65 finished with value: -9999.0 and parameters: {'vwap_buy_deviation': -0.02076964178116181, 'take_profit_pct': 0.024973749419298412, 'buy_confirm_min_score': 15, 'notify_sell_threshold': 51, 'notify_buy_threshold': 52, 'stock_qty_strong_pct': 0.5998373483085774, 'stock_qty_base_pct': 0.32824774551089103, 'stock_rebuild_strong_pct': 0.8526093456802442, 'stock_first_add_pct': 0.27009938772466546}. Best is trial 5 with value: 69.2784.
Best trial: 5. Best value: 69.2784:  65%|██████▌   | 65/100 [3:26:56<1:32:50, 159.16s/it]Best trial: 5. Best value: 69.2784:  65%|██████▌   | 65/100 [3:26:56<1:32:50, 159.16s/it]Best trial: 5. Best value: 69.2784:  66%|██████▌   | 66/100 [3:26:56<1:28:55, 156.93s/it]                                                                                         [I 2026-07-24 14:56:05,445] Trial 66 finished with value: 69.2784 and parameters: {'vwap_buy_deviation': -0.01943823837265367, 'take_profit_pct': 0.011342631489045352, 'buy_confirm_min_score': 17, 'notify_sell_threshold': 50, 'notify_buy_threshold': 45, 'stock_qty_strong_pct': 0.4831054582068005, 'stock_qty_base_pct': 0.2951213119261107, 'stock_rebuild_strong_pct': 0.7449060707994772, 'stock_first_add_pct': 0.28417103172000846}. Best is trial 5 with value: 69.2784.
Best trial: 5. Best value: 69.2784:  66%|██████▌   | 66/100 [3:29:45<1:28:55, 156.93s/it]Best trial: 5. Best value: 69.2784:  66%|██████▌   | 66/100 [3:29:45<1:28:55, 156.93s/it]Best trial: 5. Best value: 69.2784:  67%|██████▋   | 67/100 [3:29:45<1:28:12, 160.37s/it]                                                                                         [I 2026-07-24 14:58:45,419] Trial 67 finished with value: -9999.0 and parameters: {'vwap_buy_deviation': -0.018331048445177085, 'take_profit_pct': 0.01250836903195765, 'buy_confirm_min_score': 16, 'notify_sell_threshold': 52, 'notify_buy_threshold': 54, 'stock_qty_strong_pct': 0.5406773647605376, 'stock_qty_base_pct': 0.2810738892906091, 'stock_rebuild_strong_pct': 0.9299091808065507, 'stock_first_add_pct': 0.23230525491108098}. Best is trial 5 with value: 69.2784.
Best trial: 5. Best value: 69.2784:  67%|██████▋   | 67/100 [3:32:25<1:28:12, 160.37s/it]Best trial: 5. Best value: 69.2784:  67%|██████▋   | 67/100 [3:32:25<1:28:12, 160.37s/it]Best trial: 5. Best value: 69.2784:  68%|██████▊   | 68/100 [3:32:25<1:25:28, 160.25s/it]                                                                                         [I 2026-07-24 15:01:36,809] Trial 68 finished with value: -9999.0 and parameters: {'vwap_buy_deviation': -0.020062170621424454, 'take_profit_pct': 0.009286159160371548, 'buy_confirm_min_score': 20, 'notify_sell_threshold': 47, 'notify_buy_threshold': 49, 'stock_qty_strong_pct': 0.575335550939944, 'stock_qty_base_pct': 0.339746520246226, 'stock_rebuild_strong_pct': 0.8951184612839348, 'stock_first_add_pct': 0.326182760206635}. Best is trial 5 with value: 69.2784.
Best trial: 5. Best value: 69.2784:  68%|██████▊   | 68/100 [3:35:16<1:25:28, 160.25s/it]Best trial: 5. Best value: 69.2784:  68%|██████▊   | 68/100 [3:35:16<1:25:28, 160.25s/it]Best trial: 5. Best value: 69.2784:  69%|██████▉   | 69/100 [3:35:16<1:24:31, 163.59s/it]                                                                                         [I 2026-07-24 15:04:52,256] Trial 69 finished with value: -9999.0 and parameters: {'vwap_buy_deviation': -0.02215103444008754, 'take_profit_pct': 0.00851585830353372, 'buy_confirm_min_score': 23, 'notify_sell_threshold': 67, 'notify_buy_threshold': 53, 'stock_qty_strong_pct': 0.556706192514897, 'stock_qty_base_pct': 0.32098590759776063, 'stock_rebuild_strong_pct': 0.7918124674472035, 'stock_first_add_pct': 0.21726670994813996}. Best is trial 5 with value: 69.2784.
Best trial: 5. Best value: 69.2784:  69%|██████▉   | 69/100 [3:38:32<1:24:31, 163.59s/it]Best trial: 5. Best value: 69.2784:  69%|██████▉   | 69/100 [3:38:32<1:24:31, 163.59s/it]Best trial: 5. Best value: 69.2784:  70%|███████   | 70/100 [3:38:32<1:26:34, 173.15s/it]                                                                                         [I 2026-07-24 15:08:39,496] Trial 70 finished with value: 0.0 and parameters: {'vwap_buy_deviation': -0.02343236269193832, 'take_profit_pct': 0.010553958848256419, 'buy_confirm_min_score': 24, 'notify_sell_threshold': 42, 'notify_buy_threshold': 51, 'stock_qty_strong_pct': 0.5036321085733225, 'stock_qty_base_pct': 0.26751507298193483, 'stock_rebuild_strong_pct': 0.7123127696751524, 'stock_first_add_pct': 0.2469756141100827}. Best is trial 5 with value: 69.2784.
Best trial: 5. Best value: 69.2784:  70%|███████   | 70/100 [3:42:19<1:26:34, 173.15s/it]Best trial: 5. Best value: 69.2784:  70%|███████   | 70/100 [3:42:19<1:26:34, 173.15s/it]Best trial: 5. Best value: 69.2784:  71%|███████   | 71/100 [3:42:19<1:31:31, 189.38s/it]                                                                                         [I 2026-07-24 15:11:53,393] Trial 71 finished with value: 69.2784 and parameters: {'vwap_buy_deviation': -0.018960269540395182, 'take_profit_pct': 0.010928434514195945, 'buy_confirm_min_score': 18, 'notify_sell_threshold': 51, 'notify_buy_threshold': 41, 'stock_qty_strong_pct': 0.5541984700937358, 'stock_qty_base_pct': 0.3117774117586538, 'stock_rebuild_strong_pct': 0.8316748464418016, 'stock_first_add_pct': 0.2272284577370715}. Best is trial 5 with value: 69.2784.
Best trial: 5. Best value: 69.2784:  71%|███████   | 71/100 [3:45:33<1:31:31, 189.38s/it]Best trial: 5. Best value: 69.2784:  71%|███████   | 71/100 [3:45:33<1:31:31, 189.38s/it]Best trial: 5. Best value: 69.2784:  72%|███████▏  | 72/100 [3:45:33<1:29:00, 190.73s/it]                                                                                         [I 2026-07-24 15:14:50,327] Trial 72 finished with value: 0.0 and parameters: {'vwap_buy_deviation': -0.017178177221834526, 'take_profit_pct': 0.01180941053219488, 'buy_confirm_min_score': 17, 'notify_sell_threshold': 48, 'notify_buy_threshold': 42, 'stock_qty_strong_pct': 0.5676535994288417, 'stock_qty_base_pct': 0.3304106281548463, 'stock_rebuild_strong_pct': 0.8405331164128803, 'stock_first_add_pct': 0.2588252352311598}. Best is trial 5 with value: 69.2784.
Best trial: 5. Best value: 69.2784:  72%|███████▏  | 72/100 [3:48:30<1:29:00, 190.73s/it]Best trial: 5. Best value: 69.2784:  72%|███████▏  | 72/100 [3:48:30<1:29:00, 190.73s/it]Best trial: 5. Best value: 69.2784:  73%|███████▎  | 73/100 [3:48:30<1:23:58, 186.59s/it]                                                                                         [I 2026-07-24 15:17:40,013] Trial 73 finished with value: -9999.0 and parameters: {'vwap_buy_deviation': -0.016495011395522705, 'take_profit_pct': 0.01366586975442548, 'buy_confirm_min_score': 18, 'notify_sell_threshold': 50, 'notify_buy_threshold': 43, 'stock_qty_strong_pct': 0.589616667778361, 'stock_qty_base_pct': 0.3225352694062094, 'stock_rebuild_strong_pct': 0.8763039731764896, 'stock_first_add_pct': 0.24012693598144025}. Best is trial 5 with value: 69.2784.
Best trial: 5. Best value: 69.2784:  73%|███████▎  | 73/100 [3:51:19<1:23:58, 186.59s/it]Best trial: 5. Best value: 69.2784:  73%|███████▎  | 73/100 [3:51:19<1:23:58, 186.59s/it]Best trial: 5. Best value: 69.2784:  74%|███████▍  | 74/100 [3:51:19<1:18:39, 181.52s/it]                                                                                         [I 2026-07-24 15:20:23,475] Trial 74 finished with value: 0.0 and parameters: {'vwap_buy_deviation': -0.01790481322248659, 'take_profit_pct': 0.009900180701265361, 'buy_confirm_min_score': 16, 'notify_sell_threshold': 54, 'notify_buy_threshold': 42, 'stock_qty_strong_pct': 0.5475264086419221, 'stock_qty_base_pct': 0.3420321000085765, 'stock_rebuild_strong_pct': 0.7773870532686208, 'stock_first_add_pct': 0.22444805245151817}. Best is trial 5 with value: 69.2784.
Best trial: 5. Best value: 69.2784:  74%|███████▍  | 74/100 [3:54:03<1:18:39, 181.52s/it]Best trial: 5. Best value: 69.2784:  74%|███████▍  | 74/100 [3:54:03<1:18:39, 181.52s/it]Best trial: 5. Best value: 69.2784:  75%|███████▌  | 75/100 [3:54:03<1:13:22, 176.10s/it]                                                                                         [I 2026-07-24 15:22:59,568] Trial 75 finished with value: 69.2784 and parameters: {'vwap_buy_deviation': -0.021162022397767894, 'take_profit_pct': 0.012420735859569744, 'buy_confirm_min_score': 17, 'notify_sell_threshold': 49, 'notify_buy_threshold': 44, 'stock_qty_strong_pct': 0.5347392252474585, 'stock_qty_base_pct': 0.2958072203989371, 'stock_rebuild_strong_pct': 0.9693307522349196, 'stock_first_add_pct': 0.27120120942004855}. Best is trial 5 with value: 69.2784.
Best trial: 5. Best value: 69.2784:  75%|███████▌  | 75/100 [3:56:39<1:13:22, 176.10s/it]Best trial: 5. Best value: 69.2784:  75%|███████▌  | 75/100 [3:56:39<1:13:22, 176.10s/it]Best trial: 5. Best value: 69.2784:  76%|███████▌  | 76/100 [3:56:39<1:08:02, 170.10s/it]                                                                                         [I 2026-07-24 15:26:26,904] Trial 76 finished with value: 0.0 and parameters: {'vwap_buy_deviation': -0.01566054771352121, 'take_profit_pct': 0.011210229586088324, 'buy_confirm_min_score': 19, 'notify_sell_threshold': 45, 'notify_buy_threshold': 47, 'stock_qty_strong_pct': 0.5793669649090637, 'stock_qty_base_pct': 0.30700539568213947, 'stock_rebuild_strong_pct': 0.8195609436517695, 'stock_first_add_pct': 0.2890283689357074}. Best is trial 5 with value: 69.2784.
Best trial: 5. Best value: 69.2784:  76%|███████▌  | 76/100 [4:00:06<1:08:02, 170.10s/it]Best trial: 5. Best value: 69.2784:  76%|███████▌  | 76/100 [4:00:06<1:08:02, 170.10s/it]Best trial: 5. Best value: 69.2784:  77%|███████▋  | 77/100 [4:00:06<1:09:29, 181.27s/it]                                                                                         [I 2026-07-24 15:29:20,387] Trial 77 finished with value: 69.2784 and parameters: {'vwap_buy_deviation': -0.01853024801777902, 'take_profit_pct': 0.012712733779887539, 'buy_confirm_min_score': 15, 'notify_sell_threshold': 51, 'notify_buy_threshold': 46, 'stock_qty_strong_pct': 0.44690292168716944, 'stock_qty_base_pct': 0.3711264930408777, 'stock_rebuild_strong_pct': 0.8059562347648188, 'stock_first_add_pct': 0.255254950610989}. Best is trial 5 with value: 69.2784.
