Best trial: 33. Best value: 435.688:  51%|█████     | 51/100 [2:33:23<2:26:12, 179.03s/it]Best trial: 33. Best value: 435.688:  51%|█████     | 51/100 [2:33:23<2:26:12, 179.03s/it]Best trial: 33. Best value: 435.688:  52%|█████▏    | 52/100 [2:33:23<2:23:34, 179.47s/it]                                                                                          [I 2026-07-25 00:22:34,997] Trial 52 finished with value: 388.4686 and parameters: {'vwap_buy_deviation': -0.025347436424470727, 'take_profit_pct': 0.010759256769870123, 'buy_confirm_min_score': 21, 'notify_sell_threshold': 50, 'notify_buy_threshold': 40, 'stock_qty_strong_pct': 0.33977452199508973, 'stock_qty_base_pct': 0.31005217302435384, 'stock_rebuild_strong_pct': 0.7719773967232649, 'stock_first_add_pct': 0.3326917669988485}. Best is trial 33 with value: 435.6882.
Best trial: 33. Best value: 435.688:  52%|█████▏    | 52/100 [2:36:25<2:23:34, 179.47s/it]Best trial: 33. Best value: 435.688:  52%|█████▏    | 52/100 [2:36:25<2:23:34, 179.47s/it]Best trial: 33. Best value: 435.688:  53%|█████▎    | 53/100 [2:36:25<2:21:20, 180.44s/it]                                                                                          [I 2026-07-25 00:25:36,359] Trial 53 finished with value: 268.1005 and parameters: {'vwap_buy_deviation': -0.024684422524548947, 'take_profit_pct': 0.011317447821622547, 'buy_confirm_min_score': 21, 'notify_sell_threshold': 45, 'notify_buy_threshold': 41, 'stock_qty_strong_pct': 0.30117424138167537, 'stock_qty_base_pct': 0.3255579941299459, 'stock_rebuild_strong_pct': 0.9682463569083679, 'stock_first_add_pct': 0.33847802546552636}. Best is trial 33 with value: 435.6882.
Best trial: 33. Best value: 435.688:  53%|█████▎    | 53/100 [2:39:27<2:21:20, 180.44s/it]Best trial: 33. Best value: 435.688:  53%|█████▎    | 53/100 [2:39:27<2:21:20, 180.44s/it]Best trial: 33. Best value: 435.688:  54%|█████▍    | 54/100 [2:39:27<2:18:33, 180.72s/it]                                                                                          [I 2026-07-25 00:28:33,979] Trial 54 finished with value: 395.6304 and parameters: {'vwap_buy_deviation': -0.025313876698129144, 'take_profit_pct': 0.013393819103700404, 'buy_confirm_min_score': 20, 'notify_sell_threshold': 49, 'notify_buy_threshold': 40, 'stock_qty_strong_pct': 0.32966930569024744, 'stock_qty_base_pct': 0.30979261613302367, 'stock_rebuild_strong_pct': 0.7669790992550615, 'stock_first_add_pct': 0.3215906163573993}. Best is trial 33 with value: 435.6882.
Best trial: 33. Best value: 435.688:  54%|█████▍    | 54/100 [2:42:24<2:18:33, 180.72s/it]Best trial: 33. Best value: 435.688:  54%|█████▍    | 54/100 [2:42:24<2:18:33, 180.72s/it]Best trial: 33. Best value: 435.688:  55%|█████▌    | 55/100 [2:42:24<2:14:50, 179.79s/it]                                                                                          [I 2026-07-25 00:31:31,516] Trial 55 finished with value: 302.9772 and parameters: {'vwap_buy_deviation': -0.0267739199947048, 'take_profit_pct': 0.014344143745817805, 'buy_confirm_min_score': 20, 'notify_sell_threshold': 47, 'notify_buy_threshold': 43, 'stock_qty_strong_pct': 0.32378048562405404, 'stock_qty_base_pct': 0.34347504053626077, 'stock_rebuild_strong_pct': 0.7608572235009887, 'stock_first_add_pct': 0.31884073242833805}. Best is trial 33 with value: 435.6882.
Best trial: 33. Best value: 435.688:  55%|█████▌    | 55/100 [2:45:22<2:14:50, 179.79s/it]Best trial: 33. Best value: 435.688:  55%|█████▌    | 55/100 [2:45:22<2:14:50, 179.79s/it]Best trial: 33. Best value: 435.688:  56%|█████▌    | 56/100 [2:45:22<2:11:20, 179.11s/it]                                                                                          [I 2026-07-25 00:34:30,485] Trial 56 finished with value: 307.431 and parameters: {'vwap_buy_deviation': -0.02311510941680403, 'take_profit_pct': 0.0135502902905973, 'buy_confirm_min_score': 19, 'notify_sell_threshold': 54, 'notify_buy_threshold': 42, 'stock_qty_strong_pct': 0.2786525725211265, 'stock_qty_base_pct': 0.29618380739460387, 'stock_rebuild_strong_pct': 0.6904544602141824, 'stock_first_add_pct': 0.299210875383767}. Best is trial 33 with value: 435.6882.
Best trial: 33. Best value: 435.688:  56%|█████▌    | 56/100 [2:48:21<2:11:20, 179.11s/it]Best trial: 33. Best value: 435.688:  56%|█████▌    | 56/100 [2:48:21<2:11:20, 179.11s/it]Best trial: 33. Best value: 435.688:  57%|█████▋    | 57/100 [2:48:21<2:08:20, 179.07s/it]                                                                                          [I 2026-07-25 00:37:29,544] Trial 57 finished with value: 249.8295 and parameters: {'vwap_buy_deviation': -0.02250080284600434, 'take_profit_pct': 0.016439339017451097, 'buy_confirm_min_score': 24, 'notify_sell_threshold': 48, 'notify_buy_threshold': 44, 'stock_qty_strong_pct': 0.32048681979478066, 'stock_qty_base_pct': 0.3815577741213435, 'stock_rebuild_strong_pct': 0.7308714914399795, 'stock_first_add_pct': 0.28434680080425717}. Best is trial 33 with value: 435.6882.
Best trial: 33. Best value: 435.688:  57%|█████▋    | 57/100 [2:51:20<2:08:20, 179.07s/it]Best trial: 33. Best value: 435.688:  57%|█████▋    | 57/100 [2:51:20<2:08:20, 179.07s/it]Best trial: 33. Best value: 435.688:  58%|█████▊    | 58/100 [2:51:20<2:05:20, 179.07s/it]                                                                                          [I 2026-07-25 00:40:27,295] Trial 58 finished with value: 290.015 and parameters: {'vwap_buy_deviation': -0.023775829318425645, 'take_profit_pct': 0.012823824613046974, 'buy_confirm_min_score': 20, 'notify_sell_threshold': 45, 'notify_buy_threshold': 40, 'stock_qty_strong_pct': 0.2948419973971152, 'stock_qty_base_pct': 0.31665838859741574, 'stock_rebuild_strong_pct': 0.7859353119569137, 'stock_first_add_pct': 0.3086233118354882}. Best is trial 33 with value: 435.6882.
Best trial: 33. Best value: 435.688:  58%|█████▊    | 58/100 [2:54:18<2:05:20, 179.07s/it]Best trial: 33. Best value: 435.688:  58%|█████▊    | 58/100 [2:54:18<2:05:20, 179.07s/it]Best trial: 33. Best value: 435.688:  59%|█████▉    | 59/100 [2:54:18<2:02:05, 178.67s/it]                                                                                          [I 2026-07-25 00:43:26,047] Trial 59 finished with value: 279.4533 and parameters: {'vwap_buy_deviation': -0.02139527277669471, 'take_profit_pct': 0.017705069845030428, 'buy_confirm_min_score': 18, 'notify_sell_threshold': 49, 'notify_buy_threshold': 42, 'stock_qty_strong_pct': 0.3683469681236984, 'stock_qty_base_pct': 0.2888217174278964, 'stock_rebuild_strong_pct': 0.563572530947006, 'stock_first_add_pct': 0.3497349328285776}. Best is trial 33 with value: 435.6882.
Best trial: 33. Best value: 435.688:  59%|█████▉    | 59/100 [2:57:16<2:02:05, 178.67s/it]Best trial: 33. Best value: 435.688:  59%|█████▉    | 59/100 [2:57:16<2:02:05, 178.67s/it]Best trial: 33. Best value: 435.688:  60%|██████    | 60/100 [2:57:16<1:59:07, 178.70s/it]                                                                                          [I 2026-07-25 00:46:31,306] Trial 60 finished with value: 67.8794 and parameters: {'vwap_buy_deviation': -0.018062559834167918, 'take_profit_pct': 0.011844601972932519, 'buy_confirm_min_score': 28, 'notify_sell_threshold': 52, 'notify_buy_threshold': 70, 'stock_qty_strong_pct': 0.35570783068948675, 'stock_qty_base_pct': 0.33495331726415195, 'stock_rebuild_strong_pct': 0.7132597870476781, 'stock_first_add_pct': 0.32338994277927247}. Best is trial 33 with value: 435.6882.
Best trial: 33. Best value: 435.688:  60%|██████    | 60/100 [3:00:22<1:59:07, 178.70s/it]Best trial: 33. Best value: 435.688:  60%|██████    | 60/100 [3:00:22<1:59:07, 178.70s/it]Best trial: 33. Best value: 435.688:  61%|██████    | 61/100 [3:00:22<1:57:25, 180.67s/it]                                                                                          [I 2026-07-25 00:49:51,584] Trial 61 finished with value: 388.4686 and parameters: {'vwap_buy_deviation': -0.025444770275255532, 'take_profit_pct': 0.015141804907417742, 'buy_confirm_min_score': 21, 'notify_sell_threshold': 50, 'notify_buy_threshold': 40, 'stock_qty_strong_pct': 0.34159834409038886, 'stock_qty_base_pct': 0.3058480995227018, 'stock_rebuild_strong_pct': 0.7682919459745863, 'stock_first_add_pct': 0.3316466505995722}. Best is trial 33 with value: 435.6882.
Best trial: 33. Best value: 435.688:  61%|██████    | 61/100 [3:03:42<1:57:25, 180.67s/it]Best trial: 33. Best value: 435.688:  61%|██████    | 61/100 [3:03:42<1:57:25, 180.67s/it]Best trial: 33. Best value: 435.688:  62%|██████▏   | 62/100 [3:03:42<1:58:08, 186.55s/it]                                                                                          [I 2026-07-25 00:52:51,031] Trial 62 finished with value: 367.2826 and parameters: {'vwap_buy_deviation': -0.024305189800687674, 'take_profit_pct': 0.010524223928012388, 'buy_confirm_min_score': 22, 'notify_sell_threshold': 47, 'notify_buy_threshold': 41, 'stock_qty_strong_pct': 0.38487279855238876, 'stock_qty_base_pct': 0.3198103392387862, 'stock_rebuild_strong_pct': 0.7329699854368164, 'stock_first_add_pct': 0.34234671070829825}. Best is trial 33 with value: 435.6882.
Best trial: 33. Best value: 435.688:  62%|██████▏   | 62/100 [3:06:41<1:58:08, 186.55s/it]Best trial: 33. Best value: 435.688:  62%|██████▏   | 62/100 [3:06:41<1:58:08, 186.55s/it]Best trial: 33. Best value: 435.688:  63%|██████▎   | 63/100 [3:06:41<1:53:43, 184.42s/it]                                                                                          [I 2026-07-25 00:55:53,562] Trial 63 finished with value: 388.4686 and parameters: {'vwap_buy_deviation': -0.025328547006347273, 'take_profit_pct': 0.013071529106968353, 'buy_confirm_min_score': 20, 'notify_sell_threshold': 50, 'notify_buy_threshold': 40, 'stock_qty_strong_pct': 0.3441369362394535, 'stock_qty_base_pct': 0.310009860202625, 'stock_rebuild_strong_pct': 0.6562620758962618, 'stock_first_add_pct': 0.3216863181781642}. Best is trial 33 with value: 435.6882.
Best trial: 33. Best value: 435.688:  63%|██████▎   | 63/100 [3:09:44<1:53:43, 184.42s/it]Best trial: 33. Best value: 435.688:  63%|██████▎   | 63/100 [3:09:44<1:53:43, 184.42s/it]Best trial: 33. Best value: 435.688:  64%|██████▍   | 64/100 [3:09:44<1:50:18, 183.85s/it]                                                                                          [I 2026-07-25 00:58:52,866] Trial 64 finished with value: 302.7162 and parameters: {'vwap_buy_deviation': -0.02983864594626888, 'take_profit_pct': 0.013896284784376479, 'buy_confirm_min_score': 21, 'notify_sell_threshold': 53, 'notify_buy_threshold': 43, 'stock_qty_strong_pct': 0.32533425828422574, 'stock_qty_base_pct': 0.2943588745842717, 'stock_rebuild_strong_pct': 0.7991061197902157, 'stock_first_add_pct': 0.26958818502859616}. Best is trial 33 with value: 435.6882.
Best trial: 33. Best value: 435.688:  64%|██████▍   | 64/100 [3:12:43<1:50:18, 183.85s/it]Best trial: 33. Best value: 435.688:  64%|██████▍   | 64/100 [3:12:43<1:50:18, 183.85s/it]Best trial: 33. Best value: 435.688:  65%|██████▌   | 65/100 [3:12:43<1:46:27, 182.49s/it]                                                                                          [I 2026-07-25 01:01:57,235] Trial 65 finished with value: 312.1657 and parameters: {'vwap_buy_deviation': -0.02750216644250099, 'take_profit_pct': 0.014667547538693952, 'buy_confirm_min_score': 19, 'notify_sell_threshold': 46, 'notify_buy_threshold': 41, 'stock_qty_strong_pct': 0.33583250405418896, 'stock_qty_base_pct': 0.1921265270837964, 'stock_rebuild_strong_pct': 0.7455327004117881, 'stock_first_add_pct': 0.30505368278263567}. Best is trial 33 with value: 435.6882.
Best trial: 33. Best value: 435.688:  65%|██████▌   | 65/100 [3:15:48<1:46:27, 182.49s/it]Best trial: 33. Best value: 435.688:  65%|██████▌   | 65/100 [3:15:48<1:46:27, 182.49s/it]Best trial: 33. Best value: 435.688:  66%|██████▌   | 66/100 [3:15:48<1:43:43, 183.05s/it]                                                                                          [I 2026-07-25 01:04:55,268] Trial 66 finished with value: 45.4189 and parameters: {'vwap_buy_deviation': -0.026111087514469642, 'take_profit_pct': 0.010281415273429488, 'buy_confirm_min_score': 21, 'notify_sell_threshold': 49, 'notify_buy_threshold': 64, 'stock_qty_strong_pct': 0.3493470562857095, 'stock_qty_base_pct': 0.34952800737624024, 'stock_rebuild_strong_pct': 0.7008398979409514, 'stock_first_add_pct': 0.3604206049482379}. Best is trial 33 with value: 435.6882.
Best trial: 33. Best value: 435.688:  66%|██████▌   | 66/100 [3:18:46<1:43:43, 183.05s/it]Best trial: 33. Best value: 435.688:  66%|██████▌   | 66/100 [3:18:46<1:43:43, 183.05s/it]Best trial: 33. Best value: 435.688:  67%|██████▋   | 67/100 [3:18:46<1:39:51, 181.55s/it]                                                                                          [I 2026-07-25 01:07:51,041] Trial 67 finished with value: 256.9637 and parameters: {'vwap_buy_deviation': -0.02866600260411048, 'take_profit_pct': 0.016137342720903773, 'buy_confirm_min_score': 22, 'notify_sell_threshold': 48, 'notify_buy_threshold': 42, 'stock_qty_strong_pct': 0.28317411660758435, 'stock_qty_base_pct': 0.3123359114513866, 'stock_rebuild_strong_pct': 0.8164437047825341, 'stock_first_add_pct': 0.3136418183535226}. Best is trial 33 with value: 435.6882.
Best trial: 33. Best value: 435.688:  67%|██████▋   | 67/100 [3:21:41<1:39:51, 181.55s/it]Best trial: 33. Best value: 435.688:  67%|██████▋   | 67/100 [3:21:41<1:39:51, 181.55s/it]Best trial: 33. Best value: 435.688:  68%|██████▊   | 68/100 [3:21:41<1:35:54, 179.81s/it]                                                                                          [I 2026-07-25 01:10:47,808] Trial 68 finished with value: -0.0 and parameters: {'vwap_buy_deviation': -0.022948929545460982, 'take_profit_pct': 0.009552216919261551, 'buy_confirm_min_score': 23, 'notify_sell_threshold': 43, 'notify_buy_threshold': 40, 'stock_qty_strong_pct': 0.3178641857036065, 'stock_qty_base_pct': 0.3333846529179945, 'stock_rebuild_strong_pct': 0.77581958185797, 'stock_first_add_pct': 0.2897752460736152}. Best is trial 33 with value: 435.6882.
Best trial: 33. Best value: 435.688:  68%|██████▊   | 68/100 [3:24:38<1:35:54, 179.81s/it]Best trial: 33. Best value: 435.688:  68%|██████▊   | 68/100 [3:24:38<1:35:54, 179.81s/it]Best trial: 33. Best value: 435.688:  69%|██████▉   | 69/100 [3:24:38<1:32:25, 178.90s/it]                                                                                          [I 2026-07-25 01:13:43,325] Trial 69 finished with value: 270.7145 and parameters: {'vwap_buy_deviation': -0.024169938967626627, 'take_profit_pct': 0.011625659691609015, 'buy_confirm_min_score': 20, 'notify_sell_threshold': 51, 'notify_buy_threshold': 44, 'stock_qty_strong_pct': 0.38839501064564275, 'stock_qty_base_pct': 0.25909315809886196, 'stock_rebuild_strong_pct': 0.6830991347977042, 'stock_first_add_pct': 0.3349355512620376}. Best is trial 33 with value: 435.6882.
Best trial: 33. Best value: 435.688:  69%|██████▉   | 69/100 [3:27:34<1:32:25, 178.90s/it]Best trial: 33. Best value: 435.688:  69%|██████▉   | 69/100 [3:27:34<1:32:25, 178.90s/it]Best trial: 33. Best value: 435.688:  70%|███████   | 70/100 [3:27:34<1:28:56, 177.88s/it]                                                                                          [I 2026-07-25 01:16:50,973] Trial 70 finished with value: 435.6882 and parameters: {'vwap_buy_deviation': -0.025355457288859566, 'take_profit_pct': 0.013338524487307003, 'buy_confirm_min_score': 19, 'notify_sell_threshold': 54, 'notify_buy_threshold': 40, 'stock_qty_strong_pct': 0.47530789397153256, 'stock_qty_base_pct': 0.36535185257489594, 'stock_rebuild_strong_pct': 0.7204010496107061, 'stock_first_add_pct': 0.27769608419702446}. Best is trial 33 with value: 435.6882.
Best trial: 33. Best value: 435.688:  70%|███████   | 70/100 [3:30:41<1:28:56, 177.88s/it]Best trial: 33. Best value: 435.688:  70%|███████   | 70/100 [3:30:41<1:28:56, 177.88s/it]Best trial: 33. Best value: 435.688:  71%|███████   | 71/100 [3:30:41<1:27:23, 180.81s/it]                                                                                          [I 2026-07-25 01:19:52,248] Trial 71 finished with value: 435.6882 and parameters: {'vwap_buy_deviation': -0.025578611773109293, 'take_profit_pct': 0.013480264526123185, 'buy_confirm_min_score': 18, 'notify_sell_threshold': 54, 'notify_buy_threshold': 40, 'stock_qty_strong_pct': 0.46720506692618674, 'stock_qty_base_pct': 0.370629958530757, 'stock_rebuild_strong_pct': 0.7169608293132959, 'stock_first_add_pct': 0.2755921496784882}. Best is trial 33 with value: 435.6882.
Best trial: 33. Best value: 435.688:  71%|███████   | 71/100 [3:33:43<1:27:23, 180.81s/it]Best trial: 33. Best value: 435.688:  71%|███████   | 71/100 [3:33:43<1:27:23, 180.81s/it]Best trial: 33. Best value: 435.688:  72%|███████▏  | 72/100 [3:33:43<1:24:26, 180.95s/it]                                                                                          [I 2026-07-25 01:22:49,274] Trial 72 finished with value: 345.3632 and parameters: {'vwap_buy_deviation': -0.026511202889144964, 'take_profit_pct': 0.01503749000468863, 'buy_confirm_min_score': 17, 'notify_sell_threshold': 55, 'notify_buy_threshold': 41, 'stock_qty_strong_pct': 0.4828293153991717, 'stock_qty_base_pct': 0.37019819282284244, 'stock_rebuild_strong_pct': 0.7151829083104139, 'stock_first_add_pct': 0.27583202534527523}. Best is trial 33 with value: 435.6882.
Best trial: 33. Best value: 435.688:  72%|███████▏  | 72/100 [3:36:40<1:24:26, 180.95s/it]Best trial: 33. Best value: 435.688:  72%|███████▏  | 72/100 [3:36:40<1:24:26, 180.95s/it]Best trial: 33. Best value: 435.688:  73%|███████▎  | 73/100 [3:36:40<1:20:53, 179.77s/it]                                                                                          [I 2026-07-25 01:25:49,317] Trial 73 finished with value: 147.6137 and parameters: {'vwap_buy_deviation': -0.024966468084398532, 'take_profit_pct': 0.013557473382651841, 'buy_confirm_min_score': 18, 'notify_sell_threshold': 59, 'notify_buy_threshold': 42, 'stock_qty_strong_pct': 0.4669664896012406, 'stock_qty_base_pct': 0.3856418320176135, 'stock_rebuild_strong_pct': 0.724476653441204, 'stock_first_add_pct': 0.2566050503928243}. Best is trial 33 with value: 435.6882.
Best trial: 33. Best value: 435.688:  73%|███████▎  | 73/100 [3:39:40<1:20:53, 179.77s/it]Best trial: 33. Best value: 435.688:  73%|███████▎  | 73/100 [3:39:40<1:20:53, 179.77s/it]Best trial: 33. Best value: 435.688:  74%|███████▍  | 74/100 [3:39:40<1:17:56, 179.85s/it]                                                                                          [I 2026-07-25 01:28:48,813] Trial 74 finished with value: 223.6016 and parameters: {'vwap_buy_deviation': -0.03470526886759114, 'take_profit_pct': 0.012316362854881144, 'buy_confirm_min_score': 19, 'notify_sell_threshold': 56, 'notify_buy_threshold': 41, 'stock_qty_strong_pct': 0.5094673838479482, 'stock_qty_base_pct': 0.36440612461581084, 'stock_rebuild_strong_pct': 0.7057452702498462, 'stock_first_add_pct': 0.23824022488855645}. Best is trial 33 with value: 435.6882.
Best trial: 33. Best value: 435.688:  74%|███████▍  | 74/100 [3:42:39<1:17:56, 179.85s/it]Best trial: 33. Best value: 435.688:  74%|███████▍  | 74/100 [3:42:39<1:17:56, 179.85s/it]Best trial: 33. Best value: 435.688:  75%|███████▌  | 75/100 [3:42:39<1:14:53, 179.75s/it]                                                                                          [I 2026-07-25 01:31:48,315] Trial 75 finished with value: 322.3089 and parameters: {'vwap_buy_deviation': -0.025789249305019652, 'take_profit_pct': 0.013126257683943326, 'buy_confirm_min_score': 18, 'notify_sell_threshold': 54, 'notify_buy_threshold': 43, 'stock_qty_strong_pct': 0.4974019197419365, 'stock_qty_base_pct': 0.3930491719232566, 'stock_rebuild_strong_pct': 0.6565199629600192, 'stock_first_add_pct': 0.2970868336429701}. Best is trial 33 with value: 435.6882.
Best trial: 33. Best value: 435.688:  75%|███████▌  | 75/100 [3:45:39<1:14:53, 179.75s/it]Best trial: 33. Best value: 435.688:  75%|███████▌  | 75/100 [3:45:39<1:14:53, 179.75s/it]Best trial: 33. Best value: 435.688:  76%|███████▌  | 76/100 [3:45:39<1:11:52, 179.67s/it]                                                                                          [I 2026-07-25 01:34:48,400] Trial 76 finished with value: 204.5524 and parameters: {'vwap_buy_deviation': -0.02735124193176373, 'take_profit_pct': 0.015740669659441046, 'buy_confirm_min_score': 17, 'notify_sell_threshold': 57, 'notify_buy_threshold': 40, 'stock_qty_strong_pct': 0.5198571425793312, 'stock_qty_base_pct': 0.3715619744766706, 'stock_rebuild_strong_pct': 0.7533647907001771, 'stock_first_add_pct': 0.26740058308020015}. Best is trial 33 with value: 435.6882.
Best trial: 33. Best value: 435.688:  76%|███████▌  | 76/100 [3:48:39<1:11:52, 179.67s/it]Best trial: 33. Best value: 435.688:  76%|███████▌  | 76/100 [3:48:39<1:11:52, 179.67s/it]Best trial: 33. Best value: 435.688:  77%|███████▋  | 77/100 [3:48:39<1:08:55, 179.80s/it]                                                                                          [I 2026-07-25 01:37:47,230] Trial 77 finished with value: 155.6578 and parameters: {'vwap_buy_deviation': -0.028190959958600662, 'take_profit_pct': 0.01417605324041584, 'buy_confirm_min_score': 19, 'notify_sell_threshold': 52, 'notify_buy_threshold': 60, 'stock_qty_strong_pct': 0.4401290751476519, 'stock_qty_base_pct': 0.23971812413591553, 'stock_rebuild_strong_pct': 0.6350800464942004, 'stock_first_add_pct': 0.25110410996071764}. Best is trial 33 with value: 435.6882.
