Best trial: 12. Best value: 395.63:  25%|██▌       | 25/100 [1:16:24<3:43:49, 179.06s/it]Best trial: 12. Best value: 395.63:  25%|██▌       | 25/100 [1:16:24<3:43:49, 179.06s/it]Best trial: 12. Best value: 395.63:  26%|██▌       | 26/100 [1:16:24<3:39:39, 178.11s/it]                                                                                         [I 2026-07-24 23:05:28,216] Trial 26 finished with value: 388.3567 and parameters: {'vwap_buy_deviation': -0.025969753741324906, 'take_profit_pct': 0.008988562801833742, 'buy_confirm_min_score': 20, 'notify_sell_threshold': 51, 'notify_buy_threshold': 40, 'stock_qty_strong_pct': 0.5968421823253871, 'stock_qty_base_pct': 0.2766485857684514, 'stock_rebuild_strong_pct': 0.8372502471569422, 'stock_first_add_pct': 0.38141404827819914}. Best is trial 12 with value: 395.6304.
Best trial: 12. Best value: 395.63:  26%|██▌       | 26/100 [1:19:19<3:39:39, 178.11s/it]Best trial: 12. Best value: 395.63:  26%|██▌       | 26/100 [1:19:19<3:39:39, 178.11s/it]Best trial: 12. Best value: 395.63:  27%|██▋       | 27/100 [1:19:19<3:35:28, 177.10s/it]                                                                                         [I 2026-07-24 23:08:22,217] Trial 27 finished with value: -0.0 and parameters: {'vwap_buy_deviation': -0.03224681106654934, 'take_profit_pct': 0.017013457523225955, 'buy_confirm_min_score': 17, 'notify_sell_threshold': 42, 'notify_buy_threshold': 46, 'stock_qty_strong_pct': 0.5226766098667983, 'stock_qty_base_pct': 0.22207918159045692, 'stock_rebuild_strong_pct': 0.7511322799756578, 'stock_first_add_pct': 0.1857428560575026}. Best is trial 12 with value: 395.6304.
Best trial: 12. Best value: 395.63:  27%|██▋       | 27/100 [1:22:13<3:35:28, 177.10s/it]Best trial: 12. Best value: 395.63:  27%|██▋       | 27/100 [1:22:13<3:35:28, 177.10s/it]Best trial: 12. Best value: 395.63:  28%|██▊       | 28/100 [1:22:13<3:31:24, 176.17s/it]                                                                                         [I 2026-07-24 23:11:19,348] Trial 28 finished with value: 273.2588 and parameters: {'vwap_buy_deviation': -0.015295845048594544, 'take_profit_pct': 0.014560972109032153, 'buy_confirm_min_score': 19, 'notify_sell_threshold': 53, 'notify_buy_threshold': 42, 'stock_qty_strong_pct': 0.3998327776415547, 'stock_qty_base_pct': 0.1839361047348074, 'stock_rebuild_strong_pct': 0.7289890637387005, 'stock_first_add_pct': 0.23923499287885508}. Best is trial 12 with value: 395.6304.
Best trial: 12. Best value: 395.63:  28%|██▊       | 28/100 [1:25:10<3:31:24, 176.17s/it]Best trial: 12. Best value: 395.63:  28%|██▊       | 28/100 [1:25:10<3:31:24, 176.17s/it]Best trial: 12. Best value: 395.63:  29%|██▉       | 29/100 [1:25:10<3:28:48, 176.46s/it]                                                                                         [I 2026-07-24 23:14:15,822] Trial 29 finished with value: 234.2686 and parameters: {'vwap_buy_deviation': -0.028220721885191178, 'take_profit_pct': 0.024481679205274574, 'buy_confirm_min_score': 28, 'notify_sell_threshold': 56, 'notify_buy_threshold': 45, 'stock_qty_strong_pct': 0.31260542717788875, 'stock_qty_base_pct': 0.16235595506476522, 'stock_rebuild_strong_pct': 0.8132400437189277, 'stock_first_add_pct': 0.2800723494254158}. Best is trial 12 with value: 395.6304.
Best trial: 12. Best value: 395.63:  29%|██▉       | 29/100 [1:28:06<3:28:48, 176.46s/it]Best trial: 12. Best value: 395.63:  29%|██▉       | 29/100 [1:28:06<3:28:48, 176.46s/it]Best trial: 12. Best value: 395.63:  30%|███       | 30/100 [1:28:06<3:25:52, 176.46s/it]                                                                                         [I 2026-07-24 23:17:10,581] Trial 30 finished with value: 269.264 and parameters: {'vwap_buy_deviation': -0.030287879734648304, 'take_profit_pct': 0.02079808903668195, 'buy_confirm_min_score': 21, 'notify_sell_threshold': 50, 'notify_buy_threshold': 44, 'stock_qty_strong_pct': 0.334434642595302, 'stock_qty_base_pct': 0.1708733988311258, 'stock_rebuild_strong_pct': 0.8714803706814329, 'stock_first_add_pct': 0.30108690240793856}. Best is trial 12 with value: 395.6304.
Best trial: 12. Best value: 395.63:  30%|███       | 30/100 [1:31:01<3:25:52, 176.46s/it]Best trial: 12. Best value: 395.63:  30%|███       | 30/100 [1:31:01<3:25:52, 176.46s/it]Best trial: 12. Best value: 395.63:  31%|███       | 31/100 [1:31:01<3:22:20, 175.95s/it]                                                                                         [I 2026-07-24 23:20:06,080] Trial 31 finished with value: 388.3567 and parameters: {'vwap_buy_deviation': -0.026295812994412117, 'take_profit_pct': 0.009122733083251637, 'buy_confirm_min_score': 20, 'notify_sell_threshold': 51, 'notify_buy_threshold': 40, 'stock_qty_strong_pct': 0.599399255158101, 'stock_qty_base_pct': 0.2655350556420525, 'stock_rebuild_strong_pct': 0.8555533680276777, 'stock_first_add_pct': 0.38861028300306977}. Best is trial 12 with value: 395.6304.
Best trial: 12. Best value: 395.63:  31%|███       | 31/100 [1:33:56<3:22:20, 175.95s/it]Best trial: 12. Best value: 395.63:  31%|███       | 31/100 [1:33:56<3:22:20, 175.95s/it]Best trial: 12. Best value: 395.63:  32%|███▏      | 32/100 [1:33:56<3:19:15, 175.82s/it]                                                                                         [I 2026-07-24 23:23:03,648] Trial 32 finished with value: 285.0823 and parameters: {'vwap_buy_deviation': -0.018732157396158015, 'take_profit_pct': 0.006764729810433477, 'buy_confirm_min_score': 17, 'notify_sell_threshold': 47, 'notify_buy_threshold': 42, 'stock_qty_strong_pct': 0.556959889707029, 'stock_qty_base_pct': 0.2815110099413635, 'stock_rebuild_strong_pct': 0.6720039883781194, 'stock_first_add_pct': 0.36973626108619384}. Best is trial 12 with value: 395.6304.
Best trial: 12. Best value: 395.63:  32%|███▏      | 32/100 [1:36:54<3:19:15, 175.82s/it]Best trial: 12. Best value: 395.63:  32%|███▏      | 32/100 [1:36:54<3:19:15, 175.82s/it]Best trial: 12. Best value: 395.63:  33%|███▎      | 33/100 [1:36:54<3:16:54, 176.34s/it]                                                                                         [I 2026-07-24 23:26:01,222] Trial 33 finished with value: 435.6882 and parameters: {'vwap_buy_deviation': -0.02645201734585099, 'take_profit_pct': 0.007496639663944158, 'buy_confirm_min_score': 22, 'notify_sell_threshold': 54, 'notify_buy_threshold': 40, 'stock_qty_strong_pct': 0.5765134583072433, 'stock_qty_base_pct': 0.33765524686139375, 'stock_rebuild_strong_pct': 0.9063901650541631, 'stock_first_add_pct': 0.3339547373376373}. Best is trial 33 with value: 435.6882.
Best trial: 12. Best value: 395.63:  33%|███▎      | 33/100 [1:39:52<3:16:54, 176.34s/it]Best trial: 33. Best value: 435.688:  33%|███▎      | 33/100 [1:39:52<3:16:54, 176.34s/it]Best trial: 33. Best value: 435.688:  34%|███▍      | 34/100 [1:39:52<3:14:22, 176.71s/it]                                                                                          [I 2026-07-24 23:28:54,724] Trial 34 finished with value: 140.8009 and parameters: {'vwap_buy_deviation': -0.024615861070570698, 'take_profit_pct': 0.006336582745429544, 'buy_confirm_min_score': 22, 'notify_sell_threshold': 58, 'notify_buy_threshold': 44, 'stock_qty_strong_pct': 0.5762861051804792, 'stock_qty_base_pct': 0.3690134027895163, 'stock_rebuild_strong_pct': 0.9303252597534035, 'stock_first_add_pct': 0.33972823762338655}. Best is trial 33 with value: 435.6882.
Best trial: 33. Best value: 435.688:  34%|███▍      | 34/100 [1:42:45<3:14:22, 176.71s/it]Best trial: 33. Best value: 435.688:  34%|███▍      | 34/100 [1:42:45<3:14:22, 176.71s/it]Best trial: 33. Best value: 435.688:  35%|███▌      | 35/100 [1:42:45<3:10:23, 175.75s/it]                                                                                          [I 2026-07-24 23:31:50,957] Trial 35 finished with value: 183.8017 and parameters: {'vwap_buy_deviation': -0.03369675165983793, 'take_profit_pct': 0.009987160987846291, 'buy_confirm_min_score': 23, 'notify_sell_threshold': 60, 'notify_buy_threshold': 47, 'stock_qty_strong_pct': 0.5314140263692541, 'stock_qty_base_pct': 0.33613619512526677, 'stock_rebuild_strong_pct': 0.9223146390875079, 'stock_first_add_pct': 0.2698680631037645}. Best is trial 33 with value: 435.6882.
Best trial: 33. Best value: 435.688:  35%|███▌      | 35/100 [1:45:41<3:10:23, 175.75s/it]Best trial: 33. Best value: 435.688:  35%|███▌      | 35/100 [1:45:41<3:10:23, 175.75s/it]Best trial: 33. Best value: 435.688:  36%|███▌      | 36/100 [1:45:41<3:07:37, 175.89s/it]                                                                                          [I 2026-07-24 23:34:49,674] Trial 36 finished with value: 345.3632 and parameters: {'vwap_buy_deviation': -0.019929056368088904, 'take_profit_pct': 0.007570104536269392, 'buy_confirm_min_score': 16, 'notify_sell_threshold': 55, 'notify_buy_threshold': 42, 'stock_qty_strong_pct': 0.499223360203233, 'stock_qty_base_pct': 0.3292060039229239, 'stock_rebuild_strong_pct': 0.8039161144044049, 'stock_first_add_pct': 0.31136294499665756}. Best is trial 33 with value: 435.6882.
Best trial: 33. Best value: 435.688:  36%|███▌      | 36/100 [1:48:40<3:07:37, 175.89s/it]Best trial: 33. Best value: 435.688:  36%|███▌      | 36/100 [1:48:40<3:07:37, 175.89s/it]Best trial: 33. Best value: 435.688:  37%|███▋      | 37/100 [1:48:40<3:05:34, 176.74s/it]                                                                                          [I 2026-07-24 23:37:48,825] Trial 37 finished with value: 229.7232 and parameters: {'vwap_buy_deviation': -0.02694384707519413, 'take_profit_pct': 0.006080698051210096, 'buy_confirm_min_score': 25, 'notify_sell_threshold': 54, 'notify_buy_threshold': 50, 'stock_qty_strong_pct': 0.297582978120776, 'stock_qty_base_pct': 0.3780645986032789, 'stock_rebuild_strong_pct': 0.9909270315731906, 'stock_first_add_pct': 0.3335503486901558}. Best is trial 33 with value: 435.6882.
Best trial: 33. Best value: 435.688:  37%|███▋      | 37/100 [1:51:39<3:05:34, 176.74s/it]Best trial: 33. Best value: 435.688:  37%|███▋      | 37/100 [1:51:39<3:05:34, 176.74s/it]Best trial: 33. Best value: 435.688:  38%|███▊      | 38/100 [1:51:39<3:03:22, 177.46s/it]                                                                                          [I 2026-07-24 23:40:44,015] Trial 38 finished with value: 216.8871 and parameters: {'vwap_buy_deviation': -0.02500893337815761, 'take_profit_pct': 0.016792924553820872, 'buy_confirm_min_score': 22, 'notify_sell_threshold': 45, 'notify_buy_threshold': 45, 'stock_qty_strong_pct': 0.5390442045357762, 'stock_qty_base_pct': 0.3202549540024249, 'stock_rebuild_strong_pct': 0.6465502976779935, 'stock_first_add_pct': 0.35220701753346695}. Best is trial 33 with value: 435.6882.
Best trial: 33. Best value: 435.688:  38%|███▊      | 38/100 [1:54:34<3:03:22, 177.46s/it]Best trial: 33. Best value: 435.688:  38%|███▊      | 38/100 [1:54:34<3:03:22, 177.46s/it]Best trial: 33. Best value: 435.688:  39%|███▉      | 39/100 [1:54:34<2:59:43, 176.78s/it]                                                                                          [I 2026-07-24 23:43:44,351] Trial 39 finished with value: -0.0 and parameters: {'vwap_buy_deviation': -0.028745644484968524, 'take_profit_pct': 0.012521116528951659, 'buy_confirm_min_score': 24, 'notify_sell_threshold': 42, 'notify_buy_threshold': 42, 'stock_qty_strong_pct': 0.25324279196736854, 'stock_qty_base_pct': 0.2394473771660176, 'stock_rebuild_strong_pct': 0.9058717298256648, 'stock_first_add_pct': 0.15329194755678804}. Best is trial 33 with value: 435.6882.
Best trial: 33. Best value: 435.688:  39%|███▉      | 39/100 [1:57:35<2:59:43, 176.78s/it]Best trial: 33. Best value: 435.688:  39%|███▉      | 39/100 [1:57:35<2:59:43, 176.78s/it]Best trial: 33. Best value: 435.688:  40%|████      | 40/100 [1:57:35<2:57:50, 177.85s/it]                                                                                          [I 2026-07-24 23:46:40,255] Trial 40 finished with value: 143.2814 and parameters: {'vwap_buy_deviation': -0.031016659114103676, 'take_profit_pct': 0.007680793332452831, 'buy_confirm_min_score': 19, 'notify_sell_threshold': 57, 'notify_buy_threshold': 44, 'stock_qty_strong_pct': 0.5681909195201228, 'stock_qty_base_pct': 0.15036250294818837, 'stock_rebuild_strong_pct': 0.7547477679199923, 'stock_first_add_pct': 0.2837342215726218}. Best is trial 33 with value: 435.6882.
Best trial: 33. Best value: 435.688:  40%|████      | 40/100 [2:00:31<2:57:50, 177.85s/it]Best trial: 33. Best value: 435.688:  40%|████      | 40/100 [2:00:31<2:57:50, 177.85s/it]Best trial: 33. Best value: 435.688:  41%|████      | 41/100 [2:00:31<2:54:18, 177.27s/it]                                                                                          [I 2026-07-24 23:49:41,579] Trial 41 finished with value: 382.5297 and parameters: {'vwap_buy_deviation': -0.023595375745506172, 'take_profit_pct': 0.00954699789370198, 'buy_confirm_min_score': 20, 'notify_sell_threshold': 52, 'notify_buy_threshold': 40, 'stock_qty_strong_pct': 0.5797829722314742, 'stock_qty_base_pct': 0.27124384306118343, 'stock_rebuild_strong_pct': 0.8527184846860169, 'stock_first_add_pct': 0.3644400773250294}. Best is trial 33 with value: 435.6882.
Best trial: 33. Best value: 435.688:  41%|████      | 41/100 [2:03:32<2:54:18, 177.27s/it]Best trial: 33. Best value: 435.688:  41%|████      | 41/100 [2:03:32<2:54:18, 177.27s/it]Best trial: 33. Best value: 435.688:  42%|████▏     | 42/100 [2:03:32<2:52:31, 178.48s/it]                                                                                          [I 2026-07-24 23:52:39,032] Trial 42 finished with value: 369.4313 and parameters: {'vwap_buy_deviation': -0.025794901028220803, 'take_profit_pct': 0.005163796501974792, 'buy_confirm_min_score': 18, 'notify_sell_threshold': 49, 'notify_buy_threshold': 41, 'stock_qty_strong_pct': 0.5930852758571846, 'stock_qty_base_pct': 0.30051753363041134, 'stock_rebuild_strong_pct': 0.8003584181741994, 'stock_first_add_pct': 0.3803859755008513}. Best is trial 33 with value: 435.6882.
Best trial: 33. Best value: 435.688:  42%|████▏     | 42/100 [2:06:29<2:52:31, 178.48s/it]Best trial: 33. Best value: 435.688:  42%|████▏     | 42/100 [2:06:29<2:52:31, 178.48s/it]Best trial: 33. Best value: 435.688:  43%|████▎     | 43/100 [2:06:29<2:49:15, 178.17s/it]                                                                                          [I 2026-07-24 23:55:38,821] Trial 43 finished with value: 357.2021 and parameters: {'vwap_buy_deviation': -0.027110179449847834, 'take_profit_pct': 0.011036270979964001, 'buy_confirm_min_score': 21, 'notify_sell_threshold': 52, 'notify_buy_threshold': 41, 'stock_qty_strong_pct': 0.3736650729359358, 'stock_qty_base_pct': 0.3628203692271928, 'stock_rebuild_strong_pct': 0.8901098860197101, 'stock_first_add_pct': 0.34542820675875646}. Best is trial 33 with value: 435.6882.
Best trial: 33. Best value: 435.688:  43%|████▎     | 43/100 [2:09:29<2:49:15, 178.17s/it]Best trial: 33. Best value: 435.688:  43%|████▎     | 43/100 [2:09:29<2:49:15, 178.17s/it]Best trial: 33. Best value: 435.688:  44%|████▍     | 44/100 [2:09:29<2:46:44, 178.66s/it]                                                                                          [I 2026-07-24 23:58:38,573] Trial 44 finished with value: 301.2923 and parameters: {'vwap_buy_deviation': -0.02788173207420629, 'take_profit_pct': 0.007622812253743947, 'buy_confirm_min_score': 19, 'notify_sell_threshold': 50, 'notify_buy_threshold': 43, 'stock_qty_strong_pct': 0.5810207645067494, 'stock_qty_base_pct': 0.249728317329197, 'stock_rebuild_strong_pct': 0.8573376413981162, 'stock_first_add_pct': 0.37308039717108626}. Best is trial 33 with value: 435.6882.
Best trial: 33. Best value: 435.688:  44%|████▍     | 44/100 [2:12:29<2:46:44, 178.66s/it]Best trial: 33. Best value: 435.688:  44%|████▍     | 44/100 [2:12:29<2:46:44, 178.66s/it]Best trial: 33. Best value: 435.688:  45%|████▌     | 45/100 [2:12:29<2:44:04, 178.99s/it]                                                                                          [I 2026-07-25 00:01:38,747] Trial 45 finished with value: 390.775 and parameters: {'vwap_buy_deviation': -0.023934966050219702, 'take_profit_pct': 0.010275597068247355, 'buy_confirm_min_score': 20, 'notify_sell_threshold': 47, 'notify_buy_threshold': 40, 'stock_qty_strong_pct': 0.35667467155233523, 'stock_qty_base_pct': 0.35208473294715714, 'stock_rebuild_strong_pct': 0.7246121994280708, 'stock_first_add_pct': 0.32809357115961646}. Best is trial 33 with value: 435.6882.
Best trial: 33. Best value: 435.688:  45%|████▌     | 45/100 [2:15:29<2:44:04, 178.99s/it]Best trial: 33. Best value: 435.688:  45%|████▌     | 45/100 [2:15:29<2:44:04, 178.99s/it]Best trial: 33. Best value: 435.688:  46%|████▌     | 46/100 [2:15:29<2:41:24, 179.34s/it]                                                                                          [I 2026-07-25 00:04:35,389] Trial 46 finished with value: 342.278 and parameters: {'vwap_buy_deviation': -0.022001933947931356, 'take_profit_pct': 0.010098546551906477, 'buy_confirm_min_score': 16, 'notify_sell_threshold': 48, 'notify_buy_threshold': 41, 'stock_qty_strong_pct': 0.3571467777294331, 'stock_qty_base_pct': 0.2059415738080492, 'stock_rebuild_strong_pct': 0.6918172184923728, 'stock_first_add_pct': 0.30816412402683113}. Best is trial 33 with value: 435.6882.
Best trial: 33. Best value: 435.688:  46%|████▌     | 46/100 [2:18:26<2:41:24, 179.34s/it]Best trial: 33. Best value: 435.688:  46%|████▌     | 46/100 [2:18:26<2:41:24, 179.34s/it]Best trial: 33. Best value: 435.688:  47%|████▋     | 47/100 [2:18:26<2:37:42, 178.53s/it]                                                                                          [I 2026-07-25 00:07:33,015] Trial 47 finished with value: 209.5321 and parameters: {'vwap_buy_deviation': -0.0340397509401436, 'take_profit_pct': 0.012032353642748003, 'buy_confirm_min_score': 22, 'notify_sell_threshold': 46, 'notify_buy_threshold': 46, 'stock_qty_strong_pct': 0.3889789989533559, 'stock_qty_base_pct': 0.35548726624725235, 'stock_rebuild_strong_pct': 0.7399017321039167, 'stock_first_add_pct': 0.3294630975124968}. Best is trial 33 with value: 435.6882.
Best trial: 33. Best value: 435.688:  47%|████▋     | 47/100 [2:21:23<2:37:42, 178.53s/it]Best trial: 33. Best value: 435.688:  47%|████▋     | 47/100 [2:21:23<2:37:42, 178.53s/it]Best trial: 33. Best value: 435.688:  48%|████▊     | 48/100 [2:21:23<2:34:29, 178.26s/it]                                                                                          [I 2026-07-25 00:10:30,665] Trial 48 finished with value: -0.0 and parameters: {'vwap_buy_deviation': -0.020889647857042826, 'take_profit_pct': 0.01542084483134658, 'buy_confirm_min_score': 18, 'notify_sell_threshold': 43, 'notify_buy_threshold': 43, 'stock_qty_strong_pct': 0.44675921632930105, 'stock_qty_base_pct': 0.3548145840920728, 'stock_rebuild_strong_pct': 0.7121213879199957, 'stock_first_add_pct': 0.13391884877598786}. Best is trial 33 with value: 435.6882.
Best trial: 33. Best value: 435.688:  48%|████▊     | 48/100 [2:24:21<2:34:29, 178.26s/it]Best trial: 33. Best value: 435.688:  48%|████▊     | 48/100 [2:24:21<2:34:29, 178.26s/it]Best trial: 33. Best value: 435.688:  49%|████▉     | 49/100 [2:24:21<2:31:21, 178.08s/it]                                                                                          [I 2026-07-25 00:13:34,716] Trial 49 finished with value: 129.1262 and parameters: {'vwap_buy_deviation': -0.023908631462144555, 'take_profit_pct': 0.006146634742597986, 'buy_confirm_min_score': 23, 'notify_sell_threshold': 66, 'notify_buy_threshold': 41, 'stock_qty_strong_pct': 0.35577799813409383, 'stock_qty_base_pct': 0.39544833707930865, 'stock_rebuild_strong_pct': 0.6191492662039453, 'stock_first_add_pct': 0.2924302495016643}. Best is trial 33 with value: 435.6882.
Best trial: 33. Best value: 435.688:  49%|████▉     | 49/100 [2:27:25<2:31:21, 178.08s/it]Best trial: 33. Best value: 435.688:  49%|████▉     | 49/100 [2:27:25<2:31:21, 178.08s/it]Best trial: 33. Best value: 435.688:  50%|█████     | 50/100 [2:27:25<2:29:53, 179.87s/it]                                                                                          [I 2026-07-25 00:16:31,794] Trial 50 finished with value: 236.7628 and parameters: {'vwap_buy_deviation': -0.03246791221352149, 'take_profit_pct': 0.008266598613087976, 'buy_confirm_min_score': 17, 'notify_sell_threshold': 48, 'notify_buy_threshold': 45, 'stock_qty_strong_pct': 0.41901828034453964, 'stock_qty_base_pct': 0.3436271413915606, 'stock_rebuild_strong_pct': 0.6703271859703988, 'stock_first_add_pct': 0.35675691298310463}. Best is trial 33 with value: 435.6882.
Best trial: 33. Best value: 435.688:  50%|█████     | 50/100 [2:30:22<2:29:53, 179.87s/it]Best trial: 33. Best value: 435.688:  50%|█████     | 50/100 [2:30:22<2:29:53, 179.87s/it]Best trial: 33. Best value: 435.688:  51%|█████     | 51/100 [2:30:22<2:26:12, 179.03s/it]                                                                                          [I 2026-07-25 00:19:32,286] Trial 51 finished with value: 388.4686 and parameters: {'vwap_buy_deviation': -0.02549845997903817, 'take_profit_pct': 0.010637260203495405, 'buy_confirm_min_score': 20, 'notify_sell_threshold': 50, 'notify_buy_threshold': 40, 'stock_qty_strong_pct': 0.3339040609858124, 'stock_qty_base_pct': 0.31409206924405375, 'stock_rebuild_strong_pct': 0.7657852681664, 'stock_first_add_pct': 0.3396420237503863}. Best is trial 33 with value: 435.6882.
