Best trial: 51. Best value: 433.721:  65%|██████▌   | 65/100 [1:54:07<1:00:27, 103.64s/it]Best trial: 51. Best value: 433.721:  65%|██████▌   | 65/100 [1:54:07<1:00:27, 103.64s/it]Best trial: 51. Best value: 433.721:  66%|██████▌   | 66/100 [1:54:07<57:50, 102.07s/it]                                                                                          [I 2026-07-24 00:30:44,452] Trial 66 finished with value: 361.2536 and parameters: {'vwap_buy_deviation': -0.02943044221377727, 'take_profit_pct': 0.017796597204414195, 'buy_confirm_min_score': 19, 'notify_sell_threshold': 59, 'notify_buy_threshold': 41}. Best is trial 51 with value: 433.7209.
Best trial: 51. Best value: 433.721:  66%|██████▌   | 66/100 [1:55:52<57:50, 102.07s/it]Best trial: 51. Best value: 433.721:  66%|██████▌   | 66/100 [1:55:52<57:50, 102.07s/it]Best trial: 51. Best value: 433.721:  67%|██████▋   | 67/100 [1:55:52<56:36, 102.93s/it]                                                                                        [I 2026-07-24 00:32:25,575] Trial 67 finished with value: 383.944 and parameters: {'vwap_buy_deviation': -0.031823289725871784, 'take_profit_pct': 0.016310332931174294, 'buy_confirm_min_score': 19, 'notify_sell_threshold': 63, 'notify_buy_threshold': 41}. Best is trial 51 with value: 433.7209.
Best trial: 51. Best value: 433.721:  67%|██████▋   | 67/100 [1:57:33<56:36, 102.93s/it]Best trial: 51. Best value: 433.721:  67%|██████▋   | 67/100 [1:57:33<56:36, 102.93s/it]Best trial: 51. Best value: 433.721:  68%|██████▊   | 68/100 [1:57:33<54:36, 102.39s/it]                                                                                        [I 2026-07-24 00:34:08,315] Trial 68 finished with value: 396.4906 and parameters: {'vwap_buy_deviation': -0.03112904167530739, 'take_profit_pct': 0.016417080239821955, 'buy_confirm_min_score': 15, 'notify_sell_threshold': 65, 'notify_buy_threshold': 41}. Best is trial 51 with value: 433.7209.
Best trial: 51. Best value: 433.721:  68%|██████▊   | 68/100 [1:59:16<54:36, 102.39s/it]Best trial: 51. Best value: 433.721:  68%|██████▊   | 68/100 [1:59:16<54:36, 102.39s/it]Best trial: 51. Best value: 433.721:  69%|██████▉   | 69/100 [1:59:16<52:57, 102.49s/it]                                                                                        [I 2026-07-24 00:35:52,654] Trial 69 finished with value: 243.9088 and parameters: {'vwap_buy_deviation': -0.03182178482909114, 'take_profit_pct': 0.015134382815960693, 'buy_confirm_min_score': 15, 'notify_sell_threshold': 63, 'notify_buy_threshold': 43}. Best is trial 51 with value: 433.7209.
Best trial: 51. Best value: 433.721:  69%|██████▉   | 69/100 [2:01:00<52:57, 102.49s/it]Best trial: 51. Best value: 433.721:  69%|██████▉   | 69/100 [2:01:00<52:57, 102.49s/it]Best trial: 51. Best value: 433.721:  70%|███████   | 70/100 [2:01:00<51:31, 103.05s/it]                                                                                        [I 2026-07-24 00:37:31,700] Trial 70 finished with value: 192.2887 and parameters: {'vwap_buy_deviation': -0.03253527942279571, 'take_profit_pct': 0.01646790680355892, 'buy_confirm_min_score': 16, 'notify_sell_threshold': 66, 'notify_buy_threshold': 45}. Best is trial 51 with value: 433.7209.
Best trial: 51. Best value: 433.721:  70%|███████   | 70/100 [2:02:39<51:31, 103.05s/it]Best trial: 51. Best value: 433.721:  70%|███████   | 70/100 [2:02:39<51:31, 103.05s/it]Best trial: 51. Best value: 433.721:  71%|███████   | 71/100 [2:02:39<49:13, 101.85s/it]                                                                                        [I 2026-07-24 00:39:17,356] Trial 71 finished with value: 404.1774 and parameters: {'vwap_buy_deviation': -0.030314917952066145, 'take_profit_pct': 0.015969684153711725, 'buy_confirm_min_score': 17, 'notify_sell_threshold': 64, 'notify_buy_threshold': 41}. Best is trial 51 with value: 433.7209.
Best trial: 51. Best value: 433.721:  71%|███████   | 71/100 [2:04:25<49:13, 101.85s/it]Best trial: 51. Best value: 433.721:  71%|███████   | 71/100 [2:04:25<49:13, 101.85s/it]Best trial: 51. Best value: 433.721:  72%|███████▏  | 72/100 [2:04:25<48:03, 102.99s/it]                                                                                        [I 2026-07-24 00:41:00,743] Trial 72 finished with value: 404.1774 and parameters: {'vwap_buy_deviation': -0.030812654633337405, 'take_profit_pct': 0.015989518256410172, 'buy_confirm_min_score': 16, 'notify_sell_threshold': 64, 'notify_buy_threshold': 41}. Best is trial 51 with value: 433.7209.
Best trial: 51. Best value: 433.721:  72%|███████▏  | 72/100 [2:06:08<48:03, 102.99s/it]Best trial: 51. Best value: 433.721:  72%|███████▏  | 72/100 [2:06:08<48:03, 102.99s/it]Best trial: 51. Best value: 433.721:  73%|███████▎  | 73/100 [2:06:08<46:23, 103.11s/it]                                                                                        [I 2026-07-24 00:42:39,788] Trial 73 finished with value: 401.1677 and parameters: {'vwap_buy_deviation': -0.030800666505714638, 'take_profit_pct': 0.015978307000744634, 'buy_confirm_min_score': 17, 'notify_sell_threshold': 65, 'notify_buy_threshold': 42}. Best is trial 51 with value: 433.7209.
Best trial: 51. Best value: 433.721:  73%|███████▎  | 73/100 [2:07:47<46:23, 103.11s/it]Best trial: 51. Best value: 433.721:  73%|███████▎  | 73/100 [2:07:47<46:23, 103.11s/it]Best trial: 51. Best value: 433.721:  74%|███████▍  | 74/100 [2:07:47<44:09, 101.89s/it]                                                                                        [I 2026-07-24 00:44:22,989] Trial 74 finished with value: 337.3075 and parameters: {'vwap_buy_deviation': -0.030920405917426973, 'take_profit_pct': 0.013811434912761869, 'buy_confirm_min_score': 16, 'notify_sell_threshold': 66, 'notify_buy_threshold': 41}. Best is trial 51 with value: 433.7209.
Best trial: 51. Best value: 433.721:  74%|███████▍  | 74/100 [2:09:31<44:09, 101.89s/it]Best trial: 51. Best value: 433.721:  74%|███████▍  | 74/100 [2:09:31<44:09, 101.89s/it]Best trial: 51. Best value: 433.721:  75%|███████▌  | 75/100 [2:09:31<42:37, 102.28s/it]                                                                                        [I 2026-07-24 00:46:03,824] Trial 75 finished with value: 176.9672 and parameters: {'vwap_buy_deviation': -0.033923900622516406, 'take_profit_pct': 0.016091685220310695, 'buy_confirm_min_score': 17, 'notify_sell_threshold': 65, 'notify_buy_threshold': 46}. Best is trial 51 with value: 433.7209.
Best trial: 51. Best value: 433.721:  75%|███████▌  | 75/100 [2:11:11<42:37, 102.28s/it]Best trial: 51. Best value: 433.721:  75%|███████▌  | 75/100 [2:11:11<42:37, 102.28s/it]Best trial: 51. Best value: 433.721:  76%|███████▌  | 76/100 [2:11:11<40:44, 101.85s/it]                                                                                        [I 2026-07-24 00:47:45,029] Trial 76 finished with value: -10.5506 and parameters: {'vwap_buy_deviation': -0.03075196998017829, 'take_profit_pct': 0.012405832866494312, 'buy_confirm_min_score': 16, 'notify_sell_threshold': 64, 'notify_buy_threshold': 43}. Best is trial 51 with value: 433.7209.
Best trial: 51. Best value: 433.721:  76%|███████▌  | 76/100 [2:12:53<40:44, 101.85s/it]Best trial: 51. Best value: 433.721:  76%|███████▌  | 76/100 [2:12:53<40:44, 101.85s/it]Best trial: 51. Best value: 433.721:  77%|███████▋  | 77/100 [2:12:53<38:58, 101.66s/it]                                                                                        [I 2026-07-24 00:49:32,625] Trial 77 finished with value: 287.4394 and parameters: {'vwap_buy_deviation': -0.03268084383294735, 'take_profit_pct': 0.01677821333651948, 'buy_confirm_min_score': 17, 'notify_sell_threshold': 69, 'notify_buy_threshold': 41}. Best is trial 51 with value: 433.7209.
Best trial: 51. Best value: 433.721:  77%|███████▋  | 77/100 [2:14:40<38:58, 101.66s/it]Best trial: 51. Best value: 433.721:  77%|███████▋  | 77/100 [2:14:40<38:58, 101.66s/it]Best trial: 51. Best value: 433.721:  78%|███████▊  | 78/100 [2:14:40<37:55, 103.44s/it]                                                                                        [I 2026-07-24 00:51:11,292] Trial 78 finished with value: -9999.0 and parameters: {'vwap_buy_deviation': -0.02998340989319251, 'take_profit_pct': 0.014113535237053677, 'buy_confirm_min_score': 15, 'notify_sell_threshold': 62, 'notify_buy_threshold': 44}. Best is trial 51 with value: 433.7209.
Best trial: 51. Best value: 433.721:  78%|███████▊  | 78/100 [2:16:19<37:55, 103.44s/it]Best trial: 51. Best value: 433.721:  78%|███████▊  | 78/100 [2:16:19<37:55, 103.44s/it]Best trial: 51. Best value: 433.721:  79%|███████▉  | 79/100 [2:16:19<35:42, 102.01s/it]                                                                                        [I 2026-07-24 00:52:54,511] Trial 79 finished with value: 313.3794 and parameters: {'vwap_buy_deviation': -0.031654805956570664, 'take_profit_pct': 0.01578090398399843, 'buy_confirm_min_score': 17, 'notify_sell_threshold': 68, 'notify_buy_threshold': 42}. Best is trial 51 with value: 433.7209.
Best trial: 51. Best value: 433.721:  79%|███████▉  | 79/100 [2:18:02<35:42, 102.01s/it]Best trial: 51. Best value: 433.721:  79%|███████▉  | 79/100 [2:18:02<35:42, 102.01s/it]Best trial: 51. Best value: 433.721:  80%|████████  | 80/100 [2:18:02<34:07, 102.37s/it]                                                                                        [I 2026-07-24 00:54:37,901] Trial 80 finished with value: -9999.0 and parameters: {'vwap_buy_deviation': -0.02922645126562428, 'take_profit_pct': 0.013324800639094341, 'buy_confirm_min_score': 15, 'notify_sell_threshold': 63, 'notify_buy_threshold': 58}. Best is trial 51 with value: 433.7209.
Best trial: 51. Best value: 433.721:  80%|████████  | 80/100 [2:19:46<34:07, 102.37s/it]Best trial: 51. Best value: 433.721:  80%|████████  | 80/100 [2:19:46<34:07, 102.37s/it]Best trial: 51. Best value: 433.721:  81%|████████  | 81/100 [2:19:46<32:30, 102.68s/it]                                                                                        [I 2026-07-24 00:56:17,236] Trial 81 finished with value: 373.661 and parameters: {'vwap_buy_deviation': -0.033017972427506814, 'take_profit_pct': 0.014714256437417248, 'buy_confirm_min_score': 16, 'notify_sell_threshold': 65, 'notify_buy_threshold': 42}. Best is trial 51 with value: 433.7209.
Best trial: 51. Best value: 433.721:  81%|████████  | 81/100 [2:21:25<32:30, 102.68s/it]Best trial: 51. Best value: 433.721:  81%|████████  | 81/100 [2:21:25<32:30, 102.68s/it]Best trial: 51. Best value: 433.721:  82%|████████▏ | 82/100 [2:21:25<30:30, 101.67s/it]                                                                                        [I 2026-07-24 00:58:01,661] Trial 82 finished with value: 375.5378 and parameters: {'vwap_buy_deviation': -0.03315540248753499, 'take_profit_pct': 0.014853063176850242, 'buy_confirm_min_score': 16, 'notify_sell_threshold': 65, 'notify_buy_threshold': 42}. Best is trial 51 with value: 433.7209.
Best trial: 51. Best value: 433.721:  82%|████████▏ | 82/100 [2:23:09<30:30, 101.67s/it]Best trial: 51. Best value: 433.721:  82%|████████▏ | 82/100 [2:23:09<30:30, 101.67s/it]Best trial: 51. Best value: 433.721:  83%|████████▎ | 83/100 [2:23:09<29:02, 102.50s/it]                                                                                        [I 2026-07-24 00:59:44,042] Trial 83 finished with value: 387.5253 and parameters: {'vwap_buy_deviation': -0.031177977242509015, 'take_profit_pct': 0.015410740129425447, 'buy_confirm_min_score': 17, 'notify_sell_threshold': 66, 'notify_buy_threshold': 41}. Best is trial 51 with value: 433.7209.
Best trial: 51. Best value: 433.721:  83%|████████▎ | 83/100 [2:24:52<29:02, 102.50s/it]Best trial: 51. Best value: 433.721:  83%|████████▎ | 83/100 [2:24:52<29:02, 102.50s/it]Best trial: 51. Best value: 433.721:  84%|████████▍ | 84/100 [2:24:52<27:19, 102.46s/it]                                                                                        [I 2026-07-24 01:01:25,470] Trial 84 finished with value: 304.9796 and parameters: {'vwap_buy_deviation': -0.030925211504468877, 'take_profit_pct': 0.015545308949824858, 'buy_confirm_min_score': 18, 'notify_sell_threshold': 67, 'notify_buy_threshold': 41}. Best is trial 51 with value: 433.7209.
Best trial: 51. Best value: 433.721:  84%|████████▍ | 84/100 [2:26:33<27:19, 102.46s/it]Best trial: 51. Best value: 433.721:  84%|████████▍ | 84/100 [2:26:33<27:19, 102.46s/it]Best trial: 51. Best value: 433.721:  85%|████████▌ | 85/100 [2:26:33<25:32, 102.15s/it]                                                                                        [I 2026-07-24 01:03:10,547] Trial 85 finished with value: 326.7886 and parameters: {'vwap_buy_deviation': -0.030386911844180176, 'take_profit_pct': 0.017263952934303894, 'buy_confirm_min_score': 17, 'notify_sell_threshold': 64, 'notify_buy_threshold': 43}. Best is trial 51 with value: 433.7209.
Best trial: 51. Best value: 433.721:  85%|████████▌ | 85/100 [2:28:18<25:32, 102.15s/it]Best trial: 51. Best value: 433.721:  85%|████████▌ | 85/100 [2:28:18<25:32, 102.15s/it]Best trial: 51. Best value: 433.721:  86%|████████▌ | 86/100 [2:28:18<24:02, 103.03s/it]                                                                                        [I 2026-07-24 01:04:50,087] Trial 86 finished with value: 330.1395 and parameters: {'vwap_buy_deviation': -0.03150246781472777, 'take_profit_pct': 0.016337765708003812, 'buy_confirm_min_score': 15, 'notify_sell_threshold': 66, 'notify_buy_threshold': 40}. Best is trial 51 with value: 433.7209.
Best trial: 51. Best value: 433.721:  86%|████████▌ | 86/100 [2:29:58<24:02, 103.03s/it]Best trial: 51. Best value: 433.721:  86%|████████▌ | 86/100 [2:29:58<24:02, 103.03s/it]Best trial: 51. Best value: 433.721:  87%|████████▋ | 87/100 [2:29:58<22:05, 101.98s/it]                                                                                        [I 2026-07-24 01:06:34,353] Trial 87 finished with value: 248.0416 and parameters: {'vwap_buy_deviation': -0.03210293057056793, 'take_profit_pct': 0.016837226306352898, 'buy_confirm_min_score': 18, 'notify_sell_threshold': 63, 'notify_buy_threshold': 44}. Best is trial 51 with value: 433.7209.
Best trial: 51. Best value: 433.721:  87%|████████▋ | 87/100 [2:31:42<22:05, 101.98s/it]Best trial: 51. Best value: 433.721:  87%|████████▋ | 87/100 [2:31:42<22:05, 101.98s/it]Best trial: 51. Best value: 433.721:  88%|████████▊ | 88/100 [2:31:42<20:32, 102.67s/it]                                                                                        [I 2026-07-24 01:08:17,660] Trial 88 finished with value: 299.4402 and parameters: {'vwap_buy_deviation': -0.028645590250665355, 'take_profit_pct': 0.015935236889458852, 'buy_confirm_min_score': 17, 'notify_sell_threshold': 69, 'notify_buy_threshold': 41}. Best is trial 51 with value: 433.7209.
Best trial: 51. Best value: 433.721:  88%|████████▊ | 88/100 [2:33:25<20:32, 102.67s/it]Best trial: 51. Best value: 433.721:  88%|████████▊ | 88/100 [2:33:25<20:32, 102.67s/it]Best trial: 51. Best value: 433.721:  89%|████████▉ | 89/100 [2:33:25<18:51, 102.86s/it]                                                                                        [I 2026-07-24 01:09:56,486] Trial 89 finished with value: 170.7364 and parameters: {'vwap_buy_deviation': -0.031215488972897918, 'take_profit_pct': 0.0144517421489666, 'buy_confirm_min_score': 16, 'notify_sell_threshold': 68, 'notify_buy_threshold': 45}. Best is trial 51 with value: 433.7209.
Best trial: 51. Best value: 433.721:  89%|████████▉ | 89/100 [2:35:04<18:51, 102.86s/it]Best trial: 51. Best value: 433.721:  89%|████████▉ | 89/100 [2:35:04<18:51, 102.86s/it]Best trial: 51. Best value: 433.721:  90%|█████████ | 90/100 [2:35:04<16:56, 101.65s/it]                                                                                        [I 2026-07-24 01:11:40,814] Trial 90 finished with value: -10.5218 and parameters: {'vwap_buy_deviation': -0.03363398444380597, 'take_profit_pct': 0.01325346017903393, 'buy_confirm_min_score': 19, 'notify_sell_threshold': 62, 'notify_buy_threshold': 40}. Best is trial 51 with value: 433.7209.
Best trial: 51. Best value: 433.721:  90%|█████████ | 90/100 [2:36:48<16:56, 101.65s/it]Best trial: 51. Best value: 433.721:  90%|█████████ | 90/100 [2:36:48<16:56, 101.65s/it]Best trial: 51. Best value: 433.721:  91%|█████████ | 91/100 [2:36:48<15:22, 102.45s/it]                                                                                        [I 2026-07-24 01:13:23,969] Trial 91 finished with value: 409.3783 and parameters: {'vwap_buy_deviation': -0.03315189596398567, 'take_profit_pct': 0.015131480931614387, 'buy_confirm_min_score': 16, 'notify_sell_threshold': 65, 'notify_buy_threshold': 42}. Best is trial 51 with value: 433.7209.
Best trial: 51. Best value: 433.721:  91%|█████████ | 91/100 [2:38:32<15:22, 102.45s/it]Best trial: 51. Best value: 433.721:  91%|█████████ | 91/100 [2:38:32<15:22, 102.45s/it]Best trial: 51. Best value: 433.721:  92%|█████████▏| 92/100 [2:38:32<13:41, 102.66s/it]                                                                                        [I 2026-07-24 01:15:04,820] Trial 92 finished with value: 255.2658 and parameters: {'vwap_buy_deviation': -0.03481727929476474, 'take_profit_pct': 0.015167644310484658, 'buy_confirm_min_score': 15, 'notify_sell_threshold': 66, 'notify_buy_threshold': 43}. Best is trial 51 with value: 433.7209.
Best trial: 51. Best value: 433.721:  92%|█████████▏| 92/100 [2:40:12<13:41, 102.66s/it]Best trial: 51. Best value: 433.721:  92%|█████████▏| 92/100 [2:40:12<13:41, 102.66s/it]Best trial: 51. Best value: 433.721:  93%|█████████▎| 93/100 [2:40:12<11:54, 102.12s/it]                                                                                        [I 2026-07-24 01:16:48,970] Trial 93 finished with value: -7.9536 and parameters: {'vwap_buy_deviation': -0.03202506975052924, 'take_profit_pct': 0.014275159778910198, 'buy_confirm_min_score': 16, 'notify_sell_threshold': 61, 'notify_buy_threshold': 41}. Best is trial 51 with value: 433.7209.
Best trial: 51. Best value: 433.721:  93%|█████████▎| 93/100 [2:41:57<11:54, 102.12s/it]Best trial: 51. Best value: 433.721:  93%|█████████▎| 93/100 [2:41:57<11:54, 102.12s/it]Best trial: 51. Best value: 433.721:  94%|█████████▍| 94/100 [2:41:57<10:16, 102.73s/it]                                                                                        [I 2026-07-24 01:18:28,681] Trial 94 finished with value: 403.3548 and parameters: {'vwap_buy_deviation': -0.030199241818469818, 'take_profit_pct': 0.017429292923637544, 'buy_confirm_min_score': 17, 'notify_sell_threshold': 64, 'notify_buy_threshold': 42}. Best is trial 51 with value: 433.7209.
Best trial: 51. Best value: 433.721:  94%|█████████▍| 94/100 [2:43:36<10:16, 102.73s/it]Best trial: 51. Best value: 433.721:  94%|█████████▍| 94/100 [2:43:36<10:16, 102.73s/it]Best trial: 51. Best value: 433.721:  95%|█████████▌| 95/100 [2:43:36<08:29, 101.82s/it]                                                                                        [I 2026-07-24 01:20:13,195] Trial 95 finished with value: 304.9796 and parameters: {'vwap_buy_deviation': -0.030378131043004453, 'take_profit_pct': 0.015545073764585018, 'buy_confirm_min_score': 17, 'notify_sell_threshold': 67, 'notify_buy_threshold': 42}. Best is trial 51 with value: 433.7209.
Best trial: 51. Best value: 433.721:  95%|█████████▌| 95/100 [2:45:21<08:29, 101.82s/it]Best trial: 51. Best value: 433.721:  95%|█████████▌| 95/100 [2:45:21<08:29, 101.82s/it]Best trial: 51. Best value: 433.721:  96%|█████████▌| 96/100 [2:45:21<06:50, 102.63s/it]                                                                                        [I 2026-07-24 01:21:58,279] Trial 96 finished with value: 292.0546 and parameters: {'vwap_buy_deviation': -0.02908152131856942, 'take_profit_pct': 0.01710541355211644, 'buy_confirm_min_score': 16, 'notify_sell_threshold': 65, 'notify_buy_threshold': 43}. Best is trial 51 with value: 433.7209.
Best trial: 51. Best value: 433.721:  96%|█████████▌| 96/100 [2:47:06<06:50, 102.63s/it]Best trial: 51. Best value: 433.721:  96%|█████████▌| 96/100 [2:47:06<06:50, 102.63s/it]Best trial: 51. Best value: 433.721:  97%|█████████▋| 97/100 [2:47:06<05:10, 103.37s/it]                                                                                        [I 2026-07-24 01:23:37,818] Trial 97 finished with value: 375.5954 and parameters: {'vwap_buy_deviation': -0.029860422992373348, 'take_profit_pct': 0.017547468091148783, 'buy_confirm_min_score': 18, 'notify_sell_threshold': 64, 'notify_buy_threshold': 40}. Best is trial 51 with value: 433.7209.
Best trial: 51. Best value: 433.721:  97%|█████████▋| 97/100 [2:48:45<05:10, 103.37s/it]Best trial: 51. Best value: 433.721:  97%|█████████▋| 97/100 [2:48:45<05:10, 103.37s/it]Best trial: 51. Best value: 433.721:  98%|█████████▊| 98/100 [2:48:45<03:24, 102.22s/it]                                                                                        [I 2026-07-24 01:25:22,169] Trial 98 finished with value: -10.6536 and parameters: {'vwap_buy_deviation': -0.03054574903181887, 'take_profit_pct': 0.012534292494902507, 'buy_confirm_min_score': 15, 'notify_sell_threshold': 64, 'notify_buy_threshold': 45}. Best is trial 51 with value: 433.7209.
