=======================================================

  参数寻优系统
=======================================================
  标的: 600176  方法: optuna  训练: 2025-06-01~2026-03-31
  [数据] 预处理 279 天收盘价索引
  [数据] 600176 2025-06-01~2026-03-31: 217 个交易日，检查缓存...
  [数据] 已缓存 202/217 天，缺失将在首次 trial 下载
  [数据] 600176 2026-04-01~2026-07-20: 79 个交易日，检查缓存...
  [数据] 已缓存 74/79 天，缺失将在首次 trial 下载

[基线] 默认参数...
  wr=0.00% trades=0 dd=0.00% composite=-9999.00
[I 2026-07-23 22:34:51,698] A new study created in memory with name: no-name-54b2dbd4-de81-468f-8040-c2672c712144
  0%|          | 0/100 [00:00<?, ?it/s]                                       [I 2026-07-23 22:37:07,132] Trial 0 finished with value: 215.0398 and parameters: {'vwap_buy_deviation': -0.02750919762305275, 'take_profit_pct': 0.024014286128198326, 'buy_confirm_min_score': 26, 'notify_sell_threshold': 58, 'notify_buy_threshold': 44}. Best is trial 0 with value: 215.0398.
  0%|          | 0/100 [02:15<?, ?it/s]Best trial: 0. Best value: 215.04:   0%|          | 0/100 [02:15<?, ?it/s]Best trial: 0. Best value: 215.04:   1%|          | 1/100 [02:15<3:43:11, 135.27s/it]                                                                                     [I 2026-07-23 22:38:58,113] Trial 1 finished with value: -9999.0 and parameters: {'vwap_buy_deviation': -0.03188010959327595, 'take_profit_pct': 0.0061616722433639895, 'buy_confirm_min_score': 28, 'notify_sell_threshold': 58, 'notify_buy_threshold': 61}. Best is trial 0 with value: 215.0398.
Best trial: 0. Best value: 215.04:   1%|          | 1/100 [04:06<3:43:11, 135.27s/it]Best trial: 0. Best value: 215.04:   1%|          | 1/100 [04:06<3:43:11, 135.27s/it]Best trial: 0. Best value: 215.04:   2%|▏         | 2/100 [04:06<3:17:36, 120.98s/it]                                                                                     [I 2026-07-23 22:40:41,809] Trial 2 finished with value: 66.5541 and parameters: {'vwap_buy_deviation': -0.034588310114083955, 'take_profit_pct': 0.024398197043239887, 'buy_confirm_min_score': 28, 'notify_sell_threshold': 46, 'notify_buy_threshold': 45}. Best is trial 0 with value: 215.0398.
Best trial: 0. Best value: 215.04:   2%|▏         | 2/100 [05:49<3:17:36, 120.98s/it]Best trial: 0. Best value: 215.04:   2%|▏         | 2/100 [05:49<3:17:36, 120.98s/it]Best trial: 0. Best value: 215.04:   3%|▎         | 3/100 [05:49<3:02:49, 113.09s/it]                                                                                     [I 2026-07-23 22:42:22,251] Trial 3 finished with value: 1.6613 and parameters: {'vwap_buy_deviation': -0.031331909802931324, 'take_profit_pct': 0.011084844859190755, 'buy_confirm_min_score': 23, 'notify_sell_threshold': 53, 'notify_buy_threshold': 49}. Best is trial 0 with value: 215.0398.
Best trial: 0. Best value: 215.04:   3%|▎         | 3/100 [07:30<3:02:49, 113.09s/it]Best trial: 0. Best value: 215.04:   3%|▎         | 3/100 [07:30<3:02:49, 113.09s/it]Best trial: 0. Best value: 215.04:   4%|▍         | 4/100 [07:30<2:52:57, 108.10s/it]                                                                                     [I 2026-07-23 22:44:03,720] Trial 4 finished with value: -9999.0 and parameters: {'vwap_buy_deviation': -0.022762942105552412, 'take_profit_pct': 0.007789877213040837, 'buy_confirm_min_score': 19, 'notify_sell_threshold': 51, 'notify_buy_threshold': 54}. Best is trial 0 with value: 215.0398.
Best trial: 0. Best value: 215.04:   4%|▍         | 4/100 [09:11<2:52:57, 108.10s/it]Best trial: 0. Best value: 215.04:   4%|▍         | 4/100 [09:11<2:52:57, 108.10s/it]Best trial: 0. Best value: 215.04:   5%|▌         | 5/100 [09:11<2:47:22, 105.71s/it]                                                                                     [I 2026-07-23 22:45:45,054] Trial 5 finished with value: 295.8396 and parameters: {'vwap_buy_deviation': -0.01929648077213973, 'take_profit_pct': 0.008993475643167194, 'buy_confirm_min_score': 23, 'notify_sell_threshold': 58, 'notify_buy_threshold': 41}. Best is trial 5 with value: 295.8396.
Best trial: 0. Best value: 215.04:   5%|▌         | 5/100 [10:53<2:47:22, 105.71s/it]Best trial: 5. Best value: 295.84:   5%|▌         | 5/100 [10:53<2:47:22, 105.71s/it]Best trial: 5. Best value: 295.84:   6%|▌         | 6/100 [10:53<2:43:16, 104.22s/it]                                                                                     [I 2026-07-23 22:47:32,965] Trial 6 finished with value: -9999.0 and parameters: {'vwap_buy_deviation': -0.022849102961971235, 'take_profit_pct': 0.008410482473745831, 'buy_confirm_min_score': 16, 'notify_sell_threshold': 69, 'notify_buy_threshold': 69}. Best is trial 5 with value: 295.8396.
Best trial: 5. Best value: 295.84:   6%|▌         | 6/100 [12:41<2:43:16, 104.22s/it]Best trial: 5. Best value: 295.84:   6%|▌         | 6/100 [12:41<2:43:16, 104.22s/it]Best trial: 5. Best value: 295.84:   7%|▋         | 7/100 [12:41<2:43:24, 105.43s/it]                                                                                     [I 2026-07-23 22:49:24,113] Trial 7 finished with value: 1.6893 and parameters: {'vwap_buy_deviation': -0.018832053037670778, 'take_profit_pct': 0.011092275383467413, 'buy_confirm_min_score': 16, 'notify_sell_threshold': 61, 'notify_buy_threshold': 53}. Best is trial 5 with value: 295.8396.
Best trial: 5. Best value: 295.84:   7%|▋         | 7/100 [14:32<2:43:24, 105.43s/it]Best trial: 5. Best value: 295.84:   7%|▋         | 7/100 [14:32<2:43:24, 105.43s/it]Best trial: 5. Best value: 295.84:   8%|▊         | 8/100 [14:32<2:44:26, 107.25s/it]                                                                                     [I 2026-07-23 22:51:19,926] Trial 8 finished with value: 39.4038 and parameters: {'vwap_buy_deviation': -0.03255923530310443, 'take_profit_pct': 0.014903538202225404, 'buy_confirm_min_score': 15, 'notify_sell_threshold': 68, 'notify_buy_threshold': 48}. Best is trial 5 with value: 295.8396.
Best trial: 5. Best value: 295.84:   8%|▊         | 8/100 [16:28<2:44:26, 107.25s/it]Best trial: 5. Best value: 295.84:   8%|▊         | 8/100 [16:28<2:44:26, 107.25s/it]Best trial: 5. Best value: 295.84:   9%|▉         | 9/100 [16:28<2:46:43, 109.93s/it]                                                                                     [I 2026-07-23 22:53:24,156] Trial 9 finished with value: 2.5275 and parameters: {'vwap_buy_deviation': -0.02174955431292036, 'take_profit_pct': 0.01123422152178822, 'buy_confirm_min_score': 23, 'notify_sell_threshold': 56, 'notify_buy_threshold': 45}. Best is trial 5 with value: 295.8396.
Best trial: 5. Best value: 295.84:   9%|▉         | 9/100 [18:32<2:46:43, 109.93s/it]Best trial: 5. Best value: 295.84:   9%|▉         | 9/100 [18:32<2:46:43, 109.93s/it]Best trial: 5. Best value: 295.84:  10%|█         | 10/100 [18:32<2:51:30, 114.34s/it]                                                                                      [I 2026-07-23 22:55:19,902] Trial 10 finished with value: 23.5528 and parameters: {'vwap_buy_deviation': -0.015627516981803417, 'take_profit_pct': 0.018997500198431945, 'buy_confirm_min_score': 21, 'notify_sell_threshold': 40, 'notify_buy_threshold': 40}. Best is trial 5 with value: 295.8396.
Best trial: 5. Best value: 295.84:  10%|█         | 10/100 [20:28<2:51:30, 114.34s/it]Best trial: 5. Best value: 295.84:  10%|█         | 10/100 [20:28<2:51:30, 114.34s/it]Best trial: 5. Best value: 295.84:  11%|█         | 11/100 [20:28<2:50:14, 114.77s/it]                                                                                      [I 2026-07-23 22:57:14,632] Trial 11 finished with value: 133.6977 and parameters: {'vwap_buy_deviation': -0.026839076702416254, 'take_profit_pct': 0.024279817421272044, 'buy_confirm_min_score': 25, 'notify_sell_threshold': 63, 'notify_buy_threshold': 40}. Best is trial 5 with value: 295.8396.
Best trial: 5. Best value: 295.84:  11%|█         | 11/100 [22:22<2:50:14, 114.77s/it]Best trial: 5. Best value: 295.84:  11%|█         | 11/100 [22:22<2:50:14, 114.77s/it]Best trial: 5. Best value: 295.84:  12%|█▏        | 12/100 [22:22<2:48:18, 114.76s/it]                                                                                      [I 2026-07-23 22:59:09,863] Trial 12 finished with value: 214.2398 and parameters: {'vwap_buy_deviation': -0.027576113689691987, 'take_profit_pct': 0.01894311796680189, 'buy_confirm_min_score': 26, 'notify_sell_threshold': 63, 'notify_buy_threshold': 40}. Best is trial 5 with value: 295.8396.
Best trial: 5. Best value: 295.84:  12%|█▏        | 12/100 [24:18<2:48:18, 114.76s/it]Best trial: 5. Best value: 295.84:  12%|█▏        | 12/100 [24:18<2:48:18, 114.76s/it]Best trial: 5. Best value: 295.84:  13%|█▎        | 13/100 [24:18<2:46:36, 114.90s/it]                                                                                      [I 2026-07-23 23:01:08,000] Trial 13 finished with value: -9999.0 and parameters: {'vwap_buy_deviation': -0.026361478276516054, 'take_profit_pct': 0.020294738740164527, 'buy_confirm_min_score': 30, 'notify_sell_threshold': 51, 'notify_buy_threshold': 46}. Best is trial 5 with value: 295.8396.
Best trial: 5. Best value: 295.84:  13%|█▎        | 13/100 [26:16<2:46:36, 114.90s/it]Best trial: 5. Best value: 295.84:  13%|█▎        | 13/100 [26:16<2:46:36, 114.90s/it]Best trial: 5. Best value: 295.84:  14%|█▍        | 14/100 [26:16<2:46:05, 115.88s/it]                                                                                      [I 2026-07-23 23:03:01,134] Trial 14 finished with value: -9999.0 and parameters: {'vwap_buy_deviation': -0.016761665535641256, 'take_profit_pct': 0.015555577860600639, 'buy_confirm_min_score': 24, 'notify_sell_threshold': 57, 'notify_buy_threshold': 56}. Best is trial 5 with value: 295.8396.
Best trial: 5. Best value: 295.84:  14%|█▍        | 14/100 [28:09<2:46:05, 115.88s/it]Best trial: 5. Best value: 295.84:  14%|█▍        | 14/100 [28:09<2:46:05, 115.88s/it]Best trial: 5. Best value: 295.84:  15%|█▌        | 15/100 [28:09<2:42:59, 115.05s/it]                                                                                      [I 2026-07-23 23:04:49,769] Trial 15 finished with value: 0.7488 and parameters: {'vwap_buy_deviation': -0.01962620247906136, 'take_profit_pct': 0.015340026953033386, 'buy_confirm_min_score': 20, 'notify_sell_threshold': 47, 'notify_buy_threshold': 43}. Best is trial 5 with value: 295.8396.
Best trial: 5. Best value: 295.84:  15%|█▌        | 15/100 [29:57<2:42:59, 115.05s/it]Best trial: 5. Best value: 295.84:  15%|█▌        | 15/100 [29:57<2:42:59, 115.05s/it]Best trial: 5. Best value: 295.84:  16%|█▌        | 16/100 [29:57<2:38:22, 113.12s/it]                                                                                      [I 2026-07-23 23:06:28,042] Trial 16 finished with value: -9999.0 and parameters: {'vwap_buy_deviation': -0.024941405063575506, 'take_profit_pct': 0.0051359886020650655, 'buy_confirm_min_score': 27, 'notify_sell_threshold': 60, 'notify_buy_threshold': 49}. Best is trial 5 with value: 295.8396.
Best trial: 5. Best value: 295.84:  16%|█▌        | 16/100 [31:36<2:38:22, 113.12s/it]Best trial: 5. Best value: 295.84:  16%|█▌        | 16/100 [31:36<2:38:22, 113.12s/it]Best trial: 5. Best value: 295.84:  17%|█▋        | 17/100 [31:36<2:30:18, 108.66s/it]                                                                                      [I 2026-07-23 23:08:11,475] Trial 17 finished with value: -9999.0 and parameters: {'vwap_buy_deviation': -0.02879925545788797, 'take_profit_pct': 0.021561398586223482, 'buy_confirm_min_score': 30, 'notify_sell_threshold': 66, 'notify_buy_threshold': 51}. Best is trial 5 with value: 295.8396.
Best trial: 5. Best value: 295.84:  17%|█▋        | 17/100 [33:19<2:30:18, 108.66s/it]Best trial: 5. Best value: 295.84:  17%|█▋        | 17/100 [33:19<2:30:18, 108.66s/it]Best trial: 5. Best value: 295.84:  18%|█▊        | 18/100 [33:19<2:26:21, 107.09s/it]                                                                                      [I 2026-07-23 23:09:52,371] Trial 18 finished with value: 12.5806 and parameters: {'vwap_buy_deviation': -0.019445767929861184, 'take_profit_pct': 0.012905624177922063, 'buy_confirm_min_score': 22, 'notify_sell_threshold': 54, 'notify_buy_threshold': 43}. Best is trial 5 with value: 295.8396.
Best trial: 5. Best value: 295.84:  18%|█▊        | 18/100 [35:00<2:26:21, 107.09s/it]Best trial: 5. Best value: 295.84:  18%|█▊        | 18/100 [35:00<2:26:21, 107.09s/it]Best trial: 5. Best value: 295.84:  19%|█▉        | 19/100 [35:00<2:22:03, 105.23s/it]                                                                                      [I 2026-07-23 23:11:17,436] Trial 19 finished with value: -9999.0 and parameters: {'vwap_buy_deviation': -0.02971496975402973, 'take_profit_pct': 0.022274080873996464, 'buy_confirm_min_score': 19, 'notify_sell_threshold': 47, 'notify_buy_threshold': 59}. Best is trial 5 with value: 295.8396.
Best trial: 5. Best value: 295.84:  19%|█▉        | 19/100 [36:25<2:22:03, 105.23s/it]Best trial: 5. Best value: 295.84:  19%|█▉        | 19/100 [36:25<2:22:03, 105.23s/it]Best trial: 5. Best value: 295.84:  20%|██        | 20/100 [36:25<2:12:13, 99.17s/it]                                                                                      [I 2026-07-23 23:12:44,711] Trial 20 finished with value: 326.2068 and parameters: {'vwap_buy_deviation': -0.02391693723003167, 'take_profit_pct': 0.017348579402649614, 'buy_confirm_min_score': 25, 'notify_sell_threshold': 64, 'notify_buy_threshold': 43}. Best is trial 20 with value: 326.2068.
Best trial: 5. Best value: 295.84:  20%|██        | 20/100 [37:52<2:12:13, 99.17s/it]Best trial: 20. Best value: 326.207:  20%|██        | 20/100 [37:52<2:12:13, 99.17s/it]Best trial: 20. Best value: 326.207:  21%|██        | 21/100 [37:52<2:05:52, 95.60s/it]                                                                                       [I 2026-07-23 23:14:17,451] Trial 21 finished with value: 303.5716 and parameters: {'vwap_buy_deviation': -0.024862212737105, 'take_profit_pct': 0.016968552521410996, 'buy_confirm_min_score': 25, 'notify_sell_threshold': 64, 'notify_buy_threshold': 43}. Best is trial 20 with value: 326.2068.
Best trial: 20. Best value: 326.207:  21%|██        | 21/100 [39:25<2:05:52, 95.60s/it]Best trial: 20. Best value: 326.207:  21%|██        | 21/100 [39:25<2:05:52, 95.60s/it]Best trial: 20. Best value: 326.207:  22%|██▏       | 22/100 [39:25<2:03:09, 94.74s/it]                                                                                       [I 2026-07-23 23:15:51,209] Trial 22 finished with value: 398.8041 and parameters: {'vwap_buy_deviation': -0.02408750136655189, 'take_profit_pct': 0.01720767158176679, 'buy_confirm_min_score': 24, 'notify_sell_threshold': 65, 'notify_buy_threshold': 42}. Best is trial 22 with value: 398.8041.
Best trial: 20. Best value: 326.207:  22%|██▏       | 22/100 [40:59<2:03:09, 94.74s/it]Best trial: 22. Best value: 398.804:  22%|██▏       | 22/100 [40:59<2:03:09, 94.74s/it]Best trial: 22. Best value: 398.804:  23%|██▎       | 23/100 [40:59<2:01:12, 94.45s/it]                                                                                       [I 2026-07-23 23:17:19,487] Trial 23 finished with value: 77.5018 and parameters: {'vwap_buy_deviation': -0.024581690419221897, 'take_profit_pct': 0.017605939146947757, 'buy_confirm_min_score': 25, 'notify_sell_threshold': 65, 'notify_buy_threshold': 47}. Best is trial 22 with value: 398.8041.
Best trial: 22. Best value: 398.804:  23%|██▎       | 23/100 [42:27<2:01:12, 94.45s/it]Best trial: 22. Best value: 398.804:  23%|██▎       | 23/100 [42:27<2:01:12, 94.45s/it]Best trial: 22. Best value: 398.804:  24%|██▍       | 24/100 [42:27<1:57:17, 92.60s/it]                                                                                       [I 2026-07-23 23:18:49,217] Trial 24 finished with value: 325.266 and parameters: {'vwap_buy_deviation': -0.024298692250576435, 'take_profit_pct': 0.017354611016372624, 'buy_confirm_min_score': 25, 'notify_sell_threshold': 67, 'notify_buy_threshold': 42}. Best is trial 22 with value: 398.8041.
Best trial: 22. Best value: 398.804:  24%|██▍       | 24/100 [43:57<1:57:17, 92.60s/it]Best trial: 22. Best value: 398.804:  24%|██▍       | 24/100 [43:57<1:57:17, 92.60s/it]Best trial: 22. Best value: 398.804:  25%|██▌       | 25/100 [43:57<1:54:40, 91.74s/it]                                                                                       [I 2026-07-23 23:20:18,651] Trial 25 finished with value: 283.9943 and parameters: {'vwap_buy_deviation': -0.021552330171465187, 'take_profit_pct': 0.017083170990023985, 'buy_confirm_min_score': 28, 'notify_sell_threshold': 70, 'notify_buy_threshold': 42}. Best is trial 22 with value: 398.8041.
Best trial: 22. Best value: 398.804:  25%|██▌       | 25/100 [45:26<1:54:40, 91.74s/it]Best trial: 22. Best value: 398.804:  25%|██▌       | 25/100 [45:26<1:54:40, 91.74s/it]Best trial: 22. Best value: 398.804:  26%|██▌       | 26/100 [45:26<1:52:17, 91.05s/it]                                                                                       [I 2026-07-23 23:22:04,069] Trial 26 finished with value: -9999.0 and parameters: {'vwap_buy_deviation': -0.023764715870243223, 'take_profit_pct': 0.013507277532863134, 'buy_confirm_min_score': 24, 'notify_sell_threshold': 67, 'notify_buy_threshold': 70}. Best is trial 22 with value: 398.8041.
Best trial: 22. Best value: 398.804:  26%|██▌       | 26/100 [47:12<1:52:17, 91.05s/it]Best trial: 22. Best value: 398.804:  26%|██▌       | 26/100 [47:12<1:52:17, 91.05s/it]Best trial: 22. Best value: 398.804:  27%|██▋       | 27/100 [47:12<1:56:01, 95.36s/it]                                                                                       [I 2026-07-23 23:23:46,183] Trial 27 finished with value: 261.5395 and parameters: {'vwap_buy_deviation': -0.021141794688725356, 'take_profit_pct': 0.01923838541782625, 'buy_confirm_min_score': 21, 'notify_sell_threshold': 61, 'notify_buy_threshold': 46}. Best is trial 22 with value: 398.8041.
Best trial: 22. Best value: 398.804:  27%|██▋       | 27/100 [48:54<1:56:01, 95.36s/it]Best trial: 22. Best value: 398.804:  27%|██▋       | 27/100 [48:54<1:56:01, 95.36s/it]Best trial: 22. Best value: 398.804:  28%|██▊       | 28/100 [48:54<1:56:51, 97.38s/it]                                                                                       [I 2026-07-23 23:25:32,589] Trial 28 finished with value: 0.0 and parameters: {'vwap_buy_deviation': -0.02611719961315074, 'take_profit_pct': 0.02087980056432513, 'buy_confirm_min_score': 27, 'notify_sell_threshold': 67, 'notify_buy_threshold': 49}. Best is trial 22 with value: 398.8041.
Best trial: 22. Best value: 398.804:  28%|██▊       | 28/100 [50:40<1:56:51, 97.38s/it]Best trial: 22. Best value: 398.804:  28%|██▊       | 28/100 [50:40<1:56:51, 97.38s/it]Best trial: 22. Best value: 398.804:  29%|██▉       | 29/100 [50:40<1:58:26, 100.09s/it]                                                                                        [I 2026-07-23 23:27:11,480] Trial 29 finished with value: 0.0 and parameters: {'vwap_buy_deviation': -0.028394966290536196, 'take_profit_pct': 0.022321611184095837, 'buy_confirm_min_score': 26, 'notify_sell_threshold': 70, 'notify_buy_threshold': 44}. Best is trial 22 with value: 398.8041.
Best trial: 22. Best value: 398.804:  29%|██▉       | 29/100 [52:19<1:58:26, 100.09s/it]Best trial: 22. Best value: 398.804:  29%|██▉       | 29/100 [52:19<1:58:26, 100.09s/it]Best trial: 22. Best value: 398.804:  30%|███       | 30/100 [52:19<1:56:21, 99.73s/it]                                                                                        [I 2026-07-23 23:28:55,357] Trial 30 finished with value: -9999.0 and parameters: {'vwap_buy_deviation': -0.023502548511112883, 'take_profit_pct': 0.01397066846049259, 'buy_confirm_min_score': 24, 'notify_sell_threshold': 62, 'notify_buy_threshold': 66}. Best is trial 22 with value: 398.8041.
Best trial: 22. Best value: 398.804:  30%|███       | 30/100 [54:03<1:56:21, 99.73s/it]Best trial: 22. Best value: 398.804:  30%|███       | 30/100 [54:03<1:56:21, 99.73s/it]Best trial: 22. Best value: 398.804:  31%|███       | 31/100 [54:03<1:56:07, 100.97s/it]                                                                                        [I 2026-07-23 23:30:42,087] Trial 31 finished with value: 292.0621 and parameters: {'vwap_buy_deviation': -0.024988617503418, 'take_profit_pct': 0.017154960485452037, 'buy_confirm_min_score': 25, 'notify_sell_threshold': 65, 'notify_buy_threshold': 43}. Best is trial 22 with value: 398.8041.
Best trial: 22. Best value: 398.804:  31%|███       | 31/100 [55:50<1:56:07, 100.97s/it]Best trial: 22. Best value: 398.804:  31%|███       | 31/100 [55:50<1:56:07, 100.97s/it]Best trial: 22. Best value: 398.804:  32%|███▏      | 32/100 [55:50<1:56:23, 102.70s/it]                                                                                        [I 2026-07-23 23:32:27,632] Trial 32 finished with value: 399.1995 and parameters: {'vwap_buy_deviation': -0.02587985738212427, 'take_profit_pct': 0.016333875291852436, 'buy_confirm_min_score': 26, 'notify_sell_threshold': 64, 'notify_buy_threshold': 42}. Best is trial 32 with value: 399.1995.
