=======================================================

  参数寻优系统
=======================================================
  标的: 600176  方法: optuna  训练: 2025-06-01~2026-03-31
  [数据] 预处理 279 天收盘价索引
  [数据] 600176 2025-06-01~2026-03-31: 217 个交易日，检查缓存...
  [数据] 已缓存 202/217 天，缺失将在首次 trial 下载
  [数据] 600176 2026-04-01~2026-07-20: 79 个交易日，检查缓存...
  [数据] 已缓存 74/79 天，缺失将在首次 trial 下载

[基线] 默认参数...
  wr=0.00% trades=0 dd=0.00% composite=-9999.00
[I 2026-07-24 11:26:19,719] A new study created in memory with name: no-name-4a0a805d-ee66-4025-8338-c3a2857aa90d
  0%|          | 0/100 [00:00<?, ?it/s]                                       [I 2026-07-24 11:29:52,087] Trial 0 finished with value: -9999.0 and parameters: {'vwap_buy_deviation': -0.02750919762305275, 'take_profit_pct': 0.024014286128198326, 'buy_confirm_min_score': 26, 'notify_sell_threshold': 58, 'notify_buy_threshold': 44, 'stock_qty_strong_pct': 0.3045980821176709, 'stock_qty_base_pct': 0.16452090304204986, 'stock_rebuild_strong_pct': 0.9330880728874675, 'stock_first_add_pct': 0.2803345035229627}. Best is trial 0 with value: -9999.0.
  0%|          | 0/100 [03:32<?, ?it/s]Best trial: 0. Best value: -9999:   0%|          | 0/100 [03:32<?, ?it/s]Best trial: 0. Best value: -9999:   1%|          | 1/100 [03:32<5:49:53, 212.05s/it]                                                                                    [I 2026-07-24 11:33:41,020] Trial 1 finished with value: -9999.0 and parameters: {'vwap_buy_deviation': -0.02083854844407909, 'take_profit_pct': 0.005411689885916049, 'buy_confirm_min_score': 30, 'notify_sell_threshold': 65, 'notify_buy_threshold': 46, 'stock_qty_strong_pct': 0.3136387385224852, 'stock_qty_base_pct': 0.19585112746335845, 'stock_rebuild_strong_pct': 0.6521211214797689, 'stock_first_add_pct': 0.2574269294896714}. Best is trial 0 with value: -9999.0.
Best trial: 0. Best value: -9999:   1%|          | 1/100 [07:20<5:49:53, 212.05s/it]Best trial: 0. Best value: -9999:   1%|          | 1/100 [07:20<5:49:53, 212.05s/it]Best trial: 0. Best value: -9999:   2%|▏         | 2/100 [07:20<6:02:34, 221.98s/it]                                                                                    [I 2026-07-24 11:37:51,665] Trial 2 finished with value: 0.0 and parameters: {'vwap_buy_deviation': -0.026361099627157686, 'take_profit_pct': 0.010824582803960838, 'buy_confirm_min_score': 24, 'notify_sell_threshold': 44, 'notify_buy_threshold': 49, 'stock_qty_strong_pct': 0.3782266451527921, 'stock_qty_base_pct': 0.26401749605425895, 'stock_rebuild_strong_pct': 0.8925879806965068, 'stock_first_add_pct': 0.15990213464750794}. Best is trial 2 with value: 0.0.
Best trial: 0. Best value: -9999:   2%|▏         | 2/100 [11:31<6:02:34, 221.98s/it]Best trial: 2. Best value: 0:   2%|▏         | 2/100 [11:31<6:02:34, 221.98s/it]    Best trial: 2. Best value: 0:   3%|▎         | 3/100 [11:31<6:20:01, 235.07s/it]                                                                                [I 2026-07-24 11:41:47,726] Trial 3 finished with value: -9999.0 and parameters: {'vwap_buy_deviation': -0.02471531123172777, 'take_profit_pct': 0.01684829137724085, 'buy_confirm_min_score': 15, 'notify_sell_threshold': 58, 'notify_buy_threshold': 45, 'stock_qty_strong_pct': 0.27276805754484784, 'stock_qty_base_pct': 0.3872213843133333, 'stock_rebuild_strong_pct': 0.9828160165372797, 'stock_first_add_pct': 0.3425192044349384}. Best is trial 2 with value: 0.0.
Best trial: 2. Best value: 0:   3%|▎         | 3/100 [15:27<6:20:01, 235.07s/it]Best trial: 2. Best value: 0:   3%|▎         | 3/100 [15:27<6:20:01, 235.07s/it]Best trial: 2. Best value: 0:   4%|▍         | 4/100 [15:27<6:16:44, 235.46s/it]                                                                                [I 2026-07-24 11:45:06,831] Trial 4 finished with value: -9999.0 and parameters: {'vwap_buy_deviation': -0.028907724616532588, 'take_profit_pct': 0.006953442280127677, 'buy_confirm_min_score': 25, 'notify_sell_threshold': 53, 'notify_buy_threshold': 43, 'stock_qty_strong_pct': 0.42331191853894456, 'stock_qty_base_pct': 0.1585971302788046, 'stock_rebuild_strong_pct': 0.954660201039391, 'stock_first_add_pct': 0.1776339944800051}. Best is trial 2 with value: 0.0.
Best trial: 2. Best value: 0:   4%|▍         | 4/100 [18:46<6:16:44, 235.46s/it]Best trial: 2. Best value: 0:   4%|▍         | 4/100 [18:46<6:16:44, 235.46s/it]Best trial: 2. Best value: 0:   5%|▌         | 5/100 [18:46<5:52:03, 222.35s/it]                                                                                [I 2026-07-24 11:48:46,295] Trial 5 finished with value: 69.2784 and parameters: {'vwap_buy_deviation': -0.02174955431292036, 'take_profit_pct': 0.01123422152178822, 'buy_confirm_min_score': 23, 'notify_sell_threshold': 56, 'notify_buy_threshold': 45, 'stock_qty_strong_pct': 0.5893546197175954, 'stock_qty_base_pct': 0.34378320584027866, 'stock_rebuild_strong_pct': 0.9697494707820946, 'stock_first_add_pct': 0.3684482051282947}. Best is trial 5 with value: 69.2784.
Best trial: 2. Best value: 0:   5%|▌         | 5/100 [22:26<5:52:03, 222.35s/it]Best trial: 5. Best value: 69.2784:   5%|▌         | 5/100 [22:26<5:52:03, 222.35s/it]Best trial: 5. Best value: 69.2784:   6%|▌         | 6/100 [22:26<5:46:48, 221.37s/it]                                                                                      [I 2026-07-24 11:52:25,219] Trial 6 finished with value: 0.0 and parameters: {'vwap_buy_deviation': -0.023042000423778297, 'take_profit_pct': 0.02343748470046234, 'buy_confirm_min_score': 16, 'notify_sell_threshold': 46, 'notify_buy_threshold': 41, 'stock_qty_strong_pct': 0.3638656157671425, 'stock_qty_base_pct': 0.2471693224223705, 'stock_rebuild_strong_pct': 0.6356745158869479, 'stock_first_add_pct': 0.34862125274557887}. Best is trial 5 with value: 69.2784.
Best trial: 5. Best value: 69.2784:   6%|▌         | 6/100 [26:05<5:46:48, 221.37s/it]Best trial: 5. Best value: 69.2784:   6%|▌         | 6/100 [26:05<5:46:48, 221.37s/it]Best trial: 5. Best value: 69.2784:   7%|▋         | 7/100 [26:05<5:41:53, 220.57s/it]                                                                                      [I 2026-07-24 11:55:13,456] Trial 7 finished with value: -9999.0 and parameters: {'vwap_buy_deviation': -0.027864933466128217, 'take_profit_pct': 0.010618690193747615, 'buy_confirm_min_score': 23, 'notify_sell_threshold': 44, 'notify_buy_threshold': 64, 'stock_qty_strong_pct': 0.2760927252879198, 'stock_qty_base_pct': 0.39672173415012935, 'stock_rebuild_strong_pct': 0.8861223846483287, 'stock_first_add_pct': 0.15961470446025172}. Best is trial 5 with value: 69.2784.
Best trial: 5. Best value: 69.2784:   7%|▋         | 7/100 [28:53<5:41:53, 220.57s/it]Best trial: 5. Best value: 69.2784:   7%|▋         | 7/100 [28:53<5:41:53, 220.57s/it]Best trial: 5. Best value: 69.2784:   8%|▊         | 8/100 [28:53<5:12:39, 203.91s/it]                                                                                      [I 2026-07-24 11:58:07,294] Trial 8 finished with value: -9999.0 and parameters: {'vwap_buy_deviation': -0.03488955765752796, 'take_profit_pct': 0.021309228569096686, 'buy_confirm_min_score': 26, 'notify_sell_threshold': 62, 'notify_buy_threshold': 63, 'stock_qty_strong_pct': 0.2759156281069316, 'stock_qty_base_pct': 0.23961643213606815, 'stock_rebuild_strong_pct': 0.5579345297625649, 'stock_first_add_pct': 0.35893102776267805}. Best is trial 5 with value: 69.2784.
Best trial: 5. Best value: 69.2784:   8%|▊         | 8/100 [31:47<5:12:39, 203.91s/it]Best trial: 5. Best value: 69.2784:   8%|▊         | 8/100 [31:47<5:12:39, 203.91s/it]Best trial: 5. Best value: 69.2784:   9%|▉         | 9/100 [31:47<4:55:00, 194.51s/it]                                                                                      [I 2026-07-24 12:02:01,080] Trial 9 finished with value: 69.2784 and parameters: {'vwap_buy_deviation': -0.02253403746344884, 'take_profit_pct': 0.011617960497052984, 'buy_confirm_min_score': 16, 'notify_sell_threshold': 49, 'notify_buy_threshold': 50, 'stock_qty_strong_pct': 0.5053621624183224, 'stock_qty_base_pct': 0.3093893678388033, 'stock_rebuild_strong_pct': 0.9436063712881633, 'stock_first_add_pct': 0.2416644775485848}. Best is trial 5 with value: 69.2784.
Best trial: 5. Best value: 69.2784:   9%|▉         | 9/100 [35:41<4:55:00, 194.51s/it]Best trial: 5. Best value: 69.2784:   9%|▉         | 9/100 [35:41<4:55:00, 194.51s/it]Best trial: 5. Best value: 69.2784:  10%|█         | 10/100 [35:41<5:09:57, 206.63s/it]                                                                                       [I 2026-07-24 12:05:45,097] Trial 10 finished with value: -9999.0 and parameters: {'vwap_buy_deviation': -0.015687871632118086, 'take_profit_pct': 0.016699180097162217, 'buy_confirm_min_score': 20, 'notify_sell_threshold': 68, 'notify_buy_threshold': 57, 'stock_qty_strong_pct': 0.5676826783488812, 'stock_qty_base_pct': 0.3360754275882549, 'stock_rebuild_strong_pct': 0.7999896483928265, 'stock_first_add_pct': 0.38689970179021393}. Best is trial 5 with value: 69.2784.
Best trial: 5. Best value: 69.2784:  10%|█         | 10/100 [39:25<5:09:57, 206.63s/it]Best trial: 5. Best value: 69.2784:  10%|█         | 10/100 [39:25<5:09:57, 206.63s/it]Best trial: 5. Best value: 69.2784:  11%|█         | 11/100 [39:25<5:14:23, 211.95s/it]                                                                                       [I 2026-07-24 12:09:59,077] Trial 11 finished with value: 69.2784 and parameters: {'vwap_buy_deviation': -0.018104540046336354, 'take_profit_pct': 0.011821865560323382, 'buy_confirm_min_score': 19, 'notify_sell_threshold': 50, 'notify_buy_threshold': 53, 'stock_qty_strong_pct': 0.5789348752784789, 'stock_qty_base_pct': 0.3214492926198179, 'stock_rebuild_strong_pct': 0.8035921370166128, 'stock_first_add_pct': 0.2463382156434883}. Best is trial 5 with value: 69.2784.
Best trial: 5. Best value: 69.2784:  11%|█         | 11/100 [43:39<5:14:23, 211.95s/it]Best trial: 5. Best value: 69.2784:  11%|█         | 11/100 [43:39<5:14:23, 211.95s/it]Best trial: 5. Best value: 69.2784:  12%|█▏        | 12/100 [43:39<5:29:37, 224.74s/it]                                                                                       [I 2026-07-24 12:14:12,734] Trial 12 finished with value: -9999.0 and parameters: {'vwap_buy_deviation': -0.020925810757018368, 'take_profit_pct': 0.014149122709140118, 'buy_confirm_min_score': 19, 'notify_sell_threshold': 50, 'notify_buy_threshold': 53, 'stock_qty_strong_pct': 0.5076331737484912, 'stock_qty_base_pct': 0.32529064884844, 'stock_rebuild_strong_pct': 0.8168122628537164, 'stock_first_add_pct': 0.10433553573857124}. Best is trial 5 with value: 69.2784.
Best trial: 5. Best value: 69.2784:  12%|█▏        | 12/100 [47:52<5:29:37, 224.74s/it]Best trial: 5. Best value: 69.2784:  12%|█▏        | 12/100 [47:52<5:29:37, 224.74s/it]Best trial: 5. Best value: 69.2784:  13%|█▎        | 13/100 [47:52<5:38:34, 233.50s/it]                                                                                       [I 2026-07-24 12:17:40,644] Trial 13 finished with value: -9999.0 and parameters: {'vwap_buy_deviation': -0.02076044395573176, 'take_profit_pct': 0.008344370997354352, 'buy_confirm_min_score': 30, 'notify_sell_threshold': 40, 'notify_buy_threshold': 50, 'stock_qty_strong_pct': 0.5137744170597263, 'stock_qty_base_pct': 0.28887297629107, 'stock_rebuild_strong_pct': 0.9981728296830226, 'stock_first_add_pct': 0.3056513824386803}. Best is trial 5 with value: 69.2784.
Best trial: 5. Best value: 69.2784:  13%|█▎        | 13/100 [51:20<5:38:34, 233.50s/it]Best trial: 5. Best value: 69.2784:  13%|█▎        | 13/100 [51:20<5:38:34, 233.50s/it]Best trial: 5. Best value: 69.2784:  14%|█▍        | 14/100 [51:20<5:23:36, 225.77s/it]                                                                                       [I 2026-07-24 12:21:19,079] Trial 14 finished with value: -9999.0 and parameters: {'vwap_buy_deviation': -0.031849596507958884, 'take_profit_pct': 0.014102047910751363, 'buy_confirm_min_score': 21, 'notify_sell_threshold': 55, 'notify_buy_threshold': 70, 'stock_qty_strong_pct': 0.4983584001157416, 'stock_qty_base_pct': 0.3595412051024232, 'stock_rebuild_strong_pct': 0.8594241073931013, 'stock_first_add_pct': 0.2110647480572633}. Best is trial 5 with value: 69.2784.
Best trial: 5. Best value: 69.2784:  14%|█▍        | 14/100 [54:59<5:23:36, 225.77s/it]Best trial: 5. Best value: 69.2784:  14%|█▍        | 14/100 [54:59<5:23:36, 225.77s/it]Best trial: 5. Best value: 69.2784:  15%|█▌        | 15/100 [54:59<5:16:42, 223.56s/it]                                                                                       [I 2026-07-24 12:24:35,988] Trial 15 finished with value: -9999.0 and parameters: {'vwap_buy_deviation': -0.017852177399813027, 'take_profit_pct': 0.01795483310793728, 'buy_confirm_min_score': 17, 'notify_sell_threshold': 49, 'notify_buy_threshold': 55, 'stock_qty_strong_pct': 0.5946753156654546, 'stock_qty_base_pct': 0.28722076906960003, 'stock_rebuild_strong_pct': 0.9191904809865727, 'stock_first_add_pct': 0.30539646927461245}. Best is trial 5 with value: 69.2784.
Best trial: 5. Best value: 69.2784:  15%|█▌        | 15/100 [58:15<5:16:42, 223.56s/it]Best trial: 5. Best value: 69.2784:  15%|█▌        | 15/100 [58:15<5:16:42, 223.56s/it]Best trial: 5. Best value: 69.2784:  16%|█▌        | 16/100 [58:15<5:01:45, 215.54s/it]                                                                                       [I 2026-07-24 12:28:23,937] Trial 16 finished with value: -9999.0 and parameters: {'vwap_buy_deviation': -0.02304617006167055, 'take_profit_pct': 0.013340294698463984, 'buy_confirm_min_score': 28, 'notify_sell_threshold': 60, 'notify_buy_threshold': 40, 'stock_qty_strong_pct': 0.46069574997408314, 'stock_qty_base_pct': 0.35910624980776684, 'stock_rebuild_strong_pct': 0.6943845973931931, 'stock_first_add_pct': 0.10395376431427714}. Best is trial 5 with value: 69.2784.
Best trial: 5. Best value: 69.2784:  16%|█▌        | 16/100 [1:02:03<5:01:45, 215.54s/it]Best trial: 5. Best value: 69.2784:  16%|█▌        | 16/100 [1:02:03<5:01:45, 215.54s/it]Best trial: 5. Best value: 69.2784:  17%|█▋        | 17/100 [1:02:03<5:03:19, 219.27s/it]                                                                                         [I 2026-07-24 12:31:44,906] Trial 17 finished with value: -9999.0 and parameters: {'vwap_buy_deviation': -0.023477329860281556, 'take_profit_pct': 0.008921224550209456, 'buy_confirm_min_score': 22, 'notify_sell_threshold': 54, 'notify_buy_threshold': 49, 'stock_qty_strong_pct': 0.532607902345991, 'stock_qty_base_pct': 0.30025327190128875, 'stock_rebuild_strong_pct': 0.9997872700466007, 'stock_first_add_pct': 0.3991684049944119}. Best is trial 5 with value: 69.2784.
Best trial: 5. Best value: 69.2784:  17%|█▋        | 17/100 [1:05:24<5:03:19, 219.27s/it]Best trial: 5. Best value: 69.2784:  17%|█▋        | 17/100 [1:05:24<5:03:19, 219.27s/it]Best trial: 5. Best value: 69.2784:  18%|█▊        | 18/100 [1:05:24<4:52:09, 213.77s/it]                                                                                         [I 2026-07-24 12:35:08,484] Trial 18 finished with value: -9999.0 and parameters: {'vwap_buy_deviation': -0.018200174703800302, 'take_profit_pct': 0.00903727202455023, 'buy_confirm_min_score': 18, 'notify_sell_threshold': 40, 'notify_buy_threshold': 58, 'stock_qty_strong_pct': 0.5476825099911495, 'stock_qty_base_pct': 0.35468920952053223, 'stock_rebuild_strong_pct': 0.7414243232306962, 'stock_first_add_pct': 0.21978839449564191}. Best is trial 5 with value: 69.2784.
Best trial: 5. Best value: 69.2784:  18%|█▊        | 18/100 [1:08:48<4:52:09, 213.77s/it]Best trial: 5. Best value: 69.2784:  18%|█▊        | 18/100 [1:08:48<4:52:09, 213.77s/it]Best trial: 5. Best value: 69.2784:  19%|█▉        | 19/100 [1:08:48<4:44:27, 210.71s/it]                                                                                         [I 2026-07-24 12:38:57,010] Trial 19 finished with value: -9999.0 and parameters: {'vwap_buy_deviation': -0.015332814748409716, 'take_profit_pct': 0.012450057244724047, 'buy_confirm_min_score': 15, 'notify_sell_threshold': 70, 'notify_buy_threshold': 48, 'stock_qty_strong_pct': 0.46638080552416317, 'stock_qty_base_pct': 0.21110286471921566, 'stock_rebuild_strong_pct': 0.8507721313487366, 'stock_first_add_pct': 0.3081405471787079}. Best is trial 5 with value: 69.2784.
Best trial: 5. Best value: 69.2784:  19%|█▉        | 19/100 [1:12:36<4:44:27, 210.71s/it]Best trial: 5. Best value: 69.2784:  19%|█▉        | 19/100 [1:12:36<4:44:27, 210.71s/it]Best trial: 5. Best value: 69.2784:  20%|██        | 20/100 [1:12:36<4:48:04, 216.06s/it]                                                                                         [I 2026-07-24 12:42:06,759] Trial 20 finished with value: -9999.0 and parameters: {'vwap_buy_deviation': -0.030240971263630418, 'take_profit_pct': 0.019406505542791393, 'buy_confirm_min_score': 28, 'notify_sell_threshold': 56, 'notify_buy_threshold': 52, 'stock_qty_strong_pct': 0.46434328424873833, 'stock_qty_base_pct': 0.3133882426280027, 'stock_rebuild_strong_pct': 0.5058104808137767, 'stock_first_add_pct': 0.20410715614135047}. Best is trial 5 with value: 69.2784.
Best trial: 5. Best value: 69.2784:  20%|██        | 20/100 [1:15:46<4:48:04, 216.06s/it]Best trial: 5. Best value: 69.2784:  20%|██        | 20/100 [1:15:46<4:48:04, 216.06s/it]Best trial: 5. Best value: 69.2784:  21%|██        | 21/100 [1:15:46<4:34:04, 208.16s/it]                                                                                         [I 2026-07-24 12:45:17,278] Trial 21 finished with value: 69.2784 and parameters: {'vwap_buy_deviation': -0.019273129261037476, 'take_profit_pct': 0.011338133175762438, 'buy_confirm_min_score': 18, 'notify_sell_threshold': 50, 'notify_buy_threshold': 53, 'stock_qty_strong_pct': 0.596470144689378, 'stock_qty_base_pct': 0.3327748243110647, 'stock_rebuild_strong_pct': 0.8068711735702202, 'stock_first_add_pct': 0.25723963206702827}. Best is trial 5 with value: 69.2784.
Best trial: 5. Best value: 69.2784:  21%|██        | 21/100 [1:18:57<4:34:04, 208.16s/it]Best trial: 5. Best value: 69.2784:  21%|██        | 21/100 [1:18:57<4:34:04, 208.16s/it]Best trial: 5. Best value: 69.2784:  22%|██▏       | 22/100 [1:18:57<4:23:43, 202.87s/it]                                                                                         [I 2026-07-24 12:49:08,604] Trial 22 finished with value: -9999.0 and parameters: {'vwap_buy_deviation': -0.02486217935076461, 'take_profit_pct': 0.014850707724342938, 'buy_confirm_min_score': 20, 'notify_sell_threshold': 47, 'notify_buy_threshold': 61, 'stock_qty_strong_pct': 0.5662111189791008, 'stock_qty_base_pct': 0.27747942239278867, 'stock_rebuild_strong_pct': 0.9432541991607146, 'stock_first_add_pct': 0.23445670834907031}. Best is trial 5 with value: 69.2784.
Best trial: 5. Best value: 69.2784:  22%|██▏       | 22/100 [1:22:48<4:23:43, 202.87s/it]Best trial: 5. Best value: 69.2784:  22%|██▏       | 22/100 [1:22:48<4:23:43, 202.87s/it]Best trial: 5. Best value: 69.2784:  23%|██▎       | 23/100 [1:22:48<4:31:18, 211.41s/it]                                                                                         [I 2026-07-24 12:52:40,034] Trial 23 finished with value: 69.2784 and parameters: {'vwap_buy_deviation': -0.01871804374073349, 'take_profit_pct': 0.0115415933924208, 'buy_confirm_min_score': 17, 'notify_sell_threshold': 50, 'notify_buy_threshold': 47, 'stock_qty_strong_pct': 0.5626245922781701, 'stock_qty_base_pct': 0.3092094242527324, 'stock_rebuild_strong_pct': 0.7515455607674821, 'stock_first_add_pct': 0.2731570986903445}. Best is trial 5 with value: 69.2784.
Best trial: 5. Best value: 69.2784:  23%|██▎       | 23/100 [1:26:19<4:31:18, 211.41s/it]Best trial: 5. Best value: 69.2784:  23%|██▎       | 23/100 [1:26:20<4:31:18, 211.41s/it]Best trial: 5. Best value: 69.2784:  24%|██▍       | 24/100 [1:26:20<4:27:47, 211.41s/it]                                                                                         [I 2026-07-24 12:55:51,651] Trial 24 finished with value: -9999.0 and parameters: {'vwap_buy_deviation': -0.021366562038777646, 'take_profit_pct': 0.015335824087617833, 'buy_confirm_min_score': 21, 'notify_sell_threshold': 52, 'notify_buy_threshold': 52, 'stock_qty_strong_pct': 0.5329449793098402, 'stock_qty_base_pct': 0.37529581230869685, 'stock_rebuild_strong_pct': 0.758362782114368, 'stock_first_add_pct': 0.19004165200715323}. Best is trial 5 with value: 69.2784.
Best trial: 5. Best value: 69.2784:  24%|██▍       | 24/100 [1:29:31<4:27:47, 211.41s/it]Best trial: 5. Best value: 69.2784:  24%|██▍       | 24/100 [1:29:31<4:27:47, 211.41s/it]Best trial: 5. Best value: 69.2784:  25%|██▌       | 25/100 [1:29:31<4:16:50, 205.47s/it]                                                                                         [I 2026-07-24 12:59:21,213] Trial 25 finished with value: -9999.0 and parameters: {'vwap_buy_deviation': -0.016838232021423413, 'take_profit_pct': 0.009412907781548612, 'buy_confirm_min_score': 19, 'notify_sell_threshold': 47, 'notify_buy_threshold': 56, 'stock_qty_strong_pct': 0.5999211487570921, 'stock_qty_base_pct': 0.34152541881253534, 'stock_rebuild_strong_pct': 0.8864324733431687, 'stock_first_add_pct': 0.2413801858747101}. Best is trial 5 with value: 69.2784.
