Best trial: 5. Best value: 69.2784:  25%|██▌       | 25/100 [1:33:01<4:16:50, 205.47s/it]Best trial: 5. Best value: 69.2784:  25%|██▌       | 25/100 [1:33:01<4:16:50, 205.47s/it]Best trial: 5. Best value: 69.2784:  26%|██▌       | 26/100 [1:33:01<4:14:55, 206.70s/it]                                                                                         [I 2026-07-24 13:03:14,836] Trial 26 finished with value: -9999.0 and parameters: {'vwap_buy_deviation': -0.019656523162211045, 'take_profit_pct': 0.007079571594745742, 'buy_confirm_min_score': 23, 'notify_sell_threshold': 52, 'notify_buy_threshold': 42, 'stock_qty_strong_pct': 0.4939383542555468, 'stock_qty_base_pct': 0.3210241330921373, 'stock_rebuild_strong_pct': 0.9564384639111092, 'stock_first_add_pct': 0.3191851301929961}. Best is trial 5 with value: 69.2784.
Best trial: 5. Best value: 69.2784:  26%|██▌       | 26/100 [1:36:54<4:14:55, 206.70s/it]Best trial: 5. Best value: 69.2784:  26%|██▌       | 26/100 [1:36:54<4:14:55, 206.70s/it]Best trial: 5. Best value: 69.2784:  27%|██▋       | 27/100 [1:36:54<4:21:18, 214.78s/it]                                                                                         [I 2026-07-24 13:06:32,220] Trial 27 finished with value: 69.2784 and parameters: {'vwap_buy_deviation': -0.022289750819045474, 'take_profit_pct': 0.013166700013948254, 'buy_confirm_min_score': 17, 'notify_sell_threshold': 57, 'notify_buy_threshold': 51, 'stock_qty_strong_pct': 0.5715313544575522, 'stock_qty_base_pct': 0.37867651486870896, 'stock_rebuild_strong_pct': 0.8452702190750956, 'stock_first_add_pct': 0.14055485132841622}. Best is trial 5 with value: 69.2784.
Best trial: 5. Best value: 69.2784:  27%|██▋       | 27/100 [1:40:12<4:21:18, 214.78s/it]Best trial: 5. Best value: 69.2784:  27%|██▋       | 27/100 [1:40:12<4:21:18, 214.78s/it]Best trial: 5. Best value: 69.2784:  28%|██▊       | 28/100 [1:40:12<4:11:28, 209.56s/it]                                                                                         [I 2026-07-24 13:09:59,557] Trial 28 finished with value: -9999.0 and parameters: {'vwap_buy_deviation': -0.025274711688314962, 'take_profit_pct': 0.012262451253538616, 'buy_confirm_min_score': 16, 'notify_sell_threshold': 43, 'notify_buy_threshold': 59, 'stock_qty_strong_pct': 0.4207729606061295, 'stock_qty_base_pct': 0.2607757307038, 'stock_rebuild_strong_pct': 0.9079907962250575, 'stock_first_add_pct': 0.28053553084145544}. Best is trial 5 with value: 69.2784.
Best trial: 5. Best value: 69.2784:  28%|██▊       | 28/100 [1:43:39<4:11:28, 209.56s/it]Best trial: 5. Best value: 69.2784:  28%|██▊       | 28/100 [1:43:39<4:11:28, 209.56s/it]Best trial: 5. Best value: 69.2784:  29%|██▉       | 29/100 [1:43:39<4:07:11, 208.89s/it]                                                                                         [I 2026-07-24 13:13:27,572] Trial 29 finished with value: 0.0 and parameters: {'vwap_buy_deviation': -0.016890651788947057, 'take_profit_pct': 0.01026919576258289, 'buy_confirm_min_score': 22, 'notify_sell_threshold': 60, 'notify_buy_threshold': 44, 'stock_qty_strong_pct': 0.5418336855601641, 'stock_qty_base_pct': 0.3473723692547588, 'stock_rebuild_strong_pct': 0.9391982463043944, 'stock_first_add_pct': 0.37487930572945516}. Best is trial 5 with value: 69.2784.
Best trial: 5. Best value: 69.2784:  29%|██▉       | 29/100 [1:47:07<4:07:11, 208.89s/it]Best trial: 5. Best value: 69.2784:  29%|██▉       | 29/100 [1:47:07<4:07:11, 208.89s/it]Best trial: 5. Best value: 69.2784:  30%|███       | 30/100 [1:47:07<4:03:24, 208.63s/it]                                                                                         [I 2026-07-24 13:16:51,717] Trial 30 finished with value: -9999.0 and parameters: {'vwap_buy_deviation': -0.022106271048685882, 'take_profit_pct': 0.01599561856677561, 'buy_confirm_min_score': 26, 'notify_sell_threshold': 60, 'notify_buy_threshold': 46, 'stock_qty_strong_pct': 0.5176777544336304, 'stock_qty_base_pct': 0.30122830835632824, 'stock_rebuild_strong_pct': 0.6859751716563139, 'stock_first_add_pct': 0.28410907240499844}. Best is trial 5 with value: 69.2784.
Best trial: 5. Best value: 69.2784:  30%|███       | 30/100 [1:50:31<4:03:24, 208.63s/it]Best trial: 5. Best value: 69.2784:  30%|███       | 30/100 [1:50:31<4:03:24, 208.63s/it]Best trial: 5. Best value: 69.2784:  31%|███       | 31/100 [1:50:31<3:58:22, 207.28s/it]                                                                                         [I 2026-07-24 13:20:35,270] Trial 31 finished with value: -9999.0 and parameters: {'vwap_buy_deviation': -0.019115950052900864, 'take_profit_pct': 0.011434535230845613, 'buy_confirm_min_score': 18, 'notify_sell_threshold': 49, 'notify_buy_threshold': 54, 'stock_qty_strong_pct': 0.5879685131256102, 'stock_qty_base_pct': 0.32488339531977267, 'stock_rebuild_strong_pct': 0.8107371168752001, 'stock_first_add_pct': 0.2547987637665744}. Best is trial 5 with value: 69.2784.
Best trial: 5. Best value: 69.2784:  31%|███       | 31/100 [1:54:15<3:58:22, 207.28s/it]Best trial: 5. Best value: 69.2784:  31%|███       | 31/100 [1:54:15<3:58:22, 207.28s/it]Best trial: 5. Best value: 69.2784:  32%|███▏      | 32/100 [1:54:15<4:00:27, 212.16s/it]                                                                                         [I 2026-07-24 13:24:21,537] Trial 32 finished with value: -9999.0 and parameters: {'vwap_buy_deviation': -0.019980551557030053, 'take_profit_pct': 0.007696714357173945, 'buy_confirm_min_score': 19, 'notify_sell_threshold': 51, 'notify_buy_threshold': 54, 'stock_qty_strong_pct': 0.5805234543965956, 'stock_qty_base_pct': 0.3336113328032144, 'stock_rebuild_strong_pct': 0.775694767005182, 'stock_first_add_pct': 0.25522026320159413}. Best is trial 5 with value: 69.2784.
Best trial: 5. Best value: 69.2784:  32%|███▏      | 32/100 [1:58:01<4:00:27, 212.16s/it]Best trial: 5. Best value: 69.2784:  32%|███▏      | 32/100 [1:58:01<4:00:27, 212.16s/it]Best trial: 5. Best value: 69.2784:  33%|███▎      | 33/100 [1:58:01<4:01:38, 216.40s/it]                                                                                         [I 2026-07-24 13:27:49,067] Trial 33 finished with value: -9999.0 and parameters: {'vwap_buy_deviation': -0.01682448701987664, 'take_profit_pct': 0.005232874267308008, 'buy_confirm_min_score': 16, 'notify_sell_threshold': 54, 'notify_buy_threshold': 50, 'stock_qty_strong_pct': 0.5575387711825036, 'stock_qty_base_pct': 0.3703778762694207, 'stock_rebuild_strong_pct': 0.6991911726089768, 'stock_first_add_pct': 0.23118231277393392}. Best is trial 5 with value: 69.2784.
Best trial: 5. Best value: 69.2784:  33%|███▎      | 33/100 [2:01:29<4:01:38, 216.40s/it]Best trial: 5. Best value: 69.2784:  33%|███▎      | 33/100 [2:01:29<4:01:38, 216.40s/it]Best trial: 5. Best value: 69.2784:  34%|███▍      | 34/100 [2:01:29<3:55:06, 213.74s/it]                                                                                         [I 2026-07-24 13:30:42,656] Trial 34 finished with value: 0.0 and parameters: {'vwap_buy_deviation': -0.02024258906293997, 'take_profit_pct': 0.010593257511755657, 'buy_confirm_min_score': 18, 'notify_sell_threshold': 48, 'notify_buy_threshold': 47, 'stock_qty_strong_pct': 0.5971847628771368, 'stock_qty_base_pct': 0.29202263972715964, 'stock_rebuild_strong_pct': 0.9694788144013406, 'stock_first_add_pct': 0.277561471179846}. Best is trial 5 with value: 69.2784.
Best trial: 5. Best value: 69.2784:  34%|███▍      | 34/100 [2:04:22<3:55:06, 213.74s/it]Best trial: 5. Best value: 69.2784:  34%|███▍      | 34/100 [2:04:22<3:55:06, 213.74s/it]Best trial: 5. Best value: 69.2784:  35%|███▌      | 35/100 [2:04:22<3:38:29, 201.69s/it]                                                                                         [I 2026-07-24 13:33:50,490] Trial 35 finished with value: 0.0 and parameters: {'vwap_buy_deviation': -0.02644639799263993, 'take_profit_pct': 0.012288551451787824, 'buy_confirm_min_score': 15, 'notify_sell_threshold': 46, 'notify_buy_threshold': 44, 'stock_qty_strong_pct': 0.4760755677192311, 'stock_qty_base_pct': 0.26793285126166355, 'stock_rebuild_strong_pct': 0.6239881400683289, 'stock_first_add_pct': 0.3263114356750581}. Best is trial 5 with value: 69.2784.
Best trial: 5. Best value: 69.2784:  35%|███▌      | 35/100 [2:07:30<3:38:29, 201.69s/it]Best trial: 5. Best value: 69.2784:  35%|███▌      | 35/100 [2:07:30<3:38:29, 201.69s/it]Best trial: 5. Best value: 69.2784:  36%|███▌      | 36/100 [2:07:30<3:30:42, 197.53s/it]                                                                                         [I 2026-07-24 13:36:47,579] Trial 36 finished with value: 0.0 and parameters: {'vwap_buy_deviation': -0.021962807952443382, 'take_profit_pct': 0.009812025749080586, 'buy_confirm_min_score': 20, 'notify_sell_threshold': 44, 'notify_buy_threshold': 49, 'stock_qty_strong_pct': 0.527963650499069, 'stock_qty_base_pct': 0.31436168153365784, 'stock_rebuild_strong_pct': 0.8706989245681457, 'stock_first_add_pct': 0.262879093738994}. Best is trial 5 with value: 69.2784.
Best trial: 5. Best value: 69.2784:  36%|███▌      | 36/100 [2:10:27<3:30:42, 197.53s/it]Best trial: 5. Best value: 69.2784:  36%|███▌      | 36/100 [2:10:27<3:30:42, 197.53s/it]Best trial: 5. Best value: 69.2784:  37%|███▋      | 37/100 [2:10:27<3:20:58, 191.40s/it]                                                                                         [I 2026-07-24 13:39:26,962] Trial 37 finished with value: -9999.0 and parameters: {'vwap_buy_deviation': -0.023895032032828865, 'take_profit_pct': 0.00670165981351184, 'buy_confirm_min_score': 24, 'notify_sell_threshold': 64, 'notify_buy_threshold': 46, 'stock_qty_strong_pct': 0.4197398367473994, 'stock_qty_base_pct': 0.17837993426923987, 'stock_rebuild_strong_pct': 0.8226729909522302, 'stock_first_add_pct': 0.17663466992119972}. Best is trial 5 with value: 69.2784.
Best trial: 5. Best value: 69.2784:  37%|███▋      | 37/100 [2:13:06<3:20:58, 191.40s/it]Best trial: 5. Best value: 69.2784:  37%|███▋      | 37/100 [2:13:06<3:20:58, 191.40s/it]Best trial: 5. Best value: 69.2784:  38%|███▊      | 38/100 [2:13:06<3:07:51, 181.80s/it]                                                                                         [I 2026-07-24 13:42:05,653] Trial 38 finished with value: -9999.0 and parameters: {'vwap_buy_deviation': -0.018020077520139323, 'take_profit_pct': 0.01345206682196345, 'buy_confirm_min_score': 16, 'notify_sell_threshold': 53, 'notify_buy_threshold': 52, 'stock_qty_strong_pct': 0.3618180336373972, 'stock_qty_base_pct': 0.39684566268243965, 'stock_rebuild_strong_pct': 0.7243226857277257, 'stock_first_add_pct': 0.3354683150313848}. Best is trial 5 with value: 69.2784.
Best trial: 5. Best value: 69.2784:  38%|███▊      | 38/100 [2:15:45<3:07:51, 181.80s/it]Best trial: 5. Best value: 69.2784:  38%|███▊      | 38/100 [2:15:45<3:07:51, 181.80s/it]Best trial: 5. Best value: 69.2784:  39%|███▉      | 39/100 [2:15:45<2:57:46, 174.86s/it]                                                                                         [I 2026-07-24 13:44:55,782] Trial 39 finished with value: -9999.0 and parameters: {'vwap_buy_deviation': -0.0194575486238425, 'take_profit_pct': 0.011477632665445589, 'buy_confirm_min_score': 25, 'notify_sell_threshold': 42, 'notify_buy_threshold': 55, 'stock_qty_strong_pct': 0.4430408425871716, 'stock_qty_base_pct': 0.33428782835884024, 'stock_rebuild_strong_pct': 0.9206789697603646, 'stock_first_add_pct': 0.2947441659825635}. Best is trial 5 with value: 69.2784.
Best trial: 5. Best value: 69.2784:  39%|███▉      | 39/100 [2:18:35<2:57:46, 174.86s/it]Best trial: 5. Best value: 69.2784:  39%|███▉      | 39/100 [2:18:35<2:57:46, 174.86s/it]Best trial: 5. Best value: 69.2784:  40%|████      | 40/100 [2:18:35<2:53:26, 173.44s/it]                                                                                         [I 2026-07-24 13:47:47,880] Trial 40 finished with value: -9999.0 and parameters: {'vwap_buy_deviation': -0.0266394305888999, 'take_profit_pct': 0.017787125258509433, 'buy_confirm_min_score': 21, 'notify_sell_threshold': 58, 'notify_buy_threshold': 59, 'stock_qty_strong_pct': 0.5502199139926057, 'stock_qty_base_pct': 0.24589383795667352, 'stock_rebuild_strong_pct': 0.7801445851839244, 'stock_first_add_pct': 0.36796235370256847}. Best is trial 5 with value: 69.2784.
Best trial: 5. Best value: 69.2784:  40%|████      | 40/100 [2:21:27<2:53:26, 173.44s/it]Best trial: 5. Best value: 69.2784:  40%|████      | 40/100 [2:21:27<2:53:26, 173.44s/it]Best trial: 5. Best value: 69.2784:  41%|████      | 41/100 [2:21:27<2:50:09, 173.04s/it]                                                                                         [I 2026-07-24 13:51:23,482] Trial 41 finished with value: 69.2784 and parameters: {'vwap_buy_deviation': -0.01851759739313054, 'take_profit_pct': 0.011377345992537882, 'buy_confirm_min_score': 17, 'notify_sell_threshold': 50, 'notify_buy_threshold': 47, 'stock_qty_strong_pct': 0.5733391596184486, 'stock_qty_base_pct': 0.3074962228109831, 'stock_rebuild_strong_pct': 0.78720483464677, 'stock_first_add_pct': 0.2639035722081904}. Best is trial 5 with value: 69.2784.
Best trial: 5. Best value: 69.2784:  41%|████      | 41/100 [2:25:03<2:50:09, 173.04s/it]Best trial: 5. Best value: 69.2784:  41%|████      | 41/100 [2:25:03<2:50:09, 173.04s/it]Best trial: 5. Best value: 69.2784:  42%|████▏     | 42/100 [2:25:03<2:59:36, 185.81s/it]                                                                                         [I 2026-07-24 13:53:41,268] Trial 42 finished with value: 0.0 and parameters: {'vwap_buy_deviation': -0.021186459195227443, 'take_profit_pct': 0.012227948393989939, 'buy_confirm_min_score': 18, 'notify_sell_threshold': 45, 'notify_buy_threshold': 45, 'stock_qty_strong_pct': 0.5797940932000535, 'stock_qty_base_pct': 0.34715457445592535, 'stock_rebuild_strong_pct': 0.6595653975351956, 'stock_first_add_pct': 0.2473962273095592}. Best is trial 5 with value: 69.2784.
Best trial: 5. Best value: 69.2784:  42%|████▏     | 42/100 [2:27:21<2:59:36, 185.81s/it]Best trial: 5. Best value: 69.2784:  42%|████▏     | 42/100 [2:27:21<2:59:36, 185.81s/it]Best trial: 5. Best value: 69.2784:  43%|████▎     | 43/100 [2:27:21<2:42:49, 171.40s/it]                                                                                         [I 2026-07-24 13:56:12,470] Trial 43 finished with value: 69.2784 and parameters: {'vwap_buy_deviation': -0.018923765154263104, 'take_profit_pct': 0.010842722872949347, 'buy_confirm_min_score': 17, 'notify_sell_threshold': 51, 'notify_buy_threshold': 42, 'stock_qty_strong_pct': 0.5530086437522199, 'stock_qty_base_pct': 0.3266721418368037, 'stock_rebuild_strong_pct': 0.835144409079788, 'stock_first_add_pct': 0.22465424571308665}. Best is trial 5 with value: 69.2784.
Best trial: 5. Best value: 69.2784:  43%|████▎     | 43/100 [2:29:52<2:42:49, 171.40s/it]Best trial: 5. Best value: 69.2784:  43%|████▎     | 43/100 [2:29:52<2:42:49, 171.40s/it]Best trial: 5. Best value: 69.2784:  44%|████▍     | 44/100 [2:29:52<2:34:19, 165.34s/it]                                                                                         [I 2026-07-24 13:58:56,109] Trial 44 finished with value: 0.0 and parameters: {'vwap_buy_deviation': -0.016060249540318542, 'take_profit_pct': 0.014429963649856261, 'buy_confirm_min_score': 15, 'notify_sell_threshold': 48, 'notify_buy_threshold': 48, 'stock_qty_strong_pct': 0.5668770791691656, 'stock_qty_base_pct': 0.2780782601248072, 'stock_rebuild_strong_pct': 0.7299179320522573, 'stock_first_add_pct': 0.2081391645889299}. Best is trial 5 with value: 69.2784.
Best trial: 5. Best value: 69.2784:  44%|████▍     | 44/100 [2:32:36<2:34:19, 165.34s/it]Best trial: 5. Best value: 69.2784:  44%|████▍     | 44/100 [2:32:36<2:34:19, 165.34s/it]Best trial: 5. Best value: 69.2784:  45%|████▌     | 45/100 [2:32:36<2:31:05, 164.83s/it]                                                                                         [I 2026-07-24 14:01:35,854] Trial 45 finished with value: -9999.0 and parameters: {'vwap_buy_deviation': -0.02047107742977996, 'take_profit_pct': 0.008231046522510433, 'buy_confirm_min_score': 19, 'notify_sell_threshold': 55, 'notify_buy_threshold': 50, 'stock_qty_strong_pct': 0.4934744483665632, 'stock_qty_base_pct': 0.3040772835466951, 'stock_rebuild_strong_pct': 0.6000216263411362, 'stock_first_add_pct': 0.2644906644336564}. Best is trial 5 with value: 69.2784.
Best trial: 5. Best value: 69.2784:  45%|████▌     | 45/100 [2:35:15<2:31:05, 164.83s/it]Best trial: 5. Best value: 69.2784:  45%|████▌     | 45/100 [2:35:15<2:31:05, 164.83s/it]Best trial: 5. Best value: 69.2784:  46%|████▌     | 46/100 [2:35:15<2:26:58, 163.31s/it]                                                                                         [I 2026-07-24 14:04:07,943] Trial 46 finished with value: -9999.0 and parameters: {'vwap_buy_deviation': -0.01739174351390242, 'take_profit_pct': 0.023697842964806766, 'buy_confirm_min_score': 17, 'notify_sell_threshold': 50, 'notify_buy_threshold': 70, 'stock_qty_strong_pct': 0.5188358972622854, 'stock_qty_base_pct': 0.363211596631302, 'stock_rebuild_strong_pct': 0.9734460109560287, 'stock_first_add_pct': 0.345842198462001}. Best is trial 5 with value: 69.2784.
Best trial: 5. Best value: 69.2784:  46%|████▌     | 46/100 [2:37:47<2:26:58, 163.31s/it]Best trial: 5. Best value: 69.2784:  46%|████▌     | 46/100 [2:37:47<2:26:58, 163.31s/it]Best trial: 5. Best value: 69.2784:  47%|████▋     | 47/100 [2:37:47<2:21:16, 159.94s/it]                                                                                         [I 2026-07-24 14:06:45,768] Trial 47 finished with value: -9999.0 and parameters: {'vwap_buy_deviation': -0.02407072741176919, 'take_profit_pct': 0.009627321291285679, 'buy_confirm_min_score': 16, 'notify_sell_threshold': 52, 'notify_buy_threshold': 51, 'stock_qty_strong_pct': 0.5854923572181079, 'stock_qty_base_pct': 0.31701659213839706, 'stock_rebuild_strong_pct': 0.7575769081341485, 'stock_first_add_pct': 0.19056227324974032}. Best is trial 5 with value: 69.2784.
Best trial: 5. Best value: 69.2784:  47%|████▋     | 47/100 [2:40:25<2:21:16, 159.94s/it]Best trial: 5. Best value: 69.2784:  47%|████▋     | 47/100 [2:40:25<2:21:16, 159.94s/it]Best trial: 5. Best value: 69.2784:  48%|████▊     | 48/100 [2:40:25<2:18:03, 159.31s/it]                                                                                         [I 2026-07-24 14:09:32,373] Trial 48 finished with value: 69.2784 and parameters: {'vwap_buy_deviation': -0.02265356935650921, 'take_profit_pct': 0.01325691667108261, 'buy_confirm_min_score': 19, 'notify_sell_threshold': 49, 'notify_buy_threshold': 53, 'stock_qty_strong_pct': 0.5417623387940016, 'stock_qty_base_pct': 0.2937684551690645, 'stock_rebuild_strong_pct': 0.8974509032177488, 'stock_first_add_pct': 0.27666361226405484}. Best is trial 5 with value: 69.2784.
Best trial: 5. Best value: 69.2784:  48%|████▊     | 48/100 [2:43:12<2:18:03, 159.31s/it]Best trial: 5. Best value: 69.2784:  48%|████▊     | 48/100 [2:43:12<2:18:03, 159.31s/it]Best trial: 5. Best value: 69.2784:  49%|████▉     | 49/100 [2:43:12<2:17:16, 161.50s/it]                                                                                         [I 2026-07-24 14:11:39,140] Trial 49 finished with value: 69.2784 and parameters: {'vwap_buy_deviation': -0.021531999506926136, 'take_profit_pct': 0.011433497011299058, 'buy_confirm_min_score': 28, 'notify_sell_threshold': 54, 'notify_buy_threshold': 48, 'stock_qty_strong_pct': 0.330810274971608, 'stock_qty_base_pct': 0.2271466493322605, 'stock_rebuild_strong_pct': 0.8626296484810674, 'stock_first_add_pct': 0.21827915239721887}. Best is trial 5 with value: 69.2784.
Best trial: 5. Best value: 69.2784:  49%|████▉     | 49/100 [2:45:19<2:17:16, 161.50s/it]Best trial: 5. Best value: 69.2784:  49%|████▉     | 49/100 [2:45:19<2:17:16, 161.50s/it]Best trial: 5. Best value: 69.2784:  50%|█████     | 50/100 [2:45:19<2:05:53, 151.08s/it]                                                                                         [I 2026-07-24 14:14:01,482] Trial 50 finished with value: -9999.0 and parameters: {'vwap_buy_deviation': -0.018753964949786286, 'take_profit_pct': 0.015611737532164844, 'buy_confirm_min_score': 22, 'notify_sell_threshold': 56, 'notify_buy_threshold': 57, 'stock_qty_strong_pct': 0.561264432975332, 'stock_qty_base_pct': 0.3450850549717622, 'stock_rebuild_strong_pct': 0.8025256344973547, 'stock_first_add_pct': 0.1320825035390194}. Best is trial 5 with value: 69.2784.
Best trial: 5. Best value: 69.2784:  50%|█████     | 50/100 [2:47:41<2:05:53, 151.08s/it]Best trial: 5. Best value: 69.2784:  50%|█████     | 50/100 [2:47:41<2:05:53, 151.08s/it]Best trial: 5. Best value: 69.2784:  51%|█████     | 51/100 [2:47:41<2:01:14, 148.46s/it]                                                                                         [I 2026-07-24 14:16:11,233] Trial 51 finished with value: 69.2784 and parameters: {'vwap_buy_deviation': -0.022449676931981036, 'take_profit_pct': 0.012962260550927392, 'buy_confirm_min_score': 17, 'notify_sell_threshold': 57, 'notify_buy_threshold': 51, 'stock_qty_strong_pct': 0.5757866781569605, 'stock_qty_base_pct': 0.3841976465166217, 'stock_rebuild_strong_pct': 0.8330257960480302, 'stock_first_add_pct': 0.15132996158122347}. Best is trial 5 with value: 69.2784.
