Best trial: 22. Best value: 398.804:  32%|███▏      | 32/100 [57:35<1:56:23, 102.70s/it]Best trial: 32. Best value: 399.2:  32%|███▏      | 32/100 [57:35<1:56:23, 102.70s/it]  Best trial: 32. Best value: 399.2:  33%|███▎      | 33/100 [57:35<1:55:38, 103.55s/it]                                                                                      [I 2026-07-23 23:34:09,144] Trial 33 finished with value: 371.8341 and parameters: {'vwap_buy_deviation': -0.025915550122879185, 'take_profit_pct': 0.017982749506843827, 'buy_confirm_min_score': 27, 'notify_sell_threshold': 60, 'notify_buy_threshold': 42}. Best is trial 32 with value: 399.1995.
Best trial: 32. Best value: 399.2:  33%|███▎      | 33/100 [59:17<1:55:38, 103.55s/it]Best trial: 32. Best value: 399.2:  33%|███▎      | 33/100 [59:17<1:55:38, 103.55s/it]Best trial: 32. Best value: 399.2:  34%|███▍      | 34/100 [59:17<1:53:14, 102.94s/it]                                                                                      [I 2026-07-23 23:35:52,537] Trial 34 finished with value: -0.0 and parameters: {'vwap_buy_deviation': -0.02588040485400058, 'take_profit_pct': 0.015757956561587544, 'buy_confirm_min_score': 29, 'notify_sell_threshold': 59, 'notify_buy_threshold': 45}. Best is trial 32 with value: 399.1995.
Best trial: 32. Best value: 399.2:  34%|███▍      | 34/100 [1:01:00<1:53:14, 102.94s/it]Best trial: 32. Best value: 399.2:  34%|███▍      | 34/100 [1:01:00<1:53:14, 102.94s/it]Best trial: 32. Best value: 399.2:  35%|███▌      | 35/100 [1:01:00<1:51:40, 103.08s/it]                                                                                        [I 2026-07-23 23:37:31,651] Trial 35 finished with value: -9999.0 and parameters: {'vwap_buy_deviation': -0.03012979976797612, 'take_profit_pct': 0.018646148728030717, 'buy_confirm_min_score': 27, 'notify_sell_threshold': 64, 'notify_buy_threshold': 51}. Best is trial 32 with value: 399.1995.
Best trial: 32. Best value: 399.2:  35%|███▌      | 35/100 [1:02:39<1:51:40, 103.08s/it]Best trial: 32. Best value: 399.2:  35%|███▌      | 35/100 [1:02:39<1:51:40, 103.08s/it]Best trial: 32. Best value: 399.2:  36%|███▌      | 36/100 [1:02:39<1:48:40, 101.89s/it]                                                                                        [I 2026-07-23 23:39:18,623] Trial 36 finished with value: -18.3842 and parameters: {'vwap_buy_deviation': -0.02761442591057749, 'take_profit_pct': 0.01597725202760352, 'buy_confirm_min_score': 28, 'notify_sell_threshold': 60, 'notify_buy_threshold': 41}. Best is trial 32 with value: 399.1995.
Best trial: 32. Best value: 399.2:  36%|███▌      | 36/100 [1:04:26<1:48:40, 101.89s/it]Best trial: 32. Best value: 399.2:  36%|███▌      | 36/100 [1:04:26<1:48:40, 101.89s/it]Best trial: 32. Best value: 399.2:  37%|███▋      | 37/100 [1:04:26<1:48:35, 103.41s/it]                                                                                        [I 2026-07-23 23:41:02,710] Trial 37 finished with value: -10.9552 and parameters: {'vwap_buy_deviation': -0.022490933343642775, 'take_profit_pct': 0.012426010468258529, 'buy_confirm_min_score': 29, 'notify_sell_threshold': 55, 'notify_buy_threshold': 45}. Best is trial 32 with value: 399.1995.
Best trial: 32. Best value: 399.2:  37%|███▋      | 37/100 [1:06:10<1:48:35, 103.41s/it]Best trial: 32. Best value: 399.2:  37%|███▋      | 37/100 [1:06:10<1:48:35, 103.41s/it]Best trial: 32. Best value: 399.2:  38%|███▊      | 38/100 [1:06:10<1:47:04, 103.62s/it]                                                                                        [I 2026-07-23 23:42:40,747] Trial 38 finished with value: 114.7265 and parameters: {'vwap_buy_deviation': -0.03457855999321489, 'take_profit_pct': 0.020322033505002828, 'buy_confirm_min_score': 26, 'notify_sell_threshold': 58, 'notify_buy_threshold': 47}. Best is trial 32 with value: 399.1995.
Best trial: 32. Best value: 399.2:  38%|███▊      | 38/100 [1:07:48<1:47:04, 103.62s/it]Best trial: 32. Best value: 399.2:  38%|███▊      | 38/100 [1:07:48<1:47:04, 103.62s/it]Best trial: 32. Best value: 399.2:  39%|███▉      | 39/100 [1:07:48<1:43:38, 101.94s/it]                                                                                        [I 2026-07-23 23:44:23,944] Trial 39 finished with value: -19.77 and parameters: {'vwap_buy_deviation': -0.025810560446773077, 'take_profit_pct': 0.014499195790079517, 'buy_confirm_min_score': 23, 'notify_sell_threshold': 62, 'notify_buy_threshold': 41}. Best is trial 32 with value: 399.1995.
Best trial: 32. Best value: 399.2:  39%|███▉      | 39/100 [1:09:32<1:43:38, 101.94s/it]Best trial: 32. Best value: 399.2:  39%|███▉      | 39/100 [1:09:32<1:43:38, 101.94s/it]Best trial: 32. Best value: 399.2:  40%|████      | 40/100 [1:09:32<1:42:19, 102.32s/it]                                                                                        [I 2026-07-23 23:46:07,691] Trial 40 finished with value: 146.8716 and parameters: {'vwap_buy_deviation': -0.020485235374315784, 'take_profit_pct': 0.01827802673461566, 'buy_confirm_min_score': 28, 'notify_sell_threshold': 65, 'notify_buy_threshold': 44}. Best is trial 32 with value: 399.1995.
Best trial: 32. Best value: 399.2:  40%|████      | 40/100 [1:11:15<1:42:19, 102.32s/it]Best trial: 32. Best value: 399.2:  40%|████      | 40/100 [1:11:15<1:42:19, 102.32s/it]Best trial: 32. Best value: 399.2:  41%|████      | 41/100 [1:11:15<1:41:02, 102.75s/it]                                                                                        [I 2026-07-23 23:47:45,822] Trial 41 finished with value: 301.8338 and parameters: {'vwap_buy_deviation': -0.02382873827122519, 'take_profit_pct': 0.01638542797473107, 'buy_confirm_min_score': 24, 'notify_sell_threshold': 68, 'notify_buy_threshold': 42}. Best is trial 32 with value: 399.1995.
Best trial: 32. Best value: 399.2:  41%|████      | 41/100 [1:12:53<1:41:02, 102.75s/it]Best trial: 32. Best value: 399.2:  41%|████      | 41/100 [1:12:53<1:41:02, 102.75s/it]Best trial: 32. Best value: 399.2:  42%|████▏     | 42/100 [1:12:53<1:37:58, 101.36s/it]                                                                                        [I 2026-07-23 23:49:29,940] Trial 42 finished with value: 255.6702 and parameters: {'vwap_buy_deviation': -0.023064284512712478, 'take_profit_pct': 0.01798356925498218, 'buy_confirm_min_score': 26, 'notify_sell_threshold': 67, 'notify_buy_threshold': 42}. Best is trial 32 with value: 399.1995.
Best trial: 32. Best value: 399.2:  42%|████▏     | 42/100 [1:14:38<1:37:58, 101.36s/it]Best trial: 32. Best value: 399.2:  42%|████▏     | 42/100 [1:14:38<1:37:58, 101.36s/it]Best trial: 32. Best value: 399.2:  43%|████▎     | 43/100 [1:14:38<1:37:04, 102.19s/it]                                                                                        [I 2026-07-23 23:51:11,462] Trial 43 finished with value: 150.6569 and parameters: {'vwap_buy_deviation': -0.022352821590187432, 'take_profit_pct': 0.019920894974461055, 'buy_confirm_min_score': 22, 'notify_sell_threshold': 63, 'notify_buy_threshold': 40}. Best is trial 32 with value: 399.1995.
Best trial: 32. Best value: 399.2:  43%|████▎     | 43/100 [1:16:19<1:37:04, 102.19s/it]Best trial: 32. Best value: 399.2:  43%|████▎     | 43/100 [1:16:19<1:37:04, 102.19s/it]Best trial: 32. Best value: 399.2:  44%|████▍     | 44/100 [1:16:19<1:35:11, 101.99s/it]                                                                                        [I 2026-07-23 23:52:55,198] Trial 44 finished with value: 144.7467 and parameters: {'vwap_buy_deviation': -0.02717652706101567, 'take_profit_pct': 0.01656876122785062, 'buy_confirm_min_score': 27, 'notify_sell_threshold': 69, 'notify_buy_threshold': 45}. Best is trial 32 with value: 399.1995.
Best trial: 32. Best value: 399.2:  44%|████▍     | 44/100 [1:18:03<1:35:11, 101.99s/it]Best trial: 32. Best value: 399.2:  44%|████▍     | 44/100 [1:18:03<1:35:11, 101.99s/it]Best trial: 32. Best value: 399.2:  45%|████▌     | 45/100 [1:18:03<1:33:58, 102.51s/it]                                                                                        [I 2026-07-23 23:54:40,412] Trial 45 finished with value: 141.6305 and parameters: {'vwap_buy_deviation': -0.024523977780046294, 'take_profit_pct': 0.014648957880372616, 'buy_confirm_min_score': 25, 'notify_sell_threshold': 66, 'notify_buy_threshold': 47}. Best is trial 32 with value: 399.1995.
Best trial: 32. Best value: 399.2:  45%|████▌     | 45/100 [1:19:48<1:33:58, 102.51s/it]Best trial: 32. Best value: 399.2:  45%|████▌     | 45/100 [1:19:48<1:33:58, 102.51s/it]Best trial: 32. Best value: 399.2:  46%|████▌     | 46/100 [1:19:48<1:32:59, 103.32s/it]                                                                                        [I 2026-07-23 23:56:19,762] Trial 46 finished with value: 208.1207 and parameters: {'vwap_buy_deviation': -0.025524287766442548, 'take_profit_pct': 0.019642368342966576, 'buy_confirm_min_score': 22, 'notify_sell_threshold': 61, 'notify_buy_threshold': 42}. Best is trial 32 with value: 399.1995.
Best trial: 32. Best value: 399.2:  46%|████▌     | 46/100 [1:21:27<1:32:59, 103.32s/it]Best trial: 32. Best value: 399.2:  46%|████▌     | 46/100 [1:21:27<1:32:59, 103.32s/it]Best trial: 32. Best value: 399.2:  47%|████▋     | 47/100 [1:21:27<1:30:12, 102.13s/it]                                                                                        [I 2026-07-23 23:58:04,133] Trial 47 finished with value: 362.9132 and parameters: {'vwap_buy_deviation': -0.02389602871043028, 'take_profit_pct': 0.017747889792883633, 'buy_confirm_min_score': 24, 'notify_sell_threshold': 64, 'notify_buy_threshold': 40}. Best is trial 32 with value: 399.1995.
Best trial: 32. Best value: 399.2:  47%|████▋     | 47/100 [1:23:12<1:30:12, 102.13s/it]Best trial: 32. Best value: 399.2:  47%|████▋     | 47/100 [1:23:12<1:30:12, 102.13s/it]Best trial: 32. Best value: 399.2:  48%|████▊     | 48/100 [1:23:12<1:29:05, 102.80s/it]                                                                                        [I 2026-07-23 23:59:49,667] Trial 48 finished with value: 326.4722 and parameters: {'vwap_buy_deviation': -0.018068978963931698, 'take_profit_pct': 0.01832306611989292, 'buy_confirm_min_score': 23, 'notify_sell_threshold': 57, 'notify_buy_threshold': 40}. Best is trial 32 with value: 399.1995.
Best trial: 32. Best value: 399.2:  48%|████▊     | 48/100 [1:24:57<1:29:05, 102.80s/it]Best trial: 32. Best value: 399.2:  48%|████▊     | 48/100 [1:24:57<1:29:05, 102.80s/it]Best trial: 32. Best value: 399.2:  49%|████▉     | 49/100 [1:24:57<1:28:04, 103.62s/it]                                                                                        [I 2026-07-24 00:01:33,854] Trial 49 finished with value: 204.9347 and parameters: {'vwap_buy_deviation': -0.018332468691318132, 'take_profit_pct': 0.022930956248507797, 'buy_confirm_min_score': 23, 'notify_sell_threshold': 56, 'notify_buy_threshold': 40}. Best is trial 32 with value: 399.1995.
Best trial: 32. Best value: 399.2:  49%|████▉     | 49/100 [1:26:41<1:28:04, 103.62s/it]Best trial: 32. Best value: 399.2:  49%|████▉     | 49/100 [1:26:41<1:28:04, 103.62s/it]Best trial: 32. Best value: 399.2:  50%|█████     | 50/100 [1:26:41<1:26:29, 103.79s/it]                                                                                        [I 2026-07-24 00:03:20,045] Trial 50 finished with value: 355.2578 and parameters: {'vwap_buy_deviation': -0.016362147665368722, 'take_profit_pct': 0.021020575718881496, 'buy_confirm_min_score': 21, 'notify_sell_threshold': 52, 'notify_buy_threshold': 40}. Best is trial 32 with value: 399.1995.
Best trial: 32. Best value: 399.2:  50%|█████     | 50/100 [1:28:28<1:26:29, 103.79s/it]Best trial: 32. Best value: 399.2:  50%|█████     | 50/100 [1:28:28<1:26:29, 103.79s/it]Best trial: 32. Best value: 399.2:  51%|█████     | 51/100 [1:28:28<1:25:21, 104.51s/it]                                                                                        [I 2026-07-24 00:05:00,697] Trial 51 finished with value: 433.7209 and parameters: {'vwap_buy_deviation': -0.017302667433998543, 'take_profit_pct': 0.021065415335239788, 'buy_confirm_min_score': 20, 'notify_sell_threshold': 51, 'notify_buy_threshold': 40}. Best is trial 51 with value: 433.7209.
Best trial: 32. Best value: 399.2:  51%|█████     | 51/100 [1:30:08<1:25:21, 104.51s/it]Best trial: 51. Best value: 433.721:  51%|█████     | 51/100 [1:30:08<1:25:21, 104.51s/it]Best trial: 51. Best value: 433.721:  52%|█████▏    | 52/100 [1:30:08<1:22:40, 103.35s/it]                                                                                          [I 2026-07-24 00:06:44,731] Trial 52 finished with value: 187.037 and parameters: {'vwap_buy_deviation': -0.0158535916545482, 'take_profit_pct': 0.020995953691225554, 'buy_confirm_min_score': 18, 'notify_sell_threshold': 50, 'notify_buy_threshold': 41}. Best is trial 51 with value: 433.7209.
Best trial: 51. Best value: 433.721:  52%|█████▏    | 52/100 [1:31:52<1:22:40, 103.35s/it]Best trial: 51. Best value: 433.721:  52%|█████▏    | 52/100 [1:31:52<1:22:40, 103.35s/it]Best trial: 51. Best value: 433.721:  53%|█████▎    | 53/100 [1:31:52<1:21:07, 103.56s/it]                                                                                          [I 2026-07-24 00:08:28,975] Trial 53 finished with value: 297.9289 and parameters: {'vwap_buy_deviation': -0.017616430806845933, 'take_profit_pct': 0.02367232696621225, 'buy_confirm_min_score': 19, 'notify_sell_threshold': 42, 'notify_buy_threshold': 44}. Best is trial 51 with value: 433.7209.
Best trial: 51. Best value: 433.721:  53%|█████▎    | 53/100 [1:33:37<1:21:07, 103.56s/it]Best trial: 51. Best value: 433.721:  53%|█████▎    | 53/100 [1:33:37<1:21:07, 103.56s/it]Best trial: 51. Best value: 433.721:  54%|█████▍    | 54/100 [1:33:37<1:19:33, 103.76s/it]                                                                                          [I 2026-07-24 00:10:08,227] Trial 54 finished with value: 176.3527 and parameters: {'vwap_buy_deviation': -0.015965122087058553, 'take_profit_pct': 0.024839129307264972, 'buy_confirm_min_score': 18, 'notify_sell_threshold': 52, 'notify_buy_threshold': 41}. Best is trial 51 with value: 433.7209.
Best trial: 51. Best value: 433.721:  54%|█████▍    | 54/100 [1:35:16<1:19:33, 103.76s/it]Best trial: 51. Best value: 433.721:  54%|█████▍    | 54/100 [1:35:16<1:19:33, 103.76s/it]Best trial: 51. Best value: 433.721:  55%|█████▌    | 55/100 [1:35:16<1:16:48, 102.41s/it]                                                                                          [I 2026-07-24 00:11:52,172] Trial 55 finished with value: 311.0529 and parameters: {'vwap_buy_deviation': -0.016611846343452037, 'take_profit_pct': 0.021445339774333032, 'buy_confirm_min_score': 20, 'notify_sell_threshold': 50, 'notify_buy_threshold': 40}. Best is trial 51 with value: 433.7209.
Best trial: 51. Best value: 433.721:  55%|█████▌    | 55/100 [1:37:00<1:16:48, 102.41s/it]Best trial: 51. Best value: 433.721:  55%|█████▌    | 55/100 [1:37:00<1:16:48, 102.41s/it]Best trial: 51. Best value: 433.721:  56%|█████▌    | 56/100 [1:37:00<1:15:26, 102.87s/it]                                                                                          [I 2026-07-24 00:13:37,202] Trial 56 finished with value: 92.9476 and parameters: {'vwap_buy_deviation': -0.015019770867217962, 'take_profit_pct': 0.019303572895968082, 'buy_confirm_min_score': 21, 'notify_sell_threshold': 45, 'notify_buy_threshold': 43}. Best is trial 51 with value: 433.7209.
Best trial: 51. Best value: 433.721:  56%|█████▌    | 56/100 [1:38:45<1:15:26, 102.87s/it]Best trial: 51. Best value: 433.721:  56%|█████▌    | 56/100 [1:38:45<1:15:26, 102.87s/it]Best trial: 51. Best value: 433.721:  57%|█████▋    | 57/100 [1:38:45<1:14:11, 103.52s/it]                                                                                          [I 2026-07-24 00:15:16,865] Trial 57 finished with value: 0.0 and parameters: {'vwap_buy_deviation': -0.02004742263966631, 'take_profit_pct': 0.023330657391324887, 'buy_confirm_min_score': 20, 'notify_sell_threshold': 49, 'notify_buy_threshold': 46}. Best is trial 51 with value: 433.7209.
Best trial: 51. Best value: 433.721:  57%|█████▋    | 57/100 [1:40:25<1:14:11, 103.52s/it]Best trial: 51. Best value: 433.721:  57%|█████▋    | 57/100 [1:40:25<1:14:11, 103.52s/it]Best trial: 51. Best value: 433.721:  58%|█████▊    | 58/100 [1:40:25<1:11:39, 102.36s/it]                                                                                          [I 2026-07-24 00:17:00,836] Trial 58 finished with value: 187.816 and parameters: {'vwap_buy_deviation': -0.01705043952126387, 'take_profit_pct': 0.020556836463973962, 'buy_confirm_min_score': 18, 'notify_sell_threshold': 54, 'notify_buy_threshold': 44}. Best is trial 51 with value: 433.7209.
Best trial: 51. Best value: 433.721:  58%|█████▊    | 58/100 [1:42:08<1:11:39, 102.36s/it]Best trial: 51. Best value: 433.721:  58%|█████▊    | 58/100 [1:42:08<1:11:39, 102.36s/it]Best trial: 51. Best value: 433.721:  59%|█████▉    | 59/100 [1:42:08<1:10:16, 102.84s/it]                                                                                          [I 2026-07-24 00:18:41,578] Trial 59 finished with value: -9999.0 and parameters: {'vwap_buy_deviation': -0.026580298870069057, 'take_profit_pct': 0.007123482258769694, 'buy_confirm_min_score': 17, 'notify_sell_threshold': 53, 'notify_buy_threshold': 41}. Best is trial 51 with value: 433.7209.
Best trial: 51. Best value: 433.721:  59%|█████▉    | 59/100 [1:43:49<1:10:16, 102.84s/it]Best trial: 51. Best value: 433.721:  59%|█████▉    | 59/100 [1:43:49<1:10:16, 102.84s/it]Best trial: 51. Best value: 433.721:  60%|██████    | 60/100 [1:43:49<1:08:08, 102.21s/it]                                                                                          [I 2026-07-24 00:20:27,070] Trial 60 finished with value: -9999.0 and parameters: {'vwap_buy_deviation': -0.028109349329362543, 'take_profit_pct': 0.010045084347008341, 'buy_confirm_min_score': 22, 'notify_sell_threshold': 48, 'notify_buy_threshold': 63}. Best is trial 51 with value: 433.7209.
Best trial: 51. Best value: 433.721:  60%|██████    | 60/100 [1:45:35<1:08:08, 102.21s/it]Best trial: 51. Best value: 433.721:  60%|██████    | 60/100 [1:45:35<1:08:08, 102.21s/it]Best trial: 51. Best value: 433.721:  61%|██████    | 61/100 [1:45:35<1:07:04, 103.20s/it]                                                                                          [I 2026-07-24 00:22:10,786] Trial 61 finished with value: 353.4398 and parameters: {'vwap_buy_deviation': -0.01826728116768806, 'take_profit_pct': 0.018236659508143408, 'buy_confirm_min_score': 23, 'notify_sell_threshold': 57, 'notify_buy_threshold': 40}. Best is trial 51 with value: 433.7209.
Best trial: 51. Best value: 433.721:  61%|██████    | 61/100 [1:47:18<1:07:04, 103.20s/it]Best trial: 51. Best value: 433.721:  61%|██████    | 61/100 [1:47:18<1:07:04, 103.20s/it]Best trial: 51. Best value: 433.721:  62%|██████▏   | 62/100 [1:47:18<1:05:27, 103.35s/it]                                                                                          [I 2026-07-24 00:23:51,546] Trial 62 finished with value: 355.0723 and parameters: {'vwap_buy_deviation': -0.018955171874464445, 'take_profit_pct': 0.01876084425981484, 'buy_confirm_min_score': 21, 'notify_sell_threshold': 59, 'notify_buy_threshold': 42}. Best is trial 51 with value: 433.7209.
Best trial: 51. Best value: 433.721:  62%|██████▏   | 62/100 [1:48:59<1:05:27, 103.35s/it]Best trial: 51. Best value: 433.721:  62%|██████▏   | 62/100 [1:48:59<1:05:27, 103.35s/it]Best trial: 51. Best value: 433.721:  63%|██████▎   | 63/100 [1:48:59<1:03:15, 102.58s/it]                                                                                          [I 2026-07-24 00:25:36,981] Trial 63 finished with value: 285.9921 and parameters: {'vwap_buy_deviation': -0.01890291701669136, 'take_profit_pct': 0.02174222908865052, 'buy_confirm_min_score': 20, 'notify_sell_threshold': 60, 'notify_buy_threshold': 42}. Best is trial 51 with value: 433.7209.
Best trial: 51. Best value: 433.721:  63%|██████▎   | 63/100 [1:50:45<1:03:15, 102.58s/it]Best trial: 51. Best value: 433.721:  63%|██████▎   | 63/100 [1:50:45<1:03:15, 102.58s/it]Best trial: 51. Best value: 433.721:  64%|██████▍   | 64/100 [1:50:45<1:02:03, 103.43s/it]                                                                                          [I 2026-07-24 00:27:21,104] Trial 64 finished with value: 125.3743 and parameters: {'vwap_buy_deviation': -0.017634671740781455, 'take_profit_pct': 0.01958815969009156, 'buy_confirm_min_score': 21, 'notify_sell_threshold': 45, 'notify_buy_threshold': 43}. Best is trial 51 with value: 433.7209.
Best trial: 51. Best value: 433.721:  64%|██████▍   | 64/100 [1:52:29<1:02:03, 103.43s/it]Best trial: 51. Best value: 433.721:  64%|██████▍   | 64/100 [1:52:29<1:02:03, 103.43s/it]Best trial: 51. Best value: 433.721:  65%|██████▌   | 65/100 [1:52:29<1:00:27, 103.64s/it]                                                                                          [I 2026-07-24 00:28:59,498] Trial 65 finished with value: -0.0 and parameters: {'vwap_buy_deviation': -0.020977648038388974, 'take_profit_pct': 0.015318311271158137, 'buy_confirm_min_score': 22, 'notify_sell_threshold': 62, 'notify_buy_threshold': 44}. Best is trial 51 with value: 433.7209.
