Best trial: 5. Best value: 69.2784:  77%|███████▋  | 77/100 [4:03:00<1:09:29, 181.27s/it]Best trial: 5. Best value: 69.2784:  77%|███████▋  | 77/100 [4:03:00<1:09:29, 181.27s/it]Best trial: 5. Best value: 69.2784:  78%|███████▊  | 78/100 [4:03:00<1:05:36, 178.93s/it]                                                                                         [I 2026-07-24 15:32:32,322] Trial 78 finished with value: -9999.0 and parameters: {'vwap_buy_deviation': -0.028486340685632237, 'take_profit_pct': 0.007885922072514566, 'buy_confirm_min_score': 18, 'notify_sell_threshold': 56, 'notify_buy_threshold': 56, 'stock_qty_strong_pct': 0.5616469805818225, 'stock_qty_base_pct': 0.39982681378806906, 'stock_rebuild_strong_pct': 0.7557038598102762, 'stock_first_add_pct': 0.2001561275129905}. Best is trial 5 with value: 69.2784.
Best trial: 5. Best value: 69.2784:  78%|███████▊  | 78/100 [4:06:12<1:05:36, 178.93s/it]Best trial: 5. Best value: 69.2784:  78%|███████▊  | 78/100 [4:06:12<1:05:36, 178.93s/it]Best trial: 5. Best value: 69.2784:  79%|███████▉  | 79/100 [4:06:12<1:03:59, 182.83s/it]                                                                                         [I 2026-07-24 15:35:46,931] Trial 79 finished with value: 69.2784 and parameters: {'vwap_buy_deviation': -0.019447039735842973, 'take_profit_pct': 0.011698189260619954, 'buy_confirm_min_score': 17, 'notify_sell_threshold': 53, 'notify_buy_threshold': 50, 'stock_qty_strong_pct': 0.5731247509967707, 'stock_qty_base_pct': 0.3484268454917685, 'stock_rebuild_strong_pct': 0.904706981994282, 'stock_first_add_pct': 0.17895971533609709}. Best is trial 5 with value: 69.2784.
Best trial: 5. Best value: 69.2784:  79%|███████▉  | 79/100 [4:09:26<1:03:59, 182.83s/it]Best trial: 5. Best value: 69.2784:  79%|███████▉  | 79/100 [4:09:26<1:03:59, 182.83s/it]Best trial: 5. Best value: 69.2784:  80%|████████  | 80/100 [4:09:26<1:02:07, 186.37s/it]                                                                                         [I 2026-07-24 15:39:22,193] Trial 80 finished with value: -9999.0 and parameters: {'vwap_buy_deviation': -0.020272717116410263, 'take_profit_pct': 0.0103148212659336, 'buy_confirm_min_score': 16, 'notify_sell_threshold': 52, 'notify_buy_threshold': 68, 'stock_qty_strong_pct': 0.5935262004370014, 'stock_qty_base_pct': 0.3608411249299715, 'stock_rebuild_strong_pct': 0.8578113159353536, 'stock_first_add_pct': 0.21025140619576366}. Best is trial 5 with value: 69.2784.
Best trial: 5. Best value: 69.2784:  80%|████████  | 80/100 [4:13:02<1:02:07, 186.37s/it]Best trial: 5. Best value: 69.2784:  80%|████████  | 80/100 [4:13:02<1:02:07, 186.37s/it]Best trial: 5. Best value: 69.2784:  81%|████████  | 81/100 [4:13:02<1:01:45, 195.04s/it]                                                                                         [I 2026-07-24 15:42:00,192] Trial 81 finished with value: 69.2784 and parameters: {'vwap_buy_deviation': -0.022781759214256823, 'take_profit_pct': 0.01320212045939792, 'buy_confirm_min_score': 19, 'notify_sell_threshold': 49, 'notify_buy_threshold': 52, 'stock_qty_strong_pct': 0.545438593946361, 'stock_qty_base_pct': 0.28738081010616656, 'stock_rebuild_strong_pct': 0.9484284558952346, 'stock_first_add_pct': 0.24892041004915294}. Best is trial 5 with value: 69.2784.
Best trial: 5. Best value: 69.2784:  81%|████████  | 81/100 [4:15:40<1:01:45, 195.04s/it]Best trial: 5. Best value: 69.2784:  81%|████████  | 81/100 [4:15:40<1:01:45, 195.04s/it]Best trial: 5. Best value: 69.2784:  82%|████████▏ | 82/100 [4:15:40<55:10, 183.92s/it]                                                                                         [I 2026-07-24 15:44:34,979] Trial 82 finished with value: -9999.0 and parameters: {'vwap_buy_deviation': -0.02258116114274157, 'take_profit_pct': 0.015032408462648555, 'buy_confirm_min_score': 21, 'notify_sell_threshold': 48, 'notify_buy_threshold': 54, 'stock_qty_strong_pct': 0.5375775472211104, 'stock_qty_base_pct': 0.2969179615078673, 'stock_rebuild_strong_pct': 0.9071698202500632, 'stock_first_add_pct': 0.27589437808774075}. Best is trial 5 with value: 69.2784.
Best trial: 5. Best value: 69.2784:  82%|████████▏ | 82/100 [4:18:14<55:10, 183.92s/it]Best trial: 5. Best value: 69.2784:  82%|████████▏ | 82/100 [4:18:14<55:10, 183.92s/it]Best trial: 5. Best value: 69.2784:  83%|████████▎ | 83/100 [4:18:14<49:38, 175.18s/it]                                                                                       [I 2026-07-24 15:47:27,031] Trial 83 finished with value: -9999.0 and parameters: {'vwap_buy_deviation': -0.024529118396331418, 'take_profit_pct': 0.01338247247590731, 'buy_confirm_min_score': 19, 'notify_sell_threshold': 49, 'notify_buy_threshold': 53, 'stock_qty_strong_pct': 0.5229994033125838, 'stock_qty_base_pct': 0.319647552580089, 'stock_rebuild_strong_pct': 0.9343021126699336, 'stock_first_add_pct': 0.30295709585251734}. Best is trial 5 with value: 69.2784.
Best trial: 5. Best value: 69.2784:  83%|████████▎ | 83/100 [4:21:06<49:38, 175.18s/it]Best trial: 5. Best value: 69.2784:  83%|████████▎ | 83/100 [4:21:06<49:38, 175.18s/it]Best trial: 5. Best value: 69.2784:  84%|████████▍ | 84/100 [4:21:06<46:27, 174.24s/it]                                                                                       [I 2026-07-24 15:50:11,379] Trial 84 finished with value: -9999.0 and parameters: {'vwap_buy_deviation': -0.022053364737417033, 'take_profit_pct': 0.012088312497475755, 'buy_confirm_min_score': 20, 'notify_sell_threshold': 50, 'notify_buy_threshold': 56, 'stock_qty_strong_pct': 0.5507884871809337, 'stock_qty_base_pct': 0.32700715336264663, 'stock_rebuild_strong_pct': 0.8906821835548864, 'stock_first_add_pct': 0.23469240995842308}. Best is trial 5 with value: 69.2784.
Best trial: 5. Best value: 69.2784:  84%|████████▍ | 84/100 [4:23:51<46:27, 174.24s/it]Best trial: 5. Best value: 69.2784:  84%|████████▍ | 84/100 [4:23:51<46:27, 174.24s/it]Best trial: 5. Best value: 69.2784:  85%|████████▌ | 85/100 [4:23:51<42:49, 171.27s/it]                                                                                       [I 2026-07-24 15:53:12,294] Trial 85 finished with value: 0.0 and parameters: {'vwap_buy_deviation': -0.02172285648596019, 'take_profit_pct': 0.014040505766891063, 'buy_confirm_min_score': 17, 'notify_sell_threshold': 46, 'notify_buy_threshold': 49, 'stock_qty_strong_pct': 0.5643587982185816, 'stock_qty_base_pct': 0.26008879336996393, 'stock_rebuild_strong_pct': 0.8412014500272357, 'stock_first_add_pct': 0.26115685708318914}. Best is trial 5 with value: 69.2784.
Best trial: 5. Best value: 69.2784:  85%|████████▌ | 85/100 [4:26:52<42:49, 171.27s/it]Best trial: 5. Best value: 69.2784:  85%|████████▌ | 85/100 [4:26:52<42:49, 171.27s/it]Best trial: 5. Best value: 69.2784:  86%|████████▌ | 86/100 [4:26:52<40:38, 174.17s/it]                                                                                       [I 2026-07-24 15:56:41,523] Trial 86 finished with value: -9999.0 and parameters: {'vwap_buy_deviation': -0.02549115336738536, 'take_profit_pct': 0.009468879538285081, 'buy_confirm_min_score': 18, 'notify_sell_threshold': 61, 'notify_buy_threshold': 53, 'stock_qty_strong_pct': 0.5153585676760127, 'stock_qty_base_pct': 0.15022145622672295, 'stock_rebuild_strong_pct': 0.9768218145715009, 'stock_first_add_pct': 0.2796226747255671}. Best is trial 5 with value: 69.2784.
Best trial: 5. Best value: 69.2784:  86%|████████▌ | 86/100 [4:30:21<40:38, 174.17s/it]Best trial: 5. Best value: 69.2784:  86%|████████▌ | 86/100 [4:30:21<40:38, 174.17s/it]Best trial: 5. Best value: 69.2784:  87%|████████▋ | 87/100 [4:30:21<40:00, 184.69s/it]                                                                                       [I 2026-07-24 15:59:30,575] Trial 87 finished with value: -9999.0 and parameters: {'vwap_buy_deviation': -0.023484510772452862, 'take_profit_pct': 0.016686547320345753, 'buy_confirm_min_score': 25, 'notify_sell_threshold': 59, 'notify_buy_threshold': 48, 'stock_qty_strong_pct': 0.5822966498564858, 'stock_qty_base_pct': 0.30839373258560504, 'stock_rebuild_strong_pct': 0.8277702735027836, 'stock_first_add_pct': 0.27273764996632244}. Best is trial 5 with value: 69.2784.
Best trial: 5. Best value: 69.2784:  87%|████████▋ | 87/100 [4:33:10<40:00, 184.69s/it]Best trial: 5. Best value: 69.2784:  87%|████████▋ | 87/100 [4:33:10<40:00, 184.69s/it]Best trial: 5. Best value: 69.2784:  88%|████████▊ | 88/100 [4:33:10<35:59, 180.00s/it]                                                                                       [I 2026-07-24 16:02:32,724] Trial 88 finished with value: 0.0 and parameters: {'vwap_buy_deviation': -0.021243674735626647, 'take_profit_pct': 0.014387880477209899, 'buy_confirm_min_score': 19, 'notify_sell_threshold': 47, 'notify_buy_threshold': 51, 'stock_qty_strong_pct': 0.5593805019273325, 'stock_qty_base_pct': 0.31499271080763114, 'stock_rebuild_strong_pct': 0.7879962487199702, 'stock_first_add_pct': 0.38266207848449985}. Best is trial 5 with value: 69.2784.
Best trial: 5. Best value: 69.2784:  88%|████████▊ | 88/100 [4:36:12<35:59, 180.00s/it]Best trial: 5. Best value: 69.2784:  88%|████████▊ | 88/100 [4:36:12<35:59, 180.00s/it]Best trial: 5. Best value: 69.2784:  89%|████████▉ | 89/100 [4:36:12<33:07, 180.64s/it]                                                                                       [I 2026-07-24 16:05:46,787] Trial 89 finished with value: 69.2784 and parameters: {'vwap_buy_deviation': -0.019875721649884184, 'take_profit_pct': 0.0109157327782117, 'buy_confirm_min_score': 16, 'notify_sell_threshold': 51, 'notify_buy_threshold': 45, 'stock_qty_strong_pct': 0.5309042444838695, 'stock_qty_base_pct': 0.2757187227229492, 'stock_rebuild_strong_pct': 0.9860497991147233, 'stock_first_add_pct': 0.3389011292537394}. Best is trial 5 with value: 69.2784.
Best trial: 5. Best value: 69.2784:  89%|████████▉ | 89/100 [4:39:26<33:07, 180.64s/it]Best trial: 5. Best value: 69.2784:  89%|████████▉ | 89/100 [4:39:26<33:07, 180.64s/it]Best trial: 5. Best value: 69.2784:  90%|█████████ | 90/100 [4:39:26<30:46, 184.67s/it]                                                                                       [I 2026-07-24 16:08:38,389] Trial 90 finished with value: 69.2784 and parameters: {'vwap_buy_deviation': -0.02071254434219815, 'take_profit_pct': 0.012108939156438663, 'buy_confirm_min_score': 21, 'notify_sell_threshold': 57, 'notify_buy_threshold': 44, 'stock_qty_strong_pct': 0.5778039051535645, 'stock_qty_base_pct': 0.33639022310167177, 'stock_rebuild_strong_pct': 0.871494185184461, 'stock_first_add_pct': 0.2867032699572367}. Best is trial 5 with value: 69.2784.
Best trial: 5. Best value: 69.2784:  90%|█████████ | 90/100 [4:42:18<30:46, 184.67s/it]Best trial: 5. Best value: 69.2784:  90%|█████████ | 90/100 [4:42:18<30:46, 184.67s/it]Best trial: 5. Best value: 69.2784:  91%|█████████ | 91/100 [4:42:18<27:06, 180.75s/it]                                                                                       [I 2026-07-24 16:11:34,341] Trial 91 finished with value: 69.2784 and parameters: {'vwap_buy_deviation': -0.021618171357129908, 'take_profit_pct': 0.011421302390487357, 'buy_confirm_min_score': 27, 'notify_sell_threshold': 55, 'notify_buy_threshold': 48, 'stock_qty_strong_pct': 0.32226399713156667, 'stock_qty_base_pct': 0.21868889463603172, 'stock_rebuild_strong_pct': 0.8637537519603842, 'stock_first_add_pct': 0.2194853798076402}. Best is trial 5 with value: 69.2784.
Best trial: 5. Best value: 69.2784:  91%|█████████ | 91/100 [4:45:14<27:06, 180.75s/it]Best trial: 5. Best value: 69.2784:  91%|█████████ | 91/100 [4:45:14<27:06, 180.75s/it]Best trial: 5. Best value: 69.2784:  92%|█████████▏| 92/100 [4:45:14<23:54, 179.31s/it]                                                                                       [I 2026-07-24 16:14:17,579] Trial 92 finished with value: 69.2784 and parameters: {'vwap_buy_deviation': -0.02318865996032403, 'take_profit_pct': 0.012693455090827675, 'buy_confirm_min_score': 30, 'notify_sell_threshold': 54, 'notify_buy_threshold': 50, 'stock_qty_strong_pct': 0.37138971385340197, 'stock_qty_base_pct': 0.32658242854231917, 'stock_rebuild_strong_pct': 0.9627506737116897, 'stock_first_add_pct': 0.24104124881014002}. Best is trial 5 with value: 69.2784.
Best trial: 5. Best value: 69.2784:  92%|█████████▏| 92/100 [4:47:57<23:54, 179.31s/it]Best trial: 5. Best value: 69.2784:  92%|█████████▏| 92/100 [4:47:57<23:54, 179.31s/it]Best trial: 5. Best value: 69.2784:  93%|█████████▎| 93/100 [4:47:57<20:21, 174.49s/it]                                                                                       [I 2026-07-24 16:16:50,473] Trial 93 finished with value: 0.0 and parameters: {'vwap_buy_deviation': -0.02247277066535613, 'take_profit_pct': 0.010586671318495514, 'buy_confirm_min_score': 29, 'notify_sell_threshold': 52, 'notify_buy_threshold': 46, 'stock_qty_strong_pct': 0.3963293955607362, 'stock_qty_base_pct': 0.22192891885596555, 'stock_rebuild_strong_pct': 0.8840481961427709, 'stock_first_add_pct': 0.2554161107769468}. Best is trial 5 with value: 69.2784.
Best trial: 5. Best value: 69.2784:  93%|█████████▎| 93/100 [4:50:30<20:21, 174.49s/it]Best trial: 5. Best value: 69.2784:  93%|█████████▎| 93/100 [4:50:30<20:21, 174.49s/it]Best trial: 5. Best value: 69.2784:  94%|█████████▍| 94/100 [4:50:30<16:48, 168.01s/it]                                                                                       [I 2026-07-24 16:20:01,288] Trial 94 finished with value: 69.2784 and parameters: {'vwap_buy_deviation': -0.01928460357522783, 'take_profit_pct': 0.011689846540782438, 'buy_confirm_min_score': 17, 'notify_sell_threshold': 58, 'notify_buy_threshold': 47, 'stock_qty_strong_pct': 0.31165587717405135, 'stock_qty_base_pct': 0.17857259782128665, 'stock_rebuild_strong_pct': 0.8502653154700659, 'stock_first_add_pct': 0.22628087468184374}. Best is trial 5 with value: 69.2784.
Best trial: 5. Best value: 69.2784:  94%|█████████▍| 94/100 [4:53:41<16:48, 168.01s/it]Best trial: 5. Best value: 69.2784:  94%|█████████▍| 94/100 [4:53:41<16:48, 168.01s/it]Best trial: 5. Best value: 69.2784:  95%|█████████▌| 95/100 [4:53:41<14:34, 174.85s/it]                                                                                       [I 2026-07-24 16:22:19,539] Trial 95 finished with value: 69.2784 and parameters: {'vwap_buy_deviation': -0.01769649395530813, 'take_profit_pct': 0.011231147611837536, 'buy_confirm_min_score': 27, 'notify_sell_threshold': 54, 'notify_buy_threshold': 52, 'stock_qty_strong_pct': 0.29157158937905703, 'stock_qty_base_pct': 0.3903631970277436, 'stock_rebuild_strong_pct': 0.7994232814540411, 'stock_first_add_pct': 0.21674912685292747}. Best is trial 5 with value: 69.2784.
Best trial: 5. Best value: 69.2784:  95%|█████████▌| 95/100 [4:55:59<14:34, 174.85s/it]Best trial: 5. Best value: 69.2784:  95%|█████████▌| 95/100 [4:55:59<14:34, 174.85s/it]Best trial: 5. Best value: 69.2784:  96%|█████████▌| 96/100 [4:55:59<10:55, 163.87s/it]                                                                                       [I 2026-07-24 16:25:12,366] Trial 96 finished with value: 0.0 and parameters: {'vwap_buy_deviation': -0.0209898917152119, 'take_profit_pct': 0.009867055118646703, 'buy_confirm_min_score': 18, 'notify_sell_threshold': 53, 'notify_buy_threshold': 49, 'stock_qty_strong_pct': 0.3382821769970462, 'stock_qty_base_pct': 0.23603672817627103, 'stock_rebuild_strong_pct': 0.8131874091565046, 'stock_first_add_pct': 0.26614571470680115}. Best is trial 5 with value: 69.2784.
Best trial: 5. Best value: 69.2784:  96%|█████████▌| 96/100 [4:58:52<10:55, 163.87s/it]Best trial: 5. Best value: 69.2784:  96%|█████████▌| 96/100 [4:58:52<10:55, 163.87s/it]Best trial: 5. Best value: 69.2784:  97%|█████████▋| 97/100 [4:58:52<08:19, 166.56s/it]                                                                                       [I 2026-07-24 16:28:23,205] Trial 97 finished with value: -9999.0 and parameters: {'vwap_buy_deviation': -0.023813621806498726, 'take_profit_pct': 0.013188678950115029, 'buy_confirm_min_score': 22, 'notify_sell_threshold': 56, 'notify_buy_threshold': 55, 'stock_qty_strong_pct': 0.5924222485890438, 'stock_qty_base_pct': 0.19994533953890722, 'stock_rebuild_strong_pct': 0.5240142945963178, 'stock_first_add_pct': 0.2336779225361582}. Best is trial 5 with value: 69.2784.
Best trial: 5. Best value: 69.2784:  97%|█████████▋| 97/100 [5:02:03<08:19, 166.56s/it]Best trial: 5. Best value: 69.2784:  97%|█████████▋| 97/100 [5:02:03<08:19, 166.56s/it]Best trial: 5. Best value: 69.2784:  98%|█████████▊| 98/100 [5:02:03<05:47, 173.84s/it]                                                                                       [I 2026-07-24 16:31:40,919] Trial 98 finished with value: 0.0 and parameters: {'vwap_buy_deviation': -0.018791482520567827, 'take_profit_pct': 0.010350738021958487, 'buy_confirm_min_score': 23, 'notify_sell_threshold': 50, 'notify_buy_threshold': 41, 'stock_qty_strong_pct': 0.34772304981504876, 'stock_qty_base_pct': 0.25465224037085143, 'stock_rebuild_strong_pct': 0.9236817786987044, 'stock_first_add_pct': 0.18693988377905116}. Best is trial 5 with value: 69.2784.
Best trial: 5. Best value: 69.2784:  98%|█████████▊| 98/100 [5:05:20<05:47, 173.84s/it]Best trial: 5. Best value: 69.2784:  98%|█████████▊| 98/100 [5:05:20<05:47, 173.84s/it]Best trial: 5. Best value: 69.2784:  99%|█████████▉| 99/100 [5:05:20<03:01, 181.00s/it]                                                                                       [I 2026-07-24 16:34:36,898] Trial 99 finished with value: -9999.0 and parameters: {'vwap_buy_deviation': -0.01713809090713406, 'take_profit_pct': 0.012387111766227692, 'buy_confirm_min_score': 16, 'notify_sell_threshold': 52, 'notify_buy_threshold': 54, 'stock_qty_strong_pct': 0.3924908541381704, 'stock_qty_base_pct': 0.29222703049342197, 'stock_rebuild_strong_pct': 0.8994931234440864, 'stock_first_add_pct': 0.11466281842972068}. Best is trial 5 with value: 69.2784.
Best trial: 5. Best value: 69.2784:  99%|█████████▉| 99/100 [5:08:16<03:01, 181.00s/it]Best trial: 5. Best value: 69.2784:  99%|█████████▉| 99/100 [5:08:16<03:01, 181.00s/it]Best trial: 5. Best value: 69.2784: 100%|██████████| 100/100 [5:08:16<00:00, 179.50s/it]Best trial: 5. Best value: 69.2784: 100%|██████████| 100/100 [5:08:16<00:00, 184.97s/it]

[Optuna] 最佳 composite_score = 69.2784, params = {'vwap_buy_deviation': -0.02174955431292036, 'take_profit_pct': 0.01123422152178822, 'buy_confirm_min_score': 23, 'notify_sell_threshold': 56, 'notify_buy_threshold': 45, 'stock_qty_strong_pct': 0.5893546197175954, 'stock_qty_base_pct': 0.34378320584027866, 'stock_rebuild_strong_pct': 0.9697494707820946, 'stock_first_add_pct': 0.3684482051282947}

[最优参数] 训练集...

[基准对比] 默认参数在测试集...
  默认: wr=0.00% pnl=+0 composite=-9999.00

[过拟合] 训练=69.28 测试=72.66 比=104.88% [通过]

[邻域稳定性测试] 最优参数 ±5% 摇动...
  最优: 72.66
  邻域平均: 72.66
    vwap_buy_deviation=-0.0207 → composite=72.66
    vwap_buy_deviation=-0.0228 → composite=72.66
    take_profit_pct=0.0107 → composite=72.66
    take_profit_pct=0.0118 → composite=72.66
    buy_confirm_min_score=22 → composite=72.66
    buy_confirm_min_score=24 → composite=72.66
  判定: [稳定]
[结果] -> E:\06_T\t_io\optimizer\best_params.json
[报告] E:\06_T\t_io\optimizer\optimizer_report.md

=======================================================
  寻优完成
=======================================================
  VWAP偏离买入阈值: -0.02174955431292036
  止盈比例: 0.01123422152178822
  买入确认最低分: 23
  卖出推送阈值: 56
  买入推送阈值: 45
  强信号卖出比例: 0.5893546197175954
  中等信号卖出比例: 0.34378320584027866
  强信号接回比例: 0.9697494707820946
  首次加仓比例: 0.3684482051282947
  训练集综合得分: 69.28
  输出: E:\06_T\t_io\optimizer/
izer/
