Best trial: 33. Best value: 435.688:  77%|███████▋  | 77/100 [3:51:38<1:08:55, 179.80s/it]Best trial: 33. Best value: 435.688:  77%|███████▋  | 77/100 [3:51:38<1:08:55, 179.80s/it]Best trial: 33. Best value: 435.688:  78%|███████▊  | 78/100 [3:51:38<1:05:49, 179.51s/it]                                                                                          [I 2026-07-25 01:40:49,216] Trial 78 finished with value: 307.431 and parameters: {'vwap_buy_deviation': -0.02311279610326392, 'take_profit_pct': 0.022557323885225477, 'buy_confirm_min_score': 15, 'notify_sell_threshold': 54, 'notify_buy_threshold': 42, 'stock_qty_strong_pct': 0.5496420778552346, 'stock_qty_base_pct': 0.35862779482775103, 'stock_rebuild_strong_pct': 0.7903620376474881, 'stock_first_add_pct': 0.28812523434934734}. Best is trial 33 with value: 435.6882.
Best trial: 33. Best value: 435.688:  78%|███████▊  | 78/100 [3:54:40<1:05:49, 179.51s/it]Best trial: 33. Best value: 435.688:  78%|███████▊  | 78/100 [3:54:40<1:05:49, 179.51s/it]Best trial: 33. Best value: 435.688:  79%|███████▉  | 79/100 [3:54:40<1:03:05, 180.25s/it]                                                                                          [I 2026-07-25 01:43:49,571] Trial 79 finished with value: 228.8844 and parameters: {'vwap_buy_deviation': -0.030879288509426325, 'take_profit_pct': 0.008528451479105121, 'buy_confirm_min_score': 20, 'notify_sell_threshold': 56, 'notify_buy_threshold': 46, 'stock_qty_strong_pct': 0.30866645146360017, 'stock_qty_base_pct': 0.3498006940800182, 'stock_rebuild_strong_pct': 0.6793194527211976, 'stock_first_add_pct': 0.2775626707915983}. Best is trial 33 with value: 435.6882.
Best trial: 33. Best value: 435.688:  79%|███████▉  | 79/100 [3:57:40<1:03:05, 180.25s/it]Best trial: 33. Best value: 435.688:  79%|███████▉  | 79/100 [3:57:40<1:03:05, 180.25s/it]Best trial: 33. Best value: 435.688:  80%|████████  | 80/100 [3:57:40<1:00:05, 180.28s/it]                                                                                          [I 2026-07-25 01:46:56,026] Trial 80 finished with value: 390.775 and parameters: {'vwap_buy_deviation': -0.026481245479603916, 'take_profit_pct': 0.006961105070250554, 'buy_confirm_min_score': 18, 'notify_sell_threshold': 47, 'notify_buy_threshold': 40, 'stock_qty_strong_pct': 0.4157828168880725, 'stock_qty_base_pct': 0.20979931809504318, 'stock_rebuild_strong_pct': 0.7349595000128073, 'stock_first_add_pct': 0.26331282928403854}. Best is trial 33 with value: 435.6882.
Best trial: 33. Best value: 435.688:  80%|████████  | 80/100 [4:00:46<1:00:05, 180.28s/it]Best trial: 33. Best value: 435.688:  80%|████████  | 80/100 [4:00:46<1:00:05, 180.28s/it]Best trial: 33. Best value: 435.688:  81%|████████  | 81/100 [4:00:46<57:40, 182.13s/it]                                                                                          [I 2026-07-25 01:49:52,334] Trial 81 finished with value: 390.775 and parameters: {'vwap_buy_deviation': -0.026103720341119966, 'take_profit_pct': 0.007160450335505954, 'buy_confirm_min_score': 18, 'notify_sell_threshold': 47, 'notify_buy_threshold': 40, 'stock_qty_strong_pct': 0.42514436897926594, 'stock_qty_base_pct': 0.2138317862564253, 'stock_rebuild_strong_pct': 0.7410763108725309, 'stock_first_add_pct': 0.22737307033084328}. Best is trial 33 with value: 435.6882.
Best trial: 33. Best value: 435.688:  81%|████████  | 81/100 [4:03:43<57:40, 182.13s/it]Best trial: 33. Best value: 435.688:  81%|████████  | 81/100 [4:03:43<57:40, 182.13s/it]Best trial: 33. Best value: 435.688:  82%|████████▏ | 82/100 [4:03:43<54:06, 180.39s/it]                                                                                        [I 2026-07-25 01:52:53,929] Trial 82 finished with value: -12.1994 and parameters: {'vwap_buy_deviation': -0.026463732719260533, 'take_profit_pct': 0.007877325066149521, 'buy_confirm_min_score': 17, 'notify_sell_threshold': 44, 'notify_buy_threshold': 41, 'stock_qty_strong_pct': 0.421148534102715, 'stock_qty_base_pct': 0.21367616909587497, 'stock_rebuild_strong_pct': 0.7399714328264656, 'stock_first_add_pct': 0.2275413464273741}. Best is trial 33 with value: 435.6882.
Best trial: 33. Best value: 435.688:  82%|████████▏ | 82/100 [4:06:44<54:06, 180.39s/it]Best trial: 33. Best value: 435.688:  82%|████████▏ | 82/100 [4:06:44<54:06, 180.39s/it]Best trial: 33. Best value: 435.688:  83%|████████▎ | 83/100 [4:06:44<51:12, 180.75s/it]                                                                                        [I 2026-07-25 01:55:53,023] Trial 83 finished with value: 367.2826 and parameters: {'vwap_buy_deviation': -0.03324594399832301, 'take_profit_pct': 0.0070367903998812395, 'buy_confirm_min_score': 16, 'notify_sell_threshold': 47, 'notify_buy_threshold': 41, 'stock_qty_strong_pct': 0.45731303275723895, 'stock_qty_base_pct': 0.2070706842933096, 'stock_rebuild_strong_pct': 0.7190326803463065, 'stock_first_add_pct': 0.26196475338388164}. Best is trial 33 with value: 435.6882.
Best trial: 33. Best value: 435.688:  83%|████████▎ | 83/100 [4:09:43<51:12, 180.75s/it]Best trial: 33. Best value: 435.688:  83%|████████▎ | 83/100 [4:09:43<51:12, 180.75s/it]Best trial: 33. Best value: 435.688:  84%|████████▍ | 84/100 [4:09:43<48:04, 180.25s/it]                                                                                        [I 2026-07-25 01:58:52,616] Trial 84 finished with value: 268.7468 and parameters: {'vwap_buy_deviation': -0.024569836234200126, 'take_profit_pct': 0.005471557007981612, 'buy_confirm_min_score': 18, 'notify_sell_threshold': 46, 'notify_buy_threshold': 43, 'stock_qty_strong_pct': 0.4309232173173668, 'stock_qty_base_pct': 0.22278205174905477, 'stock_rebuild_strong_pct': 0.6967851527815562, 'stock_first_add_pct': 0.22351754717536773}. Best is trial 33 with value: 435.6882.
Best trial: 33. Best value: 435.688:  84%|████████▍ | 84/100 [4:12:43<48:04, 180.25s/it]Best trial: 33. Best value: 435.688:  84%|████████▍ | 84/100 [4:12:43<48:04, 180.25s/it]Best trial: 33. Best value: 435.688:  85%|████████▌ | 85/100 [4:12:43<45:00, 180.05s/it]                                                                                        [I 2026-07-25 02:01:52,108] Trial 85 finished with value: 290.015 and parameters: {'vwap_buy_deviation': -0.02775677122590405, 'take_profit_pct': 0.007161983512134308, 'buy_confirm_min_score': 19, 'notify_sell_threshold': 45, 'notify_buy_threshold': 40, 'stock_qty_strong_pct': 0.48280676951032364, 'stock_qty_base_pct': 0.19949351088023573, 'stock_rebuild_strong_pct': 0.6679044470752277, 'stock_first_add_pct': 0.25147395306918435}. Best is trial 33 with value: 435.6882.
Best trial: 33. Best value: 435.688:  85%|████████▌ | 85/100 [4:15:43<45:00, 180.05s/it]Best trial: 33. Best value: 435.688:  85%|████████▌ | 85/100 [4:15:43<45:00, 180.05s/it]Best trial: 33. Best value: 435.688:  86%|████████▌ | 86/100 [4:15:43<41:58, 179.89s/it]                                                                                        [I 2026-07-25 02:04:52,704] Trial 86 finished with value: 256.9637 and parameters: {'vwap_buy_deviation': -0.03159472610508873, 'take_profit_pct': 0.006353327238213085, 'buy_confirm_min_score': 18, 'notify_sell_threshold': 48, 'notify_buy_threshold': 42, 'stock_qty_strong_pct': 0.4106768415613098, 'stock_qty_base_pct': 0.2275799580197136, 'stock_rebuild_strong_pct': 0.7386410129356118, 'stock_first_add_pct': 0.20470547336392575}. Best is trial 33 with value: 435.6882.
Best trial: 33. Best value: 435.688:  86%|████████▌ | 86/100 [4:18:43<41:58, 179.89s/it]Best trial: 33. Best value: 435.688:  86%|████████▌ | 86/100 [4:18:43<41:58, 179.89s/it]Best trial: 33. Best value: 435.688:  87%|████████▋ | 87/100 [4:18:43<39:01, 180.10s/it]                                                                                        [I 2026-07-25 02:07:49,553] Trial 87 finished with value: -101.602 and parameters: {'vwap_buy_deviation': -0.02693463909001716, 'take_profit_pct': 0.014728253153769778, 'buy_confirm_min_score': 18, 'notify_sell_threshold': 70, 'notify_buy_threshold': 44, 'stock_qty_strong_pct': 0.45541816087048115, 'stock_qty_base_pct': 0.19054809809942697, 'stock_rebuild_strong_pct': 0.9480367883453925, 'stock_first_add_pct': 0.2440672389900456}. Best is trial 33 with value: 435.6882.
Best trial: 33. Best value: 435.688:  87%|████████▋ | 87/100 [4:21:40<39:01, 180.10s/it]Best trial: 33. Best value: 435.688:  87%|████████▋ | 87/100 [4:21:40<39:01, 180.10s/it]Best trial: 33. Best value: 435.688:  88%|████████▊ | 88/100 [4:21:40<35:49, 179.12s/it]                                                                                        [I 2026-07-25 02:10:47,213] Trial 88 finished with value: 162.875 and parameters: {'vwap_buy_deviation': -0.025850246308878014, 'take_profit_pct': 0.00953911398195859, 'buy_confirm_min_score': 19, 'notify_sell_threshold': 61, 'notify_buy_threshold': 41, 'stock_qty_strong_pct': 0.3941445559288462, 'stock_qty_base_pct': 0.2345044481716346, 'stock_rebuild_strong_pct': 0.7532032698543679, 'stock_first_add_pct': 0.1979085587943602}. Best is trial 33 with value: 435.6882.
Best trial: 33. Best value: 435.688:  88%|████████▊ | 88/100 [4:24:38<35:49, 179.12s/it]Best trial: 33. Best value: 435.688:  88%|████████▊ | 88/100 [4:24:38<35:49, 179.12s/it]Best trial: 33. Best value: 435.688:  89%|████████▉ | 89/100 [4:24:38<32:45, 178.68s/it]                                                                                        [I 2026-07-25 02:13:48,329] Trial 89 finished with value: 390.8293 and parameters: {'vwap_buy_deviation': -0.029227800705212283, 'take_profit_pct': 0.01721081679021271, 'buy_confirm_min_score': 16, 'notify_sell_threshold': 53, 'notify_buy_threshold': 40, 'stock_qty_strong_pct': 0.4108485424696299, 'stock_qty_base_pct': 0.37787263559521944, 'stock_rebuild_strong_pct': 0.7261351419561871, 'stock_first_add_pct': 0.3043311616634152}. Best is trial 33 with value: 435.6882.
Best trial: 33. Best value: 435.688:  89%|████████▉ | 89/100 [4:27:39<32:45, 178.68s/it]Best trial: 33. Best value: 435.688:  89%|████████▉ | 89/100 [4:27:39<32:45, 178.68s/it]Best trial: 33. Best value: 435.688:  90%|█████████ | 90/100 [4:27:39<29:54, 179.41s/it]                                                                                        [I 2026-07-25 02:16:48,653] Trial 90 finished with value: 279.4533 and parameters: {'vwap_buy_deviation': -0.029002878123032264, 'take_profit_pct': 0.017629909219938778, 'buy_confirm_min_score': 15, 'notify_sell_threshold': 49, 'notify_buy_threshold': 42, 'stock_qty_strong_pct': 0.3800522091109628, 'stock_qty_base_pct': 0.3761957085018875, 'stock_rebuild_strong_pct': 0.9085673506392625, 'stock_first_add_pct': 0.30035688091340024}. Best is trial 33 with value: 435.6882.
Best trial: 33. Best value: 435.688:  90%|█████████ | 90/100 [4:30:39<29:54, 179.41s/it]Best trial: 33. Best value: 435.688:  90%|█████████ | 90/100 [4:30:39<29:54, 179.41s/it]Best trial: 33. Best value: 435.688:  91%|█████████ | 91/100 [4:30:39<26:57, 179.69s/it]                                                                                        [I 2026-07-25 02:19:48,620] Trial 91 finished with value: 390.8293 and parameters: {'vwap_buy_deviation': -0.03255680895093435, 'take_profit_pct': 0.017187548085316803, 'buy_confirm_min_score': 17, 'notify_sell_threshold': 53, 'notify_buy_threshold': 40, 'stock_qty_strong_pct': 0.4333788886085792, 'stock_qty_base_pct': 0.39917188197864295, 'stock_rebuild_strong_pct': 0.7251267446475207, 'stock_first_add_pct': 0.3134433961178232}. Best is trial 33 with value: 435.6882.
Best trial: 33. Best value: 435.688:  91%|█████████ | 91/100 [4:33:39<26:57, 179.69s/it]Best trial: 33. Best value: 435.688:  91%|█████████ | 91/100 [4:33:39<26:57, 179.69s/it]Best trial: 33. Best value: 435.688:  92%|█████████▏| 92/100 [4:33:39<23:58, 179.77s/it]                                                                                        [I 2026-07-25 02:22:45,466] Trial 92 finished with value: 390.8293 and parameters: {'vwap_buy_deviation': -0.03287692138597369, 'take_profit_pct': 0.017213443529116114, 'buy_confirm_min_score': 17, 'notify_sell_threshold': 53, 'notify_buy_threshold': 40, 'stock_qty_strong_pct': 0.4106377636615784, 'stock_qty_base_pct': 0.3884893653662921, 'stock_rebuild_strong_pct': 0.7249894968998547, 'stock_first_add_pct': 0.3184397747654003}. Best is trial 33 with value: 435.6882.
Best trial: 33. Best value: 435.688:  92%|█████████▏| 92/100 [4:36:36<23:58, 179.77s/it]Best trial: 33. Best value: 435.688:  92%|█████████▏| 92/100 [4:36:36<23:58, 179.77s/it]Best trial: 33. Best value: 435.688:  93%|█████████▎| 93/100 [4:36:36<20:52, 178.89s/it]                                                                                        [I 2026-07-25 02:25:43,681] Trial 93 finished with value: 364.956 and parameters: {'vwap_buy_deviation': -0.0323208926347856, 'take_profit_pct': 0.01884262337921333, 'buy_confirm_min_score': 16, 'notify_sell_threshold': 53, 'notify_buy_threshold': 41, 'stock_qty_strong_pct': 0.44134571242863163, 'stock_qty_base_pct': 0.39904023544966993, 'stock_rebuild_strong_pct': 0.7226559419866215, 'stock_first_add_pct': 0.32632087865206955}. Best is trial 33 with value: 435.6882.
Best trial: 33. Best value: 435.688:  93%|█████████▎| 93/100 [4:39:34<20:52, 178.89s/it]Best trial: 33. Best value: 435.688:  93%|█████████▎| 93/100 [4:39:34<20:52, 178.89s/it]Best trial: 33. Best value: 435.688:  94%|█████████▍| 94/100 [4:39:34<17:52, 178.69s/it]                                                                                        [I 2026-07-25 02:28:41,924] Trial 94 finished with value: 376.8984 and parameters: {'vwap_buy_deviation': -0.03294894451430022, 'take_profit_pct': 0.01807935447343721, 'buy_confirm_min_score': 17, 'notify_sell_threshold': 55, 'notify_buy_threshold': 40, 'stock_qty_strong_pct': 0.407536342578811, 'stock_qty_base_pct': 0.39094820014160664, 'stock_rebuild_strong_pct': 0.7058940291628913, 'stock_first_add_pct': 0.31382201902945306}. Best is trial 33 with value: 435.6882.
Best trial: 33. Best value: 435.688:  94%|█████████▍| 94/100 [4:42:32<17:52, 178.69s/it]Best trial: 33. Best value: 435.688:  94%|█████████▍| 94/100 [4:42:32<17:52, 178.69s/it]Best trial: 33. Best value: 435.688:  95%|█████████▌| 95/100 [4:42:32<14:52, 178.56s/it]                                                                                        [I 2026-07-25 02:31:37,671] Trial 95 finished with value: 302.7162 and parameters: {'vwap_buy_deviation': -0.03367936510274727, 'take_profit_pct': 0.019653557778665936, 'buy_confirm_min_score': 16, 'notify_sell_threshold': 53, 'notify_buy_threshold': 43, 'stock_qty_strong_pct': 0.4685134500879931, 'stock_qty_base_pct': 0.3855776878990453, 'stock_rebuild_strong_pct': 0.6879687006099112, 'stock_first_add_pct': 0.30540008858919626}. Best is trial 33 with value: 435.6882.
Best trial: 33. Best value: 435.688:  95%|█████████▌| 95/100 [4:45:28<14:52, 178.56s/it]Best trial: 33. Best value: 435.688:  95%|█████████▌| 95/100 [4:45:28<14:52, 178.56s/it]Best trial: 33. Best value: 435.688:  96%|█████████▌| 96/100 [4:45:28<11:50, 177.71s/it]                                                                                        [I 2026-07-25 02:34:40,046] Trial 96 finished with value: 409.8703 and parameters: {'vwap_buy_deviation': -0.03125545851093063, 'take_profit_pct': 0.017044384862780104, 'buy_confirm_min_score': 17, 'notify_sell_threshold': 54, 'notify_buy_threshold': 41, 'stock_qty_strong_pct': 0.4964977641734882, 'stock_qty_base_pct': 0.3772031672487889, 'stock_rebuild_strong_pct': 0.7598460449057934, 'stock_first_add_pct': 0.3169896758625165}. Best is trial 33 with value: 435.6882.
Best trial: 33. Best value: 435.688:  96%|█████████▌| 96/100 [4:48:30<11:50, 177.71s/it]Best trial: 33. Best value: 435.688:  96%|█████████▌| 96/100 [4:48:30<11:50, 177.71s/it]Best trial: 33. Best value: 435.688:  97%|█████████▋| 97/100 [4:48:30<08:57, 179.11s/it]                                                                                        [I 2026-07-25 02:37:39,044] Trial 97 finished with value: 307.431 and parameters: {'vwap_buy_deviation': -0.02988172792369573, 'take_profit_pct': 0.01651962360024669, 'buy_confirm_min_score': 17, 'notify_sell_threshold': 54, 'notify_buy_threshold': 42, 'stock_qty_strong_pct': 0.4930214087767319, 'stock_qty_base_pct': 0.37590097571503045, 'stock_rebuild_strong_pct': 0.7590446210316742, 'stock_first_add_pct': 0.29419560418115726}. Best is trial 33 with value: 435.6882.
Best trial: 33. Best value: 435.688:  97%|█████████▋| 97/100 [4:51:29<08:57, 179.11s/it]Best trial: 33. Best value: 435.688:  97%|█████████▋| 97/100 [4:51:29<08:57, 179.11s/it]Best trial: 33. Best value: 435.688:  98%|█████████▊| 98/100 [4:51:29<05:58, 179.08s/it]                                                                                        [I 2026-07-25 02:40:38,015] Trial 98 finished with value: 194.0231 and parameters: {'vwap_buy_deviation': -0.031445092515959276, 'take_profit_pct': 0.01700506809725377, 'buy_confirm_min_score': 16, 'notify_sell_threshold': 57, 'notify_buy_threshold': 45, 'stock_qty_strong_pct': 0.4482425485854361, 'stock_qty_base_pct': 0.3828733824065834, 'stock_rebuild_strong_pct': 0.5048493347752956, 'stock_first_add_pct': 0.3162253131020194}. Best is trial 33 with value: 435.6882.
Best trial: 33. Best value: 435.688:  98%|█████████▊| 98/100 [4:54:28<05:58, 179.08s/it]Best trial: 33. Best value: 435.688:  98%|█████████▊| 98/100 [4:54:28<05:58, 179.08s/it]Best trial: 33. Best value: 435.688:  99%|█████████▉| 99/100 [4:54:28<02:59, 179.04s/it]                                                                                        [I 2026-07-25 02:43:36,689] Trial 99 finished with value: 357.2021 and parameters: {'vwap_buy_deviation': -0.03051628733054763, 'take_profit_pct': 0.01751258939489245, 'buy_confirm_min_score': 17, 'notify_sell_threshold': 52, 'notify_buy_threshold': 41, 'stock_qty_strong_pct': 0.5381378773579703, 'stock_qty_base_pct': 0.39041412238929774, 'stock_rebuild_strong_pct': 0.7088405825046767, 'stock_first_add_pct': 0.2842081173645441}. Best is trial 33 with value: 435.6882.
Best trial: 33. Best value: 435.688:  99%|█████████▉| 99/100 [4:57:27<02:59, 179.04s/it]Best trial: 33. Best value: 435.688:  99%|█████████▉| 99/100 [4:57:27<02:59, 179.04s/it]Best trial: 33. Best value: 435.688: 100%|██████████| 100/100 [4:57:27<00:00, 178.93s/it]Best trial: 33. Best value: 435.688: 100%|██████████| 100/100 [4:57:27<00:00, 178.48s/it]

[Optuna] 最佳 composite_score = 435.6882, params = {'vwap_buy_deviation': -0.02645201734585099, 'take_profit_pct': 0.007496639663944158, 'buy_confirm_min_score': 22, 'notify_sell_threshold': 54, 'notify_buy_threshold': 40, 'stock_qty_strong_pct': 0.5765134583072433, 'stock_qty_base_pct': 0.33765524686139375, 'stock_rebuild_strong_pct': 0.9063901650541631, 'stock_first_add_pct': 0.3339547373376373}

[最优参数] 训练集...

[基准对比] 默认参数在测试集...
  默认: wr=0.00% pnl=+242 composite=-99.76

[过拟合] 训练=435.69 测试=276.44 比=63.45% [通过]

[邻域稳定性测试] 最优参数 ±5% 摇动...
  最优: 276.44
  邻域平均: 276.44
    vwap_buy_deviation=-0.0251 → composite=276.44
    vwap_buy_deviation=-0.0278 → composite=276.44
    take_profit_pct=0.0071 → composite=276.44
    take_profit_pct=0.0079 → composite=276.44
    buy_confirm_min_score=21 → composite=276.44
    buy_confirm_min_score=23 → composite=276.44
  判定: [稳定]
[结果] -> E:\06_T\t_io\optimizer\best_params_600176.json
[报告] E:\06_T\t_io\optimizer\optimizer_report.md

=======================================================
  寻优完成
=======================================================
  VWAP偏离买入阈值: -0.02645201734585099
  止盈比例: 0.007496639663944158
  买入确认最低分: 22
  卖出推送阈值: 54
  买入推送阈值: 40
  强信号卖出比例: 0.5765134583072433
  中等信号卖出比例: 0.33765524686139375
  强信号接回比例: 0.9063901650541631
  首次加仓比例: 0.3339547373376373
  训练集综合得分: 435.69
  输出: E:\06_T\t_io\optimizer/
