=======================================================

  参数寻优系统
=======================================================
  标的: 600176  方法: optuna  训练: 2025-06-01~2026-03-31
  [数据] 预处理 279 天收盘价索引
  [数据] 600176 2025-06-01~2026-03-31: 217 个交易日，检查缓存...
  [数据] 已缓存 202/217 天，缺失将在首次 trial 下载
  [数据] 600176 2026-04-01~2026-07-20: 79 个交易日，检查缓存...
  [数据] 已缓存 74/79 天，缺失将在首次 trial 下载

[基线] 默认参数...
  wr=0.00% trades=0 dd=0.00% composite=-100.04
[I 2026-07-24 21:46:08,949] A new study created in memory with name: no-name-4c5cf1a2-7cf9-49e2-9bf1-235a0612d68f
  0%|          | 0/100 [00:00<?, ?it/s]                                       [I 2026-07-24 21:48:34,909] Trial 0 finished with value: 140.8009 and parameters: {'vwap_buy_deviation': -0.02750919762305275, 'take_profit_pct': 0.024014286128198326, 'buy_confirm_min_score': 26, 'notify_sell_threshold': 58, 'notify_buy_threshold': 44, 'stock_qty_strong_pct': 0.3045980821176709, 'stock_qty_base_pct': 0.16452090304204986, 'stock_rebuild_strong_pct': 0.9330880728874675, 'stock_first_add_pct': 0.2803345035229627}. Best is trial 0 with value: 140.8009.
  0%|          | 0/100 [02:25<?, ?it/s]Best trial: 0. Best value: 140.801:   0%|          | 0/100 [02:25<?, ?it/s]Best trial: 0. Best value: 140.801:   1%|          | 1/100 [02:25<4:00:37, 145.83s/it]                                                                                      [I 2026-07-24 21:51:08,559] Trial 1 finished with value: 120.5377 and parameters: {'vwap_buy_deviation': -0.02083854844407909, 'take_profit_pct': 0.005411689885916049, 'buy_confirm_min_score': 30, 'notify_sell_threshold': 65, 'notify_buy_threshold': 46, 'stock_qty_strong_pct': 0.3136387385224852, 'stock_qty_base_pct': 0.19585112746335845, 'stock_rebuild_strong_pct': 0.6521211214797689, 'stock_first_add_pct': 0.2574269294896714}. Best is trial 0 with value: 140.8009.
Best trial: 0. Best value: 140.801:   1%|          | 1/100 [04:59<4:00:37, 145.83s/it]Best trial: 0. Best value: 140.801:   1%|          | 1/100 [04:59<4:00:37, 145.83s/it]Best trial: 0. Best value: 140.801:   2%|▏         | 2/100 [04:59<4:05:42, 150.43s/it]                                                                                      [I 2026-07-24 21:53:31,283] Trial 2 finished with value: -0.0 and parameters: {'vwap_buy_deviation': -0.026361099627157686, 'take_profit_pct': 0.010824582803960838, 'buy_confirm_min_score': 24, 'notify_sell_threshold': 44, 'notify_buy_threshold': 49, 'stock_qty_strong_pct': 0.3782266451527921, 'stock_qty_base_pct': 0.26401749605425895, 'stock_rebuild_strong_pct': 0.8925879806965068, 'stock_first_add_pct': 0.15990213464750794}. Best is trial 0 with value: 140.8009.
Best trial: 0. Best value: 140.801:   2%|▏         | 2/100 [07:22<4:05:42, 150.43s/it]Best trial: 0. Best value: 140.801:   2%|▏         | 2/100 [07:22<4:05:42, 150.43s/it]Best trial: 0. Best value: 140.801:   3%|▎         | 3/100 [07:22<3:57:30, 146.91s/it]                                                                                      [I 2026-07-24 21:55:35,066] Trial 3 finished with value: 174.3993 and parameters: {'vwap_buy_deviation': -0.02471531123172777, 'take_profit_pct': 0.01684829137724085, 'buy_confirm_min_score': 15, 'notify_sell_threshold': 58, 'notify_buy_threshold': 45, 'stock_qty_strong_pct': 0.27276805754484784, 'stock_qty_base_pct': 0.3872213843133333, 'stock_rebuild_strong_pct': 0.9828160165372797, 'stock_first_add_pct': 0.3425192044349384}. Best is trial 3 with value: 174.3993.
Best trial: 0. Best value: 140.801:   3%|▎         | 3/100 [09:25<3:57:30, 146.91s/it]Best trial: 3. Best value: 174.399:   3%|▎         | 3/100 [09:25<3:57:30, 146.91s/it]Best trial: 3. Best value: 174.399:   4%|▍         | 4/100 [09:25<3:40:26, 137.78s/it]                                                                                      [I 2026-07-24 21:57:35,121] Trial 4 finished with value: 302.7162 and parameters: {'vwap_buy_deviation': -0.028907724616532588, 'take_profit_pct': 0.006953442280127677, 'buy_confirm_min_score': 25, 'notify_sell_threshold': 53, 'notify_buy_threshold': 43, 'stock_qty_strong_pct': 0.42331191853894456, 'stock_qty_base_pct': 0.1585971302788046, 'stock_rebuild_strong_pct': 0.954660201039391, 'stock_first_add_pct': 0.1776339944800051}. Best is trial 4 with value: 302.7162.
Best trial: 3. Best value: 174.399:   4%|▍         | 4/100 [11:26<3:40:26, 137.78s/it]Best trial: 4. Best value: 302.716:   4%|▍         | 4/100 [11:26<3:40:26, 137.78s/it]Best trial: 4. Best value: 302.716:   5%|▌         | 5/100 [11:26<3:28:01, 131.39s/it]                                                                                      [I 2026-07-24 22:01:20,737] Trial 5 finished with value: 234.2686 and parameters: {'vwap_buy_deviation': -0.02174955431292036, 'take_profit_pct': 0.01123422152178822, 'buy_confirm_min_score': 23, 'notify_sell_threshold': 56, 'notify_buy_threshold': 45, 'stock_qty_strong_pct': 0.5893546197175954, 'stock_qty_base_pct': 0.34378320584027866, 'stock_rebuild_strong_pct': 0.9697494707820946, 'stock_first_add_pct': 0.3684482051282947}. Best is trial 4 with value: 302.7162.
Best trial: 4. Best value: 302.716:   5%|▌         | 5/100 [15:11<3:28:01, 131.39s/it]Best trial: 4. Best value: 302.716:   5%|▌         | 5/100 [15:11<3:28:01, 131.39s/it]Best trial: 4. Best value: 302.716:   6%|▌         | 6/100 [15:11<4:16:02, 163.43s/it]                                                                                      [I 2026-07-24 22:04:46,515] Trial 6 finished with value: 312.1657 and parameters: {'vwap_buy_deviation': -0.023042000423778297, 'take_profit_pct': 0.02343748470046234, 'buy_confirm_min_score': 16, 'notify_sell_threshold': 46, 'notify_buy_threshold': 41, 'stock_qty_strong_pct': 0.3638656157671425, 'stock_qty_base_pct': 0.2471693224223705, 'stock_rebuild_strong_pct': 0.6356745158869479, 'stock_first_add_pct': 0.34862125274557887}. Best is trial 6 with value: 312.1657.
Best trial: 4. Best value: 302.716:   6%|▌         | 6/100 [18:37<4:16:02, 163.43s/it]Best trial: 6. Best value: 312.166:   6%|▌         | 6/100 [18:37<4:16:02, 163.43s/it]Best trial: 6. Best value: 312.166:   7%|▋         | 7/100 [18:37<4:34:46, 177.27s/it]                                                                                      [I 2026-07-24 22:08:17,041] Trial 7 finished with value: -99.988 and parameters: {'vwap_buy_deviation': -0.027864933466128217, 'take_profit_pct': 0.010618690193747615, 'buy_confirm_min_score': 23, 'notify_sell_threshold': 44, 'notify_buy_threshold': 64, 'stock_qty_strong_pct': 0.2760927252879198, 'stock_qty_base_pct': 0.39672173415012935, 'stock_rebuild_strong_pct': 0.8861223846483287, 'stock_first_add_pct': 0.15961470446025172}. Best is trial 6 with value: 312.1657.
Best trial: 6. Best value: 312.166:   7%|▋         | 7/100 [22:07<4:34:46, 177.27s/it]Best trial: 6. Best value: 312.166:   7%|▋         | 7/100 [22:07<4:34:46, 177.27s/it]Best trial: 6. Best value: 312.166:   8%|▊         | 8/100 [22:07<4:48:02, 187.86s/it]                                                                                      [I 2026-07-24 22:11:26,767] Trial 8 finished with value: 0.0 and parameters: {'vwap_buy_deviation': -0.03488955765752796, 'take_profit_pct': 0.021309228569096686, 'buy_confirm_min_score': 26, 'notify_sell_threshold': 62, 'notify_buy_threshold': 63, 'stock_qty_strong_pct': 0.2759156281069316, 'stock_qty_base_pct': 0.23961643213606815, 'stock_rebuild_strong_pct': 0.5579345297625649, 'stock_first_add_pct': 0.35893102776267805}. Best is trial 6 with value: 312.1657.
Best trial: 6. Best value: 312.166:   8%|▊         | 8/100 [25:17<4:48:02, 187.86s/it]Best trial: 6. Best value: 312.166:   8%|▊         | 8/100 [25:17<4:48:02, 187.86s/it]Best trial: 6. Best value: 312.166:   9%|▉         | 9/100 [25:17<4:45:48, 188.44s/it]                                                                                      [I 2026-07-24 22:14:28,991] Trial 9 finished with value: 54.5877 and parameters: {'vwap_buy_deviation': -0.02253403746344884, 'take_profit_pct': 0.011617960497052984, 'buy_confirm_min_score': 16, 'notify_sell_threshold': 49, 'notify_buy_threshold': 50, 'stock_qty_strong_pct': 0.5053621624183224, 'stock_qty_base_pct': 0.3093893678388033, 'stock_rebuild_strong_pct': 0.9436063712881633, 'stock_first_add_pct': 0.2416644775485848}. Best is trial 6 with value: 312.1657.
Best trial: 6. Best value: 312.166:   9%|▉         | 9/100 [28:19<4:45:48, 188.44s/it]Best trial: 6. Best value: 312.166:   9%|▉         | 9/100 [28:19<4:45:48, 188.44s/it]Best trial: 6. Best value: 312.166:  10%|█         | 10/100 [28:19<4:39:47, 186.52s/it]                                                                                       [I 2026-07-24 22:17:34,621] Trial 10 finished with value: -99.992 and parameters: {'vwap_buy_deviation': -0.01574751504634122, 'take_profit_pct': 0.018405782748461604, 'buy_confirm_min_score': 19, 'notify_sell_threshold': 40, 'notify_buy_threshold': 57, 'stock_qty_strong_pct': 0.45936139384675534, 'stock_qty_base_pct': 0.2556878312548686, 'stock_rebuild_strong_pct': 0.7472234962527934, 'stock_first_add_pct': 0.12388330640133169}. Best is trial 6 with value: 312.1657.
Best trial: 6. Best value: 312.166:  10%|█         | 10/100 [31:25<4:39:47, 186.52s/it]Best trial: 6. Best value: 312.166:  10%|█         | 10/100 [31:25<4:39:47, 186.52s/it]Best trial: 6. Best value: 312.166:  11%|█         | 11/100 [31:25<4:36:16, 186.25s/it]                                                                                       [I 2026-07-24 22:20:37,824] Trial 11 finished with value: 388.3567 and parameters: {'vwap_buy_deviation': -0.03219491723468748, 'take_profit_pct': 0.005804920492778712, 'buy_confirm_min_score': 19, 'notify_sell_threshold': 51, 'notify_buy_threshold': 40, 'stock_qty_strong_pct': 0.40495119875512026, 'stock_qty_base_pct': 0.16047967174188554, 'stock_rebuild_strong_pct': 0.781113509392447, 'stock_first_add_pct': 0.20549265436225633}. Best is trial 11 with value: 388.3567.
Best trial: 6. Best value: 312.166:  11%|█         | 11/100 [34:28<4:36:16, 186.25s/it]Best trial: 11. Best value: 388.357:  11%|█         | 11/100 [34:28<4:36:16, 186.25s/it]Best trial: 11. Best value: 388.357:  12%|█▏        | 12/100 [34:28<4:31:48, 185.32s/it]                                                                                        [I 2026-07-24 22:23:41,956] Trial 12 finished with value: 395.6304 and parameters: {'vwap_buy_deviation': -0.033615793535687034, 'take_profit_pct': 0.015363183313286373, 'buy_confirm_min_score': 19, 'notify_sell_threshold': 49, 'notify_buy_threshold': 40, 'stock_qty_strong_pct': 0.3736886484144362, 'stock_qty_base_pct': 0.22089923366581748, 'stock_rebuild_strong_pct': 0.7371413413327704, 'stock_first_add_pct': 0.3035504299257054}. Best is trial 12 with value: 395.6304.
Best trial: 11. Best value: 388.357:  12%|█▏        | 12/100 [37:32<4:31:48, 185.32s/it]Best trial: 12. Best value: 395.63:  12%|█▏        | 12/100 [37:32<4:31:48, 185.32s/it] Best trial: 12. Best value: 395.63:  13%|█▎        | 13/100 [37:32<4:28:11, 184.96s/it]                                                                                       [I 2026-07-24 22:26:38,397] Trial 13 finished with value: -101.66 and parameters: {'vwap_buy_deviation': -0.03345957397757389, 'take_profit_pct': 0.015284458463463777, 'buy_confirm_min_score': 20, 'notify_sell_threshold': 70, 'notify_buy_threshold': 40, 'stock_qty_strong_pct': 0.37675151715475985, 'stock_qty_base_pct': 0.20302360475804604, 'stock_rebuild_strong_pct': 0.7814292349118409, 'stock_first_add_pct': 0.2934021055804257}. Best is trial 12 with value: 395.6304.
Best trial: 12. Best value: 395.63:  13%|█▎        | 13/100 [40:29<4:28:11, 184.96s/it]Best trial: 12. Best value: 395.63:  13%|█▎        | 13/100 [40:29<4:28:11, 184.96s/it]Best trial: 12. Best value: 395.63:  14%|█▍        | 14/100 [40:29<4:21:25, 182.39s/it]                                                                                       [I 2026-07-24 22:29:34,230] Trial 14 finished with value: 72.1172 and parameters: {'vwap_buy_deviation': -0.03144870465861805, 'take_profit_pct': 0.008274700699332418, 'buy_confirm_min_score': 20, 'notify_sell_threshold': 51, 'notify_buy_threshold': 52, 'stock_qty_strong_pct': 0.4444104860360446, 'stock_qty_base_pct': 0.1987671402232789, 'stock_rebuild_strong_pct': 0.7837012636079196, 'stock_first_add_pct': 0.21088643846032093}. Best is trial 12 with value: 395.6304.
Best trial: 12. Best value: 395.63:  14%|█▍        | 14/100 [43:25<4:21:25, 182.39s/it]Best trial: 12. Best value: 395.63:  14%|█▍        | 14/100 [43:25<4:21:25, 182.39s/it]Best trial: 12. Best value: 395.63:  15%|█▌        | 15/100 [43:25<4:15:35, 180.41s/it]                                                                                       [I 2026-07-24 22:32:33,485] Trial 15 finished with value: 367.6598 and parameters: {'vwap_buy_deviation': -0.030852486114827177, 'take_profit_pct': 0.014145827994664835, 'buy_confirm_min_score': 18, 'notify_sell_threshold': 48, 'notify_buy_threshold': 40, 'stock_qty_strong_pct': 0.5133487641092852, 'stock_qty_base_pct': 0.2153228615036628, 'stock_rebuild_strong_pct': 0.6959538629064689, 'stock_first_add_pct': 0.2983242186509412}. Best is trial 12 with value: 395.6304.
Best trial: 12. Best value: 395.63:  15%|█▌        | 15/100 [46:24<4:15:35, 180.41s/it]Best trial: 12. Best value: 395.63:  15%|█▌        | 15/100 [46:24<4:15:35, 180.41s/it]Best trial: 12. Best value: 395.63:  16%|█▌        | 16/100 [46:24<4:12:05, 180.06s/it]                                                                                       [I 2026-07-24 22:35:41,581] Trial 16 finished with value: 64.5168 and parameters: {'vwap_buy_deviation': -0.031996071019165157, 'take_profit_pct': 0.01933619377697599, 'buy_confirm_min_score': 21, 'notify_sell_threshold': 53, 'notify_buy_threshold': 54, 'stock_qty_strong_pct': 0.345336549926982, 'stock_qty_base_pct': 0.1503807763096576, 'stock_rebuild_strong_pct': 0.8330079411559682, 'stock_first_add_pct': 0.10395376431427714}. Best is trial 12 with value: 395.6304.
Best trial: 12. Best value: 395.63:  16%|█▌        | 16/100 [49:32<4:12:05, 180.06s/it]Best trial: 12. Best value: 395.63:  16%|█▌        | 16/100 [49:32<4:12:05, 180.06s/it]Best trial: 12. Best value: 395.63:  17%|█▋        | 17/100 [49:32<4:12:25, 182.48s/it]                                                                                       [I 2026-07-24 22:38:37,930] Trial 17 finished with value: 225.6735 and parameters: {'vwap_buy_deviation': -0.034843464559344, 'take_profit_pct': 0.013739906761570268, 'buy_confirm_min_score': 18, 'notify_sell_threshold': 55, 'notify_buy_threshold': 48, 'stock_qty_strong_pct': 0.40263494175029807, 'stock_qty_base_pct': 0.3015348983809036, 'stock_rebuild_strong_pct': 0.5181524066160592, 'stock_first_add_pct': 0.3939645079757972}. Best is trial 12 with value: 395.6304.
Best trial: 12. Best value: 395.63:  17%|█▋        | 17/100 [52:28<4:12:25, 182.48s/it]Best trial: 12. Best value: 395.63:  17%|█▋        | 17/100 [52:28<4:12:25, 182.48s/it]Best trial: 12. Best value: 395.63:  18%|█▊        | 18/100 [52:28<4:06:52, 180.64s/it]                                                                                       [I 2026-07-24 22:41:40,715] Trial 18 finished with value: -99.992 and parameters: {'vwap_buy_deviation': -0.02953243875849091, 'take_profit_pct': 0.008712299557554965, 'buy_confirm_min_score': 22, 'notify_sell_threshold': 40, 'notify_buy_threshold': 58, 'stock_qty_strong_pct': 0.4830172745743768, 'stock_qty_base_pct': 0.17768085324438398, 'stock_rebuild_strong_pct': 0.702918462228797, 'stock_first_add_pct': 0.20910015985280236}. Best is trial 12 with value: 395.6304.
Best trial: 12. Best value: 395.63:  18%|█▊        | 18/100 [55:31<4:06:52, 180.64s/it]Best trial: 12. Best value: 395.63:  18%|█▊        | 18/100 [55:31<4:06:52, 180.64s/it]Best trial: 12. Best value: 395.63:  19%|█▉        | 19/100 [55:31<4:04:43, 181.28s/it]                                                                                       [I 2026-07-24 22:44:40,821] Trial 19 finished with value: 279.4533 and parameters: {'vwap_buy_deviation': -0.03287367785042309, 'take_profit_pct': 0.005245118355870344, 'buy_confirm_min_score': 17, 'notify_sell_threshold': 49, 'notify_buy_threshold': 42, 'stock_qty_strong_pct': 0.5603434450791214, 'stock_qty_base_pct': 0.2856443301365091, 'stock_rebuild_strong_pct': 0.8269419814627355, 'stock_first_add_pct': 0.22335671512937436}. Best is trial 12 with value: 395.6304.
Best trial: 12. Best value: 395.63:  19%|█▉        | 19/100 [58:31<4:04:43, 181.28s/it]Best trial: 12. Best value: 395.63:  19%|█▉        | 19/100 [58:31<4:04:43, 181.28s/it]Best trial: 12. Best value: 395.63:  20%|██        | 20/100 [58:31<4:01:14, 180.93s/it]                                                                                       [I 2026-07-24 22:47:45,754] Trial 20 finished with value: 113.922 and parameters: {'vwap_buy_deviation': -0.03025883879089839, 'take_profit_pct': 0.021283748458046176, 'buy_confirm_min_score': 30, 'notify_sell_threshold': 62, 'notify_buy_threshold': 68, 'stock_qty_strong_pct': 0.33402747250580805, 'stock_qty_base_pct': 0.22745842369482644, 'stock_rebuild_strong_pct': 0.6132560761529423, 'stock_first_add_pct': 0.31501572292027546}. Best is trial 12 with value: 395.6304.
Best trial: 12. Best value: 395.63:  20%|██        | 20/100 [1:01:36<4:01:14, 180.93s/it]Best trial: 12. Best value: 395.63:  20%|██        | 20/100 [1:01:36<4:01:14, 180.93s/it]Best trial: 12. Best value: 395.63:  21%|██        | 21/100 [1:01:36<3:59:48, 182.13s/it]                                                                                         [I 2026-07-24 22:50:45,632] Trial 21 finished with value: 390.775 and parameters: {'vwap_buy_deviation': -0.031099526837306418, 'take_profit_pct': 0.014266663928734458, 'buy_confirm_min_score': 18, 'notify_sell_threshold': 47, 'notify_buy_threshold': 40, 'stock_qty_strong_pct': 0.5321537002978731, 'stock_qty_base_pct': 0.2147273015756216, 'stock_rebuild_strong_pct': 0.6979666204213493, 'stock_first_add_pct': 0.30731763668297274}. Best is trial 12 with value: 395.6304.
Best trial: 12. Best value: 395.63:  21%|██        | 21/100 [1:04:36<3:59:48, 182.13s/it]Best trial: 12. Best value: 395.63:  21%|██        | 21/100 [1:04:36<3:59:48, 182.13s/it]Best trial: 12. Best value: 395.63:  22%|██▏       | 22/100 [1:04:36<3:55:53, 181.45s/it]                                                                                         [I 2026-07-24 22:53:39,583] Trial 22 finished with value: -12.1994 and parameters: {'vwap_buy_deviation': -0.03305640128187398, 'take_profit_pct': 0.015840359689135417, 'buy_confirm_min_score': 19, 'notify_sell_threshold': 44, 'notify_buy_threshold': 40, 'stock_qty_strong_pct': 0.547854625963631, 'stock_qty_base_pct': 0.18648470790605068, 'stock_rebuild_strong_pct': 0.7207229976071724, 'stock_first_add_pct': 0.32032167809266154}. Best is trial 12 with value: 395.6304.
Best trial: 12. Best value: 395.63:  22%|██▏       | 22/100 [1:07:30<3:55:53, 181.45s/it]Best trial: 12. Best value: 395.63:  22%|██▏       | 22/100 [1:07:30<3:55:53, 181.45s/it]Best trial: 12. Best value: 395.63:  23%|██▎       | 23/100 [1:07:30<3:49:58, 179.20s/it]                                                                                         [I 2026-07-24 22:56:39,008] Trial 23 finished with value: 182.4034 and parameters: {'vwap_buy_deviation': -0.03172724813978439, 'take_profit_pct': 0.013159472114499752, 'buy_confirm_min_score': 21, 'notify_sell_threshold': 46, 'notify_buy_threshold': 47, 'stock_qty_strong_pct': 0.40326565379134643, 'stock_qty_base_pct': 0.21297159281798847, 'stock_rebuild_strong_pct': 0.7744688961411672, 'stock_first_add_pct': 0.2693201809216643}. Best is trial 12 with value: 395.6304.
Best trial: 12. Best value: 395.63:  23%|██▎       | 23/100 [1:10:29<3:49:58, 179.20s/it]Best trial: 12. Best value: 395.63:  23%|██▎       | 23/100 [1:10:29<3:49:58, 179.20s/it]Best trial: 12. Best value: 395.63:  24%|██▍       | 24/100 [1:10:29<3:47:04, 179.27s/it]                                                                                         [I 2026-07-24 22:59:37,576] Trial 24 finished with value: 301.1998 and parameters: {'vwap_buy_deviation': -0.03424221828316916, 'take_profit_pct': 0.018684267719291478, 'buy_confirm_min_score': 18, 'notify_sell_threshold': 51, 'notify_buy_threshold': 43, 'stock_qty_strong_pct': 0.4747936681641306, 'stock_qty_base_pct': 0.22929356586914265, 'stock_rebuild_strong_pct': 0.6752046531355428, 'stock_first_add_pct': 0.2518776496471252}. Best is trial 12 with value: 395.6304.
Best trial: 12. Best value: 395.63:  24%|██▍       | 24/100 [1:13:28<3:47:04, 179.27s/it]Best trial: 12. Best value: 395.63:  24%|██▍       | 24/100 [1:13:28<3:47:04, 179.27s/it]Best trial: 12. Best value: 395.63:  25%|██▌       | 25/100 [1:13:28<3:43:49, 179.06s/it]                                                                                         [I 2026-07-24 23:02:33,455] Trial 25 finished with value: 302.9772 and parameters: {'vwap_buy_deviation': -0.02925781625524673, 'take_profit_pct': 0.012426010468258529, 'buy_confirm_min_score': 15, 'notify_sell_threshold': 47, 'notify_buy_threshold': 43, 'stock_qty_strong_pct': 0.43008193602743067, 'stock_qty_base_pct': 0.17512884181759666, 'stock_rebuild_strong_pct': 0.5965139824021046, 'stock_first_add_pct': 0.3255919354345019}. Best is trial 12 with value: 395.6304.
