Best trial: 35. Best value: 99.4676:  77%|███████▋  | 77/100 [3:50:40<1:08:35, 178.93s/it]Best trial: 35. Best value: 99.4676:  77%|███████▋  | 77/100 [3:50:40<1:08:35, 178.93s/it]Best trial: 35. Best value: 99.4676:  78%|███████▊  | 78/100 [3:50:40<1:06:10, 180.49s/it]                                                                                          [I 2026-07-25 01:39:57,809] Trial 78 finished with value: 60.94 and parameters: {'vwap_buy_deviation': -0.020275725694416706, 'take_profit_pct': 0.013331095431344597, 'buy_confirm_min_score': 20, 'notify_sell_threshold': 56, 'notify_buy_threshold': 42, 'stock_qty_strong_pct': 0.43125808796415643, 'stock_qty_base_pct': 0.361312222059336, 'stock_rebuild_strong_pct': 0.5822221753964991, 'stock_first_add_pct': 0.1534302925434491}. Best is trial 35 with value: 99.4676.
Best trial: 35. Best value: 99.4676:  78%|███████▊  | 78/100 [3:53:37<1:06:10, 180.49s/it]Best trial: 35. Best value: 99.4676:  78%|███████▊  | 78/100 [3:53:37<1:06:10, 180.49s/it]Best trial: 35. Best value: 99.4676:  79%|███████▉  | 79/100 [3:53:37<1:02:48, 179.45s/it]                                                                                          [I 2026-07-25 01:43:00,308] Trial 79 finished with value: 18.8602 and parameters: {'vwap_buy_deviation': -0.022738679130310878, 'take_profit_pct': 0.015782179088264722, 'buy_confirm_min_score': 23, 'notify_sell_threshold': 59, 'notify_buy_threshold': 45, 'stock_qty_strong_pct': 0.3509900666756799, 'stock_qty_base_pct': 0.39097929840334017, 'stock_rebuild_strong_pct': 0.5485161541371322, 'stock_first_add_pct': 0.3011489859969735}. Best is trial 35 with value: 99.4676.
Best trial: 35. Best value: 99.4676:  79%|███████▉  | 79/100 [3:56:40<1:02:48, 179.45s/it]Best trial: 35. Best value: 99.4676:  79%|███████▉  | 79/100 [3:56:40<1:02:48, 179.45s/it]Best trial: 35. Best value: 99.4676:  80%|████████  | 80/100 [3:56:40<1:00:07, 180.37s/it]                                                                                          [I 2026-07-25 01:46:05,564] Trial 80 finished with value: 41.3218 and parameters: {'vwap_buy_deviation': -0.024634992643624117, 'take_profit_pct': 0.016779327169571683, 'buy_confirm_min_score': 21, 'notify_sell_threshold': 62, 'notify_buy_threshold': 43, 'stock_qty_strong_pct': 0.32743225240269963, 'stock_qty_base_pct': 0.3271937472113373, 'stock_rebuild_strong_pct': 0.5270324168138535, 'stock_first_add_pct': 0.17427827380375058}. Best is trial 35 with value: 99.4676.
Best trial: 35. Best value: 99.4676:  80%|████████  | 80/100 [3:59:45<1:00:07, 180.37s/it]Best trial: 35. Best value: 99.4676:  80%|████████  | 80/100 [3:59:45<1:00:07, 180.37s/it]Best trial: 35. Best value: 99.4676:  81%|████████  | 81/100 [3:59:45<57:34, 181.83s/it]                                                                                          [I 2026-07-25 01:49:05,091] Trial 81 finished with value: 73.4759 and parameters: {'vwap_buy_deviation': -0.02802645452530071, 'take_profit_pct': 0.01859569924650345, 'buy_confirm_min_score': 19, 'notify_sell_threshold': 60, 'notify_buy_threshold': 40, 'stock_qty_strong_pct': 0.3641466131859139, 'stock_qty_base_pct': 0.3719104755694535, 'stock_rebuild_strong_pct': 0.5275937531526139, 'stock_first_add_pct': 0.3732420386493635}. Best is trial 35 with value: 99.4676.
Best trial: 35. Best value: 99.4676:  81%|████████  | 81/100 [4:02:44<57:34, 181.83s/it]Best trial: 35. Best value: 99.4676:  81%|████████  | 81/100 [4:02:44<57:34, 181.83s/it]Best trial: 35. Best value: 99.4676:  82%|████████▏ | 82/100 [4:02:44<54:20, 181.14s/it]                                                                                        [I 2026-07-25 01:52:02,710] Trial 82 finished with value: 56.2596 and parameters: {'vwap_buy_deviation': -0.02669209781917946, 'take_profit_pct': 0.01891302874962454, 'buy_confirm_min_score': 19, 'notify_sell_threshold': 58, 'notify_buy_threshold': 40, 'stock_qty_strong_pct': 0.367843120888299, 'stock_qty_base_pct': 0.37706475286025426, 'stock_rebuild_strong_pct': 0.5570491092617024, 'stock_first_add_pct': 0.3655825043702205}. Best is trial 35 with value: 99.4676.
Best trial: 35. Best value: 99.4676:  82%|████████▏ | 82/100 [4:05:42<54:20, 181.14s/it]Best trial: 35. Best value: 99.4676:  82%|████████▏ | 82/100 [4:05:42<54:20, 181.14s/it]Best trial: 35. Best value: 99.4676:  83%|████████▎ | 83/100 [4:05:42<51:01, 180.09s/it]                                                                                        [I 2026-07-25 01:55:01,622] Trial 83 finished with value: 73.4759 and parameters: {'vwap_buy_deviation': -0.027265582683010603, 'take_profit_pct': 0.020044970101508318, 'buy_confirm_min_score': 18, 'notify_sell_threshold': 60, 'notify_buy_threshold': 41, 'stock_qty_strong_pct': 0.3864947465865337, 'stock_qty_base_pct': 0.343066270011641, 'stock_rebuild_strong_pct': 0.5194642154506963, 'stock_first_add_pct': 0.38165808635425413}. Best is trial 35 with value: 99.4676.
Best trial: 35. Best value: 99.4676:  83%|████████▎ | 83/100 [4:08:41<51:01, 180.09s/it]Best trial: 35. Best value: 99.4676:  83%|████████▎ | 83/100 [4:08:41<51:01, 180.09s/it]Best trial: 35. Best value: 99.4676:  84%|████████▍ | 84/100 [4:08:41<47:55, 179.73s/it]                                                                                        [I 2026-07-25 01:58:01,707] Trial 84 finished with value: 68.3585 and parameters: {'vwap_buy_deviation': -0.028206519094731663, 'take_profit_pct': 0.017442732881897544, 'buy_confirm_min_score': 17, 'notify_sell_threshold': 61, 'notify_buy_threshold': 42, 'stock_qty_strong_pct': 0.4130881020612266, 'stock_qty_base_pct': 0.36526154814296774, 'stock_rebuild_strong_pct': 0.5067687879621621, 'stock_first_add_pct': 0.3569891662930683}. Best is trial 35 with value: 99.4676.
Best trial: 35. Best value: 99.4676:  84%|████████▍ | 84/100 [4:11:41<47:55, 179.73s/it]Best trial: 35. Best value: 99.4676:  84%|████████▍ | 84/100 [4:11:41<47:55, 179.73s/it]Best trial: 35. Best value: 99.4676:  85%|████████▌ | 85/100 [4:11:41<44:57, 179.84s/it]                                                                                        [I 2026-07-25 02:01:02,380] Trial 85 finished with value: 70.8095 and parameters: {'vwap_buy_deviation': -0.029114765301642663, 'take_profit_pct': 0.018077028734168894, 'buy_confirm_min_score': 20, 'notify_sell_threshold': 59, 'notify_buy_threshold': 40, 'stock_qty_strong_pct': 0.5834692501592414, 'stock_qty_base_pct': 0.3349521024944389, 'stock_rebuild_strong_pct': 0.6624203278228098, 'stock_first_add_pct': 0.328565486553809}. Best is trial 35 with value: 99.4676.
Best trial: 35. Best value: 99.4676:  85%|████████▌ | 85/100 [4:14:42<44:57, 179.84s/it]Best trial: 35. Best value: 99.4676:  85%|████████▌ | 85/100 [4:14:42<44:57, 179.84s/it]Best trial: 35. Best value: 99.4676:  86%|████████▌ | 86/100 [4:14:42<42:01, 180.09s/it]                                                                                        [I 2026-07-25 02:04:03,041] Trial 86 finished with value: 31.5134 and parameters: {'vwap_buy_deviation': -0.026004517902679183, 'take_profit_pct': 0.014646146305683012, 'buy_confirm_min_score': 24, 'notify_sell_threshold': 61, 'notify_buy_threshold': 43, 'stock_qty_strong_pct': 0.4010731012466551, 'stock_qty_base_pct': 0.31722332061580094, 'stock_rebuild_strong_pct': 0.6870695803420191, 'stock_first_add_pct': 0.3867403981811456}. Best is trial 35 with value: 99.4676.
Best trial: 35. Best value: 99.4676:  86%|████████▌ | 86/100 [4:17:42<42:01, 180.09s/it]Best trial: 35. Best value: 99.4676:  86%|████████▌ | 86/100 [4:17:42<42:01, 180.09s/it]Best trial: 35. Best value: 99.4676:  87%|████████▋ | 87/100 [4:17:42<39:03, 180.26s/it]                                                                                        [I 2026-07-25 02:07:01,422] Trial 87 finished with value: 56.2596 and parameters: {'vwap_buy_deviation': -0.022105991182581816, 'take_profit_pct': 0.020867368611626753, 'buy_confirm_min_score': 19, 'notify_sell_threshold': 58, 'notify_buy_threshold': 42, 'stock_qty_strong_pct': 0.370821676827644, 'stock_qty_base_pct': 0.3528523969313894, 'stock_rebuild_strong_pct': 0.588415562705653, 'stock_first_add_pct': 0.3534048818567612}. Best is trial 35 with value: 99.4676.
Best trial: 35. Best value: 99.4676:  87%|████████▋ | 87/100 [4:20:41<39:03, 180.26s/it]Best trial: 35. Best value: 99.4676:  87%|████████▋ | 87/100 [4:20:41<39:03, 180.26s/it]Best trial: 35. Best value: 99.4676:  88%|████████▊ | 88/100 [4:20:41<35:56, 179.70s/it]                                                                                        [I 2026-07-25 02:09:57,762] Trial 88 finished with value: 18.3651 and parameters: {'vwap_buy_deviation': -0.030375768723388086, 'take_profit_pct': 0.01661371459800203, 'buy_confirm_min_score': 22, 'notify_sell_threshold': 59, 'notify_buy_threshold': 46, 'stock_qty_strong_pct': 0.31216876817897127, 'stock_qty_base_pct': 0.3589743484618217, 'stock_rebuild_strong_pct': 0.540339073054271, 'stock_first_add_pct': 0.235267893889852}. Best is trial 35 with value: 99.4676.
Best trial: 35. Best value: 99.4676:  88%|████████▊ | 88/100 [4:23:37<35:56, 179.70s/it]Best trial: 35. Best value: 99.4676:  88%|████████▊ | 88/100 [4:23:37<35:56, 179.70s/it]Best trial: 35. Best value: 99.4676:  89%|████████▉ | 89/100 [4:23:37<32:45, 178.69s/it]                                                                                        [I 2026-07-25 02:12:59,525] Trial 89 finished with value: -100.018 and parameters: {'vwap_buy_deviation': -0.023854598492007342, 'take_profit_pct': 0.0195142392547751, 'buy_confirm_min_score': 18, 'notify_sell_threshold': 63, 'notify_buy_threshold': 64, 'stock_qty_strong_pct': 0.2900451773615162, 'stock_qty_base_pct': 0.2963511160778826, 'stock_rebuild_strong_pct': 0.6104931038371595, 'stock_first_add_pct': 0.3984101015495093}. Best is trial 35 with value: 99.4676.
Best trial: 35. Best value: 99.4676:  89%|████████▉ | 89/100 [4:26:39<32:45, 178.69s/it]Best trial: 35. Best value: 99.4676:  89%|████████▉ | 89/100 [4:26:39<32:45, 178.69s/it]Best trial: 35. Best value: 99.4676:  90%|█████████ | 90/100 [4:26:39<29:56, 179.61s/it]                                                                                        [I 2026-07-25 02:15:59,873] Trial 90 finished with value: 25.1506 and parameters: {'vwap_buy_deviation': -0.027634510747036725, 'take_profit_pct': 0.016040687114503547, 'buy_confirm_min_score': 21, 'notify_sell_threshold': 64, 'notify_buy_threshold': 44, 'stock_qty_strong_pct': 0.4472732568499026, 'stock_qty_base_pct': 0.3096112949680023, 'stock_rebuild_strong_pct': 0.6358033821595831, 'stock_first_add_pct': 0.19476454350977618}. Best is trial 35 with value: 99.4676.
Best trial: 35. Best value: 99.4676:  90%|█████████ | 90/100 [4:29:39<29:56, 179.61s/it]Best trial: 35. Best value: 99.4676:  90%|█████████ | 90/100 [4:29:39<29:56, 179.61s/it]Best trial: 35. Best value: 99.4676:  91%|█████████ | 91/100 [4:29:39<26:58, 179.83s/it]                                                                                        [I 2026-07-25 02:19:00,431] Trial 91 finished with value: 73.4759 and parameters: {'vwap_buy_deviation': -0.024980135195421062, 'take_profit_pct': 0.019064510151622895, 'buy_confirm_min_score': 21, 'notify_sell_threshold': 60, 'notify_buy_threshold': 41, 'stock_qty_strong_pct': 0.36118945527649127, 'stock_qty_base_pct': 0.24847962176657942, 'stock_rebuild_strong_pct': 0.5091026291750225, 'stock_first_add_pct': 0.3060176346870426}. Best is trial 35 with value: 99.4676.
Best trial: 35. Best value: 99.4676:  91%|█████████ | 91/100 [4:32:40<26:58, 179.83s/it]Best trial: 35. Best value: 99.4676:  91%|█████████ | 91/100 [4:32:40<26:58, 179.83s/it]Best trial: 35. Best value: 99.4676:  92%|█████████▏| 92/100 [4:32:40<24:00, 180.05s/it]                                                                                        [I 2026-07-25 02:21:59,495] Trial 92 finished with value: 56.1648 and parameters: {'vwap_buy_deviation': -0.024732515145706825, 'take_profit_pct': 0.018377943560670688, 'buy_confirm_min_score': 20, 'notify_sell_threshold': 57, 'notify_buy_threshold': 41, 'stock_qty_strong_pct': 0.3588913143108332, 'stock_qty_base_pct': 0.2627792311253665, 'stock_rebuild_strong_pct': 0.5112720675362485, 'stock_first_add_pct': 0.27385701573321614}. Best is trial 35 with value: 99.4676.
Best trial: 35. Best value: 99.4676:  92%|█████████▏| 92/100 [4:35:39<24:00, 180.05s/it]Best trial: 35. Best value: 99.4676:  92%|█████████▏| 92/100 [4:35:39<24:00, 180.05s/it]Best trial: 35. Best value: 99.4676:  93%|█████████▎| 93/100 [4:35:39<20:58, 179.75s/it]                                                                                        [I 2026-07-25 02:24:58,762] Trial 93 finished with value: 73.4759 and parameters: {'vwap_buy_deviation': -0.02661446757085829, 'take_profit_pct': 0.01777135158219715, 'buy_confirm_min_score': 22, 'notify_sell_threshold': 60, 'notify_buy_threshold': 41, 'stock_qty_strong_pct': 0.34517504974827296, 'stock_qty_base_pct': 0.2540914714001981, 'stock_rebuild_strong_pct': 0.5735744895475214, 'stock_first_add_pct': 0.2865426342277132}. Best is trial 35 with value: 99.4676.
Best trial: 35. Best value: 99.4676:  93%|█████████▎| 93/100 [4:38:38<20:58, 179.75s/it]Best trial: 35. Best value: 99.4676:  93%|█████████▎| 93/100 [4:38:38<20:58, 179.75s/it]Best trial: 35. Best value: 99.4676:  94%|█████████▍| 94/100 [4:38:38<17:57, 179.61s/it]                                                                                        [I 2026-07-25 02:27:56,691] Trial 94 finished with value: 41.3218 and parameters: {'vwap_buy_deviation': -0.023109346365049976, 'take_profit_pct': 0.01984623797217085, 'buy_confirm_min_score': 21, 'notify_sell_threshold': 62, 'notify_buy_threshold': 43, 'stock_qty_strong_pct': 0.35290789321052973, 'stock_qty_base_pct': 0.2765860972710692, 'stock_rebuild_strong_pct': 0.5336402532559235, 'stock_first_add_pct': 0.29592178704401684}. Best is trial 35 with value: 99.4676.
Best trial: 35. Best value: 99.4676:  94%|█████████▍| 94/100 [4:41:36<17:57, 179.61s/it]Best trial: 35. Best value: 99.4676:  94%|█████████▍| 94/100 [4:41:36<17:57, 179.61s/it]Best trial: 35. Best value: 99.4676:  95%|█████████▌| 95/100 [4:41:36<14:55, 179.10s/it]                                                                                        [I 2026-07-25 02:30:55,641] Trial 95 finished with value: 72.3345 and parameters: {'vwap_buy_deviation': -0.025304957459091084, 'take_profit_pct': 0.01715790445554719, 'buy_confirm_min_score': 19, 'notify_sell_threshold': 52, 'notify_buy_threshold': 40, 'stock_qty_strong_pct': 0.32812701756564255, 'stock_qty_base_pct': 0.27067903425210327, 'stock_rebuild_strong_pct': 0.5507475067752565, 'stock_first_add_pct': 0.3376420607543101}. Best is trial 35 with value: 99.4676.
Best trial: 35. Best value: 99.4676:  95%|█████████▌| 95/100 [4:44:35<14:55, 179.10s/it]Best trial: 35. Best value: 99.4676:  95%|█████████▌| 95/100 [4:44:35<14:55, 179.10s/it]Best trial: 35. Best value: 99.4676:  96%|█████████▌| 96/100 [4:44:35<11:56, 179.06s/it]                                                                                        [I 2026-07-25 02:33:58,203] Trial 96 finished with value: 68.3585 and parameters: {'vwap_buy_deviation': -0.021152294284601986, 'take_profit_pct': 0.018823857340792487, 'buy_confirm_min_score': 16, 'notify_sell_threshold': 61, 'notify_buy_threshold': 42, 'stock_qty_strong_pct': 0.3803971062854121, 'stock_qty_base_pct': 0.34531238653648627, 'stock_rebuild_strong_pct': 0.51708314221017, 'stock_first_add_pct': 0.16962863831346825}. Best is trial 35 with value: 99.4676.
Best trial: 35. Best value: 99.4676:  96%|█████████▌| 96/100 [4:47:38<11:56, 179.06s/it]Best trial: 35. Best value: 99.4676:  96%|█████████▌| 96/100 [4:47:38<11:56, 179.06s/it]Best trial: 35. Best value: 99.4676:  97%|█████████▋| 97/100 [4:47:38<09:00, 180.11s/it]                                                                                        [I 2026-07-25 02:36:57,557] Trial 97 finished with value: 56.2596 and parameters: {'vwap_buy_deviation': -0.027219027909858074, 'take_profit_pct': 0.01547641232229329, 'buy_confirm_min_score': 23, 'notify_sell_threshold': 58, 'notify_buy_threshold': 41, 'stock_qty_strong_pct': 0.33459864487705676, 'stock_qty_base_pct': 0.3824244385992429, 'stock_rebuild_strong_pct': 0.5621811179685021, 'stock_first_add_pct': 0.18123959749162785}. Best is trial 35 with value: 99.4676.
Best trial: 35. Best value: 99.4676:  97%|█████████▋| 97/100 [4:50:37<09:00, 180.11s/it]Best trial: 35. Best value: 99.4676:  97%|█████████▋| 97/100 [4:50:37<09:00, 180.11s/it]Best trial: 35. Best value: 99.4676:  98%|█████████▊| 98/100 [4:50:37<05:59, 179.88s/it]                                                                                        [I 2026-07-25 02:39:53,643] Trial 98 finished with value: 99.4676 and parameters: {'vwap_buy_deviation': -0.025993170227612414, 'take_profit_pct': 0.016469002773578233, 'buy_confirm_min_score': 17, 'notify_sell_threshold': 69, 'notify_buy_threshold': 40, 'stock_qty_strong_pct': 0.39446021194130354, 'stock_qty_base_pct': 0.2293535047630566, 'stock_rebuild_strong_pct': 0.5001026005678904, 'stock_first_add_pct': 0.2517703001980497}. Best is trial 35 with value: 99.4676.
Best trial: 35. Best value: 99.4676:  98%|█████████▊| 98/100 [4:53:33<05:59, 179.88s/it]Best trial: 35. Best value: 99.4676:  98%|█████████▊| 98/100 [4:53:33<05:59, 179.88s/it]Best trial: 35. Best value: 99.4676:  99%|█████████▉| 99/100 [4:53:33<02:58, 178.74s/it]                                                                                        [I 2026-07-25 02:42:52,529] Trial 99 finished with value: 82.628 and parameters: {'vwap_buy_deviation': -0.02596901296388226, 'take_profit_pct': 0.016693192177316577, 'buy_confirm_min_score': 17, 'notify_sell_threshold': 68, 'notify_buy_threshold': 40, 'stock_qty_strong_pct': 0.4867563245322089, 'stock_qty_base_pct': 0.22954404548670349, 'stock_rebuild_strong_pct': 0.5007747734508285, 'stock_first_add_pct': 0.15847764727364022}. Best is trial 35 with value: 99.4676.
Best trial: 35. Best value: 99.4676:  99%|█████████▉| 99/100 [4:56:32<02:58, 178.74s/it]Best trial: 35. Best value: 99.4676:  99%|█████████▉| 99/100 [4:56:32<02:58, 178.74s/it]Best trial: 35. Best value: 99.4676: 100%|██████████| 100/100 [4:56:32<00:00, 178.79s/it]Best trial: 35. Best value: 99.4676: 100%|██████████| 100/100 [4:56:32<00:00, 177.92s/it]

[Optuna] 最佳 composite_score = 99.4676, params = {'vwap_buy_deviation': -0.02205535950622094, 'take_profit_pct': 0.015262097962381774, 'buy_confirm_min_score': 21, 'notify_sell_threshold': 69, 'notify_buy_threshold': 42, 'stock_qty_strong_pct': 0.44516935701289084, 'stock_qty_base_pct': 0.3294680361463674, 'stock_rebuild_strong_pct': 0.6108087904155485, 'stock_first_add_pct': 0.1800105965423872}

[最优参数] 训练集...

[基准对比] 默认参数在测试集...
  默认: wr=0.00% pnl=-52 composite=-100.05

[邻域稳定性测试] 最优参数 ±5% 摇动...
  最优: -100.09
  邻域平均: -100.09
    vwap_buy_deviation=-0.021 → composite=-100.09
    vwap_buy_deviation=-0.0232 → composite=-100.09
    take_profit_pct=0.0145 → composite=-100.09
    take_profit_pct=0.016 → composite=-100.09
    buy_confirm_min_score=20 → composite=-100.09
    buy_confirm_min_score=22 → composite=-100.09
  判定: [不稳定 孤岛参数风险]
[结果] -> E:\06_T\t_io\optimizer\best_params_600481.json
[报告] E:\06_T\t_io\optimizer\optimizer_report.md

=======================================================
  寻优完成
=======================================================
  VWAP偏离买入阈值: -0.02205535950622094
  止盈比例: 0.015262097962381774
  买入确认最低分: 21
  卖出推送阈值: 69
  买入推送阈值: 42
  强信号卖出比例: 0.44516935701289084
  中等信号卖出比例: 0.3294680361463674
  强信号接回比例: 0.6108087904155485
  首次加仓比例: 0.1800105965423872
  训练集综合得分: 99.47
  输出: E:\06_T\t_io\optimizer/
