Best trial: 12. Best value: 64.7817:  25%|██▌       | 25/100 [1:15:28<3:41:30, 177.21s/it]Best trial: 12. Best value: 64.7817:  25%|██▌       | 25/100 [1:15:28<3:41:30, 177.21s/it]Best trial: 12. Best value: 64.7817:  26%|██▌       | 26/100 [1:15:28<3:39:40, 178.12s/it]                                                                                          [I 2026-07-24 23:04:42,869] Trial 26 finished with value: 64.7817 and parameters: {'vwap_buy_deviation': -0.018940727817872188, 'take_profit_pct': 0.017736510023520523, 'buy_confirm_min_score': 29, 'notify_sell_threshold': 53, 'notify_buy_threshold': 40, 'stock_qty_strong_pct': 0.5660630004644117, 'stock_qty_base_pct': 0.18163067234280889, 'stock_rebuild_strong_pct': 0.6783019312414149, 'stock_first_add_pct': 0.1455152930323019}. Best is trial 12 with value: 64.7817.
Best trial: 12. Best value: 64.7817:  26%|██▌       | 26/100 [1:18:22<3:39:40, 178.12s/it]Best trial: 12. Best value: 64.7817:  26%|██▌       | 26/100 [1:18:22<3:39:40, 178.12s/it]Best trial: 12. Best value: 64.7817:  27%|██▋       | 27/100 [1:18:22<3:35:25, 177.06s/it]                                                                                          [I 2026-07-24 23:07:37,098] Trial 27 finished with value: 0.0 and parameters: {'vwap_buy_deviation': -0.019304384565029375, 'take_profit_pct': 0.014601137985523692, 'buy_confirm_min_score': 27, 'notify_sell_threshold': 54, 'notify_buy_threshold': 51, 'stock_qty_strong_pct': 0.568701157604653, 'stock_qty_base_pct': 0.18358914171318297, 'stock_rebuild_strong_pct': 0.6863009640057403, 'stock_first_add_pct': 0.13957851255505846}. Best is trial 12 with value: 64.7817.
Best trial: 12. Best value: 64.7817:  27%|██▋       | 27/100 [1:21:16<3:35:25, 177.06s/it]Best trial: 12. Best value: 64.7817:  27%|██▋       | 27/100 [1:21:16<3:35:25, 177.06s/it]Best trial: 12. Best value: 64.7817:  28%|██▊       | 28/100 [1:21:16<3:31:27, 176.21s/it]                                                                                          [I 2026-07-24 23:10:35,366] Trial 28 finished with value: 73.4759 and parameters: {'vwap_buy_deviation': -0.02146390249416536, 'take_profit_pct': 0.017738644035437758, 'buy_confirm_min_score': 25, 'notify_sell_threshold': 60, 'notify_buy_threshold': 42, 'stock_qty_strong_pct': 0.5239246508452678, 'stock_qty_base_pct': 0.3698569013054829, 'stock_rebuild_strong_pct': 0.5759366074176528, 'stock_first_add_pct': 0.1563667412516726}. Best is trial 28 with value: 73.4759.
Best trial: 12. Best value: 64.7817:  28%|██▊       | 28/100 [1:24:15<3:31:27, 176.21s/it]Best trial: 28. Best value: 73.4759:  28%|██▊       | 28/100 [1:24:15<3:31:27, 176.21s/it]Best trial: 28. Best value: 73.4759:  29%|██▉       | 29/100 [1:24:15<3:29:14, 176.83s/it]                                                                                          [I 2026-07-24 23:13:30,662] Trial 29 finished with value: 18.5724 and parameters: {'vwap_buy_deviation': -0.025698806069138578, 'take_profit_pct': 0.024481679205274574, 'buy_confirm_min_score': 25, 'notify_sell_threshold': 65, 'notify_buy_threshold': 45, 'stock_qty_strong_pct': 0.5334494549536964, 'stock_qty_base_pct': 0.3767042445553434, 'stock_rebuild_strong_pct': 0.5842505304340773, 'stock_first_add_pct': 0.2800723494254158}. Best is trial 28 with value: 73.4759.
Best trial: 28. Best value: 73.4759:  29%|██▉       | 29/100 [1:27:10<3:29:14, 176.83s/it]Best trial: 28. Best value: 73.4759:  29%|██▉       | 29/100 [1:27:10<3:29:14, 176.83s/it]Best trial: 28. Best value: 73.4759:  30%|███       | 30/100 [1:27:10<3:25:45, 176.37s/it]                                                                                          [I 2026-07-24 23:16:26,165] Trial 30 finished with value: 24.7987 and parameters: {'vwap_buy_deviation': -0.021750617654807788, 'take_profit_pct': 0.017812181299433266, 'buy_confirm_min_score': 21, 'notify_sell_threshold': 59, 'notify_buy_threshold': 43, 'stock_qty_strong_pct': 0.596394730273938, 'stock_qty_base_pct': 0.31798417352451885, 'stock_rebuild_strong_pct': 0.5744381932704267, 'stock_first_add_pct': 0.16320234591752036}. Best is trial 28 with value: 73.4759.
Best trial: 28. Best value: 73.4759:  30%|███       | 30/100 [1:30:06<3:25:45, 176.37s/it]Best trial: 28. Best value: 73.4759:  30%|███       | 30/100 [1:30:06<3:25:45, 176.37s/it]Best trial: 28. Best value: 73.4759:  31%|███       | 31/100 [1:30:06<3:22:31, 176.11s/it]                                                                                          [I 2026-07-24 23:19:22,261] Trial 31 finished with value: 70.8095 and parameters: {'vwap_buy_deviation': -0.020812151083895596, 'take_profit_pct': 0.020068452485767396, 'buy_confirm_min_score': 26, 'notify_sell_threshold': 59, 'notify_buy_threshold': 42, 'stock_qty_strong_pct': 0.521708996394323, 'stock_qty_base_pct': 0.3674329319517192, 'stock_rebuild_strong_pct': 0.5010067650849607, 'stock_first_add_pct': 0.12405166229840818}. Best is trial 28 with value: 73.4759.
Best trial: 28. Best value: 73.4759:  31%|███       | 31/100 [1:33:02<3:22:31, 176.11s/it]Best trial: 28. Best value: 73.4759:  31%|███       | 31/100 [1:33:02<3:22:31, 176.11s/it]Best trial: 28. Best value: 73.4759:  32%|███▏      | 32/100 [1:33:02<3:19:35, 176.11s/it]                                                                                          [I 2026-07-24 23:22:19,220] Trial 32 finished with value: 38.7391 and parameters: {'vwap_buy_deviation': -0.020741469118534143, 'take_profit_pct': 0.02151676859699116, 'buy_confirm_min_score': 25, 'notify_sell_threshold': 64, 'notify_buy_threshold': 47, 'stock_qty_strong_pct': 0.5218584751192668, 'stock_qty_base_pct': 0.36249221082103333, 'stock_rebuild_strong_pct': 0.5027292876886567, 'stock_first_add_pct': 0.10158757275278704}. Best is trial 28 with value: 73.4759.
Best trial: 28. Best value: 73.4759:  32%|███▏      | 32/100 [1:35:59<3:19:35, 176.11s/it]Best trial: 28. Best value: 73.4759:  32%|███▏      | 32/100 [1:35:59<3:19:35, 176.11s/it]Best trial: 28. Best value: 73.4759:  33%|███▎      | 33/100 [1:35:59<3:16:56, 176.36s/it]                                                                                          [I 2026-07-24 23:25:13,889] Trial 33 finished with value: 70.8095 and parameters: {'vwap_buy_deviation': -0.022037938006147437, 'take_profit_pct': 0.01770397900835969, 'buy_confirm_min_score': 23, 'notify_sell_threshold': 59, 'notify_buy_threshold': 42, 'stock_qty_strong_pct': 0.49761565619312764, 'stock_qty_base_pct': 0.36650774252992346, 'stock_rebuild_strong_pct': 0.5560422293817744, 'stock_first_add_pct': 0.15765491849810953}. Best is trial 28 with value: 73.4759.
Best trial: 28. Best value: 73.4759:  33%|███▎      | 33/100 [1:38:53<3:16:56, 176.36s/it]Best trial: 28. Best value: 73.4759:  33%|███▎      | 33/100 [1:38:53<3:16:56, 176.36s/it]Best trial: 28. Best value: 73.4759:  34%|███▍      | 34/100 [1:38:53<3:13:26, 175.85s/it]                                                                                          [I 2026-07-24 23:28:07,843] Trial 34 finished with value: 18.8602 and parameters: {'vwap_buy_deviation': -0.023585597096372653, 'take_profit_pct': 0.02293807813934138, 'buy_confirm_min_score': 23, 'notify_sell_threshold': 59, 'notify_buy_threshold': 45, 'stock_qty_strong_pct': 0.4962642364369215, 'stock_qty_base_pct': 0.37507018236130535, 'stock_rebuild_strong_pct': 0.5397573616092947, 'stock_first_add_pct': 0.16575160624601035}. Best is trial 28 with value: 73.4759.
Best trial: 28. Best value: 73.4759:  34%|███▍      | 34/100 [1:41:47<3:13:26, 175.85s/it]Best trial: 28. Best value: 73.4759:  34%|███▍      | 34/100 [1:41:47<3:13:26, 175.85s/it]Best trial: 28. Best value: 73.4759:  35%|███▌      | 35/100 [1:41:47<3:09:53, 175.28s/it]                                                                                          [I 2026-07-24 23:31:05,224] Trial 35 finished with value: 99.4676 and parameters: {'vwap_buy_deviation': -0.02205535950622094, 'take_profit_pct': 0.015262097962381774, 'buy_confirm_min_score': 21, 'notify_sell_threshold': 69, 'notify_buy_threshold': 42, 'stock_qty_strong_pct': 0.44516935701289084, 'stock_qty_base_pct': 0.3294680361463674, 'stock_rebuild_strong_pct': 0.6108087904155485, 'stock_first_add_pct': 0.1800105965423872}. Best is trial 35 with value: 99.4676.
Best trial: 28. Best value: 73.4759:  35%|███▌      | 35/100 [1:44:45<3:09:53, 175.28s/it]Best trial: 35. Best value: 99.4676:  35%|███▌      | 35/100 [1:44:45<3:09:53, 175.28s/it]Best trial: 35. Best value: 99.4676:  36%|███▌      | 36/100 [1:44:45<3:07:38, 175.91s/it]                                                                                          [I 2026-07-24 23:34:03,259] Trial 36 finished with value: 36.9586 and parameters: {'vwap_buy_deviation': -0.025357984659740027, 'take_profit_pct': 0.02074405640461482, 'buy_confirm_min_score': 21, 'notify_sell_threshold': 70, 'notify_buy_threshold': 43, 'stock_qty_strong_pct': 0.38237345500433084, 'stock_qty_base_pct': 0.33147437350348885, 'stock_rebuild_strong_pct': 0.6047072015239728, 'stock_first_add_pct': 0.1539176626083056}. Best is trial 35 with value: 99.4676.
Best trial: 35. Best value: 99.4676:  36%|███▌      | 36/100 [1:47:43<3:07:38, 175.91s/it]Best trial: 35. Best value: 99.4676:  36%|███▌      | 36/100 [1:47:43<3:07:38, 175.91s/it]Best trial: 35. Best value: 99.4676:  37%|███▋      | 37/100 [1:47:43<3:05:22, 176.55s/it]                                                                                          [I 2026-07-24 23:37:00,539] Trial 37 finished with value: 7.0095 and parameters: {'vwap_buy_deviation': -0.022163674286235474, 'take_profit_pct': 0.017952149497509104, 'buy_confirm_min_score': 22, 'notify_sell_threshold': 67, 'notify_buy_threshold': 46, 'stock_qty_strong_pct': 0.45507046903860215, 'stock_qty_base_pct': 0.35809596177224545, 'stock_rebuild_strong_pct': 0.6089183662084674, 'stock_first_add_pct': 0.12432787804814258}. Best is trial 35 with value: 99.4676.
Best trial: 35. Best value: 99.4676:  37%|███▋      | 37/100 [1:50:40<3:05:22, 176.55s/it]Best trial: 35. Best value: 99.4676:  37%|███▋      | 37/100 [1:50:40<3:05:22, 176.55s/it]Best trial: 35. Best value: 99.4676:  38%|███▊      | 38/100 [1:50:40<3:02:39, 176.77s/it]                                                                                          [I 2026-07-24 23:39:58,596] Trial 38 finished with value: 31.665 and parameters: {'vwap_buy_deviation': -0.021271374393552867, 'take_profit_pct': 0.012840645703172768, 'buy_confirm_min_score': 20, 'notify_sell_threshold': 63, 'notify_buy_threshold': 45, 'stock_qty_strong_pct': 0.4233682247744072, 'stock_qty_base_pct': 0.3985611990261416, 'stock_rebuild_strong_pct': 0.5358176332181374, 'stock_first_add_pct': 0.1749152429762685}. Best is trial 35 with value: 99.4676.
Best trial: 35. Best value: 99.4676:  38%|███▊      | 38/100 [1:53:38<3:02:39, 176.77s/it]Best trial: 35. Best value: 99.4676:  38%|███▊      | 38/100 [1:53:38<3:02:39, 176.77s/it]Best trial: 35. Best value: 99.4676:  39%|███▉      | 39/100 [1:53:38<3:00:06, 177.15s/it]                                                                                          [I 2026-07-24 23:42:57,071] Trial 39 finished with value: 17.28 and parameters: {'vwap_buy_deviation': -0.02436189123240729, 'take_profit_pct': 0.022554437726572153, 'buy_confirm_min_score': 24, 'notify_sell_threshold': 67, 'notify_buy_threshold': 48, 'stock_qty_strong_pct': 0.40208324566954945, 'stock_qty_base_pct': 0.3808719359225751, 'stock_rebuild_strong_pct': 0.5297197474194504, 'stock_first_add_pct': 0.22140525546847997}. Best is trial 35 with value: 99.4676.
Best trial: 35. Best value: 99.4676:  39%|███▉      | 39/100 [1:56:36<3:00:06, 177.15s/it]Best trial: 35. Best value: 99.4676:  39%|███▉      | 39/100 [1:56:36<3:00:06, 177.15s/it]Best trial: 35. Best value: 99.4676:  40%|████      | 40/100 [1:56:36<2:57:33, 177.55s/it]                                                                                          [I 2026-07-24 23:45:56,028] Trial 40 finished with value: 73.4759 and parameters: {'vwap_buy_deviation': -0.02688445652459341, 'take_profit_pct': 0.017215607539930372, 'buy_confirm_min_score': 18, 'notify_sell_threshold': 60, 'notify_buy_threshold': 42, 'stock_qty_strong_pct': 0.34725500156377304, 'stock_qty_base_pct': 0.3280302351010332, 'stock_rebuild_strong_pct': 0.6514574757747971, 'stock_first_add_pct': 0.23787649873968492}. Best is trial 35 with value: 99.4676.
Best trial: 35. Best value: 99.4676:  40%|████      | 40/100 [1:59:35<2:57:33, 177.55s/it]Best trial: 35. Best value: 99.4676:  40%|████      | 40/100 [1:59:35<2:57:33, 177.55s/it]Best trial: 35. Best value: 99.4676:  41%|████      | 41/100 [1:59:35<2:55:00, 177.97s/it]                                                                                          [I 2026-07-24 23:48:53,810] Trial 41 finished with value: 73.4759 and parameters: {'vwap_buy_deviation': -0.028151292781776915, 'take_profit_pct': 0.017175926718637824, 'buy_confirm_min_score': 18, 'notify_sell_threshold': 60, 'notify_buy_threshold': 42, 'stock_qty_strong_pct': 0.32291089685722757, 'stock_qty_base_pct': 0.3288571569095962, 'stock_rebuild_strong_pct': 0.6497539159557126, 'stock_first_add_pct': 0.2876998897903771}. Best is trial 35 with value: 99.4676.
Best trial: 35. Best value: 99.4676:  41%|████      | 41/100 [2:02:33<2:55:00, 177.97s/it]Best trial: 35. Best value: 99.4676:  41%|████      | 41/100 [2:02:33<2:55:00, 177.97s/it]Best trial: 35. Best value: 99.4676:  42%|████▏     | 42/100 [2:02:33<2:51:59, 177.92s/it]                                                                                          [I 2026-07-24 23:51:53,120] Trial 42 finished with value: 21.99 and parameters: {'vwap_buy_deviation': -0.02962559583188625, 'take_profit_pct': 0.019778417171957136, 'buy_confirm_min_score': 18, 'notify_sell_threshold': 60, 'notify_buy_threshold': 44, 'stock_qty_strong_pct': 0.3324265149999267, 'stock_qty_base_pct': 0.32579568653465674, 'stock_rebuild_strong_pct': 0.6511585480139235, 'stock_first_add_pct': 0.32122916386629313}. Best is trial 35 with value: 99.4676.
Best trial: 35. Best value: 99.4676:  42%|████▏     | 42/100 [2:05:33<2:51:59, 177.92s/it]Best trial: 35. Best value: 99.4676:  42%|████▏     | 42/100 [2:05:33<2:51:59, 177.92s/it]Best trial: 35. Best value: 99.4676:  43%|████▎     | 43/100 [2:05:33<2:49:25, 178.33s/it]                                                                                          [I 2026-07-24 23:54:50,144] Trial 43 finished with value: 13.886 and parameters: {'vwap_buy_deviation': -0.027868439004021806, 'take_profit_pct': 0.015143736362424654, 'buy_confirm_min_score': 17, 'notify_sell_threshold': 65, 'notify_buy_threshold': 42, 'stock_qty_strong_pct': 0.31700420696140735, 'stock_qty_base_pct': 0.34780353171449735, 'stock_rebuild_strong_pct': 0.609451542253656, 'stock_first_add_pct': 0.24958099011248758}. Best is trial 35 with value: 99.4676.
Best trial: 35. Best value: 99.4676:  43%|████▎     | 43/100 [2:08:30<2:49:25, 178.33s/it]Best trial: 35. Best value: 99.4676:  43%|████▎     | 43/100 [2:08:30<2:49:25, 178.33s/it]Best trial: 35. Best value: 99.4676:  44%|████▍     | 44/100 [2:08:30<2:46:04, 177.94s/it]                                                                                          [I 2026-07-24 23:57:47,737] Trial 44 finished with value: 43.9499 and parameters: {'vwap_buy_deviation': -0.0296398749128515, 'take_profit_pct': 0.016869664048396814, 'buy_confirm_min_score': 19, 'notify_sell_threshold': 62, 'notify_buy_threshold': 44, 'stock_qty_strong_pct': 0.3278277651687017, 'stock_qty_base_pct': 0.29441928372458587, 'stock_rebuild_strong_pct': 0.6405071820287362, 'stock_first_add_pct': 0.2923106522894922}. Best is trial 35 with value: 99.4676.
Best trial: 35. Best value: 99.4676:  44%|████▍     | 44/100 [2:11:27<2:46:04, 177.94s/it]Best trial: 35. Best value: 99.4676:  44%|████▍     | 44/100 [2:11:27<2:46:04, 177.94s/it]Best trial: 35. Best value: 99.4676:  45%|████▌     | 45/100 [2:11:27<2:43:01, 177.84s/it]                                                                                          [I 2026-07-25 00:00:50,758] Trial 45 finished with value: 69.3709 and parameters: {'vwap_buy_deviation': -0.031668368151641424, 'take_profit_pct': 0.012724119958139261, 'buy_confirm_min_score': 17, 'notify_sell_threshold': 70, 'notify_buy_threshold': 42, 'stock_qty_strong_pct': 0.3521324914328623, 'stock_qty_base_pct': 0.3460026731118792, 'stock_rebuild_strong_pct': 0.6717650043270488, 'stock_first_add_pct': 0.2620274821903462}. Best is trial 35 with value: 99.4676.
Best trial: 35. Best value: 99.4676:  45%|████▌     | 45/100 [2:14:30<2:43:01, 177.84s/it]Best trial: 35. Best value: 99.4676:  45%|████▌     | 45/100 [2:14:30<2:43:01, 177.84s/it]Best trial: 35. Best value: 99.4676:  46%|████▌     | 46/100 [2:14:30<2:41:27, 179.39s/it]                                                                                          [I 2026-07-25 00:03:46,650] Trial 46 finished with value: 18.2172 and parameters: {'vwap_buy_deviation': -0.026956287646342076, 'take_profit_pct': 0.016921683059331682, 'buy_confirm_min_score': 15, 'notify_sell_threshold': 58, 'notify_buy_threshold': 45, 'stock_qty_strong_pct': 0.30362056764332346, 'stock_qty_base_pct': 0.33263974810185903, 'stock_rebuild_strong_pct': 0.5784548865949063, 'stock_first_add_pct': 0.26953688254576286}. Best is trial 35 with value: 99.4676.
Best trial: 35. Best value: 99.4676:  46%|████▌     | 46/100 [2:17:26<2:41:27, 179.39s/it]Best trial: 35. Best value: 99.4676:  46%|████▌     | 46/100 [2:17:26<2:41:27, 179.39s/it]Best trial: 35. Best value: 99.4676:  47%|████▋     | 47/100 [2:17:26<2:37:32, 178.34s/it]                                                                                          [I 2026-07-25 00:06:48,205] Trial 47 finished with value: 29.4727 and parameters: {'vwap_buy_deviation': -0.0315401109720992, 'take_profit_pct': 0.009224781913392498, 'buy_confirm_min_score': 19, 'notify_sell_threshold': 63, 'notify_buy_threshold': 41, 'stock_qty_strong_pct': 0.2562328092996993, 'stock_qty_base_pct': 0.31954368545969913, 'stock_rebuild_strong_pct': 0.625925654362189, 'stock_first_add_pct': 0.23670302855580513}. Best is trial 35 with value: 99.4676.
Best trial: 35. Best value: 99.4676:  47%|████▋     | 47/100 [2:20:28<2:37:32, 178.34s/it]Best trial: 35. Best value: 99.4676:  47%|████▋     | 47/100 [2:20:28<2:37:32, 178.34s/it]Best trial: 35. Best value: 99.4676:  48%|████▊     | 48/100 [2:20:28<2:35:23, 179.31s/it]                                                                                          [I 2026-07-25 00:09:45,691] Trial 48 finished with value: 0.0 and parameters: {'vwap_buy_deviation': -0.022999535494233385, 'take_profit_pct': 0.015638135929730398, 'buy_confirm_min_score': 18, 'notify_sell_threshold': 57, 'notify_buy_threshold': 51, 'stock_qty_strong_pct': 0.299777495665564, 'stock_qty_base_pct': 0.3904855629259994, 'stock_rebuild_strong_pct': 0.667836512590738, 'stock_first_add_pct': 0.3191373826319762}. Best is trial 35 with value: 99.4676.
Best trial: 35. Best value: 99.4676:  48%|████▊     | 48/100 [2:23:25<2:35:23, 179.31s/it]Best trial: 35. Best value: 99.4676:  48%|████▊     | 48/100 [2:23:25<2:35:23, 179.31s/it]Best trial: 35. Best value: 99.4676:  49%|████▉     | 49/100 [2:23:25<2:31:56, 178.76s/it]                                                                                          [I 2026-07-25 00:12:45,257] Trial 49 finished with value: -100.022 and parameters: {'vwap_buy_deviation': -0.02629449499267309, 'take_profit_pct': 0.018901002819777333, 'buy_confirm_min_score': 16, 'notify_sell_threshold': 68, 'notify_buy_threshold': 59, 'stock_qty_strong_pct': 0.35529805601450637, 'stock_qty_base_pct': 0.3412962044285526, 'stock_rebuild_strong_pct': 0.5947810345986059, 'stock_first_add_pct': 0.3296498154578443}. Best is trial 35 with value: 99.4676.
Best trial: 35. Best value: 99.4676:  49%|████▉     | 49/100 [2:26:25<2:31:56, 178.76s/it]Best trial: 35. Best value: 99.4676:  49%|████▉     | 49/100 [2:26:25<2:31:56, 178.76s/it]Best trial: 35. Best value: 99.4676:  50%|█████     | 50/100 [2:26:25<2:29:10, 179.00s/it]                                                                                          [I 2026-07-25 00:15:44,495] Trial 50 finished with value: 14.8151 and parameters: {'vwap_buy_deviation': -0.03462019049796151, 'take_profit_pct': 0.017089429788740805, 'buy_confirm_min_score': 20, 'notify_sell_threshold': 61, 'notify_buy_threshold': 49, 'stock_qty_strong_pct': 0.3805546254629674, 'stock_qty_base_pct': 0.2951518955759807, 'stock_rebuild_strong_pct': 0.5239590890950926, 'stock_first_add_pct': 0.37527573816920035}. Best is trial 35 with value: 99.4676.
Best trial: 35. Best value: 99.4676:  50%|█████     | 50/100 [2:29:24<2:29:10, 179.00s/it]Best trial: 35. Best value: 99.4676:  50%|█████     | 50/100 [2:29:24<2:29:10, 179.00s/it]Best trial: 35. Best value: 99.4676:  51%|█████     | 51/100 [2:29:24<2:26:14, 179.07s/it]                                                                                          [I 2026-07-25 00:18:43,623] Trial 51 finished with value: 70.8095 and parameters: {'vwap_buy_deviation': -0.02862723384766087, 'take_profit_pct': 0.02067569884136059, 'buy_confirm_min_score': 24, 'notify_sell_threshold': 59, 'notify_buy_threshold': 42, 'stock_qty_strong_pct': 0.491046390096417, 'stock_qty_base_pct': 0.36873167777413685, 'stock_rebuild_strong_pct': 0.5664628809714084, 'stock_first_add_pct': 0.2005074895336053}. Best is trial 35 with value: 99.4676.
