Best trial: 3. Best value: 0:  77%|®А®А®А®А®А®А®А®Г  | 77/100 [4:01:22<1:08:51, 179.62s/it]Best trial: 3. Best value: 0:  77%|®А®А®А®А®А®А®А®Г  | 77/100 [4:01:22<1:08:51, 179.62s/it]Best trial: 3. Best value: 0:  78%|®А®А®А®А®А®А®А®В  | 78/100 [4:01:22<1:05:40, 179.10s/it]                                                                                   [I 2026-07-24 15:30:55,480] Trial 78 finished with value: -9999.0 and parameters: {'vwap_buy_deviation': -0.015062698257901352, 'take_profit_pct': 0.015557947014146065, 'buy_confirm_min_score': 17, 'notify_sell_threshold': 47, 'notify_buy_threshold': 66, 'stock_qty_strong_pct': 0.38699019588804334, 'stock_qty_base_pct': 0.23307784290952221, 'stock_rebuild_strong_pct': 0.9879166397479371, 'stock_first_add_pct': 0.31534285608995527}. Best is trial 3 with value: 0.0.
Best trial: 3. Best value: 0:  78%|®А®А®А®А®А®А®А®В  | 78/100 [4:04:45<1:05:40, 179.10s/it]Best trial: 3. Best value: 0:  78%|®А®А®А®А®А®А®А®В  | 78/100 [4:04:45<1:05:40, 179.10s/it]Best trial: 3. Best value: 0:  79%|®А®А®А®А®А®А®А®Б  | 79/100 [4:04:45<1:05:14, 186.43s/it]                                                                                   [I 2026-07-24 15:33:52,023] Trial 79 finished with value: -9999.0 and parameters: {'vwap_buy_deviation': -0.025063982475528348, 'take_profit_pct': 0.020780641306490162, 'buy_confirm_min_score': 20, 'notify_sell_threshold': 63, 'notify_buy_threshold': 40, 'stock_qty_strong_pct': 0.3703957221393798, 'stock_qty_base_pct': 0.21678065759490237, 'stock_rebuild_strong_pct': 0.9118426553389452, 'stock_first_add_pct': 0.3268454112995579}. Best is trial 3 with value: 0.0.
Best trial: 3. Best value: 0:  79%|®А®А®А®А®А®А®А®Б  | 79/100 [4:07:42<1:05:14, 186.43s/it]Best trial: 3. Best value: 0:  79%|®А®А®А®А®А®А®А®Б  | 79/100 [4:07:42<1:05:14, 186.43s/it]Best trial: 3. Best value: 0:  80%|®А®А®А®А®А®А®А®А  | 80/100 [4:07:42<1:01:09, 183.46s/it]                                                                                   [I 2026-07-24 15:37:09,991] Trial 80 finished with value: -9999.0 and parameters: {'vwap_buy_deviation': -0.021329752796567673, 'take_profit_pct': 0.01865180988596405, 'buy_confirm_min_score': 16, 'notify_sell_threshold': 59, 'notify_buy_threshold': 41, 'stock_qty_strong_pct': 0.32455856736261035, 'stock_qty_base_pct': 0.22391883208019, 'stock_rebuild_strong_pct': 0.9751739998816704, 'stock_first_add_pct': 0.37461652603146245}. Best is trial 3 with value: 0.0.
Best trial: 3. Best value: 0:  80%|®А®А®А®А®А®А®А®А  | 80/100 [4:11:00<1:01:09, 183.46s/it]Best trial: 3. Best value: 0:  80%|®А®А®А®А®А®А®А®А  | 80/100 [4:11:00<1:01:09, 183.46s/it]Best trial: 3. Best value: 0:  81%|®А®А®А®А®А®А®А®А  | 81/100 [4:11:00<59:28, 187.81s/it]                                                                                   [I 2026-07-24 15:40:28,893] Trial 81 finished with value: 0.0 and parameters: {'vwap_buy_deviation': -0.024125365785150916, 'take_profit_pct': 0.015508198214137736, 'buy_confirm_min_score': 15, 'notify_sell_threshold': 58, 'notify_buy_threshold': 42, 'stock_qty_strong_pct': 0.3562353746825215, 'stock_qty_base_pct': 0.16634670276148444, 'stock_rebuild_strong_pct': 0.8776441716021854, 'stock_first_add_pct': 0.33832392581090054}. Best is trial 3 with value: 0.0.
Best trial: 3. Best value: 0:  81%|®А®А®А®А®А®А®А®А  | 81/100 [4:14:19<59:28, 187.81s/it]Best trial: 3. Best value: 0:  81%|®А®А®А®А®А®А®А®А  | 81/100 [4:14:19<59:28, 187.81s/it]Best trial: 3. Best value: 0:  82%|®А®А®А®А®А®А®А®А®З | 82/100 [4:14:19<57:20, 191.14s/it]                                                                                 [I 2026-07-24 15:43:25,293] Trial 82 finished with value: 0.0 and parameters: {'vwap_buy_deviation': -0.01871716249898378, 'take_profit_pct': 0.01571567777804481, 'buy_confirm_min_score': 15, 'notify_sell_threshold': 56, 'notify_buy_threshold': 42, 'stock_qty_strong_pct': 0.4081719011132142, 'stock_qty_base_pct': 0.1593424065484654, 'stock_rebuild_strong_pct': 0.7594619500827001, 'stock_first_add_pct': 0.32670185071712254}. Best is trial 3 with value: 0.0.
Best trial: 3. Best value: 0:  82%|®А®А®А®А®А®А®А®А®З | 82/100 [4:17:15<57:20, 191.14s/it]Best trial: 3. Best value: 0:  82%|®А®А®А®А®А®А®А®А®З | 82/100 [4:17:15<57:20, 191.14s/it]Best trial: 3. Best value: 0:  83%|®А®А®А®А®А®А®А®А®Ж | 83/100 [4:17:15<52:54, 186.72s/it]                                                                                 [I 2026-07-24 15:46:19,734] Trial 83 finished with value: 0.0 and parameters: {'vwap_buy_deviation': -0.023825653770561565, 'take_profit_pct': 0.01702162954043387, 'buy_confirm_min_score': 15, 'notify_sell_threshold': 54, 'notify_buy_threshold': 43, 'stock_qty_strong_pct': 0.37914190031949657, 'stock_qty_base_pct': 0.17821589012388228, 'stock_rebuild_strong_pct': 0.8706348597439919, 'stock_first_add_pct': 0.30634912069420395}. Best is trial 3 with value: 0.0.
Best trial: 3. Best value: 0:  83%|®А®А®А®А®А®А®А®А®Ж | 83/100 [4:20:10<52:54, 186.72s/it]Best trial: 3. Best value: 0:  83%|®А®А®А®А®А®А®А®А®Ж | 83/100 [4:20:10<52:54, 186.72s/it]Best trial: 3. Best value: 0:  84%|®А®А®А®А®А®А®А®А®Е | 84/100 [4:20:10<48:48, 183.03s/it]                                                                                 [I 2026-07-24 15:49:15,408] Trial 84 finished with value: 0.0 and parameters: {'vwap_buy_deviation': -0.02721851303551126, 'take_profit_pct': 0.017856001351746056, 'buy_confirm_min_score': 22, 'notify_sell_threshold': 58, 'notify_buy_threshold': 41, 'stock_qty_strong_pct': 0.3907550892266799, 'stock_qty_base_pct': 0.17184402312199923, 'stock_rebuild_strong_pct': 0.9561338721827275, 'stock_first_add_pct': 0.348877515901609}. Best is trial 3 with value: 0.0.
Best trial: 3. Best value: 0:  84%|®А®А®А®А®А®А®А®А®Е | 84/100 [4:23:05<48:48, 183.03s/it]Best trial: 3. Best value: 0:  84%|®А®А®А®А®А®А®А®А®Е | 84/100 [4:23:05<48:48, 183.03s/it]Best trial: 3. Best value: 0:  85%|®А®А®А®А®А®А®А®А®Д | 85/100 [4:23:05<45:12, 180.83s/it]                                                                                 [I 2026-07-24 15:52:08,948] Trial 85 finished with value: 0.0 and parameters: {'vwap_buy_deviation': -0.024504938526060432, 'take_profit_pct': 0.013514542827274094, 'buy_confirm_min_score': 18, 'notify_sell_threshold': 65, 'notify_buy_threshold': 44, 'stock_qty_strong_pct': 0.35193654385627965, 'stock_qty_base_pct': 0.16351702654432357, 'stock_rebuild_strong_pct': 0.8247035535381656, 'stock_first_add_pct': 0.30011334911984294}. Best is trial 3 with value: 0.0.
Best trial: 3. Best value: 0:  85%|®А®А®А®А®А®А®А®А®Д | 85/100 [4:25:59<45:12, 180.83s/it]Best trial: 3. Best value: 0:  85%|®А®А®А®А®А®А®А®А®Д | 85/100 [4:25:59<45:12, 180.83s/it]Best trial: 3. Best value: 0:  86%|®А®А®А®А®А®А®А®А®Д | 86/100 [4:25:59<41:40, 178.64s/it]                                                                                 [I 2026-07-24 15:55:06,135] Trial 86 finished with value: -9999.0 and parameters: {'vwap_buy_deviation': -0.022116966785616837, 'take_profit_pct': 0.006353327238213085, 'buy_confirm_min_score': 19, 'notify_sell_threshold': 60, 'notify_buy_threshold': 41, 'stock_qty_strong_pct': 0.3591312769575341, 'stock_qty_base_pct': 0.3761801380826581, 'stock_rebuild_strong_pct': 0.9875829070196548, 'stock_first_add_pct': 0.35844023038917766}. Best is trial 3 with value: 0.0.
Best trial: 3. Best value: 0:  86%|®А®А®А®А®А®А®А®А®Д | 86/100 [4:28:56<41:40, 178.64s/it]Best trial: 3. Best value: 0:  86%|®А®А®А®А®А®А®А®А®Д | 86/100 [4:28:56<41:40, 178.64s/it]Best trial: 3. Best value: 0:  87%|®А®А®А®А®А®А®А®А®Г | 87/100 [4:28:56<38:36, 178.20s/it]                                                                                 [I 2026-07-24 15:58:08,600] Trial 87 finished with value: -9999.0 and parameters: {'vwap_buy_deviation': -0.023415875058372247, 'take_profit_pct': 0.012770670951525148, 'buy_confirm_min_score': 16, 'notify_sell_threshold': 61, 'notify_buy_threshold': 54, 'stock_qty_strong_pct': 0.3390142976828305, 'stock_qty_base_pct': 0.1866894479120505, 'stock_rebuild_strong_pct': 0.9722514276012173, 'stock_first_add_pct': 0.3943212027679786}. Best is trial 3 with value: 0.0.
Best trial: 3. Best value: 0:  87%|®А®А®А®А®А®А®А®А®Г | 87/100 [4:31:58<38:36, 178.20s/it]Best trial: 3. Best value: 0:  87%|®А®А®А®А®А®А®А®А®Г | 87/100 [4:31:58<38:36, 178.20s/it]Best trial: 3. Best value: 0:  88%|®А®А®А®А®А®А®А®А®В | 88/100 [4:31:58<35:53, 179.48s/it]                                                                                 [I 2026-07-24 16:00:54,652] Trial 88 finished with value: 0.0 and parameters: {'vwap_buy_deviation': -0.02083120996664631, 'take_profit_pct': 0.01469986699728065, 'buy_confirm_min_score': 17, 'notify_sell_threshold': 62, 'notify_buy_threshold': 40, 'stock_qty_strong_pct': 0.3722664941200835, 'stock_qty_base_pct': 0.19630260978749364, 'stock_rebuild_strong_pct': 0.9236892977667153, 'stock_first_add_pct': 0.28775977612654857}. Best is trial 3 with value: 0.0.
Best trial: 3. Best value: 0:  88%|®А®А®А®А®А®А®А®А®В | 88/100 [4:34:44<35:53, 179.48s/it]Best trial: 3. Best value: 0:  88%|®А®А®А®А®А®А®А®А®В | 88/100 [4:34:44<35:53, 179.48s/it]Best trial: 3. Best value: 0:  89%|®А®А®А®А®А®А®А®А®Б | 89/100 [4:34:44<32:09, 175.45s/it]                                                                                 [I 2026-07-24 16:04:02,438] Trial 89 finished with value: 0.0 and parameters: {'vwap_buy_deviation': -0.030979075697092455, 'take_profit_pct': 0.016370381686441785, 'buy_confirm_min_score': 19, 'notify_sell_threshold': 66, 'notify_buy_threshold': 45, 'stock_qty_strong_pct': 0.31118287079478446, 'stock_qty_base_pct': 0.20357949334866265, 'stock_rebuild_strong_pct': 0.9883374677727461, 'stock_first_add_pct': 0.27643110637382384}. Best is trial 3 with value: 0.0.
Best trial: 3. Best value: 0:  89%|®А®А®А®А®А®А®А®А®Б | 89/100 [4:37:52<32:09, 175.45s/it]Best trial: 3. Best value: 0:  89%|®А®А®А®А®А®А®А®А®Б | 89/100 [4:37:52<32:09, 175.45s/it]Best trial: 3. Best value: 0:  90%|®А®А®А®А®А®А®А®А®А | 90/100 [4:37:52<29:51, 179                                                                                        [I 2026-07-24 16:07:29,155] Trial 90 finished with value: 0.0 and parameters: {'vwap_buy_deviation': -0.0254350429668533, 'take_profit_pct': 0.01702586375485866, 'buy_confirm_min_score': 21, 'notify_sell_threshold': 57, 'notify_buy_threshold': 42, 'stock_qty_strong_pct': 0.33253363528638225, 'stock_qty_base_pct': 0.15032795647422298, 'stock_rebuild_strong_pct': 0.9445650615068428, 'stock_first_add_pct': 0.37966648288674604}. Best is trial 3 with value: 0.0.
Best trial: 3. Best value: 0:  90%|®А®А®А®А®А®А®А®А®А | 90/100 [4:41:19<29:51, 179.15s/it]Best trial: 3. Best value: 0:  90%|®А®А®А®А®А®А®А®А®А | 90/100 [4:41:19<29:51, 179.15s/it]Best trial: 3. Best value: 0:  91%|®А®А®А®А®А®А®А®А®А | 91/100 [4:41:19<28:06, 187                                                                                        [I 2026-07-24 16:10:43,362] Trial 91 finished with value: 0.0 and parameters: {'vwap_buy_deviation': -0.022723229022750962, 'take_profit_pct': 0.015165579882314524, 'buy_confirm_min_score': 17, 'notify_sell_threshold': 70, 'notify_buy_threshold': 43, 'stock_qty_strong_pct': 0.4305014002280658, 'stock_qty_base_pct': 0.15746363981593461, 'stock_rebuild_strong_pct': 0.9705390215074313, 'stock_first_add_pct': 0.357791014438975}. Best is trial 3 with value: 0.0.
Best trial: 3. Best value: 0:  91%|®А®А®А®А®А®А®А®А®А | 91/100 [4:44:33<28:06, 187.42s/it]Best trial: 3. Best value: 0:  91%|®А®А®А®А®А®А®А®А®А | 91/100 [4:44:33<28:06, 187.42s/it]Best trial: 3. Best value: 0:  92%|®А®А®А®А®А®А®А®А®А®З| 92/100 [4:44:33<25:15, 189                                                                                        [I 2026-07-24 16:13:20,906] Trial 92 finished with value: -9999.0 and parameters: {'vwap_buy_deviation': -0.022876525782000463, 'take_profit_pct': 0.014973073763165414, 'buy_confirm_min_score': 18, 'notify_sell_threshold': 69, 'notify_buy_threshold': 49, 'stock_qty_strong_pct': 0.4304808906970968, 'stock_qty_base_pct': 0.16886142178663013, 'stock_rebuild_strong_pct': 0.9554717206807625, 'stock_first_add_pct': 0.326226814001732}. Best is trial 3 with value: 0.0.
Best trial: 3. Best value: 0:  92%|®А®А®А®А®А®А®А®А®А®З| 92/100 [4:47:11<25:15, 189.46s/it]Best trial: 3. Best value: 0:  92%|®А®А®А®А®А®А®А®А®А®З| 92/100 [4:47:11<25:15, 189.46s/it]Best trial: 3. Best value: 0:  93%|®А®А®А®А®А®А®А®А®А®Ж| 93/100 [4:47:11<20:59, 179                                                                                        [I 2026-07-24 16:15:57,527] Trial 93 finished with value: 0.0 and parameters: {'vwap_buy_deviation': -0.023783068620123235, 'take_profit_pct': 0.014269237890669409, 'buy_confirm_min_score': 20, 'notify_sell_threshold': 68, 'notify_buy_threshold': 45, 'stock_qty_strong_pct': 0.44134571242863163, 'stock_qty_base_pct': 0.18059963933107215, 'stock_rebuild_strong_pct': 0.89696925820768, 'stock_first_add_pct': 0.3379355994517458}. Best is trial 3 with value: 0.0.
Best trial: 3. Best value: 0:  93%|®А®А®А®А®А®А®А®А®А®Ж| 93/100 [4:49:47<20:59, 179.88s/it]Best trial: 3. Best value: 0:  93%|®А®А®А®А®А®А®А®А®А®Ж| 93/100 [4:49:47<20:59, 179.88s/it]Best trial: 3. Best value: 0:  94%|®А®А®А®А®А®А®А®А®А®Е| 94/100 [4:49:47<17:17, 172                                                                                        [I 2026-07-24 16:18:49,062] Trial 94 finished with value: 0.0 and parameters: {'vwap_buy_deviation': -0.026173592453824505, 'take_profit_pct': 0.016033714847622896, 'buy_confirm_min_score': 16, 'notify_sell_threshold': 69, 'notify_buy_threshold': 46, 'stock_qty_strong_pct': 0.4481757467689157, 'stock_qty_base_pct': 0.16447571244955725, 'stock_rebuild_strong_pct': 0.9727707531183827, 'stock_first_add_pct': 0.3680767014467544}. Best is trial 3 with value: 0.0.
Best trial: 3. Best value: 0:  94%|®А®А®А®А®А®А®А®А®А®Е| 94/100 [4:52:39<17:17, 172.90s/it]Best trial: 3. Best value: 0:  94%|®А®А®А®А®А®А®А®А®А®Е| 94/100 [4:52:39<17:17, 172.90s/it]Best trial: 3. Best value: 0:  95%|®А®А®А®А®А®А®А®А®А®Д| 95/100 [4:52:39<14:22, 172                                                                                        [I 2026-07-24 16:21:56,728] Trial 95 finished with value: 0.0 and parameters: {'vwap_buy_deviation': -0.02510970746435484, 'take_profit_pct': 0.01767338040709837, 'buy_confirm_min_score': 15, 'notify_sell_threshold': 63, 'notify_buy_threshold': 44, 'stock_qty_strong_pct': 0.5082003007143612, 'stock_qty_base_pct': 0.17189864809369979, 'stock_rebuild_strong_pct': 0.985941413409319, 'stock_first_add_pct': 0.31242308646541717}. Best is trial 3 with value: 0.0.
Best trial: 3. Best value: 0:  95%|®А®А®А®А®А®А®А®А®А®Д| 95/100 [4:55:47<14:22, 172.49s/it]Best trial: 3. Best value: 0:  95%|®А®А®А®А®А®А®А®А®А®Д| 95/100 [4:55:47<14:22, 172.49s/it]Best trial: 3. Best value: 0:  96%|®А®А®А®А®А®А®А®А®А®Д| 96/100 [4:55:47<11:48, 177.05s/it]                                                                                 [I 2026-07-24 16:24:57,998] Trial 96 finished with value: 0.0 and parameters: {'vwap_buy_deviation': -0.024671792337443262, 'take_profit_pct': 0.016766556873699486, 'buy_confirm_min_score': 18, 'notify_sell_threshold': 64, 'notify_buy_threshold': 40, 'stock_qty_strong_pct': 0.3655611957826122, 'stock_qty_base_pct': 0.1569723786406901, 'stock_rebuild_strong_pct': 0.9971808903647494, 'stock_first_add_pct': 0.3835296037854727}. Best is trial 3 with value: 0.0.
Best trial: 3. Best value: 0:  96%|®А®А®А®А®А®А®А®А®А®Д| 96/100 [4:58:48<11:48, 177.05s/it]Best trial: 3. Best value: 0:  96%|®А®А®А®А®А®А®А®А®А®Д| 96/100 [4:58:48<11:48, 177.05s/it]Best trial: 3. Best value: 0:  97%|®А®А®А®А®А®А®А®А®А®Г| 97/100 [4:58:48<08:54, 178                                                                                        [I 2026-07-24 16:28:18,640] Trial 97 finished with value: -9999.0 and parameters: {'vwap_buy_deviation': -0.022357356367830036, 'take_profit_pct': 0.01815353802231956, 'buy_confirm_min_score': 18, 'notify_sell_threshold': 67, 'notify_buy_threshold': 41, 'stock_qty_strong_pct': 0.47751235032332007, 'stock_qty_base_pct': 0.25052744693541185, 'stock_rebuild_strong_pct': 0.8048490327530715, 'stock_first_add_pct': 0.39207817532454226}. Best is trial 3 with value: 0.0.
Best trial: 3. Best value: 0:  97%|®А®А®А®А®А®А®А®А®А®Г| 97/100 [5:02:08<08:54, 178.31s/it]Best trial: 3. Best value: 0:  97%|®А®А®А®А®А®А®А®А®А®Г| 97/100 [5:02:08<08:54, 178.31s/it]Best trial: 3. Best value: 0:  98%|®А®А®А®А®А®А®А®А®А®В| 98/100 [5:02:08<06:10, 185.02s/it]                                                                                 [I 2026-07-24 16:31:19,989] Trial 98 finished with value: -9999.0 and parameters: {'vwap_buy_deviation': -0.01987222989432389, 'take_profit_pct': 0.01900489411229791, 'buy_confirm_min_score': 19, 'notify_sell_threshold': 59, 'notify_buy_threshold': 43, 'stock_qty_strong_pct': 0.4123901850353324, 'stock_qty_base_pct': 0.29676447140971934, 'stock_rebuild_strong_pct': 0.5048493347752956, 'stock_first_add_pct': 0.35644010364925366}. Best is trial 3 with value: 0.0.
Best trial: 3. Best value: 0:  98%|®А®А®А®А®А®А®А®А®А®В| 98/100 [5:05:10<06:10, 185.02s/it]Best trial: 3. Best value: 0:  98%|®А®А®А®А®А®А®А®А®А®В| 98/100 [5:05:10<06:10, 185.02s/it]Best trial: 3. Best value: 0:  99%|®А®А®А®А®А®А®А®А®А®Б| 99/100 [5:05:10<03:03, 183                                                                                        [I 2026-07-24 16:34:26,037] Trial 99 finished with value: 0.0 and parameters: {'vwap_buy_deviation': -0.02575612181996935, 'take_profit_pct': 0.015552220299000198, 'buy_confirm_min_score': 20, 'notify_sell_threshold': 60, 'notify_buy_threshold': 47, 'stock_qty_strong_pct': 0.46896458991796336, 'stock_qty_base_pct': 0.1916329585901686, 'stock_rebuild_strong_pct': 0.9628037488707298, 'stock_first_add_pct': 0.3472675097130306}. Best is trial 3 with value: 0.0.
Best trial: 3. Best value: 0:  99%|®А®А®А®А®А®А®А®А®А®Б| 99/100 [5:08:16<03:03, 183.91s/it]Best trial: 3. Best value: 0:  99%|®А®А®А®А®А®А®А®А®А®Б| 99/100 [5:08:16<03:03, 183.91s/it]Best trial: 3. Best value: 0: 100%|®А®А®А®А®А®А®А®А®А®А| 100/100 [5:08:16<00:00, 184.55s/it]Best trial: 3. Best value: 0: 100%|®А®А®А®А®А®А®А®А®А®А| 100/100 [5:08:16<00:00, 184.96s/it]

[Optuna] „оЉ— composite_score = 0.0000, params = {'vwap_buy_deviation': -0.02471531123172777, 'take_profit_pct': 0.01684829137724085, 'buy_confirm_min_score': 15, 'notify_sell_threshold': 58, 'notify_buy_threshold': 45, 'stock_qty_strong_pct': 0.27276805754484784, 'stock_qty_base_pct': 0.3872213843133333, 'stock_rebuild_strong_pct': 0.9828160165372797, 'stock_first_add_pct': 0.3425192044349384}

[„о”≈≤ќ э] —µЅ
[їщ„Љґ
[їщ„Љґ‘±»] ƒђ»ѕ≤ќ э‘Џ≤в ‘Љѓ...
  ƒђ»ѕ: wr=0.00% pnl=+0 composite=-9999.00

[ЅЏ”тќ»ґ®–‘≤в ‘] „о”≈≤ќ э °ј5% “  „о”≈:   „о”≈: -9999.00
  ЅЏ”т∆љЊщ: -9999.00
    vwap_buy_deviation=-0.0235 °ъ composite=-9999.00
    vwap_buy_deviation=-0.026 °ъ composite=-9999.00
    take_profit_pct=0.016 °ъ composite=-9999.00
    take_profit_pct=0.0177 °ъ composite=-9999.00
    buy_confirm_min_score=16 °ъ composite=-9999.00
  ≈–ґ®: [≤їќ»ґ® є¬µЇ≤ќ эЈзѕ’]
[љбєы] -> E:\06_T\t_io\optimizer\best_params_600481.json
[±®Єж] E:\06_T\t_io\optimizer\optimizer_report.md

=======================================================
  —∞”≈Ќк≥…
=======================================================
  VWAP∆Ђјл¬т»лг–÷µ: -0.02471531123172777
  ÷є”ѓ±»јэ: 0.01684829137724085
  ¬т»л»Ј»ѕ„оµЌЈ÷: 15
  ¬ф≥цЌ∆ЋЌг–÷µ: 58
  ¬т»лЌ∆ЋЌг–÷µ: 45
  «њ–≈Ї≈¬ф≥ц±»јэ: 0.27276805754484784
  ÷–µ»–≈Ї≈¬ф≥ц±»јэ: 0.3872213843133333
  «њ–≈Ї≈љ”їЎ±»јэ: 0.9828160165372797
   „іќЉ”≤÷±»јэ: 0.3425192044349384
  —µЅЈЉѓ„џЇѕµ√Ј÷: 0.00
   д≥ц: E:\06_T\t_io\optimizer/
