Best trial: 31. Best value: 144.038:  33%|███▎      | 33/100 [58:48<1:55:16, 103.23s/it]Best trial: 33. Best value: 201.351:  33%|███▎      | 33/100 [58:48<1:55:16, 103.23s/it]Best trial: 33. Best value: 201.351:  34%|███▍      | 34/100 [58:48<1:52:45, 102.50s/it]                                                                                        [I 2026-07-23 23:35:29,747] Trial 34 finished with value: 273.5064 and parameters: {'vwap_buy_deviation': -0.03323565110650185, 'take_profit_pct': 0.024031112019360423, 'buy_confirm_min_score': 28, 'notify_sell_threshold': 63, 'notify_buy_threshold': 46}. Best is trial 34 with value: 273.5064.
Best trial: 33. Best value: 201.351:  34%|███▍      | 34/100 [1:00:32<1:52:45, 102.50s/it]Best trial: 34. Best value: 273.506:  34%|███▍      | 34/100 [1:00:32<1:52:45, 102.50s/it]Best trial: 34. Best value: 273.506:  35%|███▌      | 35/100 [1:00:32<1:51:27, 102.88s/it]                                                                                          [I 2026-07-23 23:37:11,242] Trial 35 finished with value: 0.0 and parameters: {'vwap_buy_deviation': -0.033261009170132444, 'take_profit_pct': 0.024833677116981985, 'buy_confirm_min_score': 29, 'notify_sell_threshold': 64, 'notify_buy_threshold': 49}. Best is trial 34 with value: 273.5064.
Best trial: 34. Best value: 273.506:  35%|███▌      | 35/100 [1:02:14<1:51:27, 102.88s/it]Best trial: 34. Best value: 273.506:  35%|███▌      | 35/100 [1:02:14<1:51:27, 102.88s/it]Best trial: 34. Best value: 273.506:  36%|███▌      | 36/100 [1:02:14<1:49:17, 102.47s/it]                                                                                          [I 2026-07-23 23:38:53,826] Trial 36 finished with value: -9999.0 and parameters: {'vwap_buy_deviation': -0.0310276672803841, 'take_profit_pct': 0.023776366921784715, 'buy_confirm_min_score': 28, 'notify_sell_threshold': 59, 'notify_buy_threshold': 52}. Best is trial 34 with value: 273.5064.
Best trial: 34. Best value: 273.506:  36%|███▌      | 36/100 [1:03:56<1:49:17, 102.47s/it]Best trial: 34. Best value: 273.506:  36%|███▌      | 36/100 [1:03:56<1:49:17, 102.47s/it]Best trial: 34. Best value: 273.506:  37%|███▋      | 37/100 [1:03:56<1:47:37, 102.50s/it]                                                                                          [I 2026-07-23 23:40:36,663] Trial 37 finished with value: 57.9272 and parameters: {'vwap_buy_deviation': -0.031905244997175244, 'take_profit_pct': 0.02385508890686919, 'buy_confirm_min_score': 29, 'notify_sell_threshold': 64, 'notify_buy_threshold': 46}. Best is trial 34 with value: 273.5064.
Best trial: 34. Best value: 273.506:  37%|███▋      | 37/100 [1:05:39<1:47:37, 102.50s/it]Best trial: 34. Best value: 273.506:  37%|███▋      | 37/100 [1:05:39<1:47:37, 102.50s/it]Best trial: 34. Best value: 273.506:  38%|███▊      | 38/100 [1:05:39<1:46:01, 102.60s/it]                                                                                          [I 2026-07-23 23:42:14,669] Trial 38 finished with value: -9999.0 and parameters: {'vwap_buy_deviation': -0.030849541931426437, 'take_profit_pct': 0.005277951163580336, 'buy_confirm_min_score': 27, 'notify_sell_threshold': 66, 'notify_buy_threshold': 48}. Best is trial 34 with value: 273.5064.
Best trial: 34. Best value: 273.506:  38%|███▊      | 38/100 [1:07:17<1:46:01, 102.60s/it]Best trial: 34. Best value: 273.506:  38%|███▊      | 38/100 [1:07:17<1:46:01, 102.60s/it]Best trial: 34. Best value: 273.506:  39%|███▉      | 39/100 [1:07:17<1:42:54, 101.22s/it]                                                                                          [I 2026-07-23 23:43:58,662] Trial 39 finished with value: 74.1471 and parameters: {'vwap_buy_deviation': -0.033514463066964297, 'take_profit_pct': 0.02171279811873695, 'buy_confirm_min_score': 28, 'notify_sell_threshold': 59, 'notify_buy_threshold': 42}. Best is trial 34 with value: 273.5064.
Best trial: 34. Best value: 273.506:  39%|███▉      | 39/100 [1:09:01<1:42:54, 101.22s/it]Best trial: 34. Best value: 273.506:  39%|███▉      | 39/100 [1:09:01<1:42:54, 101.22s/it]Best trial: 34. Best value: 273.506:  40%|████      | 40/100 [1:09:01<1:42:03, 102.05s/it]                                                                                          [I 2026-07-23 23:45:41,808] Trial 40 finished with value: 0.0 and parameters: {'vwap_buy_deviation': -0.032366371463774496, 'take_profit_pct': 0.02452993649778614, 'buy_confirm_min_score': 24, 'notify_sell_threshold': 59, 'notify_buy_threshold': 45}. Best is trial 34 with value: 273.5064.
Best trial: 34. Best value: 273.506:  40%|████      | 40/100 [1:10:44<1:42:03, 102.05s/it]Best trial: 34. Best value: 273.506:  40%|████      | 40/100 [1:10:44<1:42:03, 102.05s/it]Best trial: 34. Best value: 273.506:  41%|████      | 41/100 [1:10:44<1:40:40, 102.38s/it]                                                                                          [I 2026-07-23 23:47:19,811] Trial 41 finished with value: 82.2196 and parameters: {'vwap_buy_deviation': -0.03068203497890896, 'take_profit_pct': 0.023249785059932002, 'buy_confirm_min_score': 26, 'notify_sell_threshold': 56, 'notify_buy_threshold': 42}. Best is trial 34 with value: 273.5064.
Best trial: 34. Best value: 273.506:  41%|████      | 41/100 [1:12:22<1:40:40, 102.38s/it]Best trial: 34. Best value: 273.506:  41%|████      | 41/100 [1:12:22<1:40:40, 102.38s/it]Best trial: 34. Best value: 273.506:  42%|████▏     | 42/100 [1:12:22<1:37:41, 101.07s/it]                                                                                          [I 2026-07-23 23:49:03,415] Trial 42 finished with value: 60.5145 and parameters: {'vwap_buy_deviation': -0.033944159858223036, 'take_profit_pct': 0.021887345567237964, 'buy_confirm_min_score': 25, 'notify_sell_threshold': 63, 'notify_buy_threshold': 44}. Best is trial 34 with value: 273.5064.
Best trial: 34. Best value: 273.506:  42%|████▏     | 42/100 [1:14:06<1:37:41, 101.07s/it]Best trial: 34. Best value: 273.506:  42%|████▏     | 42/100 [1:14:06<1:37:41, 101.07s/it]Best trial: 34. Best value: 273.506:  43%|████▎     | 43/100 [1:14:06<1:36:44, 101.83s/it]                                                                                          [I 2026-07-23 23:50:45,925] Trial 43 finished with value: -9999.0 and parameters: {'vwap_buy_deviation': -0.03232995099080226, 'take_profit_pct': 0.017701400265695222, 'buy_confirm_min_score': 27, 'notify_sell_threshold': 57, 'notify_buy_threshold': 47}. Best is trial 34 with value: 273.5064.
Best trial: 34. Best value: 273.506:  43%|████▎     | 43/100 [1:15:48<1:36:44, 101.83s/it]Best trial: 34. Best value: 273.506:  43%|████▎     | 43/100 [1:15:48<1:36:44, 101.83s/it]Best trial: 34. Best value: 273.506:  44%|████▍     | 44/100 [1:15:48<1:35:13, 102.03s/it]                                                                                          [I 2026-07-23 23:52:24,180] Trial 44 finished with value: 136.7035 and parameters: {'vwap_buy_deviation': -0.028209695776719376, 'take_profit_pct': 0.016746686977420242, 'buy_confirm_min_score': 23, 'notify_sell_threshold': 62, 'notify_buy_threshold': 41}. Best is trial 34 with value: 273.5064.
Best trial: 34. Best value: 273.506:  44%|████▍     | 44/100 [1:17:26<1:35:13, 102.03s/it]Best trial: 34. Best value: 273.506:  44%|████▍     | 44/100 [1:17:26<1:35:13, 102.03s/it]Best trial: 34. Best value: 273.506:  45%|████▌     | 45/100 [1:17:26<1:32:29, 100.90s/it]                                                                                          [I 2026-07-23 23:54:07,983] Trial 45 finished with value: -9999.0 and parameters: {'vwap_buy_deviation': -0.031691279513433326, 'take_profit_pct': 0.015394605964906431, 'buy_confirm_min_score': 26, 'notify_sell_threshold': 66, 'notify_buy_threshold': 45}. Best is trial 34 with value: 273.5064.
Best trial: 34. Best value: 273.506:  45%|████▌     | 45/100 [1:19:10<1:32:29, 100.90s/it]Best trial: 34. Best value: 273.506:  45%|████▌     | 45/100 [1:19:10<1:32:29, 100.90s/it]Best trial: 34. Best value: 273.506:  46%|████▌     | 46/100 [1:19:10<1:31:35, 101.77s/it]                                                                                          [I 2026-07-23 23:55:47,422] Trial 46 finished with value: 70.0165 and parameters: {'vwap_buy_deviation': -0.034921061531908555, 'take_profit_pct': 0.021332250956103624, 'buy_confirm_min_score': 29, 'notify_sell_threshold': 53, 'notify_buy_threshold': 42}. Best is trial 34 with value: 273.5064.
Best trial: 34. Best value: 273.506:  46%|████▌     | 46/100 [1:20:50<1:31:35, 101.77s/it]Best trial: 34. Best value: 273.506:  46%|████▌     | 46/100 [1:20:50<1:31:35, 101.77s/it]Best trial: 34. Best value: 273.506:  47%|████▋     | 47/100 [1:20:50<1:29:16, 101.07s/it]                                                                                          [I 2026-07-23 23:57:30,395] Trial 47 finished with value: -9999.0 and parameters: {'vwap_buy_deviation': -0.03043139812044674, 'take_profit_pct': 0.01981719724594563, 'buy_confirm_min_score': 28, 'notify_sell_threshold': 60, 'notify_buy_threshold': 50}. Best is trial 34 with value: 273.5064.
Best trial: 34. Best value: 273.506:  47%|████▋     | 47/100 [1:22:33<1:29:16, 101.07s/it]Best trial: 34. Best value: 273.506:  47%|████▋     | 47/100 [1:22:33<1:29:16, 101.07s/it]Best trial: 34. Best value: 273.506:  48%|████▊     | 48/100 [1:22:33<1:28:05, 101.64s/it]                                                                                          [I 2026-07-23 23:59:13,178] Trial 48 finished with value: -9999.0 and parameters: {'vwap_buy_deviation': -0.028666530695164616, 'take_profit_pct': 0.02297689539948589, 'buy_confirm_min_score': 24, 'notify_sell_threshold': 57, 'notify_buy_threshold': 49}. Best is trial 34 with value: 273.5064.
Best trial: 34. Best value: 273.506:  48%|████▊     | 48/100 [1:24:15<1:28:05, 101.64s/it]Best trial: 34. Best value: 273.506:  48%|████▊     | 48/100 [1:24:15<1:28:05, 101.64s/it]Best trial: 34. Best value: 273.506:  49%|████▉     | 49/100 [1:24:15<1:26:41, 101.98s/it]                                                                                          [I 2026-07-24 00:00:55,564] Trial 49 finished with value: 0.0 and parameters: {'vwap_buy_deviation': -0.03291271528562401, 'take_profit_pct': 0.013950157998464071, 'buy_confirm_min_score': 25, 'notify_sell_threshold': 55, 'notify_buy_threshold': 41}. Best is trial 34 with value: 273.5064.
Best trial: 34. Best value: 273.506:  49%|████▉     | 49/100 [1:25:58<1:26:41, 101.98s/it]Best trial: 34. Best value: 273.506:  49%|████▉     | 49/100 [1:25:58<1:26:41, 101.98s/it]Best trial: 34. Best value: 273.506:  50%|█████     | 50/100 [1:25:58<1:25:05, 102.10s/it]                                                                                          [I 2026-07-24 00:02:39,074] Trial 50 finished with value: -9999.0 and parameters: {'vwap_buy_deviation': -0.03407693725458654, 'take_profit_pct': 0.018064700028096257, 'buy_confirm_min_score': 30, 'notify_sell_threshold': 58, 'notify_buy_threshold': 54}. Best is trial 34 with value: 273.5064.
Best trial: 34. Best value: 273.506:  50%|█████     | 50/100 [1:27:41<1:25:05, 102.10s/it]Best trial: 34. Best value: 273.506:  50%|█████     | 50/100 [1:27:41<1:25:05, 102.10s/it]Best trial: 34. Best value: 273.506:  51%|█████     | 51/100 [1:27:41<1:23:43, 102.53s/it]                                                                                          [I 2026-07-24 00:04:22,602] Trial 51 finished with value: 0.0 and parameters: {'vwap_buy_deviation': -0.027295028897161008, 'take_profit_pct': 0.016404144571587353, 'buy_confirm_min_score': 22, 'notify_sell_threshold': 62, 'notify_buy_threshold': 44}. Best is trial 34 with value: 273.5064.
Best trial: 34. Best value: 273.506:  51%|█████     | 51/100 [1:29:25<1:23:43, 102.53s/it]Best trial: 34. Best value: 273.506:  51%|█████     | 51/100 [1:29:25<1:23:43, 102.53s/it]Best trial: 34. Best value: 273.506:  52%|█████▏    | 52/100 [1:29:25<1:22:15, 102.83s/it]                                                                                          [I 2026-07-24 00:06:01,397] Trial 52 finished with value: 80.8935 and parameters: {'vwap_buy_deviation': -0.028299128072777787, 'take_profit_pct': 0.016872804829302875, 'buy_confirm_min_score': 23, 'notify_sell_threshold': 66, 'notify_buy_threshold': 41}. Best is trial 34 with value: 273.5064.
Best trial: 34. Best value: 273.506:  52%|█████▏    | 52/100 [1:31:04<1:22:15, 102.83s/it]Best trial: 34. Best value: 273.506:  52%|█████▏    | 52/100 [1:31:04<1:22:15, 102.83s/it]Best trial: 34. Best value: 273.506:  53%|█████▎    | 53/100 [1:31:04<1:19:36, 101.62s/it]                                                                                          [I 2026-07-24 00:07:44,034] Trial 53 finished with value: -9999.0 and parameters: {'vwap_buy_deviation': -0.02895064909396526, 'take_profit_pct': 0.009902633576288313, 'buy_confirm_min_score': 23, 'notify_sell_threshold': 62, 'notify_buy_threshold': 41}. Best is trial 34 with value: 273.5064.
Best trial: 34. Best value: 273.506:  53%|█████▎    | 53/100 [1:32:46<1:19:36, 101.62s/it]Best trial: 34. Best value: 273.506:  53%|█████▎    | 53/100 [1:32:46<1:19:36, 101.62s/it]Best trial: 34. Best value: 273.506:  54%|█████▍    | 54/100 [1:32:46<1:18:08, 101.92s/it]                                                                                          [I 2026-07-24 00:09:25,061] Trial 54 finished with value: -9999.0 and parameters: {'vwap_buy_deviation': -0.0304924170297694, 'take_profit_pct': 0.012465183344128893, 'buy_confirm_min_score': 18, 'notify_sell_threshold': 60, 'notify_buy_threshold': 46}. Best is trial 34 with value: 273.5064.
Best trial: 34. Best value: 273.506:  54%|█████▍    | 54/100 [1:34:27<1:18:08, 101.92s/it]Best trial: 34. Best value: 273.506:  54%|█████▍    | 54/100 [1:34:27<1:18:08, 101.92s/it]Best trial: 34. Best value: 273.506:  55%|█████▌    | 55/100 [1:34:27<1:16:14, 101.65s/it]                                                                                          [I 2026-07-24 00:11:05,552] Trial 55 finished with value: 149.0479 and parameters: {'vwap_buy_deviation': -0.03166770370920201, 'take_profit_pct': 0.02019436411130953, 'buy_confirm_min_score': 26, 'notify_sell_threshold': 56, 'notify_buy_threshold': 40}. Best is trial 34 with value: 273.5064.
Best trial: 34. Best value: 273.506:  55%|█████▌    | 55/100 [1:36:08<1:16:14, 101.65s/it]Best trial: 34. Best value: 273.506:  55%|█████▌    | 55/100 [1:36:08<1:16:14, 101.65s/it]Best trial: 34. Best value: 273.506:  56%|█████▌    | 56/100 [1:36:08<1:14:17, 101.31s/it]                                                                                          [I 2026-07-24 00:12:50,393] Trial 56 finished with value: 143.4218 and parameters: {'vwap_buy_deviation': -0.03168506338394047, 'take_profit_pct': 0.01965320454386508, 'buy_confirm_min_score': 27, 'notify_sell_threshold': 55, 'notify_buy_threshold': 40}. Best is trial 34 with value: 273.5064.
Best trial: 34. Best value: 273.506:  56%|█████▌    | 56/100 [1:37:53<1:14:17, 101.31s/it]Best trial: 34. Best value: 273.506:  56%|█████▌    | 56/100 [1:37:53<1:14:17, 101.31s/it]Best trial: 34. Best value: 273.506:  57%|█████▋    | 57/100 [1:37:53<1:13:21, 102.37s/it]                                                                                          [I 2026-07-24 00:14:29,512] Trial 57 finished with value: 79.0571 and parameters: {'vwap_buy_deviation': -0.031936999595933976, 'take_profit_pct': 0.02024119365051409, 'buy_confirm_min_score': 26, 'notify_sell_threshold': 56, 'notify_buy_threshold': 40}. Best is trial 34 with value: 273.5064.
Best trial: 34. Best value: 273.506:  57%|█████▋    | 57/100 [1:39:32<1:13:21, 102.37s/it]Best trial: 34. Best value: 273.506:  57%|█████▋    | 57/100 [1:39:32<1:13:21, 102.37s/it]Best trial: 34. Best value: 273.506:  58%|█████▊    | 58/100 [1:39:32<1:10:58, 101.39s/it]                                                                                          [I 2026-07-24 00:16:12,562] Trial 58 finished with value: 0.0 and parameters: {'vwap_buy_deviation': -0.032493998750965605, 'take_profit_pct': 0.020854290546797525, 'buy_confirm_min_score': 27, 'notify_sell_threshold': 52, 'notify_buy_threshold': 44}. Best is trial 34 with value: 273.5064.
Best trial: 34. Best value: 273.506:  58%|█████▊    | 58/100 [1:41:15<1:10:58, 101.39s/it]Best trial: 34. Best value: 273.506:  58%|█████▊    | 58/100 [1:41:15<1:10:58, 101.39s/it]Best trial: 34. Best value: 273.506:  59%|█████▉    | 59/100 [1:41:15<1:09:37, 101.89s/it]                                                                                          [I 2026-07-24 00:17:56,369] Trial 59 finished with value: 76.3064 and parameters: {'vwap_buy_deviation': -0.03435346269963928, 'take_profit_pct': 0.023762209403765926, 'buy_confirm_min_score': 27, 'notify_sell_threshold': 55, 'notify_buy_threshold': 40}. Best is trial 34 with value: 273.5064.
Best trial: 34. Best value: 273.506:  59%|█████▉    | 59/100 [1:42:59<1:09:37, 101.89s/it]Best trial: 34. Best value: 273.506:  59%|█████▉    | 59/100 [1:42:59<1:09:37, 101.89s/it]Best trial: 34. Best value: 273.506:  60%|██████    | 60/100 [1:42:59<1:08:18, 102.46s/it]                                                                                          [I 2026-07-24 00:19:35,711] Trial 60 finished with value: 74.7088 and parameters: {'vwap_buy_deviation': -0.015362918737072373, 'take_profit_pct': 0.021350872533350287, 'buy_confirm_min_score': 28, 'notify_sell_threshold': 58, 'notify_buy_threshold': 42}. Best is trial 34 with value: 273.5064.
Best trial: 34. Best value: 273.506:  60%|██████    | 60/100 [1:44:38<1:08:18, 102.46s/it]Best trial: 34. Best value: 273.506:  60%|██████    | 60/100 [1:44:38<1:08:18, 102.46s/it]Best trial: 34. Best value: 273.506:  61%|██████    | 61/100 [1:44:38<1:05:59, 101.53s/it]                                                                                          [I 2026-07-24 00:21:18,705] Trial 61 finished with value: 127.0375 and parameters: {'vwap_buy_deviation': -0.030196054627054006, 'take_profit_pct': 0.018675591872759016, 'buy_confirm_min_score': 25, 'notify_sell_threshold': 55, 'notify_buy_threshold': 43}. Best is trial 34 with value: 273.5064.
Best trial: 34. Best value: 273.506:  61%|██████    | 61/100 [1:46:21<1:05:59, 101.53s/it]Best trial: 34. Best value: 273.506:  61%|██████    | 61/100 [1:46:21<1:05:59, 101.53s/it]Best trial: 34. Best value: 273.506:  62%|██████▏   | 62/100 [1:46:21<1:04:34, 101.97s/it]                                                                                          [I 2026-07-24 00:23:00,590] Trial 62 finished with value: -9999.0 and parameters: {'vwap_buy_deviation': -0.03141045502056282, 'take_profit_pct': 0.019349321348375224, 'buy_confirm_min_score': 26, 'notify_sell_threshold': 53, 'notify_buy_threshold': 44}. Best is trial 34 with value: 273.5064.
Best trial: 34. Best value: 273.506:  62%|██████▏   | 62/100 [1:48:03<1:04:34, 101.97s/it]Best trial: 34. Best value: 273.506:  62%|██████▏   | 62/100 [1:48:03<1:04:34, 101.97s/it]Best trial: 34. Best value: 273.506:  63%|██████▎   | 63/100 [1:48:03<1:02:51, 101.94s/it]                                                                                          [I 2026-07-24 00:24:40,699] Trial 63 finished with value: 79.6505 and parameters: {'vwap_buy_deviation': -0.033590098319211684, 'take_profit_pct': 0.02237507919562245, 'buy_confirm_min_score': 26, 'notify_sell_threshold': 54, 'notify_buy_threshold': 41}. Best is trial 34 with value: 273.5064.
Best trial: 34. Best value: 273.506:  63%|██████▎   | 63/100 [1:49:43<1:02:51, 101.94s/it]Best trial: 34. Best value: 273.506:  63%|██████▎   | 63/100 [1:49:43<1:02:51, 101.94s/it]Best trial: 34. Best value: 273.506:  64%|██████▍   | 64/100 [1:49:43<1:00:50, 101.39s/it]                                                                                          [I 2026-07-24 00:26:23,481] Trial 64 finished with value: 144.6237 and parameters: {'vwap_buy_deviation': -0.02933346243846335, 'take_profit_pct': 0.02020954070852735, 'buy_confirm_min_score': 25, 'notify_sell_threshold': 57, 'notify_buy_threshold': 43}. Best is trial 34 with value: 273.5064.
Best trial: 34. Best value: 273.506:  64%|██████▍   | 64/100 [1:51:26<1:00:50, 101.39s/it]Best trial: 34. Best value: 273.506:  64%|██████▍   | 64/100 [1:51:26<1:00:50, 101.39s/it]Best trial: 34. Best value: 273.506:  65%|██████▌   | 65/100 [1:51:26<59:23, 101.81s/it]                                                                                          [I 2026-07-24 00:28:02,316] Trial 65 finished with value: -9999.0 and parameters: {'vwap_buy_deviation': -0.032928131240104075, 'take_profit_pct': 0.02034277535201204, 'buy_confirm_min_score': 27, 'notify_sell_threshold': 57, 'notify_buy_threshold': 46}. Best is trial 34 with value: 273.5064.
Best trial: 34. Best value: 273.506:  65%|██████▌   | 65/100 [1:53:05<59:23, 101.81s/it]Best trial: 34. Best value: 273.506:  65%|██████▌   | 65/100 [1:53:05<59:23, 101.81s/it]Best trial: 34. Best value: 273.506:  66%|██████▌   | 66/100 [1:53:05<57:11, 100.92s/it]                                                                                        [I 2026-07-24 00:29:45,142] Trial 66 finished with value: 161.3975 and parameters: {'vwap_buy_deviation': -0.019539847851885398, 'take_profit_pct': 0.018127697467671892, 'buy_confirm_min_score': 25, 'notify_sell_threshold': 60, 'notify_buy_threshold': 42}. Best is trial 34 with value: 273.5064.
