Best trial: 85. Best value: 1630.1:  98%|█████████▊| 98/100 [2:48:38<03:23, 101.76s/it]Best trial: 85. Best value: 1630.1:  98%|█████████▊| 98/100 [2:48:38<03:23, 101.76s/it]Best trial: 85. Best value: 1630.1:  99%|█████████▉| 99/100 [2:48:38<01:40, 100.59s/it]                                                                                       [I 2026-07-24 01:25:19,883] Trial 99 finished with value: 80.2021 and parameters: {'vwap_buy_deviation': -0.015460270628528361, 'take_profit_pct': 0.015059223051521874, 'buy_confirm_min_score': 20, 'notify_sell_threshold': 67, 'notify_buy_threshold': 43}. Best is trial 85 with value: 1630.099.
Best trial: 85. Best value: 1630.1:  99%|█████████▉| 99/100 [2:50:22<01:40, 100.59s/it]Best trial: 85. Best value: 1630.1:  99%|█████████▉| 99/100 [2:50:22<01:40, 100.59s/it]Best trial: 85. Best value: 1630.1: 100%|██████████| 100/100 [2:50:22<00:00, 101.52s/it]Best trial: 85. Best value: 1630.1: 100%|██████████| 100/100 [2:50:22<00:00, 102.23s/it]

[Optuna] 最佳 composite_score = 1630.0990, params = {'vwap_buy_deviation': -0.016066757199833526, 'take_profit_pct': 0.014813179123928603, 'buy_confirm_min_score': 24, 'notify_sell_threshold': 62, 'notify_buy_threshold': 43}

[最优参数] 训练集...

[基准对比] 默认参数在测试集...
  默认: wr=0.00% pnl=+0 composite=-9999.00

[邻域稳定性测试] 最优参数 ±5% 摇动...
  最优: -62.06
  邻域平均: -65.50
    vwap_buy_deviation=-0.0153 → composite=-62.06
    vwap_buy_deviation=-0.0169 → composite=-62.06
    take_profit_pct=0.0141 → composite=-73.63
    take_profit_pct=0.0156 → composite=-71.11
    buy_confirm_min_score=23 → composite=-62.06
    buy_confirm_min_score=25 → composite=-62.06
  判定: [不稳定 孤岛参数风险]
[结果] -> E:\06_T\t_io\optimizer\best_params.json
[报告] E:\06_T\t_io\optimizer\optimizer_report.md

=======================================================
  寻优完成
=======================================================
  VWAP偏离买入阈值: -0.016066757199833526
  止盈比例: 0.014813179123928603
  买入确认最低分: 24
  卖出推送阈值: 62
  买入推送阈值: 43
  训练集综合得分: 1630.10
  输出: E:\06_T\t_io\optimizer/
