=======================================================

  参数寻优系统
=======================================================
  标的: 600481  方法: optuna  训练: 2025-06-01~2026-03-31
  [数据] 预处理 279 天收盘价索引
  [数据] 600481 2025-06-01~2026-03-31: 217 个交易日，检查缓存...
  [数据] 已缓存 202/217 天，缺失将在首次 trial 下载
  [数据] 600481 2026-04-01~2026-07-20: 79 个交易日，检查缓存...
  [数据] 已缓存 74/79 天，缺失将在首次 trial 下载

[基线] 默认参数...
  wr=0.00% trades=0 dd=0.00% composite=-9999.00
[I 2026-07-23 22:34:57,127] A new study created in memory with name: no-name-8b375bd8-1985-4914-9003-7ce993828700
  0%|          | 0/100 [00:00<?, ?it/s]                                       [I 2026-07-23 22:37:09,634] Trial 0 finished with value: -9999.0 and parameters: {'vwap_buy_deviation': -0.02750919762305275, 'take_profit_pct': 0.024014286128198326, 'buy_confirm_min_score': 26, 'notify_sell_threshold': 58, 'notify_buy_threshold': 44}. Best is trial 0 with value: -9999.0.
  0%|          | 0/100 [02:12<?, ?it/s]Best trial: 0. Best value: -9999:   0%|          | 0/100 [02:12<?, ?it/s]Best trial: 0. Best value: -9999:   1%|          | 1/100 [02:12<3:38:30, 132.43s/it]                                                                                    [I 2026-07-23 22:39:00,838] Trial 1 finished with value: -9999.0 and parameters: {'vwap_buy_deviation': -0.03188010959327595, 'take_profit_pct': 0.0061616722433639895, 'buy_confirm_min_score': 28, 'notify_sell_threshold': 58, 'notify_buy_threshold': 61}. Best is trial 0 with value: -9999.0.
Best trial: 0. Best value: -9999:   1%|          | 1/100 [04:03<3:38:30, 132.43s/it]Best trial: 0. Best value: -9999:   1%|          | 1/100 [04:03<3:38:30, 132.43s/it]Best trial: 0. Best value: -9999:   2%|▏         | 2/100 [04:03<3:15:54, 119.94s/it]                                                                                    [I 2026-07-23 22:40:44,174] Trial 2 finished with value: 0.0 and parameters: {'vwap_buy_deviation': -0.034588310114083955, 'take_profit_pct': 0.024398197043239887, 'buy_confirm_min_score': 28, 'notify_sell_threshold': 46, 'notify_buy_threshold': 45}. Best is trial 2 with value: 0.0.
Best trial: 0. Best value: -9999:   2%|▏         | 2/100 [05:46<3:15:54, 119.94s/it]Best trial: 2. Best value: 0:   2%|▏         | 2/100 [05:46<3:15:54, 119.94s/it]    Best trial: 2. Best value: 0:   3%|▎         | 3/100 [05:46<3:01:38, 112.36s/it]                                                                                [I 2026-07-23 22:42:23,927] Trial 3 finished with value: -9999.0 and parameters: {'vwap_buy_deviation': -0.031331909802931324, 'take_profit_pct': 0.011084844859190755, 'buy_confirm_min_score': 23, 'notify_sell_threshold': 53, 'notify_buy_threshold': 49}. Best is trial 2 with value: 0.0.
Best trial: 2. Best value: 0:   3%|▎         | 3/100 [07:26<3:01:38, 112.36s/it]Best trial: 2. Best value: 0:   3%|▎         | 3/100 [07:26<3:01:38, 112.36s/it]Best trial: 2. Best value: 0:   4%|▍         | 4/100 [07:26<2:51:48, 107.38s/it]                                                                                [I 2026-07-23 22:44:05,854] Trial 4 finished with value: -9999.0 and parameters: {'vwap_buy_deviation': -0.022762942105552412, 'take_profit_pct': 0.007789877213040837, 'buy_confirm_min_score': 19, 'notify_sell_threshold': 51, 'notify_buy_threshold': 54}. Best is trial 2 with value: 0.0.
Best trial: 2. Best value: 0:   4%|▍         | 4/100 [09:08<2:51:48, 107.38s/it]Best trial: 2. Best value: 0:   4%|▍         | 4/100 [09:08<2:51:48, 107.38s/it]Best trial: 2. Best value: 0:   5%|▌         | 5/100 [09:08<2:46:54, 105.41s/it]                                                                                [I 2026-07-23 22:45:46,767] Trial 5 finished with value: -9999.0 and parameters: {'vwap_buy_deviation': -0.01929648077213973, 'take_profit_pct': 0.008993475643167194, 'buy_confirm_min_score': 23, 'notify_sell_threshold': 58, 'notify_buy_threshold': 41}. Best is trial 2 with value: 0.0.
Best trial: 2. Best value: 0:   5%|▌         | 5/100 [10:49<2:46:54, 105.41s/it]Best trial: 2. Best value: 0:   5%|▌         | 5/100 [10:49<2:46:54, 105.41s/it]Best trial: 2. Best value: 0:   6%|▌         | 6/100 [10:49<2:42:45, 103.88s/it]                                                                                [I 2026-07-23 22:47:34,297] Trial 6 finished with value: -9999.0 and parameters: {'vwap_buy_deviation': -0.022849102961971235, 'take_profit_pct': 0.008410482473745831, 'buy_confirm_min_score': 16, 'notify_sell_threshold': 69, 'notify_buy_threshold': 69}. Best is trial 2 with value: 0.0.
Best trial: 2. Best value: 0:   6%|▌         | 6/100 [12:37<2:42:45, 103.88s/it]Best trial: 2. Best value: 0:   6%|▌         | 6/100 [12:37<2:42:45, 103.88s/it]Best trial: 2. Best value: 0:   7%|▋         | 7/100 [12:37<2:42:52, 105.08s/it]                                                                                [I 2026-07-23 22:49:22,362] Trial 7 finished with value: -9999.0 and parameters: {'vwap_buy_deviation': -0.018832053037670778, 'take_profit_pct': 0.011092275383467413, 'buy_confirm_min_score': 16, 'notify_sell_threshold': 61, 'notify_buy_threshold': 53}. Best is trial 2 with value: 0.0.
Best trial: 2. Best value: 0:   7%|▋         | 7/100 [14:25<2:42:52, 105.08s/it]Best trial: 2. Best value: 0:   7%|▋         | 7/100 [14:25<2:42:52, 105.08s/it]Best trial: 2. Best value: 0:   8%|▊         | 8/100 [14:25<2:42:34, 106.03s/it]                                                                                [I 2026-07-23 22:51:16,885] Trial 8 finished with value: 0.0 and parameters: {'vwap_buy_deviation': -0.03255923530310443, 'take_profit_pct': 0.014903538202225404, 'buy_confirm_min_score': 15, 'notify_sell_threshold': 68, 'notify_buy_threshold': 48}. Best is trial 2 with value: 0.0.
Best trial: 2. Best value: 0:   8%|▊         | 8/100 [16:19<2:42:34, 106.03s/it]Best trial: 2. Best value: 0:   8%|▊         | 8/100 [16:19<2:42:34, 106.03s/it]Best trial: 2. Best value: 0:   9%|▉         | 9/100 [16:19<2:44:50, 108.68s/it]                                                                                [I 2026-07-23 22:53:19,398] Trial 9 finished with value: -9999.0 and parameters: {'vwap_buy_deviation': -0.02174955431292036, 'take_profit_pct': 0.01123422152178822, 'buy_confirm_min_score': 23, 'notify_sell_threshold': 56, 'notify_buy_threshold': 45}. Best is trial 2 with value: 0.0.
Best trial: 2. Best value: 0:   9%|▉         | 9/100 [18:22<2:44:50, 108.68s/it]Best trial: 2. Best value: 0:   9%|▉         | 9/100 [18:22<2:44:50, 108.68s/it]Best trial: 2. Best value: 0:  10%|█         | 10/100 [18:22<2:49:25, 112.95s/it]                                                                                 [I 2026-07-23 22:55:13,272] Trial 10 finished with value: -9999.0 and parameters: {'vwap_buy_deviation': -0.015949987538231947, 'take_profit_pct': 0.02305898111377699, 'buy_confirm_min_score': 30, 'notify_sell_threshold': 40, 'notify_buy_threshold': 69}. Best is trial 2 with value: 0.0.
Best trial: 2. Best value: 0:  10%|█         | 10/100 [20:16<2:49:25, 112.95s/it]Best trial: 2. Best value: 0:  10%|█         | 10/100 [20:16<2:49:25, 112.95s/it]Best trial: 2. Best value: 0:  11%|█         | 11/100 [20:16<2:47:57, 113.23s/it]                                                                                 [I 2026-07-23 22:57:04,575] Trial 11 finished with value: -9999.0 and parameters: {'vwap_buy_deviation': -0.03437192822107274, 'take_profit_pct': 0.017697058174017705, 'buy_confirm_min_score': 20, 'notify_sell_threshold': 41, 'notify_buy_threshold': 50}. Best is trial 2 with value: 0.0.
Best trial: 2. Best value: 0:  11%|█         | 11/100 [22:07<2:47:57, 113.23s/it]Best trial: 2. Best value: 0:  11%|█         | 11/100 [22:07<2:47:57, 113.23s/it]Best trial: 2. Best value: 0:  12%|█▏        | 12/100 [22:07<2:45:12, 112.65s/it]                                                                                 [I 2026-07-23 22:58:59,200] Trial 12 finished with value: -9999.0 and parameters: {'vwap_buy_deviation': -0.03474725971979872, 'take_profit_pct': 0.017349089459860422, 'buy_confirm_min_score': 19, 'notify_sell_threshold': 70, 'notify_buy_threshold': 56}. Best is trial 2 with value: 0.0.
Best trial: 2. Best value: 0:  12%|█▏        | 12/100 [24:01<2:45:12, 112.65s/it]Best trial: 2. Best value: 0:  12%|█▏        | 12/100 [24:01<2:45:12, 112.65s/it]Best trial: 2. Best value: 0:  13%|█▎        | 13/100 [24:01<2:44:12, 113.25s/it]                                                                                 [I 2026-07-23 23:00:52,027] Trial 13 finished with value: 48.9353 and parameters: {'vwap_buy_deviation': -0.028634274997503845, 'take_profit_pct': 0.01907165731737158, 'buy_confirm_min_score': 15, 'notify_sell_threshold': 46, 'notify_buy_threshold': 40}. Best is trial 13 with value: 48.9353.
Best trial: 2. Best value: 0:  13%|█▎        | 13/100 [25:54<2:44:12, 113.25s/it]Best trial: 13. Best value: 48.9353:  13%|█▎        | 13/100 [25:54<2:44:12, 113.25s/it]Best trial: 13. Best value: 48.9353:  14%|█▍        | 14/100 [25:54<2:42:08, 113.12s/it]                                                                                        [I 2026-07-23 23:02:48,856] Trial 14 finished with value: 62.1025 and parameters: {'vwap_buy_deviation': -0.027706281912263816, 'take_profit_pct': 0.02081671596442557, 'buy_confirm_min_score': 26, 'notify_sell_threshold': 48, 'notify_buy_threshold': 40}. Best is trial 14 with value: 62.1025.
Best trial: 13. Best value: 48.9353:  14%|█▍        | 14/100 [27:51<2:42:08, 113.12s/it]Best trial: 14. Best value: 62.1025:  14%|█▍        | 14/100 [27:51<2:42:08, 113.12s/it]Best trial: 14. Best value: 62.1025:  15%|█▌        | 15/100 [27:51<2:41:50, 114.24s/it]                                                                                        [I 2026-07-23 23:04:36,460] Trial 15 finished with value: 54.6986 and parameters: {'vwap_buy_deviation': -0.026742718680423043, 'take_profit_pct': 0.020454601787403097, 'buy_confirm_min_score': 25, 'notify_sell_threshold': 47, 'notify_buy_threshold': 40}. Best is trial 14 with value: 62.1025.
Best trial: 14. Best value: 62.1025:  15%|█▌        | 15/100 [29:39<2:41:50, 114.24s/it]Best trial: 14. Best value: 62.1025:  15%|█▌        | 15/100 [29:39<2:41:50, 114.24s/it]Best trial: 14. Best value: 62.1025:  16%|█▌        | 16/100 [29:39<2:37:08, 112.24s/it]                                                                                        [I 2026-07-23 23:06:13,330] Trial 16 finished with value: 53.1263 and parameters: {'vwap_buy_deviation': -0.026237396650177314, 'take_profit_pct': 0.0210342711083716, 'buy_confirm_min_score': 25, 'notify_sell_threshold': 47, 'notify_buy_threshold': 40}. Best is trial 14 with value: 62.1025.
Best trial: 14. Best value: 62.1025:  16%|█▌        | 16/100 [31:16<2:37:08, 112.24s/it]Best trial: 14. Best value: 62.1025:  16%|█▌        | 16/100 [31:16<2:37:08, 112.24s/it]Best trial: 14. Best value: 62.1025:  17%|█▋        | 17/100 [31:16<2:28:52, 107.62s/it]                                                                                        [I 2026-07-23 23:07:54,209] Trial 17 finished with value: 133.8102 and parameters: {'vwap_buy_deviation': -0.025771903210262247, 'take_profit_pct': 0.019596696590634028, 'buy_confirm_min_score': 26, 'notify_sell_threshold': 50, 'notify_buy_threshold': 43}. Best is trial 17 with value: 133.8102.
Best trial: 14. Best value: 62.1025:  17%|█▋        | 17/100 [32:57<2:28:52, 107.62s/it]Best trial: 17. Best value: 133.81:  17%|█▋        | 17/100 [32:57<2:28:52, 107.62s/it] Best trial: 17. Best value: 133.81:  18%|█▊        | 18/100 [32:57<2:24:18, 105.59s/it]                                                                                       [I 2026-07-23 23:09:36,190] Trial 18 finished with value: -9999.0 and parameters: {'vwap_buy_deviation': -0.024608648130938122, 'take_profit_pct': 0.014651210854157985, 'buy_confirm_min_score': 30, 'notify_sell_threshold': 51, 'notify_buy_threshold': 44}. Best is trial 17 with value: 133.8102.
Best trial: 17. Best value: 133.81:  18%|█▊        | 18/100 [34:38<2:24:18, 105.59s/it]Best trial: 17. Best value: 133.81:  18%|█▊        | 18/100 [34:38<2:24:18, 105.59s/it]Best trial: 17. Best value: 133.81:  19%|█▉        | 19/100 [34:38<2:21:05, 104.51s/it]                                                                                       [I 2026-07-23 23:11:02,916] Trial 19 finished with value: -9999.0 and parameters: {'vwap_buy_deviation': -0.029898161474557722, 'take_profit_pct': 0.021896690757257836, 'buy_confirm_min_score': 27, 'notify_sell_threshold': 43, 'notify_buy_threshold': 59}. Best is trial 17 with value: 133.8102.
Best trial: 17. Best value: 133.81:  19%|█▉        | 19/100 [36:05<2:21:05, 104.51s/it]Best trial: 17. Best value: 133.81:  19%|█▉        | 19/100 [36:05<2:21:05, 104.51s/it]Best trial: 17. Best value: 133.81:  20%|██        | 20/100 [36:05<2:12:13, 99.17s/it]                                                                                       [I 2026-07-23 23:12:28,430] Trial 20 finished with value: 0.0 and parameters: {'vwap_buy_deviation': -0.025022591538203274, 'take_profit_pct': 0.015904012915466906, 'buy_confirm_min_score': 21, 'notify_sell_threshold': 50, 'notify_buy_threshold': 47}. Best is trial 17 with value: 133.8102.
Best trial: 17. Best value: 133.81:  20%|██        | 20/100 [37:31<2:12:13, 99.17s/it]Best trial: 17. Best value: 133.81:  20%|██        | 20/100 [37:31<2:12:13, 99.17s/it]Best trial: 17. Best value: 133.81:  21%|██        | 21/100 [37:31<2:05:10, 95.07s/it]                                                                                      [I 2026-07-23 23:13:55,167] Trial 21 finished with value: 62.1025 and parameters: {'vwap_buy_deviation': -0.027969915202119826, 'take_profit_pct': 0.02044905313455394, 'buy_confirm_min_score': 25, 'notify_sell_threshold': 48, 'notify_buy_threshold': 42}. Best is trial 17 with value: 133.8102.
Best trial: 17. Best value: 133.81:  21%|██        | 21/100 [38:57<2:05:10, 95.07s/it]Best trial: 17. Best value: 133.81:  21%|██        | 21/100 [38:57<2:05:10, 95.07s/it]Best trial: 17. Best value: 133.81:  22%|██▏       | 22/100 [38:57<2:00:20, 92.57s/it]                                                                                      [I 2026-07-23 23:15:34,771] Trial 22 finished with value: 139.8725 and parameters: {'vwap_buy_deviation': -0.02949123888094889, 'take_profit_pct': 0.019539295035760896, 'buy_confirm_min_score': 25, 'notify_sell_threshold': 54, 'notify_buy_threshold': 43}. Best is trial 22 with value: 139.8725.
Best trial: 17. Best value: 133.81:  22%|██▏       | 22/100 [40:37<2:00:20, 92.57s/it]Best trial: 22. Best value: 139.873:  22%|██▏       | 22/100 [40:37<2:00:20, 92.57s/it]Best trial: 22. Best value: 139.873:  23%|██▎       | 23/100 [40:37<2:01:30, 94.68s/it]                                                                                       [I 2026-07-23 23:17:03,168] Trial 23 finished with value: 124.9216 and parameters: {'vwap_buy_deviation': -0.02958457806986852, 'take_profit_pct': 0.018745022641754525, 'buy_confirm_min_score': 27, 'notify_sell_threshold': 54, 'notify_buy_threshold': 43}. Best is trial 22 with value: 139.8725.
Best trial: 22. Best value: 139.873:  23%|██▎       | 23/100 [42:05<2:01:30, 94.68s/it]Best trial: 22. Best value: 139.873:  23%|██▎       | 23/100 [42:05<2:01:30, 94.68s/it]Best trial: 22. Best value: 139.873:  24%|██▍       | 24/100 [42:05<1:57:32, 92.79s/it]                                                                                       [I 2026-07-23 23:18:32,112] Trial 24 finished with value: -9999.0 and parameters: {'vwap_buy_deviation': -0.02986586122061144, 'take_profit_pct': 0.01842473934701104, 'buy_confirm_min_score': 28, 'notify_sell_threshold': 64, 'notify_buy_threshold': 51}. Best is trial 22 with value: 139.8725.
Best trial: 22. Best value: 139.873:  24%|██▍       | 24/100 [43:34<1:57:32, 92.79s/it]Best trial: 22. Best value: 139.873:  24%|██▍       | 24/100 [43:34<1:57:32, 92.79s/it]Best trial: 22. Best value: 139.873:  25%|██▌       | 25/100 [43:34<1:54:32, 91.64s/it]                                                                                       [I 2026-07-23 23:20:01,149] Trial 25 finished with value: 0.0 and parameters: {'vwap_buy_deviation': -0.029703222445344117, 'take_profit_pct': 0.016373599106286878, 'buy_confirm_min_score': 24, 'notify_sell_threshold': 55, 'notify_buy_threshold': 47}. Best is trial 22 with value: 139.8725.
Best trial: 22. Best value: 139.873:  25%|██▌       | 25/100 [45:03<1:54:32, 91.64s/it]Best trial: 22. Best value: 139.873:  25%|██▌       | 25/100 [45:03<1:54:32, 91.64s/it]Best trial: 22. Best value: 139.873:  26%|██▌       | 26/100 [45:03<1:52:03, 90.86s/it]                                                                                       [I 2026-07-23 23:21:45,817] Trial 26 finished with value: -9999.0 and parameters: {'vwap_buy_deviation': -0.02412829494066123, 'take_profit_pct': 0.013081435733618122, 'buy_confirm_min_score': 29, 'notify_sell_threshold': 54, 'notify_buy_threshold': 43}. Best is trial 22 with value: 139.8725.
Best trial: 22. Best value: 139.873:  26%|██▌       | 26/100 [46:48<1:52:03, 90.86s/it]Best trial: 22. Best value: 139.873:  26%|██▌       | 26/100 [46:48<1:52:03, 90.86s/it]Best trial: 22. Best value: 139.873:  27%|██▋       | 27/100 [46:48<1:55:35, 95.00s/it]                                                                                       [I 2026-07-23 23:23:24,341] Trial 27 finished with value: -9999.0 and parameters: {'vwap_buy_deviation': -0.026067826043143148, 'take_profit_pct': 0.01891207211037074, 'buy_confirm_min_score': 27, 'notify_sell_threshold': 61, 'notify_buy_threshold': 46}. Best is trial 22 with value: 139.8725.
Best trial: 22. Best value: 139.873:  27%|██▋       | 27/100 [48:27<1:55:35, 95.00s/it]Best trial: 22. Best value: 139.873:  27%|██▋       | 27/100 [48:27<1:55:35, 95.00s/it]Best trial: 22. Best value: 139.873:  28%|██▊       | 28/100 [48:27<1:55:16, 96.06s/it]                                                                                       [I 2026-07-23 23:25:10,620] Trial 28 finished with value: 75.5555 and parameters: {'vwap_buy_deviation': -0.02924291349446872, 'take_profit_pct': 0.022490440680125297, 'buy_confirm_min_score': 22, 'notify_sell_threshold': 52, 'notify_buy_threshold': 43}. Best is trial 22 with value: 139.8725.
Best trial: 22. Best value: 139.873:  28%|██▊       | 28/100 [50:13<1:55:16, 96.06s/it]Best trial: 22. Best value: 139.873:  28%|██▊       | 28/100 [50:13<1:55:16, 96.06s/it]Best trial: 22. Best value: 139.873:  29%|██▉       | 29/100 [50:13<1:57:17, 99.12s/it]                                                                                       [I 2026-07-23 23:26:49,704] Trial 29 finished with value: 142.894 and parameters: {'vwap_buy_deviation': -0.03118627998950049, 'take_profit_pct': 0.019687821331786405, 'buy_confirm_min_score': 26, 'notify_sell_threshold': 56, 'notify_buy_threshold': 43}. Best is trial 29 with value: 142.894.
Best trial: 22. Best value: 139.873:  29%|██▉       | 29/100 [51:52<1:57:17, 99.12s/it]Best trial: 29. Best value: 142.894:  29%|██▉       | 29/100 [51:52<1:57:17, 99.12s/it]Best trial: 29. Best value: 142.894:  30%|███       | 30/100 [51:52<1:55:37, 99.11s/it]                                                                                       [I 2026-07-23 23:28:33,557] Trial 30 finished with value: -9999.0 and parameters: {'vwap_buy_deviation': -0.03313896580977591, 'take_profit_pct': 0.02254048206115142, 'buy_confirm_min_score': 26, 'notify_sell_threshold': 61, 'notify_buy_threshold': 66}. Best is trial 29 with value: 142.894.
Best trial: 29. Best value: 142.894:  30%|███       | 30/100 [53:36<1:55:37, 99.11s/it]Best trial: 29. Best value: 142.894:  30%|███       | 30/100 [53:36<1:55:37, 99.11s/it]Best trial: 29. Best value: 142.894:  31%|███       | 31/100 [53:36<1:55:36, 100.53s/it]                                                                                        [I 2026-07-23 23:30:19,261] Trial 31 finished with value: 144.0382 and parameters: {'vwap_buy_deviation': -0.03094216569549938, 'take_profit_pct': 0.0195196355812733, 'buy_confirm_min_score': 27, 'notify_sell_threshold': 57, 'notify_buy_threshold': 43}. Best is trial 31 with value: 144.0382.
Best trial: 29. Best value: 142.894:  31%|███       | 31/100 [55:22<1:55:36, 100.53s/it]Best trial: 31. Best value: 144.038:  31%|███       | 31/100 [55:22<1:55:36, 100.53s/it]Best trial: 31. Best value: 144.038:  32%|███▏      | 32/100 [55:22<1:55:41, 102.09s/it]                                                                                        [I 2026-07-23 23:32:05,175] Trial 32 finished with value: -9999.0 and parameters: {'vwap_buy_deviation': -0.031352508802115556, 'take_profit_pct': 0.019757574543103198, 'buy_confirm_min_score': 24, 'notify_sell_threshold': 57, 'notify_buy_threshold': 45}. Best is trial 31 with value: 144.0382.
Best trial: 31. Best value: 144.038:  32%|███▏      | 32/100 [57:07<1:55:41, 102.09s/it]Best trial: 31. Best value: 144.038:  32%|███▏      | 32/100 [57:07<1:55:41, 102.09s/it]Best trial: 31. Best value: 144.038:  33%|███▎      | 33/100 [57:07<1:55:16, 103.23s/it]                                                                                        [I 2026-07-23 23:33:45,973] Trial 33 finished with value: 201.3506 and parameters: {'vwap_buy_deviation': -0.032459436527033626, 'take_profit_pct': 0.024407596098036104, 'buy_confirm_min_score': 26, 'notify_sell_threshold': 59, 'notify_buy_threshold': 42}. Best is trial 33 with value: 201.3506.
