=======================================================

  参数寻优系统
=======================================================
  标的: 600481  方法: optuna  训练: 2025-06-01~2026-03-31
  [数据] 预处理 279 天收盘价索引
  [数据] 600481 2025-06-01~2026-03-31: 217 个交易日，检查缓存...
  [数据] 已缓存 202/217 天，缺失将在首次 trial 下载
  [数据] 600481 2026-04-01~2026-07-20: 79 个交易日，检查缓存...
  [数据] 已缓存 74/79 天，缺失将在首次 trial 下载

[基线] 默认参数...
  wr=0.00% trades=0 dd=0.00% composite=-100.02
[I 2026-07-24 21:46:20,038] A new study created in memory with name: no-name-0d4f17c5-8880-4ca6-a8b3-f018e5000969
  0%|          | 0/100 [00:00<?, ?it/s]                                       [I 2026-07-24 21:48:46,305] Trial 0 finished with value: 15.9858 and parameters: {'vwap_buy_deviation': -0.02750919762305275, 'take_profit_pct': 0.024014286128198326, 'buy_confirm_min_score': 26, 'notify_sell_threshold': 58, 'notify_buy_threshold': 44, 'stock_qty_strong_pct': 0.3045980821176709, 'stock_qty_base_pct': 0.16452090304204986, 'stock_rebuild_strong_pct': 0.9330880728874675, 'stock_first_add_pct': 0.2803345035229627}. Best is trial 0 with value: 15.9858.
  0%|          | 0/100 [02:26<?, ?it/s]Best trial: 0. Best value: 15.9858:   0%|          | 0/100 [02:26<?, ?it/s]Best trial: 0. Best value: 15.9858:   1%|          | 1/100 [02:26<4:01:14, 146.20s/it]                                                                                      [I 2026-07-24 21:51:31,635] Trial 1 finished with value: 17.6601 and parameters: {'vwap_buy_deviation': -0.02083854844407909, 'take_profit_pct': 0.005411689885916049, 'buy_confirm_min_score': 30, 'notify_sell_threshold': 65, 'notify_buy_threshold': 46, 'stock_qty_strong_pct': 0.3136387385224852, 'stock_qty_base_pct': 0.19585112746335845, 'stock_rebuild_strong_pct': 0.6521211214797689, 'stock_first_add_pct': 0.2574269294896714}. Best is trial 1 with value: 17.6601.
Best trial: 0. Best value: 15.9858:   1%|          | 1/100 [05:11<4:01:14, 146.20s/it]Best trial: 1. Best value: 17.6601:   1%|          | 1/100 [05:11<4:01:14, 146.20s/it]Best trial: 1. Best value: 17.6601:   2%|▏         | 2/100 [05:11<4:17:10, 157.45s/it]                                                                                      [I 2026-07-24 21:53:45,083] Trial 2 finished with value: 17.0814 and parameters: {'vwap_buy_deviation': -0.026361099627157686, 'take_profit_pct': 0.010824582803960838, 'buy_confirm_min_score': 24, 'notify_sell_threshold': 44, 'notify_buy_threshold': 49, 'stock_qty_strong_pct': 0.3782266451527921, 'stock_qty_base_pct': 0.26401749605425895, 'stock_rebuild_strong_pct': 0.8925879806965068, 'stock_first_add_pct': 0.15990213464750794}. Best is trial 1 with value: 17.6601.
Best trial: 1. Best value: 17.6601:   2%|▏         | 2/100 [07:24<4:17:10, 157.45s/it]Best trial: 1. Best value: 17.6601:   2%|▏         | 2/100 [07:24<4:17:10, 157.45s/it]Best trial: 1. Best value: 17.6601:   3%|▎         | 3/100 [07:24<3:56:49, 146.49s/it]                                                                                      [I 2026-07-24 21:55:36,488] Trial 3 finished with value: 18.2172 and parameters: {'vwap_buy_deviation': -0.02471531123172777, 'take_profit_pct': 0.01684829137724085, 'buy_confirm_min_score': 15, 'notify_sell_threshold': 58, 'notify_buy_threshold': 45, 'stock_qty_strong_pct': 0.27276805754484784, 'stock_qty_base_pct': 0.3872213843133333, 'stock_rebuild_strong_pct': 0.9828160165372797, 'stock_first_add_pct': 0.3425192044349384}. Best is trial 3 with value: 18.2172.
Best trial: 1. Best value: 17.6601:   3%|▎         | 3/100 [09:16<3:56:49, 146.49s/it]Best trial: 3. Best value: 18.2172:   3%|▎         | 3/100 [09:16<3:56:49, 146.49s/it]Best trial: 3. Best value: 18.2172:   4%|▍         | 4/100 [09:16<3:32:13, 132.64s/it]                                                                                      [I 2026-07-24 21:57:31,173] Trial 4 finished with value: 30.8427 and parameters: {'vwap_buy_deviation': -0.028907724616532588, 'take_profit_pct': 0.006953442280127677, 'buy_confirm_min_score': 25, 'notify_sell_threshold': 53, 'notify_buy_threshold': 43, 'stock_qty_strong_pct': 0.42331191853894456, 'stock_qty_base_pct': 0.1585971302788046, 'stock_rebuild_strong_pct': 0.954660201039391, 'stock_first_add_pct': 0.1776339944800051}. Best is trial 4 with value: 30.8427.
Best trial: 3. Best value: 18.2172:   4%|▍         | 4/100 [11:11<3:32:13, 132.64s/it]Best trial: 4. Best value: 30.8427:   4%|▍         | 4/100 [11:11<3:32:13, 132.64s/it]Best trial: 4. Best value: 30.8427:   5%|▌         | 5/100 [11:11<3:19:45, 126.17s/it]                                                                                      [I 2026-07-24 22:00:58,307] Trial 5 finished with value: 22.5137 and parameters: {'vwap_buy_deviation': -0.02174955431292036, 'take_profit_pct': 0.01123422152178822, 'buy_confirm_min_score': 23, 'notify_sell_threshold': 56, 'notify_buy_threshold': 45, 'stock_qty_strong_pct': 0.5893546197175954, 'stock_qty_base_pct': 0.34378320584027866, 'stock_rebuild_strong_pct': 0.9697494707820946, 'stock_first_add_pct': 0.3684482051282947}. Best is trial 4 with value: 30.8427.
Best trial: 4. Best value: 30.8427:   5%|▌         | 5/100 [14:38<3:19:45, 126.17s/it]Best trial: 4. Best value: 30.8427:   5%|▌         | 5/100 [14:38<3:19:45, 126.17s/it]Best trial: 4. Best value: 30.8427:   6%|▌         | 6/100 [14:38<4:00:47, 153.69s/it]                                                                                      [I 2026-07-24 22:04:22,598] Trial 6 finished with value: 7.2148 and parameters: {'vwap_buy_deviation': -0.023042000423778297, 'take_profit_pct': 0.02343748470046234, 'buy_confirm_min_score': 16, 'notify_sell_threshold': 46, 'notify_buy_threshold': 41, 'stock_qty_strong_pct': 0.3638656157671425, 'stock_qty_base_pct': 0.2471693224223705, 'stock_rebuild_strong_pct': 0.6356745158869479, 'stock_first_add_pct': 0.34862125274557887}. Best is trial 4 with value: 30.8427.
Best trial: 4. Best value: 30.8427:   6%|▌         | 6/100 [18:02<4:00:47, 153.69s/it]Best trial: 4. Best value: 30.8427:   6%|▌         | 6/100 [18:02<4:00:47, 153.69s/it]Best trial: 4. Best value: 30.8427:   7%|▋         | 7/100 [18:02<4:23:51, 170.24s/it]                                                                                      [I 2026-07-24 22:07:46,217] Trial 7 finished with value: -100.008 and parameters: {'vwap_buy_deviation': -0.027864933466128217, 'take_profit_pct': 0.010618690193747615, 'buy_confirm_min_score': 23, 'notify_sell_threshold': 44, 'notify_buy_threshold': 64, 'stock_qty_strong_pct': 0.2760927252879198, 'stock_qty_base_pct': 0.39672173415012935, 'stock_rebuild_strong_pct': 0.8861223846483287, 'stock_first_add_pct': 0.15961470446025172}. Best is trial 4 with value: 30.8427.
Best trial: 4. Best value: 30.8427:   7%|▋         | 7/100 [21:26<4:23:51, 170.24s/it]Best trial: 4. Best value: 30.8427:   7%|▋         | 7/100 [21:26<4:23:51, 170.24s/it]Best trial: 4. Best value: 30.8427:   8%|▊         | 8/100 [21:26<4:37:19, 180.86s/it]                                                                                      [I 2026-07-24 22:10:54,211] Trial 8 finished with value: -100.018 and parameters: {'vwap_buy_deviation': -0.03488955765752796, 'take_profit_pct': 0.021309228569096686, 'buy_confirm_min_score': 26, 'notify_sell_threshold': 62, 'notify_buy_threshold': 63, 'stock_qty_strong_pct': 0.2759156281069316, 'stock_qty_base_pct': 0.23961643213606815, 'stock_rebuild_strong_pct': 0.5579345297625649, 'stock_first_add_pct': 0.35893102776267805}. Best is trial 4 with value: 30.8427.
Best trial: 4. Best value: 30.8427:   8%|▊         | 8/100 [24:34<4:37:19, 180.86s/it]Best trial: 4. Best value: 30.8427:   8%|▊         | 8/100 [24:34<4:37:19, 180.86s/it]Best trial: 4. Best value: 30.8427:   9%|▉         | 9/100 [24:34<4:37:41, 183.09s/it]                                                                                      [I 2026-07-24 22:13:59,982] Trial 9 finished with value: 5.6395 and parameters: {'vwap_buy_deviation': -0.02253403746344884, 'take_profit_pct': 0.011617960497052984, 'buy_confirm_min_score': 16, 'notify_sell_threshold': 49, 'notify_buy_threshold': 50, 'stock_qty_strong_pct': 0.5053621624183224, 'stock_qty_base_pct': 0.3093893678388033, 'stock_rebuild_strong_pct': 0.9436063712881633, 'stock_first_add_pct': 0.2416644775485848}. Best is trial 4 with value: 30.8427.
Best trial: 4. Best value: 30.8427:   9%|▉         | 9/100 [27:39<4:37:41, 183.09s/it]Best trial: 4. Best value: 30.8427:   9%|▉         | 9/100 [27:39<4:37:41, 183.09s/it]Best trial: 4. Best value: 30.8427:  10%|█         | 10/100 [27:39<4:35:52, 183.92s/it]                                                                                       [I 2026-07-24 22:16:56,920] Trial 10 finished with value: -100.022 and parameters: {'vwap_buy_deviation': -0.015974636028756456, 'take_profit_pct': 0.005119943659116343, 'buy_confirm_min_score': 19, 'notify_sell_threshold': 68, 'notify_buy_threshold': 57, 'stock_qty_strong_pct': 0.46991292568161314, 'stock_qty_base_pct': 0.15389869991461402, 'stock_rebuild_strong_pct': 0.7996422056114035, 'stock_first_add_pct': 0.11610302947088132}. Best is trial 4 with value: 30.8427.
Best trial: 4. Best value: 30.8427:  10%|█         | 10/100 [30:36<4:35:52, 183.92s/it]Best trial: 4. Best value: 30.8427:  10%|█         | 10/100 [30:36<4:35:52, 183.92s/it]Best trial: 4. Best value: 30.8427:  11%|█         | 11/100 [30:36<4:29:38, 181.78s/it]                                                                                       [I 2026-07-24 22:19:55,547] Trial 11 finished with value: 22.0974 and parameters: {'vwap_buy_deviation': -0.032488940559069195, 'take_profit_pct': 0.008489229941370649, 'buy_confirm_min_score': 21, 'notify_sell_threshold': 53, 'notify_buy_threshold': 53, 'stock_qty_strong_pct': 0.5948724979723771, 'stock_qty_base_pct': 0.3386616524431132, 'stock_rebuild_strong_pct': 0.8035921370166128, 'stock_first_add_pct': 0.3992637420867652}. Best is trial 4 with value: 30.8427.
Best trial: 4. Best value: 30.8427:  11%|█         | 11/100 [33:35<4:29:38, 181.78s/it]Best trial: 4. Best value: 30.8427:  11%|█         | 11/100 [33:35<4:29:38, 181.78s/it]Best trial: 4. Best value: 30.8427:  12%|█▏        | 12/100 [33:35<4:25:12, 180.82s/it]                                                                                       [I 2026-07-24 22:22:47,607] Trial 12 finished with value: 64.7817 and parameters: {'vwap_buy_deviation': -0.01855071898798074, 'take_profit_pct': 0.014902324613109827, 'buy_confirm_min_score': 29, 'notify_sell_threshold': 53, 'notify_buy_threshold': 41, 'stock_qty_strong_pct': 0.5720648166812443, 'stock_qty_base_pct': 0.30745025286807487, 'stock_rebuild_strong_pct': 0.9969302931828237, 'stock_first_add_pct': 0.1857875284395911}. Best is trial 12 with value: 64.7817.
Best trial: 4. Best value: 30.8427:  12%|█▏        | 12/100 [36:27<4:25:12, 180.82s/it]Best trial: 12. Best value: 64.7817:  12%|█▏        | 12/100 [36:27<4:25:12, 180.82s/it]Best trial: 12. Best value: 64.7817:  13%|█▎        | 13/100 [36:27<4:18:20, 178.17s/it]                                                                                        [I 2026-07-24 22:25:45,349] Trial 13 finished with value: 38.5825 and parameters: {'vwap_buy_deviation': -0.015079669365051293, 'take_profit_pct': 0.016786752206761624, 'buy_confirm_min_score': 30, 'notify_sell_threshold': 51, 'notify_buy_threshold': 40, 'stock_qty_strong_pct': 0.47994239423441, 'stock_qty_base_pct': 0.21038873324508495, 'stock_rebuild_strong_pct': 0.8411417774916025, 'stock_first_add_pct': 0.19323444873846346}. Best is trial 12 with value: 64.7817.
Best trial: 12. Best value: 64.7817:  13%|█▎        | 13/100 [39:25<4:18:20, 178.17s/it]Best trial: 12. Best value: 64.7817:  13%|█▎        | 13/100 [39:25<4:18:20, 178.17s/it]Best trial: 12. Best value: 64.7817:  14%|█▍        | 14/100 [39:25<4:15:11, 178.04s/it]                                                                                        [I 2026-07-24 22:28:44,751] Trial 14 finished with value: 2.1315 and parameters: {'vwap_buy_deviation': -0.015256559284847107, 'take_profit_pct': 0.016309739738399463, 'buy_confirm_min_score': 30, 'notify_sell_threshold': 40, 'notify_buy_threshold': 40, 'stock_qty_strong_pct': 0.5291431618845409, 'stock_qty_base_pct': 0.28521969880716047, 'stock_rebuild_strong_pct': 0.8008241183934037, 'stock_first_add_pct': 0.20997440911355947}. Best is trial 12 with value: 64.7817.
Best trial: 12. Best value: 64.7817:  14%|█▍        | 14/100 [42:24<4:15:11, 178.04s/it]Best trial: 12. Best value: 64.7817:  14%|█▍        | 14/100 [42:24<4:15:11, 178.04s/it]Best trial: 12. Best value: 64.7817:  15%|█▌        | 15/100 [42:24<4:12:48, 178.45s/it]                                                                                        [I 2026-07-24 22:31:46,240] Trial 15 finished with value: 38.5825 and parameters: {'vwap_buy_deviation': -0.017852177399813027, 'take_profit_pct': 0.016111239047199338, 'buy_confirm_min_score': 28, 'notify_sell_threshold': 51, 'notify_buy_threshold': 40, 'stock_qty_strong_pct': 0.5433767713996615, 'stock_qty_base_pct': 0.20287937186527513, 'stock_rebuild_strong_pct': 0.7041077128260353, 'stock_first_add_pct': 0.11964063886892697}. Best is trial 12 with value: 64.7817.
Best trial: 12. Best value: 64.7817:  15%|█▌        | 15/100 [45:26<4:12:48, 178.45s/it]Best trial: 12. Best value: 64.7817:  15%|█▌        | 15/100 [45:26<4:12:48, 178.45s/it]Best trial: 12. Best value: 64.7817:  16%|█▌        | 16/100 [45:26<4:11:06, 179.36s/it]                                                                                        [I 2026-07-24 22:34:58,599] Trial 16 finished with value: 6.9564 and parameters: {'vwap_buy_deviation': -0.018778905998386504, 'take_profit_pct': 0.019125574194441275, 'buy_confirm_min_score': 28, 'notify_sell_threshold': 48, 'notify_buy_threshold': 49, 'stock_qty_strong_pct': 0.4561570904398854, 'stock_qty_base_pct': 0.20969006320560263, 'stock_rebuild_strong_pct': 0.8535972392831754, 'stock_first_add_pct': 0.20569888586685997}. Best is trial 12 with value: 64.7817.
Best trial: 12. Best value: 64.7817:  16%|█▌        | 16/100 [48:38<4:11:06, 179.36s/it]Best trial: 12. Best value: 64.7817:  16%|█▌        | 16/100 [48:38<4:11:06, 179.36s/it]Best trial: 12. Best value: 64.7817:  17%|█▋        | 17/100 [48:38<4:13:31, 183.27s/it]                                                                                        [I 2026-07-24 22:38:06,342] Trial 17 finished with value: 0.0 and parameters: {'vwap_buy_deviation': -0.018628262357299186, 'take_profit_pct': 0.013739906761570268, 'buy_confirm_min_score': 29, 'notify_sell_threshold': 61, 'notify_buy_threshold': 55, 'stock_qty_strong_pct': 0.5554138887936998, 'stock_qty_base_pct': 0.3080288451369662, 'stock_rebuild_strong_pct': 0.7389268073181563, 'stock_first_add_pct': 0.3013710902051656}. Best is trial 12 with value: 64.7817.
Best trial: 12. Best value: 64.7817:  17%|█▋        | 17/100 [51:46<4:13:31, 183.27s/it]Best trial: 12. Best value: 64.7817:  17%|█▋        | 17/100 [51:46<4:13:31, 183.27s/it]Best trial: 12. Best value: 64.7817:  18%|█▊        | 18/100 [51:46<4:12:18, 184.62s/it]                                                                                        [I 2026-07-24 22:41:02,140] Trial 18 finished with value: 28.887 and parameters: {'vwap_buy_deviation': -0.01740983293352595, 'take_profit_pct': 0.018355848991681852, 'buy_confirm_min_score': 27, 'notify_sell_threshold': 54, 'notify_buy_threshold': 47, 'stock_qty_strong_pct': 0.47961534204753775, 'stock_qty_base_pct': 0.35575909060990596, 'stock_rebuild_strong_pct': 0.857026820990238, 'stock_first_add_pct': 0.2127741515885793}. Best is trial 12 with value: 64.7817.
Best trial: 12. Best value: 64.7817:  18%|█▊        | 18/100 [54:42<4:12:18, 184.62s/it]Best trial: 12. Best value: 64.7817:  18%|█▊        | 18/100 [54:42<4:12:18, 184.62s/it]Best trial: 12. Best value: 64.7817:  19%|█▉        | 19/100 [54:42<4:05:39, 181.97s/it]                                                                                        [I 2026-07-24 22:43:56,846] Trial 19 finished with value: 3.4064 and parameters: {'vwap_buy_deviation': -0.019750224740134135, 'take_profit_pct': 0.013679529344449298, 'buy_confirm_min_score': 30, 'notify_sell_threshold': 41, 'notify_buy_threshold': 42, 'stock_qty_strong_pct': 0.42305096891905736, 'stock_qty_base_pct': 0.2856443301365091, 'stock_rebuild_strong_pct': 0.9987754004473952, 'stock_first_add_pct': 0.1422385873889463}. Best is trial 12 with value: 64.7817.
Best trial: 12. Best value: 64.7817:  19%|█▉        | 19/100 [57:36<4:05:39, 181.97s/it]Best trial: 12. Best value: 64.7817:  19%|█▉        | 19/100 [57:36<4:05:39, 181.97s/it]Best trial: 12. Best value: 64.7817:  20%|██        | 20/100 [57:36<3:59:42, 179.79s/it]                                                                                        [I 2026-07-24 22:47:01,375] Trial 20 finished with value: -100.008 and parameters: {'vwap_buy_deviation': -0.016519210520596916, 'take_profit_pct': 0.013840440562283026, 'buy_confirm_min_score': 28, 'notify_sell_threshold': 50, 'notify_buy_threshold': 68, 'stock_qty_strong_pct': 0.510252116514561, 'stock_qty_base_pct': 0.22986366558725949, 'stock_rebuild_strong_pct': 0.5058104808137767, 'stock_first_add_pct': 0.1913846333279517}. Best is trial 12 with value: 64.7817.
Best trial: 12. Best value: 64.7817:  20%|██        | 20/100 [1:00:41<3:59:42, 179.79s/it]Best trial: 12. Best value: 64.7817:  20%|██        | 20/100 [1:00:41<3:59:42, 179.79s/it]Best trial: 12. Best value: 64.7817:  21%|██        | 21/100 [1:00:41<3:58:35, 181.21s/it]                                                                                          [I 2026-07-24 22:50:00,613] Trial 21 finished with value: 38.5825 and parameters: {'vwap_buy_deviation': -0.017619612182723964, 'take_profit_pct': 0.015620822854832276, 'buy_confirm_min_score': 28, 'notify_sell_threshold': 51, 'notify_buy_threshold': 40, 'stock_qty_strong_pct': 0.5554951952406096, 'stock_qty_base_pct': 0.1943944642729681, 'stock_rebuild_strong_pct': 0.7218958233941473, 'stock_first_add_pct': 0.1022343356840464}. Best is trial 12 with value: 64.7817.
Best trial: 12. Best value: 64.7817:  21%|██        | 21/100 [1:03:40<3:58:35, 181.21s/it]Best trial: 12. Best value: 64.7817:  21%|██        | 21/100 [1:03:40<3:58:35, 181.21s/it]Best trial: 12. Best value: 64.7817:  22%|██▏       | 22/100 [1:03:40<3:54:48, 180.62s/it]                                                                                          [I 2026-07-24 22:52:57,227] Trial 22 finished with value: 60.94 and parameters: {'vwap_buy_deviation': -0.0199619518234676, 'take_profit_pct': 0.01967385565599501, 'buy_confirm_min_score': 27, 'notify_sell_threshold': 56, 'notify_buy_threshold': 40, 'stock_qty_strong_pct': 0.55335790439198, 'stock_qty_base_pct': 0.2101769402775638, 'stock_rebuild_strong_pct': 0.7343168813875183, 'stock_first_add_pct': 0.12772436364679465}. Best is trial 12 with value: 64.7817.
Best trial: 12. Best value: 64.7817:  22%|██▏       | 22/100 [1:06:37<3:54:48, 180.62s/it]Best trial: 12. Best value: 64.7817:  22%|██▏       | 22/100 [1:06:37<3:54:48, 180.62s/it]Best trial: 12. Best value: 64.7817:  23%|██▎       | 23/100 [1:06:37<3:50:15, 179.42s/it]                                                                                          [I 2026-07-24 22:55:54,374] Trial 23 finished with value: 29.3399 and parameters: {'vwap_buy_deviation': -0.020445248926575788, 'take_profit_pct': 0.020278915992893054, 'buy_confirm_min_score': 26, 'notify_sell_threshold': 56, 'notify_buy_threshold': 43, 'stock_qty_strong_pct': 0.575618118836108, 'stock_qty_base_pct': 0.17735568291325443, 'stock_rebuild_strong_pct': 0.7553601058556788, 'stock_first_add_pct': 0.14044904087593113}. Best is trial 12 with value: 64.7817.
Best trial: 12. Best value: 64.7817:  23%|██▎       | 23/100 [1:09:34<3:50:15, 179.42s/it]Best trial: 12. Best value: 64.7817:  23%|██▎       | 23/100 [1:09:34<3:50:15, 179.42s/it]Best trial: 12. Best value: 64.7817:  24%|██▍       | 24/100 [1:09:34<3:46:23, 178.74s/it]                                                                                          [I 2026-07-24 22:58:48,029] Trial 24 finished with value: 21.6408 and parameters: {'vwap_buy_deviation': -0.01517562886702196, 'take_profit_pct': 0.021943221488623394, 'buy_confirm_min_score': 29, 'notify_sell_threshold': 61, 'notify_buy_threshold': 47, 'stock_qty_strong_pct': 0.5084683028449728, 'stock_qty_base_pct': 0.2267561013915275, 'stock_rebuild_strong_pct': 0.6349009422707066, 'stock_first_add_pct': 0.22962125316424423}. Best is trial 12 with value: 64.7817.
Best trial: 12. Best value: 64.7817:  24%|██▍       | 24/100 [1:12:27<3:46:23, 178.74s/it]Best trial: 12. Best value: 64.7817:  24%|██▍       | 24/100 [1:12:27<3:46:23, 178.74s/it]Best trial: 12. Best value: 64.7817:  25%|██▌       | 25/100 [1:12:27<3:41:30, 177.21s/it]                                                                                          [I 2026-07-24 23:01:48,264] Trial 25 finished with value: 23.9667 and parameters: {'vwap_buy_deviation': -0.024032212987073982, 'take_profit_pct': 0.018804888163955716, 'buy_confirm_min_score': 27, 'notify_sell_threshold': 57, 'notify_buy_threshold': 43, 'stock_qty_strong_pct': 0.4356974731599611, 'stock_qty_base_pct': 0.2695155448625824, 'stock_rebuild_strong_pct': 0.9071649753574286, 'stock_first_add_pct': 0.17985247410740415}. Best is trial 12 with value: 64.7817.
