Best trial: 35. Best value: 99.4676:  51%|█████     | 51/100 [2:32:23<2:26:14, 179.07s/it]Best trial: 35. Best value: 99.4676:  51%|█████     | 51/100 [2:32:23<2:26:14, 179.07s/it]Best trial: 35. Best value: 99.4676:  52%|█████▏    | 52/100 [2:32:23<2:23:16, 179.09s/it]                                                                                          [I 2026-07-25 00:21:43,302] Trial 52 finished with value: 73.4759 and parameters: {'vwap_buy_deviation': -0.025174986770540995, 'take_profit_pct': 0.01774155074233979, 'buy_confirm_min_score': 22, 'notify_sell_threshold': 60, 'notify_buy_threshold': 41, 'stock_qty_strong_pct': 0.45814144955833913, 'stock_qty_base_pct': 0.35401567378927445, 'stock_rebuild_strong_pct': 0.547178466894014, 'stock_first_add_pct': 0.1686836131240062}. Best is trial 35 with value: 99.4676.
Best trial: 35. Best value: 99.4676:  52%|█████▏    | 52/100 [2:35:23<2:23:16, 179.09s/it]Best trial: 35. Best value: 99.4676:  52%|█████▏    | 52/100 [2:35:23<2:23:16, 179.09s/it]Best trial: 35. Best value: 99.4676:  53%|█████▎    | 53/100 [2:35:23<2:20:25, 179.27s/it]                                                                                          [I 2026-07-25 00:24:39,224] Trial 53 finished with value: 73.4759 and parameters: {'vwap_buy_deviation': -0.02729615601024739, 'take_profit_pct': 0.016050123515399018, 'buy_confirm_min_score': 22, 'notify_sell_threshold': 60, 'notify_buy_threshold': 41, 'stock_qty_strong_pct': 0.401103533584447, 'stock_qty_base_pct': 0.3522252703568599, 'stock_rebuild_strong_pct': 0.5509358457589743, 'stock_first_add_pct': 0.17340495816969181}. Best is trial 35 with value: 99.4676.
Best trial: 35. Best value: 99.4676:  53%|█████▎    | 53/100 [2:38:19<2:20:25, 179.27s/it]Best trial: 35. Best value: 99.4676:  53%|█████▎    | 53/100 [2:38:19<2:20:25, 179.27s/it]Best trial: 35. Best value: 99.4676:  54%|█████▍    | 54/100 [2:38:19<2:16:40, 178.26s/it]                                                                                          [I 2026-07-25 00:27:38,312] Trial 54 finished with value: 29.4727 and parameters: {'vwap_buy_deviation': -0.025313876698129144, 'take_profit_pct': 0.014490238258390579, 'buy_confirm_min_score': 22, 'notify_sell_threshold': 63, 'notify_buy_threshold': 41, 'stock_qty_strong_pct': 0.3969150397317261, 'stock_qty_base_pct': 0.348342272673987, 'stock_rebuild_strong_pct': 0.6162327120114307, 'stock_first_add_pct': 0.17325582929356803}. Best is trial 35 with value: 99.4676.
Best trial: 35. Best value: 99.4676:  54%|█████▍    | 54/100 [2:41:18<2:16:40, 178.26s/it]Best trial: 35. Best value: 99.4676:  54%|█████▍    | 54/100 [2:41:18<2:16:40, 178.26s/it]Best trial: 35. Best value: 99.4676:  55%|█████▌    | 55/100 [2:41:18<2:13:52, 178.51s/it]                                                                                          [I 2026-07-25 00:30:34,678] Trial 55 finished with value: 28.4275 and parameters: {'vwap_buy_deviation': -0.02697012888962981, 'take_profit_pct': 0.01584088819084754, 'buy_confirm_min_score': 22, 'notify_sell_threshold': 61, 'notify_buy_threshold': 44, 'stock_qty_strong_pct': 0.44658777619920914, 'stock_qty_base_pct': 0.3174600208298661, 'stock_rebuild_strong_pct': 0.5487959130084813, 'stock_first_add_pct': 0.19828735554759788}. Best is trial 35 with value: 99.4676.
Best trial: 35. Best value: 99.4676:  55%|█████▌    | 55/100 [2:44:14<2:13:52, 178.51s/it]Best trial: 35. Best value: 99.4676:  55%|█████▌    | 55/100 [2:44:14<2:13:52, 178.51s/it]Best trial: 35. Best value: 99.4676:  56%|█████▌    | 56/100 [2:44:14<2:10:26, 177.87s/it]                                                                                          [I 2026-07-25 00:33:33,105] Trial 56 finished with value: 16.2938 and parameters: {'vwap_buy_deviation': -0.02845447913412965, 'take_profit_pct': 0.016277103542424346, 'buy_confirm_min_score': 20, 'notify_sell_threshold': 57, 'notify_buy_threshold': 46, 'stock_qty_strong_pct': 0.2881345018306695, 'stock_qty_base_pct': 0.3530814826352729, 'stock_rebuild_strong_pct': 0.7011552266775936, 'stock_first_add_pct': 0.18333206149314146}. Best is trial 35 with value: 99.4676.
Best trial: 35. Best value: 99.4676:  56%|█████▌    | 56/100 [2:47:13<2:10:26, 177.87s/it]Best trial: 35. Best value: 99.4676:  56%|█████▌    | 56/100 [2:47:13<2:10:26, 177.87s/it]Best trial: 35. Best value: 99.4676:  57%|█████▋    | 57/100 [2:47:13<2:07:35, 178.03s/it]                                                                                          [I 2026-07-25 00:36:31,583] Trial 57 finished with value: 66.7473 and parameters: {'vwap_buy_deviation': -0.026335481854548932, 'take_profit_pct': 0.01217769026929451, 'buy_confirm_min_score': 18, 'notify_sell_threshold': 55, 'notify_buy_threshold': 41, 'stock_qty_strong_pct': 0.406835933842567, 'stock_qty_base_pct': 0.32750489128242816, 'stock_rebuild_strong_pct': 0.6539860601484502, 'stock_first_add_pct': 0.22258244806023258}. Best is trial 35 with value: 99.4676.
Best trial: 35. Best value: 99.4676:  57%|█████▋    | 57/100 [2:50:11<2:07:35, 178.03s/it]Best trial: 35. Best value: 99.4676:  57%|█████▋    | 57/100 [2:50:11<2:07:35, 178.03s/it]Best trial: 35. Best value: 99.4676:  58%|█████▊    | 58/100 [2:50:11<2:04:43, 178.17s/it]                                                                                          [I 2026-07-25 00:39:28,701] Trial 58 finished with value: 15.5121 and parameters: {'vwap_buy_deviation': -0.02968228734448724, 'take_profit_pct': 0.017286715254533493, 'buy_confirm_min_score': 17, 'notify_sell_threshold': 65, 'notify_buy_threshold': 44, 'stock_qty_strong_pct': 0.41863095728818966, 'stock_qty_base_pct': 0.33351354821290596, 'stock_rebuild_strong_pct': 0.5913944430025859, 'stock_first_add_pct': 0.246905781068596}. Best is trial 35 with value: 99.4676.
Best trial: 35. Best value: 99.4676:  58%|█████▊    | 58/100 [2:53:08<2:04:43, 178.17s/it]Best trial: 35. Best value: 99.4676:  58%|█████▊    | 58/100 [2:53:08<2:04:43, 178.17s/it]Best trial: 35. Best value: 99.4676:  59%|█████▉    | 59/100 [2:53:08<2:01:32, 177.85s/it]                                                                                          [I 2026-07-25 00:42:31,059] Trial 59 finished with value: 73.4759 and parameters: {'vwap_buy_deviation': -0.02469024609303489, 'take_profit_pct': 0.019176677912061346, 'buy_confirm_min_score': 21, 'notify_sell_threshold': 60, 'notify_buy_threshold': 41, 'stock_qty_strong_pct': 0.36610643405834215, 'stock_qty_base_pct': 0.3023238951489262, 'stock_rebuild_strong_pct': 0.563572530947006, 'stock_first_add_pct': 0.30056758999622485}. Best is trial 35 with value: 99.4676.
Best trial: 35. Best value: 99.4676:  59%|█████▉    | 59/100 [2:56:10<2:01:32, 177.85s/it]Best trial: 35. Best value: 99.4676:  59%|█████▉    | 59/100 [2:56:10<2:01:32, 177.85s/it]Best trial: 35. Best value: 99.4676:  60%|██████    | 60/100 [2:56:10<1:59:28, 179.20s/it]                                                                                          [I 2026-07-25 00:45:27,148] Trial 60 finished with value: -100.018 and parameters: {'vwap_buy_deviation': -0.027415742999929563, 'take_profit_pct': 0.018520974820116148, 'buy_confirm_min_score': 22, 'notify_sell_threshold': 62, 'notify_buy_threshold': 70, 'stock_qty_strong_pct': 0.34231016670352465, 'stock_qty_base_pct': 0.38372386208452935, 'stock_rebuild_strong_pct': 0.6252485287939609, 'stock_first_add_pct': 0.16713823061258332}. Best is trial 35 with value: 99.4676.
Best trial: 35. Best value: 99.4676:  60%|██████    | 60/100 [2:59:07<1:59:28, 179.20s/it]Best trial: 35. Best value: 99.4676:  60%|██████    | 60/100 [2:59:07<1:59:28, 179.20s/it]Best trial: 35. Best value: 99.4676:  61%|██████    | 61/100 [2:59:07<1:55:52, 178.27s/it]                                                                                          [I 2026-07-25 00:48:50,983] Trial 61 finished with value: 73.4759 and parameters: {'vwap_buy_deviation': -0.024668989345864326, 'take_profit_pct': 0.01936265634557593, 'buy_confirm_min_score': 21, 'notify_sell_threshold': 60, 'notify_buy_threshold': 40, 'stock_qty_strong_pct': 0.35957259295833477, 'stock_qty_base_pct': 0.29951462215548197, 'stock_rebuild_strong_pct': 0.5206827263436485, 'stock_first_add_pct': 0.29814934652754677}. Best is trial 35 with value: 99.4676.
Best trial: 35. Best value: 99.4676:  61%|██████    | 61/100 [3:02:30<1:55:52, 178.27s/it]Best trial: 35. Best value: 99.4676:  61%|██████    | 61/100 [3:02:30<1:55:52, 178.27s/it]Best trial: 35. Best value: 99.4676:  62%|██████▏   | 62/100 [3:02:30<1:57:45, 185.94s/it]                                                                                          [I 2026-07-25 00:51:56,360] Trial 62 finished with value: 56.2596 and parameters: {'vwap_buy_deviation': -0.02349472717883134, 'take_profit_pct': 0.015198096192690372, 'buy_confirm_min_score': 20, 'notify_sell_threshold': 58, 'notify_buy_threshold': 41, 'stock_qty_strong_pct': 0.37632435817712123, 'stock_qty_base_pct': 0.263449489588518, 'stock_rebuild_strong_pct': 0.5756698645769571, 'stock_first_add_pct': 0.30932233817373833}. Best is trial 35 with value: 99.4676.
Best trial: 35. Best value: 99.4676:  62%|██████▏   | 62/100 [3:05:36<1:57:45, 185.94s/it]Best trial: 35. Best value: 99.4676:  62%|██████▏   | 62/100 [3:05:36<1:57:45, 185.94s/it]Best trial: 35. Best value: 99.4676:  63%|██████▎   | 63/100 [3:05:36<1:54:33, 185.77s/it]                                                                                          [I 2026-07-25 00:54:57,148] Trial 63 finished with value: 31.1703 and parameters: {'vwap_buy_deviation': -0.025692012050871467, 'take_profit_pct': 0.016265794711243616, 'buy_confirm_min_score': 19, 'notify_sell_threshold': 60, 'notify_buy_threshold': 43, 'stock_qty_strong_pct': 0.4728700900996878, 'stock_qty_base_pct': 0.3123665690608251, 'stock_rebuild_strong_pct': 0.5640943052693257, 'stock_first_add_pct': 0.2902277299722282}. Best is trial 35 with value: 99.4676.
Best trial: 35. Best value: 99.4676:  63%|██████▎   | 63/100 [3:08:37<1:54:33, 185.77s/it]Best trial: 35. Best value: 99.4676:  63%|██████▎   | 63/100 [3:08:37<1:54:33, 185.77s/it]Best trial: 35. Best value: 99.4676:  64%|██████▍   | 64/100 [3:08:37<1:50:33, 184.28s/it]                                                                                          [I 2026-07-25 00:57:57,172] Trial 64 finished with value: 62.1416 and parameters: {'vwap_buy_deviation': -0.03044969949063186, 'take_profit_pct': 0.018259480895816787, 'buy_confirm_min_score': 23, 'notify_sell_threshold': 62, 'notify_buy_threshold': 41, 'stock_qty_strong_pct': 0.3737711911364219, 'stock_qty_base_pct': 0.30093232026371547, 'stock_rebuild_strong_pct': 0.5466510967274061, 'stock_first_add_pct': 0.34410057977532216}. Best is trial 35 with value: 99.4676.
Best trial: 35. Best value: 99.4676:  64%|██████▍   | 64/100 [3:11:37<1:50:33, 184.28s/it]Best trial: 35. Best value: 99.4676:  64%|██████▍   | 64/100 [3:11:37<1:50:33, 184.28s/it]Best trial: 35. Best value: 99.4676:  65%|██████▌   | 65/100 [3:11:37<1:46:45, 183.00s/it]                                                                                          [I 2026-07-25 01:01:00,479] Trial 65 finished with value: 19.8455 and parameters: {'vwap_buy_deviation': -0.027526724761842845, 'take_profit_pct': 0.01409054213503862, 'buy_confirm_min_score': 21, 'notify_sell_threshold': 64, 'notify_buy_threshold': 43, 'stock_qty_strong_pct': 0.3906385382236354, 'stock_qty_base_pct': 0.3384443938933715, 'stock_rebuild_strong_pct': 0.593930330998412, 'stock_first_add_pct': 0.27009938772466546}. Best is trial 35 with value: 99.4676.
Best trial: 35. Best value: 99.4676:  65%|██████▌   | 65/100 [3:14:40<1:46:45, 183.00s/it]Best trial: 35. Best value: 99.4676:  65%|██████▌   | 65/100 [3:14:40<1:46:45, 183.00s/it]Best trial: 35. Best value: 99.4676:  66%|██████▌   | 66/100 [3:14:40<1:43:45, 183.09s/it]                                                                                          [I 2026-07-25 01:03:57,944] Trial 66 finished with value: 5.1654 and parameters: {'vwap_buy_deviation': -0.02261805771064308, 'take_profit_pct': 0.017366471482240808, 'buy_confirm_min_score': 24, 'notify_sell_threshold': 47, 'notify_buy_threshold': 46, 'stock_qty_strong_pct': 0.34181115952864793, 'stock_qty_base_pct': 0.35653997519046093, 'stock_rebuild_strong_pct': 0.6499827191512216, 'stock_first_add_pct': 0.18868914621366153}. Best is trial 35 with value: 99.4676.
Best trial: 35. Best value: 99.4676:  66%|██████▌   | 66/100 [3:17:37<1:43:45, 183.09s/it]Best trial: 35. Best value: 99.4676:  66%|██████▌   | 66/100 [3:17:37<1:43:45, 183.09s/it]Best trial: 35. Best value: 99.4676:  67%|██████▋   | 67/100 [3:17:37<1:39:46, 181.40s/it]                                                                                          [I 2026-07-25 01:06:56,402] Trial 67 finished with value: 66.7473 and parameters: {'vwap_buy_deviation': -0.024026076292315283, 'take_profit_pct': 0.016552517373056106, 'buy_confirm_min_score': 25, 'notify_sell_threshold': 55, 'notify_buy_threshold': 40, 'stock_qty_strong_pct': 0.440047809412882, 'stock_qty_base_pct': 0.28387365025572797, 'stock_rebuild_strong_pct': 0.6988518530132686, 'stock_first_add_pct': 0.14828461046643834}. Best is trial 35 with value: 99.4676.
Best trial: 35. Best value: 99.4676:  67%|██████▋   | 67/100 [3:20:36<1:39:46, 181.40s/it]Best trial: 35. Best value: 99.4676:  67%|██████▋   | 67/100 [3:20:36<1:39:46, 181.40s/it]Best trial: 35. Best value: 99.4676:  68%|██████▊   | 68/100 [3:20:36<1:36:16, 180.52s/it]                                                                                          [I 2026-07-25 01:09:51,894] Trial 68 finished with value: -0.8298 and parameters: {'vwap_buy_deviation': -0.025030707054640253, 'take_profit_pct': 0.005796279125515894, 'buy_confirm_min_score': 22, 'notify_sell_threshold': 43, 'notify_buy_threshold': 43, 'stock_qty_strong_pct': 0.41163974922539237, 'stock_qty_base_pct': 0.323300834772604, 'stock_rebuild_strong_pct': 0.5568418006857663, 'stock_first_add_pct': 0.2102101307431348}. Best is trial 35 with value: 99.4676.
Best trial: 35. Best value: 99.4676:  68%|██████▊   | 68/100 [3:23:31<1:36:16, 180.52s/it]Best trial: 35. Best value: 99.4676:  68%|██████▊   | 68/100 [3:23:31<1:36:16, 180.52s/it]Best trial: 35. Best value: 99.4676:  69%|██████▉   | 69/100 [3:23:31<1:32:29, 179.01s/it]                                                                                          [I 2026-07-25 01:12:51,091] Trial 69 finished with value: 56.1648 and parameters: {'vwap_buy_deviation': -0.026118161416012677, 'take_profit_pct': 0.019258586823857046, 'buy_confirm_min_score': 20, 'notify_sell_threshold': 57, 'notify_buy_threshold': 42, 'stock_qty_strong_pct': 0.463487580151417, 'stock_qty_base_pct': 0.31248590777247415, 'stock_rebuild_strong_pct': 0.7667812953184288, 'stock_first_add_pct': 0.13471619627326104}. Best is trial 35 with value: 99.4676.
Best trial: 35. Best value: 99.4676:  69%|██████▉   | 69/100 [3:26:30<1:32:29, 179.01s/it]Best trial: 35. Best value: 99.4676:  69%|██████▉   | 69/100 [3:26:30<1:32:29, 179.01s/it]Best trial: 35. Best value: 99.4676:  70%|███████   | 70/100 [3:26:30<1:29:32, 179.07s/it]                                                                                          [I 2026-07-25 01:15:54,612] Trial 70 finished with value: 73.4759 and parameters: {'vwap_buy_deviation': -0.028074136854848285, 'take_profit_pct': 0.018418795170975253, 'buy_confirm_min_score': 19, 'notify_sell_threshold': 60, 'notify_buy_threshold': 40, 'stock_qty_strong_pct': 0.369953805800388, 'stock_qty_base_pct': 0.373912243236553, 'stock_rebuild_strong_pct': 0.520842256292187, 'stock_first_add_pct': 0.3545565362265411}. Best is trial 35 with value: 99.4676.
Best trial: 35. Best value: 99.4676:  70%|███████   | 70/100 [3:29:34<1:29:32, 179.07s/it]Best trial: 35. Best value: 99.4676:  70%|███████   | 70/100 [3:29:34<1:29:32, 179.07s/it]Best trial: 35. Best value: 99.4676:  71%|███████   | 71/100 [3:29:34<1:27:11, 180.40s/it]                                                                                          [I 2026-07-25 01:18:59,793] Trial 71 finished with value: 73.4759 and parameters: {'vwap_buy_deviation': -0.02487988500120067, 'take_profit_pct': 0.019289744152675196, 'buy_confirm_min_score': 21, 'notify_sell_threshold': 60, 'notify_buy_threshold': 41, 'stock_qty_strong_pct': 0.3589916775734994, 'stock_qty_base_pct': 0.27075163343031783, 'stock_rebuild_strong_pct': 0.512186788960683, 'stock_first_add_pct': 0.30294635663573455}. Best is trial 35 with value: 99.4676.
Best trial: 35. Best value: 99.4676:  71%|███████   | 71/100 [3:32:39<1:27:11, 180.40s/it]Best trial: 35. Best value: 99.4676:  71%|███████   | 71/100 [3:32:39<1:27:11, 180.40s/it]Best trial: 35. Best value: 99.4676:  72%|███████▏  | 72/100 [3:32:39<1:24:51, 181.84s/it]                                                                                          [I 2026-07-25 01:22:01,174] Trial 72 finished with value: 56.2596 and parameters: {'vwap_buy_deviation': -0.021409453759882482, 'take_profit_pct': 0.017643674038480387, 'buy_confirm_min_score': 21, 'notify_sell_threshold': 58, 'notify_buy_threshold': 40, 'stock_qty_strong_pct': 0.3188459976058618, 'stock_qty_base_pct': 0.3033116672209868, 'stock_rebuild_strong_pct': 0.5377770596257299, 'stock_first_add_pct': 0.3345604722867047}. Best is trial 35 with value: 99.4676.
Best trial: 35. Best value: 99.4676:  72%|███████▏  | 72/100 [3:35:41<1:24:51, 181.84s/it]Best trial: 35. Best value: 99.4676:  72%|███████▏  | 72/100 [3:35:41<1:24:51, 181.84s/it]Best trial: 35. Best value: 99.4676:  73%|███████▎  | 73/100 [3:35:41<1:21:45, 181.70s/it]                                                                                          [I 2026-07-25 01:25:02,990] Trial 73 finished with value: 25.1506 and parameters: {'vwap_buy_deviation': -0.026812636993618428, 'take_profit_pct': 0.020419636605885787, 'buy_confirm_min_score': 23, 'notify_sell_threshold': 64, 'notify_buy_threshold': 44, 'stock_qty_strong_pct': 0.3441074718359162, 'stock_qty_base_pct': 0.2905384802089218, 'stock_rebuild_strong_pct': 0.5681722174841654, 'stock_first_add_pct': 0.2794664291026859}. Best is trial 35 with value: 99.4676.
Best trial: 35. Best value: 99.4676:  73%|███████▎  | 73/100 [3:38:42<1:21:45, 181.70s/it]Best trial: 35. Best value: 99.4676:  73%|███████▎  | 73/100 [3:38:42<1:21:45, 181.70s/it]Best trial: 35. Best value: 99.4676:  74%|███████▍  | 74/100 [3:38:42<1:18:45, 181.73s/it]                                                                                          [I 2026-07-25 01:28:02,733] Trial 74 finished with value: 68.3585 and parameters: {'vwap_buy_deviation': -0.02437321614205031, 'take_profit_pct': 0.019578619921147053, 'buy_confirm_min_score': 16, 'notify_sell_threshold': 61, 'notify_buy_threshold': 41, 'stock_qty_strong_pct': 0.36455363981470384, 'stock_qty_base_pct': 0.2789416445054679, 'stock_rebuild_strong_pct': 0.6005376762757872, 'stock_first_add_pct': 0.31412811658611883}. Best is trial 35 with value: 99.4676.
Best trial: 35. Best value: 99.4676:  74%|███████▍  | 74/100 [3:41:42<1:18:45, 181.73s/it]Best trial: 35. Best value: 99.4676:  74%|███████▍  | 74/100 [3:41:42<1:18:45, 181.73s/it]Best trial: 35. Best value: 99.4676:  75%|███████▌  | 75/100 [3:41:42<1:15:28, 181.14s/it]                                                                                          [I 2026-07-25 01:31:00,492] Trial 75 finished with value: 73.4759 and parameters: {'vwap_buy_deviation': -0.023439066505456813, 'take_profit_pct': 0.021345618615489073, 'buy_confirm_min_score': 18, 'notify_sell_threshold': 60, 'notify_buy_threshold': 42, 'stock_qty_strong_pct': 0.3909128415914275, 'stock_qty_base_pct': 0.3381076169582689, 'stock_rebuild_strong_pct': 0.5164153573636221, 'stock_first_add_pct': 0.2604615777337024}. Best is trial 35 with value: 99.4676.
Best trial: 35. Best value: 99.4676:  75%|███████▌  | 75/100 [3:44:40<1:15:28, 181.14s/it]Best trial: 35. Best value: 99.4676:  75%|███████▌  | 75/100 [3:44:40<1:15:28, 181.14s/it]Best trial: 35. Best value: 99.4676:  76%|███████▌  | 76/100 [3:44:40<1:12:02, 180.12s/it]                                                                                          [I 2026-07-25 01:33:56,641] Trial 76 finished with value: 29.4727 and parameters: {'vwap_buy_deviation': -0.02897236006922139, 'take_profit_pct': 0.015170155684201662, 'buy_confirm_min_score': 21, 'notify_sell_threshold': 63, 'notify_buy_threshold': 40, 'stock_qty_strong_pct': 0.3345846409143494, 'stock_qty_base_pct': 0.3035772959323289, 'stock_rebuild_strong_pct': 0.6216840067046351, 'stock_first_add_pct': 0.2920507183492188}. Best is trial 35 with value: 99.4676.
Best trial: 35. Best value: 99.4676:  76%|███████▌  | 76/100 [3:47:36<1:12:02, 180.12s/it]Best trial: 35. Best value: 99.4676:  76%|███████▌  | 76/100 [3:47:36<1:12:02, 180.12s/it]Best trial: 35. Best value: 99.4676:  77%|███████▋  | 77/100 [3:47:36<1:08:35, 178.93s/it]                                                                                          [I 2026-07-25 01:37:00,778] Trial 77 finished with value: 13.2615 and parameters: {'vwap_buy_deviation': -0.025622015876098136, 'take_profit_pct': 0.018131727526210888, 'buy_confirm_min_score': 22, 'notify_sell_threshold': 66, 'notify_buy_threshold': 44, 'stock_qty_strong_pct': 0.4266636033529014, 'stock_qty_base_pct': 0.3512508829238983, 'stock_rebuild_strong_pct': 0.6340647409348079, 'stock_first_add_pct': 0.11273324244591036}. Best is trial 35 with value: 99.4676.
