Best trial: 3. Best value: 0:  25%|®А®А®Д       | 25/100 [1:34:30<4:08:49, 199.06s/it]Best trial: 3. Best value: 0:  25%|®А®А®Д       | 25/100 [1:34:30<4:08:49, 199.06s/it]Best trial: 3. Best value: 0:  26%|®А®А®Д       | 26/100 [1:34:30<4:12:55, 205.08s/it]                                                                                   [I 2026-07-24 13:04:02,351] Trial 26 finished with value: -9999.0 and parameters: {'vwap_buy_deviation': -0.023725937904008388, 'take_profit_pct': 0.018909162595607015, 'buy_confirm_min_score': 17, 'notify_sell_threshold': 67, 'notify_buy_threshold': 46, 'stock_qty_strong_pct': 0.32046334355032413, 'stock_qty_base_pct': 0.33298252156737745, 'stock_rebuild_strong_pct': 0.9686570232121265, 'stock_first_add_pct': 0.3320689975224154}. Best is trial 3 with value: 0.0.
Best trial: 3. Best value: 0:  26%|®А®А®Д       | 26/100 [1:37:52<4:12:55, 205.08s/it]Best trial: 3. Best value: 0:  26%|®А®А®Д       | 26/100 [1:37:52<4:12:55, 205.08s/it]Best trial: 3. Best value: 0:  27%|®А®А®Г       | 27/100 [1:37:52<4:08:20, 204.12s/it]                                                                                   [I 2026-07-24 13:07:40,337] Trial 27 finished with value: -9999.0 and parameters: {'vwap_buy_deviation': -0.028500871827648894, 'take_profit_pct': 0.013117395263881051, 'buy_confirm_min_score': 28, 'notify_sell_threshold': 53, 'notify_buy_threshold': 43, 'stock_qty_strong_pct': 0.277404934182514, 'stock_qty_base_pct': 0.3747176269803246, 'stock_rebuild_strong_pct': 0.9084720826155536, 'stock_first_add_pct': 0.36249943793768674}. Best is trial 3 with value: 0.0.
Best trial: 3. Best value: 0:  27%|®А®А®Г       | 27/100 [1:41:30<4:08:20, 204.12s/it]Best trial: 3. Best value: 0:  27%|®А®А®Г       | 27/100 [1:41:30<4:08:20, 204.12s/it]Best trial: 3. Best value: 0:  28%|®А®А®В       | 28/100 [1:41:30<4:09:56, 208.28s/it]                                                                                   [I 2026-07-24 13:10:51,533] Trial 28 finished with value: -9999.0 and parameters: {'vwap_buy_deviation': -0.025607868352904246, 'take_profit_pct': 0.008529229347697186, 'buy_confirm_min_score': 20, 'notify_sell_threshold': 50, 'notify_buy_threshold': 51, 'stock_qty_strong_pct': 0.39832933412018157, 'stock_qty_base_pct': 0.297482716040814, 'stock_rebuild_strong_pct': 0.9954193199297983, 'stock_first_add_pct': 0.2945470920563366}. Best is trial 3 with value: 0.0.
Best trial: 3. Best value: 0:  28%|®А®А®В       | 28/100 [1:44:41<4:09:56, 208.28s/it]Best trial: 3. Best value: 0:  28%|®А®А®В       | 28/100 [1:44:41<4:09:56, 208.28s/it]Best trial: 3. Best value: 0:  29%|®А®А®Б       | 29/100 [1:44:41<4:00:24, 203.16s/it]                                                                                   [I 2026-07-24 13:14:46,937] Trial 29 finished with value: -9999.0 and parameters: {'vwap_buy_deviation': -0.02782477766025164, 'take_profit_pct': 0.024481679205274574, 'buy_confirm_min_score': 22, 'notify_sell_threshold': 58, 'notify_buy_threshold': 44, 'stock_qty_strong_pct': 0.30345630420136904, 'stock_qty_base_pct': 0.2635554212252958, 'stock_rebuild_strong_pct': 0.9269058490618016, 'stock_first_add_pct': 0.267959932383082}. Best is trial 3 with value: 0.0.
Best trial: 3. Best value: 0:  29%|®А®А®Б       | 29/100 [1:48:37<4:00:24, 203.16s/it]Best trial: 3. Best value: 0:  29%|®А®А®Б       | 29/100 [1:48:37<4:00:24, 203.16s/it]Best trial: 3. Best value: 0:  30%|®А®А®А       | 30/100 [1:48:37<4:08:18, 212.83s/it]                                                                                   [I 2026-07-24 13:18:17,512] Trial 30 finished with value: -9999.0 and parameters: {'vwap_buy_deviation': -0.03366396686291412, 'take_profit_pct': 0.022171638991615807, 'buy_confirm_min_score': 16, 'notify_sell_threshold': 60, 'notify_buy_threshold': 45, 'stock_qty_strong_pct': 0.537092451016195, 'stock_qty_base_pct': 0.16800876816549926, 'stock_rebuild_strong_pct': 0.9645218434428079, 'stock_first_add_pct': 0.3807557976841995}. Best is trial 3 with value: 0.0.
Best trial: 3. Best value: 0:  30%|®А®А®А       | 30/100 [1:52:07<4:08:18, 212.83s/it]Best trial: 3. Best value: 0:  30%|®А®А®А       | 30/100 [1:52:07<4:08:18, 212.83s/it]Best trial: 3. Best value: 0:  31%|®А®А®А       | 31/100 [1:52:07<4:03:58, 212.15s/it]                                                                                   [I 2026-07-24 13:21:54,252] Trial 31 finished with value: 0.0 and parameters: {'vwap_buy_deviation': -0.02492147966694735, 'take_profit_pct': 0.016677226272198458, 'buy_confirm_min_score': 18, 'notify_sell_threshold': 61, 'notify_buy_threshold': 40, 'stock_qty_strong_pct': 0.3451428036222193, 'stock_qty_base_pct': 0.15165241863748002, 'stock_rebuild_strong_pct': 0.9968895919785287, 'stock_first_add_pct': 0.39281196538559215}. Best is trial 3 with value: 0.0.
Best trial: 3. Best value: 0:  31%|®А®А®А       | 31/100 [1:55:44<4:03:58, 212.15s/it]Best trial: 3. Best value: 0:  31%|®А®А®А       | 31/100 [1:55:44<4:03:58, 212.15s/it]Best trial: 3. Best value: 0:  32%|®А®А®А®З      | 32/100 [1:55:44<4:02:00, 213.53s/it]                                                                                   [I 2026-07-24 13:25:34,286] Trial 32 finished with value: 0.0 and parameters: {'vwap_buy_deviation': -0.021354061097269905, 'take_profit_pct': 0.017154648659202094, 'buy_confirm_min_score': 19, 'notify_sell_threshold': 65, 'notify_buy_threshold': 42, 'stock_qty_strong_pct': 0.35221132334459493, 'stock_qty_base_pct': 0.19950304311343223, 'stock_rebuild_strong_pct': 0.9645427700316462, 'stock_first_add_pct': 0.3999683787247305}. Best is trial 3 with value: 0.0.
Best trial: 3. Best value: 0:  32%|®А®А®А®З      | 32/100 [1:59:24<4:02:00, 213.53s/it]Best trial: 3. Best value: 0:  32%|®А®А®А®З      | 32/100 [1:59:24<4:02:00, 213.53s/it]Best trial: 3. Best value: 0:  33%|®А®А®А®Ж      | 33/100 [1:59:24<4:00:37, 215.48s/it]                                                                                   [I 2026-07-24 13:28:35,348] Trial 33 finished with value: -9999.0 and parameters: {'vwap_buy_deviation': -0.026730717705295767, 'take_profit_pct': 0.018321587043750847, 'buy_confirm_min_score': 17, 'notify_sell_threshold': 56, 'notify_buy_threshold': 47, 'stock_qty_strong_pct': 0.3221592509465063, 'stock_qty_base_pct': 0.15086443101187083, 'stock_rebuild_strong_pct': 0.9152859267825934, 'stock_first_add_pct': 0.35049745918851544}. Best is trial 3 with value: 0.0.
Best trial: 3. Best value: 0:  33%|®А®А®А®Ж      | 33/100 [2:02:25<4:00:37, 215.48s/it]Best trial: 3. Best value: 0:  33%|®А®А®А®Ж      | 33/100 [2:02:25<4:00:37, 215.48s/it]Best trial: 3. Best value: 0:  34%|®А®А®А®Е      | 34/100 [2:02:25<3:45:40, 205.16s/it]                                                                                   [I 2026-07-24 13:31:51,698] Trial 34 finished with value: 0.0 and parameters: {'vwap_buy_deviation': -0.023853110876079563, 'take_profit_pct': 0.015662051574586187, 'buy_confirm_min_score': 15, 'notify_sell_threshold': 58, 'notify_buy_threshold': 42, 'stock_qty_strong_pct': 0.3814553438736007, 'stock_qty_base_pct': 0.16612274657302695, 'stock_rebuild_strong_pct': 0.8774211117856987, 'stock_first_add_pct': 0.3288824072691948}. Best is trial 3 with value: 0.0.
Best trial: 3. Best value: 0:  34%|®А®А®А®Е      | 34/100 [2:05:41<3:45:40, 205.16s/it]Best trial: 3. Best value: 0:  34%|®А®А®А®Е      | 34/100 [2:05:41<3:45:40, 205.16s/it]Best trial: 3. Best value: 0:  35%|®А®А®А®Д      | 35/100 [2:05:41<3:39:23, 202.51s/it]                                                                                   [I 2026-07-24 13:34:23,634] Trial 35 finished with value: -9999.0 and parameters: {'vwap_buy_deviation': -0.025340497826065383, 'take_profit_pct': 0.01995094020070394, 'buy_confirm_min_score': 21, 'notify_sell_threshold': 64, 'notify_buy_threshold': 40, 'stock_qty_strong_pct': 0.3345679756137693, 'stock_qty_base_pct': 0.19266876582551234, 'stock_rebuild_strong_pct': 0.9765955019788534, 'stock_first_add_pct': 0.3729054053096536}. Best is trial 3 with value: 0.0.
Best trial: 3. Best value: 0:  35%|®А®А®А®Д      | 35/100 [2:08:13<3:39:23, 202.51s/it]Best trial: 3. Best value: 0:  35%|®А®А®А®Д      | 35/100 [2:08:13<3:39:23, 202.51s/it]Best trial: 3. Best value: 0:  36%|®А®А®А®Д      | 36/100 [2:08:13<3:19:49, 187.34s/it]                                                                                   [I 2026-07-24 13:37:20,429] Trial 36 finished with value: -9999.0 and parameters: {'vwap_buy_deviation': -0.029222775315846418, 'take_profit_pct': 0.012444703354441203, 'buy_confirm_min_score': 18, 'notify_sell_threshold': 61, 'notify_buy_threshold': 44, 'stock_qty_strong_pct': 0.29528786786510564, 'stock_qty_base_pct': 0.20624327133413287, 'stock_rebuild_strong_pct': 0.939009616998211, 'stock_first_add_pct': 0.24032075154085736}. Best is trial 3 with value: 0.0.
Best trial: 3. Best value: 0:  36%|®А®А®А®Д      | 36/100 [2:11:10<3:19:49, 187.34s/it]Best trial: 3. Best value: 0:  36%|®А®А®А®Д      | 36/100 [2:11:10<3:19:49, 187.34s/it]Best trial: 3. Best value: 0:  37%|®А®А®А®Г      | 37/100 [2:11:10<3:13:23, 184.18s/it]                                                                                   [I 2026-07-24 13:40:05,896] Trial 37 finished with value: 0.0 and parameters: {'vwap_buy_deviation': -0.02262297405879305, 'take_profit_pct': 0.014949397179937533, 'buy_confirm_min_score': 17, 'notify_sell_threshold': 69, 'notify_buy_threshold': 45, 'stock_qty_strong_pct': 0.43102170593003397, 'stock_qty_base_pct': 0.16717796600990278, 'stock_rebuild_strong_pct': 0.9739567555393625, 'stock_first_add_pct': 0.35699821569462137}. Best is trial 3 with value: 0.0.
Best trial: 3. Best value: 0:  37%|®А®А®А®Г      | 37/100 [2:13:56<3:13:23, 184.18s/it]Best trial: 3. Best value: 0:  37%|®А®А®А®Г      | 37/100 [2:13:56<3:13:23, 184.18s/it]Best trial: 3. Best value: 0:  38%|®А®А®А®В      | 38/100 [2:13:56<3:04:30, 178.56s/it]                                                                                   [I 2026-07-24 13:42:49,759] Trial 38 finished with value: 0.0 and parameters: {'vwap_buy_deviation': -0.027028869906324377, 'take_profit_pct': 0.016792924553820875, 'buy_confirm_min_score': 24, 'notify_sell_threshold': 55, 'notify_buy_threshold': 42, 'stock_qty_strong_pct': 0.3618180336373972, 'stock_qty_base_pct': 0.2585077756205851, 'stock_rebuild_strong_pct': 0.8979166065633318, 'stock_first_add_pct': 0.37427225569094824}. Best is trial 3 with value: 0.0.
Best trial: 3. Best value: 0:  38%|®А®А®А®В      | 38/100 [2:16:40<3:04:30, 178.56s/it]Best trial: 3. Best value: 0:  38%|®А®А®А®В      | 38/100 [2:16:40<3:04:30, 178.56s/it]Best trial: 3. Best value: 0:  39%|®А®А®А®Б      | 39/100 [2:16:40<2:57:03, 174.15s/it]                                                                                   [I 2026-07-24 13:45:12,892] Trial 39 finished with value: -9999.0 and parameters: {'vwap_buy_deviation': -0.020430392527538255, 'take_profit_pct': 0.020295834534393094, 'buy_confirm_min_score': 16, 'notify_sell_threshold': 63, 'notify_buy_threshold': 48, 'stock_qty_strong_pct': 0.27369350832858175, 'stock_qty_base_pct': 0.22485397194202617, 'stock_rebuild_strong_pct': 0.940371979794377, 'stock_first_add_pct': 0.34596637374040595}. Best is trial 3 with value: 0.0.
Best trial: 3. Best value: 0:  39%|®А®А®А®Б      | 39/100 [2:19:03<2:57:03, 174.15s/it]Best trial: 3. Best value: 0:  39%|®А®А®А®Б      | 39/100 [2:19:03<2:57:03, 174.15s/it]Best trial: 3. Best value: 0:  40%|®А®А®А®А      | 40/100 [2:19:03<2:44:50, 164.85s/it]                                                                                   [I 2026-07-24 13:47:44,198] Trial 40 finished with value: -9999.0 and parameters: {'vwap_buy_deviation': -0.0224265950119778, 'take_profit_pct': 0.008697975951106218, 'buy_confirm_min_score': 19, 'notify_sell_threshold': 57, 'notify_buy_threshold': 41, 'stock_qty_strong_pct': 0.31213645141606955, 'stock_qty_base_pct': 0.17937618926382498, 'stock_rebuild_strong_pct': 0.658910470147277, 'stock_first_add_pct': 0.20093273400748274}. Best is trial 3 with value: 0.0.
Best trial: 3. Best value: 0:  40%|®А®А®А®А      | 40/100 [2:21:34<2:44:50, 164.85s/it]Best trial: 3. Best value: 0:  40%|®А®А®А®А      | 40/100 [2:21:34<2:44:50, 164.85s/it]Best trial: 3. Best value: 0:  41%|®А®А®А®А      | 41/100 [2:21:34<2:38:06, 160.78s/it]                                                                                   [I 2026-07-24 13:51:20,126] Trial 41 finished with value: 0.0 and parameters: {'vwap_buy_deviation': -0.024175252338919803, 'take_profit_pct': 0.015951494184472753, 'buy_confirm_min_score': 20, 'notify_sell_threshold': 67, 'notify_buy_threshold': 43, 'stock_qty_strong_pct': 0.3383812157470472, 'stock_qty_base_pct': 0.2124459156433683, 'stock_rebuild_strong_pct': 0.9942447312507194, 'stock_first_add_pct': 0.3837263819213039}. Best is trial 3 with value: 0.0.
Best trial: 3. Best value: 0:  41%|®А®А®А®А      | 41/100 [2:25:10<2:38:06, 160.78s/it]Best trial: 3. Best value: 0:  41%|®А®А®А®А      | 41/100 [2:25:10<2:38:06, 160.78s/it]Best trial: 3. Best value: 0:  42%|®А®А®А®А®З     | 42/100 [2:25:10<2:51:25, 177.33s/it]                                                                                   [I 2026-07-24 13:53:28,498] Trial 42 finished with value: 0.0 and parameters: {'vwap_buy_deviation': -0.025765183209585776, 'take_profit_pct': 0.015967910674684185, 'buy_confirm_min_score': 22, 'notify_sell_threshold': 66, 'notify_buy_threshold': 44, 'stock_qty_strong_pct': 0.39099495216860525, 'stock_qty_base_pct': 0.2500210174482059, 'stock_rebuild_strong_pct': 0.9783365142430245, 'stock_first_add_pct': 0.3673108994768878}. Best is trial 3 with value: 0.0.
Best trial: 3. Best value: 0:  42%|®А®А®А®А®З     | 42/100 [2:27:18<2:51:25, 177.33s/it]Best trial: 3. Best value: 0:  42%|®А®А®А®А®З     | 42/100 [2:27:18<2:51:25, 177.33s/it]Best trial: 3. Best value: 0:  43%|®А®А®А®А®Ж     | 43/100 [2:27:18<2:34:30, 162.65s/it]                                                                                   [I 2026-07-24 13:56:01,823] Trial 43 finished with value: 0.0 and parameters: {'vwap_buy_deviation': -0.023305413734779352, 'take_profit_pct': 0.0172849949153717, 'buy_confirm_min_score': 20, 'notify_sell_threshold': 65, 'notify_buy_threshold': 41, 'stock_qty_strong_pct': 0.35700713520560856, 'stock_qty_base_pct': 0.1599465555443041, 'stock_rebuild_strong_pct': 0.952586465099267, 'stock_first_add_pct': 0.38053796680229285}. Best is trial 3 with value: 0.0.
Best trial: 3. Best value: 0:  43%|®А®А®А®А®Ж     | 43/100 [2:29:52<2:34:30, 162.65s/it]Best trial: 3. Best value: 0:  43%|®А®А®А®А®Ж     | 43/100 [2:29:52<2:34:30, 162.65s/it]Best trial: 3. Best value: 0:  44%|®А®А®А®А®Е     | 44/100 [2:29:52<2:29:11, 159.84s/it]                                                                                   [I 2026-07-24 13:58:32,700] Trial 44 finished with value: -9999.0 and parameters: {'vwap_buy_deviation': -0.021726395797810077, 'take_profit_pct': 0.019222703898880714, 'buy_confirm_min_score': 23, 'notify_sell_threshold': 60, 'notify_buy_threshold': 46, 'stock_qty_strong_pct': 0.3308112579788996, 'stock_qty_base_pct': 0.19313114153919644, 'stock_rebuild_strong_pct': 0.9945355145046059, 'stock_first_add_pct': 0.3215468082839277}. Best is trial 3 with value: 0.0.
Best trial: 3. Best value: 0:  44%|®А®А®А®А®Е     | 44/100 [2:32:22<2:29:11, 159.84s/it]Best trial: 3. Best value: 0:  44%|®А®А®А®А®Е     | 44/100 [2:32:22<2:29:11, 159.84s/it]Best trial: 3. Best value: 0:  45%|®А®А®А®А®Д     | 45/100 [2:32:22<2:24:03, 157.15s/it]                                                                                   [I 2026-07-24 14:01:21,455] Trial 45 finished with value: -9999.0 and parameters: {'vwap_buy_deviation': -0.028130305161868232, 'take_profit_pct': 0.01804889108995094, 'buy_confirm_min_score': 19, 'notify_sell_threshold': 62, 'notify_buy_threshold': 43, 'stock_qty_strong_pct': 0.27900239480459993, 'stock_qty_base_pct': 0.2190289607963859, 'stock_rebuild_strong_pct': 0.9305329064529495, 'stock_first_add_pct': 0.358991258180396}. Best is trial 3 with value: 0.0.
Best trial: 3. Best value: 0:  45%|®А®А®А®А®Д     | 45/100 [2:35:11<2:24:03, 157.15s/it]Best trial: 3. Best value: 0:  45%|®А®А®А®А®Д     | 45/100 [2:35:11<2:24:03, 157.15s/it]Best trial: 3. Best value: 0:  46%|®А®А®А®А®Д     | 46/100 [2:35:11<2:24:34, 160.63s/it]                                                                                   [I 2026-07-24 14:03:46,808] Trial 46 finished with value: -9999.0 and parameters: {'vwap_buy_deviation': -0.023149488754506356, 'take_profit_pct': 0.014378881156407758, 'buy_confirm_min_score': 21, 'notify_sell_threshold': 59, 'notify_buy_threshold': 50, 'stock_qty_strong_pct': 0.30869626334979056, 'stock_qty_base_pct': 0.3312109750496843, 'stock_rebuild_strong_pct': 0.9567011672196591, 'stock_first_add_pct': 0.3001887863559459}. Best is trial 3 with value: 0.0.
Best trial: 3. Best value: 0:  46%|®А®А®А®А®Д     | 46/100 [2:37:37<2:24:34, 160.63s/it]Best trial: 3. Best value: 0:  46%|®А®А®А®А®Д     | 46/100 [2:37:37<2:24:34, 160.63s/it]Best trial: 3. Best value: 0:  47%|®А®А®А®А®Г     | 47/100 [2:37:37<2:17:50, 156.05s/it]                                                                                   [I 2026-07-24 14:06:20,397] Trial 47 finished with value: -9999.0 and parameters: {'vwap_buy_deviation': -0.01942426236434039, 'take_profit_pct': 0.01338765171899336, 'buy_confirm_min_score': 20, 'notify_sell_threshold': 64, 'notify_buy_threshold': 41, 'stock_qty_strong_pct': 0.3683264606365568, 'stock_qty_base_pct': 0.2363217182557348, 'stock_rebuild_strong_pct': 0.9779454354401144, 'stock_first_add_pct': 0.34333830203455684}. Best is trial 3 with value: 0.0.
Best trial: 3. Best value: 0:  47%|®А®А®А®А®Г     | 47/100 [2:40:10<2:17:50, 156.05s/it]Best trial: 3. Best value: 0:  47%|®А®А®А®А®Г     | 47/100 [2:40:10<2:17:50, 156.05s/it]Best trial: 3. Best value: 0:  48%|®А®А®А®А®В     | 48/100 [2:40:10<2:14:36, 155.31s/it]                                                                                   [I 2026-07-24 14:08:41,261] Trial 48 finished with value: 0.0 and parameters: {'vwap_buy_deviation': -0.026235697437190494, 'take_profit_pct': 0.016534748613294275, 'buy_confirm_min_score': 18, 'notify_sell_threshold': 53, 'notify_buy_threshold': 43, 'stock_qty_strong_pct': 0.26504196905085275, 'stock_qty_base_pct': 0.2840304607971615, 'stock_rebuild_strong_pct': 0.8896988638667225, 'stock_first_add_pct': 0.39002741447834033}. Best is trial 3 with value: 0.0.
Best trial: 3. Best value: 0:  48%|®А®А®А®А®В     | 48/100 [2:42:31<2:14:36, 155.31s/it]Best trial: 3. Best value: 0:  48%|®А®А®А®А®В     | 48/100 [2:42:31<2:14:36, 155.31s/it]Best trial: 3. Best value: 0:  49%|®А®А®А®А®Б     | 49/100 [2:42:31<2:08:19, 150.98s/it]                                                                                   [I 2026-07-24 14:10:57,852] Trial 49 finished with value: 0.0 and parameters: {'vwap_buy_deviation': -0.024602027770734176, 'take_profit_pct': 0.01546605533994685, 'buy_confirm_min_score': 16, 'notify_sell_threshold': 68, 'notify_buy_threshold': 45, 'stock_qty_strong_pct': 0.29086552172148544, 'stock_qty_base_pct': 0.17115448671698236, 'stock_rebuild_strong_pct': 0.9971700343881785, 'stock_first_add_pct': 0.3716977018234769}. Best is trial 3 with value: 0.0.
Best trial: 3. Best value: 0:  49%|®А®А®А®А®Б     | 49/100 [2:44:48<2:08:19, 150.98s/it]Best trial: 3. Best value: 0:  49%|®А®А®А®А®Б     | 49/100 [2:44:48<2:08:19, 150.98s/it]Best trial: 3. Best value: 0:  50%|®А®А®А®А®А     | 50/100 [2:44:48<2:02:13, 146.66s/it]                                                                                   [I 2026-07-24 14:13:18,118] Trial 50 finished with value: -9999.0 and parameters: {'vwap_buy_deviation': -0.027209742670431244, 'take_profit_pct': 0.021364432868541876, 'buy_confirm_min_score': 29, 'notify_sell_threshold': 61, 'notify_buy_threshold': 47, 'stock_qty_strong_pct': 0.5850017557780154, 'stock_qty_base_pct': 0.2016772066690218, 'stock_rebuild_strong_pct': 0.8562762917677649, 'stock_first_add_pct': 0.1320825035390194}. Best is trial 3 with value: 0.0.
Best trial: 3. Best value: 0:  50%|®А®А®А®А®А     | 50/100 [2:47:08<2:02:13, 146.66s/it]Best trial: 3. Best value: 0:  50%|®А®А®А®А®А     | 50/100 [2:47:08<2:02:13, 146.66s/it]Best trial: 3. Best value: 0:  51%|®А®А®А®А®А     | 51/100 [2:47:08<1:58:12, 144.74s/it]                                                                                   [I 2026-07-24 14:15:17,566] Trial 51 finished with value: 0.0 and parameters: {'vwap_buy_deviation': -0.03001754734010273, 'take_profit_pct': 0.017828870610631233, 'buy_confirm_min_score': 19, 'notify_sell_threshold': 63, 'notify_buy_threshold': 40, 'stock_qty_strong_pct': 0.3890169730054597, 'stock_qty_base_pct': 0.17646439596402064, 'stock_rebuild_strong_pct': 0.9477398503895466, 'stock_first_add_pct': 0.30534199642621135}. Best is trial 3 with value: 0.0.
