Best trial: 3. Best value: 0:  51%|®А®А®А®А®А     | 51/100 [2:49:07<1:58:12, 144.74s/it]Best trial: 3. Best value: 0:  51%|®А®А®А®А®А     | 51/100 [2:49:07<1:58:12, 144.74s/it]Best trial: 3. Best value: 0:  52%|®А®А®А®А®А®З    | 52/100 [2:49:07<1:49:43, 137.15s/it]                                                                                   [I 2026-07-24 14:17:26,433] Trial 52 finished with value: 0.0 and parameters: {'vwap_buy_deviation': -0.03239858568985048, 'take_profit_pct': 0.016074168938438452, 'buy_confirm_min_score': 19, 'notify_sell_threshold': 63, 'notify_buy_threshold': 40, 'stock_qty_strong_pct': 0.4030293661382711, 'stock_qty_base_pct': 0.18308833210016817, 'stock_rebuild_strong_pct': 0.9201110523751966, 'stock_first_add_pct': 0.2900851292270788}. Best is trial 3 with value: 0.0.
Best trial: 3. Best value: 0:  52%|®А®А®А®А®А®З    | 52/100 [2:51:16<1:49:43, 137.15s/it]Best trial: 3. Best value: 0:  52%|®А®А®А®А®А®З    | 52/100 [2:51:16<1:49:43, 137.15s/it]Best trial: 3. Best value: 0:  53%|®А®А®А®А®А®Ж    | 53/100 [2:51:16<1:45:29, 134.67s/it]                                                                                   [I 2026-07-24 14:20:27,697] Trial 53 finished with value: 0.0 and parameters: {'vwap_buy_deviation': -0.03078166447920886, 'take_profit_pct': 0.013980323368428072, 'buy_confirm_min_score': 20, 'notify_sell_threshold': 66, 'notify_buy_threshold': 42, 'stock_qty_strong_pct': 0.4297126403461848, 'stock_qty_base_pct': 0.156516267400088, 'stock_rebuild_strong_pct': 0.9574288910470184, 'stock_first_add_pct': 0.26457667198999996}. Best is trial 3 with value: 0.0.
Best trial: 3. Best value: 0:  53%|®А®А®А®А®А®Ж    | 53/100 [2:54:17<1:45:29, 134.67s/it]Best trial: 3. Best value: 0:  53%|®А®А®А®А®А®Ж    | 53/100 [2:54:17<1:45:29, 134.67s/it]Best trial: 3. Best value: 0:  54%|®А®А®А®А®А®Е    | 54/100 [2:54:17<1:53:57, 148.65s/it]                                                                                   [I 2026-07-24 14:23:21,740] Trial 54 finished with value: 0.0 and parameters: {'vwap_buy_deviation': -0.025313876698129144, 'take_profit_pct': 0.015156143819867171, 'buy_confirm_min_score': 17, 'notify_sell_threshold': 59, 'notify_buy_threshold': 41, 'stock_qty_strong_pct': 0.37523924794568453, 'stock_qty_base_pct': 0.38653317675409726, 'stock_rebuild_strong_pct': 0.9795941959629416, 'stock_first_add_pct': 0.32125865594026604}. Best is trial 3 with value: 0.0.
Best trial: 3. Best value: 0:  54%|®А®А®А®А®А®Е    | 54/100 [2:57:12<1:53:57, 148.65s/it]Best trial: 3. Best value: 0:  54%|®А®А®А®А®А®Е    | 54/100 [2:57:12<1:53:57, 148.65s/it]Best trial: 3. Best value: 0:  55%|®А®А®А®А®А®Д    | 55/100 [2:57:12<1:57:11, 156.27s/it]                                                                                   [I 2026-07-24 14:26:19,647] Trial 55 finished with value: -9999.0 and parameters: {'vwap_buy_deviation': -0.022485001152479134, 'take_profit_pct': 0.01949667588500845, 'buy_confirm_min_score': 21, 'notify_sell_threshold': 62, 'notify_buy_threshold': 44, 'stock_qty_strong_pct': 0.3427876315058287, 'stock_qty_base_pct': 0.19245914940634673, 'stock_rebuild_strong_pct': 0.9457860975042958, 'stock_first_add_pct': 0.27958267702486}. Best is trial 3 with value: 0.0.
Best trial: 3. Best value: 0:  55%|®А®А®А®А®А®Д    | 55/100 [3:00:09<1:57:11, 156.27s/it]Best trial: 3. Best value: 0:  55%|®А®А®А®А®А®Д    | 55/100 [3:00:09<1:57:11, 156.27s/it]Best trial: 3. Best value: 0:  56%|®А®А®А®А®А®Д    | 56/100 [3:00:09<1:59:21, 162.76s/it]                                                                                   [I 2026-07-24 14:28:32,179] Trial 56 finished with value: 0.0 and parameters: {'vwap_buy_deviation': -0.023808168068998818, 'take_profit_pct': 0.017923213355320673, 'buy_confirm_min_score': 18, 'notify_sell_threshold': 57, 'notify_buy_threshold': 41, 'stock_qty_strong_pct': 0.318931592695036, 'stock_qty_base_pct': 0.30649319434118305, 'stock_rebuild_strong_pct': 0.9810781193379273, 'stock_first_add_pct': 0.3324508403457259}. Best is trial 3 with value: 0.0.
Best trial: 3. Best value: 0:  56%|®А®А®А®А®А®Д    | 56/100 [3:02:22<1:59:21, 162.76s/it]Best trial: 3. Best value: 0:  56%|®А®А®А®А®А®Д    | 56/100 [3:02:22<1:59:21, 162.76s/it]Best trial: 3. Best value: 0:  57%|®А®А®А®А®А®Г    | 57/100 [3:02:22<1:50:08, 153.69s/it]                                                                                   [I 2026-07-24 14:30:48,501] Trial 57 finished with value: -9999.0 and parameters: {'vwap_buy_deviation': -0.03427275579168977, 'take_profit_pct': 0.011967024020103377, 'buy_confirm_min_score': 22, 'notify_sell_threshold': 41, 'notify_buy_threshold': 69, 'stock_qty_strong_pct': 0.4573630283469392, 'stock_qty_base_pct': 0.21325356553723163, 'stock_rebuild_strong_pct': 0.9024421511836618, 'stock_first_add_pct': 0.30806236169402923}. Best is trial 3 with value: 0.0.
Best trial: 3. Best value: 0:  57%|®А®А®А®А®А®Г    | 57/100 [3:04:38<1:50:08, 153.69s/it]Best trial: 3. Best value: 0:  57%|®А®А®А®А®А®Г    | 57/100 [3:04:38<1:50:08, 153.69s/it]Best trial: 3. Best value: 0:  58%|®А®А®А®А®А®В    | 58/100 [3:04:38<1:43:56, 148.48s/it]                                                                                   [I 2026-07-24 14:33:09,489] Trial 58 finished with value: -9999.0 and parameters: {'vwap_buy_deviation': -0.026386635417021142, 'take_profit_pct': 0.016468938904951994, 'buy_confirm_min_score': 19, 'notify_sell_threshold': 70, 'notify_buy_threshold': 43, 'stock_qty_strong_pct': 0.41866514606188054, 'stock_qty_base_pct': 0.17622209559444643, 'stock_rebuild_strong_pct': 0.9624602928161085, 'stock_first_add_pct': 0.399722894075662}. Best is trial 3 with value: 0.0.
Best trial: 3. Best value: 0:  58%|®А®А®А®А®А®В    | 58/100 [3:06:59<1:43:56, 148.48s/it]Best trial: 3. Best value: 0:  58%|®А®А®А®А®А®В    | 58/100 [3:06:59<1:43:56, 148.48s/it]Best trial: 3. Best value: 0:  59%|®А®А®А®А®А®Б    | 59/100 [3:06:59<1:39:55, 146.23s/it]                                                                                   [I 2026-07-24 14:35:36,507] Trial 59 finished with value: -9999.0 and parameters: {'vwap_buy_deviation': -0.0293290413188909, 'take_profit_pct': 0.005244402875945445, 'buy_confirm_min_score': 18, 'notify_sell_threshold': 65, 'notify_buy_threshold': 40, 'stock_qty_strong_pct': 0.36610643405834215, 'stock_qty_base_pct': 0.16205744116527687, 'stock_rebuild_strong_pct': 0.8405093111952073, 'stock_first_add_pct': 0.24564356282198374}. Best is trial 3 with value: 0.0.
Best trial: 3. Best value: 0:  59%|®А®А®А®А®А®Б    | 59/100 [3:09:26<1:39:55, 146.23s/it]Best trial: 3. Best value: 0:  59%|®А®А®А®А®А®Б    | 59/100 [3:09:26<1:39:55, 146.23s/it]Best trial: 3. Best value: 0:  60%|®А®А®А®А®А®А    | 60/100 [3:09:26<1:37:38, 146.47s/it]                                                                                   [I 2026-07-24 14:38:05,721] Trial 60 finished with value: -9999.0 and parameters: {'vwap_buy_deviation': -0.017420858419885665, 'take_profit_pct': 0.010392852663705765, 'buy_confirm_min_score': 15, 'notify_sell_threshold': 60, 'notify_buy_threshold': 60, 'stock_qty_strong_pct': 0.3317281902429169, 'stock_qty_base_pct': 0.35249461031340623, 'stock_rebuild_strong_pct': 0.9285486838491682, 'stock_first_add_pct': 0.3532251208882245}. Best is trial 3 with value: 0.0.
Best trial: 3. Best value: 0:  60%|®А®А®А®А®А®А    | 60/100 [3:11:56<1:37:38, 146.47s/it]Best trial: 3. Best value: 0:  60%|®А®А®А®А®А®А    | 60/100 [3:11:56<1:37:38, 146.47s/it]Best trial: 3. Best value: 0:  61%|®А®А®А®А®А®А    | 61/100 [3:11:56<1:35:44, 147.29s/it]                                                                                   [I 2026-07-24 14:40:54,782] Trial 61 finished with value: 0.0 and parameters: {'vwap_buy_deviation': -0.025582829547362202, 'take_profit_pct': 0.016910233796624808, 'buy_confirm_min_score': 17, 'notify_sell_threshold': 61, 'notify_buy_threshold': 40, 'stock_qty_strong_pct': 0.3450282034162581, 'stock_qty_base_pct': 0.1547994858480961, 'stock_rebuild_strong_pct': 0.998272447151539, 'stock_first_add_pct': 0.3904415564779364}. Best is trial 3 with value: 0.0.
Best trial: 3. Best value: 0:  61%|®А®А®А®А®А®А    | 61/100 [3:14:45<1:35:44, 147.29s/it]Best trial: 3. Best value: 0:  61%|®А®А®А®А®А®А    | 61/100 [3:14:45<1:35:44, 147.29s/it]Best trial: 3. Best value: 0:  62%|®А®А®А®А®А®А®З   | 62/100 [3:14:45<1:37:25, 153.83s/it]                                                                                   [I 2026-07-24 14:43:33,774] Trial 62 finished with value: 0.0 and parameters: {'vwap_buy_deviation': -0.024420786123675407, 'take_profit_pct': 0.01741349628008954, 'buy_confirm_min_score': 20, 'notify_sell_threshold': 61, 'notify_buy_threshold': 42, 'stock_qty_strong_pct': 0.35462208136641515, 'stock_qty_base_pct': 0.15317126549340213, 'stock_rebuild_strong_pct': 0.984316129820757, 'stock_first_add_pct': 0.3891996005349611}. Best is trial 3 with value: 0.0.
Best trial: 3. Best value: 0:  62%|®А®А®А®А®А®А®З   | 62/100 [3:17:24<1:37:25, 153.83s/it]Best trial: 3. Best value: 0:  62%|®А®А®А®А®А®А®З   | 62/100 [3:17:24<1:37:25, 153.83s/it]Best trial: 3. Best value: 0:  63%|®А®А®А®А®А®А®Ж   | 63/100 [3:17:24<1:35:48, 155.37s/it]                                                                                   [I 2026-07-24 14:45:59,821] Trial 63 finished with value: -9999.0 and parameters: {'vwap_buy_deviation': -0.024936166547139333, 'take_profit_pct': 0.01882135631848251, 'buy_confirm_min_score': 18, 'notify_sell_threshold': 63, 'notify_buy_threshold': 45, 'stock_qty_strong_pct': 0.3818304140588477, 'stock_qty_base_pct': 0.1501739308181598, 'stock_rebuild_strong_pct': 0.9624467358783969, 'stock_first_add_pct': 0.36344256028461136}. Best is trial 3 with value: 0.0.
Best trial: 3. Best value: 0:  63%|®А®А®А®А®А®А®Ж   | 63/100 [3:19:50<1:35:48, 155.37s/it]Best trial: 3. Best value: 0:  63%|®А®А®А®А®А®А®Ж   | 63/100 [3:19:50<1:35:48, 155.37s/it]Best trial: 3. Best value: 0:  64%|®А®А®А®А®А®А®Е   | 64/100 [3:19:50<1:31:32, 152.57s/it]                                                                                   [I 2026-07-24 14:48:41,017] Trial 64 finished with value: 0.0 and parameters: {'vwap_buy_deviation': -0.024887089057874033, 'take_profit_pct': 0.01451554802306464, 'buy_confirm_min_score': 26, 'notify_sell_threshold': 59, 'notify_buy_threshold': 40, 'stock_qty_strong_pct': 0.3473162271100966, 'stock_qty_base_pct': 0.170561562416192, 'stock_rebuild_strong_pct': 0.9994853185217385, 'stock_first_add_pct': 0.37672147762531966}. Best is trial 3 with value: 0.0.
Best trial: 3. Best value: 0:  64%|®А®А®А®А®А®А®Е   | 64/100 [3:22:31<1:31:32, 152.57s/it]Best trial: 3. Best value: 0:  64%|®А®А®А®А®А®А®Е   | 64/100 [3:22:31<1:31:32, 152.57s/it]Best trial: 3. Best value: 0:  65%|®А®А®А®А®А®А®Д   | 65/100 [3:22:31<1:30:30, 155.16s/it]                                                                                   [I 2026-07-24 14:51:31,117] Trial 65 finished with value: 0.0 and parameters: {'vwap_buy_deviation': -0.02357278859447572, 'take_profit_pct': 0.016502901242628546, 'buy_confirm_min_score': 19, 'notify_sell_threshold': 57, 'notify_buy_threshold': 42, 'stock_qty_strong_pct': 0.30300699681844057, 'stock_qty_base_pct': 0.189319663892606, 'stock_rebuild_strong_pct': 0.9466002165255467, 'stock_first_add_pct': 0.39323327510318173}. Best is trial 3 with value: 0.0.
Best trial: 3. Best value: 0:  65%|®А®А®А®А®А®А®Д   | 65/100 [3:25:21<1:30:30, 155.16s/it]Best trial: 3. Best value: 0:  65%|®А®А®А®А®А®А®Д   | 65/100 [3:25:21<1:30:30, 155.16s/it]Best trial: 3. Best value: 0:  66%|®А®А®А®А®А®А®Д   | 66/100 [3:25:21<1:30:27, 159.64s/it]                                                                                   [I 2026-07-24 14:54:25,649] Trial 66 finished with value: -9999.0 and parameters: {'vwap_buy_deviation': -0.027618450439665734, 'take_profit_pct': 0.018436435452737293, 'buy_confirm_min_score': 21, 'notify_sell_threshold': 62, 'notify_buy_threshold': 44, 'stock_qty_strong_pct': 0.3247887645533159, 'stock_qty_base_pct': 0.1656693319379911, 'stock_rebuild_strong_pct': 0.9818210173105777, 'stock_first_add_pct': 0.34119780015629536}. Best is trial 3 with value: 0.0.
Best trial: 3. Best value: 0:  66%|®А®А®А®А®А®А®Д   | 66/100 [3:28:15<1:30:27, 159.64s/it]Best trial: 3. Best value: 0:  66%|®А®А®А®А®А®А®Д   | 66/100 [3:28:15<1:30:27, 159.64s/it]Best trial: 3. Best value: 0:  67%|®А®А®А®А®А®А®Г   | 67/100 [3:28:15<1:30:15, 164.11s/it]                                                                                   [I 2026-07-24 14:57:03,698] Trial 67 finished with value: 0.0 and parameters: {'vwap_buy_deviation': -0.02128682397242993, 'take_profit_pct': 0.01528179100828755, 'buy_confirm_min_score': 18, 'notify_sell_threshold': 64, 'notify_buy_threshold': 47, 'stock_qty_strong_pct': 0.2859160460586473, 'stock_qty_base_pct': 0.18652513837117696, 'stock_rebuild_strong_pct': 0.9646892062352472, 'stock_first_add_pct': 0.3674131297135841}. Best is trial 3 with value: 0.0.
Best trial: 3. Best value: 0:  67%|®А®А®А®А®А®А®Г   | 67/100 [3:30:53<1:30:15, 164.11s/it]Best trial: 3. Best value: 0:  67%|®А®А®А®А®А®А®Г   | 67/100 [3:30:53<1:30:15, 164.11s/it]Best trial: 3. Best value: 0:  68%|®А®А®А®А®А®А®В   | 68/100 [3:30:53<1:26:33, 162.29s/it]                                                                                   [I 2026-07-24 14:59:42,143] Trial 68 finished with value: 0.0 and parameters: {'vwap_buy_deviation': -0.022142709724297202, 'take_profit_pct': 0.013892421516258718, 'buy_confirm_min_score': 20, 'notify_sell_threshold': 66, 'notify_buy_threshold': 41, 'stock_qty_strong_pct': 0.3144577087301195, 'stock_qty_base_pct': 0.2011800014009485, 'stock_rebuild_strong_pct': 0.9197826454017218, 'stock_first_add_pct': 0.38030431993539854}. Best is trial 3 with value: 0.0.
Best trial: 3. Best value: 0:  68%|®А®А®А®А®А®А®В   | 68/100 [3:33:32<1:26:33, 162.29s/it]Best trial: 3. Best value: 0:  68%|®А®А®А®А®А®А®В   | 68/100 [3:33:32<1:26:33, 162.29s/it]Best trial: 3. Best value: 0:  69%|®А®А®А®А®А®А®Б   | 69/100 [3:33:32<1:23:15, 161.16s/it]                                                                                   [I 2026-07-24 15:03:01,825] Trial 69 finished with value: 0.0 and parameters: {'vwap_buy_deviation': -0.028531081727130495, 'take_profit_pct': 0.017369524632011198, 'buy_confirm_min_score': 16, 'notify_sell_threshold': 58, 'notify_buy_threshold': 43, 'stock_qty_strong_pct': 0.2591735968449776, 'stock_qty_base_pct': 0.3990037219335099, 'stock_rebuild_strong_pct': 0.5938330661768763, 'stock_first_add_pct': 0.399540586536603}. Best is trial 3 with value: 0.0.
Best trial: 3. Best value: 0:  69%|®А®А®А®А®А®А®Б   | 69/100 [3:36:52<1:23:15, 161.16s/it]Best trial: 3. Best value: 0:  69%|®А®А®А®А®А®А®Б   | 69/100 [3:36:52<1:23:15, 161.16s/it]Best trial: 3. Best value: 0:  70%|®А®А®А®А®А®А®А   | 70/100 [3:36:52<1:26:20, 172.69s/it]                                                                                   [I 2026-07-24 15:06:18,992] Trial 70 finished with value: 0.0 and parameters: {'vwap_buy_deviation': -0.026523282626855136, 'take_profit_pct': 0.01592868319533079, 'buy_confirm_min_score': 17, 'notify_sell_threshold': 60, 'notify_buy_threshold': 46, 'stock_qty_strong_pct': 0.39988432316612954, 'stock_qty_base_pct': 0.16127641666133544, 'stock_rebuild_strong_pct': 0.9384782390921844, 'stock_first_add_pct': 0.3531794420249731}. Best is trial 3 with value: 0.0.
Best trial: 3. Best value: 0:  70%|®А®А®А®А®А®А®А   | 70/100 [3:40:09<1:26:20, 172.69s/it]Best trial: 3. Best value: 0:  70%|®А®А®А®А®А®А®А   | 70/100 [3:40:09<1:26:20, 172.69s/it]Best trial: 3. Best value: 0:  71%|®А®А®А®А®А®А®А   | 71/100 [3:40:09<1:27:01, 180.04s/it]                                                                                   [I 2026-07-24 15:09:56,694] Trial 71 finished with value: 0.0 and parameters: {'vwap_buy_deviation': -0.020071893112927862, 'take_profit_pct': 0.017087515442189647, 'buy_confirm_min_score': 19, 'notify_sell_threshold': 65, 'notify_buy_threshold': 42, 'stock_qty_strong_pct': 0.3547070213120509, 'stock_qty_base_pct': 0.17419585209418198, 'stock_rebuild_strong_pct': 0.9691292332584425, 'stock_first_add_pct': 0.38666069260543523}. Best is trial 3 with value: 0.0.
Best trial: 3. Best value: 0:  71%|®А®А®А®А®А®А®А   | 71/100 [3:43:46<1:27:01, 180.04s/it]Best trial: 3. Best value: 0:  71%|®А®А®А®А®А®А®А   | 71/100 [3:43:46<1:27:01, 180.04s/it]Best trial: 3. Best value: 0:  72%|®А®А®А®А®А®А®А®З  | 72/100 [3:43:46<1:29:17, 191.34s/it]                                                                                   [I 2026-07-24 15:12:40,220] Trial 72 finished with value: -9999.0 and parameters: {'vwap_buy_deviation': -0.023193326520806946, 'take_profit_pct': 0.01828890412039511, 'buy_confirm_min_score': 20, 'notify_sell_threshold': 67, 'notify_buy_threshold': 41, 'stock_qty_strong_pct': 0.3379754092721102, 'stock_qty_base_pct': 0.19778956506064524, 'stock_rebuild_strong_pct': 0.9853819222855096, 'stock_first_add_pct': 0.39785048453238553}. Best is trial 3 with value: 0.0.
Best trial: 3. Best value: 0:  72%|®А®А®А®А®А®А®А®З  | 72/100 [3:46:30<1:29:17, 191.34s/it]Best trial: 3. Best value: 0:  72%|®А®А®А®А®А®А®А®З  | 72/100 [3:46:30<1:29:17, 191.34s/it]Best trial: 3. Best value: 0:  73%|®А®А®А®А®А®А®А®Ж  | 73/100 [3:46:30<1:22:20, 182.99s/it]                                                                                   [I 2026-07-24 15:15:50,373] Trial 73 finished with value: 0.0 and parameters: {'vwap_buy_deviation': -0.024159992364441493, 'take_profit_pct': 0.016676768152283382, 'buy_confirm_min_score': 19, 'notify_sell_threshold': 61, 'notify_buy_threshold': 44, 'stock_qty_strong_pct': 0.363515582331659, 'stock_qty_base_pct': 0.2715130720667469, 'stock_rebuild_strong_pct': 0.9676652478849497, 'stock_first_add_pct': 0.3751828515353442}. Best is trial 3 with value: 0.0.
Best trial: 3. Best value: 0:  73%|®А®А®А®А®А®А®А®Ж  | 73/100 [3:49:40<1:22:20, 182.99s/it]Best trial: 3. Best value: 0:  73%|®А®А®А®А®А®А®А®Ж  | 73/100 [3:49:40<1:22:20, 182.99s/it]Best trial: 3. Best value: 0:  74%|®А®А®А®А®А®А®А®Е  | 74/100 [3:49:40<1:20:13, 185.14s/it]                                                                                   [I 2026-07-24 15:18:41,745] Trial 74 finished with value: -9999.0 and parameters: {'vwap_buy_deviation': -0.025910469854509295, 'take_profit_pct': 0.019775955857020105, 'buy_confirm_min_score': 18, 'notify_sell_threshold': 62, 'notify_buy_threshold': 40, 'stock_qty_strong_pct': 0.37762449148879107, 'stock_qty_base_pct': 0.1829900381058542, 'stock_rebuild_strong_pct': 0.9999215031203864, 'stock_first_add_pct': 0.365525843236055}. Best is trial 3 with value: 0.0.
Best trial: 3. Best value: 0:  74%|®А®А®А®А®А®А®А®Е  | 74/100 [3:52:32<1:20:13, 185.14s/it]Best trial: 3. Best value: 0:  74%|®А®А®А®А®А®А®А®Е  | 74/100 [3:52:32<1:20:13, 185.14s/it]Best trial: 3. Best value: 0:  75%|®А®А®А®А®А®А®А®Д  | 75/100 [3:52:32<1:15:25, 181.01s/it]                                                                                   [I 2026-07-24 15:21:25,869] Trial 75 finished with value: 0.0 and parameters: {'vwap_buy_deviation': -0.021677689751735806, 'take_profit_pct': 0.014837502204850554, 'buy_confirm_min_score': 27, 'notify_sell_threshold': 55, 'notify_buy_threshold': 42, 'stock_qty_strong_pct': 0.34658113655589534, 'stock_qty_base_pct': 0.20749433195964212, 'stock_rebuild_strong_pct': 0.952490868756866, 'stock_first_add_pct': 0.383027858222842}. Best is trial 3 with value: 0.0.
Best trial: 3. Best value: 0:  75%|®А®А®А®А®А®А®А®Д  | 75/100 [3:55:16<1:15:25, 181.01s/it]Best trial: 3. Best value: 0:  75%|®А®А®А®А®А®А®А®Д  | 75/100 [3:55:16<1:15:25, 181.01s/it]Best trial: 3. Best value: 0:  76%|®А®А®А®А®А®А®А®Д  | 76/100 [3:55:16<1:10:22, 175.94s/it]                                                                                   [I 2026-07-24 15:24:34,067] Trial 76 finished with value: 0.0 and parameters: {'vwap_buy_deviation': -0.022872388435449698, 'take_profit_pct': 0.01758792608945778, 'buy_confirm_min_score': 21, 'notify_sell_threshold': 68, 'notify_buy_threshold': 43, 'stock_qty_strong_pct': 0.3303319889551373, 'stock_qty_base_pct': 0.2434300424667176, 'stock_rebuild_strong_pct': 0.7096049172289438, 'stock_first_add_pct': 0.2938864252596052}. Best is trial 3 with value: 0.0.
Best trial: 3. Best value: 0:  76%|®А®А®А®А®А®А®А®Д  | 76/100 [3:58:24<1:10:22, 175.94s/it]Best trial: 3. Best value: 0:  76%|®А®А®А®А®А®А®А®Д  | 76/100 [3:58:24<1:10:22, 175.94s/it]Best trial: 3. Best value: 0:  77%|®А®А®А®А®А®А®А®Г  | 77/100 [3:58:24<1:08:51, 179.62s/it]                                                                                   [I 2026-07-24 15:27:31,965] Trial 77 finished with value: 0.0 and parameters: {'vwap_buy_deviation': -0.03303480362663108, 'take_profit_pct': 0.01623361318717685, 'buy_confirm_min_score': 19, 'notify_sell_threshold': 64, 'notify_buy_threshold': 45, 'stock_qty_strong_pct': 0.3048946568957931, 'stock_qty_base_pct': 0.3272170976709545, 'stock_rebuild_strong_pct': 0.9356165738295974, 'stock_first_add_pct': 0.3893743651188734}. Best is trial 3 with value: 0.0.
