Best trial: 34. Best value: 273.506:  66%|██████▌   | 66/100 [1:54:47<57:11, 100.92s/it]Best trial: 34. Best value: 273.506:  66%|██████▌   | 66/100 [1:54:47<57:11, 100.92s/it]Best trial: 34. Best value: 273.506:  67%|██████▋   | 67/100 [1:54:47<55:49, 101.49s/it]                                                                                        [I 2026-07-24 00:31:29,358] Trial 67 finished with value: 161.3975 and parameters: {'vwap_buy_deviation': -0.016855565805533334, 'take_profit_pct': 0.018022961656130966, 'buy_confirm_min_score': 25, 'notify_sell_threshold': 60, 'notify_buy_threshold': 40}. Best is trial 34 with value: 273.5064.
Best trial: 34. Best value: 273.506:  67%|██████▋   | 67/100 [1:56:32<55:49, 101.49s/it]Best trial: 34. Best value: 273.506:  67%|██████▋   | 67/100 [1:56:32<55:49, 101.49s/it]Best trial: 34. Best value: 273.506:  68%|██████▊   | 68/100 [1:56:32<54:33, 102.31s/it]                                                                                        [I 2026-07-24 00:33:06,785] Trial 68 finished with value: 110.1639 and parameters: {'vwap_buy_deviation': -0.017287296928101513, 'take_profit_pct': 0.017451331990830224, 'buy_confirm_min_score': 24, 'notify_sell_threshold': 59, 'notify_buy_threshold': 42}. Best is trial 34 with value: 273.5064.
Best trial: 34. Best value: 273.506:  68%|██████▊   | 68/100 [1:58:09<54:33, 102.31s/it]Best trial: 34. Best value: 273.506:  68%|██████▊   | 68/100 [1:58:09<54:33, 102.31s/it]Best trial: 34. Best value: 273.506:  69%|██████▉   | 69/100 [1:58:09<52:06, 100.84s/it]                                                                                        [I 2026-07-24 00:34:48,966] Trial 69 finished with value: -9999.0 and parameters: {'vwap_buy_deviation': -0.020666282837298634, 'take_profit_pct': 0.024917411898863463, 'buy_confirm_min_score': 25, 'notify_sell_threshold': 60, 'notify_buy_threshold': 63}. Best is trial 34 with value: 273.5064.
Best trial: 34. Best value: 273.506:  69%|██████▉   | 69/100 [1:59:51<52:06, 100.84s/it]Best trial: 34. Best value: 273.506:  69%|██████▉   | 69/100 [1:59:51<52:06, 100.84s/it]Best trial: 34. Best value: 273.506:  70%|███████   | 70/100 [1:59:51<50:37, 101.24s/it]                                                                                        [I 2026-07-24 00:36:32,129] Trial 70 finished with value: 25.9242 and parameters: {'vwap_buy_deviation': -0.018009145751049668, 'take_profit_pct': 0.02424283334851309, 'buy_confirm_min_score': 25, 'notify_sell_threshold': 63, 'notify_buy_threshold': 45}. Best is trial 34 with value: 273.5064.
Best trial: 34. Best value: 273.506:  70%|███████   | 70/100 [2:01:34<50:37, 101.24s/it]Best trial: 34. Best value: 273.506:  70%|███████   | 70/100 [2:01:34<50:37, 101.24s/it]Best trial: 34. Best value: 273.506:  71%|███████   | 71/100 [2:01:34<49:12, 101.82s/it]                                                                                        [I 2026-07-24 00:38:11,971] Trial 71 finished with value: 135.0749 and parameters: {'vwap_buy_deviation': -0.019917902281127067, 'take_profit_pct': 0.018190966843168333, 'buy_confirm_min_score': 27, 'notify_sell_threshold': 58, 'notify_buy_threshold': 40}. Best is trial 34 with value: 273.5064.
Best trial: 34. Best value: 273.506:  71%|███████   | 71/100 [2:03:14<49:12, 101.82s/it]Best trial: 34. Best value: 273.506:  71%|███████   | 71/100 [2:03:14<49:12, 101.82s/it]Best trial: 34. Best value: 273.506:  72%|███████▏  | 72/100 [2:03:14<47:14, 101.23s/it]                                                                                        [I 2026-07-24 00:39:55,324] Trial 72 finished with value: 159.8835 and parameters: {'vwap_buy_deviation': -0.016583221866276986, 'take_profit_pct': 0.019060137703362866, 'buy_confirm_min_score': 26, 'notify_sell_threshold': 60, 'notify_buy_threshold': 40}. Best is trial 34 with value: 273.5064.
Best trial: 34. Best value: 273.506:  72%|███████▏  | 72/100 [2:04:58<47:14, 101.23s/it]Best trial: 34. Best value: 273.506:  72%|███████▏  | 72/100 [2:04:58<47:14, 101.23s/it]Best trial: 34. Best value: 273.506:  73%|███████▎  | 73/100 [2:04:58<45:50, 101.86s/it]                                                                                        [I 2026-07-24 00:41:33,866] Trial 73 finished with value: 210.5931 and parameters: {'vwap_buy_deviation': -0.017154868182247027, 'take_profit_pct': 0.018895758584434617, 'buy_confirm_min_score': 24, 'notify_sell_threshold': 61, 'notify_buy_threshold': 41}. Best is trial 34 with value: 273.5064.
Best trial: 34. Best value: 273.506:  73%|███████▎  | 73/100 [2:06:36<45:50, 101.86s/it]Best trial: 34. Best value: 273.506:  73%|███████▎  | 73/100 [2:06:36<45:50, 101.86s/it]Best trial: 34. Best value: 273.506:  74%|███████▍  | 74/100 [2:06:36<43:42, 100.87s/it]                                                                                        [I 2026-07-24 00:43:16,790] Trial 74 finished with value: 210.5931 and parameters: {'vwap_buy_deviation': -0.01653604156355885, 'take_profit_pct': 0.018781790019631404, 'buy_confirm_min_score': 24, 'notify_sell_threshold': 61, 'notify_buy_threshold': 41}. Best is trial 34 with value: 273.5064.
Best trial: 34. Best value: 273.506:  74%|███████▍  | 74/100 [2:08:19<43:42, 100.87s/it]Best trial: 34. Best value: 273.506:  74%|███████▍  | 74/100 [2:08:19<43:42, 100.87s/it]Best trial: 34. Best value: 273.506:  75%|███████▌  | 75/100 [2:08:19<42:17, 101.48s/it]                                                                                        [I 2026-07-24 00:44:59,331] Trial 75 finished with value: 145.7403 and parameters: {'vwap_buy_deviation': -0.016692146961755756, 'take_profit_pct': 0.015756308906708493, 'buy_confirm_min_score': 22, 'notify_sell_threshold': 61, 'notify_buy_threshold': 41}. Best is trial 34 with value: 273.5064.
Best trial: 34. Best value: 273.506:  75%|███████▌  | 75/100 [2:10:02<42:17, 101.48s/it]Best trial: 34. Best value: 273.506:  75%|███████▌  | 75/100 [2:10:02<42:17, 101.48s/it]Best trial: 34. Best value: 273.506:  76%|███████▌  | 76/100 [2:10:02<40:43, 101.80s/it]                                                                                        [I 2026-07-24 00:46:37,383] Trial 76 finished with value: 129.277 and parameters: {'vwap_buy_deviation': -0.01864456489852559, 'take_profit_pct': 0.017510944879752518, 'buy_confirm_min_score': 24, 'notify_sell_threshold': 65, 'notify_buy_threshold': 40}. Best is trial 34 with value: 273.5064.
Best trial: 34. Best value: 273.506:  76%|███████▌  | 76/100 [2:11:40<40:43, 101.80s/it]Best trial: 34. Best value: 273.506:  76%|███████▌  | 76/100 [2:11:40<40:43, 101.80s/it]Best trial: 34. Best value: 273.506:  77%|███████▋  | 77/100 [2:11:40<38:35, 100.68s/it]                                                                                        [I 2026-07-24 00:48:18,964] Trial 77 finished with value: 646.2773 and parameters: {'vwap_buy_deviation': -0.01601571629857482, 'take_profit_pct': 0.01833805021427759, 'buy_confirm_min_score': 24, 'notify_sell_threshold': 63, 'notify_buy_threshold': 42}. Best is trial 77 with value: 646.2773.
Best trial: 34. Best value: 273.506:  77%|███████▋  | 77/100 [2:13:21<38:35, 100.68s/it]Best trial: 77. Best value: 646.277:  77%|███████▋  | 77/100 [2:13:21<38:35, 100.68s/it]Best trial: 77. Best value: 646.277:  78%|███████▊  | 78/100 [2:13:21<37:00, 100.95s/it]                                                                                        [I 2026-07-24 00:50:03,311] Trial 78 finished with value: 220.841 and parameters: {'vwap_buy_deviation': -0.016487320668472322, 'take_profit_pct': 0.01869163492891788, 'buy_confirm_min_score': 24, 'notify_sell_threshold': 62, 'notify_buy_threshold': 42}. Best is trial 77 with value: 646.2773.
Best trial: 77. Best value: 646.277:  78%|███████▊  | 78/100 [2:15:06<37:00, 100.95s/it]Best trial: 77. Best value: 646.277:  78%|███████▊  | 78/100 [2:15:06<37:00, 100.95s/it]Best trial: 77. Best value: 646.277:  79%|███████▉  | 79/100 [2:15:06<35:41, 101.97s/it]                                                                                        [I 2026-07-24 00:51:41,830] Trial 79 finished with value: 156.6802 and parameters: {'vwap_buy_deviation': -0.015006886209915428, 'take_profit_pct': 0.0170201846253114, 'buy_confirm_min_score': 23, 'notify_sell_threshold': 65, 'notify_buy_threshold': 42}. Best is trial 77 with value: 646.2773.
Best trial: 77. Best value: 646.277:  79%|███████▉  | 79/100 [2:16:44<35:41, 101.97s/it]Best trial: 77. Best value: 646.277:  79%|███████▉  | 79/100 [2:16:44<35:41, 101.97s/it]Best trial: 77. Best value: 646.277:  80%|████████  | 80/100 [2:16:44<33:38, 100.93s/it]                                                                                        [I 2026-07-24 00:53:24,168] Trial 80 finished with value: -9999.0 and parameters: {'vwap_buy_deviation': -0.016008452437661157, 'take_profit_pct': 0.018119237733221306, 'buy_confirm_min_score': 24, 'notify_sell_threshold': 68, 'notify_buy_threshold': 58}. Best is trial 77 with value: 646.2773.
Best trial: 77. Best value: 646.277:  80%|████████  | 80/100 [2:18:26<33:38, 100.93s/it]Best trial: 77. Best value: 646.277:  80%|████████  | 80/100 [2:18:26<33:38, 100.93s/it]Best trial: 77. Best value: 646.277:  81%|████████  | 81/100 [2:18:26<32:05, 101.35s/it]                                                                                        [I 2026-07-24 00:55:07,053] Trial 81 finished with value: 289.4101 and parameters: {'vwap_buy_deviation': -0.01713867339213603, 'take_profit_pct': 0.01902951811166637, 'buy_confirm_min_score': 24, 'notify_sell_threshold': 63, 'notify_buy_threshold': 42}. Best is trial 77 with value: 646.2773.
Best trial: 77. Best value: 646.277:  81%|████████  | 81/100 [2:20:09<32:05, 101.35s/it]Best trial: 77. Best value: 646.277:  81%|████████  | 81/100 [2:20:09<32:05, 101.35s/it]Best trial: 77. Best value: 646.277:  82%|████████▏ | 82/100 [2:20:09<30:32, 101.81s/it]                                                                                        [I 2026-07-24 00:56:46,043] Trial 82 finished with value: 203.7195 and parameters: {'vwap_buy_deviation': -0.017686362788881953, 'take_profit_pct': 0.017845004812496727, 'buy_confirm_min_score': 24, 'notify_sell_threshold': 62, 'notify_buy_threshold': 42}. Best is trial 77 with value: 646.2773.
Best trial: 77. Best value: 646.277:  82%|████████▏ | 82/100 [2:21:48<30:32, 101.81s/it]Best trial: 77. Best value: 646.277:  82%|████████▏ | 82/100 [2:21:48<30:32, 101.81s/it]Best trial: 77. Best value: 646.277:  83%|████████▎ | 83/100 [2:21:48<28:36, 100.97s/it]                                                                                        [I 2026-07-24 00:58:28,043] Trial 83 finished with value: 85.5007 and parameters: {'vwap_buy_deviation': -0.01777896826243523, 'take_profit_pct': 0.018535726918408223, 'buy_confirm_min_score': 23, 'notify_sell_threshold': 63, 'notify_buy_threshold': 44}. Best is trial 77 with value: 646.2773.
Best trial: 77. Best value: 646.277:  83%|████████▎ | 83/100 [2:23:30<28:36, 100.97s/it]Best trial: 77. Best value: 646.277:  83%|████████▎ | 83/100 [2:23:30<28:36, 100.97s/it]Best trial: 77. Best value: 646.277:  84%|████████▍ | 84/100 [2:23:30<27:00, 101.28s/it]                                                                                        [I 2026-07-24 01:00:06,184] Trial 84 finished with value: 1244.5589 and parameters: {'vwap_buy_deviation': -0.018673862822947057, 'take_profit_pct': 0.014432733375598535, 'buy_confirm_min_score': 24, 'notify_sell_threshold': 62, 'notify_buy_threshold': 42}. Best is trial 84 with value: 1244.5589.
Best trial: 77. Best value: 646.277:  84%|████████▍ | 84/100 [2:25:08<27:00, 101.28s/it]Best trial: 84. Best value: 1244.56:  84%|████████▍ | 84/100 [2:25:08<27:00, 101.28s/it]Best trial: 84. Best value: 1244.56:  85%|████████▌ | 85/100 [2:25:08<25:05, 100.34s/it]                                                                                        [I 2026-07-24 01:01:48,852] Trial 85 finished with value: 1630.099 and parameters: {'vwap_buy_deviation': -0.016066757199833526, 'take_profit_pct': 0.014813179123928603, 'buy_confirm_min_score': 24, 'notify_sell_threshold': 62, 'notify_buy_threshold': 43}. Best is trial 85 with value: 1630.099.
Best trial: 84. Best value: 1244.56:  85%|████████▌ | 85/100 [2:26:51<25:05, 100.34s/it]Best trial: 85. Best value: 1630.1:  85%|████████▌ | 85/100 [2:26:51<25:05, 100.34s/it] Best trial: 85. Best value: 1630.1:  86%|████████▌ | 86/100 [2:26:51<23:34, 101.04s/it]                                                                                       [I 2026-07-24 01:03:30,255] Trial 86 finished with value: 1615.9774 and parameters: {'vwap_buy_deviation': -0.015949580171330968, 'take_profit_pct': 0.014436969380282357, 'buy_confirm_min_score': 22, 'notify_sell_threshold': 63, 'notify_buy_threshold': 43}. Best is trial 85 with value: 1630.099.
Best trial: 85. Best value: 1630.1:  86%|████████▌ | 86/100 [2:28:33<23:34, 101.04s/it]Best trial: 85. Best value: 1630.1:  86%|████████▌ | 86/100 [2:28:33<23:34, 101.04s/it]Best trial: 85. Best value: 1630.1:  87%|████████▋ | 87/100 [2:28:33<21:54, 101.15s/it]                                                                                       [I 2026-07-24 01:05:07,920] Trial 87 finished with value: -9999.0 and parameters: {'vwap_buy_deviation': -0.0162592253137447, 'take_profit_pct': 0.014388078576453123, 'buy_confirm_min_score': 21, 'notify_sell_threshold': 64, 'notify_buy_threshold': 45}. Best is trial 85 with value: 1630.099.
Best trial: 85. Best value: 1630.1:  87%|████████▋ | 87/100 [2:30:10<21:54, 101.15s/it]Best trial: 85. Best value: 1630.1:  87%|████████▋ | 87/100 [2:30:10<21:54, 101.15s/it]Best trial: 85. Best value: 1630.1:  88%|████████▊ | 88/100 [2:30:10<20:01, 100.10s/it]                                                                                       [I 2026-07-24 01:06:49,629] Trial 88 finished with value: -9999.0 and parameters: {'vwap_buy_deviation': -0.01573804930721071, 'take_profit_pct': 0.012725148416361833, 'buy_confirm_min_score': 21, 'notify_sell_threshold': 65, 'notify_buy_threshold': 48}. Best is trial 85 with value: 1630.099.
Best trial: 85. Best value: 1630.1:  88%|████████▊ | 88/100 [2:31:52<20:01, 100.10s/it]Best trial: 85. Best value: 1630.1:  88%|████████▊ | 88/100 [2:31:52<20:01, 100.10s/it]Best trial: 85. Best value: 1630.1:  89%|████████▉ | 89/100 [2:31:52<18:26, 100.58s/it]                                                                                       [I 2026-07-24 01:08:31,141] Trial 89 finished with value: -9999.0 and parameters: {'vwap_buy_deviation': -0.01723187970997097, 'take_profit_pct': 0.01356993730682556, 'buy_confirm_min_score': 22, 'notify_sell_threshold': 67, 'notify_buy_threshold': 70}. Best is trial 85 with value: 1630.099.
Best trial: 85. Best value: 1630.1:  89%|████████▉ | 89/100 [2:33:33<18:26, 100.58s/it]Best trial: 85. Best value: 1630.1:  89%|████████▉ | 89/100 [2:33:33<18:26, 100.58s/it]Best trial: 85. Best value: 1630.1:  90%|█████████ | 90/100 [2:33:33<16:48, 100.86s/it]                                                                                       [I 2026-07-24 01:10:08,516] Trial 90 finished with value: -9999.0 and parameters: {'vwap_buy_deviation': -0.018461449993592543, 'take_profit_pct': 0.015562854539251814, 'buy_confirm_min_score': 18, 'notify_sell_threshold': 63, 'notify_buy_threshold': 47}. Best is trial 85 with value: 1630.099.
Best trial: 85. Best value: 1630.1:  90%|█████████ | 90/100 [2:35:11<16:48, 100.86s/it]Best trial: 85. Best value: 1630.1:  90%|█████████ | 90/100 [2:35:11<16:48, 100.86s/it]Best trial: 85. Best value: 1630.1:  91%|█████████ | 91/100 [2:35:11<14:58, 99.82s/it]                                                                                       [I 2026-07-24 01:11:50,888] Trial 91 finished with value: -9999.0 and parameters: {'vwap_buy_deviation': -0.017610369075925097, 'take_profit_pct': 0.011994779012263704, 'buy_confirm_min_score': 24, 'notify_sell_threshold': 62, 'notify_buy_threshold': 44}. Best is trial 85 with value: 1630.099.
Best trial: 85. Best value: 1630.1:  91%|█████████ | 91/100 [2:36:53<14:58, 99.82s/it]Best trial: 85. Best value: 1630.1:  91%|█████████ | 91/100 [2:36:53<14:58, 99.82s/it]Best trial: 85. Best value: 1630.1:  92%|█████████▏| 92/100 [2:36:53<13:24, 100.58s/it]                                                                                       [I 2026-07-24 01:13:30,837] Trial 92 finished with value: 1630.099 and parameters: {'vwap_buy_deviation': -0.018227963376582283, 'take_profit_pct': 0.014765493384983676, 'buy_confirm_min_score': 23, 'notify_sell_threshold': 61, 'notify_buy_threshold': 43}. Best is trial 85 with value: 1630.099.
Best trial: 85. Best value: 1630.1:  92%|█████████▏| 92/100 [2:38:33<13:24, 100.58s/it]Best trial: 85. Best value: 1630.1:  92%|█████████▏| 92/100 [2:38:33<13:24, 100.58s/it]Best trial: 85. Best value: 1630.1:  93%|█████████▎| 93/100 [2:38:33<11:42, 100.39s/it]                                                                                       [I 2026-07-24 01:15:11,183] Trial 93 finished with value: 1630.099 and parameters: {'vwap_buy_deviation': -0.015664066787552725, 'take_profit_pct': 0.014752010221855225, 'buy_confirm_min_score': 23, 'notify_sell_threshold': 61, 'notify_buy_threshold': 43}. Best is trial 85 with value: 1630.099.
Best trial: 85. Best value: 1630.1:  93%|█████████▎| 93/100 [2:40:13<11:42, 100.39s/it]Best trial: 85. Best value: 1630.1:  93%|█████████▎| 93/100 [2:40:13<11:42, 100.39s/it]Best trial: 85. Best value: 1630.1:  94%|█████████▍| 94/100 [2:40:13<10:02, 100.38s/it]                                                                                       [I 2026-07-24 01:16:53,559] Trial 94 finished with value: 1615.9774 and parameters: {'vwap_buy_deviation': -0.015356963236676437, 'take_profit_pct': 0.015043140734951888, 'buy_confirm_min_score': 22, 'notify_sell_threshold': 64, 'notify_buy_threshold': 43}. Best is trial 85 with value: 1630.099.
Best trial: 85. Best value: 1630.1:  94%|█████████▍| 94/100 [2:41:56<10:02, 100.38s/it]Best trial: 85. Best value: 1630.1:  94%|█████████▍| 94/100 [2:41:56<10:02, 100.38s/it]Best trial: 85. Best value: 1630.1:  95%|█████████▌| 95/100 [2:41:56<08:24, 100.98s/it]                                                                                       [I 2026-07-24 01:18:31,656] Trial 95 finished with value: 1615.9774 and parameters: {'vwap_buy_deviation': -0.015574226551089202, 'take_profit_pct': 0.015127473801927659, 'buy_confirm_min_score': 22, 'notify_sell_threshold': 64, 'notify_buy_threshold': 43}. Best is trial 85 with value: 1630.099.
Best trial: 85. Best value: 1630.1:  95%|█████████▌| 95/100 [2:43:34<08:24, 100.98s/it]Best trial: 85. Best value: 1630.1:  95%|█████████▌| 95/100 [2:43:34<08:24, 100.98s/it]Best trial: 85. Best value: 1630.1:  96%|█████████▌| 96/100 [2:43:34<06:40, 100.11s/it]                                                                                       [I 2026-07-24 01:20:15,029] Trial 96 finished with value: 1615.9774 and parameters: {'vwap_buy_deviation': -0.015585842714467495, 'take_profit_pct': 0.015043771696481871, 'buy_confirm_min_score': 21, 'notify_sell_threshold': 64, 'notify_buy_threshold': 43}. Best is trial 85 with value: 1630.099.
Best trial: 85. Best value: 1630.1:  96%|█████████▌| 96/100 [2:45:17<06:40, 100.11s/it]Best trial: 85. Best value: 1630.1:  96%|█████████▌| 96/100 [2:45:17<06:40, 100.11s/it]Best trial: 85. Best value: 1630.1:  97%|█████████▋| 97/100 [2:45:17<05:03, 101.09s/it]                                                                                       [I 2026-07-24 01:21:58,359] Trial 97 finished with value: 1615.9774 and parameters: {'vwap_buy_deviation': -0.015582279383363835, 'take_profit_pct': 0.015074368275799853, 'buy_confirm_min_score': 21, 'notify_sell_threshold': 64, 'notify_buy_threshold': 43}. Best is trial 85 with value: 1630.099.
Best trial: 85. Best value: 1630.1:  97%|█████████▋| 97/100 [2:47:01<05:03, 101.09s/it]Best trial: 85. Best value: 1630.1:  97%|█████████▋| 97/100 [2:47:01<05:03, 101.09s/it]Best trial: 85. Best value: 1630.1:  98%|█████████▊| 98/100 [2:47:01<03:23, 101.76s/it]                                                                                       [I 2026-07-24 01:23:36,202] Trial 98 finished with value: 1615.9774 and parameters: {'vwap_buy_deviation': -0.015613920328282056, 'take_profit_pct': 0.014962174851200322, 'buy_confirm_min_score': 20, 'notify_sell_threshold': 64, 'notify_buy_threshold': 43}. Best is trial 85 with value: 1630.099.
