=======================================================

  ≤ќ э—∞”≈ѕµЌ≥
=======================================================
  ±кµƒ: 600481  ЈљЈ®: optuna  —µЅЈ: 2025-06-01~2026-03-31
  [ эЊЁ] ‘§і¶јн 279 ћм ’≈ћЉџЋч“э
  [ эЊЁ] 600481 2025-06-01~2026-03-31: 217 Єцљї“„»’£ђЉм≤йїЇіж...
  [ эЊЁ] “—їЇіж 202/217 ћм£ђ»± ІљЂ‘Џ „іќ trial ѕ¬‘Ў
  [ эЊЁ] 600481 2026-04-01~2026-07-20: 79 Єцљї“„»’£ђЉм≤йїЇіж...
  [ эЊЁ] “—їЇіж 74/79 ћм£ђ»± ІљЂ‘Џ „іќ trial ѕ¬‘Ў

[їщѕя] ƒђ»ѕ≤ќ э...
  wr=0.00% trades=0 dd=0.00% composite=-9999.00
[I 2026-07-24 11:26:09,456] A new study created in memory with name: no-name-3a92167e-0523-4fe6-b859-3156896a18aa
  0%|          | 0/100 [00:00<?, ?it/s]                                       [I 2026-07-24 11:29:11,046] Trial 0 finished with value: -9999.0 and parameters: {'vwap_buy_deviation': -0.02750919762305275, 'take_profit_pct': 0.024014286128198326, 'buy_confirm_min_score': 26, 'notify_sell_threshold': 58, 'notify_buy_threshold': 44, 'stock_qty_strong_pct': 0.3045980821176709, 'stock_qty_base_pct': 0.16452090304204986, 'stock_rebuild_strong_pct': 0.9330880728874675, 'stock_first_add_pct': 0.2803345035229627}. Best is trial 0 with value: -9999.0.
  0%|          | 0/100 [03:01<?, ?it/s]Best trial: 0. Best value: -9999:   0%|          | 0/100 [03:01<?, ?it/s]Best trial: 0. Best value: -9999:   1%|          | 1/100 [03:01<4:59:12, 181.34s/it]                                                                                    [I 2026-07-24 11:33:32,211] Trial 1 finished with value: -9999.0 and parameters: {'vwap_buy_deviation': -0.02083854844407909, 'take_profit_pct': 0.005411689885916049, 'buy_confirm_min_score': 30, 'notify_sell_threshold': 65, 'notify_buy_threshold': 46, 'stock_qty_strong_pct': 0.3136387385224852, 'stock_qty_base_pct': 0.19585112746335845, 'stock_rebuild_strong_pct': 0.6521211214797689, 'stock_first_add_pct': 0.2574269294896714}. Best is trial 0 with value: -9999.0.
Best trial: 0. Best value: -9999:   1%|          | 1/100 [07:22<4:59:12, 181.34s/it]Best trial: 0. Best value: -9999:   1%|          | 1/100 [07:22<4:59:12, 181.34s/it]Best trial: 0. Best value: -9999:   2%|®З         | 2/100 [07:22<6:12:53, 228.30s/it]                                                                                    [I 2026-07-24 11:37:48,661] Trial 2 finished with value: -9999.0 and parameters: {'vwap_buy_deviation': -0.026361099627157686, 'take_profit_pct': 0.010824582803960838, 'buy_confirm_min_score': 24, 'notify_sell_threshold': 44, 'notify_buy_threshold': 49, 'stock_qty_strong_pct': 0.3782266451527921, 'stock_qty_base_pct': 0.26401749605425895, 'stock_rebuild_strong_pct': 0.8925879806965068, 'stock_first_add_pct': 0.15990213464750794}. Best is trial 0 with value: -9999.0.
Best trial: 0. Best value: -9999:   2%|®З         | 2/100 [11:38<6:12:53, 228.30s/it]Best trial: 0. Best value: -9999:   2%|®З         | 2/100 [11:38<6:12:53, 228.30s/it]Best trial: 0. Best value: -9999:   3%|®Ж         | 3/100 [11:38<6:29:51, 241.15s/it]                                                                                    [I 2026-07-24 11:41:44,518] Trial 3 finished with value: 0.0 and parameters: {'vwap_buy_deviation': -0.02471531123172777, 'take_profit_pct': 0.01684829137724085, 'buy_confirm_min_score': 15, 'notify_sell_threshold': 58, 'notify_buy_threshold': 45, 'stock_qty_strong_pct': 0.27276805754484784, 'stock_qty_base_pct': 0.3872213843133333, 'stock_rebuild_strong_pct': 0.9828160165372797, 'stock_first_add_pct': 0.3425192044349384}. Best is trial 3 with value: 0.0.
Best trial: 0. Best value: -9999:   3%|®Ж         | 3/100 [15:34<6:29:51, 241.15s/it]Best trial: 3. Best value: 0:   3%|®Ж         | 3/100 [15:34<6:29:51, 241.15s/it]    Best trial: 3. Best value: 0:   4%|®Е         | 4/100 [15:34<6:22:29, 239.06s/it]                                                                                [I 2026-07-24 11:45:47,800] Trial 4 finished with value: -9999.0 and parameters: {'vwap_buy_deviation': -0.028907724616532588, 'take_profit_pct': 0.006953442280127677, 'buy_confirm_min_score': 25, 'notify_sell_threshold': 53, 'notify_buy_threshold': 43, 'stock_qty_strong_pct': 0.42331191853894456, 'stock_qty_base_pct': 0.1585971302788046, 'stock_rebuild_strong_pct': 0.954660201039391, 'stock_first_add_pct': 0.1776339944800051}. Best is trial 3 with value: 0.0.
Best trial: 3. Best value: 0:   4%|®Е         | 4/100 [19:38<6:22:29, 239.06s/it]Best trial: 3. Best value: 0:   4%|®Е         | 4/100 [19:38<6:22:29, 239.06s/it]Best trial: 3. Best value: 0:   5%|®Д         | 5/100 [19:38<6:20:55, 240.58s/it]                                                                                [I 2026-07-24 11:49:24,358] Trial 5 finished with value: -9999.0 and parameters: {'vwap_buy_deviation': -0.02174955431292036, 'take_profit_pct': 0.01123422152178822, 'buy_confirm_min_score': 23, 'notify_sell_threshold': 56, 'notify_buy_threshold': 45, 'stock_qty_strong_pct': 0.5893546197175954, 'stock_qty_base_pct': 0.34378320584027866, 'stock_rebuild_strong_pct': 0.9697494707820946, 'stock_first_add_pct': 0.3684482051282947}. Best is trial 3 with value: 0.0.
Best trial: 3. Best value: 0:   5%|®Д         | 5/100 [23:14<6:20:55, 240.58s/it]Best trial: 3. Best value: 0:   5%|®Д         | 5/100 [23:14<6:20:55, 240.58s/it]Best trial: 3. Best value: 0:   6%|®Д         | 6/100 [23:14<6:04:06, 232.41s/it]                                                                                [I 2026-07-24 11:53:35,110] Trial 6 finished with value: -9999.0 and parameters: {'vwap_buy_deviation': -0.023042000423778297, 'take_profit_pct': 0.02343748470046234, 'buy_confirm_min_score': 16, 'notify_sell_threshold': 46, 'notify_buy_threshold': 41, 'stock_qty_strong_pct': 0.3638656157671425, 'stock_qty_base_pct': 0.2471693224223705, 'stock_rebuild_strong_pct': 0.6356745158869479, 'stock_first_add_pct': 0.34862125274557887}. Best is trial 3 with value: 0.0.
Best trial: 3. Best value: 0:   6%|®Д         | 6/100 [27:25<6:04:06, 232.41s/it]Best trial: 3. Best value: 0:   6%|®Д         | 6/100 [27:25<6:04:06, 232.41s/it]Best trial: 3. Best value: 0:   7%|®Г         | 7/100 [27:25<6:09:32, 238.41s/it]                                                                                [I 2026-07-24 11:56:32,120] Trial 7 finished with value: -9999.0 and parameters: {'vwap_buy_deviation': -0.027864933466128217, 'take_profit_pct': 0.010618690193747615, 'buy_confirm_min_score': 23, 'notify_sell_threshold': 44, 'notify_buy_threshold': 64, 'stock_qty_strong_pct': 0.2760927252879198, 'stock_qty_base_pct': 0.39672173415012935, 'stock_rebuild_strong_pct': 0.8861223846483287, 'stock_first_add_pct': 0.15961470446025172}. Best is trial 3 with value: 0.0.
Best trial: 3. Best value: 0:   7%|®Г         | 7/100 [30:22<6:09:32, 238.41s/it]Best trial: 3. Best value: 0:   7%|®Г         | 7/100 [30:22<6:09:32, 238.41s/it]Best trial: 3. Best value: 0:   8%|®В         | 8/100 [30:22<5:35:35, 218.86s/it]                                                                                [I 2026-07-24 11:59:25,831] Trial 8 finished with value: -9999.0 and parameters: {'vwap_buy_deviation': -0.03488955765752796, 'take_profit_pct': 0.021309228569096686, 'buy_confirm_min_score': 26, 'notify_sell_threshold': 62, 'notify_buy_threshold': 63, 'stock_qty_strong_pct': 0.2759156281069316, 'stock_qty_base_pct': 0.23961643213606815, 'stock_rebuild_strong_pct': 0.5579345297625649, 'stock_first_add_pct': 0.35893102776267805}. Best is trial 3 with value: 0.0.
Best trial: 3. Best value: 0:   8%|®В         | 8/100 [33:16<5:35:35, 218.86s/it]Best trial: 3. Best value: 0:   8%|®В         | 8/100 [33:16<5:35:35, 218.86s/it]Best trial: 3. Best value: 0:   9%|®Б         | 9/100 [33:16<5:10:32, 204.75s/it]                                                                                [I 2026-07-24 12:03:09,467] Trial 9 finished with value: -9999.0 and parameters: {'vwap_buy_deviation': -0.02253403746344884, 'take_profit_pct': 0.011617960497052984, 'buy_confirm_min_score': 16, 'notify_sell_threshold': 49, 'notify_buy_threshold': 50, 'stock_qty_strong_pct': 0.5053621624183224, 'stock_qty_base_pct': 0.3093893678388033, 'stock_rebuild_strong_pct': 0.9436063712881633, 'stock_first_add_pct': 0.2416644775485848}. Best is trial 3 with value: 0.0.
Best trial: 3. Best value: 0:   9%|®Б         | 9/100 [36:59<5:10:32, 204.75s/it]Best trial: 3. Best value: 0:   9%|®Б         | 9/100 [36:59<5:10:32, 204.75s/it]Best trial: 3. Best value: 0:  10%|®А         | 10/100 [36:59<5:15:52, 210.58s/it]                                                                                 [I 2026-07-24 12:07:26,576] Trial 10 finished with value: -9999.0 and parameters: {'vwap_buy_deviation': -0.01588974688374184, 'take_profit_pct': 0.017737264938373562, 'buy_confirm_min_score': 19, 'notify_sell_threshold': 68, 'notify_buy_threshold': 57, 'stock_qty_strong_pct': 0.47482395804555955, 'stock_qty_base_pct': 0.3902563225744892, 'stock_rebuild_strong_pct': 0.8002190871007017, 'stock_first_add_pct': 0.31278872567817906}. Best is trial 3 with value: 0.0.
Best trial: 3. Best value: 0:  10%|®А         | 10/100 [41:16<5:15:52, 210.58s/it]Best trial: 3. Best value: 0:  10%|®А         | 10/100 [41:16<5:15:52, 210.58s/it]Best trial: 3. Best value: 0:  11%|®А         | 11/100 [41:16<5:33:28, 224.82s/it]                                                                                 [I 2026-07-24 12:11:47,257] Trial 11 finished with value: -9999.0 and parameters: {'vwap_buy_deviation': -0.0321634323512804, 'take_profit_pct': 0.0175359791159308, 'buy_confirm_min_score': 30, 'notify_sell_threshold': 58, 'notify_buy_threshold': 53, 'stock_qty_strong_pct': 0.2570186313087703, 'stock_qty_base_pct': 0.3184307387616365, 'stock_rebuild_strong_pct': 0.8035921370166128, 'stock_first_add_pct': 0.2775050907790179}. Best is trial 3 with value: 0.0.
Best trial: 3. Best value: 0:  11%|®А         | 11/100 [45:37<5:33:28, 224.82s/it]Best trial: 3. Best value: 0:  11%|®А         | 11/100 [45:37<5:33:28, 224.82s/it]Best trial: 3. Best value: 0:  12%|®А®З        | 12/100 [45:37<5:45:44, 235.73s/it]                                                                                 [I 2026-07-24 12:15:40,037] Trial 12 finished with value: 0.0 and parameters: {'vwap_buy_deviation': -0.026146516508653017, 'take_profit_pct': 0.017917128814064823, 'buy_confirm_min_score': 20, 'notify_sell_threshold': 60, 'notify_buy_threshold': 41, 'stock_qty_strong_pct': 0.3329784304967518, 'stock_qty_base_pct': 0.16644089839516432, 'stock_rebuild_strong_pct': 0.9971933539170148, 'stock_first_add_pct': 0.30517891390118035}. Best is trial 3 with value: 0.0.
Best trial: 3. Best value: 0:  12%|®А®З        | 12/100 [49:30<5:45:44, 235.73s/it]Best trial: 3. Best value: 0:  12%|®А®З        | 12/100 [49:30<5:45:44, 235.73s/it]Best trial: 3. Best value: 0:  13%|®А®Ж        | 13/100 [49:30<5:40:30, 234.84s/it]                                                                                 [I 2026-07-24 12:19:18,826] Trial 13 finished with value: 0.0 and parameters: {'vwap_buy_deviation': -0.025034636864365994, 'take_profit_pct': 0.016786752206761624, 'buy_confirm_min_score': 19, 'notify_sell_threshold': 62, 'notify_buy_threshold': 40, 'stock_qty_strong_pct': 0.3429279395858918, 'stock_qty_base_pct': 0.20782172635484436, 'stock_rebuild_strong_pct': 0.9987493232287762, 'stock_first_add_pct': 0.3987783130480105}. Best is trial 3 with value: 0.0.
Best trial: 3. Best value: 0:  13%|®А®Ж        | 13/100 [53:09<5:40:30, 234.84s/it]Best trial: 3. Best value: 0:  13%|®А®Ж        | 13/100 [53:09<5:40:30, 234.84s/it]Best trial: 3. Best value: 0:  14%|®А®Е        | 14/100 [53:09<5:29:39, 229.99s/it]                                                                                 [I 2026-07-24 12:22:36,581] Trial 14 finished with value: -9999.0 and parameters: {'vwap_buy_deviation': -0.017982274715018745, 'take_profit_pct': 0.014797041814866551, 'buy_confirm_min_score': 20, 'notify_sell_threshold': 52, 'notify_buy_threshold': 55, 'stock_qty_strong_pct': 0.4111307995875121, 'stock_qty_base_pct': 0.28969964576082863, 'stock_rebuild_strong_pct': 0.83151948340795, 'stock_first_add_pct': 0.2207031495279928}. Best is trial 3 with value: 0.0.
Best trial: 3. Best value: 0:  14%|®А®Е        | 14/100 [56:26<5:29:39, 229.99s/it]Best trial: 3. Best value: 0:  14%|®А®Е        | 14/100 [56:26<5:29:39, 229.99s/it]Best trial: 3. Best value: 0:  15%|®А®Д        | 15/100 [56:26<5:12:03, 220.27s/it]                                                                                 [I 2026-07-24 12:26:27,526] Trial 15 finished with value: -9999.0 and parameters: {'vwap_buy_deviation': -0.03147330591444355, 'take_profit_pct': 0.020732557435399968, 'buy_confirm_min_score': 15, 'notify_sell_threshold': 40, 'notify_buy_threshold': 48, 'stock_qty_strong_pct': 0.324747147159618, 'stock_qty_base_pct': 0.35641451052946616, 'stock_rebuild_strong_pct': 0.9996177999914327, 'stock_first_add_pct': 0.317853223689182}. Best is trial 3 with value: 0.0.
Best trial: 3. Best value: 0:  15%|®А®Д        | 15/100 [1:00:17<5:12:03, 220.27s/it]Best trial: 3. Best value: 0:  15%|®А®Д        | 15/100 [1:00:17<5:12:03, 220.27s/it]Best trial: 3. Best value: 0:  16%|®А®Д        | 16/100 [1:00:17<5:12:52, 223.48s/it]                                                                                   [I 2026-07-24 12:30:05,575] Trial 16 finished with value: -9999.0 and parameters: {'vwap_buy_deviation': -0.024827886357891182, 'take_profit_pct': 0.014828677953081786, 'buy_confirm_min_score': 21, 'notify_sell_threshold': 70, 'notify_buy_threshold': 59, 'stock_qty_strong_pct': 0.41212419735107547, 'stock_qty_base_pct': 0.2096703823803486, 'stock_rebuild_strong_pct': 0.8634823758940222, 'stock_first_add_pct': 0.10395376431427714}. Best is trial 3 with value: 0.0.
Best trial: 3. Best value: 0:  16%|®А®Д        | 16/100 [1:03:55<5:12:52, 223.48s/it]Best trial: 3. Best value: 0:  16%|®А®Д        | 16/100 [1:03:55<5:12:52, 223.48s/it]Best trial: 3. Best value: 0:  17%|®А®Г        | 17/100 [1:03:55<5:06:53, 221.85s/it]                                                                                   [I 2026-07-24 12:33:54,866] Trial 17 finished with value: -9999.0 and parameters: {'vwap_buy_deviation': -0.029828609962854608, 'take_profit_pct': 0.019973146733525994, 'buy_confirm_min_score': 17, 'notify_sell_threshold': 62, 'notify_buy_threshold': 40, 'stock_qty_strong_pct': 0.2968803390413071, 'stock_qty_base_pct': 0.36214199062529395, 'stock_rebuild_strong_pct': 0.7804124134181425, 'stock_first_add_pct': 0.3125177407099677}. Best is trial 3 with value: 0.0.
Best trial: 3. Best value: 0:  17%|®А®Г        | 17/100 [1:07:45<5:06:53, 221.85s/it]Best trial: 3. Best value: 0:  17%|®А®Г        | 17/100 [1:07:45<5:06:53, 221.85s/it]Best trial: 3. Best value: 0:  18%|®А®В        | 18/100 [1:07:45<5:06:15, 224.09s/it]                                                                                   [I 2026-07-24 12:37:04,634] Trial 18 finished with value: -9999.0 and parameters: {'vwap_buy_deviation': -0.019366847188515293, 'take_profit_pct': 0.01412581754245603, 'buy_confirm_min_score': 18, 'notify_sell_threshold': 55, 'notify_buy_threshold': 52, 'stock_qty_strong_pct': 0.372186388565255, 'stock_qty_base_pct': 0.27728971941304104, 'stock_rebuild_strong_pct': 0.7340124648757067, 'stock_first_add_pct': 0.38603470043974075}. Best is trial 3 with value: 0.0.
Best trial: 3. Best value: 0:  18%|®А®В        | 18/100 [1:10:54<5:06:15, 224.09s/it]Best trial: 3. Best value: 0:  18%|®А®В        | 18/100 [1:10:54<5:06:15, 224.09s/it]Best trial: 3. Best value: 0:  19%|®А®Б        | 19/100 [1:10:54<4:48:36, 213.78s/it]                                                                                   [I 2026-07-24 12:40:46,051] Trial 19 finished with value: -9999.0 and parameters: {'vwap_buy_deviation': -0.024498204268558973, 'take_profit_pct': 0.01912375904002687, 'buy_confirm_min_score': 21, 'notify_sell_threshold': 59, 'notify_buy_threshold': 48, 'stock_qty_strong_pct': 0.25175871395133803, 'stock_qty_base_pct': 0.1864500293155225, 'stock_rebuild_strong_pct': 0.9102033147840614, 'stock_first_add_pct': 0.3337768088325115}. Best is trial 3 with value: 0.0.
Best trial: 3. Best value: 0:  19%|®А®Б        | 19/100 [1:14:36<4:48:36, 213.78s/it]Best trial: 3. Best value: 0:  19%|®А®Б        | 19/100 [1:14:36<4:48:36, 213.78s/it]Best trial: 3. Best value: 0:  20%|®А®А        | 20/100 [1:14:36<4:48:05, 216.07s/it]                                                                                   [I 2026-07-24 12:43:47,231] Trial 20 finished with value: -9999.0 and parameters: {'vwap_buy_deviation': -0.02611719961315074, 'take_profit_pct': 0.013315111533406223, 'buy_confirm_min_score': 15, 'notify_sell_threshold': 64, 'notify_buy_threshold': 68, 'stock_qty_strong_pct': 0.45105536812658653, 'stock_qty_base_pct': 0.22986366558725949, 'stock_rebuild_strong_pct': 0.5058104808137767, 'stock_first_add_pct': 0.2838260476669509}. Best is trial 3 with value: 0.0.
Best trial: 3. Best value: 0:  20%|®А®А        | 20/100 [1:17:37<4:48:05, 216.07s/it]Best trial: 3. Best value: 0:  20%|®А®А        | 20/100 [1:17:37<4:48:05, 216.07s/it]Best trial: 3. Best value: 0:  21%|®А®А        | 21/100 [1:17:37<4:30:42, 205.60s/it]                                                                                   [I 2026-07-24 12:47:07,916] Trial 21 finished with value: 0.0 and parameters: {'vwap_buy_deviation': -0.025102858001995142, 'take_profit_pct': 0.016727244605563987, 'buy_confirm_min_score': 18, 'notify_sell_threshold': 61, 'notify_buy_threshold': 40, 'stock_qty_strong_pct': 0.3432676552169945, 'stock_qty_base_pct': 0.15274707312108304, 'stock_rebuild_strong_pct': 0.9903380452479784, 'stock_first_add_pct': 0.39703550550293376}. Best is trial 3 with value: 0.0.
Best trial: 3. Best value: 0:  21%|®А®А        | 21/100 [1:20:58<4:30:42, 205.60s/it]Best trial: 3. Best value: 0:  21%|®А®А        | 21/100 [1:20:58<4:30:42, 205.60s/it]Best trial: 3. Best value: 0:  22%|®А®А®З       | 22/100 [1:20:58<4:25:21, 204.12s/it]                                                                                   [I 2026-07-24 12:50:36,893] Trial 22 finished with value: 0.0 and parameters: {'vwap_buy_deviation': -0.023353967366344493, 'take_profit_pct': 0.016160735391724922, 'buy_confirm_min_score': 20, 'notify_sell_threshold': 66, 'notify_buy_threshold': 43, 'stock_qty_strong_pct': 0.3373018335564868, 'stock_qty_base_pct': 0.2101769402775638, 'stock_rebuild_strong_pct': 0.9987349142404867, 'stock_first_add_pct': 0.37513979791024477}. Best is trial 3 with value: 0.0.
Best trial: 3. Best value: 0:  22%|®А®А®З       | 22/100 [1:24:27<4:25:21, 204.12s/it]Best trial: 3. Best value: 0:  22%|®А®А®З       | 22/100 [1:24:27<4:25:21, 204.12s/it]Best trial: 3. Best value: 0:  23%|®А®А®Ж       | 23/100 [1:24:27<4:23:49, 205.58s/it]                                                                                   [I 2026-07-24 12:53:45,875] Trial 23 finished with value: -9999.0 and parameters: {'vwap_buy_deviation': -0.020445248926575788, 'take_profit_pct': 0.018604767816391643, 'buy_confirm_min_score': 22, 'notify_sell_threshold': 60, 'notify_buy_threshold': 42, 'stock_qty_strong_pct': 0.34876192550781765, 'stock_qty_base_pct': 0.18119247822658285, 'stock_rebuild_strong_pct': 0.9326585335162575, 'stock_first_add_pct': 0.34150474847230144}. Best is trial 3 with value: 0.0.
Best trial: 3. Best value: 0:  23%|®А®А®Ж       | 23/100 [1:27:36<4:23:49, 205.58s/it]Best trial: 3. Best value: 0:  23%|®А®А®Ж       | 23/100 [1:27:36<4:23:49, 205.58s/it]Best trial: 3. Best value: 0:  24%|®А®А®Е       | 24/100 [1:27:36<4:14:05, 200.60s/it]                                                                                   [I 2026-07-24 12:57:01,308] Trial 24 finished with value: -9999.0 and parameters: {'vwap_buy_deviation': -0.026844197054732528, 'take_profit_pct': 0.0222657285090123, 'buy_confirm_min_score': 18, 'notify_sell_threshold': 56, 'notify_buy_threshold': 46, 'stock_qty_strong_pct': 0.29392501346696354, 'stock_qty_base_pct': 0.22583902075694715, 'stock_rebuild_strong_pct': 0.8618294076878816, 'stock_first_add_pct': 0.39762656318062883}. Best is trial 3 with value: 0.0.
Best trial: 3. Best value: 0:  24%|®А®А®Е       | 24/100 [1:30:51<4:14:05, 200.60s/it]Best trial: 3. Best value: 0:  24%|®А®А®Е       | 24/100 [1:30:51<4:14:05, 200.60s/it]Best trial: 3. Best value: 0:  25%|®А®А®Д       | 25/100 [1:30:51<4:08:49, 199.06s/it]                                                                                   [I 2026-07-24 13:00:40,462] Trial 25 finished with value: 0.0 and parameters: {'vwap_buy_deviation': -0.030395779734087237, 'take_profit_pct': 0.015962821779331574, 'buy_confirm_min_score': 19, 'notify_sell_threshold': 63, 'notify_buy_threshold': 40, 'stock_qty_strong_pct': 0.38211066085940987, 'stock_qty_base_pct': 0.17531536518060842, 'stock_rebuild_strong_pct': 0.9519283539617144, 'stock_first_add_pct': 0.3023297353760441}. Best is trial 3 with value: 0.0.
