Best trial: 59. Best value: 39.6298:  77%|███████▋  | 77/100 [4:03:35<1:10:57, 185.09s/it]Best trial: 59. Best value: 39.6298:  77%|███████▋  | 77/100 [4:03:35<1:10:57, 185.09s/it]Best trial: 59. Best value: 39.6298:  78%|███████▊  | 78/100 [4:03:35<1:07:57, 185.36s/it]                                                                                          [I 2026-07-24 15:32:36,238] Trial 78 finished with value: -9999.0 and parameters: {'vwap_buy_deviation': -0.026785363444464933, 'take_profit_pct': 0.008449561432984028, 'buy_confirm_min_score': 26, 'notify_sell_threshold': 65, 'notify_buy_threshold': 47, 'stock_qty_strong_pct': 0.3328284427148057, 'stock_qty_base_pct': 0.2570265537773408, 'stock_rebuild_strong_pct': 0.7494351556582428, 'stock_first_add_pct': 0.21084674959971586}. Best is trial 59 with value: 39.6298.
Best trial: 59. Best value: 39.6298:  78%|███████▊  | 78/100 [4:06:31<1:07:57, 185.36s/it]Best trial: 59. Best value: 39.6298:  78%|███████▊  | 78/100 [4:06:31<1:07:57, 185.36s/it]Best trial: 59. Best value: 39.6298:  79%|███████▉  | 79/100 [4:06:31<1:03:55, 182.65s/it]                                                                                          [I 2026-07-24 15:35:51,123] Trial 79 finished with value: -9999.0 and parameters: {'vwap_buy_deviation': -0.025888273415417832, 'take_profit_pct': 0.009222165812728918, 'buy_confirm_min_score': 25, 'notify_sell_threshold': 60, 'notify_buy_threshold': 46, 'stock_qty_strong_pct': 0.3983891305699652, 'stock_qty_base_pct': 0.28439840479066214, 'stock_rebuild_strong_pct': 0.6501171745329727, 'stock_first_add_pct': 0.16709227366288407}. Best is trial 59 with value: 39.6298.
Best trial: 59. Best value: 39.6298:  79%|███████▉  | 79/100 [4:09:46<1:03:55, 182.65s/it]Best trial: 59. Best value: 39.6298:  79%|███████▉  | 79/100 [4:09:46<1:03:55, 182.65s/it]Best trial: 59. Best value: 39.6298:  80%|████████  | 80/100 [4:09:46<1:02:06, 186.32s/it]                                                                                          [I 2026-07-24 15:39:44,347] Trial 80 finished with value: 39.6153 and parameters: {'vwap_buy_deviation': -0.027905732333992614, 'take_profit_pct': 0.007367703137846567, 'buy_confirm_min_score': 27, 'notify_sell_threshold': 61, 'notify_buy_threshold': 48, 'stock_qty_strong_pct': 0.36778912814646536, 'stock_qty_base_pct': 0.2999728762375165, 'stock_rebuild_strong_pct': 0.6871994376995065, 'stock_first_add_pct': 0.18082417326912562}. Best is trial 59 with value: 39.6298.
Best trial: 59. Best value: 39.6298:  80%|████████  | 80/100 [4:13:39<1:02:06, 186.32s/it]Best trial: 59. Best value: 39.6298:  80%|████████  | 80/100 [4:13:39<1:02:06, 186.32s/it]Best trial: 59. Best value: 39.6298:  81%|████████  | 81/100 [4:13:39<1:03:27, 200.39s/it]                                                                                          [I 2026-07-24 15:42:30,658] Trial 81 finished with value: 39.6298 and parameters: {'vwap_buy_deviation': -0.026103720341119966, 'take_profit_pct': 0.008249331170287255, 'buy_confirm_min_score': 27, 'notify_sell_threshold': 63, 'notify_buy_threshold': 48, 'stock_qty_strong_pct': 0.3543155916869424, 'stock_qty_base_pct': 0.27476076185387854, 'stock_rebuild_strong_pct': 0.6449975757098118, 'stock_first_add_pct': 0.19779416049808704}. Best is trial 59 with value: 39.6298.
Best trial: 59. Best value: 39.6298:  81%|████████  | 81/100 [4:16:26<1:03:27, 200.39s/it]Best trial: 59. Best value: 39.6298:  81%|████████  | 81/100 [4:16:26<1:03:27, 200.39s/it]Best trial: 59. Best value: 39.6298:  82%|████████▏ | 82/100 [4:16:26<57:03, 190.17s/it]                                                                                          [I 2026-07-24 15:45:26,298] Trial 82 finished with value: -9999.0 and parameters: {'vwap_buy_deviation': -0.025184525187439757, 'take_profit_pct': 0.0062320600474991255, 'buy_confirm_min_score': 28, 'notify_sell_threshold': 63, 'notify_buy_threshold': 45, 'stock_qty_strong_pct': 0.35195001768838396, 'stock_qty_base_pct': 0.2722887815317151, 'stock_rebuild_strong_pct': 0.6986073023678955, 'stock_first_add_pct': 0.19582927178016907}. Best is trial 59 with value: 39.6298.
Best trial: 59. Best value: 39.6298:  82%|████████▏ | 82/100 [4:19:21<57:03, 190.17s/it]Best trial: 59. Best value: 39.6298:  82%|████████▏ | 82/100 [4:19:21<57:03, 190.17s/it]Best trial: 59. Best value: 39.6298:  83%|████████▎ | 83/100 [4:19:21<52:38, 185.81s/it]                                                                                        [I 2026-07-24 15:48:31,304] Trial 83 finished with value: -9999.0 and parameters: {'vwap_buy_deviation': -0.02433674831068894, 'take_profit_pct': 0.009654238828291016, 'buy_confirm_min_score': 25, 'notify_sell_threshold': 65, 'notify_buy_threshold': 50, 'stock_qty_strong_pct': 0.3782500369941596, 'stock_qty_base_pct': 0.29480907514447696, 'stock_rebuild_strong_pct': 0.6294014918660928, 'stock_first_add_pct': 0.2091350316584205}. Best is trial 59 with value: 39.6298.
Best trial: 59. Best value: 39.6298:  83%|████████▎ | 83/100 [4:22:26<52:38, 185.81s/it]Best trial: 59. Best value: 39.6298:  83%|████████▎ | 83/100 [4:22:26<52:38, 185.81s/it]Best trial: 59. Best value: 39.6298:  84%|████████▍ | 84/100 [4:22:26<49:29, 185.57s/it]                                                                                        [I 2026-07-24 15:51:23,857] Trial 84 finished with value: -9999.0 and parameters: {'vwap_buy_deviation': -0.02637239579012763, 'take_profit_pct': 0.006933014245494317, 'buy_confirm_min_score': 26, 'notify_sell_threshold': 62, 'notify_buy_threshold': 49, 'stock_qty_strong_pct': 0.40934239814445517, 'stock_qty_base_pct': 0.2431440643455474, 'stock_rebuild_strong_pct': 0.6686317427075035, 'stock_first_add_pct': 0.18823011895225267}. Best is trial 59 with value: 39.6298.
Best trial: 59. Best value: 39.6298:  84%|████████▍ | 84/100 [4:25:19<49:29, 185.57s/it]Best trial: 59. Best value: 39.6298:  84%|████████▍ | 84/100 [4:25:19<49:29, 185.57s/it]Best trial: 59. Best value: 39.6298:  85%|████████▌ | 85/100 [4:25:19<45:24, 181.66s/it]                                                                                        [I 2026-07-24 15:54:05,086] Trial 85 finished with value: -9999.0 and parameters: {'vwap_buy_deviation': -0.027270497001749966, 'take_profit_pct': 0.007725493208366354, 'buy_confirm_min_score': 27, 'notify_sell_threshold': 66, 'notify_buy_threshold': 46, 'stock_qty_strong_pct': 0.34135573259407015, 'stock_qty_base_pct': 0.2666372939217709, 'stock_rebuild_strong_pct': 0.7327822502434495, 'stock_first_add_pct': 0.1617522272377012}. Best is trial 59 with value: 39.6298.
Best trial: 59. Best value: 39.6298:  85%|████████▌ | 85/100 [4:28:00<45:24, 181.66s/it]Best trial: 59. Best value: 39.6298:  85%|████████▌ | 85/100 [4:28:00<45:24, 181.66s/it]Best trial: 59. Best value: 39.6298:  86%|████████▌ | 86/100 [4:28:00<40:57, 175.53s/it]                                                                                        [I 2026-07-24 15:57:16,943] Trial 86 finished with value: -9999.0 and parameters: {'vwap_buy_deviation': -0.025453298600570665, 'take_profit_pct': 0.0056788665846071295, 'buy_confirm_min_score': 28, 'notify_sell_threshold': 64, 'notify_buy_threshold': 47, 'stock_qty_strong_pct': 0.3591312769575341, 'stock_qty_base_pct': 0.2556728567759628, 'stock_rebuild_strong_pct': 0.6109870151931773, 'stock_first_add_pct': 0.22289344318606258}. Best is trial 59 with value: 39.6298.
Best trial: 59. Best value: 39.6298:  86%|████████▌ | 86/100 [4:31:12<40:57, 175.53s/it]Best trial: 59. Best value: 39.6298:  86%|████████▌ | 86/100 [4:31:12<40:57, 175.53s/it]Best trial: 59. Best value: 39.6298:  87%|████████▋ | 87/100 [4:31:12<39:05, 180.43s/it]                                                                                        [I 2026-07-24 16:00:26,907] Trial 87 finished with value: 39.6298 and parameters: {'vwap_buy_deviation': -0.025987299794889864, 'take_profit_pct': 0.008327351106561189, 'buy_confirm_min_score': 26, 'notify_sell_threshold': 64, 'notify_buy_threshold': 48, 'stock_qty_strong_pct': 0.38900500705284013, 'stock_qty_base_pct': 0.28247990588911526, 'stock_rebuild_strong_pct': 0.597187703998283, 'stock_first_add_pct': 0.2027325270314165}. Best is trial 59 with value: 39.6298.
Best trial: 59. Best value: 39.6298:  87%|████████▋ | 87/100 [4:34:22<39:05, 180.43s/it]Best trial: 59. Best value: 39.6298:  87%|████████▋ | 87/100 [4:34:22<39:05, 180.43s/it]Best trial: 59. Best value: 39.6298:  88%|████████▊ | 88/100 [4:34:22<36:39, 183.29s/it]                                                                                        [I 2026-07-24 16:03:47,736] Trial 88 finished with value: -9999.0 and parameters: {'vwap_buy_deviation': -0.028946189832883416, 'take_profit_pct': 0.006562232462062616, 'buy_confirm_min_score': 27, 'notify_sell_threshold': 63, 'notify_buy_threshold': 51, 'stock_qty_strong_pct': 0.3712187332096586, 'stock_qty_base_pct': 0.2763519003863319, 'stock_rebuild_strong_pct': 0.7694044132663003, 'stock_first_add_pct': 0.236631549869721}. Best is trial 59 with value: 39.6298.
Best trial: 59. Best value: 39.6298:  88%|████████▊ | 88/100 [4:37:43<36:39, 183.29s/it]Best trial: 59. Best value: 39.6298:  88%|████████▊ | 88/100 [4:37:43<36:39, 183.29s/it]Best trial: 59. Best value: 39.6298:  89%|████████▉ | 89/100 [4:37:43<34:34, 188.55s/it]                                                                                        [I 2026-07-24 16:07:14,710] Trial 89 finished with value: -9999.0 and parameters: {'vwap_buy_deviation': -0.026780419572395048, 'take_profit_pct': 0.0071663920713098276, 'buy_confirm_min_score': 26, 'notify_sell_threshold': 60, 'notify_buy_threshold': 64, 'stock_qty_strong_pct': 0.40174390349626915, 'stock_qty_base_pct': 0.3183216067412751, 'stock_rebuild_strong_pct': 0.6934069687211435, 'stock_first_add_pct': 0.24614576279288586}. Best is trial 59 with value: 39.6298.
Best trial: 59. Best value: 39.6298:  89%|████████▉ | 89/100 [4:41:10<34:34, 188.55s/it]Best trial: 59. Best value: 39.6298:  89%|████████▉ | 89/100 [4:41:10<34:34, 188.55s/it]Best trial: 59. Best value: 39.6298:  90%|█████████ | 90/100 [4:41:10<32:20, 194.08s/it]                                                                                        [I 2026-07-24 16:10:31,463] Trial 90 finished with value: -9999.0 and parameters: {'vwap_buy_deviation': -0.02291158384822427, 'take_profit_pct': 0.010146873946332548, 'buy_confirm_min_score': 25, 'notify_sell_threshold': 61, 'notify_buy_threshold': 46, 'stock_qty_strong_pct': 0.3806885243547534, 'stock_qty_base_pct': 0.2916022767659185, 'stock_rebuild_strong_pct': 0.6552558697459216, 'stock_first_add_pct': 0.17535174257577388}. Best is trial 59 with value: 39.6298.
Best trial: 59. Best value: 39.6298:  90%|█████████ | 90/100 [4:44:26<32:20, 194.08s/it]Best trial: 59. Best value: 39.6298:  90%|█████████ | 90/100 [4:44:26<32:20, 194.08s/it]Best trial: 59. Best value: 39.6298:  91%|█████████ | 91/100 [4:44:26<29:13, 194.88s/it]                                                                                        [I 2026-07-24 16:13:22,457] Trial 91 finished with value: 39.6298 and parameters: {'vwap_buy_deviation': -0.026912886199751764, 'take_profit_pct': 0.007903300263111777, 'buy_confirm_min_score': 25, 'notify_sell_threshold': 64, 'notify_buy_threshold': 48, 'stock_qty_strong_pct': 0.37240171500132224, 'stock_qty_base_pct': 0.2575561182617752, 'stock_rebuild_strong_pct': 0.6809689852043719, 'stock_first_add_pct': 0.23157274475951706}. Best is trial 59 with value: 39.6298.
Best trial: 59. Best value: 39.6298:  91%|█████████ | 91/100 [4:47:17<29:13, 194.88s/it]Best trial: 59. Best value: 39.6298:  91%|█████████ | 91/100 [4:47:17<29:13, 194.88s/it]Best trial: 59. Best value: 39.6298:  92%|█████████▏| 92/100 [4:47:17<25:01, 187.72s/it]                                                                                        [I 2026-07-24 16:16:02,914] Trial 92 finished with value: -9999.0 and parameters: {'vwap_buy_deviation': -0.02469076674883215, 'take_profit_pct': 0.0075983983567716575, 'buy_confirm_min_score': 27, 'notify_sell_threshold': 63, 'notify_buy_threshold': 49, 'stock_qty_strong_pct': 0.3598818939452875, 'stock_qty_base_pct': 0.2624726623978918, 'stock_rebuild_strong_pct': 0.7123240175303134, 'stock_first_add_pct': 0.23146216853463458}. Best is trial 59 with value: 39.6298.
Best trial: 59. Best value: 39.6298:  92%|█████████▏| 92/100 [4:49:58<25:01, 187.72s/it]Best trial: 59. Best value: 39.6298:  92%|█████████▏| 92/100 [4:49:58<25:01, 187.72s/it]Best trial: 59. Best value: 39.6298:  93%|█████████▎| 93/100 [4:49:58<20:56, 179.54s/it]                                                                                        [I 2026-07-24 16:19:03,559] Trial 93 finished with value: 38.896 and parameters: {'vwap_buy_deviation': -0.027708149451944213, 'take_profit_pct': 0.008840358503148585, 'buy_confirm_min_score': 24, 'notify_sell_threshold': 68, 'notify_buy_threshold': 48, 'stock_qty_strong_pct': 0.41808460304614553, 'stock_qty_base_pct': 0.24691248994665516, 'stock_rebuild_strong_pct': 0.6242405144330578, 'stock_first_add_pct': 0.21159565889040916}. Best is trial 59 with value: 39.6298.
Best trial: 59. Best value: 39.6298:  93%|█████████▎| 93/100 [4:52:59<20:56, 179.54s/it]Best trial: 59. Best value: 39.6298:  93%|█████████▎| 93/100 [4:52:59<20:56, 179.54s/it]Best trial: 59. Best value: 39.6298:  94%|█████████▍| 94/100 [4:52:59<17:59, 179.87s/it]                                                                                        [I 2026-07-24 16:22:14,612] Trial 94 finished with value: -9999.0 and parameters: {'vwap_buy_deviation': -0.02622127823302293, 'take_profit_pct': 0.006640296837607788, 'buy_confirm_min_score': 26, 'notify_sell_threshold': 62, 'notify_buy_threshold': 47, 'stock_qty_strong_pct': 0.3239118966980098, 'stock_qty_base_pct': 0.23663194824134073, 'stock_rebuild_strong_pct': 0.6672307749242182, 'stock_first_add_pct': 0.22225366682548756}. Best is trial 59 with value: 39.6298.
Best trial: 59. Best value: 39.6298:  94%|█████████▍| 94/100 [4:56:10<17:59, 179.87s/it]Best trial: 59. Best value: 39.6298:  94%|█████████▍| 94/100 [4:56:10<17:59, 179.87s/it]Best trial: 59. Best value: 39.6298:  95%|█████████▌| 95/100 [4:56:10<15:16, 183.22s/it]                                                                                        [I 2026-07-24 16:25:05,517] Trial 95 finished with value: -9999.0 and parameters: {'vwap_buy_deviation': -0.028138855918575248, 'take_profit_pct': 0.0059681553325056265, 'buy_confirm_min_score': 27, 'notify_sell_threshold': 64, 'notify_buy_threshold': 45, 'stock_qty_strong_pct': 0.3456364365791755, 'stock_qty_base_pct': 0.2714113722321059, 'stock_rebuild_strong_pct': 0.6920308835964162, 'stock_first_add_pct': 0.19106909753515122}. Best is trial 59 with value: 39.6298.
Best trial: 59. Best value: 39.6298:  95%|█████████▌| 95/100 [4:59:01<15:16, 183.22s/it]Best trial: 59. Best value: 39.6298:  95%|█████████▌| 95/100 [4:59:01<15:16, 183.22s/it]Best trial: 59. Best value: 39.6298:  96%|█████████▌| 96/100 [4:59:01<11:58, 179.53s/it]                                                                                        [I 2026-07-24 16:28:09,516] Trial 96 finished with value: -9999.0 and parameters: {'vwap_buy_deviation': -0.027175414570750803, 'take_profit_pct': 0.00943097754101171, 'buy_confirm_min_score': 25, 'notify_sell_threshold': 66, 'notify_buy_threshold': 50, 'stock_qty_strong_pct': 0.39229552857968464, 'stock_qty_base_pct': 0.25860441422231367, 'stock_rebuild_strong_pct': 0.7215576365227637, 'stock_first_add_pct': 0.20544271019037222}. Best is trial 59 with value: 39.6298.
Best trial: 59. Best value: 39.6298:  96%|█████████▌| 96/100 [5:02:05<11:58, 179.53s/it]Best trial: 59. Best value: 39.6298:  96%|█████████▌| 96/100 [5:02:05<11:58, 179.53s/it]Best trial: 59. Best value: 39.6298:  97%|█████████▋| 97/100 [5:02:05<09:02, 180.87s/it]                                                                                        [I 2026-07-24 16:31:10,098] Trial 97 finished with value: -9999.0 and parameters: {'vwap_buy_deviation': -0.02654701276332777, 'take_profit_pct': 0.007303936622252031, 'buy_confirm_min_score': 28, 'notify_sell_threshold': 65, 'notify_buy_threshold': 49, 'stock_qty_strong_pct': 0.3775573137127067, 'stock_qty_base_pct': 0.2777166507442098, 'stock_rebuild_strong_pct': 0.637333889599173, 'stock_first_add_pct': 0.27738022616244346}. Best is trial 59 with value: 39.6298.
Best trial: 59. Best value: 39.6298:  97%|█████████▋| 97/100 [5:05:05<09:02, 180.87s/it]Best trial: 59. Best value: 39.6298:  97%|█████████▋| 97/100 [5:05:05<09:02, 180.87s/it]Best trial: 59. Best value: 39.6298:  98%|█████████▊| 98/100 [5:05:05<06:01, 180.78s/it]                                                                                        [I 2026-07-24 16:34:06,416] Trial 98 finished with value: -9999.0 and parameters: {'vwap_buy_deviation': -0.023441819636509646, 'take_profit_pct': 0.005276149206126058, 'buy_confirm_min_score': 29, 'notify_sell_threshold': 62, 'notify_buy_threshold': 48, 'stock_qty_strong_pct': 0.4016635620624978, 'stock_qty_base_pct': 0.26761247329378873, 'stock_rebuild_strong_pct': 0.6764117098703581, 'stock_first_add_pct': 0.2510870473312652}. Best is trial 59 with value: 39.6298.
Best trial: 59. Best value: 39.6298:  98%|█████████▊| 98/100 [5:08:01<06:01, 180.78s/it]Best trial: 59. Best value: 39.6298:  98%|█████████▊| 98/100 [5:08:01<06:01, 180.78s/it]Best trial: 59. Best value: 39.6298:  99%|█████████▉| 99/100 [5:08:01<02:59, 179.44s/it]                                                                                        [I 2026-07-24 16:37:25,460] Trial 99 finished with value: -9999.0 and parameters: {'vwap_buy_deviation': -0.025016705710264472, 'take_profit_pct': 0.008175203181318418, 'buy_confirm_min_score': 24, 'notify_sell_threshold': 67, 'notify_buy_threshold': 50, 'stock_qty_strong_pct': 0.3560613648506429, 'stock_qty_base_pct': 0.30149134263612865, 'stock_rebuild_strong_pct': 0.6567365355517519, 'stock_first_add_pct': 0.23589581417358718}. Best is trial 59 with value: 39.6298.
Best trial: 59. Best value: 39.6298:  99%|█████████▉| 99/100 [5:11:20<02:59, 179.44s/it]Best trial: 59. Best value: 39.6298:  99%|█████████▉| 99/100 [5:11:20<02:59, 179.44s/it]Best trial: 59. Best value: 39.6298: 100%|██████████| 100/100 [5:11:20<00:00, 185.32s/it]Best trial: 59. Best value: 39.6298: 100%|██████████| 100/100 [5:11:20<00:00, 186.81s/it]

[Optuna] 最佳 composite_score = 39.6298, params = {'vwap_buy_deviation': -0.024890273949606908, 'take_profit_pct': 0.005903075811404859, 'buy_confirm_min_score': 27, 'notify_sell_threshold': 63, 'notify_buy_threshold': 48, 'stock_qty_strong_pct': 0.36610643405834215, 'stock_qty_base_pct': 0.28492009613248936, 'stock_rebuild_strong_pct': 0.7466645332435318, 'stock_first_add_pct': 0.21215808635367991}

[最优参数] 训练集...

[基准对比] 默认参数在测试集...
  默认: wr=0.00% pnl=+0 composite=-9999.00

[邻域稳定性测试] 最优参数 ±5% 摇动...
  最优: -9999.00
  邻域平均: -9999.00
    vwap_buy_deviation=-0.0236 → composite=-9999.00
    vwap_buy_deviation=-0.0261 → composite=-9999.00
    take_profit_pct=0.0056 → composite=-9999.00
    take_profit_pct=0.0062 → composite=-9999.00
    buy_confirm_min_score=26 → composite=-9999.00
    buy_confirm_min_score=28 → composite=-9999.00
  判定: [不稳定 孤岛参数风险]
[结果] -> E:\06_T\t_io\optimizer\best_params_603667.json
[报告] E:\06_T\t_io\optimizer\optimizer_report.md

=======================================================
  寻优完成
=======================================================
  VWAP偏离买入阈值: -0.024890273949606908
  止盈比例: 0.005903075811404859
  买入确认最低分: 27
  卖出推送阈值: 63
  买入推送阈值: 48
  强信号卖出比例: 0.36610643405834215
  中等信号卖出比例: 0.28492009613248936
  强信号接回比例: 0.7466645332435318
  首次加仓比例: 0.21215808635367991
  训练集综合得分: 39.63
  输出: E:\06_T\t_io\optimizer/

