=======================================================

  参数寻优系统
=======================================================
  标的: 603667  方法: optuna  训练: 2025-06-01~2026-03-31
  [数据] 预处理 279 天收盘价索引
  [数据] 603667 2025-06-01~2026-03-31: 217 个交易日，检查缓存...
  [数据] 已缓存 202/217 天，缺失将在首次 trial 下载
  [数据] 603667 2026-04-01~2026-07-20: 79 个交易日，检查缓存...
  [数据] 已缓存 74/79 天，缺失将在首次 trial 下载

[基线] 默认参数...
  wr=0.00% trades=0 dd=0.00% composite=-99.60
[I 2026-07-24 21:46:13,492] A new study created in memory with name: no-name-8f086f06-d698-4c48-a1a7-1b3479059e48
  0%|          | 0/100 [00:00<?, ?it/s]                                       [I 2026-07-24 21:48:37,082] Trial 0 finished with value: -99.394 and parameters: {'vwap_buy_deviation': -0.02750919762305275, 'take_profit_pct': 0.024014286128198326, 'buy_confirm_min_score': 26, 'notify_sell_threshold': 58, 'notify_buy_threshold': 44, 'stock_qty_strong_pct': 0.3045980821176709, 'stock_qty_base_pct': 0.16452090304204986, 'stock_rebuild_strong_pct': 0.9330880728874675, 'stock_first_add_pct': 0.2803345035229627}. Best is trial 0 with value: -99.394.
  0%|          | 0/100 [02:23<?, ?it/s]Best trial: 0. Best value: -99.394:   0%|          | 0/100 [02:23<?, ?it/s]Best trial: 0. Best value: -99.394:   1%|          | 1/100 [02:23<3:56:47, 143.51s/it]                                                                                      [I 2026-07-24 21:51:20,848] Trial 1 finished with value: 222.2261 and parameters: {'vwap_buy_deviation': -0.02083854844407909, 'take_profit_pct': 0.005411689885916049, 'buy_confirm_min_score': 30, 'notify_sell_threshold': 65, 'notify_buy_threshold': 46, 'stock_qty_strong_pct': 0.3136387385224852, 'stock_qty_base_pct': 0.19585112746335845, 'stock_rebuild_strong_pct': 0.6521211214797689, 'stock_first_add_pct': 0.2574269294896714}. Best is trial 1 with value: 222.2261.
Best trial: 0. Best value: -99.394:   1%|          | 1/100 [05:07<3:56:47, 143.51s/it]Best trial: 1. Best value: 222.226:   1%|          | 1/100 [05:07<3:56:47, 143.51s/it]Best trial: 1. Best value: 222.226:   2%|▏         | 2/100 [05:07<4:13:51, 155.43s/it]                                                                                      [I 2026-07-24 21:53:36,917] Trial 2 finished with value: -99.764 and parameters: {'vwap_buy_deviation': -0.026361099627157686, 'take_profit_pct': 0.010824582803960838, 'buy_confirm_min_score': 24, 'notify_sell_threshold': 44, 'notify_buy_threshold': 49, 'stock_qty_strong_pct': 0.3782266451527921, 'stock_qty_base_pct': 0.26401749605425895, 'stock_rebuild_strong_pct': 0.8925879806965068, 'stock_first_add_pct': 0.15990213464750794}. Best is trial 1 with value: 222.2261.
Best trial: 1. Best value: 222.226:   2%|▏         | 2/100 [07:23<4:13:51, 155.43s/it]Best trial: 1. Best value: 222.226:   2%|▏         | 2/100 [07:23<4:13:51, 155.43s/it]Best trial: 1. Best value: 222.226:   3%|▎         | 3/100 [07:23<3:56:58, 146.59s/it]                                                                                      [I 2026-07-24 21:55:27,843] Trial 3 finished with value: -99.366 and parameters: {'vwap_buy_deviation': -0.02471531123172777, 'take_profit_pct': 0.01684829137724085, 'buy_confirm_min_score': 15, 'notify_sell_threshold': 58, 'notify_buy_threshold': 45, 'stock_qty_strong_pct': 0.27276805754484784, 'stock_qty_base_pct': 0.3872213843133333, 'stock_rebuild_strong_pct': 0.9828160165372797, 'stock_first_add_pct': 0.3425192044349384}. Best is trial 1 with value: 222.2261.
Best trial: 1. Best value: 222.226:   3%|▎         | 3/100 [09:14<3:56:58, 146.59s/it]Best trial: 1. Best value: 222.226:   3%|▎         | 3/100 [09:14<3:56:58, 146.59s/it]Best trial: 1. Best value: 222.226:   4%|▍         | 4/100 [09:14<3:32:00, 132.51s/it]                                                                                      [I 2026-07-24 21:57:20,469] Trial 4 finished with value: -99.582 and parameters: {'vwap_buy_deviation': -0.028907724616532588, 'take_profit_pct': 0.006953442280127677, 'buy_confirm_min_score': 25, 'notify_sell_threshold': 53, 'notify_buy_threshold': 43, 'stock_qty_strong_pct': 0.42331191853894456, 'stock_qty_base_pct': 0.1585971302788046, 'stock_rebuild_strong_pct': 0.954660201039391, 'stock_first_add_pct': 0.1776339944800051}. Best is trial 1 with value: 222.2261.
Best trial: 1. Best value: 222.226:   4%|▍         | 4/100 [11:06<3:32:00, 132.51s/it]Best trial: 1. Best value: 222.226:   4%|▍         | 4/100 [11:06<3:32:00, 132.51s/it]Best trial: 1. Best value: 222.226:   5%|▌         | 5/100 [11:06<3:18:27, 125.34s/it]                                                                                      [I 2026-07-24 22:00:35,611] Trial 5 finished with value: -99.476 and parameters: {'vwap_buy_deviation': -0.02174955431292036, 'take_profit_pct': 0.01123422152178822, 'buy_confirm_min_score': 23, 'notify_sell_threshold': 56, 'notify_buy_threshold': 45, 'stock_qty_strong_pct': 0.5893546197175954, 'stock_qty_base_pct': 0.34378320584027866, 'stock_rebuild_strong_pct': 0.9697494707820946, 'stock_first_add_pct': 0.3684482051282947}. Best is trial 1 with value: 222.2261.
Best trial: 1. Best value: 222.226:   5%|▌         | 5/100 [14:22<3:18:27, 125.34s/it]Best trial: 1. Best value: 222.226:   5%|▌         | 5/100 [14:22<3:18:27, 125.34s/it]Best trial: 1. Best value: 222.226:   6%|▌         | 6/100 [14:22<3:53:32, 149.07s/it]                                                                                      [I 2026-07-24 22:03:56,016] Trial 6 finished with value: -99.78 and parameters: {'vwap_buy_deviation': -0.023042000423778297, 'take_profit_pct': 0.02343748470046234, 'buy_confirm_min_score': 16, 'notify_sell_threshold': 46, 'notify_buy_threshold': 41, 'stock_qty_strong_pct': 0.3638656157671425, 'stock_qty_base_pct': 0.2471693224223705, 'stock_rebuild_strong_pct': 0.6356745158869479, 'stock_first_add_pct': 0.34862125274557887}. Best is trial 1 with value: 222.2261.
Best trial: 1. Best value: 222.226:   6%|▌         | 6/100 [17:42<3:53:32, 149.07s/it]Best trial: 1. Best value: 222.226:   6%|▌         | 6/100 [17:42<3:53:32, 149.07s/it]Best trial: 1. Best value: 222.226:   7%|▋         | 7/100 [17:42<4:17:04, 165.85s/it]                                                                                      [I 2026-07-24 22:07:30,795] Trial 7 finished with value: -99.752 and parameters: {'vwap_buy_deviation': -0.027864933466128217, 'take_profit_pct': 0.010618690193747615, 'buy_confirm_min_score': 23, 'notify_sell_threshold': 44, 'notify_buy_threshold': 64, 'stock_qty_strong_pct': 0.2760927252879198, 'stock_qty_base_pct': 0.39672173415012935, 'stock_rebuild_strong_pct': 0.8861223846483287, 'stock_first_add_pct': 0.15961470446025172}. Best is trial 1 with value: 222.2261.
Best trial: 1. Best value: 222.226:   7%|▋         | 7/100 [21:17<4:17:04, 165.85s/it]Best trial: 1. Best value: 222.226:   7%|▋         | 7/100 [21:17<4:17:04, 165.85s/it]Best trial: 1. Best value: 222.226:   8%|▊         | 8/100 [21:17<4:38:11, 181.43s/it]                                                                                      [I 2026-07-24 22:10:41,116] Trial 8 finished with value: -99.52 and parameters: {'vwap_buy_deviation': -0.03488955765752796, 'take_profit_pct': 0.021309228569096686, 'buy_confirm_min_score': 26, 'notify_sell_threshold': 62, 'notify_buy_threshold': 63, 'stock_qty_strong_pct': 0.2759156281069316, 'stock_qty_base_pct': 0.23961643213606815, 'stock_rebuild_strong_pct': 0.5579345297625649, 'stock_first_add_pct': 0.35893102776267805}. Best is trial 1 with value: 222.2261.
Best trial: 1. Best value: 222.226:   8%|▊         | 8/100 [24:27<4:38:11, 181.43s/it]Best trial: 1. Best value: 222.226:   8%|▊         | 8/100 [24:27<4:38:11, 181.43s/it]Best trial: 1. Best value: 222.226:   9%|▉         | 9/100 [24:27<4:39:23, 184.21s/it]                                                                                      [I 2026-07-24 22:13:43,544] Trial 9 finished with value: -99.87 and parameters: {'vwap_buy_deviation': -0.02253403746344884, 'take_profit_pct': 0.011617960497052984, 'buy_confirm_min_score': 16, 'notify_sell_threshold': 49, 'notify_buy_threshold': 50, 'stock_qty_strong_pct': 0.5053621624183224, 'stock_qty_base_pct': 0.3093893678388033, 'stock_rebuild_strong_pct': 0.9436063712881633, 'stock_first_add_pct': 0.2416644775485848}. Best is trial 1 with value: 222.2261.
Best trial: 1. Best value: 222.226:   9%|▉         | 9/100 [27:29<4:39:23, 184.21s/it]Best trial: 1. Best value: 222.226:   9%|▉         | 9/100 [27:29<4:39:23, 184.21s/it]Best trial: 1. Best value: 222.226:  10%|█         | 10/100 [27:29<4:35:29, 183.66s/it]                                                                                       [I 2026-07-24 22:16:42,720] Trial 10 finished with value: 0.0 and parameters: {'vwap_buy_deviation': -0.015659663650576375, 'take_profit_pct': 0.005119943659116343, 'buy_confirm_min_score': 30, 'notify_sell_threshold': 68, 'notify_buy_threshold': 57, 'stock_qty_strong_pct': 0.4915864757492008, 'stock_qty_base_pct': 0.21202505903538463, 'stock_rebuild_strong_pct': 0.7487749862641546, 'stock_first_add_pct': 0.23926763018808028}. Best is trial 1 with value: 222.2261.
Best trial: 1. Best value: 222.226:  10%|█         | 10/100 [30:29<4:35:29, 183.66s/it]Best trial: 1. Best value: 222.226:  10%|█         | 10/100 [30:29<4:35:29, 183.66s/it]Best trial: 1. Best value: 222.226:  11%|█         | 11/100 [30:29<4:30:23, 182.29s/it]                                                                                       [I 2026-07-24 22:19:35,394] Trial 11 finished with value: 0.0 and parameters: {'vwap_buy_deviation': -0.015050662451563153, 'take_profit_pct': 0.005168393439076729, 'buy_confirm_min_score': 30, 'notify_sell_threshold': 70, 'notify_buy_threshold': 56, 'stock_qty_strong_pct': 0.47379135699955127, 'stock_qty_base_pct': 0.19998494480583257, 'stock_rebuild_strong_pct': 0.7317959276605608, 'stock_first_add_pct': 0.24510735160280342}. Best is trial 1 with value: 222.2261.
Best trial: 1. Best value: 222.226:  11%|█         | 11/100 [33:21<4:30:23, 182.29s/it]Best trial: 1. Best value: 222.226:  11%|█         | 11/100 [33:21<4:30:23, 182.29s/it]Best trial: 1. Best value: 222.226:  12%|█▏        | 12/100 [33:21<4:23:03, 179.36s/it]                                                                                       [I 2026-07-24 22:22:33,174] Trial 12 finished with value: -99.846 and parameters: {'vwap_buy_deviation': -0.01574271577662041, 'take_profit_pct': 0.007881825354431868, 'buy_confirm_min_score': 30, 'notify_sell_threshold': 69, 'notify_buy_threshold': 70, 'stock_qty_strong_pct': 0.5571288738317536, 'stock_qty_base_pct': 0.19540966328233142, 'stock_rebuild_strong_pct': 0.7371413413327704, 'stock_first_add_pct': 0.2787291601628364}. Best is trial 1 with value: 222.2261.
Best trial: 1. Best value: 222.226:  12%|█▏        | 12/100 [36:19<4:23:03, 179.36s/it]Best trial: 1. Best value: 222.226:  12%|█▏        | 12/100 [36:19<4:23:03, 179.36s/it]Best trial: 1. Best value: 222.226:  13%|█▎        | 13/100 [36:19<4:19:22, 178.88s/it]                                                                                       [I 2026-07-24 22:25:30,773] Trial 13 finished with value: -99.606 and parameters: {'vwap_buy_deviation': -0.019069898552526242, 'take_profit_pct': 0.005838242123971315, 'buy_confirm_min_score': 28, 'notify_sell_threshold': 65, 'notify_buy_threshold': 56, 'stock_qty_strong_pct': 0.343839479660118, 'stock_qty_base_pct': 0.20988074176013066, 'stock_rebuild_strong_pct': 0.7485426968054263, 'stock_first_add_pct': 0.2058804636631356}. Best is trial 1 with value: 222.2261.
Best trial: 1. Best value: 222.226:  13%|█▎        | 13/100 [39:17<4:19:22, 178.88s/it]Best trial: 1. Best value: 222.226:  13%|█▎        | 13/100 [39:17<4:19:22, 178.88s/it]Best trial: 1. Best value: 222.226:  14%|█▍        | 14/100 [39:17<4:15:50, 178.49s/it]                                                                                       [I 2026-07-24 22:28:29,429] Trial 14 finished with value: -99.556 and parameters: {'vwap_buy_deviation': -0.01836122907482845, 'take_profit_pct': 0.009272753711378352, 'buy_confirm_min_score': 28, 'notify_sell_threshold': 64, 'notify_buy_threshold': 55, 'stock_qty_strong_pct': 0.43589341062301107, 'stock_qty_base_pct': 0.2834600606978461, 'stock_rebuild_strong_pct': 0.6505985901973357, 'stock_first_add_pct': 0.2956998270001938}. Best is trial 1 with value: 222.2261.
Best trial: 1. Best value: 222.226:  14%|█▍        | 14/100 [42:15<4:15:50, 178.49s/it]Best trial: 1. Best value: 222.226:  14%|█▍        | 14/100 [42:15<4:15:50, 178.49s/it]Best trial: 1. Best value: 222.226:  15%|█▌        | 15/100 [42:15<4:12:56, 178.54s/it]                                                                                       [I 2026-07-24 22:31:26,145] Trial 15 finished with value: -99.88 and parameters: {'vwap_buy_deviation': -0.01891715526237466, 'take_profit_pct': 0.013550909998069446, 'buy_confirm_min_score': 28, 'notify_sell_threshold': 67, 'notify_buy_threshold': 61, 'stock_qty_strong_pct': 0.529714247127206, 'stock_qty_base_pct': 0.2223624280717673, 'stock_rebuild_strong_pct': 0.808744399328994, 'stock_first_add_pct': 0.20788572249036533}. Best is trial 1 with value: 222.2261.
Best trial: 1. Best value: 222.226:  15%|█▌        | 15/100 [45:12<4:12:56, 178.54s/it]Best trial: 1. Best value: 222.226:  15%|█▌        | 15/100 [45:12<4:12:56, 178.54s/it]Best trial: 1. Best value: 222.226:  16%|█▌        | 16/100 [45:12<4:09:11, 177.99s/it]                                                                                       [I 2026-07-24 22:34:29,211] Trial 16 finished with value: -99.368 and parameters: {'vwap_buy_deviation': -0.017604716852701673, 'take_profit_pct': 0.005098370989339996, 'buy_confirm_min_score': 21, 'notify_sell_threshold': 62, 'notify_buy_threshold': 50, 'stock_qty_strong_pct': 0.42607398839584587, 'stock_qty_base_pct': 0.18063379056560902, 'stock_rebuild_strong_pct': 0.5136095131955984, 'stock_first_add_pct': 0.10395376431427714}. Best is trial 1 with value: 222.2261.
Best trial: 1. Best value: 222.226:  16%|█▌        | 16/100 [48:15<4:09:11, 177.99s/it]Best trial: 1. Best value: 222.226:  16%|█▌        | 16/100 [48:15<4:09:11, 177.99s/it]Best trial: 1. Best value: 222.226:  17%|█▋        | 17/100 [48:15<4:08:20, 179.52s/it]                                                                                       [I 2026-07-24 22:37:31,750] Trial 17 finished with value: -99.508 and parameters: {'vwap_buy_deviation': -0.020730048952035698, 'take_profit_pct': 0.01385874737497077, 'buy_confirm_min_score': 30, 'notify_sell_threshold': 61, 'notify_buy_threshold': 59, 'stock_qty_strong_pct': 0.47499660070669436, 'stock_qty_base_pct': 0.28748161001740474, 'stock_rebuild_strong_pct': 0.628353469484714, 'stock_first_add_pct': 0.30554013655829415}. Best is trial 1 with value: 222.2261.
Best trial: 1. Best value: 222.226:  17%|█▋        | 17/100 [51:18<4:08:20, 179.52s/it]Best trial: 1. Best value: 222.226:  17%|█▋        | 17/100 [51:18<4:08:20, 179.52s/it]Best trial: 1. Best value: 222.226:  18%|█▊        | 18/100 [51:18<4:06:34, 180.43s/it]                                                                                       [I 2026-07-24 22:40:27,462] Trial 18 finished with value: 117.8889 and parameters: {'vwap_buy_deviation': -0.030908160725706076, 'take_profit_pct': 0.007952746266536706, 'buy_confirm_min_score': 28, 'notify_sell_threshold': 67, 'notify_buy_threshold': 48, 'stock_qty_strong_pct': 0.31579346581287887, 'stock_qty_base_pct': 0.23090952458483804, 'stock_rebuild_strong_pct': 0.8058524223961274, 'stock_first_add_pct': 0.24181896666674896}. Best is trial 1 with value: 222.2261.
Best trial: 1. Best value: 222.226:  18%|█▊        | 18/100 [54:13<4:06:34, 180.43s/it]Best trial: 1. Best value: 222.226:  18%|█▊        | 18/100 [54:13<4:06:34, 180.43s/it]Best trial: 1. Best value: 222.226:  19%|█▉        | 19/100 [54:13<4:01:39, 179.01s/it]                                                                                       [I 2026-07-24 22:43:25,464] Trial 19 finished with value: 101.6762 and parameters: {'vwap_buy_deviation': -0.033081596348522944, 'take_profit_pct': 0.007737074834800109, 'buy_confirm_min_score': 21, 'notify_sell_threshold': 66, 'notify_buy_threshold': 48, 'stock_qty_strong_pct': 0.3205030414050223, 'stock_qty_base_pct': 0.25067521619897387, 'stock_rebuild_strong_pct': 0.8189089453002434, 'stock_first_add_pct': 0.32265609314689775}. Best is trial 1 with value: 222.2261.
Best trial: 1. Best value: 222.226:  19%|█▉        | 19/100 [57:11<4:01:39, 179.01s/it]Best trial: 1. Best value: 222.226:  19%|█▉        | 19/100 [57:11<4:01:39, 179.01s/it]Best trial: 1. Best value: 222.226:  20%|██        | 20/100 [57:11<3:58:16, 178.71s/it]                                                                                       [I 2026-07-24 22:46:27,961] Trial 20 finished with value: -99.308 and parameters: {'vwap_buy_deviation': -0.03145211837118483, 'take_profit_pct': 0.016875022485794554, 'buy_confirm_min_score': 27, 'notify_sell_threshold': 60, 'notify_buy_threshold': 52, 'stock_qty_strong_pct': 0.3886382741904511, 'stock_qty_base_pct': 0.3245241600013503, 'stock_rebuild_strong_pct': 0.683593790175355, 'stock_first_add_pct': 0.39815283551491254}. Best is trial 1 with value: 222.2261.
Best trial: 1. Best value: 222.226:  20%|██        | 20/100 [1:00:14<3:58:16, 178.71s/it]Best trial: 1. Best value: 222.226:  20%|██        | 20/100 [1:00:14<3:58:16, 178.71s/it]Best trial: 1. Best value: 222.226:  21%|██        | 21/100 [1:00:14<3:56:47, 179.85s/it]                                                                                         [I 2026-07-24 22:49:21,764] Trial 21 finished with value: 149.28 and parameters: {'vwap_buy_deviation': -0.03499539908885827, 'take_profit_pct': 0.008266820817399864, 'buy_confirm_min_score': 19, 'notify_sell_threshold': 65, 'notify_buy_threshold': 48, 'stock_qty_strong_pct': 0.3216642273722303, 'stock_qty_base_pct': 0.24052269086735234, 'stock_rebuild_strong_pct': 0.8222829414060848, 'stock_first_add_pct': 0.3185750950669923}. Best is trial 1 with value: 222.2261.
Best trial: 1. Best value: 222.226:  21%|██        | 21/100 [1:03:08<3:56:47, 179.85s/it]Best trial: 1. Best value: 222.226:  21%|██        | 21/100 [1:03:08<3:56:47, 179.85s/it]Best trial: 1. Best value: 222.226:  22%|██▏       | 22/100 [1:03:08<3:51:26, 178.03s/it]                                                                                         [I 2026-07-24 22:52:18,840] Trial 22 finished with value: 167.7161 and parameters: {'vwap_buy_deviation': -0.031229708338539386, 'take_profit_pct': 0.008896435081981038, 'buy_confirm_min_score': 18, 'notify_sell_threshold': 64, 'notify_buy_threshold': 47, 'stock_qty_strong_pct': 0.3152588862597658, 'stock_qty_base_pct': 0.2292088028144058, 'stock_rebuild_strong_pct': 0.8276602452283629, 'stock_first_add_pct': 0.2658936817836483}. Best is trial 1 with value: 222.2261.
Best trial: 1. Best value: 222.226:  22%|██▏       | 22/100 [1:06:05<3:51:26, 178.03s/it]Best trial: 1. Best value: 222.226:  22%|██▏       | 22/100 [1:06:05<3:51:26, 178.03s/it]Best trial: 1. Best value: 222.226:  23%|██▎       | 23/100 [1:06:05<3:48:06, 177.75s/it]                                                                                         [I 2026-07-24 22:55:08,720] Trial 23 finished with value: -99.49 and parameters: {'vwap_buy_deviation': -0.03442525562794468, 'take_profit_pct': 0.009288540525810176, 'buy_confirm_min_score': 18, 'notify_sell_threshold': 40, 'notify_buy_threshold': 40, 'stock_qty_strong_pct': 0.3427749947890254, 'stock_qty_base_pct': 0.18100509276451773, 'stock_rebuild_strong_pct': 0.8553380332196894, 'stock_first_add_pct': 0.27088905314105266}. Best is trial 1 with value: 222.2261.
Best trial: 1. Best value: 222.226:  23%|██▎       | 23/100 [1:08:55<3:48:06, 177.75s/it]Best trial: 1. Best value: 222.226:  23%|██▎       | 23/100 [1:08:55<3:48:06, 177.75s/it]Best trial: 1. Best value: 222.226:  24%|██▍       | 24/100 [1:08:55<3:42:09, 175.38s/it]                                                                                         [I 2026-07-24 22:58:01,488] Trial 24 finished with value: -99.556 and parameters: {'vwap_buy_deviation': -0.030741408651270133, 'take_profit_pct': 0.013279724168054039, 'buy_confirm_min_score': 19, 'notify_sell_threshold': 64, 'notify_buy_threshold': 53, 'stock_qty_strong_pct': 0.2588558004557959, 'stock_qty_base_pct': 0.2632575680647392, 'stock_rebuild_strong_pct': 0.5797430519136854, 'stock_first_add_pct': 0.3143621880023387}. Best is trial 1 with value: 222.2261.
Best trial: 1. Best value: 222.226:  24%|██▍       | 24/100 [1:11:47<3:42:09, 175.38s/it]Best trial: 1. Best value: 222.226:  24%|██▍       | 24/100 [1:11:47<3:42:09, 175.38s/it]Best trial: 1. Best value: 222.226:  25%|██▌       | 25/100 [1:11:47<3:38:14, 174.60s/it]                                                                                         [I 2026-07-24 23:01:01,633] Trial 25 finished with value: 209.2354 and parameters: {'vwap_buy_deviation': -0.032630666032341354, 'take_profit_pct': 0.0067557386735908, 'buy_confirm_min_score': 19, 'notify_sell_threshold': 64, 'notify_buy_threshold': 46, 'stock_qty_strong_pct': 0.2997029866766798, 'stock_qty_base_pct': 0.1841190994396599, 'stock_rebuild_strong_pct': 0.6886618701511045, 'stock_first_add_pct': 0.26392873920474746}. Best is trial 1 with value: 222.2261.
