Best trial: 0. Best value: -9999:  51%|█████     | 51/100 [2:49:16<2:03:00, 150.63s/it]Best trial: 0. Best value: -9999:  51%|█████     | 51/100 [2:49:16<2:03:00, 150.63s/it]Best trial: 0. Best value: -9999:  52%|█████▏    | 52/100 [2:49:16<1:57:49, 147.28s/it]                                                                                       [I 2026-07-24 14:17:39,205] Trial 52 finished with value: -9999.0 and parameters: {'vwap_buy_deviation': -0.01838844214275954, 'take_profit_pct': 0.009923518644419926, 'buy_confirm_min_score': 25, 'notify_sell_threshold': 53, 'notify_buy_threshold': 70, 'stock_qty_strong_pct': 0.27154865664908134, 'stock_qty_base_pct': 0.34475740065696825, 'stock_rebuild_strong_pct': 0.6594364198927305, 'stock_first_add_pct': 0.3949004194900508}. Best is trial 0 with value: -9999.0.
Best trial: 0. Best value: -9999:  52%|█████▏    | 52/100 [2:51:34<1:57:49, 147.28s/it]Best trial: 0. Best value: -9999:  52%|█████▏    | 52/100 [2:51:34<1:57:49, 147.28s/it]Best trial: 0. Best value: -9999:  53%|█████▎    | 53/100 [2:51:34<1:53:15, 144.59s/it]                                                                                       [I 2026-07-24 14:20:44,165] Trial 53 finished with value: -9999.0 and parameters: {'vwap_buy_deviation': -0.02095226095994398, 'take_profit_pct': 0.014638220820783036, 'buy_confirm_min_score': 21, 'notify_sell_threshold': 54, 'notify_buy_threshold': 46, 'stock_qty_strong_pct': 0.5910477649023149, 'stock_qty_base_pct': 0.3606619901158705, 'stock_rebuild_strong_pct': 0.9829402652989475, 'stock_first_add_pct': 0.35458540951934353}. Best is trial 0 with value: -9999.0.
Best trial: 0. Best value: -9999:  53%|█████▎    | 53/100 [2:54:39<1:53:15, 144.59s/it]Best trial: 0. Best value: -9999:  53%|█████▎    | 53/100 [2:54:39<1:53:15, 144.59s/it]Best trial: 0. Best value: -9999:  54%|█████▍    | 54/100 [2:54:39<2:00:08, 156.70s/it]                                                                                       [I 2026-07-24 14:23:17,563] Trial 54 finished with value: -9999.0 and parameters: {'vwap_buy_deviation': -0.02390228556983412, 'take_profit_pct': 0.007497039590504916, 'buy_confirm_min_score': 23, 'notify_sell_threshold': 57, 'notify_buy_threshold': 41, 'stock_qty_strong_pct': 0.34297144278437425, 'stock_qty_base_pct': 0.38989284595936813, 'stock_rebuild_strong_pct': 0.9280797695160056, 'stock_first_add_pct': 0.2888272796637918}. Best is trial 0 with value: -9999.0.
Best trial: 0. Best value: -9999:  54%|█████▍    | 54/100 [2:57:13<2:00:08, 156.70s/it]Best trial: 0. Best value: -9999:  54%|█████▍    | 54/100 [2:57:13<2:00:08, 156.70s/it]Best trial: 0. Best value: -9999:  55%|█████▌    | 55/100 [2:57:13<1:56:46, 155.71s/it]                                                                                       [I 2026-07-24 14:27:11,899] Trial 55 finished with value: -9999.0 and parameters: {'vwap_buy_deviation': -0.026335450381794797, 'take_profit_pct': 0.008473894969020785, 'buy_confirm_min_score': 26, 'notify_sell_threshold': 59, 'notify_buy_threshold': 44, 'stock_qty_strong_pct': 0.3104570945793202, 'stock_qty_base_pct': 0.3385387544303947, 'stock_rebuild_strong_pct': 0.9072452006414612, 'stock_first_add_pct': 0.33931803968385377}. Best is trial 0 with value: -9999.0.
Best trial: 0. Best value: -9999:  55%|█████▌    | 55/100 [3:01:07<1:56:46, 155.71s/it]Best trial: 0. Best value: -9999:  55%|█████▌    | 55/100 [3:01:07<1:56:46, 155.71s/it]Best trial: 0. Best value: -9999:  56%|█████▌    | 56/100 [3:01:07<2:11:29, 179.30s/it]                                                                                       [I 2026-07-24 14:29:25,155] Trial 56 finished with value: 39.6153 and parameters: {'vwap_buy_deviation': -0.019529960718145573, 'take_profit_pct': 0.00563531755008588, 'buy_confirm_min_score': 27, 'notify_sell_threshold': 61, 'notify_buy_threshold': 48, 'stock_qty_strong_pct': 0.3708715104700614, 'stock_qty_base_pct': 0.30653647992857036, 'stock_rebuild_strong_pct': 0.852377862191484, 'stock_first_add_pct': 0.26133500239285506}. Best is trial 56 with value: 39.6153.
Best trial: 0. Best value: -9999:  56%|█████▌    | 56/100 [3:03:20<2:11:29, 179.30s/it]Best trial: 56. Best value: 39.6153:  56%|█████▌    | 56/100 [3:03:20<2:11:29, 179.30s/it]Best trial: 56. Best value: 39.6153:  57%|█████▋    | 57/100 [3:03:20<1:58:35, 165.48s/it]                                                                                          [I 2026-07-24 14:31:37,897] Trial 57 finished with value: -9999.0 and parameters: {'vwap_buy_deviation': -0.018975543521998556, 'take_profit_pct': 0.006140735529738425, 'buy_confirm_min_score': 29, 'notify_sell_threshold': 61, 'notify_buy_threshold': 47, 'stock_qty_strong_pct': 0.3780634104253249, 'stock_qty_base_pct': 0.3091159486875793, 'stock_rebuild_strong_pct': 0.8392684974048763, 'stock_first_add_pct': 0.25528907896568254}. Best is trial 56 with value: 39.6153.
Best trial: 56. Best value: 39.6153:  57%|█████▋    | 57/100 [3:05:33<1:58:35, 165.48s/it]Best trial: 56. Best value: 39.6153:  57%|█████▋    | 57/100 [3:05:33<1:58:35, 165.48s/it]Best trial: 56. Best value: 39.6153:  58%|█████▊    | 58/100 [3:05:33<1:48:57, 155.66s/it]                                                                                          [I 2026-07-24 14:33:59,392] Trial 58 finished with value: -9999.0 and parameters: {'vwap_buy_deviation': -0.016373601068473714, 'take_profit_pct': 0.005009876987053355, 'buy_confirm_min_score': 28, 'notify_sell_threshold': 64, 'notify_buy_threshold': 51, 'stock_qty_strong_pct': 0.4144949514297549, 'stock_qty_base_pct': 0.16049731624286212, 'stock_rebuild_strong_pct': 0.7934087322758713, 'stock_first_add_pct': 0.23847593198617564}. Best is trial 56 with value: 39.6153.
Best trial: 56. Best value: 39.6153:  58%|█████▊    | 58/100 [3:07:54<1:48:57, 155.66s/it]Best trial: 56. Best value: 39.6153:  58%|█████▊    | 58/100 [3:07:54<1:48:57, 155.66s/it]Best trial: 56. Best value: 39.6153:  59%|█████▉    | 59/100 [3:07:54<1:43:27, 151.41s/it]                                                                                          [I 2026-07-24 14:36:22,885] Trial 59 finished with value: 39.6298 and parameters: {'vwap_buy_deviation': -0.024890273949606908, 'take_profit_pct': 0.005903075811404859, 'buy_confirm_min_score': 27, 'notify_sell_threshold': 63, 'notify_buy_threshold': 48, 'stock_qty_strong_pct': 0.36610643405834215, 'stock_qty_base_pct': 0.28492009613248936, 'stock_rebuild_strong_pct': 0.7466645332435318, 'stock_first_add_pct': 0.21215808635367991}. Best is trial 59 with value: 39.6298.
Best trial: 56. Best value: 39.6153:  59%|█████▉    | 59/100 [3:10:18<1:43:27, 151.41s/it]Best trial: 59. Best value: 39.6298:  59%|█████▉    | 59/100 [3:10:18<1:43:27, 151.41s/it]Best trial: 59. Best value: 39.6298:  60%|██████    | 60/100 [3:10:18<1:39:21, 149.04s/it]                                                                                          [I 2026-07-24 14:39:05,068] Trial 60 finished with value: -9999.0 and parameters: {'vwap_buy_deviation': -0.024797590549638444, 'take_profit_pct': 0.0058318145805552925, 'buy_confirm_min_score': 27, 'notify_sell_threshold': 66, 'notify_buy_threshold': 51, 'stock_qty_strong_pct': 0.36404095614767407, 'stock_qty_base_pct': 0.28035427399422647, 'stock_rebuild_strong_pct': 0.735031199389397, 'stock_first_add_pct': 0.2169078981446852}. Best is trial 59 with value: 39.6298.
Best trial: 59. Best value: 39.6298:  60%|██████    | 60/100 [3:13:00<1:39:21, 149.04s/it]Best trial: 59. Best value: 39.6298:  60%|██████    | 60/100 [3:13:00<1:39:21, 149.04s/it]Best trial: 59. Best value: 39.6298:  61%|██████    | 61/100 [3:13:00<1:39:26, 152.98s/it]                                                                                          [I 2026-07-24 14:41:51,737] Trial 61 finished with value: 39.6298 and parameters: {'vwap_buy_deviation': -0.025554586928693224, 'take_profit_pct': 0.007290527218373543, 'buy_confirm_min_score': 26, 'notify_sell_threshold': 63, 'notify_buy_threshold': 48, 'stock_qty_strong_pct': 0.39036739447282953, 'stock_qty_base_pct': 0.2618708637469052, 'stock_rebuild_strong_pct': 0.6934301560065689, 'stock_first_add_pct': 0.1903970317285803}. Best is trial 59 with value: 39.6298.
Best trial: 59. Best value: 39.6298:  61%|██████    | 61/100 [3:15:47<1:39:26, 152.98s/it]Best trial: 59. Best value: 39.6298:  61%|██████    | 61/100 [3:15:47<1:39:26, 152.98s/it]Best trial: 59. Best value: 39.6298:  62%|██████▏   | 62/100 [3:15:47<1:39:29, 157.09s/it]                                                                                          [I 2026-07-24 14:44:47,746] Trial 62 finished with value: 39.6298 and parameters: {'vwap_buy_deviation': -0.025658158438255984, 'take_profit_pct': 0.007303023841837486, 'buy_confirm_min_score': 27, 'notify_sell_threshold': 63, 'notify_buy_threshold': 48, 'stock_qty_strong_pct': 0.37317568184998734, 'stock_qty_base_pct': 0.26401782582073546, 'stock_rebuild_strong_pct': 0.6872550631876573, 'stock_first_add_pct': 0.25907434131599605}. Best is trial 59 with value: 39.6298.
Best trial: 59. Best value: 39.6298:  62%|██████▏   | 62/100 [3:18:43<1:39:29, 157.09s/it]Best trial: 59. Best value: 39.6298:  62%|██████▏   | 62/100 [3:18:43<1:39:29, 157.09s/it]Best trial: 59. Best value: 39.6298:  63%|██████▎   | 63/100 [3:18:43<1:40:22, 162.76s/it]                                                                                          [I 2026-07-24 14:47:40,521] Trial 63 finished with value: 39.6298 and parameters: {'vwap_buy_deviation': -0.02567280776148695, 'take_profit_pct': 0.006962974643356806, 'buy_confirm_min_score': 26, 'notify_sell_threshold': 63, 'notify_buy_threshold': 48, 'stock_qty_strong_pct': 0.3915125804172526, 'stock_qty_base_pct': 0.26404747217801805, 'stock_rebuild_strong_pct': 0.6823862413178097, 'stock_first_add_pct': 0.19096365003411364}. Best is trial 59 with value: 39.6298.
Best trial: 59. Best value: 39.6298:  63%|██████▎   | 63/100 [3:21:36<1:40:22, 162.76s/it]Best trial: 59. Best value: 39.6298:  63%|██████▎   | 63/100 [3:21:36<1:40:22, 162.76s/it]Best trial: 59. Best value: 39.6298:  64%|██████▍   | 64/100 [3:21:36<1:39:27, 165.77s/it]                                                                                          [I 2026-07-24 14:50:08,096] Trial 64 finished with value: 39.6298 and parameters: {'vwap_buy_deviation': -0.025569136519299245, 'take_profit_pct': 0.007446112969797492, 'buy_confirm_min_score': 26, 'notify_sell_threshold': 63, 'notify_buy_threshold': 48, 'stock_qty_strong_pct': 0.386681253839881, 'stock_qty_base_pct': 0.26452895482938743, 'stock_rebuild_strong_pct': 0.6812732102040918, 'stock_first_add_pct': 0.19782354065420044}. Best is trial 59 with value: 39.6298.
Best trial: 59. Best value: 39.6298:  64%|██████▍   | 64/100 [3:24:03<1:39:27, 165.77s/it]Best trial: 59. Best value: 39.6298:  64%|██████▍   | 64/100 [3:24:03<1:39:27, 165.77s/it]Best trial: 59. Best value: 39.6298:  65%|██████▌   | 65/100 [3:24:03<1:33:30, 160.31s/it]                                                                                          [I 2026-07-24 14:53:04,130] Trial 65 finished with value: -9999.0 and parameters: {'vwap_buy_deviation': -0.025623381445767784, 'take_profit_pct': 0.006867983792436883, 'buy_confirm_min_score': 26, 'notify_sell_threshold': 63, 'notify_buy_threshold': 49, 'stock_qty_strong_pct': 0.3937306826022499, 'stock_qty_base_pct': 0.26327574706679874, 'stock_rebuild_strong_pct': 0.7033627950754607, 'stock_first_add_pct': 0.19294429594706217}. Best is trial 59 with value: 39.6298.
Best trial: 59. Best value: 39.6298:  65%|██████▌   | 65/100 [3:26:59<1:33:30, 160.31s/it]Best trial: 59. Best value: 39.6298:  65%|██████▌   | 65/100 [3:26:59<1:33:30, 160.31s/it]Best trial: 59. Best value: 39.6298:  66%|██████▌   | 66/100 [3:26:59<1:33:30, 165.03s/it]                                                                                          [I 2026-07-24 14:55:48,721] Trial 66 finished with value: 39.6298 and parameters: {'vwap_buy_deviation': -0.026804299012055964, 'take_profit_pct': 0.007517698961703746, 'buy_confirm_min_score': 27, 'notify_sell_threshold': 64, 'notify_buy_threshold': 48, 'stock_qty_strong_pct': 0.3737111605058391, 'stock_qty_base_pct': 0.28864388399021246, 'stock_rebuild_strong_pct': 0.6718501679678448, 'stock_first_add_pct': 0.20869532181933576}. Best is trial 59 with value: 39.6298.
Best trial: 59. Best value: 39.6298:  66%|██████▌   | 66/100 [3:29:44<1:33:30, 165.03s/it]Best trial: 59. Best value: 39.6298:  66%|██████▌   | 66/100 [3:29:44<1:33:30, 165.03s/it]Best trial: 59. Best value: 39.6298:  67%|██████▋   | 67/100 [3:29:44<1:30:41, 164.90s/it]                                                                                          [I 2026-07-24 14:58:40,607] Trial 67 finished with value: 39.6298 and parameters: {'vwap_buy_deviation': -0.02712192914231673, 'take_profit_pct': 0.007478439458397022, 'buy_confirm_min_score': 27, 'notify_sell_threshold': 64, 'notify_buy_threshold': 48, 'stock_qty_strong_pct': 0.37255864872605376, 'stock_qty_base_pct': 0.2705694258689604, 'stock_rebuild_strong_pct': 0.6828007751332068, 'stock_first_add_pct': 0.2016242802816231}. Best is trial 59 with value: 39.6298.
Best trial: 59. Best value: 39.6298:  67%|██████▋   | 67/100 [3:32:36<1:30:41, 164.90s/it]Best trial: 59. Best value: 39.6298:  67%|██████▋   | 67/100 [3:32:36<1:30:41, 164.90s/it]Best trial: 59. Best value: 39.6298:  68%|██████▊   | 68/100 [3:32:36<1:29:03, 166.99s/it]                                                                                          [I 2026-07-24 15:01:43,689] Trial 68 finished with value: -9999.0 and parameters: {'vwap_buy_deviation': -0.024357473353512234, 'take_profit_pct': 0.0075531630332740796, 'buy_confirm_min_score': 26, 'notify_sell_threshold': 64, 'notify_buy_threshold': 50, 'stock_qty_strong_pct': 0.38512769850597667, 'stock_qty_base_pct': 0.25175553077354057, 'stock_rebuild_strong_pct': 0.6797087880983892, 'stock_first_add_pct': 0.1823219001354183}. Best is trial 59 with value: 39.6298.
Best trial: 59. Best value: 39.6298:  68%|██████▊   | 68/100 [3:35:39<1:29:03, 166.99s/it]Best trial: 59. Best value: 39.6298:  68%|██████▊   | 68/100 [3:35:39<1:29:03, 166.99s/it]Best trial: 59. Best value: 39.6298:  69%|██████▉   | 69/100 [3:35:39<1:28:46, 171.82s/it]                                                                                          [I 2026-07-24 15:04:34,942] Trial 69 finished with value: -9999.0 and parameters: {'vwap_buy_deviation': -0.027215786249633826, 'take_profit_pct': 0.009587691499076834, 'buy_confirm_min_score': 28, 'notify_sell_threshold': 66, 'notify_buy_threshold': 52, 'stock_qty_strong_pct': 0.40881765966481315, 'stock_qty_base_pct': 0.2892886258026061, 'stock_rebuild_strong_pct': 0.680839229876682, 'stock_first_add_pct': 0.2057334221941129}. Best is trial 59 with value: 39.6298.
Best trial: 59. Best value: 39.6298:  69%|██████▉   | 69/100 [3:38:30<1:28:46, 171.82s/it]Best trial: 59. Best value: 39.6298:  69%|██████▉   | 69/100 [3:38:30<1:28:46, 171.82s/it]Best trial: 59. Best value: 39.6298:  70%|███████   | 70/100 [3:38:30<1:25:49, 171.65s/it]                                                                                          [I 2026-07-24 15:08:07,133] Trial 70 finished with value: 39.6298 and parameters: {'vwap_buy_deviation': -0.026039661202983806, 'take_profit_pct': 0.00876165264223709, 'buy_confirm_min_score': 27, 'notify_sell_threshold': 63, 'notify_buy_threshold': 48, 'stock_qty_strong_pct': 0.3497210431644053, 'stock_qty_base_pct': 0.27178218555641437, 'stock_rebuild_strong_pct': 0.642115020049936, 'stock_first_add_pct': 0.21507513014215845}. Best is trial 59 with value: 39.6298.
Best trial: 59. Best value: 39.6298:  70%|███████   | 70/100 [3:42:02<1:25:49, 171.65s/it]Best trial: 59. Best value: 39.6298:  70%|███████   | 70/100 [3:42:02<1:25:49, 171.65s/it]Best trial: 59. Best value: 39.6298:  71%|███████   | 71/100 [3:42:02<1:28:50, 183.81s/it]                                                                                          [I 2026-07-24 15:11:12,377] Trial 71 finished with value: 39.6298 and parameters: {'vwap_buy_deviation': -0.026045828841118043, 'take_profit_pct': 0.008256656739806446, 'buy_confirm_min_score': 27, 'notify_sell_threshold': 63, 'notify_buy_threshold': 48, 'stock_qty_strong_pct': 0.35307244997012066, 'stock_qty_base_pct': 0.2735788287400448, 'stock_rebuild_strong_pct': 0.638822827264364, 'stock_first_add_pct': 0.1941620213269065}. Best is trial 59 with value: 39.6298.
Best trial: 59. Best value: 39.6298:  71%|███████   | 71/100 [3:45:07<1:28:50, 183.81s/it]Best trial: 59. Best value: 39.6298:  71%|███████   | 71/100 [3:45:07<1:28:50, 183.81s/it]Best trial: 59. Best value: 39.6298:  72%|███████▏  | 72/100 [3:45:07<1:25:58, 184.24s/it]                                                                                          [I 2026-07-24 15:14:25,145] Trial 72 finished with value: -9999.0 and parameters: {'vwap_buy_deviation': -0.025247171214306526, 'take_profit_pct': 0.00877884016305358, 'buy_confirm_min_score': 26, 'notify_sell_threshold': 62, 'notify_buy_threshold': 50, 'stock_qty_strong_pct': 0.396806117717287, 'stock_qty_base_pct': 0.2861273121333368, 'stock_rebuild_strong_pct': 0.7188501806502832, 'stock_first_add_pct': 0.21610094864668863}. Best is trial 59 with value: 39.6298.
Best trial: 59. Best value: 39.6298:  72%|███████▏  | 72/100 [3:48:20<1:25:58, 184.24s/it]Best trial: 59. Best value: 39.6298:  72%|███████▏  | 72/100 [3:48:20<1:25:58, 184.24s/it]Best trial: 59. Best value: 39.6298:  73%|███████▎  | 73/100 [3:48:20<1:24:03, 186.80s/it]                                                                                          [I 2026-07-24 15:17:28,840] Trial 73 finished with value: 39.6298 and parameters: {'vwap_buy_deviation': -0.026812636993618428, 'take_profit_pct': 0.007546327804067007, 'buy_confirm_min_score': 25, 'notify_sell_threshold': 64, 'notify_buy_threshold': 48, 'stock_qty_strong_pct': 0.3765105055101884, 'stock_qty_base_pct': 0.25898015213555353, 'stock_rebuild_strong_pct': 0.686883603086726, 'stock_first_add_pct': 0.2330509058507371}. Best is trial 59 with value: 39.6298.
Best trial: 59. Best value: 39.6298:  73%|███████▎  | 73/100 [3:51:24<1:24:03, 186.80s/it]Best trial: 59. Best value: 39.6298:  73%|███████▎  | 73/100 [3:51:24<1:24:03, 186.80s/it]Best trial: 59. Best value: 39.6298:  74%|███████▍  | 74/100 [3:51:24<1:20:32, 185.87s/it]                                                                                          [I 2026-07-24 15:20:23,681] Trial 74 finished with value: -9999.0 and parameters: {'vwap_buy_deviation': -0.028027097009935012, 'take_profit_pct': 0.006459795700777768, 'buy_confirm_min_score': 28, 'notify_sell_threshold': 67, 'notify_buy_threshold': 47, 'stock_qty_strong_pct': 0.3621153700148259, 'stock_qty_base_pct': 0.2660653188912406, 'stock_rebuild_strong_pct': 0.7297413213847809, 'stock_first_add_pct': 0.2012833185379783}. Best is trial 59 with value: 39.6298.
Best trial: 59. Best value: 39.6298:  74%|███████▍  | 74/100 [3:54:19<1:20:32, 185.87s/it]Best trial: 59. Best value: 39.6298:  74%|███████▍  | 74/100 [3:54:19<1:20:32, 185.87s/it]Best trial: 59. Best value: 39.6298:  75%|███████▌  | 75/100 [3:54:19<1:16:04, 182.56s/it]                                                                                          [I 2026-07-24 15:23:15,139] Trial 75 finished with value: -9999.0 and parameters: {'vwap_buy_deviation': -0.025098150816641768, 'take_profit_pct': 0.008848908661180016, 'buy_confirm_min_score': 27, 'notify_sell_threshold': 65, 'notify_buy_threshold': 49, 'stock_qty_strong_pct': 0.3849103876531178, 'stock_qty_base_pct': 0.2319254116903702, 'stock_rebuild_strong_pct': 0.6401047589844455, 'stock_first_add_pct': 0.17573855652050915}. Best is trial 59 with value: 39.6298.
Best trial: 59. Best value: 39.6298:  75%|███████▌  | 75/100 [3:57:10<1:16:04, 182.56s/it]Best trial: 59. Best value: 39.6298:  75%|███████▌  | 75/100 [3:57:10<1:16:04, 182.56s/it]Best trial: 59. Best value: 39.6298:  76%|███████▌  | 76/100 [3:57:10<1:11:41, 179.23s/it]                                                                                          [I 2026-07-24 15:26:33,919] Trial 76 finished with value: -9999.0 and parameters: {'vwap_buy_deviation': -0.024018422990948377, 'take_profit_pct': 0.007029568996212479, 'buy_confirm_min_score': 27, 'notify_sell_threshold': 62, 'notify_buy_threshold': 51, 'stock_qty_strong_pct': 0.43703034749012476, 'stock_qty_base_pct': 0.24959157495654274, 'stock_rebuild_strong_pct': 0.665408218978377, 'stock_first_add_pct': 0.22014543032007378}. Best is trial 59 with value: 39.6298.
Best trial: 59. Best value: 39.6298:  76%|███████▌  | 76/100 [4:00:29<1:11:41, 179.23s/it]Best trial: 59. Best value: 39.6298:  76%|███████▌  | 76/100 [4:00:29<1:11:41, 179.23s/it]Best trial: 59. Best value: 39.6298:  77%|███████▋  | 77/100 [4:00:29<1:10:57, 185.09s/it]                                                                                          [I 2026-07-24 15:29:39,850] Trial 77 finished with value: -9999.0 and parameters: {'vwap_buy_deviation': -0.023385054880927434, 'take_profit_pct': 0.007952569976774413, 'buy_confirm_min_score': 29, 'notify_sell_threshold': 68, 'notify_buy_threshold': 53, 'stock_qty_strong_pct': 0.34791801681143536, 'stock_qty_base_pct': 0.2694649458387858, 'stock_rebuild_strong_pct': 0.6068569189499652, 'stock_first_add_pct': 0.18942515405155108}. Best is trial 59 with value: 39.6298.
