=======================================================

  参数寻优系统
=======================================================
  标的: 603667  方法: optuna  训练: 2025-06-01~2026-03-31
  [数据] 预处理 279 天收盘价索引
  [数据] 603667 2025-06-01~2026-03-31: 217 个交易日，检查缓存...
  [数据] 已缓存 202/217 天，缺失将在首次 trial 下载
  [数据] 603667 2026-04-01~2026-07-20: 79 个交易日，检查缓存...
  [数据] 已缓存 74/79 天，缺失将在首次 trial 下载

[基线] 默认参数...
  wr=0.00% trades=0 dd=0.00% composite=-9999.00
[I 2026-07-24 11:26:04,315] A new study created in memory with name: no-name-57daf213-2e6c-41de-b237-55721ba6744a
  0%|          | 0/100 [00:00<?, ?it/s]                                       [I 2026-07-24 11:28:55,488] Trial 0 finished with value: -9999.0 and parameters: {'vwap_buy_deviation': -0.02750919762305275, 'take_profit_pct': 0.024014286128198326, 'buy_confirm_min_score': 26, 'notify_sell_threshold': 58, 'notify_buy_threshold': 44, 'stock_qty_strong_pct': 0.3045980821176709, 'stock_qty_base_pct': 0.16452090304204986, 'stock_rebuild_strong_pct': 0.9330880728874675, 'stock_first_add_pct': 0.2803345035229627}. Best is trial 0 with value: -9999.0.
  0%|          | 0/100 [02:50<?, ?it/s]Best trial: 0. Best value: -9999:   0%|          | 0/100 [02:50<?, ?it/s]Best trial: 0. Best value: -9999:   1%|          | 1/100 [02:50<4:42:08, 170.99s/it]                                                                                    [I 2026-07-24 11:32:37,619] Trial 1 finished with value: -9999.0 and parameters: {'vwap_buy_deviation': -0.02083854844407909, 'take_profit_pct': 0.005411689885916049, 'buy_confirm_min_score': 30, 'notify_sell_threshold': 65, 'notify_buy_threshold': 46, 'stock_qty_strong_pct': 0.3136387385224852, 'stock_qty_base_pct': 0.19585112746335845, 'stock_rebuild_strong_pct': 0.6521211214797689, 'stock_first_add_pct': 0.2574269294896714}. Best is trial 0 with value: -9999.0.
Best trial: 0. Best value: -9999:   1%|          | 1/100 [06:33<4:42:08, 170.99s/it]Best trial: 0. Best value: -9999:   1%|          | 1/100 [06:33<4:42:08, 170.99s/it]Best trial: 0. Best value: -9999:   2%|▏         | 2/100 [06:33<5:28:25, 201.07s/it]                                                                                    [I 2026-07-24 11:36:15,558] Trial 2 finished with value: -9999.0 and parameters: {'vwap_buy_deviation': -0.026361099627157686, 'take_profit_pct': 0.010824582803960838, 'buy_confirm_min_score': 24, 'notify_sell_threshold': 44, 'notify_buy_threshold': 49, 'stock_qty_strong_pct': 0.3782266451527921, 'stock_qty_base_pct': 0.26401749605425895, 'stock_rebuild_strong_pct': 0.8925879806965068, 'stock_first_add_pct': 0.15990213464750794}. Best is trial 0 with value: -9999.0.
Best trial: 0. Best value: -9999:   2%|▏         | 2/100 [10:11<5:28:25, 201.07s/it]Best trial: 0. Best value: -9999:   2%|▏         | 2/100 [10:11<5:28:25, 201.07s/it]Best trial: 0. Best value: -9999:   3%|▎         | 3/100 [10:11<5:37:31, 208.78s/it]                                                                                    [I 2026-07-24 11:40:42,316] Trial 3 finished with value: -9999.0 and parameters: {'vwap_buy_deviation': -0.02471531123172777, 'take_profit_pct': 0.01684829137724085, 'buy_confirm_min_score': 15, 'notify_sell_threshold': 58, 'notify_buy_threshold': 45, 'stock_qty_strong_pct': 0.27276805754484784, 'stock_qty_base_pct': 0.3872213843133333, 'stock_rebuild_strong_pct': 0.9828160165372797, 'stock_first_add_pct': 0.3425192044349384}. Best is trial 0 with value: -9999.0.
Best trial: 0. Best value: -9999:   3%|▎         | 3/100 [14:37<5:37:31, 208.78s/it]Best trial: 0. Best value: -9999:   3%|▎         | 3/100 [14:37<5:37:31, 208.78s/it]Best trial: 0. Best value: -9999:   4%|▍         | 4/100 [14:37<6:10:39, 231.67s/it]                                                                                    [I 2026-07-24 11:44:35,133] Trial 4 finished with value: -9999.0 and parameters: {'vwap_buy_deviation': -0.028907724616532588, 'take_profit_pct': 0.006953442280127677, 'buy_confirm_min_score': 25, 'notify_sell_threshold': 53, 'notify_buy_threshold': 43, 'stock_qty_strong_pct': 0.42331191853894456, 'stock_qty_base_pct': 0.1585971302788046, 'stock_rebuild_strong_pct': 0.954660201039391, 'stock_first_add_pct': 0.1776339944800051}. Best is trial 0 with value: -9999.0.
Best trial: 0. Best value: -9999:   4%|▍         | 4/100 [18:30<6:10:39, 231.67s/it]Best trial: 0. Best value: -9999:   4%|▍         | 4/100 [18:30<6:10:39, 231.67s/it]Best trial: 0. Best value: -9999:   5%|▌         | 5/100 [18:30<6:07:27, 232.08s/it]                                                                                    [I 2026-07-24 11:47:53,798] Trial 5 finished with value: -9999.0 and parameters: {'vwap_buy_deviation': -0.02174955431292036, 'take_profit_pct': 0.01123422152178822, 'buy_confirm_min_score': 23, 'notify_sell_threshold': 56, 'notify_buy_threshold': 45, 'stock_qty_strong_pct': 0.5893546197175954, 'stock_qty_base_pct': 0.34378320584027866, 'stock_rebuild_strong_pct': 0.9697494707820946, 'stock_first_add_pct': 0.3684482051282947}. Best is trial 0 with value: -9999.0.
Best trial: 0. Best value: -9999:   5%|▌         | 5/100 [21:49<6:07:27, 232.08s/it]Best trial: 0. Best value: -9999:   5%|▌         | 5/100 [21:49<6:07:27, 232.08s/it]Best trial: 0. Best value: -9999:   6%|▌         | 6/100 [21:49<5:45:47, 220.72s/it]                                                                                    [I 2026-07-24 11:51:37,604] Trial 6 finished with value: -9999.0 and parameters: {'vwap_buy_deviation': -0.023042000423778297, 'take_profit_pct': 0.02343748470046234, 'buy_confirm_min_score': 16, 'notify_sell_threshold': 46, 'notify_buy_threshold': 41, 'stock_qty_strong_pct': 0.3638656157671425, 'stock_qty_base_pct': 0.2471693224223705, 'stock_rebuild_strong_pct': 0.6356745158869479, 'stock_first_add_pct': 0.34862125274557887}. Best is trial 0 with value: -9999.0.
Best trial: 0. Best value: -9999:   6%|▌         | 6/100 [25:33<5:45:47, 220.72s/it]Best trial: 0. Best value: -9999:   6%|▌         | 6/100 [25:33<5:45:47, 220.72s/it]Best trial: 0. Best value: -9999:   7%|▋         | 7/100 [25:33<5:43:40, 221.73s/it]                                                                                    [I 2026-07-24 11:54:49,506] Trial 7 finished with value: -9999.0 and parameters: {'vwap_buy_deviation': -0.027864933466128217, 'take_profit_pct': 0.010618690193747615, 'buy_confirm_min_score': 23, 'notify_sell_threshold': 44, 'notify_buy_threshold': 64, 'stock_qty_strong_pct': 0.2760927252879198, 'stock_qty_base_pct': 0.39672173415012935, 'stock_rebuild_strong_pct': 0.8861223846483287, 'stock_first_add_pct': 0.15961470446025172}. Best is trial 0 with value: -9999.0.
Best trial: 0. Best value: -9999:   7%|▋         | 7/100 [28:45<5:43:40, 221.73s/it]Best trial: 0. Best value: -9999:   7%|▋         | 7/100 [28:45<5:43:40, 221.73s/it]Best trial: 0. Best value: -9999:   8%|▊         | 8/100 [28:45<5:25:25, 212.23s/it]                                                                                    [I 2026-07-24 11:57:25,086] Trial 8 finished with value: -9999.0 and parameters: {'vwap_buy_deviation': -0.03488955765752796, 'take_profit_pct': 0.021309228569096686, 'buy_confirm_min_score': 26, 'notify_sell_threshold': 62, 'notify_buy_threshold': 63, 'stock_qty_strong_pct': 0.2759156281069316, 'stock_qty_base_pct': 0.23961643213606815, 'stock_rebuild_strong_pct': 0.5579345297625649, 'stock_first_add_pct': 0.35893102776267805}. Best is trial 0 with value: -9999.0.
Best trial: 0. Best value: -9999:   8%|▊         | 8/100 [31:20<5:25:25, 212.23s/it]Best trial: 0. Best value: -9999:   8%|▊         | 8/100 [31:20<5:25:25, 212.23s/it]Best trial: 0. Best value: -9999:   9%|▉         | 9/100 [31:20<4:55:01, 194.52s/it]                                                                                    [I 2026-07-24 12:00:40,684] Trial 9 finished with value: -9999.0 and parameters: {'vwap_buy_deviation': -0.02253403746344884, 'take_profit_pct': 0.011617960497052984, 'buy_confirm_min_score': 16, 'notify_sell_threshold': 49, 'notify_buy_threshold': 50, 'stock_qty_strong_pct': 0.5053621624183224, 'stock_qty_base_pct': 0.3093893678388033, 'stock_rebuild_strong_pct': 0.9436063712881633, 'stock_first_add_pct': 0.2416644775485848}. Best is trial 0 with value: -9999.0.
Best trial: 0. Best value: -9999:   9%|▉         | 9/100 [34:36<4:55:01, 194.52s/it]Best trial: 0. Best value: -9999:   9%|▉         | 9/100 [34:36<4:55:01, 194.52s/it]Best trial: 0. Best value: -9999:  10%|█         | 10/100 [34:36<4:52:16, 194.85s/it]                                                                                     [I 2026-07-24 12:04:56,715] Trial 10 finished with value: -9999.0 and parameters: {'vwap_buy_deviation': -0.01596934993185022, 'take_profit_pct': 0.018420143281741862, 'buy_confirm_min_score': 20, 'notify_sell_threshold': 68, 'notify_buy_threshold': 57, 'stock_qty_strong_pct': 0.47499766065262794, 'stock_qty_base_pct': 0.15389869991461402, 'stock_rebuild_strong_pct': 0.7582432323144613, 'stock_first_add_pct': 0.271164359464505}. Best is trial 0 with value: -9999.0.
Best trial: 0. Best value: -9999:  10%|█         | 10/100 [38:52<4:52:16, 194.85s/it]Best trial: 0. Best value: -9999:  10%|█         | 10/100 [38:52<4:52:16, 194.85s/it]Best trial: 0. Best value: -9999:  11%|█         | 11/100 [38:52<5:16:48, 213.58s/it]                                                                                     [I 2026-07-24 12:09:07,089] Trial 11 finished with value: -9999.0 and parameters: {'vwap_buy_deviation': -0.017254503406931257, 'take_profit_pct': 0.005445912992061371, 'buy_confirm_min_score': 30, 'notify_sell_threshold': 66, 'notify_buy_threshold': 53, 'stock_qty_strong_pct': 0.33994360779901106, 'stock_qty_base_pct': 0.2057737265956404, 'stock_rebuild_strong_pct': 0.7469198044427873, 'stock_first_add_pct': 0.26807492509096725}. Best is trial 0 with value: -9999.0.
Best trial: 0. Best value: -9999:  11%|█         | 11/100 [43:02<5:16:48, 213.58s/it]Best trial: 0. Best value: -9999:  11%|█         | 11/100 [43:02<5:16:48, 213.58s/it]Best trial: 0. Best value: -9999:  12%|█▏        | 12/100 [43:02<5:29:39, 224.77s/it]                                                                                     [I 2026-07-24 12:13:16,981] Trial 12 finished with value: -9999.0 and parameters: {'vwap_buy_deviation': -0.03133913011812186, 'take_profit_pct': 0.015363183313286373, 'buy_confirm_min_score': 30, 'notify_sell_threshold': 62, 'notify_buy_threshold': 56, 'stock_qty_strong_pct': 0.3361747555773743, 'stock_qty_base_pct': 0.18243904868758143, 'stock_rebuild_strong_pct': 0.7637290960942383, 'stock_first_add_pct': 0.22609950990249134}. Best is trial 0 with value: -9999.0.
Best trial: 0. Best value: -9999:  12%|█▏        | 12/100 [47:12<5:29:39, 224.77s/it]Best trial: 0. Best value: -9999:  12%|█▏        | 12/100 [47:12<5:29:39, 224.77s/it]Best trial: 0. Best value: -9999:  13%|█▎        | 13/100 [47:12<5:36:57, 232.38s/it]                                                                                     [I 2026-07-24 12:16:56,630] Trial 13 finished with value: -9999.0 and parameters: {'vwap_buy_deviation': -0.01840026794660545, 'take_profit_pct': 0.0244750371009845, 'buy_confirm_min_score': 28, 'notify_sell_threshold': 70, 'notify_buy_threshold': 40, 'stock_qty_strong_pct': 0.31019236661843597, 'stock_qty_base_pct': 0.20805637339895452, 'stock_rebuild_strong_pct': 0.6561174679610582, 'stock_first_add_pct': 0.3056513824386803}. Best is trial 0 with value: -9999.0.
Best trial: 0. Best value: -9999:  13%|█▎        | 13/100 [50:52<5:36:57, 232.38s/it]Best trial: 0. Best value: -9999:  13%|█▎        | 13/100 [50:52<5:36:57, 232.38s/it]Best trial: 0. Best value: -9999:  14%|█▍        | 14/100 [50:52<5:27:34, 228.54s/it]                                                                                     [I 2026-07-24 12:20:05,797] Trial 14 finished with value: -9999.0 and parameters: {'vwap_buy_deviation': -0.020403303409365973, 'take_profit_pct': 0.020227184610824435, 'buy_confirm_min_score': 27, 'notify_sell_threshold': 63, 'notify_buy_threshold': 48, 'stock_qty_strong_pct': 0.3965902483246923, 'stock_qty_base_pct': 0.20055386272528306, 'stock_rebuild_strong_pct': 0.8392389079005292, 'stock_first_add_pct': 0.20902195971243354}. Best is trial 0 with value: -9999.0.
Best trial: 0. Best value: -9999:  14%|█▍        | 14/100 [54:01<5:27:34, 228.54s/it]Best trial: 0. Best value: -9999:  14%|█▍        | 14/100 [54:01<5:27:34, 228.54s/it]Best trial: 0. Best value: -9999:  15%|█▌        | 15/100 [54:01<5:06:56, 216.67s/it]                                                                                     [I 2026-07-24 12:23:47,994] Trial 15 finished with value: -9999.0 and parameters: {'vwap_buy_deviation': -0.03179919124599606, 'take_profit_pct': 0.014126496434840027, 'buy_confirm_min_score': 28, 'notify_sell_threshold': 58, 'notify_buy_threshold': 46, 'stock_qty_strong_pct': 0.31602078984763754, 'stock_qty_base_pct': 0.2777910096954616, 'stock_rebuild_strong_pct': 0.5077551909971135, 'stock_first_add_pct': 0.30088728083083}. Best is trial 0 with value: -9999.0.
Best trial: 0. Best value: -9999:  15%|█▌        | 15/100 [57:43<5:06:56, 216.67s/it]Best trial: 0. Best value: -9999:  15%|█▌        | 15/100 [57:43<5:06:56, 216.67s/it]Best trial: 0. Best value: -9999:  16%|█▌        | 16/100 [57:43<5:05:39, 218.33s/it]                                                                                     [I 2026-07-24 12:27:21,118] Trial 16 finished with value: -9999.0 and parameters: {'vwap_buy_deviation': -0.01918098309543316, 'take_profit_pct': 0.007876001773701593, 'buy_confirm_min_score': 21, 'notify_sell_threshold': 52, 'notify_buy_threshold': 54, 'stock_qty_strong_pct': 0.4349402237687757, 'stock_qty_base_pct': 0.17844637988458856, 'stock_rebuild_strong_pct': 0.6707750474677462, 'stock_first_add_pct': 0.10395376431427714}. Best is trial 0 with value: -9999.0.
Best trial: 0. Best value: -9999:  16%|█▌        | 16/100 [1:01:16<5:05:39, 218.33s/it]Best trial: 0. Best value: -9999:  16%|█▌        | 16/100 [1:01:16<5:05:39, 218.33s/it]Best trial: 0. Best value: -9999:  17%|█▋        | 17/100 [1:01:16<4:59:51, 216.77s/it]                                                                                       [I 2026-07-24 12:30:54,485] Trial 17 finished with value: -9999.0 and parameters: {'vwap_buy_deviation': -0.025237784957219917, 'take_profit_pct': 0.013739906761570268, 'buy_confirm_min_score': 29, 'notify_sell_threshold': 65, 'notify_buy_threshold': 59, 'stock_qty_strong_pct': 0.26247990142260585, 'stock_qty_base_pct': 0.2246738605468653, 'stock_rebuild_strong_pct': 0.8311665612357682, 'stock_first_add_pct': 0.397329578024308}. Best is trial 0 with value: -9999.0.
Best trial: 0. Best value: -9999:  17%|█▋        | 17/100 [1:04:49<4:59:51, 216.77s/it]Best trial: 0. Best value: -9999:  17%|█▋        | 17/100 [1:04:49<4:59:51, 216.77s/it]Best trial: 0. Best value: -9999:  18%|█▊        | 18/100 [1:04:49<4:54:51, 215.74s/it]                                                                                       [I 2026-07-24 12:34:20,923] Trial 18 finished with value: -9999.0 and parameters: {'vwap_buy_deviation': -0.015053490430056528, 'take_profit_pct': 0.020917355237871464, 'buy_confirm_min_score': 27, 'notify_sell_threshold': 40, 'notify_buy_threshold': 51, 'stock_qty_strong_pct': 0.3096614474862396, 'stock_qty_base_pct': 0.17768085324438398, 'stock_rebuild_strong_pct': 0.6145777931279819, 'stock_first_add_pct': 0.304140434482825}. Best is trial 0 with value: -9999.0.
Best trial: 0. Best value: -9999:  18%|█▊        | 18/100 [1:08:16<4:54:51, 215.74s/it]Best trial: 0. Best value: -9999:  18%|█▊        | 18/100 [1:08:16<4:54:51, 215.74s/it]Best trial: 0. Best value: -9999:  19%|█▉        | 19/100 [1:08:16<4:47:28, 212.95s/it]                                                                                       [I 2026-07-24 12:37:39,391] Trial 19 finished with value: -9999.0 and parameters: {'vwap_buy_deviation': -0.029531960191299993, 'take_profit_pct': 0.017828025189842573, 'buy_confirm_min_score': 21, 'notify_sell_threshold': 59, 'notify_buy_threshold': 42, 'stock_qty_strong_pct': 0.2524981696682505, 'stock_qty_base_pct': 0.29076791693039183, 'stock_rebuild_strong_pct': 0.7090770411410371, 'stock_first_add_pct': 0.27180143204341994}. Best is trial 0 with value: -9999.0.
Best trial: 0. Best value: -9999:  19%|█▉        | 19/100 [1:11:34<4:47:28, 212.95s/it]Best trial: 0. Best value: -9999:  19%|█▉        | 19/100 [1:11:34<4:47:28, 212.95s/it]Best trial: 0. Best value: -9999:  20%|██        | 20/100 [1:11:34<4:38:08, 208.60s/it]                                                                                       [I 2026-07-24 12:41:24,827] Trial 20 finished with value: -9999.0 and parameters: {'vwap_buy_deviation': -0.03329229262059272, 'take_profit_pct': 0.007880137953075208, 'buy_confirm_min_score': 26, 'notify_sell_threshold': 55, 'notify_buy_threshold': 68, 'stock_qty_strong_pct': 0.34749443974969707, 'stock_qty_base_pct': 0.22986366558725949, 'stock_rebuild_strong_pct': 0.5643641647818305, 'stock_first_add_pct': 0.20410715614135047}. Best is trial 0 with value: -9999.0.
Best trial: 0. Best value: -9999:  20%|██        | 20/100 [1:15:20<4:38:08, 208.60s/it]Best trial: 0. Best value: -9999:  20%|██        | 20/100 [1:15:20<4:38:08, 208.60s/it]Best trial: 0. Best value: -9999:  21%|██        | 21/100 [1:15:20<4:41:18, 213.65s/it]                                                                                       [I 2026-07-24 12:44:24,497] Trial 21 finished with value: -9999.0 and parameters: {'vwap_buy_deviation': -0.02618066455271275, 'take_profit_pct': 0.010199842809199609, 'buy_confirm_min_score': 24, 'notify_sell_threshold': 42, 'notify_buy_threshold': 48, 'stock_qty_strong_pct': 0.40137130026596046, 'stock_qty_base_pct': 0.2706233106819201, 'stock_rebuild_strong_pct': 0.8974273003714637, 'stock_first_add_pct': 0.10442681748055975}. Best is trial 0 with value: -9999.0.
Best trial: 0. Best value: -9999:  21%|██        | 21/100 [1:18:19<4:41:18, 213.65s/it]Best trial: 0. Best value: -9999:  21%|██        | 21/100 [1:18:20<4:41:18, 213.65s/it]Best trial: 0. Best value: -9999:  22%|██▏       | 22/100 [1:18:20<4:24:29, 203.46s/it]                                                                                       [I 2026-07-24 12:48:09,864] Trial 22 finished with value: -9999.0 and parameters: {'vwap_buy_deviation': -0.02661172193393803, 'take_profit_pct': 0.005393227061529938, 'buy_confirm_min_score': 23, 'notify_sell_threshold': 50, 'notify_buy_threshold': 48, 'stock_qty_strong_pct': 0.3752648371512712, 'stock_qty_base_pct': 0.32515561116743735, 'stock_rebuild_strong_pct': 0.8106452018417596, 'stock_first_add_pct': 0.14311791534244694}. Best is trial 0 with value: -9999.0.
Best trial: 0. Best value: -9999:  22%|██▏       | 22/100 [1:22:05<4:24:29, 203.46s/it]Best trial: 0. Best value: -9999:  22%|██▏       | 22/100 [1:22:05<4:24:29, 203.46s/it]Best trial: 0. Best value: -9999:  23%|██▎       | 23/100 [1:22:05<4:29:32, 210.03s/it]                                                                                       [I 2026-07-24 12:51:34,824] Trial 23 finished with value: -9999.0 and parameters: {'vwap_buy_deviation': -0.02388035538863767, 'take_profit_pct': 0.00925598075689979, 'buy_confirm_min_score': 19, 'notify_sell_threshold': 47, 'notify_buy_threshold': 44, 'stock_qty_strong_pct': 0.30430718473909224, 'stock_qty_base_pct': 0.2536479391487344, 'stock_rebuild_strong_pct': 0.9074136202529426, 'stock_first_add_pct': 0.24129189851883687}. Best is trial 0 with value: -9999.0.
Best trial: 0. Best value: -9999:  23%|██▎       | 23/100 [1:25:30<4:29:32, 210.03s/it]Best trial: 0. Best value: -9999:  23%|██▎       | 23/100 [1:25:30<4:29:32, 210.03s/it]Best trial: 0. Best value: -9999:  24%|██▍       | 24/100 [1:25:30<4:24:06, 208.51s/it]                                                                                       [I 2026-07-24 12:55:01,129] Trial 24 finished with value: -9999.0 and parameters: {'vwap_buy_deviation': -0.027360007764187025, 'take_profit_pct': 0.013112847247585607, 'buy_confirm_min_score': 25, 'notify_sell_threshold': 69, 'notify_buy_threshold': 50, 'stock_qty_strong_pct': 0.3875805194932349, 'stock_qty_base_pct': 0.35844950752844834, 'stock_rebuild_strong_pct': 0.8770634003396035, 'stock_first_add_pct': 0.18462351265005975}. Best is trial 0 with value: -9999.0.
Best trial: 0. Best value: -9999:  24%|██▍       | 24/100 [1:28:56<4:24:06, 208.51s/it]Best trial: 0. Best value: -9999:  24%|██▍       | 24/100 [1:28:56<4:24:06, 208.51s/it]Best trial: 0. Best value: -9999:  25%|██▌       | 25/100 [1:28:56<4:19:48, 207.85s/it]                                                                                       [I 2026-07-24 12:58:37,577] Trial 25 finished with value: -9999.0 and parameters: {'vwap_buy_deviation': -0.030390078243454854, 'take_profit_pct': 0.01576946819965315, 'buy_confirm_min_score': 29, 'notify_sell_threshold': 60, 'notify_buy_threshold': 47, 'stock_qty_strong_pct': 0.35886615786632087, 'stock_qty_base_pct': 0.19374098634013853, 'stock_rebuild_strong_pct': 0.9266506324097515, 'stock_first_add_pct': 0.12950316956411806}. Best is trial 0 with value: -9999.0.
