Best trial: 0. Best value: -9999:  25%|██▌       | 25/100 [1:32:33<4:19:48, 207.85s/it]Best trial: 0. Best value: -9999:  25%|██▌       | 25/100 [1:32:33<4:19:48, 207.85s/it]Best trial: 0. Best value: -9999:  26%|██▌       | 26/100 [1:32:33<4:19:31, 210.43s/it]                                                                                       [I 2026-07-24 13:02:03,916] Trial 26 finished with value: -9999.0 and parameters: {'vwap_buy_deviation': -0.021085263769967968, 'take_profit_pct': 0.006745294108703417, 'buy_confirm_min_score': 25, 'notify_sell_threshold': 67, 'notify_buy_threshold': 52, 'stock_qty_strong_pct': 0.44513117805048263, 'stock_qty_base_pct': 0.15148132025919114, 'stock_rebuild_strong_pct': 0.8531900717593861, 'stock_first_add_pct': 0.3191851301929961}. Best is trial 0 with value: -9999.0.
Best trial: 0. Best value: -9999:  26%|██▌       | 26/100 [1:35:59<4:19:31, 210.43s/it]Best trial: 0. Best value: -9999:  26%|██▌       | 26/100 [1:35:59<4:19:31, 210.43s/it]Best trial: 0. Best value: -9999:  27%|██▋       | 27/100 [1:35:59<4:14:31, 209.20s/it]                                                                                       [I 2026-07-24 13:05:25,188] Trial 27 finished with value: -9999.0 and parameters: {'vwap_buy_deviation': -0.02459161798223618, 'take_profit_pct': 0.008858502809224532, 'buy_confirm_min_score': 22, 'notify_sell_threshold': 64, 'notify_buy_threshold': 43, 'stock_qty_strong_pct': 0.3282125102358905, 'stock_qty_base_pct': 0.21934362366787874, 'stock_rebuild_strong_pct': 0.994043828098873, 'stock_first_add_pct': 0.25350712911264395}. Best is trial 0 with value: -9999.0.
Best trial: 0. Best value: -9999:  27%|██▋       | 27/100 [1:39:20<4:14:31, 209.20s/it]Best trial: 0. Best value: -9999:  27%|██▋       | 27/100 [1:39:20<4:14:31, 209.20s/it]Best trial: 0. Best value: -9999:  28%|██▊       | 28/100 [1:39:20<4:08:11, 206.82s/it]                                                                                       [I 2026-07-24 13:08:20,518] Trial 28 finished with value: -9999.0 and parameters: {'vwap_buy_deviation': -0.028499772764926393, 'take_profit_pct': 0.012262451253538613, 'buy_confirm_min_score': 27, 'notify_sell_threshold': 55, 'notify_buy_threshold': 49, 'stock_qty_strong_pct': 0.29699933167873166, 'stock_qty_base_pct': 0.2607757307038, 'stock_rebuild_strong_pct': 0.7001238931146376, 'stock_first_add_pct': 0.21472988590645878}. Best is trial 0 with value: -9999.0.
Best trial: 0. Best value: -9999:  28%|██▊       | 28/100 [1:42:16<4:08:11, 206.82s/it]Best trial: 0. Best value: -9999:  28%|██▊       | 28/100 [1:42:16<4:08:11, 206.82s/it]Best trial: 0. Best value: -9999:  29%|██▉       | 29/100 [1:42:16<3:53:33, 197.37s/it]                                                                                       [I 2026-07-24 13:11:48,912] Trial 29 finished with value: -9999.0 and parameters: {'vwap_buy_deviation': -0.025650444523219722, 'take_profit_pct': 0.022610792132185028, 'buy_confirm_min_score': 18, 'notify_sell_threshold': 61, 'notify_buy_threshold': 45, 'stock_qty_strong_pct': 0.28283311035544834, 'stock_qty_base_pct': 0.2956246708275296, 'stock_rebuild_strong_pct': 0.5773928884468056, 'stock_first_add_pct': 0.18529514663432872}. Best is trial 0 with value: -9999.0.
Best trial: 0. Best value: -9999:  29%|██▉       | 29/100 [1:45:44<3:53:33, 197.37s/it]Best trial: 0. Best value: -9999:  29%|██▉       | 29/100 [1:45:44<3:53:33, 197.37s/it]Best trial: 0. Best value: -9999:  30%|███       | 30/100 [1:45:44<3:54:07, 200.68s/it]                                                                                       [I 2026-07-24 13:15:22,119] Trial 30 finished with value: -9999.0 and parameters: {'vwap_buy_deviation': -0.023871654998154215, 'take_profit_pct': 0.01934210852027602, 'buy_confirm_min_score': 24, 'notify_sell_threshold': 40, 'notify_buy_threshold': 40, 'stock_qty_strong_pct': 0.5322580849690567, 'stock_qty_base_pct': 0.17058638840581167, 'stock_rebuild_strong_pct': 0.8125697965201087, 'stock_first_add_pct': 0.32770737867801414}. Best is trial 0 with value: -9999.0.
Best trial: 0. Best value: -9999:  30%|███       | 30/100 [1:49:17<3:54:07, 200.68s/it]Best trial: 0. Best value: -9999:  30%|███       | 30/100 [1:49:17<3:54:07, 200.68s/it]Best trial: 0. Best value: -9999:  31%|███       | 31/100 [1:49:17<3:55:06, 204.44s/it]                                                                                       [I 2026-07-24 13:19:24,849] Trial 31 finished with value: -9999.0 and parameters: {'vwap_buy_deviation': -0.027659066429390252, 'take_profit_pct': 0.01609955578752991, 'buy_confirm_min_score': 15, 'notify_sell_threshold': 52, 'notify_buy_threshold': 43, 'stock_qty_strong_pct': 0.25786195233376885, 'stock_qty_base_pct': 0.3996241718873552, 'stock_rebuild_strong_pct': 0.9879568627706402, 'stock_first_add_pct': 0.38581308434118633}. Best is trial 0 with value: -9999.0.
Best trial: 0. Best value: -9999:  31%|███       | 31/100 [1:53:20<3:55:06, 204.44s/it]Best trial: 0. Best value: -9999:  31%|███       | 31/100 [1:53:20<3:55:06, 204.44s/it]Best trial: 0. Best value: -9999:  32%|███▏      | 32/100 [1:53:20<4:04:42, 215.93s/it]                                                                                       [I 2026-07-24 13:23:10,975] Trial 32 finished with value: -9999.0 and parameters: {'vwap_buy_deviation': -0.029280599801963875, 'take_profit_pct': 0.01673997878584635, 'buy_confirm_min_score': 18, 'notify_sell_threshold': 57, 'notify_buy_threshold': 46, 'stock_qty_strong_pct': 0.28321019076098775, 'stock_qty_base_pct': 0.3699088737658886, 'stock_rebuild_strong_pct': 0.9503654255719621, 'stock_first_add_pct': 0.3446203256164965}. Best is trial 0 with value: -9999.0.
Best trial: 0. Best value: -9999:  32%|███▏      | 32/100 [1:57:06<4:04:42, 215.93s/it]Best trial: 0. Best value: -9999:  32%|███▏      | 32/100 [1:57:06<4:04:42, 215.93s/it]Best trial: 0. Best value: -9999:  33%|███▎      | 33/100 [1:57:06<4:04:32, 218.99s/it]                                                                                       [I 2026-07-24 13:26:52,997] Trial 33 finished with value: -9999.0 and parameters: {'vwap_buy_deviation': -0.02198927539320185, 'take_profit_pct': 0.022481439644787236, 'buy_confirm_min_score': 17, 'notify_sell_threshold': 53, 'notify_buy_threshold': 45, 'stock_qty_strong_pct': 0.590915463450463, 'stock_qty_base_pct': 0.3446015412949225, 'stock_rebuild_strong_pct': 0.9511205800394624, 'stock_first_add_pct': 0.2917929248691361}. Best is trial 0 with value: -9999.0.
Best trial: 0. Best value: -9999:  33%|███▎      | 33/100 [2:00:48<4:04:32, 218.99s/it]Best trial: 0. Best value: -9999:  33%|███▎      | 33/100 [2:00:48<4:04:32, 218.99s/it]Best trial: 0. Best value: -9999:  34%|███▍      | 34/100 [2:00:48<4:01:53, 219.90s/it]                                                                                       [I 2026-07-24 13:30:01,284] Trial 34 finished with value: -9999.0 and parameters: {'vwap_buy_deviation': -0.02024258906293997, 'take_profit_pct': 0.024864773727730098, 'buy_confirm_min_score': 29, 'notify_sell_threshold': 46, 'notify_buy_threshold': 42, 'stock_qty_strong_pct': 0.3660011855007408, 'stock_qty_base_pct': 0.16645765975576865, 'stock_rebuild_strong_pct': 0.9702512774515434, 'stock_first_add_pct': 0.32887673917864046}. Best is trial 0 with value: -9999.0.
Best trial: 0. Best value: -9999:  34%|███▍      | 34/100 [2:03:56<4:01:53, 219.90s/it]Best trial: 0. Best value: -9999:  34%|███▍      | 34/100 [2:03:56<4:01:53, 219.90s/it]Best trial: 0. Best value: -9999:  35%|███▌      | 35/100 [2:03:56<3:47:56, 210.41s/it]                                                                                       [I 2026-07-24 13:33:04,334] Trial 35 finished with value: -9999.0 and parameters: {'vwap_buy_deviation': -0.023319916450100744, 'take_profit_pct': 0.006703271316758077, 'buy_confirm_min_score': 26, 'notify_sell_threshold': 55, 'notify_buy_threshold': 44, 'stock_qty_strong_pct': 0.4070436985124698, 'stock_qty_base_pct': 0.38037807783181765, 'stock_rebuild_strong_pct': 0.9100962321544844, 'stock_first_add_pct': 0.3729054053096536}. Best is trial 0 with value: -9999.0.
Best trial: 0. Best value: -9999:  35%|███▌      | 35/100 [2:06:59<3:47:56, 210.41s/it]Best trial: 0. Best value: -9999:  35%|███▌      | 35/100 [2:06:59<3:47:56, 210.41s/it]Best trial: 0. Best value: -9999:  36%|███▌      | 36/100 [2:06:59<3:35:41, 202.20s/it]                                                                                       [I 2026-07-24 13:35:57,696] Trial 36 finished with value: -9999.0 and parameters: {'vwap_buy_deviation': -0.02673723676826712, 'take_profit_pct': 0.017365915594473168, 'buy_confirm_min_score': 24, 'notify_sell_threshold': 49, 'notify_buy_threshold': 46, 'stock_qty_strong_pct': 0.31913547503000095, 'stock_qty_base_pct': 0.3292060039229239, 'stock_rebuild_strong_pct': 0.8746765378973158, 'stock_first_add_pct': 0.2813541187650241}. Best is trial 0 with value: -9999.0.
Best trial: 0. Best value: -9999:  36%|███▌      | 36/100 [2:09:53<3:35:41, 202.20s/it]Best trial: 0. Best value: -9999:  36%|███▌      | 36/100 [2:09:53<3:35:41, 202.20s/it]Best trial: 0. Best value: -9999:  37%|███▋      | 37/100 [2:09:53<3:23:13, 193.55s/it]                                                                                       [I 2026-07-24 13:39:04,790] Trial 37 finished with value: -9999.0 and parameters: {'vwap_buy_deviation': -0.024768786561082726, 'take_profit_pct': 0.014618461174726358, 'buy_confirm_min_score': 15, 'notify_sell_threshold': 43, 'notify_buy_threshold': 50, 'stock_qty_strong_pct': 0.29099906644999113, 'stock_qty_base_pct': 0.23791818423302624, 'stock_rebuild_strong_pct': 0.9280805452854872, 'stock_first_add_pct': 0.3463437384954159}. Best is trial 0 with value: -9999.0.
Best trial: 0. Best value: -9999:  37%|███▋      | 37/100 [2:13:00<3:23:13, 193.55s/it]Best trial: 0. Best value: -9999:  37%|███▋      | 37/100 [2:13:00<3:23:13, 193.55s/it]Best trial: 0. Best value: -9999:  38%|███▊      | 38/100 [2:13:00<3:18:00, 191.61s/it]                                                                                       [I 2026-07-24 13:41:55,053] Trial 38 finished with value: -9999.0 and parameters: {'vwap_buy_deviation': -0.022923552204596416, 'take_profit_pct': 0.011828772071922736, 'buy_confirm_min_score': 22, 'notify_sell_threshold': 57, 'notify_buy_threshold': 54, 'stock_qty_strong_pct': 0.35383383988952816, 'stock_qty_base_pct': 0.1925177233671575, 'stock_rebuild_strong_pct': 0.9977737514101126, 'stock_first_add_pct': 0.17223991101301234}. Best is trial 0 with value: -9999.0.
Best trial: 0. Best value: -9999:  38%|███▊      | 38/100 [2:15:50<3:18:00, 191.61s/it]Best trial: 0. Best value: -9999:  38%|███▊      | 38/100 [2:15:50<3:18:00, 191.61s/it]Best trial: 0. Best value: -9999:  39%|███▉      | 39/100 [2:15:50<3:08:17, 185.21s/it]                                                                                       [I 2026-07-24 13:45:02,603] Trial 39 finished with value: -9999.0 and parameters: {'vwap_buy_deviation': -0.02841195765293645, 'take_profit_pct': 0.010372231216918982, 'buy_confirm_min_score': 20, 'notify_sell_threshold': 60, 'notify_buy_threshold': 41, 'stock_qty_strong_pct': 0.27176931672123655, 'stock_qty_base_pct': 0.16410359372007524, 'stock_rebuild_strong_pct': 0.7787083107146565, 'stock_first_add_pct': 0.24781094850085988}. Best is trial 0 with value: -9999.0.
Best trial: 0. Best value: -9999:  39%|███▉      | 39/100 [2:18:58<3:08:17, 185.21s/it]Best trial: 0. Best value: -9999:  39%|███▉      | 39/100 [2:18:58<3:08:17, 185.21s/it]Best trial: 0. Best value: -9999:  40%|████      | 40/100 [2:18:58<3:05:54, 185.91s/it]                                                                                       [I 2026-07-24 13:47:38,430] Trial 40 finished with value: -9999.0 and parameters: {'vwap_buy_deviation': -0.0174301759410397, 'take_profit_pct': 0.019148895585366234, 'buy_confirm_min_score': 30, 'notify_sell_threshold': 65, 'notify_buy_threshold': 52, 'stock_qty_strong_pct': 0.3350781374880721, 'stock_qty_base_pct': 0.32059837130349833, 'stock_rebuild_strong_pct': 0.9710581557011918, 'stock_first_add_pct': 0.3628809008587573}. Best is trial 0 with value: -9999.0.
Best trial: 0. Best value: -9999:  40%|████      | 40/100 [2:21:33<3:05:54, 185.91s/it]Best trial: 0. Best value: -9999:  40%|████      | 40/100 [2:21:33<3:05:54, 185.91s/it]Best trial: 0. Best value: -9999:  41%|████      | 41/100 [2:21:33<2:53:56, 176.89s/it]                                                                                       [I 2026-07-24 13:50:38,042] Trial 41 finished with value: -9999.0 and parameters: {'vwap_buy_deviation': -0.029453684827513572, 'take_profit_pct': 0.006350460971936129, 'buy_confirm_min_score': 28, 'notify_sell_threshold': 53, 'notify_buy_threshold': 44, 'stock_qty_strong_pct': 0.44778104439763894, 'stock_qty_base_pct': 0.1565837866745306, 'stock_rebuild_strong_pct': 0.9404217236450376, 'stock_first_add_pct': 0.15396719020498079}. Best is trial 0 with value: -9999.0.
Best trial: 0. Best value: -9999:  41%|████      | 41/100 [2:24:33<2:53:56, 176.89s/it]Best trial: 0. Best value: -9999:  41%|████      | 41/100 [2:24:33<2:53:56, 176.89s/it]Best trial: 0. Best value: -9999:  42%|████▏     | 42/100 [2:24:33<2:51:46, 177.70s/it]                                                                                       [I 2026-07-24 13:53:03,606] Trial 42 finished with value: -9999.0 and parameters: {'vwap_buy_deviation': -0.03033490958328808, 'take_profit_pct': 0.008101559895937936, 'buy_confirm_min_score': 25, 'notify_sell_threshold': 62, 'notify_buy_threshold': 47, 'stock_qty_strong_pct': 0.47088633703805033, 'stock_qty_base_pct': 0.21384464846053858, 'stock_rebuild_strong_pct': 0.9647863059043008, 'stock_first_add_pct': 0.13107841509661694}. Best is trial 0 with value: -9999.0.
Best trial: 0. Best value: -9999:  42%|████▏     | 42/100 [2:26:59<2:51:46, 177.70s/it]Best trial: 0. Best value: -9999:  42%|████▏     | 42/100 [2:26:59<2:51:46, 177.70s/it]Best trial: 0. Best value: -9999:  43%|████▎     | 43/100 [2:26:59<2:39:39, 168.06s/it]                                                                                       [I 2026-07-24 13:55:30,577] Trial 43 finished with value: -9999.0 and parameters: {'vwap_buy_deviation': -0.03258213010012778, 'take_profit_pct': 0.005964779016384751, 'buy_confirm_min_score': 23, 'notify_sell_threshold': 50, 'notify_buy_threshold': 42, 'stock_qty_strong_pct': 0.422818265348123, 'stock_qty_base_pct': 0.183275598658547, 'stock_rebuild_strong_pct': 0.9175123763375449, 'stock_first_add_pct': 0.22636704022008305}. Best is trial 0 with value: -9999.0.
Best trial: 0. Best value: -9999:  43%|████▎     | 43/100 [2:29:26<2:39:39, 168.06s/it]Best trial: 0. Best value: -9999:  43%|████▎     | 43/100 [2:29:26<2:39:39, 168.06s/it]Best trial: 0. Best value: -9999:  44%|████▍     | 44/100 [2:29:26<2:30:57, 161.74s/it]                                                                                       [I 2026-07-24 13:58:09,422] Trial 44 finished with value: -9999.0 and parameters: {'vwap_buy_deviation': -0.02729891042150402, 'take_profit_pct': 0.00921614037410033, 'buy_confirm_min_score': 22, 'notify_sell_threshold': 45, 'notify_buy_threshold': 47, 'stock_qty_strong_pct': 0.5163059797075741, 'stock_qty_base_pct': 0.18803279147255236, 'stock_rebuild_strong_pct': 0.5222105117628537, 'stock_first_add_pct': 0.1978571366218271}. Best is trial 0 with value: -9999.0.
Best trial: 0. Best value: -9999:  44%|████▍     | 44/100 [2:32:04<2:30:57, 161.74s/it]Best trial: 0. Best value: -9999:  44%|████▍     | 44/100 [2:32:04<2:30:57, 161.74s/it]Best trial: 0. Best value: -9999:  45%|████▌     | 45/100 [2:32:04<2:27:27, 160.87s/it]                                                                                       [I 2026-07-24 14:00:42,359] Trial 45 finished with value: -9999.0 and parameters: {'vwap_buy_deviation': -0.025671536294347378, 'take_profit_pct': 0.007193111553888685, 'buy_confirm_min_score': 26, 'notify_sell_threshold': 58, 'notify_buy_threshold': 40, 'stock_qty_strong_pct': 0.4740013666762416, 'stock_qty_base_pct': 0.1512520293679961, 'stock_rebuild_strong_pct': 0.8662412840326488, 'stock_first_add_pct': 0.1677387654205035}. Best is trial 0 with value: -9999.0.
Best trial: 0. Best value: -9999:  45%|████▌     | 45/100 [2:34:37<2:27:27, 160.87s/it]Best trial: 0. Best value: -9999:  45%|████▌     | 45/100 [2:34:37<2:27:27, 160.87s/it]Best trial: 0. Best value: -9999:  46%|████▌     | 46/100 [2:34:37<2:22:38, 158.49s/it]                                                                                       [I 2026-07-24 14:03:18,323] Trial 46 finished with value: -9999.0 and parameters: {'vwap_buy_deviation': -0.022120370564014703, 'take_profit_pct': 0.005196589105015261, 'buy_confirm_min_score': 27, 'notify_sell_threshold': 63, 'notify_buy_threshold': 49, 'stock_qty_strong_pct': 0.4227483177970092, 'stock_qty_base_pct': 0.20310037524777141, 'stock_rebuild_strong_pct': 0.8892851034215166, 'stock_first_add_pct': 0.2295916018092119}. Best is trial 0 with value: -9999.0.
Best trial: 0. Best value: -9999:  46%|████▌     | 46/100 [2:37:13<2:22:38, 158.49s/it]Best trial: 0. Best value: -9999:  46%|████▌     | 46/100 [2:37:13<2:22:38, 158.49s/it]Best trial: 0. Best value: -9999:  47%|████▋     | 47/100 [2:37:13<2:19:19, 157.73s/it]                                                                                       [I 2026-07-24 14:05:30,231] Trial 47 finished with value: -9999.0 and parameters: {'vwap_buy_deviation': -0.0340397509401436, 'take_profit_pct': 0.010876882394927963, 'buy_confirm_min_score': 30, 'notify_sell_threshold': 47, 'notify_buy_threshold': 45, 'stock_qty_strong_pct': 0.38735927748943266, 'stock_qty_base_pct': 0.17338714941137887, 'stock_rebuild_strong_pct': 0.7160712013722577, 'stock_first_add_pct': 0.2681885677521823}. Best is trial 0 with value: -9999.0.
Best trial: 0. Best value: -9999:  47%|████▋     | 47/100 [2:39:25<2:19:19, 157.73s/it]Best trial: 0. Best value: -9999:  47%|████▋     | 47/100 [2:39:25<2:19:19, 157.73s/it]Best trial: 0. Best value: -9999:  48%|████▊     | 48/100 [2:39:25<2:09:59, 149.98s/it]                                                                                       [I 2026-07-24 14:07:55,750] Trial 48 finished with value: -9999.0 and parameters: {'vwap_buy_deviation': -0.02856333269737473, 'take_profit_pct': 0.020863239649105525, 'buy_confirm_min_score': 28, 'notify_sell_threshold': 56, 'notify_buy_threshold': 56, 'stock_qty_strong_pct': 0.3252687176713184, 'stock_qty_base_pct': 0.3004946571720992, 'stock_rebuild_strong_pct': 0.9684003328138194, 'stock_first_add_pct': 0.11898001199129413}. Best is trial 0 with value: -9999.0.
Best trial: 0. Best value: -9999:  48%|████▊     | 48/100 [2:41:51<2:09:59, 149.98s/it]Best trial: 0. Best value: -9999:  48%|████▊     | 48/100 [2:41:51<2:09:59, 149.98s/it]Best trial: 0. Best value: -9999:  49%|████▉     | 49/100 [2:41:51<2:06:20, 148.64s/it]                                                                                       [I 2026-07-24 14:10:30,320] Trial 49 finished with value: -9999.0 and parameters: {'vwap_buy_deviation': -0.030925318158887292, 'take_profit_pct': 0.02376601594788898, 'buy_confirm_min_score': 16, 'notify_sell_threshold': 70, 'notify_buy_threshold': 59, 'stock_qty_strong_pct': 0.5636315539450971, 'stock_qty_base_pct': 0.27806716368441964, 'stock_rebuild_strong_pct': 0.6257599995125072, 'stock_first_add_pct': 0.15328066086060532}. Best is trial 0 with value: -9999.0.
Best trial: 0. Best value: -9999:  49%|████▉     | 49/100 [2:44:25<2:06:20, 148.64s/it]Best trial: 0. Best value: -9999:  49%|████▉     | 49/100 [2:44:25<2:06:20, 148.64s/it]Best trial: 0. Best value: -9999:  50%|█████     | 50/100 [2:44:25<2:05:21, 150.42s/it]                                                                                       [I 2026-07-24 14:13:01,434] Trial 50 finished with value: -9999.0 and parameters: {'vwap_buy_deviation': -0.01990415949439481, 'take_profit_pct': 0.012993938180780783, 'buy_confirm_min_score': 20, 'notify_sell_threshold': 67, 'notify_buy_threshold': 49, 'stock_qty_strong_pct': 0.29897378547279385, 'stock_qty_base_pct': 0.24307457048778722, 'stock_rebuild_strong_pct': 0.5866473476495524, 'stock_first_add_pct': 0.31741725282527977}. Best is trial 0 with value: -9999.0.
Best trial: 0. Best value: -9999:  50%|█████     | 50/100 [2:46:56<2:05:21, 150.42s/it]Best trial: 0. Best value: -9999:  50%|█████     | 50/100 [2:46:56<2:05:21, 150.42s/it]Best trial: 0. Best value: -9999:  51%|█████     | 51/100 [2:46:56<2:03:00, 150.63s/it]                                                                                       [I 2026-07-24 14:15:20,904] Trial 51 finished with value: -9999.0 and parameters: {'vwap_buy_deviation': -0.021537935388652268, 'take_profit_pct': 0.011329258909933656, 'buy_confirm_min_score': 24, 'notify_sell_threshold': 59, 'notify_buy_threshold': 43, 'stock_qty_strong_pct': 0.541682189488359, 'stock_qty_base_pct': 0.386665535002081, 'stock_rebuild_strong_pct': 0.9451561535037248, 'stock_first_add_pct': 0.3761493430723543}. Best is trial 0 with value: -9999.0.
