Best trial: 76. Best value: 435.277:  77%|███████▋  | 77/100 [3:48:30<1:08:03, 177.54s/it]Best trial: 76. Best value: 435.277:  77%|███████▋  | 77/100 [3:48:30<1:08:03, 177.54s/it]Best trial: 76. Best value: 435.277:  78%|███████▊  | 78/100 [3:48:30<1:05:07, 177.62s/it]                                                                                          [I 2026-07-25 01:37:45,018] Trial 78 finished with value: 279.3998 and parameters: {'vwap_buy_deviation': -0.029148223856910377, 'take_profit_pct': 0.006150969477688219, 'buy_confirm_min_score': 18, 'notify_sell_threshold': 64, 'notify_buy_threshold': 43, 'stock_qty_strong_pct': 0.5742502304904955, 'stock_qty_base_pct': 0.2769925088624652, 'stock_rebuild_strong_pct': 0.6028409651545228, 'stock_first_add_pct': 0.227102747196082}. Best is trial 76 with value: 435.2775.
Best trial: 76. Best value: 435.277:  78%|███████▊  | 78/100 [3:51:31<1:05:07, 177.62s/it]Best trial: 76. Best value: 435.277:  78%|███████▊  | 78/100 [3:51:31<1:05:07, 177.62s/it]Best trial: 76. Best value: 435.277:  79%|███████▉  | 79/100 [3:51:31<1:02:28, 178.48s/it]                                                                                          [I 2026-07-25 01:40:39,383] Trial 79 finished with value: 179.8664 and parameters: {'vwap_buy_deviation': -0.029590045107643247, 'take_profit_pct': 0.0065617427405585205, 'buy_confirm_min_score': 18, 'notify_sell_threshold': 62, 'notify_buy_threshold': 44, 'stock_qty_strong_pct': 0.5126082153365958, 'stock_qty_base_pct': 0.2982770071972687, 'stock_rebuild_strong_pct': 0.5625931405308867, 'stock_first_add_pct': 0.23019884908077112}. Best is trial 76 with value: 435.2775.
Best trial: 76. Best value: 435.277:  79%|███████▉  | 79/100 [3:54:25<1:02:28, 178.48s/it]Best trial: 76. Best value: 435.277:  79%|███████▉  | 79/100 [3:54:25<1:02:28, 178.48s/it]Best trial: 76. Best value: 435.277:  80%|████████  | 80/100 [3:54:25<59:04, 177.24s/it]                                                                                          [I 2026-07-25 01:43:43,283] Trial 80 finished with value: 243.3002 and parameters: {'vwap_buy_deviation': -0.02584758708556643, 'take_profit_pct': 0.007137455075538987, 'buy_confirm_min_score': 19, 'notify_sell_threshold': 60, 'notify_buy_threshold': 42, 'stock_qty_strong_pct': 0.5658919165817256, 'stock_qty_base_pct': 0.26722539197248857, 'stock_rebuild_strong_pct': 0.6747023786800184, 'stock_first_add_pct': 0.16431977862621913}. Best is trial 76 with value: 435.2775.
Best trial: 76. Best value: 435.277:  80%|████████  | 80/100 [3:57:29<59:04, 177.24s/it]Best trial: 76. Best value: 435.277:  80%|████████  | 80/100 [3:57:29<59:04, 177.24s/it]Best trial: 76. Best value: 435.277:  81%|████████  | 81/100 [3:57:29<56:45, 179.24s/it]                                                                                        [I 2026-07-25 01:46:49,586] Trial 81 finished with value: 435.2775 and parameters: {'vwap_buy_deviation': -0.022331321915732005, 'take_profit_pct': 0.008855982865566586, 'buy_confirm_min_score': 19, 'notify_sell_threshold': 64, 'notify_buy_threshold': 41, 'stock_qty_strong_pct': 0.5450379694102726, 'stock_qty_base_pct': 0.29868216466569075, 'stock_rebuild_strong_pct': 0.9959631110905055, 'stock_first_add_pct': 0.21026967512094916}. Best is trial 76 with value: 435.2775.
Best trial: 76. Best value: 435.277:  81%|████████  | 81/100 [4:00:36<56:45, 179.24s/it]Best trial: 76. Best value: 435.277:  81%|████████  | 81/100 [4:00:36<56:45, 179.24s/it]Best trial: 76. Best value: 435.277:  82%|████████▏ | 82/100 [4:00:36<54:24, 181.36s/it]                                                                                        [I 2026-07-25 01:49:46,899] Trial 82 finished with value: 435.075 and parameters: {'vwap_buy_deviation': -0.02171993693451349, 'take_profit_pct': 0.009688449019737855, 'buy_confirm_min_score': 19, 'notify_sell_threshold': 64, 'notify_buy_threshold': 40, 'stock_qty_strong_pct': 0.5178387673427728, 'stock_qty_base_pct': 0.3332170246474146, 'stock_rebuild_strong_pct': 0.9861580866219585, 'stock_first_add_pct': 0.21576971187191785}. Best is trial 76 with value: 435.2775.
Best trial: 76. Best value: 435.277:  82%|████████▏ | 82/100 [4:03:33<54:24, 181.36s/it]Best trial: 76. Best value: 435.277:  82%|████████▏ | 82/100 [4:03:33<54:24, 181.36s/it]Best trial: 76. Best value: 435.277:  83%|████████▎ | 83/100 [4:03:33<51:02, 180.15s/it]                                                                                        [I 2026-07-25 01:52:45,041] Trial 83 finished with value: 435.075 and parameters: {'vwap_buy_deviation': -0.021692731157388612, 'take_profit_pct': 0.009570763336182016, 'buy_confirm_min_score': 18, 'notify_sell_threshold': 64, 'notify_buy_threshold': 40, 'stock_qty_strong_pct': 0.5363799447409705, 'stock_qty_base_pct': 0.3427456948388125, 'stock_rebuild_strong_pct': 0.9813982513230974, 'stock_first_add_pct': 0.21316470716721936}. Best is trial 76 with value: 435.2775.
Best trial: 76. Best value: 435.277:  83%|████████▎ | 83/100 [4:06:31<51:02, 180.15s/it]Best trial: 76. Best value: 435.277:  83%|████████▎ | 83/100 [4:06:31<51:02, 180.15s/it]Best trial: 76. Best value: 435.277:  84%|████████▍ | 84/100 [4:06:31<47:52, 179.54s/it]                                                                                        [I 2026-07-25 01:55:42,255] Trial 84 finished with value: 435.075 and parameters: {'vwap_buy_deviation': -0.022019529883630543, 'take_profit_pct': 0.011578331622154017, 'buy_confirm_min_score': 18, 'notify_sell_threshold': 64, 'notify_buy_threshold': 40, 'stock_qty_strong_pct': 0.5192553410751312, 'stock_qty_base_pct': 0.35091862305638755, 'stock_rebuild_strong_pct': 0.9935222910957171, 'stock_first_add_pct': 0.21023225447708602}. Best is trial 76 with value: 435.2775.
Best trial: 76. Best value: 435.277:  84%|████████▍ | 84/100 [4:09:28<47:52, 179.54s/it]Best trial: 76. Best value: 435.277:  84%|████████▍ | 84/100 [4:09:28<47:52, 179.54s/it]Best trial: 76. Best value: 435.277:  85%|████████▌ | 85/100 [4:09:28<44:42, 178.84s/it]                                                                                        [I 2026-07-25 01:58:42,684] Trial 85 finished with value: 435.075 and parameters: {'vwap_buy_deviation': -0.021764419196664178, 'take_profit_pct': 0.011540394452699814, 'buy_confirm_min_score': 17, 'notify_sell_threshold': 64, 'notify_buy_threshold': 40, 'stock_qty_strong_pct': 0.5593897071968661, 'stock_qty_base_pct': 0.3480894075717251, 'stock_rebuild_strong_pct': 0.9953686232515471, 'stock_first_add_pct': 0.2121943441151997}. Best is trial 76 with value: 435.2775.
Best trial: 76. Best value: 435.277:  85%|████████▌ | 85/100 [4:12:29<44:42, 178.84s/it]Best trial: 76. Best value: 435.277:  85%|████████▌ | 85/100 [4:12:29<44:42, 178.84s/it]Best trial: 76. Best value: 435.277:  86%|████████▌ | 86/100 [4:12:29<41:50, 179.32s/it]                                                                                        [I 2026-07-25 02:01:39,471] Trial 86 finished with value: 435.075 and parameters: {'vwap_buy_deviation': -0.021445711006197535, 'take_profit_pct': 0.012592058386089141, 'buy_confirm_min_score': 17, 'notify_sell_threshold': 64, 'notify_buy_threshold': 40, 'stock_qty_strong_pct': 0.5973453069996176, 'stock_qty_base_pct': 0.3420367641075221, 'stock_rebuild_strong_pct': 0.9991708553910362, 'stock_first_add_pct': 0.21209460979874517}. Best is trial 76 with value: 435.2775.
Best trial: 76. Best value: 435.277:  86%|████████▌ | 86/100 [4:15:25<41:50, 179.32s/it]Best trial: 76. Best value: 435.277:  86%|████████▌ | 86/100 [4:15:25<41:50, 179.32s/it]Best trial: 76. Best value: 435.277:  87%|████████▋ | 87/100 [4:15:25<38:41, 178.56s/it]                                                                                        [I 2026-07-25 02:04:43,044] Trial 87 finished with value: 366.7638 and parameters: {'vwap_buy_deviation': -0.02156501856815609, 'take_profit_pct': 0.01412801733502074, 'buy_confirm_min_score': 17, 'notify_sell_threshold': 62, 'notify_buy_threshold': 42, 'stock_qty_strong_pct': 0.5955381999945581, 'stock_qty_base_pct': 0.3437283020785952, 'stock_rebuild_strong_pct': 0.9941341013699855, 'stock_first_add_pct': 0.21317635326217513}. Best is trial 76 with value: 435.2775.
Best trial: 76. Best value: 435.277:  87%|████████▋ | 87/100 [4:18:29<38:41, 178.56s/it]Best trial: 76. Best value: 435.277:  87%|████████▋ | 87/100 [4:18:29<38:41, 178.56s/it]Best trial: 76. Best value: 435.277:  88%|████████▊ | 88/100 [4:18:29<36:00, 180.06s/it]                                                                                        [I 2026-07-25 02:07:40,117] Trial 88 finished with value: 266.8763 and parameters: {'vwap_buy_deviation': -0.022268821239245878, 'take_profit_pct': 0.012042311563860094, 'buy_confirm_min_score': 17, 'notify_sell_threshold': 61, 'notify_buy_threshold': 40, 'stock_qty_strong_pct': 0.5676739854907877, 'stock_qty_base_pct': 0.35550455952579396, 'stock_rebuild_strong_pct': 0.9635581959057222, 'stock_first_add_pct': 0.23494469524281042}. Best is trial 76 with value: 435.2775.
Best trial: 76. Best value: 435.277:  88%|████████▊ | 88/100 [4:21:26<36:00, 180.06s/it]Best trial: 76. Best value: 435.277:  88%|████████▊ | 88/100 [4:21:26<36:00, 180.06s/it]Best trial: 76. Best value: 435.277:  89%|████████▉ | 89/100 [4:21:26<32:50, 179.17s/it]                                                                                        [I 2026-07-25 02:10:36,652] Trial 89 finished with value: 233.1963 and parameters: {'vwap_buy_deviation': -0.02351798142303879, 'take_profit_pct': 0.012722488554356858, 'buy_confirm_min_score': 17, 'notify_sell_threshold': 59, 'notify_buy_threshold': 42, 'stock_qty_strong_pct': 0.58371764336652, 'stock_qty_base_pct': 0.33416177320989165, 'stock_rebuild_strong_pct': 0.918808591598295, 'stock_first_add_pct': 0.2067304926238947}. Best is trial 76 with value: 435.2775.
Best trial: 76. Best value: 435.277:  89%|████████▉ | 89/100 [4:24:23<32:50, 179.17s/it]Best trial: 76. Best value: 435.277:  89%|████████▉ | 89/100 [4:24:23<32:50, 179.17s/it]Best trial: 76. Best value: 435.277:  90%|█████████ | 90/100 [4:24:23<29:43, 178.38s/it]                                                                                        [I 2026-07-25 02:13:38,008] Trial 90 finished with value: 279.3998 and parameters: {'vwap_buy_deviation': -0.019624027672832296, 'take_profit_pct': 0.01147707093943888, 'buy_confirm_min_score': 21, 'notify_sell_threshold': 64, 'notify_buy_threshold': 43, 'stock_qty_strong_pct': 0.5597974613637594, 'stock_qty_base_pct': 0.3755249080776142, 'stock_rebuild_strong_pct': 0.9801458329987253, 'stock_first_add_pct': 0.2152575816564564}. Best is trial 76 with value: 435.2775.
Best trial: 76. Best value: 435.277:  90%|█████████ | 90/100 [4:27:24<29:43, 178.38s/it]Best trial: 76. Best value: 435.277:  90%|█████████ | 90/100 [4:27:24<29:43, 178.38s/it]Best trial: 76. Best value: 435.277:  91%|█████████ | 91/100 [4:27:24<26:53, 179.27s/it]                                                                                        [I 2026-07-25 02:16:36,106] Trial 91 finished with value: 365.0481 and parameters: {'vwap_buy_deviation': -0.02142790201717128, 'take_profit_pct': 0.014814066755084777, 'buy_confirm_min_score': 18, 'notify_sell_threshold': 67, 'notify_buy_threshold': 40, 'stock_qty_strong_pct': 0.5996755079994102, 'stock_qty_base_pct': 0.35285828598796826, 'stock_rebuild_strong_pct': 0.9375802431106204, 'stock_first_add_pct': 0.249350230397638}. Best is trial 76 with value: 435.2775.
Best trial: 76. Best value: 435.277:  91%|█████████ | 91/100 [4:30:22<26:53, 179.27s/it]Best trial: 76. Best value: 435.277:  91%|█████████ | 91/100 [4:30:22<26:53, 179.27s/it]Best trial: 76. Best value: 435.277:  92%|█████████▏| 92/100 [4:30:22<23:51, 178.92s/it]                                                                                        [I 2026-07-25 02:19:34,143] Trial 92 finished with value: 435.075 and parameters: {'vwap_buy_deviation': -0.020921604620713945, 'take_profit_pct': 0.011110564979572097, 'buy_confirm_min_score': 17, 'notify_sell_threshold': 64, 'notify_buy_threshold': 40, 'stock_qty_strong_pct': 0.48768512550597276, 'stock_qty_base_pct': 0.3368694401813055, 'stock_rebuild_strong_pct': 0.9540615341238798, 'stock_first_add_pct': 0.2171010072366385}. Best is trial 76 with value: 435.2775.
Best trial: 76. Best value: 435.277:  92%|█████████▏| 92/100 [4:33:20<23:51, 178.92s/it]Best trial: 76. Best value: 435.277:  92%|█████████▏| 92/100 [4:33:20<23:51, 178.92s/it]Best trial: 76. Best value: 435.277:  93%|█████████▎| 93/100 [4:33:20<20:50, 178.65s/it]                                                                                        [I 2026-07-25 02:22:33,129] Trial 93 finished with value: 435.2775 and parameters: {'vwap_buy_deviation': -0.022211792018661275, 'take_profit_pct': 0.01069291617060567, 'buy_confirm_min_score': 17, 'notify_sell_threshold': 64, 'notify_buy_threshold': 41, 'stock_qty_strong_pct': 0.5573677438978109, 'stock_qty_base_pct': 0.3317162475968864, 'stock_rebuild_strong_pct': 0.9981950705508948, 'stock_first_add_pct': 0.22053142972985407}. Best is trial 76 with value: 435.2775.
Best trial: 76. Best value: 435.277:  93%|█████████▎| 93/100 [4:36:19<20:50, 178.65s/it]Best trial: 76. Best value: 435.277:  93%|█████████▎| 93/100 [4:36:19<20:50, 178.65s/it]Best trial: 76. Best value: 435.277:  94%|█████████▍| 94/100 [4:36:19<17:52, 178.75s/it]                                                                                        [I 2026-07-25 02:25:28,281] Trial 94 finished with value: 406.0513 and parameters: {'vwap_buy_deviation': -0.022552907984579623, 'take_profit_pct': 0.010763409932246653, 'buy_confirm_min_score': 17, 'notify_sell_threshold': 63, 'notify_buy_threshold': 41, 'stock_qty_strong_pct': 0.5000375061676823, 'stock_qty_base_pct': 0.32917689719687915, 'stock_rebuild_strong_pct': 0.9970258312222384, 'stock_first_add_pct': 0.21906247059185455}. Best is trial 76 with value: 435.2775.
Best trial: 76. Best value: 435.277:  94%|█████████▍| 94/100 [4:39:14<17:52, 178.75s/it]Best trial: 76. Best value: 435.277:  94%|█████████▍| 94/100 [4:39:14<17:52, 178.75s/it]Best trial: 76. Best value: 435.277:  95%|█████████▌| 95/100 [4:39:14<14:48, 177.67s/it]                                                                                        [I 2026-07-25 02:28:25,729] Trial 95 finished with value: 435.2775 and parameters: {'vwap_buy_deviation': -0.020758330039615382, 'take_profit_pct': 0.011147011572759893, 'buy_confirm_min_score': 17, 'notify_sell_threshold': 64, 'notify_buy_threshold': 41, 'stock_qty_strong_pct': 0.48251354051545664, 'stock_qty_base_pct': 0.3427038996352679, 'stock_rebuild_strong_pct': 0.9504842449625215, 'stock_first_add_pct': 0.23437112329138188}. Best is trial 76 with value: 435.2775.
Best trial: 76. Best value: 435.277:  95%|█████████▌| 95/100 [4:42:12<14:48, 177.67s/it]Best trial: 76. Best value: 435.277:  95%|█████████▌| 95/100 [4:42:12<14:48, 177.67s/it]Best trial: 76. Best value: 435.277:  96%|█████████▌| 96/100 [4:42:12<11:50, 177.61s/it]                                                                                        [I 2026-07-25 02:31:21,345] Trial 96 finished with value: 435.2532 and parameters: {'vwap_buy_deviation': -0.021003137452316963, 'take_profit_pct': 0.009629406264327095, 'buy_confirm_min_score': 17, 'notify_sell_threshold': 64, 'notify_buy_threshold': 42, 'stock_qty_strong_pct': 0.48333685611725913, 'stock_qty_base_pct': 0.34046458940295055, 'stock_rebuild_strong_pct': 0.9510401103534072, 'stock_first_add_pct': 0.23612469215454696}. Best is trial 76 with value: 435.2775.
Best trial: 76. Best value: 435.277:  96%|█████████▌| 96/100 [4:45:07<11:50, 177.61s/it]Best trial: 76. Best value: 435.277:  96%|█████████▌| 96/100 [4:45:07<11:50, 177.61s/it]Best trial: 76. Best value: 435.277:  97%|█████████▋| 97/100 [4:45:07<08:51, 177.01s/it]                                                                                        [I 2026-07-25 02:34:23,275] Trial 97 finished with value: 185.0412 and parameters: {'vwap_buy_deviation': -0.021918735862542924, 'take_profit_pct': 0.009842233835043764, 'buy_confirm_min_score': 25, 'notify_sell_threshold': 62, 'notify_buy_threshold': 43, 'stock_qty_strong_pct': 0.48183788446366105, 'stock_qty_base_pct': 0.31981835226215505, 'stock_rebuild_strong_pct': 0.9200317641381611, 'stock_first_add_pct': 0.23452241929751655}. Best is trial 76 with value: 435.2775.
Best trial: 76. Best value: 435.277:  97%|█████████▋| 97/100 [4:48:09<08:51, 177.01s/it]Best trial: 76. Best value: 435.277:  97%|█████████▋| 97/100 [4:48:09<08:51, 177.01s/it]Best trial: 76. Best value: 435.277:  98%|█████████▊| 98/100 [4:48:09<05:56, 178.49s/it]                                                                                        [I 2026-07-25 02:37:20,692] Trial 98 finished with value: -99.39 and parameters: {'vwap_buy_deviation': -0.022936337260200907, 'take_profit_pct': 0.012651516033814685, 'buy_confirm_min_score': 17, 'notify_sell_threshold': 61, 'notify_buy_threshold': 44, 'stock_qty_strong_pct': 0.5841310348450576, 'stock_qty_base_pct': 0.34791541345068977, 'stock_rebuild_strong_pct': 0.9779375719527514, 'stock_first_add_pct': 0.24372607393289067}. Best is trial 76 with value: 435.2775.
Best trial: 76. Best value: 435.277:  98%|█████████▊| 98/100 [4:51:07<05:56, 178.49s/it]Best trial: 76. Best value: 435.277:  98%|█████████▊| 98/100 [4:51:07<05:56, 178.49s/it]Best trial: 76. Best value: 435.277:  99%|█████████▉| 99/100 [4:51:07<02:58, 178.16s/it]                                                                                        [I 2026-07-25 02:40:16,238] Trial 99 finished with value: 406.0284 and parameters: {'vwap_buy_deviation': -0.02105269941510953, 'take_profit_pct': 0.011502929039133305, 'buy_confirm_min_score': 16, 'notify_sell_threshold': 63, 'notify_buy_threshold': 42, 'stock_qty_strong_pct': 0.4581696706459486, 'stock_qty_base_pct': 0.35964643508805877, 'stock_rebuild_strong_pct': 0.9674825718125035, 'stock_first_add_pct': 0.22409938812103347}. Best is trial 76 with value: 435.2775.
Best trial: 76. Best value: 435.277:  99%|█████████▉| 99/100 [4:54:02<02:58, 178.16s/it]Best trial: 76. Best value: 435.277:  99%|█████████▉| 99/100 [4:54:02<02:58, 178.16s/it]Best trial: 76. Best value: 435.277: 100%|██████████| 100/100 [4:54:02<00:00, 177.38s/it]Best trial: 76. Best value: 435.277: 100%|██████████| 100/100 [4:54:02<00:00, 176.43s/it]

[Optuna] 最佳 composite_score = 435.2775, params = {'vwap_buy_deviation': -0.02379714893889651, 'take_profit_pct': 0.006909161678159418, 'buy_confirm_min_score': 19, 'notify_sell_threshold': 64, 'notify_buy_threshold': 41, 'stock_qty_strong_pct': 0.5756424948376012, 'stock_qty_base_pct': 0.2757969793852067, 'stock_rebuild_strong_pct': 0.631296153684987, 'stock_first_add_pct': 0.2271239577427143}

[最优参数] 训练集...

[基准对比] 默认参数在测试集...
  默认: wr=0.00% pnl=+236 composite=-99.76

[过拟合] 训练=435.28 测试=49.44 比=11.36% [有风险]

[邻域稳定性测试] 最优参数 ±5% 摇动...
  最优: 49.44
  邻域平均: 49.44
    vwap_buy_deviation=-0.0226 → composite=49.44
    vwap_buy_deviation=-0.025 → composite=49.44
    take_profit_pct=0.0066 → composite=49.44
    take_profit_pct=0.0073 → composite=49.44
    buy_confirm_min_score=18 → composite=49.44
    buy_confirm_min_score=20 → composite=49.44
  判定: [稳定]
[结果] -> E:\06_T\t_io\optimizer\best_params_603667.json
[报告] E:\06_T\t_io\optimizer\optimizer_report.md

=======================================================
  寻优完成
=======================================================
  VWAP偏离买入阈值: -0.02379714893889651
  止盈比例: 0.006909161678159418
  买入确认最低分: 19
  卖出推送阈值: 64
  买入推送阈值: 41
  强信号卖出比例: 0.5756424948376012
  中等信号卖出比例: 0.2757969793852067
  强信号接回比例: 0.631296153684987
  首次加仓比例: 0.2271239577427143
  训练集综合得分: 435.28
  输出: E:\06_T\t_io\optimizer/
