=======================================================

  参数寻优系统
=======================================================
  标的: 603667  方法: optuna  训练: 2025-06-01~2026-03-31
  [数据] 预处理 279 天收盘价索引
  [数据] 603667 2025-06-01~2026-03-31: 217 个交易日，检查缓存...
  [数据] 已缓存 202/217 天，缺失将在首次 trial 下载
  [数据] 603667 2026-04-01~2026-07-20: 79 个交易日，检查缓存...
  [数据] 已缓存 74/79 天，缺失将在首次 trial 下载

[基线] 默认参数...
  wr=0.00% trades=0 dd=0.00% composite=-9999.00
[I 2026-07-23 22:34:47,243] A new study created in memory with name: no-name-0bc5f0b1-7225-4174-b0d8-bae7d0caa6d1
  0%|          | 0/100 [00:00<?, ?it/s]                                       [I 2026-07-23 22:37:01,155] Trial 0 finished with value: 132.5829 and parameters: {'vwap_buy_deviation': -0.02750919762305275, 'take_profit_pct': 0.024014286128198326, 'buy_confirm_min_score': 26, 'notify_sell_threshold': 58, 'notify_buy_threshold': 44}. Best is trial 0 with value: 132.5829.
  0%|          | 0/100 [02:13<?, ?it/s]Best trial: 0. Best value: 132.583:   0%|          | 0/100 [02:13<?, ?it/s]Best trial: 0. Best value: 132.583:   1%|          | 1/100 [02:13<3:40:43, 133.78s/it]                                                                                      [I 2026-07-23 22:38:52,694] Trial 1 finished with value: -9999.0 and parameters: {'vwap_buy_deviation': -0.03188010959327595, 'take_profit_pct': 0.0061616722433639895, 'buy_confirm_min_score': 28, 'notify_sell_threshold': 58, 'notify_buy_threshold': 61}. Best is trial 0 with value: 132.5829.
Best trial: 0. Best value: 132.583:   1%|          | 1/100 [04:05<3:40:43, 133.78s/it]Best trial: 0. Best value: 132.583:   1%|          | 1/100 [04:05<3:40:43, 133.78s/it]Best trial: 0. Best value: 132.583:   2%|▏         | 2/100 [04:05<3:17:08, 120.70s/it]                                                                                      [I 2026-07-23 22:40:35,275] Trial 2 finished with value: -17.4867 and parameters: {'vwap_buy_deviation': -0.034588310114083955, 'take_profit_pct': 0.024398197043239887, 'buy_confirm_min_score': 28, 'notify_sell_threshold': 46, 'notify_buy_threshold': 45}. Best is trial 0 with value: 132.5829.
Best trial: 0. Best value: 132.583:   2%|▏         | 2/100 [05:47<3:17:08, 120.70s/it]Best trial: 0. Best value: 132.583:   2%|▏         | 2/100 [05:47<3:17:08, 120.70s/it]Best trial: 0. Best value: 132.583:   3%|▎         | 3/100 [05:47<3:01:45, 112.42s/it]                                                                                      [I 2026-07-23 22:42:14,553] Trial 3 finished with value: -9999.0 and parameters: {'vwap_buy_deviation': -0.031331909802931324, 'take_profit_pct': 0.011084844859190755, 'buy_confirm_min_score': 23, 'notify_sell_threshold': 53, 'notify_buy_threshold': 49}. Best is trial 0 with value: 132.5829.
Best trial: 0. Best value: 132.583:   3%|▎         | 3/100 [07:27<3:01:45, 112.42s/it]Best trial: 0. Best value: 132.583:   3%|▎         | 3/100 [07:27<3:01:45, 112.42s/it]Best trial: 0. Best value: 132.583:   4%|▍         | 4/100 [07:27<2:51:34, 107.23s/it]                                                                                      [I 2026-07-23 22:43:53,474] Trial 4 finished with value: -9999.0 and parameters: {'vwap_buy_deviation': -0.022762942105552412, 'take_profit_pct': 0.007789877213040837, 'buy_confirm_min_score': 19, 'notify_sell_threshold': 51, 'notify_buy_threshold': 54}. Best is trial 0 with value: 132.5829.
Best trial: 0. Best value: 132.583:   4%|▍         | 4/100 [09:06<2:51:34, 107.23s/it]Best trial: 0. Best value: 132.583:   4%|▍         | 4/100 [09:06<2:51:34, 107.23s/it]Best trial: 0. Best value: 132.583:   5%|▌         | 5/100 [09:06<2:45:02, 104.24s/it]                                                                                      [I 2026-07-23 22:45:33,482] Trial 5 finished with value: -22.5954 and parameters: {'vwap_buy_deviation': -0.01929648077213973, 'take_profit_pct': 0.008993475643167194, 'buy_confirm_min_score': 23, 'notify_sell_threshold': 58, 'notify_buy_threshold': 41}. Best is trial 0 with value: 132.5829.
Best trial: 0. Best value: 132.583:   5%|▌         | 5/100 [10:46<2:45:02, 104.24s/it]Best trial: 0. Best value: 132.583:   5%|▌         | 5/100 [10:46<2:45:02, 104.24s/it]Best trial: 0. Best value: 132.583:   6%|▌         | 6/100 [10:46<2:41:03, 102.80s/it]                                                                                      [I 2026-07-23 22:47:16,065] Trial 6 finished with value: -9999.0 and parameters: {'vwap_buy_deviation': -0.022849102961971235, 'take_profit_pct': 0.008410482473745831, 'buy_confirm_min_score': 16, 'notify_sell_threshold': 69, 'notify_buy_threshold': 69}. Best is trial 0 with value: 132.5829.
Best trial: 0. Best value: 132.583:   6%|▌         | 6/100 [12:28<2:41:03, 102.80s/it]Best trial: 0. Best value: 132.583:   6%|▌         | 6/100 [12:28<2:41:03, 102.80s/it]Best trial: 0. Best value: 132.583:   7%|▋         | 7/100 [12:28<2:39:13, 102.73s/it]                                                                                      [I 2026-07-23 22:49:09,977] Trial 7 finished with value: -9999.0 and parameters: {'vwap_buy_deviation': -0.018832053037670778, 'take_profit_pct': 0.011092275383467413, 'buy_confirm_min_score': 16, 'notify_sell_threshold': 61, 'notify_buy_threshold': 53}. Best is trial 0 with value: 132.5829.
Best trial: 0. Best value: 132.583:   7%|▋         | 7/100 [14:22<2:39:13, 102.73s/it]Best trial: 0. Best value: 132.583:   7%|▋         | 7/100 [14:22<2:39:13, 102.73s/it]Best trial: 0. Best value: 132.583:   8%|▊         | 8/100 [14:22<2:42:58, 106.29s/it]                                                                                      [I 2026-07-23 22:51:03,589] Trial 8 finished with value: 0.0 and parameters: {'vwap_buy_deviation': -0.03255923530310443, 'take_profit_pct': 0.014903538202225404, 'buy_confirm_min_score': 15, 'notify_sell_threshold': 68, 'notify_buy_threshold': 48}. Best is trial 0 with value: 132.5829.
Best trial: 0. Best value: 132.583:   8%|▊         | 8/100 [16:16<2:42:58, 106.29s/it]Best trial: 0. Best value: 132.583:   8%|▊         | 8/100 [16:16<2:42:58, 106.29s/it]Best trial: 0. Best value: 132.583:   9%|▉         | 9/100 [16:16<2:44:40, 108.58s/it]                                                                                      [I 2026-07-23 22:53:02,996] Trial 9 finished with value: -9999.0 and parameters: {'vwap_buy_deviation': -0.02174955431292036, 'take_profit_pct': 0.01123422152178822, 'buy_confirm_min_score': 23, 'notify_sell_threshold': 56, 'notify_buy_threshold': 45}. Best is trial 0 with value: 132.5829.
Best trial: 0. Best value: 132.583:   9%|▉         | 9/100 [18:15<2:44:40, 108.58s/it]Best trial: 0. Best value: 132.583:   9%|▉         | 9/100 [18:15<2:44:40, 108.58s/it]Best trial: 0. Best value: 132.583:  10%|█         | 10/100 [18:15<2:47:52, 111.92s/it]                                                                                       [I 2026-07-23 22:54:58,515] Trial 10 finished with value: -9999.0 and parameters: {'vwap_buy_deviation': -0.0267537052972587, 'take_profit_pct': 0.023053077538243514, 'buy_confirm_min_score': 30, 'notify_sell_threshold': 40, 'notify_buy_threshold': 69}. Best is trial 0 with value: 132.5829.
Best trial: 0. Best value: 132.583:  10%|█         | 10/100 [20:11<2:47:52, 111.92s/it]Best trial: 0. Best value: 132.583:  10%|█         | 10/100 [20:11<2:47:52, 111.92s/it]Best trial: 0. Best value: 132.583:  11%|█         | 11/100 [20:11<2:47:39, 113.02s/it]                                                                                       [I 2026-07-23 22:56:48,414] Trial 11 finished with value: 202.871 and parameters: {'vwap_buy_deviation': -0.028122649117739703, 'take_profit_pct': 0.019047918034569282, 'buy_confirm_min_score': 20, 'notify_sell_threshold': 69, 'notify_buy_threshold': 40}. Best is trial 11 with value: 202.871.
Best trial: 0. Best value: 132.583:  11%|█         | 11/100 [22:01<2:47:39, 113.02s/it]Best trial: 11. Best value: 202.871:  11%|█         | 11/100 [22:01<2:47:39, 113.02s/it]Best trial: 11. Best value: 202.871:  12%|█▏        | 12/100 [22:01<2:44:22, 112.07s/it]                                                                                        [I 2026-07-23 22:58:43,281] Trial 12 finished with value: 486.9044 and parameters: {'vwap_buy_deviation': -0.027977853539014205, 'take_profit_pct': 0.019947883746104185, 'buy_confirm_min_score': 20, 'notify_sell_threshold': 64, 'notify_buy_threshold': 40}. Best is trial 12 with value: 486.9044.
Best trial: 11. Best value: 202.871:  12%|█▏        | 12/100 [23:55<2:44:22, 112.07s/it]Best trial: 12. Best value: 486.904:  12%|█▏        | 12/100 [23:55<2:44:22, 112.07s/it]Best trial: 12. Best value: 486.904:  13%|█▎        | 13/100 [23:55<2:43:43, 112.92s/it]                                                                                        [I 2026-07-23 23:00:38,198] Trial 13 finished with value: 496.5862 and parameters: {'vwap_buy_deviation': -0.027117488557046685, 'take_profit_pct': 0.019173960206805243, 'buy_confirm_min_score': 20, 'notify_sell_threshold': 64, 'notify_buy_threshold': 40}. Best is trial 13 with value: 496.5862.
Best trial: 12. Best value: 486.904:  13%|█▎        | 13/100 [25:50<2:43:43, 112.92s/it]Best trial: 13. Best value: 496.586:  13%|█▎        | 13/100 [25:50<2:43:43, 112.92s/it]Best trial: 13. Best value: 496.586:  14%|█▍        | 14/100 [25:50<2:42:42, 113.52s/it]                                                                                        [I 2026-07-23 23:02:36,730] Trial 14 finished with value: 493.5726 and parameters: {'vwap_buy_deviation': -0.025730827134443624, 'take_profit_pct': 0.019393978468944344, 'buy_confirm_min_score': 19, 'notify_sell_threshold': 64, 'notify_buy_threshold': 40}. Best is trial 13 with value: 496.5862.
Best trial: 13. Best value: 496.586:  14%|█▍        | 14/100 [27:49<2:42:42, 113.52s/it]Best trial: 13. Best value: 496.586:  14%|█▍        | 14/100 [27:49<2:42:42, 113.52s/it]Best trial: 13. Best value: 496.586:  15%|█▌        | 15/100 [27:49<2:42:57, 115.03s/it]                                                                                        [I 2026-07-23 23:04:24,400] Trial 15 finished with value: -9999.0 and parameters: {'vwap_buy_deviation': -0.01568610849116053, 'take_profit_pct': 0.016857243993135627, 'buy_confirm_min_score': 18, 'notify_sell_threshold': 62, 'notify_buy_threshold': 51}. Best is trial 13 with value: 496.5862.
Best trial: 13. Best value: 496.586:  15%|█▌        | 15/100 [29:37<2:42:57, 115.03s/it]Best trial: 13. Best value: 496.586:  15%|█▌        | 15/100 [29:37<2:42:57, 115.03s/it]Best trial: 13. Best value: 496.586:  16%|█▌        | 16/100 [29:37<2:37:56, 112.82s/it]                                                                                        [I 2026-07-23 23:06:01,403] Trial 16 finished with value: 312.3534 and parameters: {'vwap_buy_deviation': -0.026237396650177314, 'take_profit_pct': 0.02095858210085212, 'buy_confirm_min_score': 21, 'notify_sell_threshold': 65, 'notify_buy_threshold': 44}. Best is trial 13 with value: 496.5862.
Best trial: 13. Best value: 496.586:  16%|█▌        | 16/100 [31:14<2:37:56, 112.82s/it]Best trial: 13. Best value: 496.586:  16%|█▌        | 16/100 [31:14<2:37:56, 112.82s/it]Best trial: 13. Best value: 496.586:  17%|█▋        | 17/100 [31:14<2:29:29, 108.06s/it]                                                                                        [I 2026-07-23 23:07:40,882] Trial 17 finished with value: -9999.0 and parameters: {'vwap_buy_deviation': -0.02439115423230155, 'take_profit_pct': 0.015921004143234413, 'buy_confirm_min_score': 18, 'notify_sell_threshold': 65, 'notify_buy_threshold': 56}. Best is trial 13 with value: 496.5862.
Best trial: 13. Best value: 496.586:  17%|█▋        | 17/100 [32:53<2:29:29, 108.06s/it]Best trial: 13. Best value: 496.586:  17%|█▋        | 17/100 [32:53<2:29:29, 108.06s/it]Best trial: 13. Best value: 496.586:  18%|█▊        | 18/100 [32:53<2:24:09, 105.48s/it]                                                                                        [I 2026-07-23 23:09:28,553] Trial 18 finished with value: 275.5554 and parameters: {'vwap_buy_deviation': -0.030456716361677686, 'take_profit_pct': 0.018021827951552907, 'buy_confirm_min_score': 22, 'notify_sell_threshold': 62, 'notify_buy_threshold': 43}. Best is trial 13 with value: 496.5862.
Best trial: 13. Best value: 496.586:  18%|█▊        | 18/100 [34:41<2:24:09, 105.48s/it]Best trial: 13. Best value: 496.586:  18%|█▊        | 18/100 [34:41<2:24:09, 105.48s/it]Best trial: 13. Best value: 496.586:  19%|█▉        | 19/100 [34:41<2:23:17, 106.14s/it]                                                                                        [I 2026-07-23 23:10:58,191] Trial 19 finished with value: 227.523 and parameters: {'vwap_buy_deviation': -0.02946646735847845, 'take_profit_pct': 0.021896690757257836, 'buy_confirm_min_score': 17, 'notify_sell_threshold': 66, 'notify_buy_threshold': 48}. Best is trial 13 with value: 496.5862.
Best trial: 13. Best value: 496.586:  19%|█▉        | 19/100 [36:10<2:23:17, 106.14s/it]Best trial: 13. Best value: 496.586:  19%|█▉        | 19/100 [36:10<2:23:17, 106.14s/it]Best trial: 13. Best value: 496.586:  20%|██        | 20/100 [36:10<2:14:54, 101.18s/it]                                                                                        [I 2026-07-23 23:12:24,151] Trial 20 finished with value: -9999.0 and parameters: {'vwap_buy_deviation': -0.02498714450316991, 'take_profit_pct': 0.013785307583068021, 'buy_confirm_min_score': 25, 'notify_sell_threshold': 52, 'notify_buy_threshold': 61}. Best is trial 13 with value: 496.5862.
Best trial: 13. Best value: 496.586:  20%|██        | 20/100 [37:36<2:14:54, 101.18s/it]Best trial: 13. Best value: 496.586:  20%|██        | 20/100 [37:36<2:14:54, 101.18s/it]Best trial: 13. Best value: 496.586:  21%|██        | 21/100 [37:36<2:07:12, 96.61s/it]                                                                                        [I 2026-07-23 23:13:50,277] Trial 21 finished with value: 493.2737 and parameters: {'vwap_buy_deviation': -0.02885587292081815, 'take_profit_pct': 0.02044905313455394, 'buy_confirm_min_score': 20, 'notify_sell_threshold': 63, 'notify_buy_threshold': 40}. Best is trial 13 with value: 496.5862.
Best trial: 13. Best value: 496.586:  21%|██        | 21/100 [39:02<2:07:12, 96.61s/it]Best trial: 13. Best value: 496.586:  21%|██        | 21/100 [39:02<2:07:12, 96.61s/it]Best trial: 13. Best value: 496.586:  22%|██▏       | 22/100 [39:02<2:01:30, 93.47s/it]                                                                                       [I 2026-07-23 23:15:30,521] Trial 22 finished with value: 328.7897 and parameters: {'vwap_buy_deviation': -0.02897943107570363, 'take_profit_pct': 0.01836648218874913, 'buy_confirm_min_score': 20, 'notify_sell_threshold': 61, 'notify_buy_threshold': 42}. Best is trial 13 with value: 496.5862.
Best trial: 13. Best value: 496.586:  22%|██▏       | 22/100 [40:43<2:01:30, 93.47s/it]Best trial: 13. Best value: 496.586:  22%|██▏       | 22/100 [40:43<2:01:30, 93.47s/it]Best trial: 13. Best value: 496.586:  23%|██▎       | 23/100 [40:43<2:02:33, 95.50s/it]                                                                                       [I 2026-07-23 23:17:00,025] Trial 23 finished with value: 214.2858 and parameters: {'vwap_buy_deviation': -0.025170937442131218, 'take_profit_pct': 0.021203476378025374, 'buy_confirm_min_score': 18, 'notify_sell_threshold': 67, 'notify_buy_threshold': 40}. Best is trial 13 with value: 496.5862.
Best trial: 13. Best value: 496.586:  23%|██▎       | 23/100 [42:12<2:02:33, 95.50s/it]Best trial: 13. Best value: 496.586:  23%|██▎       | 23/100 [42:12<2:02:33, 95.50s/it]Best trial: 13. Best value: 496.586:  24%|██▍       | 24/100 [42:12<1:58:41, 93.70s/it]                                                                                       [I 2026-07-23 23:18:30,132] Trial 24 finished with value: 173.6698 and parameters: {'vwap_buy_deviation': -0.0335618711038236, 'take_profit_pct': 0.019885014346565956, 'buy_confirm_min_score': 21, 'notify_sell_threshold': 63, 'notify_buy_threshold': 46}. Best is trial 13 with value: 496.5862.
Best trial: 13. Best value: 496.586:  24%|██▍       | 24/100 [43:42<1:58:41, 93.70s/it]Best trial: 13. Best value: 496.586:  24%|██▍       | 24/100 [43:42<1:58:41, 93.70s/it]Best trial: 13. Best value: 496.586:  25%|██▌       | 25/100 [43:42<1:55:46, 92.62s/it]                                                                                       [I 2026-07-23 23:19:59,578] Trial 25 finished with value: 240.7575 and parameters: {'vwap_buy_deviation': -0.030117727764594242, 'take_profit_pct': 0.017083170990023985, 'buy_confirm_min_score': 19, 'notify_sell_threshold': 70, 'notify_buy_threshold': 42}. Best is trial 13 with value: 496.5862.
Best trial: 13. Best value: 496.586:  25%|██▌       | 25/100 [45:12<1:55:46, 92.62s/it]Best trial: 13. Best value: 496.586:  25%|██▌       | 25/100 [45:12<1:55:46, 92.62s/it]Best trial: 13. Best value: 496.586:  26%|██▌       | 26/100 [45:12<1:53:03, 91.67s/it]                                                                                       [I 2026-07-23 23:21:45,978] Trial 26 finished with value: -7.7743 and parameters: {'vwap_buy_deviation': -0.026182900765691575, 'take_profit_pct': 0.022357395491217624, 'buy_confirm_min_score': 22, 'notify_sell_threshold': 60, 'notify_buy_threshold': 47}. Best is trial 13 with value: 496.5862.
Best trial: 13. Best value: 496.586:  26%|██▌       | 26/100 [46:58<1:53:03, 91.67s/it]Best trial: 13. Best value: 496.586:  26%|██▌       | 26/100 [46:58<1:53:03, 91.67s/it]Best trial: 13. Best value: 496.586:  27%|██▋       | 27/100 [46:58<1:56:54, 96.09s/it]                                                                                       [I 2026-07-23 23:23:24,045] Trial 27 finished with value: -21.1925 and parameters: {'vwap_buy_deviation': -0.023651839000009, 'take_profit_pct': 0.013729031140628617, 'buy_confirm_min_score': 25, 'notify_sell_threshold': 56, 'notify_buy_threshold': 43}. Best is trial 13 with value: 496.5862.
Best trial: 13. Best value: 496.586:  27%|██▋       | 27/100 [48:36<1:56:54, 96.09s/it]Best trial: 13. Best value: 496.586:  27%|██▋       | 27/100 [48:36<1:56:54, 96.09s/it]Best trial: 13. Best value: 496.586:  28%|██▊       | 28/100 [48:36<1:56:01, 96.68s/it]                                                                                       [I 2026-07-23 23:25:10,793] Trial 28 finished with value: 250.2567 and parameters: {'vwap_buy_deviation': -0.02871702510608263, 'take_profit_pct': 0.020138528994183384, 'buy_confirm_min_score': 19, 'notify_sell_threshold': 66, 'notify_buy_threshold': 40}. Best is trial 13 with value: 496.5862.
Best trial: 13. Best value: 496.586:  28%|██▊       | 28/100 [50:23<1:56:01, 96.68s/it]Best trial: 13. Best value: 496.586:  28%|██▊       | 28/100 [50:23<1:56:01, 96.68s/it]Best trial: 13. Best value: 496.586:  29%|██▉       | 29/100 [50:23<1:57:58, 99.70s/it]                                                                                       [I 2026-07-23 23:26:49,540] Trial 29 finished with value: 395.9264 and parameters: {'vwap_buy_deviation': -0.020721508333986203, 'take_profit_pct': 0.023836311706129865, 'buy_confirm_min_score': 21, 'notify_sell_threshold': 59, 'notify_buy_threshold': 44}. Best is trial 13 with value: 496.5862.
Best trial: 13. Best value: 496.586:  29%|██▉       | 29/100 [52:02<1:57:58, 99.70s/it]Best trial: 13. Best value: 496.586:  29%|██▉       | 29/100 [52:02<1:57:58, 99.70s/it]Best trial: 13. Best value: 496.586:  30%|███       | 30/100 [52:02<1:55:59, 99.42s/it]                                                                                       [I 2026-07-23 23:28:33,794] Trial 30 finished with value: 75.7078 and parameters: {'vwap_buy_deviation': -0.026775185808531, 'take_profit_pct': 0.017282489935691127, 'buy_confirm_min_score': 17, 'notify_sell_threshold': 56, 'notify_buy_threshold': 42}. Best is trial 13 with value: 496.5862.
Best trial: 13. Best value: 496.586:  30%|███       | 30/100 [53:46<1:55:59, 99.42s/it]Best trial: 13. Best value: 496.586:  30%|███       | 30/100 [53:46<1:55:59, 99.42s/it]Best trial: 13. Best value: 496.586:  31%|███       | 31/100 [53:46<1:55:59, 100.87s/it]                                                                                        [I 2026-07-23 23:30:19,714] Trial 31 finished with value: 486.7269 and parameters: {'vwap_buy_deviation': -0.02811177638317868, 'take_profit_pct': 0.01953559490022858, 'buy_confirm_min_score': 20, 'notify_sell_threshold': 64, 'notify_buy_threshold': 40}. Best is trial 13 with value: 496.5862.
Best trial: 13. Best value: 496.586:  31%|███       | 31/100 [55:32<1:55:59, 100.87s/it]Best trial: 13. Best value: 496.586:  31%|███       | 31/100 [55:32<1:55:59, 100.87s/it]Best trial: 13. Best value: 496.586:  32%|███▏      | 32/100 [55:32<1:56:02, 102.38s/it]                                                                                        [I 2026-07-23 23:32:05,864] Trial 32 finished with value: 496.4189 and parameters: {'vwap_buy_deviation': -0.027631069722445136, 'take_profit_pct': 0.020721280650047358, 'buy_confirm_min_score': 22, 'notify_sell_threshold': 64, 'notify_buy_threshold': 42}. Best is trial 13 with value: 496.5862.
