Best trial: 61. Best value: 497.665:  65%|██████▌   | 65/100 [1:53:23<59:54, 102.71s/it]Best trial: 61. Best value: 497.665:  65%|██████▌   | 65/100 [1:53:23<59:54, 102.71s/it]Best trial: 61. Best value: 497.665:  66%|██████▌   | 66/100 [1:53:23<57:29, 101.47s/it]                                                                                        [I 2026-07-24 00:29:53,793] Trial 66 finished with value: -9999.0 and parameters: {'vwap_buy_deviation': -0.0332454956905673, 'take_profit_pct': 0.01922500835661303, 'buy_confirm_min_score': 22, 'notify_sell_threshold': 58, 'notify_buy_threshold': 45}. Best is trial 61 with value: 497.6653.
Best trial: 61. Best value: 497.665:  66%|██████▌   | 66/100 [1:55:06<57:29, 101.47s/it]Best trial: 61. Best value: 497.665:  66%|██████▌   | 66/100 [1:55:06<57:29, 101.47s/it]Best trial: 61. Best value: 497.665:  67%|██████▋   | 67/100 [1:55:06<56:01, 101.85s/it]                                                                                        [I 2026-07-24 00:31:38,597] Trial 67 finished with value: 370.9428 and parameters: {'vwap_buy_deviation': -0.030216844489058217, 'take_profit_pct': 0.01743987549373673, 'buy_confirm_min_score': 21, 'notify_sell_threshold': 66, 'notify_buy_threshold': 41}. Best is trial 61 with value: 497.6653.
Best trial: 61. Best value: 497.665:  67%|██████▋   | 67/100 [1:56:51<56:01, 101.85s/it]Best trial: 61. Best value: 497.665:  67%|██████▋   | 67/100 [1:56:51<56:01, 101.85s/it]Best trial: 61. Best value: 497.665:  68%|██████▊   | 68/100 [1:56:51<54:47, 102.74s/it]                                                                                        [I 2026-07-24 00:33:17,872] Trial 68 finished with value: 214.8223 and parameters: {'vwap_buy_deviation': -0.027273840809892716, 'take_profit_pct': 0.020652653113929206, 'buy_confirm_min_score': 18, 'notify_sell_threshold': 69, 'notify_buy_threshold': 43}. Best is trial 61 with value: 497.6653.
Best trial: 61. Best value: 497.665:  68%|██████▊   | 68/100 [1:58:30<54:47, 102.74s/it]Best trial: 61. Best value: 497.665:  68%|██████▊   | 68/100 [1:58:30<54:47, 102.74s/it]Best trial: 61. Best value: 497.665:  69%|██████▉   | 69/100 [1:58:30<52:32, 101.70s/it]                                                                                        [I 2026-07-24 00:35:01,413] Trial 69 finished with value: -32.7222 and parameters: {'vwap_buy_deviation': -0.028348157786315477, 'take_profit_pct': 0.007071894339774452, 'buy_confirm_min_score': 19, 'notify_sell_threshold': 64, 'notify_buy_threshold': 40}. Best is trial 61 with value: 497.6653.
Best trial: 61. Best value: 497.665:  69%|██████▉   | 69/100 [2:00:14<52:32, 101.70s/it]Best trial: 61. Best value: 497.665:  69%|██████▉   | 69/100 [2:00:14<52:32, 101.70s/it]Best trial: 61. Best value: 497.665:  70%|███████   | 70/100 [2:00:14<51:07, 102.25s/it]                                                                                        [I 2026-07-24 00:36:43,550] Trial 70 finished with value: 124.9851 and parameters: {'vwap_buy_deviation': -0.02499673777493495, 'take_profit_pct': 0.015277278006370252, 'buy_confirm_min_score': 20, 'notify_sell_threshold': 60, 'notify_buy_threshold': 41}. Best is trial 61 with value: 497.6653.
Best trial: 61. Best value: 497.665:  70%|███████   | 70/100 [2:01:56<51:07, 102.25s/it]Best trial: 61. Best value: 497.665:  70%|███████   | 70/100 [2:01:56<51:07, 102.25s/it]Best trial: 61. Best value: 497.665:  71%|███████   | 71/100 [2:01:56<49:24, 102.22s/it]                                                                                        [I 2026-07-24 00:38:23,538] Trial 71 finished with value: 486.7269 and parameters: {'vwap_buy_deviation': -0.027639854840791067, 'take_profit_pct': 0.01974509242314353, 'buy_confirm_min_score': 19, 'notify_sell_threshold': 64, 'notify_buy_threshold': 41}. Best is trial 61 with value: 497.6653.
Best trial: 61. Best value: 497.665:  71%|███████   | 71/100 [2:03:36<49:24, 102.22s/it]Best trial: 61. Best value: 497.665:  71%|███████   | 71/100 [2:03:36<49:24, 102.22s/it]Best trial: 61. Best value: 497.665:  72%|███████▏  | 72/100 [2:03:36<47:23, 101.55s/it]                                                                                        [I 2026-07-24 00:40:08,129] Trial 72 finished with value: 181.0445 and parameters: {'vwap_buy_deviation': -0.027756820122671687, 'take_profit_pct': 0.024976743352001365, 'buy_confirm_min_score': 20, 'notify_sell_threshold': 67, 'notify_buy_threshold': 42}. Best is trial 61 with value: 497.6653.
Best trial: 61. Best value: 497.665:  72%|███████▏  | 72/100 [2:05:20<47:23, 101.55s/it]Best trial: 61. Best value: 497.665:  72%|███████▏  | 72/100 [2:05:20<47:23, 101.55s/it]Best trial: 61. Best value: 497.665:  73%|███████▎  | 73/100 [2:05:20<46:06, 102.46s/it]                                                                                        [I 2026-07-24 00:41:47,563] Trial 73 finished with value: 397.4865 and parameters: {'vwap_buy_deviation': -0.026588233902133863, 'take_profit_pct': 0.020085755375918144, 'buy_confirm_min_score': 18, 'notify_sell_threshold': 65, 'notify_buy_threshold': 40}. Best is trial 61 with value: 497.6653.
Best trial: 61. Best value: 497.665:  73%|███████▎  | 73/100 [2:07:00<46:06, 102.46s/it]Best trial: 61. Best value: 497.665:  73%|███████▎  | 73/100 [2:07:00<46:06, 102.46s/it]Best trial: 61. Best value: 497.665:  74%|███████▍  | 74/100 [2:07:00<44:00, 101.55s/it]                                                                                        [I 2026-07-24 00:43:31,319] Trial 74 finished with value: 156.4973 and parameters: {'vwap_buy_deviation': -0.02907609700966991, 'take_profit_pct': 0.018513007682622155, 'buy_confirm_min_score': 23, 'notify_sell_threshold': 61, 'notify_buy_threshold': 44}. Best is trial 61 with value: 497.6653.
Best trial: 61. Best value: 497.665:  74%|███████▍  | 74/100 [2:08:43<44:00, 101.55s/it]Best trial: 61. Best value: 497.665:  74%|███████▍  | 74/100 [2:08:43<44:00, 101.55s/it]Best trial: 61. Best value: 497.665:  75%|███████▌  | 75/100 [2:08:43<42:35, 102.21s/it]                                                                                        [I 2026-07-24 00:45:14,396] Trial 75 finished with value: 443.9982 and parameters: {'vwap_buy_deviation': -0.025401549232383025, 'take_profit_pct': 0.021522346244842373, 'buy_confirm_min_score': 19, 'notify_sell_threshold': 62, 'notify_buy_threshold': 41}. Best is trial 61 with value: 497.6653.
Best trial: 61. Best value: 497.665:  75%|███████▌  | 75/100 [2:10:27<42:35, 102.21s/it]Best trial: 61. Best value: 497.665:  75%|███████▌  | 75/100 [2:10:27<42:35, 102.21s/it]Best trial: 61. Best value: 497.665:  76%|███████▌  | 76/100 [2:10:27<40:59, 102.47s/it]                                                                                        [I 2026-07-24 00:46:54,186] Trial 76 finished with value: 410.851 and parameters: {'vwap_buy_deviation': -0.029937042547504948, 'take_profit_pct': 0.019064588308168484, 'buy_confirm_min_score': 17, 'notify_sell_threshold': 63, 'notify_buy_threshold': 42}. Best is trial 61 with value: 497.6653.
Best trial: 61. Best value: 497.665:  76%|███████▌  | 76/100 [2:12:06<40:59, 102.47s/it]Best trial: 61. Best value: 497.665:  76%|███████▌  | 76/100 [2:12:06<40:59, 102.47s/it]Best trial: 61. Best value: 497.665:  77%|███████▋  | 77/100 [2:12:06<38:58, 101.67s/it]                                                                                        [I 2026-07-24 00:48:42,753] Trial 77 finished with value: 125.5503 and parameters: {'vwap_buy_deviation': -0.028585116355975434, 'take_profit_pct': 0.022451885032810637, 'buy_confirm_min_score': 21, 'notify_sell_threshold': 66, 'notify_buy_threshold': 43}. Best is trial 61 with value: 497.6653.
Best trial: 61. Best value: 497.665:  77%|███████▋  | 77/100 [2:13:55<38:58, 101.67s/it]Best trial: 61. Best value: 497.665:  77%|███████▋  | 77/100 [2:13:55<38:58, 101.67s/it]Best trial: 61. Best value: 497.665:  78%|███████▊  | 78/100 [2:13:55<38:02, 103.74s/it]                                                                                        [I 2026-07-24 00:50:23,355] Trial 78 finished with value: 157.3131 and parameters: {'vwap_buy_deviation': -0.027040892295058253, 'take_profit_pct': 0.018052085471409886, 'buy_confirm_min_score': 19, 'notify_sell_threshold': 59, 'notify_buy_threshold': 40}. Best is trial 61 with value: 497.6653.
Best trial: 61. Best value: 497.665:  78%|███████▊  | 78/100 [2:15:35<38:02, 103.74s/it]Best trial: 61. Best value: 497.665:  78%|███████▊  | 78/100 [2:15:35<38:02, 103.74s/it]Best trial: 61. Best value: 497.665:  79%|███████▉  | 79/100 [2:15:35<35:58, 102.80s/it]                                                                                        [I 2026-07-24 00:52:02,220] Trial 79 finished with value: 134.1192 and parameters: {'vwap_buy_deviation': -0.024528516579080055, 'take_profit_pct': 0.016922388956313015, 'buy_confirm_min_score': 21, 'notify_sell_threshold': 64, 'notify_buy_threshold': 45}. Best is trial 61 with value: 497.6653.
Best trial: 61. Best value: 497.665:  79%|███████▉  | 79/100 [2:17:14<35:58, 102.80s/it]Best trial: 61. Best value: 497.665:  79%|███████▉  | 79/100 [2:17:14<35:58, 102.80s/it]Best trial: 61. Best value: 497.665:  80%|████████  | 80/100 [2:17:14<33:52, 101.62s/it]                                                                                        [I 2026-07-24 00:53:43,933] Trial 80 finished with value: -9999.0 and parameters: {'vwap_buy_deviation': -0.023222425849063012, 'take_profit_pct': 0.019501836007346472, 'buy_confirm_min_score': 16, 'notify_sell_threshold': 65, 'notify_buy_threshold': 66}. Best is trial 61 with value: 497.6653.
Best trial: 61. Best value: 497.665:  80%|████████  | 80/100 [2:18:56<33:52, 101.62s/it]Best trial: 61. Best value: 497.665:  80%|████████  | 80/100 [2:18:56<33:52, 101.62s/it]Best trial: 61. Best value: 497.665:  81%|████████  | 81/100 [2:18:56<32:11, 101.65s/it]                                                                                        [I 2026-07-24 00:55:24,398] Trial 81 finished with value: 486.9044 and parameters: {'vwap_buy_deviation': -0.027667690236108808, 'take_profit_pct': 0.019939979624289592, 'buy_confirm_min_score': 19, 'notify_sell_threshold': 64, 'notify_buy_threshold': 41}. Best is trial 61 with value: 497.6653.
Best trial: 61. Best value: 497.665:  81%|████████  | 81/100 [2:20:37<32:11, 101.65s/it]Best trial: 61. Best value: 497.665:  81%|████████  | 81/100 [2:20:37<32:11, 101.65s/it]Best trial: 61. Best value: 497.665:  82%|████████▏ | 82/100 [2:20:37<30:23, 101.29s/it]                                                                                        [I 2026-07-24 00:57:08,342] Trial 82 finished with value: 464.0874 and parameters: {'vwap_buy_deviation': -0.02774962476168907, 'take_profit_pct': 0.020953843972331732, 'buy_confirm_min_score': 20, 'notify_sell_threshold': 64, 'notify_buy_threshold': 41}. Best is trial 61 with value: 497.6653.
Best trial: 61. Best value: 497.665:  82%|████████▏ | 82/100 [2:22:20<30:23, 101.29s/it]Best trial: 61. Best value: 497.665:  82%|████████▏ | 82/100 [2:22:20<30:23, 101.29s/it]Best trial: 61. Best value: 497.665:  83%|████████▎ | 83/100 [2:22:20<28:55, 102.09s/it]                                                                                        [I 2026-07-24 00:58:51,286] Trial 83 finished with value: 451.708 and parameters: {'vwap_buy_deviation': -0.026461102760609704, 'take_profit_pct': 0.02042380137995447, 'buy_confirm_min_score': 19, 'notify_sell_threshold': 63, 'notify_buy_threshold': 43}. Best is trial 61 with value: 497.6653.
Best trial: 61. Best value: 497.665:  83%|████████▎ | 83/100 [2:24:03<28:55, 102.09s/it]Best trial: 61. Best value: 497.665:  83%|████████▎ | 83/100 [2:24:03<28:55, 102.09s/it]Best trial: 61. Best value: 497.665:  84%|████████▍ | 84/100 [2:24:03<27:17, 102.34s/it]                                                                                        [I 2026-07-24 01:00:29,436] Trial 84 finished with value: 380.7172 and parameters: {'vwap_buy_deviation': -0.025665833545360527, 'take_profit_pct': 0.019607680024131775, 'buy_confirm_min_score': 18, 'notify_sell_threshold': 62, 'notify_buy_threshold': 41}. Best is trial 61 with value: 497.6653.
Best trial: 61. Best value: 497.665:  84%|████████▍ | 84/100 [2:25:42<27:17, 102.34s/it]Best trial: 61. Best value: 497.665:  84%|████████▍ | 84/100 [2:25:42<27:17, 102.34s/it]Best trial: 61. Best value: 497.665:  85%|████████▌ | 85/100 [2:25:42<25:16, 101.09s/it]                                                                                        [I 2026-07-24 01:02:13,289] Trial 85 finished with value: 156.305 and parameters: {'vwap_buy_deviation': -0.03078720634498932, 'take_profit_pct': 0.021979677470872223, 'buy_confirm_min_score': 20, 'notify_sell_threshold': 67, 'notify_buy_threshold': 44}. Best is trial 61 with value: 497.6653.
Best trial: 61. Best value: 497.665:  85%|████████▌ | 85/100 [2:27:25<25:16, 101.09s/it]Best trial: 61. Best value: 497.665:  85%|████████▌ | 85/100 [2:27:25<25:16, 101.09s/it]Best trial: 61. Best value: 497.665:  86%|████████▌ | 86/100 [2:27:25<23:46, 101.92s/it]                                                                                        [I 2026-07-24 01:03:56,475] Trial 86 finished with value: 410.851 and parameters: {'vwap_buy_deviation': -0.02723597034045579, 'take_profit_pct': 0.01890010770750005, 'buy_confirm_min_score': 24, 'notify_sell_threshold': 63, 'notify_buy_threshold': 42}. Best is trial 61 with value: 497.6653.
Best trial: 61. Best value: 497.665:  86%|████████▌ | 86/100 [2:29:09<23:46, 101.92s/it]Best trial: 61. Best value: 497.665:  86%|████████▌ | 86/100 [2:29:09<23:46, 101.92s/it]Best trial: 61. Best value: 497.665:  87%|████████▋ | 87/100 [2:29:09<22:09, 102.30s/it]                                                                                        [I 2026-07-24 01:05:35,431] Trial 87 finished with value: 220.6343 and parameters: {'vwap_buy_deviation': -0.02970106045255312, 'take_profit_pct': 0.021141007419118802, 'buy_confirm_min_score': 19, 'notify_sell_threshold': 66, 'notify_buy_threshold': 40}. Best is trial 61 with value: 497.6653.
Best trial: 61. Best value: 497.665:  87%|████████▋ | 87/100 [2:30:48<22:09, 102.30s/it]Best trial: 61. Best value: 497.665:  87%|████████▋ | 87/100 [2:30:48<22:09, 102.30s/it]Best trial: 61. Best value: 497.665:  88%|████████▊ | 88/100 [2:30:48<20:15, 101.29s/it]                                                                                        [I 2026-07-24 01:07:19,189] Trial 88 finished with value: 397.6338 and parameters: {'vwap_buy_deviation': -0.029067887767318855, 'take_profit_pct': 0.020379307674319416, 'buy_confirm_min_score': 18, 'notify_sell_threshold': 65, 'notify_buy_threshold': 41}. Best is trial 61 with value: 497.6653.
Best trial: 61. Best value: 497.665:  88%|████████▊ | 88/100 [2:32:31<20:15, 101.29s/it]Best trial: 61. Best value: 497.665:  88%|████████▊ | 88/100 [2:32:31<20:15, 101.29s/it]Best trial: 61. Best value: 497.665:  89%|████████▉ | 89/100 [2:32:31<18:42, 102.03s/it]                                                                                        [I 2026-07-24 01:08:59,148] Trial 89 finished with value: 281.0616 and parameters: {'vwap_buy_deviation': -0.027993276855672888, 'take_profit_pct': 0.017871257678546443, 'buy_confirm_min_score': 29, 'notify_sell_threshold': 61, 'notify_buy_threshold': 42}. Best is trial 61 with value: 497.6653.
Best trial: 61. Best value: 497.665:  89%|████████▉ | 89/100 [2:34:11<18:42, 102.03s/it]Best trial: 61. Best value: 497.665:  89%|████████▉ | 89/100 [2:34:11<18:42, 102.03s/it]Best trial: 61. Best value: 497.665:  90%|█████████ | 90/100 [2:34:11<16:54, 101.41s/it]                                                                                        [I 2026-07-24 01:10:40,711] Trial 90 finished with value: 205.3449 and parameters: {'vwap_buy_deviation': -0.026882907243597837, 'take_profit_pct': 0.020013564995112813, 'buy_confirm_min_score': 22, 'notify_sell_threshold': 67, 'notify_buy_threshold': 40}. Best is trial 61 with value: 497.6653.
Best trial: 61. Best value: 497.665:  90%|█████████ | 90/100 [2:35:53<16:54, 101.41s/it]Best trial: 61. Best value: 497.665:  90%|█████████ | 90/100 [2:35:53<16:54, 101.41s/it]Best trial: 61. Best value: 497.665:  91%|█████████ | 91/100 [2:35:53<15:13, 101.46s/it]                                                                                        [I 2026-07-24 01:12:23,221] Trial 91 finished with value: 486.7269 and parameters: {'vwap_buy_deviation': -0.027542581413152713, 'take_profit_pct': 0.01977118824152243, 'buy_confirm_min_score': 19, 'notify_sell_threshold': 64, 'notify_buy_threshold': 41}. Best is trial 61 with value: 497.6653.
Best trial: 61. Best value: 497.665:  91%|█████████ | 91/100 [2:37:35<15:13, 101.46s/it]Best trial: 61. Best value: 497.665:  91%|█████████ | 91/100 [2:37:35<15:13, 101.46s/it]Best trial: 61. Best value: 497.665:  92%|█████████▏| 92/100 [2:37:35<13:34, 101.77s/it]                                                                                        [I 2026-07-24 01:14:01,142] Trial 92 finished with value: 368.9638 and parameters: {'vwap_buy_deviation': -0.0286143612495205, 'take_profit_pct': 0.01925867544112901, 'buy_confirm_min_score': 20, 'notify_sell_threshold': 64, 'notify_buy_threshold': 43}. Best is trial 61 with value: 497.6653.
Best trial: 61. Best value: 497.665:  92%|█████████▏| 92/100 [2:39:13<13:34, 101.77s/it]Best trial: 61. Best value: 497.665:  92%|█████████▏| 92/100 [2:39:13<13:34, 101.77s/it]Best trial: 61. Best value: 497.665:  93%|█████████▎| 93/100 [2:39:13<11:44, 100.62s/it]                                                                                        [I 2026-07-24 01:15:45,570] Trial 93 finished with value: 454.1829 and parameters: {'vwap_buy_deviation': -0.02800066960224377, 'take_profit_pct': 0.018458535524028798, 'buy_confirm_min_score': 19, 'notify_sell_threshold': 65, 'notify_buy_threshold': 41}. Best is trial 61 with value: 497.6653.
Best trial: 61. Best value: 497.665:  93%|█████████▎| 93/100 [2:40:58<11:44, 100.62s/it]Best trial: 61. Best value: 497.665:  93%|█████████▎| 93/100 [2:40:58<11:44, 100.62s/it]Best trial: 61. Best value: 497.665:  94%|█████████▍| 94/100 [2:40:58<10:10, 101.76s/it]                                                                                        [I 2026-07-24 01:17:28,412] Trial 94 finished with value: 443.9982 and parameters: {'vwap_buy_deviation': -0.02746574329632233, 'take_profit_pct': 0.02146125281933289, 'buy_confirm_min_score': 21, 'notify_sell_threshold': 62, 'notify_buy_threshold': 42}. Best is trial 61 with value: 497.6653.
Best trial: 61. Best value: 497.665:  94%|█████████▍| 94/100 [2:42:41<10:10, 101.76s/it]Best trial: 61. Best value: 497.665:  94%|█████████▍| 94/100 [2:42:41<10:10, 101.76s/it]Best trial: 61. Best value: 497.665:  95%|█████████▌| 95/100 [2:42:41<08:30, 102.08s/it]                                                                                        [I 2026-07-24 01:19:07,137] Trial 95 finished with value: 416.8428 and parameters: {'vwap_buy_deviation': -0.026014854828795213, 'take_profit_pct': 0.020866292278770786, 'buy_confirm_min_score': 20, 'notify_sell_threshold': 61, 'notify_buy_threshold': 40}. Best is trial 61 with value: 497.6653.
Best trial: 61. Best value: 497.665:  95%|█████████▌| 95/100 [2:44:19<08:30, 102.08s/it]Best trial: 61. Best value: 497.665:  95%|█████████▌| 95/100 [2:44:19<08:30, 102.08s/it]Best trial: 61. Best value: 497.665:  96%|█████████▌| 96/100 [2:44:19<06:44, 101.08s/it]                                                                                        [I 2026-07-24 01:20:49,895] Trial 96 finished with value: 442.5853 and parameters: {'vwap_buy_deviation': -0.028569076495580176, 'take_profit_pct': 0.019804285772678426, 'buy_confirm_min_score': 17, 'notify_sell_threshold': 63, 'notify_buy_threshold': 42}. Best is trial 61 with value: 497.6653.
Best trial: 61. Best value: 497.665:  96%|█████████▌| 96/100 [2:46:02<06:44, 101.08s/it]Best trial: 61. Best value: 497.665:  96%|█████████▌| 96/100 [2:46:02<06:44, 101.08s/it]Best trial: 61. Best value: 497.665:  97%|█████████▋| 97/100 [2:46:02<05:04, 101.58s/it]                                                                                        [I 2026-07-24 01:22:33,421] Trial 97 finished with value: 206.2582 and parameters: {'vwap_buy_deviation': -0.03165602809813679, 'take_profit_pct': 0.012528929325198586, 'buy_confirm_min_score': 19, 'notify_sell_threshold': 68, 'notify_buy_threshold': 40}. Best is trial 61 with value: 497.6653.
Best trial: 61. Best value: 497.665:  97%|█████████▋| 97/100 [2:47:46<05:04, 101.58s/it]Best trial: 61. Best value: 497.665:  97%|█████████▋| 97/100 [2:47:46<05:04, 101.58s/it]Best trial: 61. Best value: 497.665:  98%|█████████▊| 98/100 [2:47:46<03:24, 102.16s/it]                                                                                        [I 2026-07-24 01:24:11,275] Trial 98 finished with value: -9999.0 and parameters: {'vwap_buy_deviation': -0.02638693533119669, 'take_profit_pct': 0.01887181119634282, 'buy_confirm_min_score': 18, 'notify_sell_threshold': 50, 'notify_buy_threshold': 44}. Best is trial 61 with value: 497.6653.
