Best trial: 61. Best value: 497.665:  98%|█████████▊| 98/100 [2:49:23<03:24, 102.16s/it]Best trial: 61. Best value: 497.665:  98%|█████████▊| 98/100 [2:49:23<03:24, 102.16s/it]Best trial: 61. Best value: 497.665:  99%|█████████▉| 99/100 [2:49:23<01:40, 100.87s/it]                                                                                        [I 2026-07-24 01:25:55,048] Trial 99 finished with value: 118.7506 and parameters: {'vwap_buy_deviation': -0.029328121602822187, 'take_profit_pct': 0.022857545157623615, 'buy_confirm_min_score': 20, 'notify_sell_threshold': 66, 'notify_buy_threshold': 41}. Best is trial 61 with value: 497.6653.
Best trial: 61. Best value: 497.665:  99%|█████████▉| 99/100 [2:51:07<01:40, 100.87s/it]Best trial: 61. Best value: 497.665:  99%|█████████▉| 99/100 [2:51:07<01:40, 100.87s/it]Best trial: 61. Best value: 497.665: 100%|██████████| 100/100 [2:51:07<00:00, 101.74s/it]Best trial: 61. Best value: 497.665: 100%|██████████| 100/100 [2:51:07<00:00, 102.68s/it]

[Optuna] 最佳 composite_score = 497.6653, params = {'vwap_buy_deviation': -0.027632849010364505, 'take_profit_pct': 0.020017139043457883, 'buy_confirm_min_score': 19, 'notify_sell_threshold': 64, 'notify_buy_threshold': 40}

[最优参数] 训练集...

[基准对比] 默认参数在测试集...
  默认: wr=0.00% pnl=+0 composite=-9999.00

[邻域稳定性测试] 最优参数 ±5% 摇动...
  最优: -61.25
  邻域平均: -63.01
    vwap_buy_deviation=-0.0263 → composite=-61.25
    vwap_buy_deviation=-0.029 → composite=-61.25
    take_profit_pct=0.019 → composite=-13.86
    take_profit_pct=0.021 → composite=-119.20
    buy_confirm_min_score=18 → composite=-61.25
    buy_confirm_min_score=20 → composite=-61.25
  判定: [不稳定 孤岛参数风险]
[结果] -> E:\06_T\t_io\optimizer\best_params.json
[报告] E:\06_T\t_io\optimizer\optimizer_report.md

=======================================================
  寻优完成
=======================================================
  VWAP偏离买入阈值: -0.027632849010364505
  止盈比例: 0.020017139043457883
  买入确认最低分: 19
  卖出推送阈值: 64
  买入推送阈值: 40
  训练集综合得分: 497.67
  输出: E:\06_T\t_io\optimizer/
