Best trial: 1. Best value: 222.226:  25%|██▌       | 25/100 [1:14:48<3:38:14, 174.60s/it]Best trial: 1. Best value: 222.226:  25%|██▌       | 25/100 [1:14:48<3:38:14, 174.60s/it]Best trial: 1. Best value: 222.226:  26%|██▌       | 26/100 [1:14:48<3:37:23, 176.26s/it]                                                                                         [I 2026-07-24 23:03:54,275] Trial 26 finished with value: -99.54 and parameters: {'vwap_buy_deviation': -0.02975997507726753, 'take_profit_pct': 0.006665838860701227, 'buy_confirm_min_score': 21, 'notify_sell_threshold': 54, 'notify_buy_threshold': 42, 'stock_qty_strong_pct': 0.28812641583327314, 'stock_qty_base_pct': 0.18163067234280889, 'stock_rebuild_strong_pct': 0.6945696609489338, 'stock_first_add_pct': 0.2140161825205728}. Best is trial 1 with value: 222.2261.
Best trial: 1. Best value: 222.226:  26%|██▌       | 26/100 [1:17:40<3:37:23, 176.26s/it]Best trial: 1. Best value: 222.226:  26%|██▌       | 26/100 [1:17:40<3:37:23, 176.26s/it]Best trial: 1. Best value: 222.226:  27%|██▋       | 27/100 [1:17:40<3:33:07, 175.18s/it]                                                                                         [I 2026-07-24 23:06:47,037] Trial 27 finished with value: -99.374 and parameters: {'vwap_buy_deviation': -0.03226406621414953, 'take_profit_pct': 0.009478316615875261, 'buy_confirm_min_score': 18, 'notify_sell_threshold': 59, 'notify_buy_threshold': 46, 'stock_qty_strong_pct': 0.35320808720574, 'stock_qty_base_pct': 0.16301009468469296, 'stock_rebuild_strong_pct': 0.5734944053373265, 'stock_first_add_pct': 0.2576734440443566}. Best is trial 1 with value: 222.2261.
Best trial: 1. Best value: 222.226:  27%|██▋       | 27/100 [1:20:33<3:33:07, 175.18s/it]Best trial: 1. Best value: 222.226:  27%|██▋       | 27/100 [1:20:33<3:33:07, 175.18s/it]Best trial: 1. Best value: 222.226:  28%|██▊       | 28/100 [1:20:33<3:29:20, 174.45s/it]                                                                                         [I 2026-07-24 23:09:39,622] Trial 28 finished with value: 149.9017 and parameters: {'vwap_buy_deviation': -0.02499821275187012, 'take_profit_pct': 0.006623224838790029, 'buy_confirm_min_score': 17, 'notify_sell_threshold': 62, 'notify_buy_threshold': 47, 'stock_qty_strong_pct': 0.40091136436764485, 'stock_qty_base_pct': 0.21953648507325474, 'stock_rebuild_strong_pct': 0.6954120281945811, 'stock_first_add_pct': 0.22353391477806775}. Best is trial 1 with value: 222.2261.
Best trial: 1. Best value: 222.226:  28%|██▊       | 28/100 [1:23:26<3:29:20, 174.45s/it]Best trial: 1. Best value: 222.226:  28%|██▊       | 28/100 [1:23:26<3:29:20, 174.45s/it]Best trial: 1. Best value: 222.226:  29%|██▉       | 29/100 [1:23:26<3:25:46, 173.89s/it]                                                                                         [I 2026-07-24 23:12:34,851] Trial 29 finished with value: -99.576 and parameters: {'vwap_buy_deviation': -0.028220721885191178, 'take_profit_pct': 0.012393791927613005, 'buy_confirm_min_score': 22, 'notify_sell_threshold': 57, 'notify_buy_threshold': 43, 'stock_qty_strong_pct': 0.25051776397961795, 'stock_qty_base_pct': 0.15211623676439892, 'stock_rebuild_strong_pct': 0.7747425491573994, 'stock_first_add_pct': 0.28988965885602574}. Best is trial 1 with value: 222.2261.
Best trial: 1. Best value: 222.226:  29%|██▉       | 29/100 [1:26:21<3:25:46, 173.89s/it]Best trial: 1. Best value: 222.226:  29%|██▉       | 29/100 [1:26:21<3:25:46, 173.89s/it]Best trial: 1. Best value: 222.226:  30%|███       | 30/100 [1:26:21<3:23:20, 174.29s/it]                                                                                         [I 2026-07-24 23:15:26,103] Trial 30 finished with value: 0.0 and parameters: {'vwap_buy_deviation': -0.026256861104593986, 'take_profit_pct': 0.00927776933376709, 'buy_confirm_min_score': 20, 'notify_sell_threshold': 70, 'notify_buy_threshold': 52, 'stock_qty_strong_pct': 0.31015576602389316, 'stock_qty_base_pct': 0.18884721877351654, 'stock_rebuild_strong_pct': 0.6051052024277754, 'stock_first_add_pct': 0.2676305186330804}. Best is trial 1 with value: 222.2261.
Best trial: 1. Best value: 222.226:  30%|███       | 30/100 [1:29:12<3:23:20, 174.29s/it]Best trial: 1. Best value: 222.226:  30%|███       | 30/100 [1:29:12<3:23:20, 174.29s/it]Best trial: 1. Best value: 222.226:  31%|███       | 31/100 [1:29:12<3:19:23, 173.38s/it]                                                                                         [I 2026-07-24 23:18:23,182] Trial 31 finished with value: 155.1821 and parameters: {'vwap_buy_deviation': -0.02446679350120805, 'take_profit_pct': 0.006851925616491145, 'buy_confirm_min_score': 17, 'notify_sell_threshold': 63, 'notify_buy_threshold': 46, 'stock_qty_strong_pct': 0.29740752058369646, 'stock_qty_base_pct': 0.21676594044956773, 'stock_rebuild_strong_pct': 0.6985488908549756, 'stock_first_add_pct': 0.21991475760732285}. Best is trial 1 with value: 222.2261.
Best trial: 1. Best value: 222.226:  31%|███       | 31/100 [1:32:09<3:19:23, 173.38s/it]Best trial: 1. Best value: 222.226:  31%|███       | 31/100 [1:32:09<3:19:23, 173.38s/it]Best trial: 1. Best value: 222.226:  32%|███▏      | 32/100 [1:32:09<3:17:45, 174.49s/it]                                                                                         [I 2026-07-24 23:21:16,970] Trial 32 finished with value: 207.4385 and parameters: {'vwap_buy_deviation': -0.020416700454243732, 'take_profit_pct': 0.006600083939448238, 'buy_confirm_min_score': 15, 'notify_sell_threshold': 63, 'notify_buy_threshold': 44, 'stock_qty_strong_pct': 0.3043510911192562, 'stock_qty_base_pct': 0.2015881732240224, 'stock_rebuild_strong_pct': 0.663119985804844, 'stock_first_add_pct': 0.18104857320016196}. Best is trial 1 with value: 222.2261.
Best trial: 1. Best value: 222.226:  32%|███▏      | 32/100 [1:35:03<3:17:45, 174.49s/it]Best trial: 1. Best value: 222.226:  32%|███▏      | 32/100 [1:35:03<3:17:45, 174.49s/it]Best trial: 1. Best value: 222.226:  33%|███▎      | 33/100 [1:35:03<3:14:36, 174.28s/it]                                                                                         [I 2026-07-24 23:24:10,042] Trial 33 finished with value: -99.39 and parameters: {'vwap_buy_deviation': -0.02023832136086997, 'take_profit_pct': 0.010355362282081901, 'buy_confirm_min_score': 15, 'notify_sell_threshold': 60, 'notify_buy_threshold': 44, 'stock_qty_strong_pct': 0.332923042314821, 'stock_qty_base_pct': 0.2009143422137151, 'stock_rebuild_strong_pct': 0.662171034083559, 'stock_first_add_pct': 0.18412509306414634}. Best is trial 1 with value: 222.2261.
Best trial: 1. Best value: 222.226:  33%|███▎      | 33/100 [1:37:56<3:14:36, 174.28s/it]Best trial: 1. Best value: 222.226:  33%|███▎      | 33/100 [1:37:56<3:14:36, 174.28s/it]Best trial: 1. Best value: 222.226:  34%|███▍      | 34/100 [1:37:56<3:11:18, 173.92s/it]                                                                                         [I 2026-07-24 23:27:04,247] Trial 34 finished with value: 316.2709 and parameters: {'vwap_buy_deviation': -0.033042670098093745, 'take_profit_pct': 0.006232787444436647, 'buy_confirm_min_score': 16, 'notify_sell_threshold': 66, 'notify_buy_threshold': 44, 'stock_qty_strong_pct': 0.2981489307218095, 'stock_qty_base_pct': 0.1714236870399635, 'stock_rebuild_strong_pct': 0.6163251081546904, 'stock_first_add_pct': 0.14471472593729834}. Best is trial 34 with value: 316.2709.
Best trial: 1. Best value: 222.226:  34%|███▍      | 34/100 [1:40:50<3:11:18, 173.92s/it]Best trial: 34. Best value: 316.271:  34%|███▍      | 34/100 [1:40:50<3:11:18, 173.92s/it]Best trial: 34. Best value: 316.271:  35%|███▌      | 35/100 [1:40:50<3:08:30, 174.00s/it]                                                                                          [I 2026-07-24 23:29:59,024] Trial 35 finished with value: 339.9891 and parameters: {'vwap_buy_deviation': -0.033143034794694215, 'take_profit_pct': 0.0063002497277782525, 'buy_confirm_min_score': 15, 'notify_sell_threshold': 67, 'notify_buy_threshold': 44, 'stock_qty_strong_pct': 0.29388055829542786, 'stock_qty_base_pct': 0.16638277651589814, 'stock_rebuild_strong_pct': 0.5335733384978313, 'stock_first_add_pct': 0.12105799362973504}. Best is trial 35 with value: 339.9891.
Best trial: 34. Best value: 316.271:  35%|███▌      | 35/100 [1:43:45<3:08:30, 174.00s/it]Best trial: 35. Best value: 339.989:  35%|███▌      | 35/100 [1:43:45<3:08:30, 174.00s/it]Best trial: 35. Best value: 339.989:  36%|███▌      | 36/100 [1:43:45<3:05:51, 174.24s/it]                                                                                          [I 2026-07-24 23:32:52,484] Trial 36 finished with value: 373.9405 and parameters: {'vwap_buy_deviation': -0.033336503552702304, 'take_profit_pct': 0.006295105406281941, 'buy_confirm_min_score': 16, 'notify_sell_threshold': 68, 'notify_buy_threshold': 40, 'stock_qty_strong_pct': 0.36796490979010643, 'stock_qty_base_pct': 0.16936008841342357, 'stock_rebuild_strong_pct': 0.5049104651415416, 'stock_first_add_pct': 0.10953546541875359}. Best is trial 36 with value: 373.9405.
Best trial: 35. Best value: 339.989:  36%|███▌      | 36/100 [1:46:38<3:05:51, 174.24s/it]Best trial: 36. Best value: 373.94:  36%|███▌      | 36/100 [1:46:38<3:05:51, 174.24s/it] Best trial: 36. Best value: 373.94:  37%|███▋      | 37/100 [1:46:38<3:02:42, 174.00s/it]                                                                                         [I 2026-07-24 23:35:53,279] Trial 37 finished with value: 365.0481 and parameters: {'vwap_buy_deviation': -0.03363345913917015, 'take_profit_pct': 0.005993273423648981, 'buy_confirm_min_score': 16, 'notify_sell_threshold': 67, 'notify_buy_threshold': 40, 'stock_qty_strong_pct': 0.36465548096140027, 'stock_qty_base_pct': 0.1703260031290035, 'stock_rebuild_strong_pct': 0.5138034897941245, 'stock_first_add_pct': 0.10175486188457851}. Best is trial 36 with value: 373.9405.
Best trial: 36. Best value: 373.94:  37%|███▋      | 37/100 [1:49:39<3:02:42, 174.00s/it]Best trial: 36. Best value: 373.94:  37%|███▋      | 37/100 [1:49:39<3:02:42, 174.00s/it]Best trial: 36. Best value: 373.94:  38%|███▊      | 38/100 [1:49:39<3:01:54, 176.04s/it]                                                                                         [I 2026-07-24 23:38:47,988] Trial 38 finished with value: 373.9405 and parameters: {'vwap_buy_deviation': -0.03335019349722846, 'take_profit_pct': 0.006218175469509863, 'buy_confirm_min_score': 16, 'notify_sell_threshold': 68, 'notify_buy_threshold': 40, 'stock_qty_strong_pct': 0.3734532188672465, 'stock_qty_base_pct': 0.16129233324097925, 'stock_rebuild_strong_pct': 0.5189004322346199, 'stock_first_add_pct': 0.10189520388330647}. Best is trial 36 with value: 373.9405.
Best trial: 36. Best value: 373.94:  38%|███▊      | 38/100 [1:52:34<3:01:54, 176.04s/it]Best trial: 36. Best value: 373.94:  38%|███▊      | 38/100 [1:52:34<3:01:54, 176.04s/it]Best trial: 36. Best value: 373.94:  39%|███▉      | 39/100 [1:52:34<2:58:34, 175.64s/it]                                                                                         [I 2026-07-24 23:41:44,181] Trial 39 finished with value: 373.9405 and parameters: {'vwap_buy_deviation': -0.033501907241905014, 'take_profit_pct': 0.007627925596453109, 'buy_confirm_min_score': 17, 'notify_sell_threshold': 68, 'notify_buy_threshold': 40, 'stock_qty_strong_pct': 0.3739188065310516, 'stock_qty_base_pct': 0.16458821048617353, 'stock_rebuild_strong_pct': 0.5013122332055907, 'stock_first_add_pct': 0.10165524176561391}. Best is trial 36 with value: 373.9405.
Best trial: 36. Best value: 373.94:  39%|███▉      | 39/100 [1:55:30<2:58:34, 175.64s/it]Best trial: 36. Best value: 373.94:  39%|███▉      | 39/100 [1:55:30<2:58:34, 175.64s/it]Best trial: 36. Best value: 373.94:  40%|████      | 40/100 [1:55:30<2:55:48, 175.81s/it]                                                                                         [I 2026-07-24 23:44:38,870] Trial 40 finished with value: 251.5478 and parameters: {'vwap_buy_deviation': -0.029107177907134508, 'take_profit_pct': 0.007913373980320718, 'buy_confirm_min_score': 17, 'notify_sell_threshold': 69, 'notify_buy_threshold': 40, 'stock_qty_strong_pct': 0.40225638528282404, 'stock_qty_base_pct': 0.15036250294818837, 'stock_rebuild_strong_pct': 0.5055668813148533, 'stock_first_add_pct': 0.10113445821007047}. Best is trial 36 with value: 373.9405.
Best trial: 36. Best value: 373.94:  40%|████      | 40/100 [1:58:25<2:55:48, 175.81s/it]Best trial: 36. Best value: 373.94:  40%|████      | 40/100 [1:58:25<2:55:48, 175.81s/it]Best trial: 36. Best value: 373.94:  41%|████      | 41/100 [1:58:25<2:52:32, 175.47s/it]                                                                                         [I 2026-07-24 23:47:38,258] Trial 41 finished with value: 373.9405 and parameters: {'vwap_buy_deviation': -0.0338719242942831, 'take_profit_pct': 0.007506927125745529, 'buy_confirm_min_score': 16, 'notify_sell_threshold': 68, 'notify_buy_threshold': 42, 'stock_qty_strong_pct': 0.37029487355416213, 'stock_qty_base_pct': 0.16778109114385092, 'stock_rebuild_strong_pct': 0.5460426715380248, 'stock_first_add_pct': 0.12281974426058899}. Best is trial 36 with value: 373.9405.
Best trial: 36. Best value: 373.94:  41%|████      | 41/100 [2:01:24<2:52:32, 175.47s/it]Best trial: 36. Best value: 373.94:  41%|████      | 41/100 [2:01:24<2:52:32, 175.47s/it]Best trial: 36. Best value: 373.94:  42%|████▏     | 42/100 [2:01:24<2:50:45, 176.65s/it]                                                                                         [I 2026-07-24 23:50:34,464] Trial 42 finished with value: 373.9405 and parameters: {'vwap_buy_deviation': -0.03420646851626199, 'take_profit_pct': 0.007537917117062341, 'buy_confirm_min_score': 16, 'notify_sell_threshold': 68, 'notify_buy_threshold': 42, 'stock_qty_strong_pct': 0.37823969034296767, 'stock_qty_base_pct': 0.16978652001826214, 'stock_rebuild_strong_pct': 0.5426066989575301, 'stock_first_add_pct': 0.1302971915518218}. Best is trial 36 with value: 373.9405.
Best trial: 36. Best value: 373.94:  42%|████▏     | 42/100 [2:04:20<2:50:45, 176.65s/it]Best trial: 36. Best value: 373.94:  42%|████▏     | 42/100 [2:04:20<2:50:45, 176.65s/it]Best trial: 36. Best value: 373.94:  43%|████▎     | 43/100 [2:04:20<2:47:41, 176.51s/it]                                                                                         [I 2026-07-24 23:53:32,537] Trial 43 finished with value: 251.5478 and parameters: {'vwap_buy_deviation': -0.03412274360840132, 'take_profit_pct': 0.007465858713389054, 'buy_confirm_min_score': 17, 'notify_sell_threshold': 69, 'notify_buy_threshold': 42, 'stock_qty_strong_pct': 0.3780678649460251, 'stock_qty_base_pct': 0.16205153698710775, 'stock_rebuild_strong_pct': 0.546014057836227, 'stock_first_add_pct': 0.13500983581700943}. Best is trial 36 with value: 373.9405.
Best trial: 36. Best value: 373.94:  43%|████▎     | 43/100 [2:07:18<2:47:41, 176.51s/it]Best trial: 36. Best value: 373.94:  43%|████▎     | 43/100 [2:07:18<2:47:41, 176.51s/it]Best trial: 36. Best value: 373.94:  44%|████▍     | 44/100 [2:07:18<2:45:10, 176.98s/it]                                                                                         [I 2026-07-24 23:56:30,046] Trial 44 finished with value: -101.192 and parameters: {'vwap_buy_deviation': -0.03216048686793315, 'take_profit_pct': 0.010972281732206782, 'buy_confirm_min_score': 16, 'notify_sell_threshold': 70, 'notify_buy_threshold': 42, 'stock_qty_strong_pct': 0.40757684568919395, 'stock_qty_base_pct': 0.36505971986249913, 'stock_rebuild_strong_pct': 0.5870335301092039, 'stock_first_add_pct': 0.1239469033603539}. Best is trial 36 with value: 373.9405.
Best trial: 36. Best value: 373.94:  44%|████▍     | 44/100 [2:10:16<2:45:10, 176.98s/it]Best trial: 36. Best value: 373.94:  44%|████▍     | 44/100 [2:10:16<2:45:10, 176.98s/it]Best trial: 36. Best value: 373.94:  45%|████▌     | 45/100 [2:10:16<2:42:22, 177.14s/it]                                                                                         [I 2026-07-24 23:59:25,303] Trial 45 finished with value: 373.9405 and parameters: {'vwap_buy_deviation': -0.02991135404042718, 'take_profit_pct': 0.009999969092224116, 'buy_confirm_min_score': 15, 'notify_sell_threshold': 68, 'notify_buy_threshold': 41, 'stock_qty_strong_pct': 0.4439797691260385, 'stock_qty_base_pct': 0.17291883898833685, 'stock_rebuild_strong_pct': 0.5379790530261686, 'stock_first_add_pct': 0.15746463232599442}. Best is trial 36 with value: 373.9405.
Best trial: 36. Best value: 373.94:  45%|████▌     | 45/100 [2:13:11<2:42:22, 177.14s/it]Best trial: 36. Best value: 373.94:  45%|████▌     | 45/100 [2:13:11<2:42:22, 177.14s/it]Best trial: 36. Best value: 373.94:  46%|████▌     | 46/100 [2:13:11<2:38:55, 176.57s/it]                                                                                         [I 2026-07-25 00:02:23,750] Trial 46 finished with value: 373.9405 and parameters: {'vwap_buy_deviation': -0.0340282275143346, 'take_profit_pct': 0.008868202456228741, 'buy_confirm_min_score': 16, 'notify_sell_threshold': 68, 'notify_buy_threshold': 42, 'stock_qty_strong_pct': 0.37672103982198185, 'stock_qty_base_pct': 0.15255198017233393, 'stock_rebuild_strong_pct': 0.5571563781729709, 'stock_first_add_pct': 0.12068750867595406}. Best is trial 36 with value: 373.9405.
Best trial: 36. Best value: 373.94:  46%|████▌     | 46/100 [2:16:10<2:38:55, 176.57s/it]Best trial: 36. Best value: 373.94:  46%|████▌     | 46/100 [2:16:10<2:38:55, 176.57s/it]Best trial: 36. Best value: 373.94:  47%|████▋     | 47/100 [2:16:10<2:36:28, 177.14s/it]                                                                                         [I 2026-07-25 00:05:23,477] Trial 47 finished with value: 339.4911 and parameters: {'vwap_buy_deviation': -0.031645397314679746, 'take_profit_pct': 0.02041105437006597, 'buy_confirm_min_score': 18, 'notify_sell_threshold': 66, 'notify_buy_threshold': 41, 'stock_qty_strong_pct': 0.3609643369161745, 'stock_qty_base_pct': 0.1913262419395701, 'stock_rebuild_strong_pct': 0.5014644948475016, 'stock_first_add_pct': 0.1418864278018125}. Best is trial 36 with value: 373.9405.
Best trial: 36. Best value: 373.94:  47%|████▋     | 47/100 [2:19:09<2:36:28, 177.14s/it]Best trial: 36. Best value: 373.94:  47%|████▋     | 47/100 [2:19:09<2:36:28, 177.14s/it]Best trial: 36. Best value: 373.94:  48%|████▊     | 48/100 [2:19:09<2:34:11, 177.91s/it]                                                                                         [I 2026-07-25 00:08:18,556] Trial 48 finished with value: -101.192 and parameters: {'vwap_buy_deviation': -0.03364899572956419, 'take_profit_pct': 0.0073903679058279085, 'buy_confirm_min_score': 17, 'notify_sell_threshold': 70, 'notify_buy_threshold': 40, 'stock_qty_strong_pct': 0.41738959369138656, 'stock_qty_base_pct': 0.16237860118058564, 'stock_rebuild_strong_pct': 0.5239490654618703, 'stock_first_add_pct': 0.11256521744697734}. Best is trial 36 with value: 373.9405.
Best trial: 36. Best value: 373.94:  48%|████▊     | 48/100 [2:22:04<2:34:11, 177.91s/it]Best trial: 36. Best value: 373.94:  48%|████▊     | 48/100 [2:22:04<2:34:11, 177.91s/it]Best trial: 36. Best value: 373.94:  49%|████▉     | 49/100 [2:22:04<2:30:30, 177.06s/it]                                                                                         [I 2026-07-25 00:11:21,476] Trial 49 finished with value: 359.795 and parameters: {'vwap_buy_deviation': -0.0349534416992645, 'take_profit_pct': 0.005506896874462163, 'buy_confirm_min_score': 16, 'notify_sell_threshold': 68, 'notify_buy_threshold': 43, 'stock_qty_strong_pct': 0.44983484982632393, 'stock_qty_base_pct': 0.17822159692079728, 'stock_rebuild_strong_pct': 0.562202986802705, 'stock_first_add_pct': 0.16810848471853718}. Best is trial 36 with value: 373.9405.
Best trial: 36. Best value: 373.94:  49%|████▉     | 49/100 [2:25:07<2:30:30, 177.06s/it]Best trial: 36. Best value: 373.94:  49%|████▉     | 49/100 [2:25:07<2:30:30, 177.06s/it]Best trial: 36. Best value: 373.94:  50%|█████     | 50/100 [2:25:07<2:29:01, 178.82s/it]                                                                                         [I 2026-07-25 00:14:19,052] Trial 50 finished with value: -99.79 and parameters: {'vwap_buy_deviation': -0.0301361912103707, 'take_profit_pct': 0.00855190394082795, 'buy_confirm_min_score': 15, 'notify_sell_threshold': 50, 'notify_buy_threshold': 45, 'stock_qty_strong_pct': 0.3891298467494124, 'stock_qty_base_pct': 0.20549953765056436, 'stock_rebuild_strong_pct': 0.5345990269484917, 'stock_first_add_pct': 0.13262786222532288}. Best is trial 36 with value: 373.9405.
Best trial: 36. Best value: 373.94:  50%|█████     | 50/100 [2:28:05<2:29:01, 178.82s/it]Best trial: 36. Best value: 373.94:  50%|█████     | 50/100 [2:28:05<2:29:01, 178.82s/it]Best trial: 36. Best value: 373.94:  51%|█████     | 51/100 [2:28:05<2:25:43, 178.45s/it]                                                                                         [I 2026-07-25 00:17:15,669] Trial 51 finished with value: 373.9405 and parameters: {'vwap_buy_deviation': -0.03227543971157583, 'take_profit_pct': 0.009965924231761111, 'buy_confirm_min_score': 15, 'notify_sell_threshold': 68, 'notify_buy_threshold': 41, 'stock_qty_strong_pct': 0.3698732194223958, 'stock_qty_base_pct': 0.17458219273929848, 'stock_rebuild_strong_pct': 0.5972918094953716, 'stock_first_add_pct': 0.15945584886206318}. Best is trial 36 with value: 373.9405.
