Best trial: 36. Best value: 373.94:  51%|█████     | 51/100 [2:31:02<2:25:43, 178.45s/it]Best trial: 36. Best value: 373.94:  51%|█████     | 51/100 [2:31:02<2:25:43, 178.45s/it]Best trial: 36. Best value: 373.94:  52%|█████▏    | 52/100 [2:31:02<2:22:19, 177.90s/it]                                                                                         [I 2026-07-25 00:20:12,603] Trial 52 finished with value: 339.4911 and parameters: {'vwap_buy_deviation': -0.029942975082588162, 'take_profit_pct': 0.011923053439757822, 'buy_confirm_min_score': 16, 'notify_sell_threshold': 66, 'notify_buy_threshold': 41, 'stock_qty_strong_pct': 0.4485623866568518, 'stock_qty_base_pct': 0.19300414824478265, 'stock_rebuild_strong_pct': 0.5401353268647219, 'stock_first_add_pct': 0.1503590781040156}. Best is trial 36 with value: 373.9405.
Best trial: 36. Best value: 373.94:  52%|█████▏    | 52/100 [2:33:59<2:22:19, 177.90s/it]Best trial: 36. Best value: 373.94:  52%|█████▏    | 52/100 [2:33:59<2:22:19, 177.90s/it]Best trial: 36. Best value: 373.94:  53%|█████▎    | 53/100 [2:33:59<2:19:07, 177.61s/it]                                                                                         [I 2026-07-25 00:23:10,269] Trial 53 finished with value: 238.8368 and parameters: {'vwap_buy_deviation': -0.03343673090414126, 'take_profit_pct': 0.010245563698062225, 'buy_confirm_min_score': 17, 'notify_sell_threshold': 69, 'notify_buy_threshold': 43, 'stock_qty_strong_pct': 0.34947873024128784, 'stock_qty_base_pct': 0.1716039048949714, 'stock_rebuild_strong_pct': 0.5564365723525491, 'stock_first_add_pct': 0.11798488608183808}. Best is trial 36 with value: 373.9405.
Best trial: 36. Best value: 373.94:  53%|█████▎    | 53/100 [2:36:56<2:19:07, 177.61s/it]Best trial: 36. Best value: 373.94:  53%|█████▎    | 53/100 [2:36:56<2:19:07, 177.61s/it]Best trial: 36. Best value: 373.94:  54%|█████▍    | 54/100 [2:36:56<2:16:10, 177.63s/it]                                                                                         [I 2026-07-25 00:26:08,878] Trial 54 finished with value: 373.9405 and parameters: {'vwap_buy_deviation': -0.0270898464943624, 'take_profit_pct': 0.00724395849477367, 'buy_confirm_min_score': 15, 'notify_sell_threshold': 68, 'notify_buy_threshold': 41, 'stock_qty_strong_pct': 0.3886598732452706, 'stock_qty_base_pct': 0.15560222531885157, 'stock_rebuild_strong_pct': 0.5346248510574246, 'stock_first_add_pct': 0.13178432765342166}. Best is trial 36 with value: 373.9405.
Best trial: 36. Best value: 373.94:  54%|█████▍    | 54/100 [2:39:55<2:16:10, 177.63s/it]Best trial: 36. Best value: 373.94:  54%|█████▍    | 54/100 [2:39:55<2:16:10, 177.63s/it]Best trial: 36. Best value: 373.94:  55%|█████▌    | 55/100 [2:39:55<2:13:26, 177.92s/it]                                                                                         [I 2026-07-25 00:29:06,853] Trial 55 finished with value: 428.3467 and parameters: {'vwap_buy_deviation': -0.031773161410869145, 'take_profit_pct': 0.005088242153999289, 'buy_confirm_min_score': 18, 'notify_sell_threshold': 65, 'notify_buy_threshold': 40, 'stock_qty_strong_pct': 0.4378727125495618, 'stock_qty_base_pct': 0.16277459767774535, 'stock_rebuild_strong_pct': 0.5015107566704057, 'stock_first_add_pct': 0.11029273004679636}. Best is trial 55 with value: 428.3467.
Best trial: 36. Best value: 373.94:  55%|█████▌    | 55/100 [2:42:53<2:13:26, 177.92s/it]Best trial: 55. Best value: 428.347:  55%|█████▌    | 55/100 [2:42:53<2:13:26, 177.92s/it]Best trial: 55. Best value: 428.347:  56%|█████▌    | 56/100 [2:42:53<2:10:29, 177.94s/it]                                                                                          [I 2026-07-25 00:32:04,967] Trial 56 finished with value: 428.3467 and parameters: {'vwap_buy_deviation': -0.03184903591053256, 'take_profit_pct': 0.005591161219777553, 'buy_confirm_min_score': 18, 'notify_sell_threshold': 65, 'notify_buy_threshold': 40, 'stock_qty_strong_pct': 0.3380893265701025, 'stock_qty_base_pct': 0.16184809916766693, 'stock_rebuild_strong_pct': 0.5011937782596856, 'stock_first_add_pct': 0.10908361835897991}. Best is trial 55 with value: 428.3467.
Best trial: 55. Best value: 428.347:  56%|█████▌    | 56/100 [2:45:51<2:10:29, 177.94s/it]Best trial: 55. Best value: 428.347:  56%|█████▌    | 56/100 [2:45:51<2:10:29, 177.94s/it]Best trial: 55. Best value: 428.347:  57%|█████▋    | 57/100 [2:45:51<2:07:33, 177.99s/it]                                                                                          [I 2026-07-25 00:34:59,597] Trial 57 finished with value: -99.598 and parameters: {'vwap_buy_deviation': -0.031741837928299356, 'take_profit_pct': 0.005176141939314672, 'buy_confirm_min_score': 19, 'notify_sell_threshold': 65, 'notify_buy_threshold': 69, 'stock_qty_strong_pct': 0.3351261713559892, 'stock_qty_base_pct': 0.15760940868491136, 'stock_rebuild_strong_pct': 0.5031544927115198, 'stock_first_add_pct': 0.11210258953569031}. Best is trial 55 with value: 428.3467.
Best trial: 55. Best value: 428.347:  57%|█████▋    | 57/100 [2:48:46<2:07:33, 177.99s/it]Best trial: 55. Best value: 428.347:  57%|█████▋    | 57/100 [2:48:46<2:07:33, 177.99s/it]Best trial: 55. Best value: 428.347:  58%|█████▊    | 58/100 [2:48:46<2:03:53, 176.98s/it]                                                                                          [I 2026-07-25 00:37:56,855] Trial 58 finished with value: 428.3467 and parameters: {'vwap_buy_deviation': -0.0306466100432811, 'take_profit_pct': 0.005785268173243113, 'buy_confirm_min_score': 18, 'notify_sell_threshold': 65, 'notify_buy_threshold': 40, 'stock_qty_strong_pct': 0.4264650121578467, 'stock_qty_base_pct': 0.18328919784139713, 'stock_rebuild_strong_pct': 0.514887120349374, 'stock_first_add_pct': 0.10779599518582374}. Best is trial 55 with value: 428.3467.
Best trial: 55. Best value: 428.347:  58%|█████▊    | 58/100 [2:51:43<2:03:53, 176.98s/it]Best trial: 55. Best value: 428.347:  58%|█████▊    | 58/100 [2:51:43<2:03:53, 176.98s/it]Best trial: 55. Best value: 428.347:  59%|█████▉    | 59/100 [2:51:43<2:00:59, 177.07s/it]                                                                                          [I 2026-07-25 00:40:50,840] Trial 59 finished with value: 405.8606 and parameters: {'vwap_buy_deviation': -0.030978635623866435, 'take_profit_pct': 0.005807335668895488, 'buy_confirm_min_score': 20, 'notify_sell_threshold': 63, 'notify_buy_threshold': 40, 'stock_qty_strong_pct': 0.47157167093761565, 'stock_qty_base_pct': 0.1912499624391609, 'stock_rebuild_strong_pct': 0.5140953355241487, 'stock_first_add_pct': 0.11012818441563337}. Best is trial 55 with value: 428.3467.
Best trial: 55. Best value: 428.347:  59%|█████▉    | 59/100 [2:54:37<2:00:59, 177.07s/it]Best trial: 55. Best value: 428.347:  59%|█████▉    | 59/100 [2:54:37<2:00:59, 177.07s/it]Best trial: 55. Best value: 428.347:  60%|██████    | 60/100 [2:54:37<1:57:25, 176.14s/it]                                                                                          [I 2026-07-25 00:43:48,917] Trial 60 finished with value: 266.8763 and parameters: {'vwap_buy_deviation': -0.029137767993442133, 'take_profit_pct': 0.005747237191393268, 'buy_confirm_min_score': 20, 'notify_sell_threshold': 61, 'notify_buy_threshold': 40, 'stock_qty_strong_pct': 0.4682443022001863, 'stock_qty_base_pct': 0.18778638910497827, 'stock_rebuild_strong_pct': 0.5222119667900486, 'stock_first_add_pct': 0.14475411511335518}. Best is trial 55 with value: 428.3467.
Best trial: 55. Best value: 428.347:  60%|██████    | 60/100 [2:57:35<1:57:25, 176.14s/it]Best trial: 55. Best value: 428.347:  60%|██████    | 60/100 [2:57:35<1:57:25, 176.14s/it]Best trial: 55. Best value: 428.347:  61%|██████    | 61/100 [2:57:35<1:54:52, 176.72s/it]                                                                                          [I 2026-07-25 00:46:53,841] Trial 61 finished with value: 405.8606 and parameters: {'vwap_buy_deviation': -0.030614735226418797, 'take_profit_pct': 0.005052803030738901, 'buy_confirm_min_score': 20, 'notify_sell_threshold': 63, 'notify_buy_threshold': 40, 'stock_qty_strong_pct': 0.4963274666774479, 'stock_qty_base_pct': 0.2106482831817667, 'stock_rebuild_strong_pct': 0.5007972596724733, 'stock_first_add_pct': 0.10875290973691659}. Best is trial 55 with value: 428.3467.
Best trial: 55. Best value: 428.347:  61%|██████    | 61/100 [3:00:40<1:54:52, 176.72s/it]Best trial: 55. Best value: 428.347:  61%|██████    | 61/100 [3:00:40<1:54:52, 176.72s/it]Best trial: 55. Best value: 428.347:  62%|██████▏   | 62/100 [3:00:40<1:53:28, 179.18s/it]                                                                                          [I 2026-07-25 00:50:11,046] Trial 62 finished with value: 222.3606 and parameters: {'vwap_buy_deviation': -0.030988531293766785, 'take_profit_pct': 0.00562674841266399, 'buy_confirm_min_score': 20, 'notify_sell_threshold': 63, 'notify_buy_threshold': 43, 'stock_qty_strong_pct': 0.49055056430472327, 'stock_qty_base_pct': 0.2111191149568318, 'stock_rebuild_strong_pct': 0.5218604342444283, 'stock_first_add_pct': 0.11198060451130612}. Best is trial 55 with value: 428.3467.
Best trial: 55. Best value: 428.347:  62%|██████▏   | 62/100 [3:03:57<1:53:28, 179.18s/it]Best trial: 55. Best value: 428.347:  62%|██████▏   | 62/100 [3:03:57<1:53:28, 179.18s/it]Best trial: 55. Best value: 428.347:  63%|██████▎   | 63/100 [3:03:57<1:53:49, 184.59s/it]                                                                                          [I 2026-07-25 00:53:10,234] Trial 63 finished with value: 428.3467 and parameters: {'vwap_buy_deviation': -0.030561583156313223, 'take_profit_pct': 0.0051661912280755425, 'buy_confirm_min_score': 18, 'notify_sell_threshold': 65, 'notify_buy_threshold': 40, 'stock_qty_strong_pct': 0.5331271659466166, 'stock_qty_base_pct': 0.1986295133732647, 'stock_rebuild_strong_pct': 0.5709614621504846, 'stock_first_add_pct': 0.11005859001637804}. Best is trial 55 with value: 428.3467.
Best trial: 55. Best value: 428.347:  63%|██████▎   | 63/100 [3:06:56<1:53:49, 184.59s/it]Best trial: 55. Best value: 428.347:  63%|██████▎   | 63/100 [3:06:56<1:53:49, 184.59s/it]Best trial: 55. Best value: 428.347:  64%|██████▍   | 64/100 [3:06:56<1:49:46, 182.97s/it]                                                                                          [I 2026-07-25 00:56:09,270] Trial 64 finished with value: 154.8433 and parameters: {'vwap_buy_deviation': -0.030518386261505857, 'take_profit_pct': 0.00526723783168209, 'buy_confirm_min_score': 22, 'notify_sell_threshold': 62, 'notify_buy_threshold': 45, 'stock_qty_strong_pct': 0.5489057731272556, 'stock_qty_base_pct': 0.19634623337473678, 'stock_rebuild_strong_pct': 0.5681120772395699, 'stock_first_add_pct': 0.11158694379035716}. Best is trial 55 with value: 428.3467.
Best trial: 55. Best value: 428.347:  64%|██████▍   | 64/100 [3:09:55<1:49:46, 182.97s/it]Best trial: 55. Best value: 428.347:  64%|██████▍   | 64/100 [3:09:55<1:49:46, 182.97s/it]Best trial: 55. Best value: 428.347:  65%|██████▌   | 65/100 [3:09:55<1:46:02, 181.79s/it]                                                                                          [I 2026-07-25 00:59:10,028] Trial 65 finished with value: 428.3467 and parameters: {'vwap_buy_deviation': -0.028914793529642328, 'take_profit_pct': 0.005133446979604881, 'buy_confirm_min_score': 18, 'notify_sell_threshold': 65, 'notify_buy_threshold': 41, 'stock_qty_strong_pct': 0.5172184753016958, 'stock_qty_base_pct': 0.22695255079833576, 'stock_rebuild_strong_pct': 0.5680750786979121, 'stock_first_add_pct': 0.1358207091197527}. Best is trial 55 with value: 428.3467.
Best trial: 55. Best value: 428.347:  65%|██████▌   | 65/100 [3:12:56<1:46:02, 181.79s/it]Best trial: 55. Best value: 428.347:  65%|██████▌   | 65/100 [3:12:56<1:46:02, 181.79s/it]Best trial: 55. Best value: 428.347:  66%|██████▌   | 66/100 [3:12:56<1:42:50, 181.48s/it]                                                                                          [I 2026-07-25 01:02:10,542] Trial 66 finished with value: 279.3998 and parameters: {'vwap_buy_deviation': -0.027641852770166363, 'take_profit_pct': 0.005147166682026491, 'buy_confirm_min_score': 19, 'notify_sell_threshold': 64, 'notify_buy_threshold': 43, 'stock_qty_strong_pct': 0.5088652634453666, 'stock_qty_base_pct': 0.22401018129908756, 'stock_rebuild_strong_pct': 0.5915587476270135, 'stock_first_add_pct': 0.17241705324285445}. Best is trial 55 with value: 428.3467.
Best trial: 55. Best value: 428.347:  66%|██████▌   | 66/100 [3:15:56<1:42:50, 181.48s/it]Best trial: 55. Best value: 428.347:  66%|██████▌   | 66/100 [3:15:56<1:42:50, 181.48s/it]Best trial: 55. Best value: 428.347:  67%|██████▋   | 67/100 [3:15:56<1:39:39, 181.19s/it]                                                                                          [I 2026-07-25 01:05:07,597] Trial 67 finished with value: 406.0513 and parameters: {'vwap_buy_deviation': -0.02850432150174944, 'take_profit_pct': 0.005034142784307459, 'buy_confirm_min_score': 20, 'notify_sell_threshold': 63, 'notify_buy_threshold': 41, 'stock_qty_strong_pct': 0.5266001692833072, 'stock_qty_base_pct': 0.24032528873544556, 'stock_rebuild_strong_pct': 0.6105662113393723, 'stock_first_add_pct': 0.13949601795811034}. Best is trial 55 with value: 428.3467.
Best trial: 55. Best value: 428.347:  67%|██████▋   | 67/100 [3:18:54<1:39:39, 181.19s/it]Best trial: 55. Best value: 428.347:  67%|██████▋   | 67/100 [3:18:54<1:39:39, 181.19s/it]Best trial: 55. Best value: 428.347:  68%|██████▊   | 68/100 [3:18:54<1:35:58, 179.95s/it]                                                                                          [I 2026-07-25 01:08:01,603] Trial 68 finished with value: 234.1718 and parameters: {'vwap_buy_deviation': -0.02825531411166091, 'take_profit_pct': 0.005838996193412142, 'buy_confirm_min_score': 18, 'notify_sell_threshold': 61, 'notify_buy_threshold': 42, 'stock_qty_strong_pct': 0.5774379298463479, 'stock_qty_base_pct': 0.2567861811529121, 'stock_rebuild_strong_pct': 0.6158406369475148, 'stock_first_add_pct': 0.13890874284625693}. Best is trial 55 with value: 428.3467.
Best trial: 55. Best value: 428.347:  68%|██████▊   | 68/100 [3:21:48<1:35:58, 179.95s/it]Best trial: 55. Best value: 428.347:  68%|██████▊   | 68/100 [3:21:48<1:35:58, 179.95s/it]Best trial: 55. Best value: 428.347:  69%|██████▉   | 69/100 [3:21:48<1:32:03, 178.17s/it]                                                                                          [I 2026-07-25 01:10:59,201] Trial 69 finished with value: -99.366 and parameters: {'vwap_buy_deviation': -0.028643346088036516, 'take_profit_pct': 0.006919296163663235, 'buy_confirm_min_score': 21, 'notify_sell_threshold': 58, 'notify_buy_threshold': 45, 'stock_qty_strong_pct': 0.5235354748367677, 'stock_qty_base_pct': 0.23779946395988827, 'stock_rebuild_strong_pct': 0.6432005349134332, 'stock_first_add_pct': 0.15391241412237033}. Best is trial 55 with value: 428.3467.
Best trial: 55. Best value: 428.347:  69%|██████▉   | 69/100 [3:24:45<1:32:03, 178.17s/it]Best trial: 55. Best value: 428.347:  69%|██████▉   | 69/100 [3:24:45<1:32:03, 178.17s/it]Best trial: 55. Best value: 428.347:  70%|███████   | 70/100 [3:24:45<1:28:59, 178.00s/it]                                                                                          [I 2026-07-25 01:13:54,991] Trial 70 finished with value: 428.3467 and parameters: {'vwap_buy_deviation': -0.027063794948193425, 'take_profit_pct': 0.008205358787795523, 'buy_confirm_min_score': 19, 'notify_sell_threshold': 65, 'notify_buy_threshold': 41, 'stock_qty_strong_pct': 0.5354284229332891, 'stock_qty_base_pct': 0.27983230099119183, 'stock_rebuild_strong_pct': 0.575721576204435, 'stock_first_add_pct': 0.19111735277478598}. Best is trial 55 with value: 428.3467.
Best trial: 55. Best value: 428.347:  70%|███████   | 70/100 [3:27:41<1:28:59, 178.00s/it]Best trial: 55. Best value: 428.347:  70%|███████   | 70/100 [3:27:41<1:28:59, 178.00s/it]Best trial: 55. Best value: 428.347:  71%|███████   | 71/100 [3:27:41<1:25:42, 177.33s/it]                                                                                          [I 2026-07-25 01:16:59,328] Trial 71 finished with value: 428.3467 and parameters: {'vwap_buy_deviation': -0.026922419639047, 'take_profit_pct': 0.008405017387504899, 'buy_confirm_min_score': 19, 'notify_sell_threshold': 65, 'notify_buy_threshold': 41, 'stock_qty_strong_pct': 0.5441772938097515, 'stock_qty_base_pct': 0.29449088705483295, 'stock_rebuild_strong_pct': 0.5779139141028857, 'stock_first_add_pct': 0.19667277754165}. Best is trial 55 with value: 428.3467.
Best trial: 55. Best value: 428.347:  71%|███████   | 71/100 [3:30:45<1:25:42, 177.33s/it]Best trial: 55. Best value: 428.347:  71%|███████   | 71/100 [3:30:45<1:25:42, 177.33s/it]Best trial: 55. Best value: 428.347:  72%|███████▏  | 72/100 [3:30:45<1:23:44, 179.44s/it]                                                                                          [I 2026-07-25 01:19:58,772] Trial 72 finished with value: 428.3467 and parameters: {'vwap_buy_deviation': -0.025335588961398876, 'take_profit_pct': 0.008585084731431913, 'buy_confirm_min_score': 19, 'notify_sell_threshold': 65, 'notify_buy_threshold': 41, 'stock_qty_strong_pct': 0.5502488553824301, 'stock_qty_base_pct': 0.28844635132818564, 'stock_rebuild_strong_pct': 0.5776521292922725, 'stock_first_add_pct': 0.1969370349802285}. Best is trial 55 with value: 428.3467.
Best trial: 55. Best value: 428.347:  72%|███████▏  | 72/100 [3:33:45<1:23:44, 179.44s/it]Best trial: 55. Best value: 428.347:  72%|███████▏  | 72/100 [3:33:45<1:23:44, 179.44s/it]Best trial: 55. Best value: 428.347:  73%|███████▎  | 73/100 [3:33:45<1:20:44, 179.44s/it]                                                                                          [I 2026-07-25 01:22:54,776] Trial 73 finished with value: 308.408 and parameters: {'vwap_buy_deviation': -0.026812636993618428, 'take_profit_pct': 0.008327987951000208, 'buy_confirm_min_score': 18, 'notify_sell_threshold': 65, 'notify_buy_threshold': 44, 'stock_qty_strong_pct': 0.5570841825988193, 'stock_qty_base_pct': 0.28719826361122647, 'stock_rebuild_strong_pct': 0.5855050656146853, 'stock_first_add_pct': 0.19873403027408545}. Best is trial 55 with value: 428.3467.
Best trial: 55. Best value: 428.347:  73%|███████▎  | 73/100 [3:36:41<1:20:44, 179.44s/it]Best trial: 55. Best value: 428.347:  73%|███████▎  | 73/100 [3:36:41<1:20:44, 179.44s/it]Best trial: 55. Best value: 428.347:  74%|███████▍  | 74/100 [3:36:41<1:17:18, 178.41s/it]                                                                                          [I 2026-07-25 01:25:54,036] Trial 74 finished with value: 321.7748 and parameters: {'vwap_buy_deviation': -0.026150329683938607, 'take_profit_pct': 0.00818061339683758, 'buy_confirm_min_score': 19, 'notify_sell_threshold': 66, 'notify_buy_threshold': 43, 'stock_qty_strong_pct': 0.5393276402190624, 'stock_qty_base_pct': 0.29986066525724636, 'stock_rebuild_strong_pct': 0.574879588964882, 'stock_first_add_pct': 0.19662447649142945}. Best is trial 55 with value: 428.3467.
Best trial: 55. Best value: 428.347:  74%|███████▍  | 74/100 [3:39:40<1:17:18, 178.41s/it]Best trial: 55. Best value: 428.347:  74%|███████▍  | 74/100 [3:39:40<1:17:18, 178.41s/it]Best trial: 55. Best value: 428.347:  75%|███████▌  | 75/100 [3:39:40<1:14:26, 178.66s/it]                                                                                          [I 2026-07-25 01:28:49,766] Trial 75 finished with value: 428.3467 and parameters: {'vwap_buy_deviation': -0.025184038128439508, 'take_profit_pct': 0.024695337378458318, 'buy_confirm_min_score': 18, 'notify_sell_threshold': 65, 'notify_buy_threshold': 41, 'stock_qty_strong_pct': 0.5759602768381202, 'stock_qty_base_pct': 0.3187379983833293, 'stock_rebuild_strong_pct': 0.6218932808861616, 'stock_first_add_pct': 0.18755505411153173}. Best is trial 55 with value: 428.3467.
Best trial: 55. Best value: 428.347:  75%|███████▌  | 75/100 [3:42:36<1:14:26, 178.66s/it]Best trial: 55. Best value: 428.347:  75%|███████▌  | 75/100 [3:42:36<1:14:26, 178.66s/it]Best trial: 55. Best value: 428.347:  76%|███████▌  | 76/100 [3:42:36<1:11:06, 177.78s/it]                                                                                          [I 2026-07-25 01:31:46,729] Trial 76 finished with value: 435.2775 and parameters: {'vwap_buy_deviation': -0.02379714893889651, 'take_profit_pct': 0.006909161678159418, 'buy_confirm_min_score': 19, 'notify_sell_threshold': 64, 'notify_buy_threshold': 41, 'stock_qty_strong_pct': 0.5756424948376012, 'stock_qty_base_pct': 0.2757969793852067, 'stock_rebuild_strong_pct': 0.631296153684987, 'stock_first_add_pct': 0.2271239577427143}. Best is trial 76 with value: 435.2775.
Best trial: 55. Best value: 428.347:  76%|███████▌  | 76/100 [3:45:33<1:11:06, 177.78s/it]Best trial: 76. Best value: 435.277:  76%|███████▌  | 76/100 [3:45:33<1:11:06, 177.78s/it]Best trial: 76. Best value: 435.277:  77%|███████▋  | 77/100 [3:45:33<1:08:03, 177.54s/it]                                                                                          [I 2026-07-25 01:34:44,542] Trial 77 finished with value: 339.4911 and parameters: {'vwap_buy_deviation': -0.02364453628422532, 'take_profit_pct': 0.0069241856003388075, 'buy_confirm_min_score': 19, 'notify_sell_threshold': 66, 'notify_buy_threshold': 42, 'stock_qty_strong_pct': 0.5900756944237378, 'stock_qty_base_pct': 0.27951541302980154, 'stock_rebuild_strong_pct': 0.6328084335831806, 'stock_first_add_pct': 0.2500096894782214}. Best is trial 76 with value: 435.2775.
