Best trial: 13. Best value: 496.586:  32%|███▏      | 32/100 [57:18<1:56:02, 102.38s/it]Best trial: 13. Best value: 496.586:  32%|███▏      | 32/100 [57:18<1:56:02, 102.38s/it]Best trial: 13. Best value: 496.586:  33%|███▎      | 33/100 [57:18<1:55:35, 103.51s/it]                                                                                        [I 2026-07-23 23:33:46,972] Trial 33 finished with value: 231.779 and parameters: {'vwap_buy_deviation': -0.025536243175921264, 'take_profit_pct': 0.021268349151179807, 'buy_confirm_min_score': 24, 'notify_sell_threshold': 63, 'notify_buy_threshold': 45}. Best is trial 13 with value: 496.5862.
Best trial: 13. Best value: 496.586:  33%|███▎      | 33/100 [58:59<1:55:35, 103.51s/it]Best trial: 13. Best value: 496.586:  33%|███▎      | 33/100 [58:59<1:55:35, 103.51s/it]Best trial: 13. Best value: 496.586:  34%|███▍      | 34/100 [58:59<1:53:04, 102.79s/it]                                                                                        [I 2026-07-23 23:35:30,735] Trial 34 finished with value: 126.5513 and parameters: {'vwap_buy_deviation': -0.031236962295707556, 'take_profit_pct': 0.023130573774548333, 'buy_confirm_min_score': 22, 'notify_sell_threshold': 67, 'notify_buy_threshold': 43}. Best is trial 13 with value: 496.5862.
Best trial: 13. Best value: 496.586:  34%|███▍      | 34/100 [1:00:43<1:53:04, 102.79s/it]Best trial: 13. Best value: 496.586:  34%|███▍      | 34/100 [1:00:43<1:53:04, 102.79s/it]Best trial: 13. Best value: 496.586:  35%|███▌      | 35/100 [1:00:43<1:51:40, 103.08s/it]                                                                                          [I 2026-07-23 23:37:12,300] Trial 35 finished with value: -6.8598 and parameters: {'vwap_buy_deviation': -0.02702953995906389, 'take_profit_pct': 0.024406027076293517, 'buy_confirm_min_score': 21, 'notify_sell_threshold': 59, 'notify_buy_threshold': 46}. Best is trial 13 with value: 496.5862.
Best trial: 13. Best value: 496.586:  35%|███▌      | 35/100 [1:02:24<1:51:40, 103.08s/it]Best trial: 13. Best value: 496.586:  35%|███▌      | 35/100 [1:02:24<1:51:40, 103.08s/it]Best trial: 13. Best value: 496.586:  36%|███▌      | 36/100 [1:02:24<1:49:28, 102.63s/it]                                                                                          [I 2026-07-23 23:38:55,048] Trial 36 finished with value: -9999.0 and parameters: {'vwap_buy_deviation': -0.03235392781230365, 'take_profit_pct': 0.018292262389297206, 'buy_confirm_min_score': 24, 'notify_sell_threshold': 48, 'notify_buy_threshold': 50}. Best is trial 13 with value: 496.5862.
Best trial: 13. Best value: 496.586:  36%|███▌      | 36/100 [1:04:07<1:49:28, 102.63s/it]Best trial: 13. Best value: 496.586:  36%|███▌      | 36/100 [1:04:07<1:49:28, 102.63s/it]Best trial: 13. Best value: 496.586:  37%|███▋      | 37/100 [1:04:07<1:47:47, 102.66s/it]                                                                                          [I 2026-07-23 23:40:37,211] Trial 37 finished with value: -9999.0 and parameters: {'vwap_buy_deviation': -0.023848695302270906, 'take_profit_pct': 0.0051843818465952575, 'buy_confirm_min_score': 19, 'notify_sell_threshold': 57, 'notify_buy_threshold': 42}. Best is trial 13 with value: 496.5862.
Best trial: 13. Best value: 496.586:  37%|███▋      | 37/100 [1:05:49<1:47:47, 102.66s/it]Best trial: 13. Best value: 496.586:  37%|███▋      | 37/100 [1:05:49<1:47:47, 102.66s/it]Best trial: 13. Best value: 496.586:  38%|███▊      | 38/100 [1:05:49<1:45:55, 102.51s/it]                                                                                          [I 2026-07-23 23:42:15,320] Trial 38 finished with value: -9999.0 and parameters: {'vwap_buy_deviation': -0.03493795646980004, 'take_profit_pct': 0.01597177498664617, 'buy_confirm_min_score': 26, 'notify_sell_threshold': 54, 'notify_buy_threshold': 45}. Best is trial 13 with value: 496.5862.
Best trial: 13. Best value: 496.586:  38%|███▊      | 38/100 [1:07:27<1:45:55, 102.51s/it]Best trial: 13. Best value: 496.586:  38%|███▊      | 38/100 [1:07:27<1:45:55, 102.51s/it]Best trial: 13. Best value: 496.586:  39%|███▉      | 39/100 [1:07:27<1:42:52, 101.19s/it]                                                                                          [I 2026-07-23 23:43:59,275] Trial 39 finished with value: 302.6543 and parameters: {'vwap_buy_deviation': -0.02998876410115086, 'take_profit_pct': 0.018875526890151206, 'buy_confirm_min_score': 17, 'notify_sell_threshold': 61, 'notify_buy_threshold': 41}. Best is trial 13 with value: 496.5862.
Best trial: 13. Best value: 496.586:  39%|███▉      | 39/100 [1:09:11<1:42:52, 101.19s/it]Best trial: 13. Best value: 496.586:  39%|███▉      | 39/100 [1:09:11<1:42:52, 101.19s/it]Best trial: 13. Best value: 496.586:  40%|████      | 40/100 [1:09:11<1:42:01, 102.02s/it]                                                                                          [I 2026-07-23 23:45:42,358] Trial 40 finished with value: 98.5049 and parameters: {'vwap_buy_deviation': -0.031067112812154084, 'take_profit_pct': 0.020642658791431075, 'buy_confirm_min_score': 23, 'notify_sell_threshold': 68, 'notify_buy_threshold': 47}. Best is trial 13 with value: 496.5862.
Best trial: 13. Best value: 496.586:  40%|████      | 40/100 [1:10:54<1:42:01, 102.02s/it]Best trial: 13. Best value: 496.586:  40%|████      | 40/100 [1:10:54<1:42:01, 102.02s/it]Best trial: 13. Best value: 496.586:  41%|████      | 41/100 [1:10:54<1:40:38, 102.34s/it]                                                                                          [I 2026-07-23 23:47:20,700] Trial 41 finished with value: 279.6276 and parameters: {'vwap_buy_deviation': -0.02770626469825677, 'take_profit_pct': 0.022055222149417658, 'buy_confirm_min_score': 20, 'notify_sell_threshold': 64, 'notify_buy_threshold': 40}. Best is trial 13 with value: 496.5862.
Best trial: 13. Best value: 496.586:  41%|████      | 41/100 [1:12:33<1:40:38, 102.34s/it]Best trial: 13. Best value: 496.586:  41%|████      | 41/100 [1:12:33<1:40:38, 102.34s/it]Best trial: 13. Best value: 496.586:  42%|████▏     | 42/100 [1:12:33<1:37:46, 101.14s/it]                                                                                          [I 2026-07-23 23:49:04,859] Trial 42 finished with value: 486.7269 and parameters: {'vwap_buy_deviation': -0.02768649708393004, 'take_profit_pct': 0.01973782198109367, 'buy_confirm_min_score': 19, 'notify_sell_threshold': 64, 'notify_buy_threshold': 41}. Best is trial 13 with value: 496.5862.
Best trial: 13. Best value: 496.586:  42%|████▏     | 42/100 [1:14:17<1:37:46, 101.14s/it]Best trial: 13. Best value: 496.586:  42%|████▏     | 42/100 [1:14:17<1:37:46, 101.14s/it]Best trial: 13. Best value: 496.586:  43%|████▎     | 43/100 [1:14:17<1:36:56, 102.05s/it]                                                                                          [I 2026-07-23 23:50:48,480] Trial 43 finished with value: 164.3156 and parameters: {'vwap_buy_deviation': -0.02877460779122702, 'take_profit_pct': 0.02295722134884902, 'buy_confirm_min_score': 22, 'notify_sell_threshold': 66, 'notify_buy_threshold': 44}. Best is trial 13 with value: 496.5862.
Best trial: 13. Best value: 496.586:  43%|████▎     | 43/100 [1:16:01<1:36:56, 102.05s/it]Best trial: 13. Best value: 496.586:  43%|████▎     | 43/100 [1:16:01<1:36:56, 102.05s/it]Best trial: 13. Best value: 496.586:  44%|████▍     | 44/100 [1:16:01<1:35:41, 102.52s/it]                                                                                          [I 2026-07-23 23:52:26,072] Trial 44 finished with value: 410.9219 and parameters: {'vwap_buy_deviation': -0.02558467819010028, 'take_profit_pct': 0.02043500550297007, 'buy_confirm_min_score': 20, 'notify_sell_threshold': 62, 'notify_buy_threshold': 42}. Best is trial 13 with value: 496.5862.
Best trial: 13. Best value: 496.586:  44%|████▍     | 44/100 [1:17:38<1:35:41, 102.52s/it]Best trial: 13. Best value: 496.586:  44%|████▍     | 44/100 [1:17:38<1:35:41, 102.52s/it]Best trial: 13. Best value: 496.586:  45%|████▌     | 45/100 [1:17:38<1:32:37, 101.04s/it]                                                                                          [I 2026-07-23 23:54:09,785] Trial 45 finished with value: -15.04 and parameters: {'vwap_buy_deviation': -0.022612683236657626, 'take_profit_pct': 0.017875474503200546, 'buy_confirm_min_score': 18, 'notify_sell_threshold': 40, 'notify_buy_threshold': 40}. Best is trial 13 with value: 496.5862.
Best trial: 13. Best value: 496.586:  45%|████▌     | 45/100 [1:19:22<1:32:37, 101.04s/it]Best trial: 13. Best value: 496.586:  45%|████▌     | 45/100 [1:19:22<1:32:37, 101.04s/it]Best trial: 13. Best value: 496.586:  46%|████▌     | 46/100 [1:19:22<1:31:39, 101.84s/it]                                                                                          [I 2026-07-23 23:55:49,134] Trial 46 finished with value: -9999.0 and parameters: {'vwap_buy_deviation': -0.02722597040499846, 'take_profit_pct': 0.01927815566254456, 'buy_confirm_min_score': 15, 'notify_sell_threshold': 60, 'notify_buy_threshold': 66}. Best is trial 13 with value: 496.5862.
Best trial: 13. Best value: 496.586:  46%|████▌     | 46/100 [1:21:01<1:31:39, 101.84s/it]Best trial: 13. Best value: 496.586:  46%|████▌     | 46/100 [1:21:01<1:31:39, 101.84s/it]Best trial: 13. Best value: 496.586:  47%|████▋     | 47/100 [1:21:01<1:29:17, 101.09s/it]                                                                                          [I 2026-07-23 23:57:32,685] Trial 47 finished with value: 65.6446 and parameters: {'vwap_buy_deviation': -0.026170916756413587, 'take_profit_pct': 0.01624513791293133, 'buy_confirm_min_score': 28, 'notify_sell_threshold': 63, 'notify_buy_threshold': 43}. Best is trial 13 with value: 496.5862.
Best trial: 13. Best value: 496.586:  47%|████▋     | 47/100 [1:22:45<1:29:17, 101.09s/it]Best trial: 13. Best value: 496.586:  47%|████▋     | 47/100 [1:22:45<1:29:17, 101.09s/it]Best trial: 13. Best value: 496.586:  48%|████▊     | 48/100 [1:22:45<1:28:15, 101.83s/it]                                                                                          [I 2026-07-23 23:59:15,174] Trial 48 finished with value: 183.0109 and parameters: {'vwap_buy_deviation': -0.02949702943783337, 'take_profit_pct': 0.02153171690938142, 'buy_confirm_min_score': 21, 'notify_sell_threshold': 68, 'notify_buy_threshold': 41}. Best is trial 13 with value: 496.5862.
Best trial: 13. Best value: 496.586:  48%|████▊     | 48/100 [1:24:27<1:28:15, 101.83s/it]Best trial: 13. Best value: 496.586:  48%|████▊     | 48/100 [1:24:27<1:28:15, 101.83s/it]Best trial: 13. Best value: 496.586:  49%|████▉     | 49/100 [1:24:27<1:26:43, 102.03s/it]                                                                                          [I 2026-07-24 00:00:57,874] Trial 49 finished with value: -9999.0 and parameters: {'vwap_buy_deviation': -0.024313562731493286, 'take_profit_pct': 0.014537432321174182, 'buy_confirm_min_score': 16, 'notify_sell_threshold': 43, 'notify_buy_threshold': 46}. Best is trial 13 with value: 496.5862.
Best trial: 13. Best value: 496.586:  49%|████▉     | 49/100 [1:26:10<1:26:43, 102.03s/it]Best trial: 13. Best value: 496.586:  49%|████▉     | 49/100 [1:26:10<1:26:43, 102.03s/it]Best trial: 13. Best value: 496.586:  50%|█████     | 50/100 [1:26:10<1:25:11, 102.23s/it]                                                                                          [I 2026-07-24 00:02:42,703] Trial 50 finished with value: 116.2966 and parameters: {'vwap_buy_deviation': -0.016362147665368722, 'take_profit_pct': 0.01878996832273545, 'buy_confirm_min_score': 23, 'notify_sell_threshold': 70, 'notify_buy_threshold': 44}. Best is trial 13 with value: 496.5862.
Best trial: 13. Best value: 496.586:  50%|█████     | 50/100 [1:27:55<1:25:11, 102.23s/it]Best trial: 13. Best value: 496.586:  50%|█████     | 50/100 [1:27:55<1:25:11, 102.23s/it]Best trial: 13. Best value: 496.586:  51%|█████     | 51/100 [1:27:55<1:24:07, 103.01s/it]                                                                                          [I 2026-07-24 00:04:27,866] Trial 51 finished with value: 396.0386 and parameters: {'vwap_buy_deviation': -0.028070514686739288, 'take_profit_pct': 0.019472162253485647, 'buy_confirm_min_score': 20, 'notify_sell_threshold': 65, 'notify_buy_threshold': 40}. Best is trial 13 with value: 496.5862.
Best trial: 13. Best value: 496.586:  51%|█████     | 51/100 [1:29:40<1:24:07, 103.01s/it]Best trial: 13. Best value: 496.586:  51%|█████     | 51/100 [1:29:40<1:24:07, 103.01s/it]Best trial: 13. Best value: 496.586:  52%|█████▏    | 52/100 [1:29:40<1:22:55, 103.66s/it]                                                                                          [I 2026-07-24 00:06:05,786] Trial 52 finished with value: 397.6338 and parameters: {'vwap_buy_deviation': -0.02875987608235964, 'take_profit_pct': 0.02032944359864096, 'buy_confirm_min_score': 20, 'notify_sell_threshold': 65, 'notify_buy_threshold': 41}. Best is trial 13 with value: 496.5862.
Best trial: 13. Best value: 496.586:  52%|█████▏    | 52/100 [1:31:18<1:22:55, 103.66s/it]Best trial: 13. Best value: 496.586:  52%|█████▏    | 52/100 [1:31:18<1:22:55, 103.66s/it]Best trial: 13. Best value: 496.586:  53%|█████▎    | 53/100 [1:31:18<1:19:50, 101.93s/it]                                                                                          [I 2026-07-24 00:07:48,793] Trial 53 finished with value: 444.2297 and parameters: {'vwap_buy_deviation': -0.027526226935729727, 'take_profit_pct': 0.01761619025159807, 'buy_confirm_min_score': 21, 'notify_sell_threshold': 64, 'notify_buy_threshold': 41}. Best is trial 13 with value: 496.5862.
Best trial: 13. Best value: 496.586:  53%|█████▎    | 53/100 [1:33:01<1:19:50, 101.93s/it]Best trial: 13. Best value: 496.586:  53%|█████▎    | 53/100 [1:33:01<1:19:50, 101.93s/it]Best trial: 13. Best value: 496.586:  54%|█████▍    | 54/100 [1:33:01<1:18:23, 102.26s/it]                                                                                          [I 2026-07-24 00:09:28,947] Trial 54 finished with value: 413.9954 and parameters: {'vwap_buy_deviation': -0.03067333740960812, 'take_profit_pct': 0.02254012182133254, 'buy_confirm_min_score': 19, 'notify_sell_threshold': 62, 'notify_buy_threshold': 43}. Best is trial 13 with value: 496.5862.
Best trial: 13. Best value: 496.586:  54%|█████▍    | 54/100 [1:34:41<1:18:23, 102.26s/it]Best trial: 13. Best value: 496.586:  54%|█████▍    | 54/100 [1:34:41<1:18:23, 102.26s/it]Best trial: 13. Best value: 496.586:  55%|█████▌    | 55/100 [1:34:41<1:16:13, 101.63s/it]                                                                                          [I 2026-07-24 00:11:10,647] Trial 55 finished with value: 215.1818 and parameters: {'vwap_buy_deviation': -0.028281618031220254, 'take_profit_pct': 0.020847362367760507, 'buy_confirm_min_score': 18, 'notify_sell_threshold': 67, 'notify_buy_threshold': 40}. Best is trial 13 with value: 496.5862.
Best trial: 13. Best value: 496.586:  55%|█████▌    | 55/100 [1:36:23<1:16:13, 101.63s/it]Best trial: 13. Best value: 496.586:  55%|█████▌    | 55/100 [1:36:23<1:16:13, 101.63s/it]Best trial: 13. Best value: 496.586:  56%|█████▌    | 56/100 [1:36:23<1:14:32, 101.65s/it]                                                                                          [I 2026-07-24 00:12:54,684] Trial 56 finished with value: 238.0755 and parameters: {'vwap_buy_deviation': -0.029513764974743253, 'take_profit_pct': 0.018722781301646323, 'buy_confirm_min_score': 30, 'notify_sell_threshold': 60, 'notify_buy_threshold': 42}. Best is trial 13 with value: 496.5862.
Best trial: 13. Best value: 496.586:  56%|█████▌    | 56/100 [1:38:07<1:14:32, 101.65s/it]Best trial: 13. Best value: 496.586:  56%|█████▌    | 56/100 [1:38:07<1:14:32, 101.65s/it]Best trial: 13. Best value: 496.586:  57%|█████▋    | 57/100 [1:38:07<1:13:21, 102.36s/it]                                                                                          [I 2026-07-24 00:14:33,665] Trial 57 finished with value: 458.204 and parameters: {'vwap_buy_deviation': -0.03206551441596009, 'take_profit_pct': 0.023683710391979862, 'buy_confirm_min_score': 22, 'notify_sell_threshold': 62, 'notify_buy_threshold': 44}. Best is trial 13 with value: 496.5862.
Best trial: 13. Best value: 496.586:  57%|█████▋    | 57/100 [1:39:46<1:13:21, 102.36s/it]Best trial: 13. Best value: 496.586:  57%|█████▋    | 57/100 [1:39:46<1:13:21, 102.36s/it]Best trial: 13. Best value: 496.586:  58%|█████▊    | 58/100 [1:39:46<1:10:56, 101.35s/it]                                                                                          [I 2026-07-24 00:16:17,522] Trial 58 finished with value: 298.3661 and parameters: {'vwap_buy_deviation': -0.026139833074866246, 'take_profit_pct': 0.016567396128189568, 'buy_confirm_min_score': 19, 'notify_sell_threshold': 64, 'notify_buy_threshold': 41}. Best is trial 13 with value: 496.5862.
Best trial: 13. Best value: 496.586:  58%|█████▊    | 58/100 [1:41:30<1:10:56, 101.35s/it]Best trial: 13. Best value: 496.586:  58%|█████▊    | 58/100 [1:41:30<1:10:56, 101.35s/it]Best trial: 13. Best value: 496.586:  59%|█████▉    | 59/100 [1:41:30<1:09:46, 102.10s/it]                                                                                          [I 2026-07-24 00:18:01,738] Trial 59 finished with value: 317.22 and parameters: {'vwap_buy_deviation': -0.024844671828145308, 'take_profit_pct': 0.019697034951863816, 'buy_confirm_min_score': 20, 'notify_sell_threshold': 66, 'notify_buy_threshold': 43}. Best is trial 13 with value: 496.5862.
Best trial: 13. Best value: 496.586:  59%|█████▉    | 59/100 [1:43:14<1:09:46, 102.10s/it]Best trial: 13. Best value: 496.586:  59%|█████▉    | 59/100 [1:43:14<1:09:46, 102.10s/it]Best trial: 13. Best value: 496.586:  60%|██████    | 60/100 [1:43:14<1:08:29, 102.74s/it]                                                                                          [I 2026-07-24 00:19:41,641] Trial 60 finished with value: -9999.0 and parameters: {'vwap_buy_deviation': -0.02675541983400589, 'take_profit_pct': 0.010045084347008341, 'buy_confirm_min_score': 21, 'notify_sell_threshold': 63, 'notify_buy_threshold': 58}. Best is trial 13 with value: 496.5862.
Best trial: 13. Best value: 496.586:  60%|██████    | 60/100 [1:44:54<1:08:29, 102.74s/it]Best trial: 13. Best value: 496.586:  60%|██████    | 60/100 [1:44:54<1:08:29, 102.74s/it]Best trial: 13. Best value: 496.586:  61%|██████    | 61/100 [1:44:54<1:06:13, 101.89s/it]                                                                                          [I 2026-07-24 00:21:24,621] Trial 61 finished with value: 497.6653 and parameters: {'vwap_buy_deviation': -0.027632849010364505, 'take_profit_pct': 0.020017139043457883, 'buy_confirm_min_score': 19, 'notify_sell_threshold': 64, 'notify_buy_threshold': 40}. Best is trial 61 with value: 497.6653.
Best trial: 13. Best value: 496.586:  61%|██████    | 61/100 [1:46:37<1:06:13, 101.89s/it]Best trial: 61. Best value: 497.665:  61%|██████    | 61/100 [1:46:37<1:06:13, 101.89s/it]Best trial: 61. Best value: 497.665:  62%|██████▏   | 62/100 [1:46:37<1:04:44, 102.21s/it]                                                                                          [I 2026-07-24 00:23:06,190] Trial 62 finished with value: 185.1588 and parameters: {'vwap_buy_deviation': -0.0281711837915674, 'take_profit_pct': 0.02175713855082191, 'buy_confirm_min_score': 18, 'notify_sell_threshold': 65, 'notify_buy_threshold': 40}. Best is trial 61 with value: 497.6653.
Best trial: 61. Best value: 497.665:  62%|██████▏   | 62/100 [1:48:18<1:04:44, 102.21s/it]Best trial: 61. Best value: 497.665:  62%|██████▏   | 62/100 [1:48:18<1:04:44, 102.21s/it]Best trial: 61. Best value: 497.665:  63%|██████▎   | 63/100 [1:48:18<1:02:54, 102.02s/it]                                                                                          [I 2026-07-24 00:24:48,058] Trial 63 finished with value: 380.1477 and parameters: {'vwap_buy_deviation': -0.029293913366512932, 'take_profit_pct': 0.021103811629180274, 'buy_confirm_min_score': 20, 'notify_sell_threshold': 61, 'notify_buy_threshold': 42}. Best is trial 61 with value: 497.6653.
Best trial: 61. Best value: 497.665:  63%|██████▎   | 63/100 [1:50:00<1:02:54, 102.02s/it]Best trial: 61. Best value: 497.665:  63%|██████▎   | 63/100 [1:50:00<1:02:54, 102.02s/it]Best trial: 61. Best value: 497.665:  64%|██████▍   | 64/100 [1:50:00<1:01:11, 101.97s/it]                                                                                          [I 2026-07-24 00:26:32,484] Trial 64 finished with value: 174.9459 and parameters: {'vwap_buy_deviation': -0.025890686758557803, 'take_profit_pct': 0.020016714323967285, 'buy_confirm_min_score': 19, 'notify_sell_threshold': 68, 'notify_buy_threshold': 40}. Best is trial 61 with value: 497.6653.
Best trial: 61. Best value: 497.665:  64%|██████▍   | 64/100 [1:51:45<1:01:11, 101.97s/it]Best trial: 61. Best value: 497.665:  64%|██████▍   | 64/100 [1:51:45<1:01:11, 101.97s/it]Best trial: 61. Best value: 497.665:  65%|██████▌   | 65/100 [1:51:45<59:54, 102.71s/it]                                                                                          [I 2026-07-24 00:28:11,058] Trial 65 finished with value: 461.6583 and parameters: {'vwap_buy_deviation': -0.026619795685718834, 'take_profit_pct': 0.01830249336901576, 'buy_confirm_min_score': 17, 'notify_sell_threshold': 63, 'notify_buy_threshold': 42}. Best is trial 61 with value: 497.6653.
