[I 2026-07-23 17:05:54,917] Trial 1 finished with value: 1.2238 and parameters: {'vwap_buy_deviation': -0.023026830316059267, 'take_profit_pct': 0.00812037280884873, 'buy_confirm_min_score': 17}. Best is trial 1 with value: 1.2238.
[I 2026-07-23 17:09:47,637] Trial 2 finished with value: -9999.0 and parameters: {'vwap_buy_deviation': -0.03383832775663601, 'take_profit_pct': 0.022323522915498707, 'buy_confirm_min_score': 24}. Best is trial 1 with value: 1.2238.
[I 2026-07-23 17:13:48,511] Trial 3 finished with value: -11.6112 and parameters: {'vwap_buy_deviation': -0.02083854844407909, 'take_profit_pct': 0.005411689885916049, 'buy_confirm_min_score': 30}. Best is trial 1 with value: 1.2238.
[I 2026-07-23 17:17:56,870] Trial 4 finished with value: 23.4009 and parameters: {'vwap_buy_deviation': -0.018351147183991567, 'take_profit_pct': 0.009246782213565523, 'buy_confirm_min_score': 17}. Best is trial 4 with value: 23.4009.
[I 2026-07-23 17:22:35,682] Trial 5 finished with value: -9999.0 and parameters: {'vwap_buy_deviation': -0.031331909802931324, 'take_profit_pct': 0.011084844859190755, 'buy_confirm_min_score': 23}. Best is trial 4 with value: 23.4009.
[I 2026-07-23 17:26:42,071] Trial 6 finished with value: -9999.0 and parameters: {'vwap_buy_deviation': -0.026361099627157686, 'take_profit_pct': 0.010824582803960838, 'buy_confirm_min_score': 24}. Best is trial 4 with value: 23.4009.
[I 2026-07-23 17:30:40,021] Trial 7 finished with value: -9999.0 and parameters: {'vwap_buy_deviation': -0.032210122786959165, 'take_profit_pct': 0.010842892970704364, 'buy_confirm_min_score': 20}. Best is trial 4 with value: 23.4009.
[I 2026-07-23 17:37:15,015] Trial 8 finished with value: -9999.0 and parameters: {'vwap_buy_deviation': -0.025878600315659285, 'take_profit_pct': 0.020703519227860272, 'buy_confirm_min_score': 18}. Best is trial 4 with value: 23.4009.
[I 2026-07-23 17:43:54,470] Trial 9 finished with value: -20.9528 and parameters: {'vwap_buy_deviation': -0.02471531123172777, 'take_profit_pct': 0.01684829137724085, 'buy_confirm_min_score': 15}. Best is trial 4 with value: 23.4009.
[I 2026-07-23 17:50:48,845] Trial 10 finished with value: 60.9137 and parameters: {'vwap_buy_deviation': -0.01561419041244561, 'take_profit_pct': 0.01657554081284835, 'buy_confirm_min_score': 30}. Best is trial 10 with value: 60.9137.
[I 2026-07-23 17:57:45,006] Trial 11 finished with value: 60.9137 and parameters: {'vwap_buy_deviation': -0.01583925584546153, 'take_profit_pct': 0.016312261813628062, 'buy_confirm_min_score': 29}. Best is trial 10 with value: 60.9137.
[I 2026-07-23 18:04:44,854] Trial 12 finished with value: 62.2628 and parameters: {'vwap_buy_deviation': -0.01526792096103076, 'take_profit_pct': 0.01563098091013195, 'buy_confirm_min_score': 30}. Best is trial 12 with value: 62.2628.
[I 2026-07-23 18:11:21,993] Trial 13 finished with value: 108.5595 and parameters: {'vwap_buy_deviation': -0.015046022420003179, 'take_profit_pct': 0.015373359298749254, 'buy_confirm_min_score': 28}. Best is trial 13 with value: 108.5595.
[I 2026-07-23 18:15:02,125] Trial 14 finished with value: 23.4009 and parameters: {'vwap_buy_deviation': -0.018599030557723585, 'take_profit_pct': 0.013687125435128225, 'buy_confirm_min_score': 27}. Best is trial 13 with value: 108.5595.
[I 2026-07-23 18:20:32,385] Trial 15 finished with value: 111.4436 and parameters: {'vwap_buy_deviation': -0.01812969721060659, 'take_profit_pct': 0.01879780846699384, 'buy_confirm_min_score': 27}. Best is trial 15 with value: 111.4436.
[I 2026-07-23 18:27:27,789] Trial 16 finished with value: 21.1196 and parameters: {'vwap_buy_deviation': -0.018965540304038152, 'take_profit_pct': 0.019772005475235836, 'buy_confirm_min_score': 27}. Best is trial 15 with value: 111.4436.
[I 2026-07-23 18:34:06,603] Trial 17 finished with value: 8.4888 and parameters: {'vwap_buy_deviation': -0.021380781233259764, 'take_profit_pct': 0.01934530803600098, 'buy_confirm_min_score': 22}. Best is trial 15 with value: 111.4436.
[I 2026-07-23 18:41:04,596] Trial 18 finished with value: 48.3106 and parameters: {'vwap_buy_deviation': -0.017486370778506052, 'take_profit_pct': 0.01345747669425149, 'buy_confirm_min_score': 26}. Best is trial 15 with value: 111.4436.
[I 2026-07-23 18:47:43,400] Trial 19 finished with value: 8.4888 and parameters: {'vwap_buy_deviation': -0.02076044395573176, 'take_profit_pct': 0.018020316063431897, 'buy_confirm_min_score': 28}. Best is trial 15 with value: 111.4436.
[I 2026-07-23 18:54:08,964] Trial 20 finished with value: 48.3106 and parameters: {'vwap_buy_deviation': -0.017376736245949806, 'take_profit_pct': 0.013338492166550012, 'buy_confirm_min_score': 25}. Best is trial 15 with value: 111.4436.
[I 2026-07-23 18:58:24,723] Trial 21 finished with value: 108.0398 and parameters: {'vwap_buy_deviation': -0.015031011637954105, 'take_profit_pct': 0.01494170787221705, 'buy_confirm_min_score': 28}. Best is trial 15 with value: 111.4436.
[I 2026-07-23 19:02:31,829] Trial 22 finished with value: 61.941 and parameters: {'vwap_buy_deviation': -0.015203960295678049, 'take_profit_pct': 0.014170358407142465, 'buy_confirm_min_score': 28}. Best is trial 15 with value: 111.4436.
[I 2026-07-23 19:06:24,106] Trial 23 finished with value: 93.6824 and parameters: {'vwap_buy_deviation': -0.017015569128221383, 'take_profit_pct': 0.018102355110714324, 'buy_confirm_min_score': 28}. Best is trial 15 with value: 111.4436.
[I 2026-07-23 19:10:37,326] Trial 24 finished with value: 32.9062 and parameters: {'vwap_buy_deviation': -0.0195678155067476, 'take_profit_pct': 0.02224144143542794, 'buy_confirm_min_score': 26}. Best is trial 15 with value: 111.4436.
[I 2026-07-23 19:17:17,068] Trial 25 finished with value: 48.6286 and parameters: {'vwap_buy_deviation': -0.016806122096937676, 'take_profit_pct': 0.015156726039947154, 'buy_confirm_min_score': 29}. Best is trial 15 with value: 111.4436.
[I 2026-07-23 19:22:58,726] Trial 26 finished with value: 7.6141 and parameters: {'vwap_buy_deviation': -0.022557319582281923, 'take_profit_pct': 0.012030433162664235, 'buy_confirm_min_score': 27}. Best is trial 15 with value: 111.4436.
[I 2026-07-23 19:28:08,884] Trial 27 finished with value: 23.606 and parameters: {'vwap_buy_deviation': -0.020114762373349967, 'take_profit_pct': 0.017863144092859922, 'buy_confirm_min_score': 25}. Best is trial 15 with value: 111.4436.
[I 2026-07-23 19:32:27,755] Trial 28 finished with value: 68.8459 and parameters: {'vwap_buy_deviation': -0.016736883593874485, 'take_profit_pct': 0.02155574518915082, 'buy_confirm_min_score': 22}. Best is trial 15 with value: 111.4436.
[I 2026-07-23 19:36:28,565] Trial 29 finished with value: 49.6253 and parameters: {'vwap_buy_deviation': -0.018278543704461955, 'take_profit_pct': 0.01942939982730896, 'buy_confirm_min_score': 29}. Best is trial 15 with value: 111.4436.
[I 2026-07-23 19:40:32,422] Trial 30 finished with value: -9999.0 and parameters: {'vwap_buy_deviation': -0.028805984405665674, 'take_profit_pct': 0.023864702311679892, 'buy_confirm_min_score': 25}. Best is trial 15 with value: 111.4436.
[I 2026-07-23 19:44:30,725] Trial 31 finished with value: 73.4355 and parameters: {'vwap_buy_deviation': -0.01664485103798773, 'take_profit_pct': 0.017592033785445896, 'buy_confirm_min_score': 28}. Best is trial 15 with value: 111.4436.
[I 2026-07-23 19:48:47,750] Trial 32 finished with value: 48.3106 and parameters: {'vwap_buy_deviation': -0.017591103205377615, 'take_profit_pct': 0.014773928986015443, 'buy_confirm_min_score': 27}. Best is trial 15 with value: 111.4436.
[I 2026-07-23 19:53:11,949] Trial 33 finished with value: 84.1639 and parameters: {'vwap_buy_deviation': -0.016221798199256683, 'take_profit_pct': 0.018653078828655977, 'buy_confirm_min_score': 28}. Best is trial 15 with value: 111.4436.
Best trial: 53. Best value: 134.35:  45%|████▌     | 68/150 [5:20:00<4:56:17, 216.80s/it]Best trial: 53. Best value: 134.35:  45%|████▌     | 68/150 [5:20:00<4:56:17, 216.80s/it]Best trial: 53. Best value: 134.35:  46%|████▌     | 69/150 [5:20:00<4:58:38, 221.22s/it]                                                                                         Best trial: 53. Best value: 134.35:  46%|████▌     | 69/150 [5:24:33<4:58:38, 221.22s/it]Best trial: 53. Best value: 134.35:  46%|████▌     | 69/150 [5:24:33<4:58:38, 221.22s/it]Best trial: 53. Best value: 134.35:  47%|████▋     | 70/150 [5:24:33<5:15:57, 236.97s/it]                                                                                         Best trial: 53. Best value: 134.35:  47%|████▋     | 70/150 [5:28:52<5:15:57, 236.97s/it]Best trial: 53. Best value: 134.35:  47%|████▋     | 70/150 [5:28:52<5:15:57, 236.97s/it]Best trial: 53. Best value: 134.35:  47%|████▋     | 71/150 [5:28:52<5:20:30, 243.43s/it]                                                                                         Best trial: 53. Best value: 134.35:  47%|████▋     | 71/150 [5:34:20<5:20:30, 243.43s/it]Best trial: 53. Best value: 134.35:  47%|████▋     | 71/150 [5:34:20<5:20:30, 243.43s/it]Best trial: 53. Best value: 134.35:  48%|████▊     | 72/150 [5:34:20<5:49:36, 268.92s/it]:16, 88.54s/it]Best trial: 56. Best value: 24.0769:  40%|████      | 60/150 [1:58:04<2:09:28, 86.31s/it]                                                                                         [I 2026-07-23 19:09:08,780] Trial 60 finished with value: 31.7772 and parameters: {'vwap_buy_deviation': -0.018138896787265584, 'take_profit_pct': 0.024627553212757686, 'buy_confirm_min_score': 27}. Best is trial 60 with value: 31.7772.
Best trial: 56. Best value: 24.0769:  40%|████      | 60/150 [1:59:25<2:09:28, 86.31s/it]Best trial: 60. Best value: 31.7772:  40%|████      | 60/150 [1:59:25<2:09:28, 86.31s/it]Best trial: 60. Best value: 31.7772:  41%|████      | 61/150 [1:59:25<2:05:20, 84.50s/it]                                                                                         [I 2026-07-23 19:11:17,922] Trial 61 finished with value: 0.0 and parameters: {'vwap_buy_deviation': -0.01837882344776567, 'take_profit_pct': 0.02017804199067191, 'buy_confirm_min_score': 27}. Best is trial 60 with value: 31.7772.
Best trial: 60. Best value: 31.7772:  41%|████      | 61/150 [2:01:34<2:05:20, 84.50s/it]Best trial: 60. Best value: 31.7772:  41%|████      | 61/150 [2:01:34<2:05:20, 84.50s/it]Best trial: 60. Best value: 31.7772:  41%|████▏     | 62/150 [2:01:34<2:23:34, 97.89s/it]                                                                                         [I 2026-07-23 19:13:38,090] Trial 62 finished with value: 31.7772 and parameters: {'vwap_buy_deviation': -0.01795021201100116, 'take_profit_pct': 0.0244185702000821, 'buy_confirm_min_score': 28}. Best is trial 60 with value: 31.7772.
Best trial: 60. Best value: 31.7772:  41%|████▏     | 62/150 [2:03:54<2:23:34, 97.89s/it]Best trial: 60. Best value: 31.7772:  41%|████▏     | 62/150 [2:03:54<2:23:34, 97.89s/it]Best trial: 60. Best value: 31.7772:  42%|████▏     | 63/150 [2:03:54<2:40:19, 110.57s/it]                                                                                          [I 2026-07-23 19:16:04,318] Trial 63 finished with value: 53.2093 and parameters: {'vwap_buy_deviation': -0.018128513559794314, 'take_profit_pct': 0.024953747554786916, 'buy_confirm_min_score': 28}. Best is trial 63 with value: 53.2093.
Best trial: 60. Best value: 31.7772:  42%|████▏     | 63/150 [2:06:20<2:40:19, 110.57s/it]Best trial: 63. Best value: 53.2093:  42%|████▏     | 63/150 [2:06:20<2:40:19, 110.57s/it]Best trial: 63. Best value: 53.2093:  43%|████▎     | 64/150 [2:06:20<2:53:49, 121.27s/it]                                                                                          [I 2026-07-23 19:18:16,560] Trial 64 finished with value: 53.2093 and parameters: {'vwap_buy_deviation': -0.01806662748345311, 'take_profit_pct': 0.024797375548966483, 'buy_confirm_min_score': 25}. Best is trial 63 with value: 53.2093.
Best trial: 63. Best value: 53.2093:  43%|████▎     | 64/150 [2:08:32<2:53:49, 121.27s/it]Best trial: 63. Best value: 53.2093:  43%|████▎     | 64/150 [2:08:32<2:53:49, 121.27s/it]Best trial: 63. Best value: 53.2093:  43%|████▎     | 65/150 [2:08:32<2:56:27, 124.56s/it]                                                                                          [I 2026-07-23 19:20:06,141] Trial 65 finished with value: -10.4294 and parameters: {'vwap_buy_deviation': -0.01897847154444969, 'take_profit_pct': 0.024780593760853946, 'buy_confirm_min_score': 25}. Best is trial 63 with value: 53.2093.
Best trial: 63. Best value: 53.2093:  43%|████▎     | 65/150 [2:10:22<2:56:27, 124.56s/it]Best trial: 63. Best value: 53.2093:  43%|████▎     | 65/150 [2:10:22<2:56:27, 124.56s/it]Best trial: 63. Best value: 53.2093:  44%|████▍     | 66/150 [2:10:22<2:48:05, 120.07s/it]                                                                                          [I 2026-07-23 19:22:52,358] Trial 66 finished with value: -10.4294 and parameters: {'vwap_buy_deviation': -0.020075124838586207, 'take_profit_pct': 0.024385150561462413, 'buy_confirm_min_score': 27}. Best is trial 63 with value: 53.2093.
Best trial: 63. Best value: 53.2093:  44%|████▍     | 66/150 [2:13:08<2:48:05, 120.07s/it]Best trial: 63. Best value: 53.2093:  44%|████▍     | 66/150 [2:13:08<2:48:05, 120.07s/it]Best trial: 63. Best value: 53.2093:  45%|████▍     | 67/150 [2:13:08<3:05:14, 133.91s/it]                                                                                          [I 2026-07-23 19:25:07,733] Trial 67 finished with value: 23.3691 and parameters: {'vwap_buy_deviation': -0.0166803991919603, 'take_profit_pct': 0.023203895861339936, 'buy_confirm_min_score': 26}. Best is trial 63 with value: 53.2093.
Best trial: 63. Best value: 53.2093:  45%|████▍     | 67/150 [2:15:24<3:05:14, 133.91s/it]Best trial: 63. Best value: 53.2093:  45%|████▍     | 67/150 [2:15:24<3:05:14, 133.91s/it]Best trial: 63. Best value: 53.2093:  45%|████▌     | 68/150 [2:15:24<3:03:36, 134.35s/it]                                                                                          [I 2026-07-23 19:26:51,453] Trial 68 finished with value: -10.4294 and parameters: {'vwap_buy_deviation': -0.019662568301404584, 'take_profit_pct': 0.023945721623374588, 'buy_confirm_min_score': 25}. Best is trial 63 with value: 53.2093.
Best trial: 63. Best value: 53.2093:  45%|████▌     | 68/150 [2:17:07<3:03:36, 134.35s/it]Best trial: 63. Best value: 53.2093:  45%|████▌     | 68/150 [2:17:07<3:03:36, 134.35s/it]Best trial: 63. Best value: 53.2093:  46%|████▌     | 69/150 [2:17:07<2:48:58, 125.16s/it]                                                                                          [I 2026-07-23 19:28:26,822] Trial 69 finished with value: 24.0769 and parameters: {'vwap_buy_deviation': -0.018080506061397893, 'take_profit_pct': 0.02271874526876697, 'buy_confirm_min_score': 28}. Best is trial 63 with value: 53.2093.
Best trial: 63. Best value: 53.2093:  46%|████▌     | 69/150 [2:18:43<2:48:58, 125.16s/it]Best trial: 63. Best value: 53.2093:  46%|████▌     | 69/150 [2:18:43<2:48:58, 125.16s/it]Best trial: 63. Best value: 53.2093:  47%|████▋     | 70/150 [2:18:43<2:34:57, 116.22s/it]                                                                                          [I 2026-07-23 19:30:05,412] Trial 70 finished with value: 53.2093 and parameters: {'vwap_buy_deviation': -0.01555066762934669, 'take_profit_pct': 0.024942756230822306, 'buy_confirm_min_score': 28}. Best is trial 63 with value: 53.2093.
Best trial: 63. Best value: 53.2093:  47%|████▋     | 70/150 [2:20:21<2:34:57, 116.22s/it]Best trial: 63. Best value: 53.2093:  47%|████▋     | 70/150 [2:20:21<2:34:57, 116.22s/it]Best trial: 63. Best value: 53.2093:  47%|████▋     | 71/150 [2:20:21<2:26:03, 110.93s/it]                                                                                          [I 2026-07-23 19:31:37,639] Trial 71 finished with value: 24.0769 and parameters: {'vwap_buy_deviation': -0.015110538247741605, 'take_profit_pct': 0.022637814509679572, 'buy_confirm_min_score': 28}. Best is trial 63 with value: 53.2093.
Best trial: 63. Best value: 53.2093:  47%|████▋     | 71/150 [2:21:54<2:26:03, 110.93s/it]Best trial: 63. Best value: 53.2093:  47%|████▋     | 71/150 [2:21:54<2:26:03, 110.93s/it]Best trial: 63. Best value: 53.2093:  48%|████▊     | 72/150 [2:21:54<2:16:55, 105.32s/it]                                                                                          [I 2026-07-23 19:33:12,662] Trial 72 finished with value: 31.7772 and parameters: {'vwap_buy_deviation': -0.018007983104368956, 'take_profit_pct': 0.02387288128969426, 'buy_confirm_min_score': 26}. Best is trial 63 with value: 53.2093.
Best trial: 63. Best value: 53.2093:  48%|████▊     | 72/150 [2:23:29<2:16:55, 105.32s/it]Best trial: 63. Best value: 53.2093:  48%|████▊     | 72/150 [2:23:29<2:16:55, 105.32s/it]Best trial: 63. Best value: 53.2093:  49%|████▊     | 73/150 [2:23:29<2:11:11, 102.23s/it]                                                                                          [I 2026-07-23 19:34:46,520] Trial 73 finished with value: 53.2093 and parameters: {'vwap_buy_deviation': -0.015752848943338317, 'take_profit_pct': 0.024872620973665653, 'buy_confirm_min_score': 26}. Best is trial 63 with value: 53.2093.
Best trial: 63. Best value: 53.2093:  49%|████▊     | 73/150 [2:25:02<2:11:11, 102.23s/it]Best trial: 63. Best value: 53.2093:  49%|████▊     | 73/150 [2:25:02<2:11:11, 102.23s/it]Best trial: 63. Best value: 53.2093:  49%|████▉     | 74/150 [2:25:02<2:06:18, 99.72s/it]                                                                                          [I 2026-07-23 19:36:44,864] Trial 74 finished with value: 53.2093 and parameters: {'vwap_buy_deviation': -0.016068024080247892, 'take_profit_pct': 0.024836957132228128, 'buy_confirm_min_score': 26}. Best is trial 63 with value: 53.2093.
Best trial: 63. Best value: 53.2093:  49%|████▉     | 74/150 [2:27:01<2:06:18, 99.72s/it]Best trial: 63. Best value: 53.2093:  49%|████▉     | 74/150 [2:27:01<2:06:18, 99.72s/it]Best trial: 63. Best value: 53.2093:  50%|█████     | 75/150 [2:27:01<2:11:38, 105.31s/it]                                                                                          [I 2026-07-23 19:38:15,179] Trial 75 finished with value: 53.2093 and parameters: {'vwap_buy_deviation': -0.01594718622914401, 'take_profit_pct': 0.02487865359218579, 'buy_confirm_min_score': 26}. Best is trial 63 with value: 53.2093.
Best trial: 63. Best value: 53.2093:  50%|█████     | 75/150 [2:28:31<2:11:38, 105.31s/it]Best trial: 63. Best value: 53.2093:  50%|█████     | 75/150 [2:28:31<2:11:38, 105.31s/it]Best trial: 63. Best value: 53.2093:  51%|█████     | 76/150 [2:28:31<2:04:19, 100.81s/it]                                                                                          [I 2026-07-23 19:40:16,076] Trial 76 finished with value: 53.2093 and parameters: {'vwap_buy_deviation': -0.01584338066381763, 'take_profit_pct': 0.024852207626237643, 'buy_confirm_min_score': 24}. Best is trial 63 with value: 53.2093.
Best trial: 63. Best value: 53.2093:  51%|█████     | 76/150 [2:30:32<2:04:19, 100.81s/it]Best trial: 63. Best value: 53.2093:  51%|█████     | 76/150 [2:30:32<2:04:19, 100.81s/it]Best trial: 63. Best value: 53.2093:  51%|█████▏    | 77/150 [2:30:32<2:09:59, 106.84s/it]                                                                                          [I 2026-07-23 19:41:42,717] Trial 77 finished with value: 53.2093 and parameters: {'vwap_buy_deviation': -0.015627278799010356, 'take_profit_pct': 0.02491364986255756, 'buy_confirm_min_score': 24}. Best is trial 63 with value: 53.2093.
Best trial: 63. Best value: 53.2093:  51%|█████▏    | 77/150 [2:31:59<2:09:59, 106.84s/it]Best trial: 63. Best value: 53.2093:  51%|█████▏    | 77/150 [2:31:59<2:09:59, 106.84s/it]Best trial: 63. Best value: 53.2093:  52%|█████▏    | 78/150 [2:31:59<2:00:55, 100.78s/it]                                                                                          [I 2026-07-23 19:43:08,852] Trial 78 finished with value: 53.2093 and parameters: {'vwap_buy_deviation': -0.01581677064806128, 'take_profit_pct': 0.02482668133784432, 'buy_confirm_min_score': 24}. Best is trial 63 with value: 53.2093.
Best trial: 63. Best value: 53.2093:  52%|█████▏    | 78/150 [2:33:25<2:00:55, 100.78s/it]Best trial: 63. Best value: 53.2093:  52%|█████▏    | 78/150 [2:33:25<2:00:55, 100.78s/it]Best trial: 63. Best value: 53.2093:  53%|█████▎    | 79/150 [2:33:25<1:54:03, 96.38s/it]                                                                                          [I 2026-07-23 19:44:45,576] Trial 79 finished with value: 21.1458 and parameters: {'vwap_buy_deviation': -0.015601784547927542, 'take_profit_pct': 0.02359892052620858, 'buy_confirm_min_score': 23}. Best is trial 63 with value: 53.2093.
Best trial: 63. Best value: 53.2093:  53%|█████▎    | 79/150 [2:35:01<1:54:03, 96.38s/it]Best trial: 63. Best value: 53.2093:  53%|█████▎    | 79/150 [2:35:01<1:54:03, 96.38s/it]Best trial: 63. Best value: 53.2093:  53%|█████▎    | 80/150 [2:35:01<1:52:34, 96.49s/it]                                                                                         [I 2026-07-23 19:46:17,976] Trial 80 finished with value: 23.3691 and parameters: {'vwap_buy_deviation': -0.01622927416232004, 'take_profit_pct': 0.023352634884901007, 'buy_confirm_min_score': 25}. Best is trial 63 with value: 53.2093.
