Best trial: 0. Best value: -9999:   1%|          | 1/150 [02:54<3:10:22, 76.66s/it]Best trial: 1. Best value: -0:   1%|          | 1/150 [0                                                                                     Best trial: 1. Best v                                                                                [I 2026-07-23 17:14:02,135] Trial 2 finished with value: -9999.0 and parameters: {'vwap_buy_deviation': -0.03383832775663601, 'take_profit_pct': 0.0223235229                                                                                     Best trial: 1. Best value: 1.2238:   3%|▎         | 4/150 [20:26<9:48:33, 241.87s/it]Best trial: 4. Best value: 23.4009:   3%|▎         | 4/150 [20:26<9:48:33, 241.87s/it]Best trial: 4. Best value: 23.4009:   3%|▎         | 5/150 [20:26<9:50:10, 244.21s/it]                                                                                      Best trial: 4. Best value: 23.4009:   3%|▎         | 5/150 [25:04<9:50:10, 244.21s/it]Best trial: 4. Best value: 23.4009:   3%|▎         | 5/150 [25:04<9:50:10, 244.21s/it]Best trial: 4. Best value: 23.4009:   4%|▍         | 6/150 [25:04<10:14:20, 255.98s/it]                                                                                       Best trial: 4. Best value: 23.4009:   4%|▍         | 6/150 [29:11<10:14:20, 255.98s/it]Best trial: 4. Best value: 23.4009:   4%|▍         | 6/150 [29:11<10:14:20, 255.98s/it]Best trial: 4. Best value: 23.4009:   5%|▍         | 7/150 [29:11<10:02:36, 252.84s/it]                                                                                       Best trial: 4. Best value: 23.4009:   5%|▍         | 7/150 [33:09<10:02:36, 252.84s/it]Best trial: 4. Best value: 23.4009:   5%|▍         | 7/150 [33:09<10:02:36, 252.84s/it]Best trial: 4. Best value: 23.4009:   5%|▌         | 8/150 [33:09<9:47:10, 248.10s/it]                                                                                       Best trial: 4. Best value: 23.4009:   5%|▌         | 8/150 [39:44<9:47:10, 248.10s/it]Best trial: 4. Best value: 23.4009:   5%|▌         | 8/150 [39:44<9:47:10, 248.10s/it]Best trial: 4. Best value: 23.4009:   6%|▌         | 9/150 [39:44<11:30:57, 294.02s/it]                                                                                       Best trial: 4. Best value: 23.4009:   6%|▌         | 9/150 [46:23<11:30:57, 294.02s/it]Best trial: 4. Best value: 23.4009:   6%|▌         | 9/150 [46:23<11:30:57, 294.02s/it]Best trial: 4. Best value: 23.4009:   7%|▋         | 10/150 [46:23<12:41:59, 326.57s/it]                                                                                        Best trial: 4. Best value: 23.4009:   7%|▋         | 10/150 [53:18<12:41:59, 326.57s/it]Best trial: 10. Best value: 60.9137:   7%|▋         | 10/150 [53:18<12:41:59, 326.57s/it]Best trial: 10. Best value: 60.9137:   7%|▋         | 11/150 [53:18<13:38:48, 353.44s/it]                                                                                         Best trial: 10. Best value: 60.9137:   7%|▋         | 11/150 [1:00:14<13:38:48, 353.44s/it]Best trial: 10. Best value: 60.9137:   7%|▋         | 11/150 [1:00:14<13:38:48, 353.44s/it]Best trial: 10. Best value: 60.9137:   8%|▊         | 12/150 [1:00:14<14:16:48, 372.52s/it]                                                                                           Best trial: 10. Best value: 60.9137:   8%|▊         | 12/150 [1:07:14<14:16:48, 372.52s/it]Best trial: 12. Best value: 62.2628:   8%|▊         | 12/150 [1:07:14<14:16:48, 372.52s/it]Best trial: 12. Best value: 62.2628:   9%|▊         | 13/150 [1:07:14<14:43:19, 386.86s/it]                                                                                           Best trial: 12. Best value: 62.2628:   9%|▊         | 13/150 [1:13:51<14:43:19, 386.86s/it]Best trial: 13. Best value: 108.559:   9%|▊         | 13/150 [1:13:51<14:43:19, 386.86s/it]Best trial: 13. Best value: 108.559:   9%|▉         | 14/150 [1:13:51<14:43:55, 389.96s/it]                                                                                           Best trial: 13. Best value: 108.559:   9%|▉         | 14/150 [1:17:31<14:43:55, 389.96s/it]Best trial: 13. Best value: 108.559:   9%|▉         | 14/150 [1:17:31<14:43:55, 389.96s/it]Best trial: 13. Best value: 108.559:  10%|█         | 15/150 [1:17:31<12:42:14, 338.77s/it]                                                                                           Best trial: 13. Best value: 108.559:  10%|█         | 15/150 [1:23:01<12:42:14, 338.77s/it]Best trial: 15. Best value: 111.444:  10%|█         | 15/150 [1:23:01<12:42:14, 338.77s/it]Best trial: 15. Best value: 111.444:  11%|█         | 16/150 [1:23:01<12:30:52, 336.21s/it]                                                                                           Best trial: 15. Best value: 111.444:  11%|█         | 16/150 [1:29:57<12:30:52, 336.21s/it]Best trial: 15. Best value: 111.444:  11%|█         | 16/150 [1:29:57<12:30:52, 336.21s/it]Best trial: 15. Best value: 111.444:  11%|█▏        | 17/150 [1:29:57<13:18:03, 360.02s/it]                                                                                           Best trial: 15. Best value: 111.444:  11%|█▏        | 17/150 [1:36:35<13:18:03, 360.02s/it]Best trial: 15. Best value: 111.444:  11%|█▏        | 17/150 [1:36:35<13:18:03, 360.02s/it]Best trial: 15. Best value: 111.444:  12%|█▏        | 18/150 [1:36:35<13:37:41, 371.68s/it]                                                                                           Best trial: 15. Best value: 111.444:  12%|█▏        | 18/150 [1:43:33<13:37:41, 371.68s/it]Best trial: 15. Best value: 111.444:  12%|█▏        | 18/150 [1:43:33<13:37:41, 371.68s/it]Best trial: 15. Best value: 111.444:  13%|█▎        | 19/150 [1:43:33<14:01:52, 385.59s/it]                                                                                           Best trial: 15. Best value: 111.444:  13%|█▎        | 19/150 [1:50:12<14:01:52, 385.59s/it]Best trial: 15. Best value: 111.444:  13%|█▎        | 19/150 [1:50:12<14:01:52, 385.59s/it]Best trial: 15. Best value: 111.444:  13%|█▎        | 20/150 [1:50:12<14:04:02, 389.56s/it]                                                                                           Best trial: 15. Best value: 111.444:  13%|█▎        | 20/150 [1:56:38<14:04:02, 389.56s/it]Best trial: 15. Best value: 111.444:  13%|█▎        | 20/150 [1:56:38<14:04:02, 389.56s/it]Best trial: 15. Best value: 111.444:  14%|█▍        | 21/150 [1:56:38<13:54:58, 388.36s/it]                                                                                           Best trial: 15. Best value: 111.444:  14%|█▍        | 21/150 [2:00:54<13:54:58, 388.36s/it]Best trial: 15. Best value: 111.444:  14%|█▍        | 21/150 [2:00:54<13:54:58, 388.36s/it]Best trial: 15. Best value: 111.444:  15%|█▍        | 22/150 [2:00:54<12:23:36, 348.56s/it]                                                                                           Best trial: 15. Best value: 111.444:  15%|█▍        | 22/150 [2:05:01<12:23:36, 348.56s/it]Best trial: 15. Best value: 111.444:  15%|█▍        | 22/150 [2:05:01<12:23:36, 348.56s/it]Best trial: 15. Best value: 111.444:  15%|█▌        | 23/150 [2:05:01<11:13:20, 318.12s/it]                                                                                           Best trial: 15. Best value: 111.444:  15%|█▌        | 23/150 [2:08:53<11:13:20, 318.12s/it]Best trial: 15. Best value: 111.444:  15%|█▌        | 23/150 [2:08:53<11:13:20, 318.12s/it]Best trial: 15. Best value: 111.444:  16%|█▌        | 24/150 [2:08:53<10:13:57, 292.36s/it]                                                                                           Best trial: 15. Best value: 111.444:  16%|█▌        | 24/150 [2:13:06<10:13:57, 292.36s/it]Best trial: 15. Best value: 111.444:  16%|█▌        | 24/150 [2:13:06<10:13:57, 292.36s/it]Best trial: 15. Best value: 111.444:  17%|█▋        | 25/150 [2:13:06<9:44:37, 280.62s/it]                                                                                           Best trial: 15. Best value: 111.444:  17%|█▋        | 25/150 [2:19:46<9:44:37, 280.62s/it]Best trial: 15. Best value: 111.444:  17%|█▋        | 25/150 [2:19:46<9:44:37, 280.62s/it]Best trial: 15. Best value: 111.444:  17%|█▋        | 26/150 [2:19:46<10:53:48, 316.36s/it]                                                                                           Best trial: 15. Best value: 111.444:  17%|█▋        | 26/150 [2:25:28<10:53:48, 316.36s/it]Best trial: 15. Best value: 111.444:  17%|█▋        | 26/150 [2:25:28<10:53:48, 316.36s/it]Best trial: 15. Best value: 111.444:  18%|█▊        | 27/150 [2:25:28<11:04:05, 323.95s/it]                                                                                           Best trial: 15. Best value: 111.444:  18%|█▊        | 27/150 [2:30:38<11:04:05, 323.95s/it]Best trial: 15. Best value: 111.444:  18%|█▊        | 27/150 [2:30:38<11:04:05, 323.95s/it]Best trial: 15. Best value: 111.444:  19%|█▊        | 28/150 [2:30:38<10:50:16, 319.81s/it]                                                                                           Best trial: 15. Best value: 111.444:  19%|█▊        | 28/150 [2:34:57<10:50:16, 319.81s/it]Best trial: 15. Best value: 111.444:  19%|█▊        | 28/150 [2:34:57<10:50:16, 319.81s/it]Best trial: 15. Best value: 111.444:  19%|█▉        | 29/150 [2:34:57<10:08:04, 301.53s/it]                                                                                           Best trial: 15. Best value: 111.444:  19%|█▉        | 29/150 [2:38:57<10:08:04, 301.53s/it]Best trial: 15. Best value: 111.444:  19%|█▉        | 29/150 [2:38:57<10:08:04, 301.53s/it]Best trial: 15. Best value: 111.444:  20%|██        | 30/150 [2:38:57<9:26:37, 283.31s/it]                                                                                           Best trial: 15. Best value: 111.444:  20%|██        | 30/150 [2:43:01<9:26:37, 283.31s/it]Best trial: 15. Best value: 111.444:  20%|██        | 30/150 [2:43:01<9:26:37, 283.31s/it]Best trial: 15. Best value: 111.444:  21%|██        | 31/150 [2:43:01<8:58:25, 271.48s/it]                                                                                          Best trial: 15. Best value: 111.444:  21%|██        | 31/150 [2:47:00<8:58:25, 271.48s/it]Best trial: 15. Best value: 111.444:  21%|██        | 31/150 [2:47:00<8:58:25, 271.48s/it]Best trial: 15. Best value: 111.444:  21%|██▏       | 32/150 [2:47:00<8:34:19, 261.52s/it]                                                                                          Best trial: 15. Best value: 111.444:  21%|██▏       | 32/150 [2:51:17<8:34:19, 261.52s/it]Best trial: 15. Best value: 111.444:  21%|██▏       | 32/150 [2:51:17<8:34:19, 261.52s/it]Best trial: 15. Best value: 111.444:  22%|██▏       | 33/150 [2:51:17<8:27:20, 260.17s/it]                                                                                          Best trial: 15. Best value: 111.444:  22%|██▏       | 33/150 [2:55:41<8:27:20, 260.17s/it]Best trial: 15. Best value: 111.444:  22%|██▏       | 33/150 [2:55:41<8:27:20, 260.17s/it]Best trial: 15. Best value: 111.444:  23%|██▎       | 34/150 [2:55:41<8:25:20, 261.38s/it]                                                                                          Best trial: 15. Best value: 111.444:  23%|██▎       | 34/150 [3:00:18<8:25:20, 261.38s/it]Best trial: 15. Best value: 111.444:  23%|██▎       | 34/150 [3:00:18<8:25:20, 261.38s/it]Best trial: 15. Best value: 111.444:  23%|██▎       | 35/150 [3:00:18<8:29:52, 266.02s/it]                                                                                          Best trial: 15. Best value: 111.444:  23%|██▎       | 35/150 [3:04:23<8:29:52, 266.02s/it]Best trial: 15. Best value: 111.444:  23%|██▎       | 35/150 [3:04:23<8:29:52, 266.02s/it]Best trial: 15. Best value: 111.444:  24%|██▍       | 36/150 [3:04:23<8:13:28, 259.73s/it]                                                                                          Best trial: 15. Best value: 111.444:  24%|██▍       | 36/150 [3:08:29<8:13:28, 259.73s/it]Best trial: 15. Best value: 111.444:  24%|██▍       | 36/150 [3:08:29<8:13:28, 259.73s/it]Best trial: 15. Best value: 111.444:  25%|██▍       | 37/150 [3:08:29<8:01:33, 255.69s/it]                                                                                          Best trial: 15. Best value: 111.444:  25%|██▍       | 37/150 [3:12:38<8:01:33, 255.69s/it]Best trial: 15. Best value: 111.444:  25%|██▍       | 37/150 [3:12:38<8:01:33, 255.69s/it]Best trial: 15. Best value: 111.444:  25%|██▌       | 38/150 [3:12:38<7:53:19, 253.56s/it]                                                                                          Best trial: 15. Best value: 111.444:  25%|██▌       | 38/150 [3:16:58<7:53:19, 253.56s/it]Best trial: 15. Best value: 111.444:  25%|██▌       | 38/150 [3:16:58<7:53:19, 253.56s/it]Best trial: 15. Best value: 111.444:  26%|██▌       | 39/150 [3:16:58<7:53:12, 255.79s/it]                                                                                          Best trial: 15. Best value: 111.444:  26%|██▌       | 39/150 [3:21:11<7:53:12, 255.79s/it]Best trial: 15. Best value: 111.444:  26%|██▌       | 39/150 [3:21:11<7:53:12, 255.79s/it]Best trial: 15. Best value: 111.444:  27%|██▋       | 40/150 [3:21:11<7:47:15, 254.86s/it]                                                                                          Best trial: 15. Best value: 111.444:  27%|██▋       | 40/150 [3:25:22<7:47:15, 254.86s/it]Best trial: 40. Best value: 128.564:  27%|██▋       | 40/150 [3:25:22<7:47:15, 254.86s/it]Best trial: 40. Best value: 128.564:  27%|██▋       | 41/150 [3:25:22<7:41:02, 253.78s/it]                                                                                          Best trial: 40. Best value: 128.564:  27%|██▋       | 41/150 [3:29:46<7:41:02, 253.78s/it]Best trial: 40. Best value: 128.564:  27%|██▋       | 41/150 [3:29:46<7:41:02, 253.78s/it]Best trial: 40. Best value: 128.564:  28%|██▊       | 42/150 [3:29:46<7:41:54, 256.62s/it]                                                                                          Best trial: 40. Best value: 128.564:  28%|██▊       | 42/150 [3:34:31<7:41:54, 256.62s/it]Best trial: 40. Best value: 128.564:  28%|██▊       | 42/150 [3:34:31<7:41:54, 256.62s/it]Best trial: 40. Best value: 128.564:  29%|██▊       | 43/150 [3:34:31<7:53:03, 265.27s/it]                                                                                          Best trial: 40. Best value: 128.564:  29%|██▊       | 43/150 [3:38:35<7:53:03, 265.27s/it]Best trial: 40. Best value: 128.564:  29%|██▊       | 43/150 [3:38:35<7:53:03, 265.27s/it]Best trial: 40. Best value: 128.564:  29%|██▉       | 44/150 [3:38:35<7:37:27, 258.94s/it]                                                                                          Best trial: 40. Best value: 128.564:  29%|██▉       | 44/150 [3:42:32<7:37:27, 258.94s/it]Best trial: 40. Best value: 128.564:  29%|██▉       | 44/150 [3:42:32<7:37:27, 258.94s/it]Best trial: 40. Best value: 128.564:  30%|███       | 45/150 [3:42:32<7:21:28, 252.28s/it]                                                                                          Best trial: 40. Best value: 128.564:  30%|███       | 45/150 [3:46:53<7:21:28, 252.28s/it]Best trial: 40. Best value: 128.564:  30%|███       | 45/150 [3:46:53<7:21:28, 252.28s/it]Best trial: 40. Best value: 128.564:  31%|███       | 46/150 [3:46:53<7:21:37, 254.79s/it]                                                                                          Best trial: 40. Best value: 128.564:  31%|███       | 46/150 [3:51:12<7:21:37, 254.79s/it]Best trial: 40. Best value: 128.564:  31%|███       | 46/150 [3:51:12<7:21:37, 254.79s/it]Best trial: 40. Best value: 128.564:  31%|███▏      | 47/150 [3:51:12<7:19:40, 256.12s/it]                                                                                          Best trial: 40. Best value: 128.564:  31%|███▏      | 47/150 [3:55:33<7:19:40, 256.12s/it]Best trial: 40. Best value: 128.564:  31%|███▏      | 47/150 [3:55:33<7:19:40, 256.12s/it]Best trial: 40. Best value: 128.564:  32%|███▏      | 48/150 [3:55:33<7:17:54, 257.60s/it]                                                                                          Best trial: 40. Best value: 128.564:  32%|███▏      | 48/150 [3:59:51<7:17:54, 257.60s/it]Best trial: 40. Best value: 128.564:  32%|███▏      | 48/150 [3:59:51<7:17:54, 257.60s/it]Best trial: 40. Best value: 128.564:  33%|███▎      | 49/150 [3:59:51<7:13:53, 257.75s/it]                                                                                          Best trial: 40. Best value: 128.564:  33%|███▎      | 49/150 [4:04:04<7:13:53, 257.75s/it]Best trial: 40. Best value: 128.564:  33%|███▎      | 49/150 [4:04:04<7:13:53, 257.75s/it]Best trial: 40. Best value: 128.564:  33%|███▎      | 50/150 [4:04:04<7:07:03, 256.24s/it]                                                                                          Best trial: 40. Best value: 128.564:  33%|███▎      | 50/150 [4:08:20<7:07:03, 256.24s/it]Best trial: 40. Best value: 128.564:  33%|███▎      | 50/150 [4:08:20<7:07:03, 256.24s/it]Best trial: 40. Best value: 128.564:  34%|███▍      | 51/150 [4:08:20<7:02:52, 256.29s/it]                                                                                          Best trial: 40. Best value: 128.564:  34%|███▍      | 51/150 [4:12:42<7:02:52, 256.29s/it]Best trial: 40. Best value: 128.564:  34%|███▍      | 51/150 [4:12:42<7:02:52, 256.29s/it]Best trial: 40. Best value: 128.564:  35%|███▍      | 52/150 [4:12:42<7:01:10, 257.86s/it]                                                                                          Best trial: 40. Best value: 128.564:  35%|███▍      | 52/150 [4:16:52<7:01:10, 257.86s/it]Best trial: 40. Best value: 128.564:  35%|███▍      | 52/150 [4:16:52<7:01:10, 257.86s/it]Best trial: 40. Best value: 128.564:  35%|███▌      | 53/150 [4:16:52<6:53:01, 255.48s/it]                                                                                          Best trial: 40. Best value: 128.564:  35%|███▌      | 53/150 [4:21:04<6:53:01, 255.48s/it]Best trial: 53. Best value: 134.35:  35%|███▌      | 53/150 [4:21:04<6:53:01, 255.48s/it] Best trial: 53. Best value: 134.35:  36%|███▌      | 54/150 [4:21:04<6:47:08, 254.46s/it]                                                                                         Best trial: 53. Best value: 134.35:  36%|███▌      | 54/150 [4:25:18<6:47:08, 254.46s/it]Best trial: 53. Best value: 134.35:  36%|███▌      | 54/150 [4:25:18<6:47:08, 254.46s/it]Best trial: 53. Best value: 134.35:  37%|███▋      | 55/150 [4:25:18<6:42:59, 254.52s/it]                                                                                         Best trial: 53. Best value: 134.35:  37%|███▋      | 55/150 [4:29:58<6:42:59, 254.52s/it]Best trial: 53. Best value: 134.35:  37%|███▋      | 55/150 [4:29:58<6:42:59, 254.52s/it]Best trial: 53. Best value: 134.35:  37%|███▋      | 56/150 [4:29:58<6:50:29, 262.01s/it]                                                                                         Best trial: 53. Best value: 134.35:  37%|███▋      | 56/150 [4:34:27<6:50:29, 262.01s/it]Best trial: 53. Best value: 134.35:  37%|███▋      | 56/150 [4:34:27<6:50:29, 262.01s/it]Best trial: 53. Best value: 134.35:  38%|███▊      | 57/150 [4:34:27<6:49:38, 264.28s/it]                                                                                         Best trial: 53. Best value: 134.35:  38%|███▊      | 57/150 [4:39:28<6:49:38, 264.28s/it]Best trial: 53. Best value: 134.35:  38%|███▊      | 57/150 [4:39:28<6:49:38, 264.28s/it]Best trial: 53. Best value: 134.35:  39%|███▊      | 58/150 [4:39:28<7:01:45, 275.06s/it]                                                                                         Best trial: 53. Best value: 134.35:  39%|███▊      | 58/150 [4:44:19<7:01:45, 275.06s/it]Best trial: 53. Best value: 134.35:  39%|███▊      | 58/150 [4:44:19<7:01:45, 275.06s/it]Best trial: 53. Best value: 134.35:  39%|███▉      | 59/150 [4:44:19<7:04:24, 279.83s/it]                                                                                         Best trial: 53. Best value: 134.35:  39%|███▉      | 59/150 [4:48:32<7:04:24, 279.83s/it]Best trial: 53. Best value: 134.35:  39%|███▉      | 59/150 [4:48:32<7:04:24, 279.83s/it]Best trial: 53. Best value: 134.35:  40%|████      | 60/150 [4:48:32<6:47:39, 271.78s/it]                                                                                         Best trial: 53. Best value: 134.35:  40%|████      | 60/150 [4:52:07<6:47:39, 271.78s/it]Best trial: 53. Best value: 134.35:  40%|████      | 60/150 [4:52:07<6:47:39, 271.78s/it]Best trial: 53. Best value: 134.35:  41%|████      | 61/150 [4:52:07<6:18:12, 254.97s/it]                                                                                         Best trial: 53. Best value: 134.35:  41%|████      | 61/150 [4:55:04<6:18:12, 254.97s/it]Best trial: 53. Best value: 134.35:  41%|████      | 61/150 [4:55:04<6:18:12, 254.97s/it]Best trial: 53. Best value: 134.35:  41%|████▏     | 62/150 [4:55:04<5:39:41, 231.61s/it]                                                                                         Best trial: 53. Best value: 134.35:  41%|████▏     | 62/150 [4:58:32<5:39:41, 231.61s/it]Best trial: 53. Best value: 134.35:  41%|████▏     | 62/150 [4:58:32<5:39:41, 231.61s/it]Best trial: 53. Best value: 134.35:  42%|████▏     | 63/150 [4:58:32<5:25:27, 224.46s/it]                              