Best trial: 63. Best value: 53.2093:  99%|█████████▊| 148/150 [4:28:55<03:30, 105.37s/it]Best trial: 63. Best value: 53.2093:  99%|█████████▊| 148/150 [4:28:55<03:30, 105.37s/it]Best trial: 63. Best value: 53.2093:  99%|█████████▉| 149/150 [4:28:55<01:45, 105.58s/it]                                                                                         [I 2026-07-23 21:40:24,526] Trial 149 finished with value: 31.7772 and parameters: {'vwap_buy_deviation': -0.01728859559713152, 'take_profit_pct': 0.024613666124130892, 'buy_confirm_min_score': 24}. Best is trial 63 with value: 53.2093.
Best trial: 63. Best value: 53.2093:  99%|█████████▉| 149/150 [4:30:40<01:45, 105.58s/it]Best trial: 63. Best value: 53.2093:  99%|█████████▉| 149/150 [4:30:40<01:45, 105.58s/it]Best trial: 63. Best value: 53.2093: 100%|██████████| 150/150 [4:30:40<00:00, 105.44s/it]Best trial: 63. Best value: 53.2093: 100%|██████████| 150/150 [4:30:40<00:00, 108.27s/it]

[Optuna] 最佳 composite_score = 53.2093, params = {'vwap_buy_deviation': -0.018128513559794314, 'take_profit_pct': 0.024953747554786916, 'buy_confirm_min_score': 28}

[最优参数] 训练集...

[基准对比] 默认参数在测试集...
  默认: wr=0.00% pnl=-118 composite=-0.00

[邻域稳定性测试] 最优参数 ±5% 摇动...
  最优: -0.00
  邻域平均: 0.00
    vwap_buy_deviation=-0.0172 → composite=-0.00
    vwap_buy_deviation=-0.019 → composite=-0.00
    take_profit_pct=0.0237 → composite=-0.00
    take_profit_pct=0.025 → composite=-0.00
    buy_confirm_min_score=27 → composite=-0.00
    buy_confirm_min_score=29 → composite=-0.00
Traceback (most recent call last):
  File "E:\06_T\optimizer.py", line 696, in <module>
    main()
  File "E:\06_T\optimizer.py", line 682, in main
    print(f"  判定: {'\u2705 稳定' if neighborhood_result['stable'] else '\u274c 不稳定（孤岛参数风险）'}")
UnicodeEncodeError: 'gbk' codec can't encode character '\u274c' in position 6: illegal multibyte sequence
_buy_deviation': -0.01728859559713152, 'take_profit_pct': 0.024613666124130892, 'buy_confirm_min_score': 24}. Best is trial 63 with value: 53.2093.
Best trial: 63. Best value: 53.2093:  99%|█████████▉| 149/150 [4:28:05<01:44, 104.68s/it]Best trial: 63. Best value: 53.2093:  99%|█████████▉| 149/150 [4:28:05<01:44, 104.68s/it]Best trial: 63. Best value: 53.2093: 100%|██████████| 150/150 [4:28:05<00:00, 104.56s/it]Best trial: 63. Best value: 53.2093: 100%|██████████| 150/150 [4:28:05<00:00, 107.23s/it]

[Optuna] 最佳 composite_score = 53.2093, params = {'vwap_buy_deviation': -0.018128513559794314, 'take_profit_pct': 0.024953747554786916, 'buy_confirm_min_score': 28}

[最优参数] 训练集...

[基准对比] 默认参数在测试集...
  默认: wr=0.00% pnl=-118 composite=-0.00

[邻域稳定性测试] 最优参数 ±5% 摇动...
  最优: -0.00
  邻域平均: 0.00
    vwap_buy_deviation=-0.0172 → composite=-0.00
    vwap_buy_deviation=-0.019 → composite=-0.00
    take_profit_pct=0.0237 → composite=-0.00
    take_profit_pct=0.025 → composite=-0.00
    buy_confirm_min_score=27 → composite=-0.00
    buy_confirm_min_score=29 → composite=-0.00
Traceback (most recent call last):
  File "E:\06_T\optimizer.py", line 696, in <module>
    main()
  File "E:\06_T\optimizer.py", line 682, in main
    print(f"  判定: {'\u2705 稳定' if neighborhood_result['stable'] else '\u274c 不稳定（孤岛参数风险）'}")
UnicodeEncodeError: 'gbk' codec can't encode character '\u274c' in position 6: illegal multibyte sequence
