=======================================================

  参数寻优系统
=======================================================
  标的: 000988  方法: optuna  训练: 2025-11-25~2026-06-30
  [数据] 预处理 276 天收盘价索引
  [数据] 2025-11-25~2026-06-30: 156 个交易日，检查缓存...
  [数据] 已缓存 143/156 天，缺失将在首次 trial 下载
  [数据] 2026-07-01~2026-07-20: 14 个交易日，检查缓存...
  [数据] 已缓存 14/14 天，缺失将在首次 trial 下载

[基线] 默认参数...
  wr=0.00% trades=1 dd=-2.46% composite=-0.00
[I 2026-07-23 17:09:43,558] A new study created in memory with name: no-name-607a4b26-2851-4d3b-973b-d25fbd7834b2
  0%|          | 0/150 [00:00<?, ?it/s]                                       [I 2026-07-23 17:11:00,238] Trial 0 finished with value: -9999.0 and parameters: {'vwap_buy_deviation': -0.02750919762305275, 'take_profit_pct': 0.024014286128198326, 'buy_confirm_min_score': 26}. Best is trial 0 with value: -9999.0.
  0%|          | 0/150 [01:16<?, ?it/s]Best trial: 0. Best value: -9999:   0%|          | 0/150 [01:16<?, ?it/s]Best trial: 0. Best value: -9999:   1%|          | 1/150 [01:16<3:10:22, 76.66s/it]                                                                                   [I 2026-07-23 17:12:38,199] Trial 1 finished with value: -0.0 and parameters: {'vwap_buy_deviation': -0.023026830316059267, 'take_profit_pct': 0.00812037280884873, 'buy_confirm_min_score': 17}. Best is trial 1 with value: -0.0.
