Best trial: 63. Best value: 53.2093:  77%|███████▋  | 116/150 [3:35:18<55:38, 98.20s/it]Best trial: 63. Best value: 53.2093:  77%|███████▋  | 116/150 [3:35:18<55:38, 98.20s/it]Best trial: 63. Best value: 53.2093:  78%|███████▊  | 117/150 [3:35:18<54:04, 98.32s/it]                                                                                        [I 2026-07-23 20:46:37,578] Trial 117 finished with value: 53.2093 and parameters: {'vwap_buy_deviation': -0.015468602396756391, 'take_profit_pct': 0.024929233312598664, 'buy_confirm_min_score': 24}. Best is trial 63 with value: 53.2093.
Best trial: 63. Best value: 53.2093:  78%|███████▊  | 117/150 [3:36:53<54:04, 98.32s/it]Best trial: 63. Best value: 53.2093:  78%|███████▊  | 117/150 [3:36:53<54:04, 98.32s/it]Best trial: 63. Best value: 53.2093:  79%|███████▊  | 118/150 [3:36:53<52:03, 97.60s/it]                                                                                        [I 2026-07-23 20:48:09,752] Trial 118 finished with value: 31.7772 and parameters: {'vwap_buy_deviation': -0.016440961693709896, 'take_profit_pct': 0.02438372507285655, 'buy_confirm_min_score': 25}. Best is trial 63 with value: 53.2093.
Best trial: 63. Best value: 53.2093:  79%|███████▊  | 118/150 [3:38:26<52:03, 97.60s/it]Best trial: 63. Best value: 53.2093:  79%|███████▊  | 118/150 [3:38:26<52:03, 97.60s/it]Best trial: 63. Best value: 53.2093:  79%|███████▉  | 119/150 [3:38:26<49:35, 95.97s/it]                                                                                        [I 2026-07-23 20:49:53,717] Trial 119 finished with value: 53.2093 and parameters: {'vwap_buy_deviation': -0.015809769677574134, 'take_profit_pct': 0.024994153718786005, 'buy_confirm_min_score': 27}. Best is trial 63 with value: 53.2093.
Best trial: 63. Best value: 53.2093:  79%|███████▉  | 119/150 [3:40:10<49:35, 95.97s/it]Best trial: 63. Best value: 53.2093:  79%|███████▉  | 119/150 [3:40:10<49:35, 95.97s/it]Best trial: 63. Best value: 53.2093:  80%|████████  | 120/150 [3:40:10<49:11, 98.37s/it]                                                                                        [I 2026-07-23 20:51:27,722] Trial 120 finished with value: 24.2539 and parameters: {'vwap_buy_deviation': -0.017550585842391133, 'take_profit_pct': 0.022891720064045117, 'buy_confirm_min_score': 23}. Best is trial 63 with value: 53.2093.
Best trial: 63. Best value: 53.2093:  80%|████████  | 120/150 [3:41:44<49:11, 98.37s/it]Best trial: 63. Best value: 53.2093:  80%|████████  | 120/150 [3:41:44<49:11, 98.37s/it]Best trial: 63. Best value: 53.2093:  81%|████████  | 121/150 [3:41:44<46:54, 97.06s/it]                                                                                        [I 2026-07-23 20:52:59,712] Trial 121 finished with value: 53.2093 and parameters: {'vwap_buy_deviation': -0.015025509128074793, 'take_profit_pct': 0.024994109660990832, 'buy_confirm_min_score': 24}. Best is trial 63 with value: 53.2093.
Best trial: 63. Best value: 53.2093:  81%|████████  | 121/150 [3:43:16<46:54, 97.06s/it]Best trial: 63. Best value: 53.2093:  81%|████████  | 121/150 [3:43:16<46:54, 97.06s/it]Best trial: 63. Best value: 53.2093:  81%|████████▏ | 122/150 [3:43:16<44:35, 95.54s/it]                                                                                        [I 2026-07-23 20:55:14,891] Trial 122 finished with value: 31.7772 and parameters: {'vwap_buy_deviation': -0.015058242557227786, 'take_profit_pct': 0.024579744093919477, 'buy_confirm_min_score': 24}. Best is trial 63 with value: 53.2093.
Best trial: 63. Best value: 53.2093:  81%|████████▏ | 122/150 [3:45:31<44:35, 95.54s/it]Best trial: 63. Best value: 53.2093:  81%|████████▏ | 122/150 [3:45:31<44:35, 95.54s/it]Best trial: 63. Best value: 53.2093:  82%|████████▏ | 123/150 [3:45:31<48:20, 107.43s/it]                                                                                         [I 2026-07-23 20:57:25,810] Trial 123 finished with value: 21.1458 and parameters: {'vwap_buy_deviation': -0.016067191574771364, 'take_profit_pct': 0.02384784143755053, 'buy_confirm_min_score': 26}. Best is trial 63 with value: 53.2093.
Best trial: 63. Best value: 53.2093:  82%|████████▏ | 123/150 [3:47:42<48:20, 107.43s/it]Best trial: 63. Best value: 53.2093:  82%|████████▏ | 123/150 [3:47:42<48:20, 107.43s/it]Best trial: 63. Best value: 53.2093:  83%|████████▎ | 124/150 [3:47:42<49:36, 114.48s/it]                                                                                         [I 2026-07-23 20:59:09,424] Trial 124 finished with value: 31.7772 and parameters: {'vwap_buy_deviation': -0.015449039306856661, 'take_profit_pct': 0.02427077854853049, 'buy_confirm_min_score': 24}. Best is trial 63 with value: 53.2093.
Best trial: 63. Best value: 53.2093:  83%|████████▎ | 124/150 [3:49:25<49:36, 114.48s/it]Best trial: 63. Best value: 53.2093:  83%|████████▎ | 124/150 [3:49:25<49:36, 114.48s/it]Best trial: 63. Best value: 53.2093:  83%|████████▎ | 125/150 [3:49:25<46:20, 111.22s/it]                                                                                         [I 2026-07-23 21:00:42,036] Trial 125 finished with value: 23.3691 and parameters: {'vwap_buy_deviation': -0.016791621010389224, 'take_profit_pct': 0.02350601270032184, 'buy_confirm_min_score': 23}. Best is trial 63 with value: 53.2093.
Best trial: 63. Best value: 53.2093:  83%|████████▎ | 125/150 [3:50:58<46:20, 111.22s/it]Best trial: 63. Best value: 53.2093:  83%|████████▎ | 125/150 [3:50:58<46:20, 111.22s/it]Best trial: 63. Best value: 53.2093:  84%|████████▍ | 126/150 [3:50:58<42:15, 105.64s/it]                                                                                         [I 2026-07-23 21:02:16,058] Trial 126 finished with value: 31.7772 and parameters: {'vwap_buy_deviation': -0.016199015371911887, 'take_profit_pct': 0.024071126562600555, 'buy_confirm_min_score': 25}. Best is trial 63 with value: 53.2093.
Best trial: 63. Best value: 53.2093:  84%|████████▍ | 126/150 [3:52:32<42:15, 105.64s/it]Best trial: 63. Best value: 53.2093:  84%|████████▍ | 126/150 [3:52:32<42:15, 105.64s/it]Best trial: 63. Best value: 53.2093:  85%|████████▍ | 127/150 [3:52:32<39:09, 102.15s/it]                                                                                         [I 2026-07-23 21:03:46,859] Trial 127 finished with value: 31.7772 and parameters: {'vwap_buy_deviation': -0.01568677552451926, 'take_profit_pct': 0.02452683771039527, 'buy_confirm_min_score': 24}. Best is trial 63 with value: 53.2093.
Best trial: 63. Best value: 53.2093:  85%|████████▍ | 127/150 [3:54:03<39:09, 102.15s/it]Best trial: 63. Best value: 53.2093:  85%|████████▍ | 127/150 [3:54:03<39:09, 102.15s/it]Best trial: 63. Best value: 53.2093:  85%|████████▌ | 128/150 [3:54:03<36:12, 98.75s/it]                                                                                         [I 2026-07-23 21:05:21,866] Trial 128 finished with value: 23.3691 and parameters: {'vwap_buy_deviation': -0.016502109440773984, 'take_profit_pct': 0.023311922069536396, 'buy_confirm_min_score': 26}. Best is trial 63 with value: 53.2093.
Best trial: 63. Best value: 53.2093:  85%|████████▌ | 128/150 [3:55:38<36:12, 98.75s/it]Best trial: 63. Best value: 53.2093:  85%|████████▌ | 128/150 [3:55:38<36:12, 98.75s/it]Best trial: 63. Best value: 53.2093:  86%|████████▌ | 129/150 [3:55:38<34:10, 97.62s/it]                                                                                        [I 2026-07-23 21:07:32,831] Trial 129 finished with value: 53.2093 and parameters: {'vwap_buy_deviation': -0.017137234922044053, 'take_profit_pct': 0.02463669795343736, 'buy_confirm_min_score': 25}. Best is trial 63 with value: 53.2093.
Best trial: 63. Best value: 53.2093:  86%|████████▌ | 129/150 [3:57:49<34:10, 97.62s/it]Best trial: 63. Best value: 53.2093:  86%|████████▌ | 129/150 [3:57:49<34:10, 97.62s/it]Best trial: 63. Best value: 53.2093:  87%|████████▋ | 130/150 [3:57:49<35:52, 107.63s/it]                                                                                         [I 2026-07-23 21:09:16,498] Trial 130 finished with value: -10.4294 and parameters: {'vwap_buy_deviation': -0.019269863810382884, 'take_profit_pct': 0.02498710516335555, 'buy_confirm_min_score': 24}. Best is trial 63 with value: 53.2093.
Best trial: 63. Best value: 53.2093:  87%|████████▋ | 130/150 [3:59:32<35:52, 107.63s/it]Best trial: 63. Best value: 53.2093:  87%|████████▋ | 130/150 [3:59:32<35:52, 107.63s/it]Best trial: 63. Best value: 53.2093:  87%|████████▋ | 131/150 [3:59:32<33:42, 106.44s/it]                                                                                         [I 2026-07-23 21:10:49,655] Trial 131 finished with value: 31.7772 and parameters: {'vwap_buy_deviation': -0.016569959384848315, 'take_profit_pct': 0.024219756894445586, 'buy_confirm_min_score': 24}. Best is trial 63 with value: 53.2093.
Best trial: 63. Best value: 53.2093:  87%|████████▋ | 131/150 [4:01:06<33:42, 106.44s/it]Best trial: 63. Best value: 53.2093:  87%|████████▋ | 131/150 [4:01:06<33:42, 106.44s/it]Best trial: 63. Best value: 53.2093:  88%|████████▊ | 132/150 [4:01:06<30:44, 102.45s/it]                                                                                         [I 2026-07-23 21:12:19,462] Trial 132 finished with value: 53.2093 and parameters: {'vwap_buy_deviation': -0.015866042131510175, 'take_profit_pct': 0.02499146873050961, 'buy_confirm_min_score': 23}. Best is trial 63 with value: 53.2093.
Best trial: 63. Best value: 53.2093:  88%|████████▊ | 132/150 [4:02:35<30:44, 102.45s/it]Best trial: 63. Best value: 53.2093:  88%|████████▊ | 132/150 [4:02:35<30:44, 102.45s/it]Best trial: 63. Best value: 53.2093:  89%|████████▊ | 133/150 [4:02:35<27:57, 98.66s/it]                                                                                         [I 2026-07-23 21:13:49,835] Trial 133 finished with value: 31.7772 and parameters: {'vwap_buy_deviation': -0.015030440358122602, 'take_profit_pct': 0.023863651135313968, 'buy_confirm_min_score': 25}. Best is trial 63 with value: 53.2093.
Best trial: 63. Best value: 53.2093:  89%|████████▊ | 133/150 [4:04:06<27:57, 98.66s/it]Best trial: 63. Best value: 53.2093:  89%|████████▊ | 133/150 [4:04:06<27:57, 98.66s/it]Best trial: 63. Best value: 53.2093:  89%|████████▉ | 134/150 [4:04:06<25:38, 96.17s/it]                                                                                        [I 2026-07-23 21:15:23,444] Trial 134 finished with value: 31.7772 and parameters: {'vwap_buy_deviation': -0.015459788910438997, 'take_profit_pct': 0.02460785240742161, 'buy_confirm_min_score': 23}. Best is trial 63 with value: 53.2093.
Best trial: 63. Best value: 53.2093:  89%|████████▉ | 134/150 [4:05:39<25:38, 96.17s/it]Best trial: 63. Best value: 53.2093:  89%|████████▉ | 134/150 [4:05:39<25:38, 96.17s/it]Best trial: 63. Best value: 53.2093:  90%|█████████ | 135/150 [4:05:39<23:51, 95.40s/it]                                                                                        [I 2026-07-23 21:16:57,663] Trial 135 finished with value: 31.7772 and parameters: {'vwap_buy_deviation': -0.01623458082648515, 'take_profit_pct': 0.024235614901774994, 'buy_confirm_min_score': 24}. Best is trial 63 with value: 53.2093.
Best trial: 63. Best value: 53.2093:  90%|█████████ | 135/150 [4:07:14<23:51, 95.40s/it]Best trial: 63. Best value: 53.2093:  90%|█████████ | 135/150 [4:07:14<23:51, 95.40s/it]Best trial: 63. Best value: 53.2093:  91%|█████████ | 136/150 [4:07:14<22:10, 95.05s/it]                                                                                        [I 2026-07-23 21:18:30,886] Trial 136 finished with value: 21.1458 and parameters: {'vwap_buy_deviation': -0.017056110516594253, 'take_profit_pct': 0.02368089484049561, 'buy_confirm_min_score': 27}. Best is trial 63 with value: 53.2093.
Best trial: 63. Best value: 53.2093:  91%|█████████ | 136/150 [4:08:47<22:10, 95.05s/it]Best trial: 63. Best value: 53.2093:  91%|█████████ | 136/150 [4:08:47<22:10, 95.05s/it]Best trial: 63. Best value: 53.2093:  91%|█████████▏| 137/150 [4:08:47<20:28, 94.50s/it]                                                                                        [I 2026-07-23 21:20:04,783] Trial 137 finished with value: 53.2093 and parameters: {'vwap_buy_deviation': -0.017776127624803774, 'take_profit_pct': 0.024982543874439874, 'buy_confirm_min_score': 25}. Best is trial 63 with value: 53.2093.
Best trial: 63. Best value: 53.2093:  91%|█████████▏| 137/150 [4:10:21<20:28, 94.50s/it]Best trial: 63. Best value: 53.2093:  91%|█████████▏| 137/150 [4:10:21<20:28, 94.50s/it]Best trial: 63. Best value: 53.2093:  92%|█████████▏| 138/150 [4:10:21<18:51, 94.32s/it]                                                                                        [I 2026-07-23 21:21:35,238] Trial 138 finished with value: 31.7772 and parameters: {'vwap_buy_deviation': -0.015960005094621366, 'take_profit_pct': 0.02452654900329846, 'buy_confirm_min_score': 26}. Best is trial 63 with value: 53.2093.
Best trial: 63. Best value: 53.2093:  92%|█████████▏| 138/150 [4:11:51<18:51, 94.32s/it]Best trial: 63. Best value: 53.2093:  92%|█████████▏| 138/150 [4:11:51<18:51, 94.32s/it]Best trial: 63. Best value: 53.2093:  93%|█████████▎| 139/150 [4:11:51<17:04, 93.17s/it]                                                                                        [I 2026-07-23 21:23:10,052] Trial 139 finished with value: 23.3691 and parameters: {'vwap_buy_deviation': -0.016505446359474842, 'take_profit_pct': 0.023050722907266945, 'buy_confirm_min_score': 24}. Best is trial 63 with value: 53.2093.
Best trial: 63. Best value: 53.2093:  93%|█████████▎| 139/150 [4:13:26<17:04, 93.17s/it]Best trial: 63. Best value: 53.2093:  93%|█████████▎| 139/150 [4:13:26<17:04, 93.17s/it]Best trial: 63. Best value: 53.2093:  93%|█████████▎| 140/150 [4:13:26<15:36, 93.65s/it]                                                                                        [I 2026-07-23 21:24:40,987] Trial 140 finished with value: 31.7772 and parameters: {'vwap_buy_deviation': -0.018618612354220763, 'take_profit_pct': 0.023982900812718304, 'buy_confirm_min_score': 28}. Best is trial 63 with value: 53.2093.
Best trial: 63. Best value: 53.2093:  93%|█████████▎| 140/150 [4:14:57<15:36, 93.65s/it]Best trial: 63. Best value: 53.2093:  93%|█████████▎| 140/150 [4:14:57<15:36, 93.65s/it]Best trial: 63. Best value: 53.2093:  94%|█████████▍| 141/150 [4:14:57<13:55, 92.84s/it]                                                                                        [I 2026-07-23 21:26:30,840] Trial 141 finished with value: 53.2093 and parameters: {'vwap_buy_deviation': -0.017070069317055382, 'take_profit_pct': 0.024975214395398404, 'buy_confirm_min_score': 23}. Best is trial 63 with value: 53.2093.
Best trial: 63. Best value: 53.2093:  94%|█████████▍| 141/150 [4:16:47<13:55, 92.84s/it]Best trial: 63. Best value: 53.2093:  94%|█████████▍| 141/150 [4:16:47<13:55, 92.84s/it]Best trial: 63. Best value: 53.2093:  95%|█████████▍| 142/150 [4:16:47<13:03, 97.94s/it]                                                                                        [I 2026-07-23 21:28:13,539] Trial 142 finished with value: 31.7772 and parameters: {'vwap_buy_deviation': -0.016871040473852527, 'take_profit_pct': 0.024606638488427292, 'buy_confirm_min_score': 22}. Best is trial 63 with value: 53.2093.
Best trial: 63. Best value: 53.2093:  95%|█████████▍| 142/150 [4:18:29<13:03, 97.94s/it]Best trial: 63. Best value: 53.2093:  95%|█████████▍| 142/150 [4:18:29<13:03, 97.94s/it]Best trial: 63. Best value: 53.2093:  95%|█████████▌| 143/150 [4:18:29<11:35, 99.37s/it]                                                                                        [I 2026-07-23 21:29:49,424] Trial 143 finished with value: 31.7772 and parameters: {'vwap_buy_deviation': -0.015474816036317082, 'take_profit_pct': 0.02426843608132355, 'buy_confirm_min_score': 23}. Best is trial 63 with value: 53.2093.
Best trial: 63. Best value: 53.2093:  95%|█████████▌| 143/150 [4:20:05<11:35, 99.37s/it]Best trial: 63. Best value: 53.2093:  95%|█████████▌| 143/150 [4:20:05<11:35, 99.37s/it]Best trial: 63. Best value: 53.2093:  96%|█████████▌| 144/150 [4:20:05<09:49, 98.32s/it]                                                                                        [I 2026-07-23 21:31:29,407] Trial 144 finished with value: 53.2093 and parameters: {'vwap_buy_deviation': -0.01768727565245873, 'take_profit_pct': 0.024643469965016828, 'buy_confirm_min_score': 24}. Best is trial 63 with value: 53.2093.
Best trial: 63. Best value: 53.2093:  96%|█████████▌| 144/150 [4:21:45<09:49, 98.32s/it]Best trial: 63. Best value: 53.2093:  96%|█████████▌| 144/150 [4:21:45<09:49, 98.32s/it]Best trial: 63. Best value: 53.2093:  97%|█████████▋| 145/150 [4:21:45<08:14, 98.82s/it]                                                                                        [I 2026-07-23 21:33:17,685] Trial 145 finished with value: 53.2093 and parameters: {'vwap_buy_deviation': -0.015984834202566137, 'take_profit_pct': 0.024998833605247992, 'buy_confirm_min_score': 23}. Best is trial 63 with value: 53.2093.
Best trial: 63. Best value: 53.2093:  97%|█████████▋| 145/150 [4:23:34<08:14, 98.82s/it]Best trial: 63. Best value: 53.2093:  97%|█████████▋| 145/150 [4:23:34<08:14, 98.82s/it]Best trial: 63. Best value: 53.2093:  97%|█████████▋| 146/150 [4:23:34<06:46, 101.66s/it]                                                                                         [I 2026-07-23 21:34:59,270] Trial 146 finished with value: 31.7772 and parameters: {'vwap_buy_deviation': -0.01652927757747516, 'take_profit_pct': 0.02391054073804446, 'buy_confirm_min_score': 25}. Best is trial 63 with value: 53.2093.
Best trial: 63. Best value: 53.2093:  97%|█████████▋| 146/150 [4:25:15<06:46, 101.66s/it]Best trial: 63. Best value: 53.2093:  97%|█████████▋| 146/150 [4:25:15<06:46, 101.66s/it]Best trial: 63. Best value: 53.2093:  98%|█████████▊| 147/150 [4:25:15<05:04, 101.64s/it]                                                                                         [I 2026-07-23 21:36:53,345] Trial 147 finished with value: 23.3691 and parameters: {'vwap_buy_deviation': -0.015697023491691785, 'take_profit_pct': 0.023530407504400996, 'buy_confirm_min_score': 26}. Best is trial 63 with value: 53.2093.
Best trial: 63. Best value: 53.2093:  98%|█████████▊| 147/150 [4:27:09<05:04, 101.64s/it]Best trial: 63. Best value: 53.2093:  98%|█████████▊| 147/150 [4:27:09<05:04, 101.64s/it]Best trial: 63. Best value: 53.2093:  99%|█████████▊| 148/150 [4:27:09<03:30, 105.37s/it]                                                                                         [I 2026-07-23 21:38:39,415] Trial 148 finished with value: 31.7772 and parameters: {'vwap_buy_deviation': -0.015287845732044177, 'take_profit_pct': 0.02422882426826107, 'buy_confirm_min_score': 24}. Best is trial 63 with value: 53.2093.
