Best trial: 63. Best value: 53.2093:  53%|█████▎    | 80/150 [2:36:34<1:52:34, 96.49s/it]Best trial: 63. Best value: 53.2093:  53%|█████▎    | 80/150 [2:36:34<1:52:34, 96.49s/it]Best trial: 63. Best value: 53.2093:  54%|█████▍    | 81/150 [2:36:34<1:49:32, 95.26s/it]                                                                                         [I 2026-07-23 19:47:48,721] Trial 81 finished with value: 53.2093 and parameters: {'vwap_buy_deviation': -0.015602529047071835, 'take_profit_pct': 0.02499488976831938, 'buy_confirm_min_score': 24}. Best is trial 63 with value: 53.2093.
Best trial: 63. Best value: 53.2093:  54%|█████▍    | 81/150 [2:38:05<1:49:32, 95.26s/it]Best trial: 63. Best value: 53.2093:  54%|█████▍    | 81/150 [2:38:05<1:49:32, 95.26s/it]Best trial: 63. Best value: 53.2093:  55%|█████▍    | 82/150 [2:38:05<1:46:25, 93.91s/it]                                                                                         [I 2026-07-23 19:49:19,359] Trial 82 finished with value: 53.2093 and parameters: {'vwap_buy_deviation': -0.01675524557665881, 'take_profit_pct': 0.024984669291772028, 'buy_confirm_min_score': 24}. Best is trial 63 with value: 53.2093.
Best trial: 63. Best value: 53.2093:  55%|█████▍    | 82/150 [2:39:35<1:46:25, 93.91s/it]Best trial: 63. Best value: 53.2093:  55%|█████▍    | 82/150 [2:39:35<1:46:25, 93.91s/it]Best trial: 63. Best value: 53.2093:  55%|█████▌    | 83/150 [2:39:35<1:43:46, 92.93s/it]                                                                                         [I 2026-07-23 19:50:50,646] Trial 83 finished with value: 31.7772 and parameters: {'vwap_buy_deviation': -0.01577068645936286, 'take_profit_pct': 0.024255393959907376, 'buy_confirm_min_score': 23}. Best is trial 63 with value: 53.2093.
Best trial: 63. Best value: 53.2093:  55%|█████▌    | 83/150 [2:41:07<1:43:46, 92.93s/it]Best trial: 63. Best value: 53.2093:  55%|█████▌    | 83/150 [2:41:07<1:43:46, 92.93s/it]Best trial: 63. Best value: 53.2093:  56%|█████▌    | 84/150 [2:41:07<1:41:40, 92.43s/it]                                                                                         [I 2026-07-23 19:52:45,404] Trial 84 finished with value: 31.7772 and parameters: {'vwap_buy_deviation': -0.01505280607131362, 'take_profit_pct': 0.02409818841232863, 'buy_confirm_min_score': 25}. Best is trial 63 with value: 53.2093.
Best trial: 63. Best value: 53.2093:  56%|█████▌    | 84/150 [2:43:01<1:41:40, 92.43s/it]Best trial: 63. Best value: 53.2093:  56%|█████▌    | 84/150 [2:43:01<1:41:40, 92.43s/it]Best trial: 63. Best value: 53.2093:  57%|█████▋    | 85/150 [2:43:01<1:47:23, 99.13s/it]                                                                                         [I 2026-07-23 19:54:25,754] Trial 85 finished with value: 23.3691 and parameters: {'vwap_buy_deviation': -0.016131377098458646, 'take_profit_pct': 0.023564688263930707, 'buy_confirm_min_score': 24}. Best is trial 63 with value: 53.2093.
Best trial: 63. Best value: 53.2093:  57%|█████▋    | 85/150 [2:44:42<1:47:23, 99.13s/it]Best trial: 63. Best value: 53.2093:  57%|█████▋    | 85/150 [2:44:42<1:47:23, 99.13s/it]Best trial: 63. Best value: 53.2093:  57%|█████▋    | 86/150 [2:44:42<1:46:07, 99.50s/it]                                                                                         [I 2026-07-23 19:56:11,674] Trial 86 finished with value: 31.7772 and parameters: {'vwap_buy_deviation': -0.016726828423335068, 'take_profit_pct': 0.024338637320177724, 'buy_confirm_min_score': 22}. Best is trial 63 with value: 53.2093.
Best trial: 63. Best value: 53.2093:  57%|█████▋    | 86/150 [2:46:28<1:46:07, 99.50s/it]Best trial: 63. Best value: 53.2093:  57%|█████▋    | 86/150 [2:46:28<1:46:07, 99.50s/it]Best trial: 63. Best value: 53.2093:  58%|█████▊    | 87/150 [2:46:28<1:46:29, 101.42s/it]                                                                                          [I 2026-07-23 19:57:51,450] Trial 87 finished with value: 53.2093 and parameters: {'vwap_buy_deviation': -0.015488017286141449, 'take_profit_pct': 0.024943615934207703, 'buy_confirm_min_score': 26}. Best is trial 63 with value: 53.2093.
Best trial: 63. Best value: 53.2093:  58%|█████▊    | 87/150 [2:48:07<1:46:29, 101.42s/it]Best trial: 63. Best value: 53.2093:  58%|█████▊    | 87/150 [2:48:07<1:46:29, 101.42s/it]Best trial: 63. Best value: 53.2093:  59%|█████▊    | 88/150 [2:48:07<1:44:17, 100.93s/it]                                                                                          [I 2026-07-23 19:59:23,658] Trial 88 finished with value: 23.3691 and parameters: {'vwap_buy_deviation': -0.016080409651108796, 'take_profit_pct': 0.023068178163807997, 'buy_confirm_min_score': 25}. Best is trial 63 with value: 53.2093.
Best trial: 63. Best value: 53.2093:  59%|█████▊    | 88/150 [2:49:40<1:44:17, 100.93s/it]Best trial: 63. Best value: 53.2093:  59%|█████▊    | 88/150 [2:49:40<1:44:17, 100.93s/it]Best trial: 63. Best value: 53.2093:  59%|█████▉    | 89/150 [2:49:40<1:39:57, 98.31s/it]                                                                                          [I 2026-07-23 20:00:59,540] Trial 89 finished with value: 31.7772 and parameters: {'vwap_buy_deviation': -0.01687325964897303, 'take_profit_pct': 0.024057811211512264, 'buy_confirm_min_score': 23}. Best is trial 63 with value: 53.2093.
Best trial: 63. Best value: 53.2093:  59%|█████▉    | 89/150 [2:51:15<1:39:57, 98.31s/it]Best trial: 63. Best value: 53.2093:  59%|█████▉    | 89/150 [2:51:15<1:39:57, 98.31s/it]Best trial: 63. Best value: 53.2093:  60%|██████    | 90/150 [2:51:15<1:37:34, 97.58s/it]                                                                                         [I 2026-07-23 20:02:52,620] Trial 90 finished with value: 31.7772 and parameters: {'vwap_buy_deviation': -0.015873257448736112, 'take_profit_pct': 0.024521773486034192, 'buy_confirm_min_score': 22}. Best is trial 63 with value: 53.2093.
Best trial: 63. Best value: 53.2093:  60%|██████    | 90/150 [2:53:09<1:37:34, 97.58s/it]Best trial: 63. Best value: 53.2093:  60%|██████    | 90/150 [2:53:09<1:37:34, 97.58s/it]Best trial: 63. Best value: 53.2093:  61%|██████    | 91/150 [2:53:09<1:40:31, 102.23s/it]                                                                                          [I 2026-07-23 20:04:55,456] Trial 91 finished with value: 53.2093 and parameters: {'vwap_buy_deviation': -0.015009062839863996, 'take_profit_pct': 0.02496654642512488, 'buy_confirm_min_score': 24}. Best is trial 63 with value: 53.2093.
Best trial: 63. Best value: 53.2093:  61%|██████    | 91/150 [2:55:11<1:40:31, 102.23s/it]Best trial: 63. Best value: 53.2093:  61%|██████    | 91/150 [2:55:11<1:40:31, 102.23s/it]Best trial: 63. Best value: 53.2093:  61%|██████▏   | 92/150 [2:55:11<1:44:47, 108.41s/it]                                                                                          [I 2026-07-23 20:06:28,130] Trial 92 finished with value: 21.1458 and parameters: {'vwap_buy_deviation': -0.015564975912019914, 'take_profit_pct': 0.02364644690029303, 'buy_confirm_min_score': 24}. Best is trial 63 with value: 53.2093.
Best trial: 63. Best value: 53.2093:  61%|██████▏   | 92/150 [2:56:44<1:44:47, 108.41s/it]Best trial: 63. Best value: 53.2093:  61%|██████▏   | 92/150 [2:56:44<1:44:47, 108.41s/it]Best trial: 63. Best value: 53.2093:  62%|██████▏   | 93/150 [2:56:44<1:38:30, 103.69s/it]                                                                                          [I 2026-07-23 20:08:00,398] Trial 93 finished with value: -9999.0 and parameters: {'vwap_buy_deviation': -0.03491861535162174, 'take_profit_pct': 0.02463708126292763, 'buy_confirm_min_score': 26}. Best is trial 63 with value: 53.2093.
Best trial: 63. Best value: 53.2093:  62%|██████▏   | 93/150 [2:58:16<1:38:30, 103.69s/it]Best trial: 63. Best value: 53.2093:  62%|██████▏   | 93/150 [2:58:16<1:38:30, 103.69s/it]Best trial: 63. Best value: 53.2093:  63%|██████▎   | 94/150 [2:58:16<1:33:34, 100.26s/it]                                                                                          [I 2026-07-23 20:09:33,015] Trial 94 finished with value: 53.2093 and parameters: {'vwap_buy_deviation': -0.016490088856052448, 'take_profit_pct': 0.02497420029295023, 'buy_confirm_min_score': 24}. Best is trial 63 with value: 53.2093.
Best trial: 63. Best value: 53.2093:  63%|██████▎   | 94/150 [2:59:49<1:33:34, 100.26s/it]Best trial: 63. Best value: 53.2093:  63%|██████▎   | 94/150 [2:59:49<1:33:34, 100.26s/it]Best trial: 63. Best value: 53.2093:  63%|██████▎   | 95/150 [2:59:49<1:29:48, 97.97s/it]                                                                                          [I 2026-07-23 20:11:05,496] Trial 95 finished with value: 23.3691 and parameters: {'vwap_buy_deviation': -0.01695278954511982, 'take_profit_pct': 0.023128768192268064, 'buy_confirm_min_score': 25}. Best is trial 63 with value: 53.2093.
Best trial: 63. Best value: 53.2093:  63%|██████▎   | 95/150 [3:01:21<1:29:48, 97.97s/it]Best trial: 63. Best value: 53.2093:  63%|██████▎   | 95/150 [3:01:21<1:29:48, 97.97s/it]Best trial: 63. Best value: 53.2093:  64%|██████▍   | 96/150 [3:01:21<1:26:41, 96.32s/it]                                                                                         [I 2026-07-23 20:12:41,191] Trial 96 finished with value: 24.0769 and parameters: {'vwap_buy_deviation': -0.015545981823889186, 'take_profit_pct': 0.022030242938354795, 'buy_confirm_min_score': 24}. Best is trial 63 with value: 53.2093.
Best trial: 63. Best value: 53.2093:  64%|██████▍   | 96/150 [3:02:57<1:26:41, 96.32s/it]Best trial: 63. Best value: 53.2093:  64%|██████▍   | 96/150 [3:02:57<1:26:41, 96.32s/it]Best trial: 63. Best value: 53.2093:  65%|██████▍   | 97/150 [3:02:57<1:24:55, 96.14s/it]                                                                                         [I 2026-07-23 20:14:15,620] Trial 97 finished with value: 31.7772 and parameters: {'vwap_buy_deviation': -0.01626195267218637, 'take_profit_pct': 0.024078830660828294, 'buy_confirm_min_score': 25}. Best is trial 63 with value: 53.2093.
Best trial: 63. Best value: 53.2093:  65%|██████▍   | 97/150 [3:04:32<1:24:55, 96.14s/it]Best trial: 63. Best value: 53.2093:  65%|██████▍   | 97/150 [3:04:32<1:24:55, 96.14s/it]Best trial: 63. Best value: 53.2093:  65%|██████▌   | 98/150 [3:04:32<1:22:52, 95.62s/it]                                                                                         [I 2026-07-23 20:15:49,795] Trial 98 finished with value: 23.3691 and parameters: {'vwap_buy_deviation': -0.01592959814105391, 'take_profit_pct': 0.023448594295279495, 'buy_confirm_min_score': 26}. Best is trial 63 with value: 53.2093.
Best trial: 63. Best value: 53.2093:  65%|██████▌   | 98/150 [3:06:06<1:22:52, 95.62s/it]Best trial: 63. Best value: 53.2093:  65%|██████▌   | 98/150 [3:06:06<1:22:52, 95.62s/it]Best trial: 63. Best value: 53.2093:  66%|██████▌   | 99/150 [3:06:06<1:20:54, 95.19s/it]                                                                                         [I 2026-07-23 20:17:23,688] Trial 99 finished with value: 31.7772 and parameters: {'vwap_buy_deviation': -0.017287249820066596, 'take_profit_pct': 0.02423070704973524, 'buy_confirm_min_score': 23}. Best is trial 63 with value: 53.2093.
Best trial: 63. Best value: 53.2093:  66%|██████▌   | 99/150 [3:07:40<1:20:54, 95.19s/it]Best trial: 63. Best value: 53.2093:  66%|██████▌   | 99/150 [3:07:40<1:20:54, 95.19s/it]Best trial: 63. Best value: 53.2093:  67%|██████▋   | 100/150 [3:07:40<1:18:59, 94.80s/it]                                                                                          [I 2026-07-23 20:18:58,943] Trial 100 finished with value: -10.4294 and parameters: {'vwap_buy_deviation': -0.018845375342447776, 'take_profit_pct': 0.024997519495647665, 'buy_confirm_min_score': 25}. Best is trial 63 with value: 53.2093.
Best trial: 63. Best value: 53.2093:  67%|██████▋   | 100/150 [3:09:15<1:18:59, 94.80s/it]Best trial: 63. Best value: 53.2093:  67%|██████▋   | 100/150 [3:09:15<1:18:59, 94.80s/it]Best trial: 63. Best value: 53.2093:  67%|██████▋   | 101/150 [3:09:15<1:17:31, 94.94s/it]                                                                                          [I 2026-07-23 20:20:30,885] Trial 101 finished with value: 31.7772 and parameters: {'vwap_buy_deviation': -0.016523541099363607, 'take_profit_pct': 0.02451529743056603, 'buy_confirm_min_score': 24}. Best is trial 63 with value: 53.2093.
Best trial: 63. Best value: 53.2093:  67%|██████▋   | 101/150 [3:10:47<1:17:31, 94.94s/it]Best trial: 63. Best value: 53.2093:  67%|██████▋   | 101/150 [3:10:47<1:17:31, 94.94s/it]Best trial: 63. Best value: 53.2093:  68%|██████▊   | 102/150 [3:10:47<1:15:13, 94.04s/it]                                                                                          [I 2026-07-23 20:22:02,030] Trial 102 finished with value: 21.1458 and parameters: {'vwap_buy_deviation': -0.015413418604530646, 'take_profit_pct': 0.023745755998665945, 'buy_confirm_min_score': 24}. Best is trial 63 with value: 53.2093.
Best trial: 63. Best value: 53.2093:  68%|██████▊   | 102/150 [3:12:18<1:15:13, 94.04s/it]Best trial: 63. Best value: 53.2093:  68%|██████▊   | 102/150 [3:12:18<1:15:13, 94.04s/it]Best trial: 63. Best value: 53.2093:  69%|██████▊   | 103/150 [3:12:18<1:12:58, 93.17s/it]                                                                                          [I 2026-07-23 20:23:35,913] Trial 103 finished with value: 53.2093 and parameters: {'vwap_buy_deviation': -0.016930985021755992, 'take_profit_pct': 0.024983130740005167, 'buy_confirm_min_score': 23}. Best is trial 63 with value: 53.2093.
Best trial: 63. Best value: 53.2093:  69%|██████▊   | 103/150 [3:13:52<1:12:58, 93.17s/it]Best trial: 63. Best value: 53.2093:  69%|██████▊   | 103/150 [3:13:52<1:12:58, 93.17s/it]Best trial: 63. Best value: 53.2093:  69%|██████▉   | 104/150 [3:13:52<1:11:35, 93.38s/it]                                                                                          [I 2026-07-23 20:25:24,459] Trial 104 finished with value: 31.7772 and parameters: {'vwap_buy_deviation': -0.017536690235005318, 'take_profit_pct': 0.024476265306985198, 'buy_confirm_min_score': 26}. Best is trial 63 with value: 53.2093.
Best trial: 63. Best value: 53.2093:  69%|██████▉   | 104/150 [3:15:40<1:11:35, 93.38s/it]Best trial: 63. Best value: 53.2093:  69%|██████▉   | 104/150 [3:15:40<1:11:35, 93.38s/it]Best trial: 63. Best value: 53.2093:  70%|███████   | 105/150 [3:15:40<1:13:26, 97.93s/it]                                                                                          [I 2026-07-23 20:26:51,894] Trial 105 finished with value: 31.7772 and parameters: {'vwap_buy_deviation': -0.01614053014062502, 'take_profit_pct': 0.023920584337925856, 'buy_confirm_min_score': 25}. Best is trial 63 with value: 53.2093.
Best trial: 63. Best value: 53.2093:  70%|███████   | 105/150 [3:17:08<1:13:26, 97.93s/it]Best trial: 63. Best value: 53.2093:  70%|███████   | 105/150 [3:17:08<1:13:26, 97.93s/it]Best trial: 63. Best value: 53.2093:  71%|███████   | 106/150 [3:17:08<1:09:30, 94.78s/it]                                                                                          [I 2026-07-23 20:28:19,024] Trial 106 finished with value: 23.3691 and parameters: {'vwap_buy_deviation': -0.016575902468611424, 'take_profit_pct': 0.023170650065957574, 'buy_confirm_min_score': 24}. Best is trial 63 with value: 53.2093.
Best trial: 63. Best value: 53.2093:  71%|███████   | 106/150 [3:18:35<1:09:30, 94.78s/it]Best trial: 63. Best value: 53.2093:  71%|███████   | 106/150 [3:18:35<1:09:30, 94.78s/it]Best trial: 63. Best value: 53.2093:  71%|███████▏  | 107/150 [3:18:35<1:06:16, 92.49s/it]                                                                                          [I 2026-07-23 20:30:24,066] Trial 107 finished with value: 53.2093 and parameters: {'vwap_buy_deviation': -0.01535142489059253, 'take_profit_pct': 0.02464581528929008, 'buy_confirm_min_score': 23}. Best is trial 63 with value: 53.2093.
Best trial: 63. Best value: 53.2093:  71%|███████▏  | 107/150 [3:20:40<1:06:16, 92.49s/it]Best trial: 63. Best value: 53.2093:  71%|███████▏  | 107/150 [3:20:40<1:06:16, 92.49s/it]Best trial: 63. Best value: 53.2093:  72%|███████▏  | 108/150 [3:20:40<1:11:34, 102.25s/it]                                                                                           [I 2026-07-23 20:31:57,308] Trial 108 finished with value: 31.7772 and parameters: {'vwap_buy_deviation': -0.01703773815558979, 'take_profit_pct': 0.02410963365221225, 'buy_confirm_min_score': 27}. Best is trial 63 with value: 53.2093.
Best trial: 63. Best value: 53.2093:  72%|███████▏  | 108/150 [3:22:13<1:11:34, 102.25s/it]Best trial: 63. Best value: 53.2093:  72%|███████▏  | 108/150 [3:22:13<1:11:34, 102.25s/it]Best trial: 63. Best value: 53.2093:  73%|███████▎  | 109/150 [3:22:13<1:08:01, 99.55s/it]                                                                                           [I 2026-07-23 20:33:26,678] Trial 109 finished with value: 24.0769 and parameters: {'vwap_buy_deviation': -0.01579708711799226, 'take_profit_pct': 0.02274800277121656, 'buy_confirm_min_score': 22}. Best is trial 63 with value: 53.2093.
Best trial: 63. Best value: 53.2093:  73%|███████▎  | 109/150 [3:23:43<1:08:01, 99.55s/it]Best trial: 63. Best value: 53.2093:  73%|███████▎  | 109/150 [3:23:43<1:08:01, 99.55s/it]Best trial: 63. Best value: 53.2093:  73%|███████▎  | 110/150 [3:23:43<1:04:19, 96.50s/it]                                                                                          [I 2026-07-23 20:34:54,479] Trial 110 finished with value: -9999.0 and parameters: {'vwap_buy_deviation': -0.03194088373946745, 'take_profit_pct': 0.023672254201547904, 'buy_confirm_min_score': 24}. Best is trial 63 with value: 53.2093.
Best trial: 63. Best value: 53.2093:  73%|███████▎  | 110/150 [3:25:10<1:04:19, 96.50s/it]Best trial: 63. Best value: 53.2093:  73%|███████▎  | 110/150 [3:25:10<1:04:19, 96.50s/it]Best trial: 63. Best value: 53.2093:  74%|███████▍  | 111/150 [3:25:10<1:01:01, 93.89s/it]                                                                                          [I 2026-07-23 20:36:23,677] Trial 111 finished with value: 53.2093 and parameters: {'vwap_buy_deviation': -0.015415880559452791, 'take_profit_pct': 0.02478130800660415, 'buy_confirm_min_score': 26}. Best is trial 63 with value: 53.2093.
Best trial: 63. Best value: 53.2093:  74%|███████▍  | 111/150 [3:26:40<1:01:01, 93.89s/it]Best trial: 63. Best value: 53.2093:  74%|███████▍  | 111/150 [3:26:40<1:01:01, 93.89s/it]Best trial: 63. Best value: 53.2093:  75%|███████▍  | 112/150 [3:26:40<58:34, 92.48s/it]                                                                                          [I 2026-07-23 20:38:29,232] Trial 112 finished with value: 53.2093 and parameters: {'vwap_buy_deviation': -0.016293982718344254, 'take_profit_pct': 0.024964619704105885, 'buy_confirm_min_score': 26}. Best is trial 63 with value: 53.2093.
Best trial: 63. Best value: 53.2093:  75%|███████▍  | 112/150 [3:28:45<58:34, 92.48s/it]Best trial: 63. Best value: 53.2093:  75%|███████▍  | 112/150 [3:28:45<58:34, 92.48s/it]Best trial: 63. Best value: 53.2093:  75%|███████▌  | 113/150 [3:28:45<1:03:08, 102.40s/it]                                                                                           [I 2026-07-23 20:40:19,802] Trial 113 finished with value: 31.7772 and parameters: {'vwap_buy_deviation': -0.01576371898114282, 'take_profit_pct': 0.02424344780370037, 'buy_confirm_min_score': 25}. Best is trial 63 with value: 53.2093.
Best trial: 63. Best value: 53.2093:  75%|███████▌  | 113/150 [3:30:36<1:03:08, 102.40s/it]Best trial: 63. Best value: 53.2093:  75%|███████▌  | 113/150 [3:30:36<1:03:08, 102.40s/it]Best trial: 63. Best value: 53.2093:  76%|███████▌  | 114/150 [3:30:36<1:02:54, 104.85s/it]                                                                                           [I 2026-07-23 20:41:50,391] Trial 114 finished with value: 31.7772 and parameters: {'vwap_buy_deviation': -0.015046740503001805, 'take_profit_pct': 0.024557938110000756, 'buy_confirm_min_score': 27}. Best is trial 63 with value: 53.2093.
Best trial: 63. Best value: 53.2093:  76%|███████▌  | 114/150 [3:32:06<1:02:54, 104.85s/it]Best trial: 63. Best value: 53.2093:  76%|███████▌  | 114/150 [3:32:06<1:02:54, 104.85s/it]Best trial: 63. Best value: 53.2093:  77%|███████▋  | 115/150 [3:32:06<58:40, 100.57s/it]                                                                                           [I 2026-07-23 20:43:23,040] Trial 115 finished with value: 23.3691 and parameters: {'vwap_buy_deviation': -0.016814645778959303, 'take_profit_pct': 0.02342566441613827, 'buy_confirm_min_score': 26}. Best is trial 63 with value: 53.2093.
Best trial: 63. Best value: 53.2093:  77%|███████▋  | 115/150 [3:33:39<58:40, 100.57s/it]Best trial: 63. Best value: 53.2093:  77%|███████▋  | 115/150 [3:33:39<58:40, 100.57s/it]Best trial: 63. Best value: 53.2093:  77%|███████▋  | 116/150 [3:33:39<55:38, 98.20s/it]                                                                                         [I 2026-07-23 20:45:01,645] Trial 116 finished with value: 31.7772 and parameters: {'vwap_buy_deviation': -0.017396944809326114, 'take_profit_pct': 0.023944431175194354, 'buy_confirm_min_score': 25}. Best is trial 63 with value: 53.2093.
